[2025-03-10 18:58:13,332][flwr][INFO] - Starting Flower simulation, config: ServerConfig(num_rounds=20, round_timeout=None)
[2025-03-10 18:58:14,500][flwr][INFO] - Flower VCE: Ray initialized with resources: {'node:__internal_head__': 1.0, 'CPU': 8.0, 'memory': 16065735885.0, 'object_store_memory': 2147483648.0, 'node:127.0.0.1': 1.0}
[2025-03-10 18:58:14,500][flwr][INFO] - Flower VCE: Resources for each Virtual Client: {'num_cpus': 0.5, 'num_gpus': 0}
[2025-03-10 18:58:14,506][flwr][INFO] - Flower VCE: Creating VirtualClientEngineActorPool with 16 actors
[2025-03-10 18:58:14,506][flwr][INFO] - Initializing global parameters
[2025-03-10 18:58:14,506][flwr][INFO] - Requesting initial parameters from one random client
[2025-03-10 18:58:19,552][flwr][INFO] - Received initial parameters from one random client
[2025-03-10 18:58:19,552][flwr][INFO] - Evaluating initial parameters
[2025-03-10 18:58:20,684][flwr][INFO] - initial parameters (loss, other metrics): 2.3041610717773438, {'accuracy': 0.04600000008940697}
[2025-03-10 18:58:20,684][flwr][INFO] - FL starting with RPOW variant
[2025-03-10 18:58:23,434][flwr][INFO] - Server 1: about to sample 9 clients
[2025-03-10 18:58:23,435][flwr][INFO] - Round 1: selected clients
            ['0', '1', '6', '4', '3', '2', '7', '8', '5'] for fit.
[2025-03-10 18:58:23,435][flwr][DEBUG] - fit_round 1: strategy sampled 9 clients (out of 10)
[2025-03-10 18:59:11,634][flwr][DEBUG] - fit_round 1 received 9 results and 0 failures
[2025-03-10 18:59:12,681][flwr][INFO] - fit progress: (1, 3.127558469772339, {'accuracy': 0.10599999874830246}, 51.9968035829952)
[2025-03-10 18:59:12,681][flwr][DEBUG] - evaluate_round 1: strategy sampled 9 clients (out of 10)
[2025-03-10 18:59:14,496][flwr][DEBUG] - evaluate_round 1 received 9 results and 0 failures
[2025-03-10 18:59:14,496][flwr][WARNING] - No evaluate_metrics_aggregation_fn provided
[2025-03-10 18:59:17,307][flwr][INFO] - Server 2: about to sample 9 clients
[2025-03-10 18:59:17,308][flwr][INFO] - Round 2: selected clients
            ['0', '2', '5', '8', '7', '4', '6', '9', '3'] for fit.
[2025-03-10 18:59:17,308][flwr][DEBUG] - fit_round 2: strategy sampled 9 clients (out of 10)
[2025-03-10 19:00:18,701][flwr][DEBUG] - fit_round 2 received 9 results and 0 failures
[2025-03-10 19:00:19,728][flwr][INFO] - fit progress: (2, 1.4979290962219238, {'accuracy': 0.44760000705718994}, 119.04399820801336)
[2025-03-10 19:00:19,728][flwr][DEBUG] - evaluate_round 2: strategy sampled 9 clients (out of 10)
[2025-03-10 19:00:21,667][flwr][DEBUG] - evaluate_round 2 received 9 results and 0 failures
[2025-03-10 19:00:24,407][flwr][INFO] - Server 3: about to sample 9 clients
[2025-03-10 19:00:24,408][flwr][INFO] - Round 3: selected clients
            ['9', '7', '8', '6', '4', '2', '5', '3', '1'] for fit.
[2025-03-10 19:00:24,408][flwr][DEBUG] - fit_round 3: strategy sampled 9 clients (out of 10)
[2025-03-10 19:01:32,051][flwr][DEBUG] - fit_round 3 received 9 results and 0 failures
[2025-03-10 19:01:33,088][flwr][INFO] - fit progress: (3, 1.4230114221572876, {'accuracy': 0.4765999913215637}, 192.40434495802037)
[2025-03-10 19:01:33,089][flwr][DEBUG] - evaluate_round 3: strategy sampled 9 clients (out of 10)
[2025-03-10 19:01:35,063][flwr][DEBUG] - evaluate_round 3 received 9 results and 0 failures
[2025-03-10 19:01:37,843][flwr][INFO] - Server 4: about to sample 9 clients
[2025-03-10 19:01:37,844][flwr][INFO] - Round 4: selected clients
            ['0', '3', '8', '2', '9', '5', '7', '1', '4'] for fit.
[2025-03-10 19:01:37,844][flwr][DEBUG] - fit_round 4: strategy sampled 9 clients (out of 10)
[2025-03-10 19:02:42,735][flwr][DEBUG] - fit_round 4 received 9 results and 0 failures
[2025-03-10 19:02:43,773][flwr][INFO] - fit progress: (4, 1.5591686964035034, {'accuracy': 0.4083999991416931}, 263.0891088329954)
[2025-03-10 19:02:43,774][flwr][DEBUG] - evaluate_round 4: strategy sampled 9 clients (out of 10)
[2025-03-10 19:02:45,808][flwr][DEBUG] - evaluate_round 4 received 9 results and 0 failures
[2025-03-10 19:02:48,591][flwr][INFO] - Server 5: about to sample 9 clients
[2025-03-10 19:02:48,591][flwr][INFO] - Round 5: selected clients
            ['8', '4', '5', '2', '6', '9', '3', '0', '1'] for fit.
[2025-03-10 19:02:48,591][flwr][DEBUG] - fit_round 5: strategy sampled 9 clients (out of 10)
[2025-03-10 19:03:52,171][flwr][DEBUG] - fit_round 5 received 9 results and 0 failures
[2025-03-10 19:03:53,204][flwr][INFO] - fit progress: (5, 1.5638192892074585, {'accuracy': 0.4101000130176544}, 332.5198046659352)
[2025-03-10 19:03:53,204][flwr][DEBUG] - evaluate_round 5: strategy sampled 9 clients (out of 10)
[2025-03-10 19:03:55,230][flwr][DEBUG] - evaluate_round 5 received 9 results and 0 failures
[2025-03-10 19:03:57,964][flwr][INFO] - Server 6: about to sample 9 clients
[2025-03-10 19:03:57,964][flwr][INFO] - Round 6: selected clients
            ['1', '9', '3', '4', '2', '6', '5', '7', '8'] for fit.
[2025-03-10 19:03:57,964][flwr][DEBUG] - fit_round 6: strategy sampled 9 clients (out of 10)
[2025-03-10 19:05:03,916][flwr][DEBUG] - fit_round 6 received 9 results and 0 failures
[2025-03-10 19:05:04,962][flwr][INFO] - fit progress: (6, 1.3279749155044556, {'accuracy': 0.5088000297546387}, 404.2775265829405)
[2025-03-10 19:05:04,962][flwr][DEBUG] - evaluate_round 6: strategy sampled 9 clients (out of 10)
[2025-03-10 19:05:07,100][flwr][DEBUG] - evaluate_round 6 received 9 results and 0 failures
[2025-03-10 19:05:09,908][flwr][INFO] - Server 7: about to sample 9 clients
[2025-03-10 19:05:09,908][flwr][INFO] - Round 7: selected clients
            ['4', '5', '7', '3', '6', '2', '1', '9', '8'] for fit.
[2025-03-10 19:05:09,908][flwr][DEBUG] - fit_round 7: strategy sampled 9 clients (out of 10)
[2025-03-10 19:06:15,332][flwr][DEBUG] - fit_round 7 received 9 results and 0 failures
[2025-03-10 19:06:16,375][flwr][INFO] - fit progress: (7, 1.6446924209594727, {'accuracy': 0.39010000228881836}, 475.68984670797363)
[2025-03-10 19:06:16,375][flwr][DEBUG] - evaluate_round 7: strategy sampled 9 clients (out of 10)
[2025-03-10 19:06:18,381][flwr][DEBUG] - evaluate_round 7 received 9 results and 0 failures
[2025-03-10 19:06:21,184][flwr][INFO] - Server 8: about to sample 9 clients
[2025-03-10 19:06:21,184][flwr][INFO] - Round 8: selected clients
            ['7', '4', '8', '1', '9', '5', '2', '3', '6'] for fit.
[2025-03-10 19:06:21,184][flwr][DEBUG] - fit_round 8: strategy sampled 9 clients (out of 10)
[2025-03-10 19:07:30,946][flwr][DEBUG] - fit_round 8 received 9 results and 0 failures
[2025-03-10 19:07:32,006][flwr][INFO] - fit progress: (8, 1.0249074697494507, {'accuracy': 0.6263999938964844}, 551.3214762910502)
[2025-03-10 19:07:32,006][flwr][DEBUG] - evaluate_round 8: strategy sampled 9 clients (out of 10)
[2025-03-10 19:07:34,496][flwr][DEBUG] - evaluate_round 8 received 9 results and 0 failures
[2025-03-10 19:07:37,290][flwr][INFO] - Server 9: about to sample 9 clients
[2025-03-10 19:07:37,291][flwr][INFO] - Round 9: selected clients
            ['3', '9', '7', '6', '1', '2', '8', '5', '4'] for fit.
[2025-03-10 19:07:37,291][flwr][DEBUG] - fit_round 9: strategy sampled 9 clients (out of 10)
[2025-03-10 19:08:41,868][flwr][DEBUG] - fit_round 9 received 9 results and 0 failures
[2025-03-10 19:08:42,880][flwr][INFO] - fit progress: (9, 1.1040252447128296, {'accuracy': 0.5979999899864197}, 622.1949060410261)
[2025-03-10 19:08:42,880][flwr][DEBUG] - evaluate_round 9: strategy sampled 9 clients (out of 10)
[2025-03-10 19:08:44,824][flwr][DEBUG] - evaluate_round 9 received 9 results and 0 failures
[2025-03-10 19:08:47,617][flwr][INFO] - Server 10: about to sample 9 clients
[2025-03-10 19:08:47,618][flwr][INFO] - Round 10: selected clients
            ['8', '7', '3', '9', '6', '2', '5', '1', '4'] for fit.
[2025-03-10 19:08:47,618][flwr][DEBUG] - fit_round 10: strategy sampled 9 clients (out of 10)
[2025-03-10 19:09:51,862][flwr][DEBUG] - fit_round 10 received 9 results and 0 failures
[2025-03-10 19:09:52,868][flwr][INFO] - fit progress: (10, 1.0517488718032837, {'accuracy': 0.6085000038146973}, 692.1830149999587)
[2025-03-10 19:09:52,868][flwr][DEBUG] - evaluate_round 10: strategy sampled 9 clients (out of 10)
[2025-03-10 19:09:54,978][flwr][DEBUG] - evaluate_round 10 received 9 results and 0 failures
[2025-03-10 19:09:57,694][flwr][INFO] - Server 11: about to sample 9 clients
[2025-03-10 19:09:57,694][flwr][INFO] - Round 11: selected clients
            ['4', '2', '5', '8', '9', '1', '6', '7', '3'] for fit.
[2025-03-10 19:09:57,695][flwr][DEBUG] - fit_round 11: strategy sampled 9 clients (out of 10)
[2025-03-10 19:11:04,137][flwr][DEBUG] - fit_round 11 received 9 results and 0 failures
[2025-03-10 19:11:05,168][flwr][INFO] - fit progress: (11, 1.0416970252990723, {'accuracy': 0.6269000172615051}, 764.483272457961)
[2025-03-10 19:11:05,169][flwr][DEBUG] - evaluate_round 11: strategy sampled 9 clients (out of 10)
[2025-03-10 19:11:07,142][flwr][DEBUG] - evaluate_round 11 received 9 results and 0 failures
[2025-03-10 19:11:09,956][flwr][INFO] - Server 12: about to sample 9 clients
[2025-03-10 19:11:09,956][flwr][INFO] - Round 12: selected clients
            ['2', '4', '1', '9', '8', '7', '3', '0', '5'] for fit.
[2025-03-10 19:11:09,956][flwr][DEBUG] - fit_round 12: strategy sampled 9 clients (out of 10)
[2025-03-10 19:12:14,846][flwr][DEBUG] - fit_round 12 received 9 results and 0 failures
[2025-03-10 19:12:15,868][flwr][INFO] - fit progress: (12, 1.2078146934509277, {'accuracy': 0.5486000180244446}, 835.182690290967)
[2025-03-10 19:12:15,868][flwr][DEBUG] - evaluate_round 12: strategy sampled 9 clients (out of 10)
[2025-03-10 19:12:17,966][flwr][DEBUG] - evaluate_round 12 received 9 results and 0 failures
[2025-03-10 19:12:20,688][flwr][INFO] - Server 13: about to sample 9 clients
[2025-03-10 19:12:20,689][flwr][INFO] - Round 13: selected clients
            ['3', '5', '4', '1', '8', '9', '0', '2', '7'] for fit.
[2025-03-10 19:12:20,689][flwr][DEBUG] - fit_round 13: strategy sampled 9 clients (out of 10)
[2025-03-10 19:13:25,475][flwr][DEBUG] - fit_round 13 received 9 results and 0 failures
[2025-03-10 19:13:26,492][flwr][INFO] - fit progress: (13, 1.435182809829712, {'accuracy': 0.5038999915122986}, 905.8068885409739)
[2025-03-10 19:13:26,493][flwr][DEBUG] - evaluate_round 13: strategy sampled 9 clients (out of 10)
[2025-03-10 19:13:28,487][flwr][DEBUG] - evaluate_round 13 received 9 results and 0 failures
[2025-03-10 19:13:31,299][flwr][INFO] - Server 14: about to sample 9 clients
[2025-03-10 19:13:31,300][flwr][INFO] - Round 14: selected clients
            ['4', '2', '5', '1', '8', '7', '3', '0', '9'] for fit.
[2025-03-10 19:13:31,300][flwr][DEBUG] - fit_round 14: strategy sampled 9 clients (out of 10)
[2025-03-10 19:14:35,016][flwr][DEBUG] - fit_round 14 received 9 results and 0 failures
[2025-03-10 19:14:36,043][flwr][INFO] - fit progress: (14, 0.9252513647079468, {'accuracy': 0.6664000153541565}, 975.3576254580403)
[2025-03-10 19:14:36,043][flwr][DEBUG] - evaluate_round 14: strategy sampled 9 clients (out of 10)
[2025-03-10 19:14:38,209][flwr][DEBUG] - evaluate_round 14 received 9 results and 0 failures
[2025-03-10 19:14:40,942][flwr][INFO] - Server 15: about to sample 9 clients
[2025-03-10 19:14:40,942][flwr][INFO] - Round 15: selected clients
            ['3', '1', '7', '8', '9', '2', '5', '6', '4'] for fit.
[2025-03-10 19:14:40,942][flwr][DEBUG] - fit_round 15: strategy sampled 9 clients (out of 10)
[2025-03-10 19:15:44,516][flwr][DEBUG] - fit_round 15 received 9 results and 0 failures
[2025-03-10 19:15:45,547][flwr][INFO] - fit progress: (15, 0.9259787201881409, {'accuracy': 0.6607999801635742}, 1044.8617136660032)
[2025-03-10 19:15:45,548][flwr][DEBUG] - evaluate_round 15: strategy sampled 9 clients (out of 10)
[2025-03-10 19:15:47,637][flwr][DEBUG] - evaluate_round 15 received 9 results and 0 failures
[2025-03-10 19:15:50,370][flwr][INFO] - Server 16: about to sample 9 clients
[2025-03-10 19:15:50,370][flwr][INFO] - Round 16: selected clients
            ['4', '8', '0', '7', '5', '9', '3', '1', '2'] for fit.
[2025-03-10 19:15:50,370][flwr][DEBUG] - fit_round 16: strategy sampled 9 clients (out of 10)
[2025-03-10 19:16:57,615][flwr][DEBUG] - fit_round 16 received 9 results and 0 failures
[2025-03-10 19:16:58,639][flwr][INFO] - fit progress: (16, 0.9622646570205688, {'accuracy': 0.6504999995231628}, 1117.9531089159427)
[2025-03-10 19:16:58,639][flwr][DEBUG] - evaluate_round 16: strategy sampled 9 clients (out of 10)
[2025-03-10 19:17:00,649][flwr][DEBUG] - evaluate_round 16 received 9 results and 0 failures
[2025-03-10 19:17:03,452][flwr][INFO] - Server 17: about to sample 9 clients
[2025-03-10 19:17:03,453][flwr][INFO] - Round 17: selected clients
            ['7', '8', '9', '0', '1', '2', '5', '3', '4'] for fit.
[2025-03-10 19:17:03,453][flwr][DEBUG] - fit_round 17: strategy sampled 9 clients (out of 10)
[2025-03-10 19:18:13,148][flwr][DEBUG] - fit_round 17 received 9 results and 0 failures
[2025-03-10 19:18:14,207][flwr][INFO] - fit progress: (17, 1.0463080406188965, {'accuracy': 0.6294000148773193}, 1193.5214168749517)
[2025-03-10 19:18:14,208][flwr][DEBUG] - evaluate_round 17: strategy sampled 9 clients (out of 10)
[2025-03-10 19:18:16,273][flwr][DEBUG] - evaluate_round 17 received 9 results and 0 failures
[2025-03-10 19:18:19,088][flwr][INFO] - Server 18: about to sample 9 clients
[2025-03-10 19:18:19,088][flwr][INFO] - Round 18: selected clients
            ['4', '7', '3', '1', '2', '9', '0', '8', '5'] for fit.
[2025-03-10 19:18:19,088][flwr][DEBUG] - fit_round 18: strategy sampled 9 clients (out of 10)
[2025-03-10 19:19:28,979][flwr][DEBUG] - fit_round 18 received 9 results and 0 failures
[2025-03-10 19:19:30,038][flwr][INFO] - fit progress: (18, 0.9064881801605225, {'accuracy': 0.6715999841690063}, 1269.351466291002)
[2025-03-10 19:19:30,038][flwr][DEBUG] - evaluate_round 18: strategy sampled 9 clients (out of 10)
[2025-03-10 19:19:32,109][flwr][DEBUG] - evaluate_round 18 received 9 results and 0 failures
[2025-03-10 19:19:34,898][flwr][INFO] - Server 19: about to sample 9 clients
[2025-03-10 19:19:34,898][flwr][INFO] - Round 19: selected clients
            ['2', '5', '1', '0', '3', '9', '8', '7', '4'] for fit.
[2025-03-10 19:19:34,898][flwr][DEBUG] - fit_round 19: strategy sampled 9 clients (out of 10)
[2025-03-10 19:20:43,530][flwr][DEBUG] - fit_round 19 received 9 results and 0 failures
[2025-03-10 19:20:44,582][flwr][INFO] - fit progress: (19, 0.9079115986824036, {'accuracy': 0.6638000011444092}, 1343.8961937499698)
[2025-03-10 19:20:44,583][flwr][DEBUG] - evaluate_round 19: strategy sampled 9 clients (out of 10)
[2025-03-10 19:20:46,667][flwr][DEBUG] - evaluate_round 19 received 9 results and 0 failures
[2025-03-10 19:20:49,431][flwr][INFO] - Server 20: about to sample 9 clients
[2025-03-10 19:20:49,432][flwr][INFO] - Round 20: selected clients
            ['7', '1', '0', '5', '8', '3', '4', '2', '9'] for fit.
[2025-03-10 19:20:49,432][flwr][DEBUG] - fit_round 20: strategy sampled 9 clients (out of 10)
[2025-03-10 19:22:00,890][flwr][DEBUG] - fit_round 20 received 9 results and 0 failures
[2025-03-10 19:22:01,949][flwr][INFO] - fit progress: (20, 1.1170974969863892, {'accuracy': 0.599399983882904}, 1421.2627428750275)
[2025-03-10 19:22:01,949][flwr][DEBUG] - evaluate_round 20: strategy sampled 9 clients (out of 10)
[2025-03-10 19:22:03,990][flwr][DEBUG] - evaluate_round 20 received 9 results and 0 failures
[2025-03-10 19:22:03,991][flwr][INFO] - FL finished in 1423.3041033330373
[2025-03-10 19:22:03,991][flwr][INFO] - app_fit: losses_distributed [(1, 3.4063685254083165), (2, 1.6979999731817221), (3, 1.5954855238614394), (4, 1.6968111588948243), (5, 1.4602209954973389), (6, 1.4312772928643636), (7, 1.6880884392649496), (8, 1.1606343493181341), (9, 1.314049768047493), (10, 1.253783179397156), (11, 1.1869296432494736), (12, 1.3261806593449248), (13, 1.5963474386541376), (14, 1.0067735652852927), (15, 1.0794167396832541), (16, 1.1676109239345653), (17, 1.2392774331221161), (18, 1.0608164063682066), (19, 1.0886024197531452), (20, 1.378418119993504)]
[2025-03-10 19:22:03,991][flwr][INFO] - app_fit: metrics_distributed_fit {'variance_training_loss': [(1, 0.0824926360271056), (2, 0.1026040723326132), (3, 0.03715400432718163), (4, 0.03839763112164016), (5, 0.03754622058658528), (6, 0.033451985253707996), (7, 0.03029810580789846), (8, 0.03154422532216946), (9, 0.023752109963542663), (10, 0.029139437217577488), (11, 0.023052691570459107), (12, 0.022571571332182967), (13, 0.01850843687727536), (14, 0.018528354275649837), (15, 0.01974667748076622), (16, 0.018959617834195572), (17, 0.0182277988255384), (18, 0.016337563327207743), (19, 0.03209334586077656), (20, 0.014553959365013074)], 'average_training_loss': [(1, 1.3345430956946478), (2, 1.0651127762264676), (3, 0.865295516120063), (4, 0.8376183244917128), (5, 0.8207437660959032), (6, 0.7703260878721873), (7, 0.7394194536738925), (8, 0.727841873963674), (9, 0.693639725446701), (10, 0.6895769867632124), (11, 0.6858226325776842), (12, 0.6599041124184927), (13, 0.6494612230194939), (14, 0.6379885441727109), (15, 0.6409863664044274), (16, 0.6164772477414873), (17, 0.6254874269167582), (18, 0.6206625699996948), (19, 0.6385360062122345), (20, 0.6179602841536204)], 'estimated_times': [(1, [17.800640940521795, 5.134086199032965, 225.54087946572506, 13.717185974416047, 55.30936833473024, 1.2895297969226678, 6.622071641788055, 18.22659765638925, 0.42324986622023664]), (2, [13.717185974416047, 1.2895297969226678, 6.622071641788055, 242.93721239444176, 0.42324986622023664, 5.134086199032965, 17.800640940521795, 18.22659765638925, 225.54087946572506]), (3, [18.22659765638925, 13.717185974416047, 6.622071641788055, 55.30936833473024, 17.800640940521795, 242.93721239444176, 225.54087946572506, 1.2895297969226678, 5.134086199032965]), (4, [55.30936833473024, 5.134086199032965, 0.42324986622023664, 13.717185974416047, 17.800640940521795, 225.54087946572506, 18.22659765638925, 242.93721239444176, 6.622071641788055]), (5, [17.800640940521795, 5.134086199032965, 55.30936833473024, 225.54087946572506, 0.42324986622023664, 18.22659765638925, 1.2895297969226678, 6.622071641788055, 242.93721239444176]), (6, [6.622071641788055, 5.134086199032965, 225.54087946572506, 242.93721239444176, 17.800640940521795, 55.30936833473024, 1.2895297969226678, 18.22659765638925, 13.717185974416047]), (7, [18.22659765638925, 6.622071641788055, 1.2895297969226678, 5.134086199032965, 242.93721239444176, 13.717185974416047, 225.54087946572506, 17.800640940521795, 55.30936833473024]), (8, [225.54087946572506, 242.93721239444176, 18.22659765638925, 13.717185974416047, 6.622071641788055, 1.2895297969226678, 5.134086199032965, 17.800640940521795, 55.30936833473024]), (9, [55.30936833473024, 17.800640940521795, 5.134086199032965, 242.93721239444176, 6.622071641788055, 18.22659765638925, 1.2895297969226678, 225.54087946572506, 13.717185974416047]), (10, [6.622071641788055, 242.93721239444176, 13.717185974416047, 225.54087946572506, 17.800640940521795, 55.30936833473024, 1.2895297969226678, 18.22659765638925, 5.134086199032965]), (11, [6.622071641788055, 13.717185974416047, 18.22659765638925, 242.93721239444176, 55.30936833473024, 17.800640940521795, 225.54087946572506, 1.2895297969226678, 5.134086199032965]), (12, [225.54087946572506, 18.22659765638925, 55.30936833473024, 5.134086199032965, 13.717185974416047, 0.42324986622023664, 242.93721239444176, 6.622071641788055, 17.800640940521795]), (13, [18.22659765638925, 6.622071641788055, 17.800640940521795, 225.54087946572506, 55.30936833473024, 5.134086199032965, 13.717185974416047, 242.93721239444176, 0.42324986622023664]), (14, [242.93721239444176, 18.22659765638925, 13.717185974416047, 55.30936833473024, 5.134086199032965, 17.800640940521795, 225.54087946572506, 0.42324986622023664, 6.622071641788055]), (15, [242.93721239444176, 6.622071641788055, 13.717185974416047, 1.2895297969226678, 18.22659765638925, 5.134086199032965, 17.800640940521795, 55.30936833473024, 225.54087946572506]), (16, [225.54087946572506, 5.134086199032965, 13.717185974416047, 242.93721239444176, 18.22659765638925, 6.622071641788055, 55.30936833473024, 0.42324986622023664, 17.800640940521795]), (17, [18.22659765638925, 55.30936833473024, 242.93721239444176, 6.622071641788055, 225.54087946572506, 5.134086199032965, 13.717185974416047, 0.42324986622023664, 17.800640940521795]), (18, [242.93721239444176, 13.717185974416047, 55.30936833473024, 225.54087946572506, 17.800640940521795, 6.622071641788055, 0.42324986622023664, 5.134086199032965, 18.22659765638925]), (19, [242.93721239444176, 17.800640940521795, 225.54087946572506, 6.622071641788055, 18.22659765638925, 0.42324986622023664, 13.717185974416047, 55.30936833473024, 5.134086199032965]), (20, [17.800640940521795, 5.134086199032965, 0.42324986622023664, 242.93721239444176, 225.54087946572506, 6.622071641788055, 13.717185974416047, 55.30936833473024, 18.22659765638925])]}
[2025-03-10 19:22:03,992][flwr][INFO] - app_fit: metrics_distributed {}
[2025-03-10 19:22:03,993][flwr][INFO] - app_fit: losses_centralized [(0, 2.3041610717773438), (1, 3.127558469772339), (2, 1.4979290962219238), (3, 1.4230114221572876), (4, 1.5591686964035034), (5, 1.5638192892074585), (6, 1.3279749155044556), (7, 1.6446924209594727), (8, 1.0249074697494507), (9, 1.1040252447128296), (10, 1.0517488718032837), (11, 1.0416970252990723), (12, 1.2078146934509277), (13, 1.435182809829712), (14, 0.9252513647079468), (15, 0.9259787201881409), (16, 0.9622646570205688), (17, 1.0463080406188965), (18, 0.9064881801605225), (19, 0.9079115986824036), (20, 1.1170974969863892)]
[2025-03-10 19:22:03,993][flwr][INFO] - app_fit: metrics_centralized {'accuracy': [(0, 0.04600000008940697), (1, 0.10599999874830246), (2, 0.44760000705718994), (3, 0.4765999913215637), (4, 0.4083999991416931), (5, 0.4101000130176544), (6, 0.5088000297546387), (7, 0.39010000228881836), (8, 0.6263999938964844), (9, 0.5979999899864197), (10, 0.6085000038146973), (11, 0.6269000172615051), (12, 0.5486000180244446), (13, 0.5038999915122986), (14, 0.6664000153541565), (15, 0.6607999801635742), (16, 0.6504999995231628), (17, 0.6294000148773193), (18, 0.6715999841690063), (19, 0.6638000011444092), (20, 0.599399983882904)]}
