[2025-03-09 20:50:42,084][flwr][INFO] - Starting Flower simulation, config: ServerConfig(num_rounds=20, round_timeout=None)
[2025-03-09 20:50:43,282][flwr][INFO] - Flower VCE: Ray initialized with resources: {'memory': 15808764314.0, 'CPU': 8.0, 'node:127.0.0.1': 1.0, 'node:__internal_head__': 1.0, 'object_store_memory': 2147483648.0}
[2025-03-09 20:50:43,282][flwr][INFO] - Flower VCE: Resources for each Virtual Client: {'num_cpus': 0.5, 'num_gpus': 0}
[2025-03-09 20:50:43,291][flwr][INFO] - Flower VCE: Creating VirtualClientEngineActorPool with 16 actors
[2025-03-09 20:50:43,291][flwr][INFO] - Initializing global parameters
[2025-03-09 20:50:43,291][flwr][INFO] - Requesting initial parameters from one random client
[2025-03-09 20:50:49,128][flwr][INFO] - Received initial parameters from one random client
[2025-03-09 20:50:49,128][flwr][INFO] - Evaluating initial parameters
[2025-03-09 20:50:50,514][flwr][INFO] - initial parameters (loss, other metrics): 2.3028383255004883, {'accuracy': 0.10000000149011612}
[2025-03-09 20:50:50,514][flwr][INFO] - FL starting
[2025-03-09 20:50:53,311][flwr][INFO] - Server 1: selected clients
                ['7', '6', '0', '1', '4', '9', '3', '8', '2', '5'] for first phase evaluation.
[2025-03-09 20:50:53,311][flwr][DEBUG] - evaluate_first_phase 1: strategy sampled 10 clients (out of 10)
[2025-03-09 20:50:59,530][flwr][DEBUG] - evaluate_first_phase of round 1 received 10 results and 0 failures
[2025-03-09 20:50:59,530][flwr][INFO] - Server 1: about to sample 9 clients
[2025-03-09 20:50:59,530][flwr][INFO] - Round 1: selected clients
            ['9', '8', '1', '7', '4', '6', '3', '5', '2'] for fit.
[2025-03-09 20:51:02,000][flwr][DEBUG] - fit_round 1: strategy sampled 9 clients (out of 10)
[2025-03-09 20:51:32,610][flwr][DEBUG] - fit_round 1 received 9 results and 0 failures
[2025-03-09 20:51:33,641][flwr][INFO] - fit progress: (1, 2.5250072479248047, {'accuracy': 0.11800000071525574}, 43.12645487498958)
[2025-03-09 20:51:33,641][flwr][DEBUG] - evaluate_round 1: strategy sampled 9 clients (out of 10)
[2025-03-09 20:51:35,349][flwr][DEBUG] - evaluate_round 1 received 9 results and 0 failures
[2025-03-09 20:51:35,349][flwr][WARNING] - No evaluate_metrics_aggregation_fn provided
[2025-03-09 20:51:38,095][flwr][INFO] - Server 2: selected clients
                ['3', '9', '7', '0', '4', '2', '1', '8', '5', '6'] for first phase evaluation.
[2025-03-09 20:51:38,095][flwr][DEBUG] - evaluate_first_phase 2: strategy sampled 10 clients (out of 10)
[2025-03-09 20:51:43,700][flwr][DEBUG] - evaluate_first_phase of round 2 received 10 results and 0 failures
[2025-03-09 20:51:43,701][flwr][INFO] - Server 2: about to sample 9 clients
[2025-03-09 20:51:43,701][flwr][INFO] - Round 2: selected clients
            ['7', '3', '8', '5', '0', '1', '4', '6', '2'] for fit.
[2025-03-09 20:51:46,226][flwr][DEBUG] - fit_round 2: strategy sampled 9 clients (out of 10)
[2025-03-09 20:52:15,372][flwr][DEBUG] - fit_round 2 received 9 results and 0 failures
[2025-03-09 20:52:16,389][flwr][INFO] - fit progress: (2, 2.069711446762085, {'accuracy': 0.22010000050067902}, 85.87435254198499)
[2025-03-09 20:52:16,389][flwr][DEBUG] - evaluate_round 2: strategy sampled 9 clients (out of 10)
[2025-03-09 20:52:17,965][flwr][DEBUG] - evaluate_round 2 received 9 results and 0 failures
[2025-03-09 20:52:20,828][flwr][INFO] - Server 3: selected clients
                ['4', '5', '9', '0', '2', '1', '6', '7', '3', '8'] for first phase evaluation.
[2025-03-09 20:52:20,828][flwr][DEBUG] - evaluate_first_phase 3: strategy sampled 10 clients (out of 10)
[2025-03-09 20:52:26,938][flwr][DEBUG] - evaluate_first_phase of round 3 received 10 results and 0 failures
[2025-03-09 20:52:26,939][flwr][INFO] - Server 3: about to sample 9 clients
[2025-03-09 20:52:26,939][flwr][INFO] - Round 3: selected clients
            ['7', '5', '6', '0', '8', '1', '2', '4', '3'] for fit.
[2025-03-09 20:52:29,390][flwr][DEBUG] - fit_round 3: strategy sampled 9 clients (out of 10)
[2025-03-09 20:52:58,888][flwr][DEBUG] - fit_round 3 received 9 results and 0 failures
[2025-03-09 20:52:59,917][flwr][INFO] - fit progress: (3, 1.7212088108062744, {'accuracy': 0.37720000743865967}, 129.40226241701748)
[2025-03-09 20:52:59,917][flwr][DEBUG] - evaluate_round 3: strategy sampled 9 clients (out of 10)
[2025-03-09 20:53:01,648][flwr][DEBUG] - evaluate_round 3 received 9 results and 0 failures
[2025-03-09 20:53:04,449][flwr][INFO] - Server 4: selected clients
                ['8', '0', '7', '9', '3', '2', '1', '5', '4', '6'] for first phase evaluation.
[2025-03-09 20:53:04,449][flwr][DEBUG] - evaluate_first_phase 4: strategy sampled 10 clients (out of 10)
[2025-03-09 20:53:10,009][flwr][DEBUG] - evaluate_first_phase of round 4 received 10 results and 0 failures
[2025-03-09 20:53:10,010][flwr][INFO] - Server 4: about to sample 9 clients
[2025-03-09 20:53:10,010][flwr][INFO] - Round 4: selected clients
            ['1', '6', '0', '3', '7', '5', '8', '4', '2'] for fit.
[2025-03-09 20:53:12,456][flwr][DEBUG] - fit_round 4: strategy sampled 9 clients (out of 10)
[2025-03-09 20:53:41,696][flwr][DEBUG] - fit_round 4 received 9 results and 0 failures
[2025-03-09 20:53:42,715][flwr][INFO] - fit progress: (4, 1.6618767976760864, {'accuracy': 0.37790000438690186}, 172.2000572499819)
[2025-03-09 20:53:42,715][flwr][DEBUG] - evaluate_round 4: strategy sampled 9 clients (out of 10)
[2025-03-09 20:53:44,322][flwr][DEBUG] - evaluate_round 4 received 9 results and 0 failures
[2025-03-09 20:53:47,102][flwr][INFO] - Server 5: selected clients
                ['1', '8', '6', '7', '5', '3', '4', '2', '9', '0'] for first phase evaluation.
[2025-03-09 20:53:47,102][flwr][DEBUG] - evaluate_first_phase 5: strategy sampled 10 clients (out of 10)
[2025-03-09 20:53:52,643][flwr][DEBUG] - evaluate_first_phase of round 5 received 10 results and 0 failures
[2025-03-09 20:53:52,644][flwr][INFO] - Server 5: about to sample 9 clients
[2025-03-09 20:53:52,644][flwr][INFO] - Round 5: selected clients
            ['0', '8', '5', '2', '1', '4', '6', '7', '3'] for fit.
[2025-03-09 20:53:55,103][flwr][DEBUG] - fit_round 5: strategy sampled 9 clients (out of 10)
[2025-03-09 20:54:24,279][flwr][DEBUG] - fit_round 5 received 9 results and 0 failures
[2025-03-09 20:54:25,281][flwr][INFO] - fit progress: (5, 1.7109075784683228, {'accuracy': 0.3822000026702881}, 214.76625612500357)
[2025-03-09 20:54:25,282][flwr][DEBUG] - evaluate_round 5: strategy sampled 9 clients (out of 10)
[2025-03-09 20:54:26,994][flwr][DEBUG] - evaluate_round 5 received 9 results and 0 failures
[2025-03-09 20:54:29,723][flwr][INFO] - Server 6: selected clients
                ['3', '1', '4', '6', '2', '5', '9', '7', '8', '0'] for first phase evaluation.
[2025-03-09 20:54:29,723][flwr][DEBUG] - evaluate_first_phase 6: strategy sampled 10 clients (out of 10)
[2025-03-09 20:54:35,311][flwr][DEBUG] - evaluate_first_phase of round 6 received 10 results and 0 failures
[2025-03-09 20:54:35,312][flwr][INFO] - Server 6: about to sample 9 clients
[2025-03-09 20:54:35,312][flwr][INFO] - Round 6: selected clients
            ['3', '1', '6', '5', '4', '8', '0', '2', '9'] for fit.
[2025-03-09 20:54:37,735][flwr][DEBUG] - fit_round 6: strategy sampled 9 clients (out of 10)
[2025-03-09 20:55:09,146][flwr][DEBUG] - fit_round 6 received 9 results and 0 failures
[2025-03-09 20:55:10,163][flwr][INFO] - fit progress: (6, 1.5923550128936768, {'accuracy': 0.414900004863739}, 259.64794954197714)
[2025-03-09 20:55:10,163][flwr][DEBUG] - evaluate_round 6: strategy sampled 9 clients (out of 10)
[2025-03-09 20:55:11,792][flwr][DEBUG] - evaluate_round 6 received 9 results and 0 failures
[2025-03-09 20:55:14,510][flwr][INFO] - Server 7: selected clients
                ['3', '0', '1', '6', '5', '7', '2', '4', '8', '9'] for first phase evaluation.
[2025-03-09 20:55:14,510][flwr][DEBUG] - evaluate_first_phase 7: strategy sampled 10 clients (out of 10)
[2025-03-09 20:55:21,341][flwr][DEBUG] - evaluate_first_phase of round 7 received 10 results and 0 failures
[2025-03-09 20:55:21,342][flwr][INFO] - Server 7: about to sample 9 clients
[2025-03-09 20:55:21,343][flwr][INFO] - Round 7: selected clients
            ['5', '4', '7', '2', '1', '3', '0', '6', '8'] for fit.
[2025-03-09 20:55:23,797][flwr][DEBUG] - fit_round 7: strategy sampled 9 clients (out of 10)
[2025-03-09 20:55:53,079][flwr][DEBUG] - fit_round 7 received 9 results and 0 failures
[2025-03-09 20:55:54,083][flwr][INFO] - fit progress: (7, 1.5871304273605347, {'accuracy': 0.41940000653266907}, 303.56768420897424)
[2025-03-09 20:55:54,083][flwr][DEBUG] - evaluate_round 7: strategy sampled 9 clients (out of 10)
[2025-03-09 20:55:55,739][flwr][DEBUG] - evaluate_round 7 received 9 results and 0 failures
[2025-03-09 20:55:58,545][flwr][INFO] - Server 8: selected clients
                ['6', '0', '8', '9', '5', '1', '2', '4', '7', '3'] for first phase evaluation.
[2025-03-09 20:55:58,545][flwr][DEBUG] - evaluate_first_phase 8: strategy sampled 10 clients (out of 10)
[2025-03-09 20:56:04,403][flwr][DEBUG] - evaluate_first_phase of round 8 received 10 results and 0 failures
[2025-03-09 20:56:04,404][flwr][INFO] - Server 8: about to sample 9 clients
[2025-03-09 20:56:04,404][flwr][INFO] - Round 8: selected clients
            ['8', '1', '6', '0', '4', '2', '7', '3', '5'] for fit.
[2025-03-09 20:56:06,862][flwr][DEBUG] - fit_round 8: strategy sampled 9 clients (out of 10)
[2025-03-09 20:56:36,251][flwr][DEBUG] - fit_round 8 received 9 results and 0 failures
[2025-03-09 20:56:37,261][flwr][INFO] - fit progress: (8, 1.666564702987671, {'accuracy': 0.38420000672340393}, 346.7455563339754)
[2025-03-09 20:56:37,261][flwr][DEBUG] - evaluate_round 8: strategy sampled 9 clients (out of 10)
[2025-03-09 20:56:38,944][flwr][DEBUG] - evaluate_round 8 received 9 results and 0 failures
[2025-03-09 20:56:41,746][flwr][INFO] - Server 9: selected clients
                ['6', '3', '5', '2', '9', '4', '7', '1', '0', '8'] for first phase evaluation.
[2025-03-09 20:56:41,746][flwr][DEBUG] - evaluate_first_phase 9: strategy sampled 10 clients (out of 10)
[2025-03-09 20:56:47,354][flwr][DEBUG] - evaluate_first_phase of round 9 received 10 results and 0 failures
[2025-03-09 20:56:47,354][flwr][INFO] - Server 9: about to sample 9 clients
[2025-03-09 20:56:47,354][flwr][INFO] - Round 9: selected clients
            ['3', '5', '0', '4', '2', '6', '7', '8', '1'] for fit.
[2025-03-09 20:56:49,817][flwr][DEBUG] - fit_round 9: strategy sampled 9 clients (out of 10)
[2025-03-09 20:57:19,191][flwr][DEBUG] - fit_round 9 received 9 results and 0 failures
[2025-03-09 20:57:20,210][flwr][INFO] - fit progress: (9, 1.495131492614746, {'accuracy': 0.4611999988555908}, 389.6940560839721)
[2025-03-09 20:57:20,210][flwr][DEBUG] - evaluate_round 9: strategy sampled 9 clients (out of 10)
[2025-03-09 20:57:21,858][flwr][DEBUG] - evaluate_round 9 received 9 results and 0 failures
[2025-03-09 20:57:24,593][flwr][INFO] - Server 10: selected clients
                ['0', '1', '5', '8', '4', '2', '6', '7', '9', '3'] for first phase evaluation.
[2025-03-09 20:57:24,593][flwr][DEBUG] - evaluate_first_phase 10: strategy sampled 10 clients (out of 10)
[2025-03-09 20:57:31,182][flwr][DEBUG] - evaluate_first_phase of round 10 received 10 results and 0 failures
[2025-03-09 20:57:31,183][flwr][INFO] - Server 10: about to sample 9 clients
[2025-03-09 20:57:31,183][flwr][INFO] - Round 10: selected clients
            ['8', '2', '4', '3', '5', '7', '1', '6', '0'] for fit.
[2025-03-09 20:57:33,728][flwr][DEBUG] - fit_round 10: strategy sampled 9 clients (out of 10)
[2025-03-09 20:58:03,271][flwr][DEBUG] - fit_round 10 received 9 results and 0 failures
[2025-03-09 20:58:04,294][flwr][INFO] - fit progress: (10, 1.43500554561615, {'accuracy': 0.484499990940094}, 433.7782538749743)
[2025-03-09 20:58:04,294][flwr][DEBUG] - evaluate_round 10: strategy sampled 9 clients (out of 10)
[2025-03-09 20:58:05,869][flwr][DEBUG] - evaluate_round 10 received 9 results and 0 failures
[2025-03-09 20:58:08,665][flwr][INFO] - Server 11: selected clients
                ['4', '3', '8', '9', '1', '6', '0', '7', '5', '2'] for first phase evaluation.
[2025-03-09 20:58:08,666][flwr][DEBUG] - evaluate_first_phase 11: strategy sampled 10 clients (out of 10)
[2025-03-09 20:58:14,482][flwr][DEBUG] - evaluate_first_phase of round 11 received 10 results and 0 failures
[2025-03-09 20:58:14,483][flwr][INFO] - Server 11: about to sample 9 clients
[2025-03-09 20:58:14,483][flwr][INFO] - Round 11: selected clients
            ['5', '8', '3', '2', '0', '1', '6', '7', '4'] for fit.
[2025-03-09 20:58:16,937][flwr][DEBUG] - fit_round 11: strategy sampled 9 clients (out of 10)
[2025-03-09 20:58:46,735][flwr][DEBUG] - fit_round 11 received 9 results and 0 failures
[2025-03-09 20:58:47,796][flwr][INFO] - fit progress: (11, 1.4941344261169434, {'accuracy': 0.45840001106262207}, 477.2803642919753)
[2025-03-09 20:58:47,797][flwr][DEBUG] - evaluate_round 11: strategy sampled 9 clients (out of 10)
[2025-03-09 20:58:49,354][flwr][DEBUG] - evaluate_round 11 received 9 results and 0 failures
[2025-03-09 20:58:52,132][flwr][INFO] - Server 12: selected clients
                ['8', '7', '5', '3', '4', '1', '2', '0', '9', '6'] for first phase evaluation.
[2025-03-09 20:58:52,132][flwr][DEBUG] - evaluate_first_phase 12: strategy sampled 10 clients (out of 10)
[2025-03-09 20:58:59,425][flwr][DEBUG] - evaluate_first_phase of round 12 received 10 results and 0 failures
[2025-03-09 20:58:59,426][flwr][INFO] - Server 12: about to sample 9 clients
[2025-03-09 20:58:59,426][flwr][INFO] - Round 12: selected clients
            ['4', '8', '3', '7', '6', '0', '5', '2', '1'] for fit.
[2025-03-09 20:59:01,912][flwr][DEBUG] - fit_round 12: strategy sampled 9 clients (out of 10)
[2025-03-09 20:59:44,781][flwr][DEBUG] - fit_round 12 received 9 results and 0 failures
[2025-03-09 20:59:45,914][flwr][INFO] - fit progress: (12, 1.4387768507003784, {'accuracy': 0.47350001335144043}, 535.3979482089635)
[2025-03-09 20:59:45,914][flwr][DEBUG] - evaluate_round 12: strategy sampled 9 clients (out of 10)
[2025-03-09 20:59:47,581][flwr][DEBUG] - evaluate_round 12 received 9 results and 0 failures
[2025-03-09 20:59:50,439][flwr][INFO] - Server 13: selected clients
                ['5', '2', '3', '4', '6', '0', '7', '9', '8', '1'] for first phase evaluation.
[2025-03-09 20:59:50,439][flwr][DEBUG] - evaluate_first_phase 13: strategy sampled 10 clients (out of 10)
[2025-03-09 20:59:56,404][flwr][DEBUG] - evaluate_first_phase of round 13 received 10 results and 0 failures
[2025-03-09 20:59:56,404][flwr][INFO] - Server 13: about to sample 9 clients
[2025-03-09 20:59:56,404][flwr][INFO] - Round 13: selected clients
            ['7', '8', '5', '4', '2', '0', '1', '6', '3'] for fit.
[2025-03-09 20:59:58,868][flwr][DEBUG] - fit_round 13: strategy sampled 9 clients (out of 10)
[2025-03-09 21:00:28,542][flwr][DEBUG] - fit_round 13 received 9 results and 0 failures
[2025-03-09 21:00:29,592][flwr][INFO] - fit progress: (13, 1.4701417684555054, {'accuracy': 0.46140000224113464}, 579.07564795902)
[2025-03-09 21:00:29,592][flwr][DEBUG] - evaluate_round 13: strategy sampled 9 clients (out of 10)
[2025-03-09 21:00:31,194][flwr][DEBUG] - evaluate_round 13 received 9 results and 0 failures
[2025-03-09 21:00:34,015][flwr][INFO] - Server 14: selected clients
                ['7', '3', '4', '1', '0', '5', '6', '2', '8', '9'] for first phase evaluation.
[2025-03-09 21:00:34,015][flwr][DEBUG] - evaluate_first_phase 14: strategy sampled 10 clients (out of 10)
[2025-03-09 21:00:40,746][flwr][DEBUG] - evaluate_first_phase of round 14 received 10 results and 0 failures
[2025-03-09 21:00:40,747][flwr][INFO] - Server 14: about to sample 9 clients
[2025-03-09 21:00:40,747][flwr][INFO] - Round 14: selected clients
            ['0', '6', '5', '2', '1', '3', '4', '9', '8'] for fit.
[2025-03-09 21:00:43,220][flwr][DEBUG] - fit_round 14: strategy sampled 9 clients (out of 10)
[2025-03-09 21:01:13,937][flwr][DEBUG] - fit_round 14 received 9 results and 0 failures
[2025-03-09 21:01:14,951][flwr][INFO] - fit progress: (14, 1.36733877658844, {'accuracy': 0.5085999965667725}, 624.434017541993)
[2025-03-09 21:01:14,951][flwr][DEBUG] - evaluate_round 14: strategy sampled 9 clients (out of 10)
[2025-03-09 21:01:16,524][flwr][DEBUG] - evaluate_round 14 received 9 results and 0 failures
[2025-03-09 21:01:19,388][flwr][INFO] - Server 15: selected clients
                ['3', '8', '1', '9', '0', '7', '6', '4', '5', '2'] for first phase evaluation.
[2025-03-09 21:01:19,388][flwr][DEBUG] - evaluate_first_phase 15: strategy sampled 10 clients (out of 10)
[2025-03-09 21:01:25,184][flwr][DEBUG] - evaluate_first_phase of round 15 received 10 results and 0 failures
[2025-03-09 21:01:25,184][flwr][INFO] - Server 15: about to sample 9 clients
[2025-03-09 21:01:25,184][flwr][INFO] - Round 15: selected clients
            ['7', '0', '6', '2', '5', '4', '3', '1', '8'] for fit.
[2025-03-09 21:01:27,677][flwr][DEBUG] - fit_round 15: strategy sampled 9 clients (out of 10)
[2025-03-09 21:01:57,354][flwr][DEBUG] - fit_round 15 received 9 results and 0 failures
[2025-03-09 21:01:58,396][flwr][INFO] - fit progress: (15, 1.3051517009735107, {'accuracy': 0.5293999910354614}, 667.8794402090134)
[2025-03-09 21:01:58,396][flwr][DEBUG] - evaluate_round 15: strategy sampled 9 clients (out of 10)
[2025-03-09 21:01:59,997][flwr][DEBUG] - evaluate_round 15 received 9 results and 0 failures
[2025-03-09 21:02:02,780][flwr][INFO] - Server 16: selected clients
                ['9', '3', '8', '4', '2', '7', '1', '0', '6', '5'] for first phase evaluation.
[2025-03-09 21:02:02,780][flwr][DEBUG] - evaluate_first_phase 16: strategy sampled 10 clients (out of 10)
[2025-03-09 21:02:08,613][flwr][DEBUG] - evaluate_first_phase of round 16 received 10 results and 0 failures
[2025-03-09 21:02:08,613][flwr][INFO] - Server 16: about to sample 9 clients
[2025-03-09 21:02:08,613][flwr][INFO] - Round 16: selected clients
            ['2', '5', '6', '4', '0', '8', '1', '3', '7'] for fit.
[2025-03-09 21:02:11,061][flwr][DEBUG] - fit_round 16: strategy sampled 9 clients (out of 10)
[2025-03-09 21:02:40,922][flwr][DEBUG] - fit_round 16 received 9 results and 0 failures
[2025-03-09 21:02:42,008][flwr][INFO] - fit progress: (16, 1.3195858001708984, {'accuracy': 0.522599995136261}, 711.4907762919902)
[2025-03-09 21:02:42,008][flwr][DEBUG] - evaluate_round 16: strategy sampled 9 clients (out of 10)
[2025-03-09 21:02:43,629][flwr][DEBUG] - evaluate_round 16 received 9 results and 0 failures
[2025-03-09 21:02:46,370][flwr][INFO] - Server 17: selected clients
                ['9', '3', '4', '1', '2', '8', '0', '7', '5', '6'] for first phase evaluation.
[2025-03-09 21:02:46,370][flwr][DEBUG] - evaluate_first_phase 17: strategy sampled 10 clients (out of 10)
[2025-03-09 21:02:53,501][flwr][DEBUG] - evaluate_first_phase of round 17 received 10 results and 0 failures
[2025-03-09 21:02:53,502][flwr][INFO] - Server 17: about to sample 9 clients
[2025-03-09 21:02:53,503][flwr][INFO] - Round 17: selected clients
            ['0', '3', '6', '5', '7', '1', '4', '2', '8'] for fit.
[2025-03-09 21:02:56,056][flwr][DEBUG] - fit_round 17: strategy sampled 9 clients (out of 10)
[2025-03-09 21:03:25,781][flwr][DEBUG] - fit_round 17 received 9 results and 0 failures
[2025-03-09 21:03:26,818][flwr][INFO] - fit progress: (17, 1.3209705352783203, {'accuracy': 0.5108000040054321}, 756.3006058339961)
[2025-03-09 21:03:26,818][flwr][DEBUG] - evaluate_round 17: strategy sampled 9 clients (out of 10)
[2025-03-09 21:03:28,433][flwr][DEBUG] - evaluate_round 17 received 9 results and 0 failures
[2025-03-09 21:03:31,199][flwr][INFO] - Server 18: selected clients
                ['4', '7', '1', '8', '9', '2', '0', '5', '3', '6'] for first phase evaluation.
[2025-03-09 21:03:31,199][flwr][DEBUG] - evaluate_first_phase 18: strategy sampled 10 clients (out of 10)
[2025-03-09 21:03:37,068][flwr][DEBUG] - evaluate_first_phase of round 18 received 10 results and 0 failures
[2025-03-09 21:03:37,069][flwr][INFO] - Server 18: about to sample 9 clients
[2025-03-09 21:03:37,069][flwr][INFO] - Round 18: selected clients
            ['4', '6', '7', '0', '2', '3', '5', '8', '1'] for fit.
[2025-03-09 21:03:39,542][flwr][DEBUG] - fit_round 18: strategy sampled 9 clients (out of 10)
[2025-03-09 21:04:09,174][flwr][DEBUG] - fit_round 18 received 9 results and 0 failures
[2025-03-09 21:04:10,185][flwr][INFO] - fit progress: (18, 1.2947481870651245, {'accuracy': 0.536899983882904}, 799.6683150000172)
[2025-03-09 21:04:10,186][flwr][DEBUG] - evaluate_round 18: strategy sampled 9 clients (out of 10)
[2025-03-09 21:04:11,811][flwr][DEBUG] - evaluate_round 18 received 9 results and 0 failures
[2025-03-09 21:04:14,561][flwr][INFO] - Server 19: selected clients
                ['8', '2', '1', '0', '9', '7', '5', '4', '3', '6'] for first phase evaluation.
[2025-03-09 21:04:14,561][flwr][DEBUG] - evaluate_first_phase 19: strategy sampled 10 clients (out of 10)
[2025-03-09 21:04:20,359][flwr][DEBUG] - evaluate_first_phase of round 19 received 10 results and 0 failures
[2025-03-09 21:04:20,360][flwr][INFO] - Server 19: about to sample 9 clients
[2025-03-09 21:04:20,360][flwr][INFO] - Round 19: selected clients
            ['1', '7', '8', '3', '2', '5', '0', '6', '4'] for fit.
[2025-03-09 21:04:22,892][flwr][DEBUG] - fit_round 19: strategy sampled 9 clients (out of 10)
[2025-03-09 21:04:53,004][flwr][DEBUG] - fit_round 19 received 9 results and 0 failures
[2025-03-09 21:04:54,072][flwr][INFO] - fit progress: (19, 1.5365451574325562, {'accuracy': 0.4551999866962433}, 843.5543559590005)
[2025-03-09 21:04:54,072][flwr][DEBUG] - evaluate_round 19: strategy sampled 9 clients (out of 10)
[2025-03-09 21:04:55,719][flwr][DEBUG] - evaluate_round 19 received 9 results and 0 failures
[2025-03-09 21:04:58,567][flwr][INFO] - Server 20: selected clients
                ['9', '5', '7', '2', '6', '1', '3', '8', '4', '0'] for first phase evaluation.
[2025-03-09 21:04:58,567][flwr][DEBUG] - evaluate_first_phase 20: strategy sampled 10 clients (out of 10)
[2025-03-09 21:05:04,602][flwr][DEBUG] - evaluate_first_phase of round 20 received 10 results and 0 failures
[2025-03-09 21:05:04,602][flwr][INFO] - Server 20: about to sample 9 clients
[2025-03-09 21:05:04,602][flwr][INFO] - Round 20: selected clients
            ['7', '4', '8', '0', '6', '3', '1', '5', '2'] for fit.
[2025-03-09 21:05:07,093][flwr][DEBUG] - fit_round 20: strategy sampled 9 clients (out of 10)
[2025-03-09 21:05:36,891][flwr][DEBUG] - fit_round 20 received 9 results and 0 failures
[2025-03-09 21:05:37,926][flwr][INFO] - fit progress: (20, 1.3668103218078613, {'accuracy': 0.5151000022888184}, 887.4084572090069)
[2025-03-09 21:05:37,926][flwr][DEBUG] - evaluate_round 20: strategy sampled 9 clients (out of 10)
[2025-03-09 21:05:39,674][flwr][DEBUG] - evaluate_round 20 received 9 results and 0 failures
[2025-03-09 21:05:39,675][flwr][INFO] - FL finished in 889.157226292009
[2025-03-09 21:05:39,675][flwr][INFO] - app_fit: losses_distributed [(1, 2.5159199404431782), (2, 2.0972048107114802), (3, 1.7374170024834292), (4, 1.6903945817503818), (5, 1.7147902476339734), (6, 1.618455488080377), (7, 1.594787408552784), (8, 1.6866535279426678), (9, 1.5228291417810274), (10, 1.4435067179484529), (11, 1.5024726697392028), (12, 1.4647262613547296), (13, 1.4697122836688763), (14, 1.3818544108051438), (15, 1.320032774122542), (16, 1.335431361560958), (17, 1.3363154740580931), (18, 1.3064485957349563), (19, 1.5464883376852558), (20, 1.3699950768290778)]
[2025-03-09 21:05:39,675][flwr][INFO] - app_fit: metrics_distributed_fit {'variance_training_loss': [(1, 0.02299464002646204), (2, 0.0027577401466701607), (3, 0.0006298876482850276), (4, 0.0005009335724098715), (5, 0.0003465545832518223), (6, 0.0019192722601387069), (7, 0.0002850034307200924), (8, 0.00022785384647356556), (9, 0.0003313328955586297), (10, 0.00027176131915794424), (11, 0.00021040122942640721), (12, 0.0003060732572649096), (13, 0.00025414168361114636), (14, 0.0016255390212392494), (15, 0.00020590674468627342), (16, 0.0002783757716618614), (17, 0.00021129139800262427), (18, 0.00020797314388406771), (19, 0.0001944076857570547), (20, 0.0002809813577401055)], 'average_training_loss': [(1, 2.0275191730923123), (2, 1.845688607957628), (3, 1.7583029535081651), (4, 1.7060552305645413), (5, 1.663788636525472), (6, 1.6156380308998957), (7, 1.5932972298728094), (8, 1.5679962899949815), (9, 1.5426667796240912), (10, 1.5225665436850653), (11, 1.5031775501039293), (12, 1.4824288951026068), (13, 1.4615612692303128), (14, 1.4323328468534682), (15, 1.4304540422227647), (16, 1.4159247875213623), (17, 1.3996386660469904), (18, 1.3872639603084989), (19, 1.3741571770773993), (20, 1.3614757988188002)], 'estimated_times': [(1, [24.324688831166238, 37.57329648394296, 31.738986832948438, 34.223623649858624, 39.155115652418665, 45.696188712486496, 21.68207328494223, 33.44540537544387, 36.005722348746914]), (2, [31.738986832948438, 21.68207328494223, 39.01384036696354, 33.44540537544387, 24.324688831166238, 39.155115652418665, 34.223623649858624, 45.696188712486496, 36.005722348746914]), (3, [39.01384036696354, 31.738986832948438, 24.324688831166238, 45.696188712486496, 21.68207328494223, 33.44540537544387, 34.223623649858624, 36.005722348746914, 39.155115652418665]), (4, [33.44540537544387, 24.324688831166238, 39.155115652418665, 34.223623649858624, 45.696188712486496, 31.738986832948438, 21.68207328494223, 39.01384036696354, 36.005722348746914]), (5, [33.44540537544387, 45.696188712486496, 39.155115652418665, 39.01384036696354, 36.005722348746914, 24.324688831166238, 31.738986832948438, 21.68207328494223, 34.223623649858624]), (6, [39.01384036696354, 24.324688831166238, 33.44540537544387, 39.155115652418665, 37.57329648394296, 36.005722348746914, 21.68207328494223, 34.223623649858624, 31.738986832948438]), (7, [36.005722348746914, 34.223623649858624, 21.68207328494223, 33.44540537544387, 39.155115652418665, 24.324688831166238, 39.01384036696354, 31.738986832948438, 45.696188712486496]), (8, [33.44540537544387, 39.01384036696354, 24.324688831166238, 34.223623649858624, 31.738986832948438, 21.68207328494223, 45.696188712486496, 36.005722348746914, 39.155115652418665]), (9, [39.01384036696354, 39.155115652418665, 31.738986832948438, 21.68207328494223, 36.005722348746914, 33.44540537544387, 34.223623649858624, 45.696188712486496, 24.324688831166238]), (10, [36.005722348746914, 39.01384036696354, 24.324688831166238, 33.44540537544387, 39.155115652418665, 31.738986832948438, 21.68207328494223, 45.696188712486496, 34.223623649858624]), (11, [21.68207328494223, 33.44540537544387, 31.738986832948438, 39.01384036696354, 24.324688831166238, 45.696188712486496, 39.155115652418665, 34.223623649858624, 36.005722348746914]), (12, [39.01384036696354, 24.324688831166238, 39.155115652418665, 31.738986832948438, 36.005722348746914, 33.44540537544387, 34.223623649858624, 21.68207328494223, 45.696188712486496]), (13, [36.005722348746914, 31.738986832948438, 45.696188712486496, 33.44540537544387, 21.68207328494223, 24.324688831166238, 34.223623649858624, 39.155115652418665, 39.01384036696354]), (14, [37.57329648394296, 39.01384036696354, 24.324688831166238, 33.44540537544387, 31.738986832948438, 21.68207328494223, 39.155115652418665, 36.005722348746914, 34.223623649858624]), (15, [36.005722348746914, 21.68207328494223, 39.01384036696354, 45.696188712486496, 39.155115652418665, 31.738986832948438, 24.324688831166238, 34.223623649858624, 33.44540537544387]), (16, [24.324688831166238, 39.155115652418665, 39.01384036696354, 36.005722348746914, 21.68207328494223, 34.223623649858624, 45.696188712486496, 33.44540537544387, 31.738986832948438]), (17, [36.005722348746914, 34.223623649858624, 39.01384036696354, 33.44540537544387, 24.324688831166238, 21.68207328494223, 39.155115652418665, 45.696188712486496, 31.738986832948438]), (18, [39.155115652418665, 33.44540537544387, 39.01384036696354, 31.738986832948438, 45.696188712486496, 24.324688831166238, 21.68207328494223, 36.005722348746914, 34.223623649858624]), (19, [39.155115652418665, 39.01384036696354, 31.738986832948438, 21.68207328494223, 33.44540537544387, 34.223623649858624, 36.005722348746914, 24.324688831166238, 45.696188712486496]), (20, [39.155115652418665, 36.005722348746914, 31.738986832948438, 33.44540537544387, 34.223623649858624, 21.68207328494223, 45.696188712486496, 24.324688831166238, 39.01384036696354])]}
[2025-03-09 21:05:39,677][flwr][INFO] - app_fit: metrics_distributed {}
[2025-03-09 21:05:39,677][flwr][INFO] - app_fit: losses_centralized [(0, 2.3028383255004883), (1, 2.5250072479248047), (2, 2.069711446762085), (3, 1.7212088108062744), (4, 1.6618767976760864), (5, 1.7109075784683228), (6, 1.5923550128936768), (7, 1.5871304273605347), (8, 1.666564702987671), (9, 1.495131492614746), (10, 1.43500554561615), (11, 1.4941344261169434), (12, 1.4387768507003784), (13, 1.4701417684555054), (14, 1.36733877658844), (15, 1.3051517009735107), (16, 1.3195858001708984), (17, 1.3209705352783203), (18, 1.2947481870651245), (19, 1.5365451574325562), (20, 1.3668103218078613)]
[2025-03-09 21:05:39,678][flwr][INFO] - app_fit: metrics_centralized {'accuracy': [(0, 0.10000000149011612), (1, 0.11800000071525574), (2, 0.22010000050067902), (3, 0.37720000743865967), (4, 0.37790000438690186), (5, 0.3822000026702881), (6, 0.414900004863739), (7, 0.41940000653266907), (8, 0.38420000672340393), (9, 0.4611999988555908), (10, 0.484499990940094), (11, 0.45840001106262207), (12, 0.47350001335144043), (13, 0.46140000224113464), (14, 0.5085999965667725), (15, 0.5293999910354614), (16, 0.522599995136261), (17, 0.5108000040054321), (18, 0.536899983882904), (19, 0.4551999866962433), (20, 0.5151000022888184)]}
