[2025-03-24 12:43:04,172][tensorflow][WARNING] - From /Users/livialestingi/PycharmProjects/NodeSelection/power_of_choice/power_of_choice/dataset.py:38: load (from tensorflow.python.data.experimental.ops.io) is deprecated and will be removed in a future version.
Instructions for updating:
Use `tf.data.Dataset.load(...)` instead.
[2025-03-24 12:43:04,338][flwr][INFO] - Starting Flower simulation, config: ServerConfig(num_rounds=20, round_timeout=None)
[2025-03-24 12:43:05,521][flwr][INFO] - Flower VCE: Ray initialized with resources: {'node:127.0.0.1': 1.0, 'object_store_memory': 2147483648.0, 'node:__internal_head__': 1.0, 'CPU': 8.0, 'memory': 16553741517.0}
[2025-03-24 12:43:05,521][flwr][INFO] - Flower VCE: Resources for each Virtual Client: {'num_cpus': 0.5, 'num_gpus': 0}
[2025-03-24 12:43:05,528][flwr][INFO] - Flower VCE: Creating VirtualClientEngineActorPool with 16 actors
[2025-03-24 12:43:05,528][flwr][INFO] - Initializing global parameters
[2025-03-24 12:43:05,528][flwr][INFO] - Requesting initial parameters from one random client
[2025-03-24 12:43:10,891][flwr][INFO] - Received initial parameters from one random client
[2025-03-24 12:43:10,891][flwr][INFO] - Evaluating initial parameters
[2025-03-24 12:43:12,132][flwr][INFO] - initial parameters (loss, other metrics): 2.302957534790039, {'accuracy': 0.09969999641180038}
[2025-03-24 12:43:12,132][flwr][INFO] - FL starting
[2025-03-24 12:43:14,929][flwr][INFO] - Server 1: selected clients
                ['3', '9', '1', '4', '5', '0', '2', '7', '8', '6'] for first phase evaluation.
[2025-03-24 12:43:14,929][flwr][DEBUG] - evaluate_first_phase 1: strategy sampled 10 clients (out of 10)
[2025-03-24 12:43:21,048][flwr][DEBUG] - evaluate_first_phase of round 1 received 10 results and 0 failures
[2025-03-24 12:43:21,048][flwr][INFO] - Server 1: about to sample 9 clients
[2025-03-24 12:43:21,048][flwr][INFO] - Round 1: selected clients
            ['7', '6', '2', '9', '1', '3', '0', '5', '8'] for fit.
[2025-03-24 12:43:21,048][flwr][DEBUG] - fit_round 1: strategy sampled 9 clients (out of 10)
[2025-03-24 12:43:38,081][flwr][DEBUG] - fit_round 1 received 9 results and 0 failures
[2025-03-24 12:43:39,193][flwr][INFO] - fit progress: (1, 2.3577311038970947, {'accuracy': 0.10000000149011612}, 27.060575415998755)
[2025-03-24 12:43:39,193][flwr][DEBUG] - evaluate_round 1: strategy sampled 9 clients (out of 10)
[2025-03-24 12:43:40,960][flwr][DEBUG] - evaluate_round 1 received 9 results and 0 failures
[2025-03-24 12:43:40,960][flwr][WARNING] - No evaluate_metrics_aggregation_fn provided
[2025-03-24 12:43:43,772][flwr][INFO] - Server 2: selected clients
                ['2', '7', '0', '6', '9', '5', '8', '1', '3', '4'] for first phase evaluation.
[2025-03-24 12:43:43,772][flwr][DEBUG] - evaluate_first_phase 2: strategy sampled 10 clients (out of 10)
[2025-03-24 12:43:49,806][flwr][DEBUG] - evaluate_first_phase of round 2 received 10 results and 0 failures
[2025-03-24 12:43:49,807][flwr][INFO] - Server 2: about to sample 9 clients
[2025-03-24 12:43:49,807][flwr][INFO] - Round 2: selected clients
            ['4', '8', '5', '3', '6', '2', '9', '0', '7'] for fit.
[2025-03-24 12:43:49,807][flwr][DEBUG] - fit_round 2: strategy sampled 9 clients (out of 10)
[2025-03-24 12:44:05,419][flwr][DEBUG] - fit_round 2 received 9 results and 0 failures
[2025-03-24 12:44:06,522][flwr][INFO] - fit progress: (2, 2.299964189529419, {'accuracy': 0.1615999937057495}, 54.39006529100152)
[2025-03-24 12:44:06,523][flwr][DEBUG] - evaluate_round 2: strategy sampled 9 clients (out of 10)
[2025-03-24 12:44:08,402][flwr][DEBUG] - evaluate_round 2 received 9 results and 0 failures
[2025-03-24 12:44:11,115][flwr][INFO] - Server 3: selected clients
                ['7', '9', '2', '1', '3', '8', '6', '0', '5', '4'] for first phase evaluation.
[2025-03-24 12:44:11,116][flwr][DEBUG] - evaluate_first_phase 3: strategy sampled 10 clients (out of 10)
[2025-03-24 12:44:18,220][flwr][DEBUG] - evaluate_first_phase of round 3 received 10 results and 0 failures
[2025-03-24 12:44:18,220][flwr][INFO] - Server 3: about to sample 9 clients
[2025-03-24 12:44:18,221][flwr][INFO] - Round 3: selected clients
            ['2', '6', '3', '7', '8', '0', '1', '4', '5'] for fit.
[2025-03-24 12:44:18,221][flwr][DEBUG] - fit_round 3: strategy sampled 9 clients (out of 10)
[2025-03-24 12:44:36,353][flwr][DEBUG] - fit_round 3 received 9 results and 0 failures
[2025-03-24 12:44:37,400][flwr][INFO] - fit progress: (3, 2.1111807823181152, {'accuracy': 0.18369999527931213}, 85.26761049999914)
[2025-03-24 12:44:37,400][flwr][DEBUG] - evaluate_round 3: strategy sampled 9 clients (out of 10)
[2025-03-24 12:44:39,316][flwr][DEBUG] - evaluate_round 3 received 9 results and 0 failures
[2025-03-24 12:44:42,095][flwr][INFO] - Server 4: selected clients
                ['1', '7', '8', '3', '0', '6', '9', '5', '2', '4'] for first phase evaluation.
[2025-03-24 12:44:42,095][flwr][DEBUG] - evaluate_first_phase 4: strategy sampled 10 clients (out of 10)
[2025-03-24 12:44:48,099][flwr][DEBUG] - evaluate_first_phase of round 4 received 10 results and 0 failures
[2025-03-24 12:44:48,099][flwr][INFO] - Server 4: about to sample 9 clients
[2025-03-24 12:44:48,099][flwr][INFO] - Round 4: selected clients
            ['1', '6', '8', '2', '0', '5', '4', '7', '3'] for fit.
[2025-03-24 12:44:48,099][flwr][DEBUG] - fit_round 4: strategy sampled 9 clients (out of 10)
[2025-03-24 12:45:06,471][flwr][DEBUG] - fit_round 4 received 9 results and 0 failures
[2025-03-24 12:45:07,499][flwr][INFO] - fit progress: (4, 1.8115200996398926, {'accuracy': 0.3052999973297119}, 115.36643237499811)
[2025-03-24 12:45:07,499][flwr][DEBUG] - evaluate_round 4: strategy sampled 9 clients (out of 10)
[2025-03-24 12:45:09,347][flwr][DEBUG] - evaluate_round 4 received 9 results and 0 failures
[2025-03-24 12:45:12,070][flwr][INFO] - Server 5: selected clients
                ['2', '9', '8', '3', '5', '6', '1', '0', '7', '4'] for first phase evaluation.
[2025-03-24 12:45:12,070][flwr][DEBUG] - evaluate_first_phase 5: strategy sampled 10 clients (out of 10)
[2025-03-24 12:45:17,942][flwr][DEBUG] - evaluate_first_phase of round 5 received 10 results and 0 failures
[2025-03-24 12:45:17,942][flwr][INFO] - Server 5: about to sample 9 clients
[2025-03-24 12:45:17,942][flwr][INFO] - Round 5: selected clients
            ['5', '8', '2', '4', '9', '6', '3', '7', '0'] for fit.
[2025-03-24 12:45:17,942][flwr][DEBUG] - fit_round 5: strategy sampled 9 clients (out of 10)
[2025-03-24 12:45:33,425][flwr][DEBUG] - fit_round 5 received 9 results and 0 failures
[2025-03-24 12:45:34,457][flwr][INFO] - fit progress: (5, 1.72166109085083, {'accuracy': 0.37400001287460327}, 142.32436283300194)
[2025-03-24 12:45:34,457][flwr][DEBUG] - evaluate_round 5: strategy sampled 9 clients (out of 10)
[2025-03-24 12:45:36,351][flwr][DEBUG] - evaluate_round 5 received 9 results and 0 failures
[2025-03-24 12:45:39,145][flwr][INFO] - Server 6: selected clients
                ['4', '1', '6', '9', '0', '8', '7', '2', '5', '3'] for first phase evaluation.
[2025-03-24 12:45:39,145][flwr][DEBUG] - evaluate_first_phase 6: strategy sampled 10 clients (out of 10)
[2025-03-24 12:45:44,997][flwr][DEBUG] - evaluate_first_phase of round 6 received 10 results and 0 failures
[2025-03-24 12:45:44,998][flwr][INFO] - Server 6: about to sample 9 clients
[2025-03-24 12:45:44,998][flwr][INFO] - Round 6: selected clients
            ['0', '5', '9', '2', '6', '7', '4', '3', '8'] for fit.
[2025-03-24 12:45:44,998][flwr][DEBUG] - fit_round 6: strategy sampled 9 clients (out of 10)
[2025-03-24 12:46:00,469][flwr][DEBUG] - fit_round 6 received 9 results and 0 failures
[2025-03-24 12:46:01,513][flwr][INFO] - fit progress: (6, 1.6583658456802368, {'accuracy': 0.3984000086784363}, 169.3805845409952)
[2025-03-24 12:46:01,513][flwr][DEBUG] - evaluate_round 6: strategy sampled 9 clients (out of 10)
[2025-03-24 12:46:03,127][flwr][DEBUG] - evaluate_round 6 received 9 results and 0 failures
[2025-03-24 12:46:05,889][flwr][INFO] - Server 7: selected clients
                ['0', '3', '2', '9', '1', '6', '4', '7', '8', '5'] for first phase evaluation.
[2025-03-24 12:46:05,889][flwr][DEBUG] - evaluate_first_phase 7: strategy sampled 10 clients (out of 10)
[2025-03-24 12:46:11,737][flwr][DEBUG] - evaluate_first_phase of round 7 received 10 results and 0 failures
[2025-03-24 12:46:11,738][flwr][INFO] - Server 7: about to sample 9 clients
[2025-03-24 12:46:11,738][flwr][INFO] - Round 7: selected clients
            ['7', '3', '8', '0', '4', '9', '2', '5', '6'] for fit.
[2025-03-24 12:46:11,738][flwr][DEBUG] - fit_round 7: strategy sampled 9 clients (out of 10)
[2025-03-24 12:46:27,036][flwr][DEBUG] - fit_round 7 received 9 results and 0 failures
[2025-03-24 12:46:28,064][flwr][INFO] - fit progress: (7, 1.704194188117981, {'accuracy': 0.3815000057220459}, 195.9313419159953)
[2025-03-24 12:46:28,064][flwr][DEBUG] - evaluate_round 7: strategy sampled 9 clients (out of 10)
[2025-03-24 12:46:29,939][flwr][DEBUG] - evaluate_round 7 received 9 results and 0 failures
[2025-03-24 12:46:32,700][flwr][INFO] - Server 8: selected clients
                ['4', '0', '2', '7', '6', '9', '8', '5', '1', '3'] for first phase evaluation.
[2025-03-24 12:46:32,700][flwr][DEBUG] - evaluate_first_phase 8: strategy sampled 10 clients (out of 10)
[2025-03-24 12:46:38,550][flwr][DEBUG] - evaluate_first_phase of round 8 received 10 results and 0 failures
[2025-03-24 12:46:38,551][flwr][INFO] - Server 8: about to sample 9 clients
[2025-03-24 12:46:38,551][flwr][INFO] - Round 8: selected clients
            ['3', '0', '5', '7', '1', '2', '4', '8', '6'] for fit.
[2025-03-24 12:46:38,551][flwr][DEBUG] - fit_round 8: strategy sampled 9 clients (out of 10)
[2025-03-24 12:46:56,690][flwr][DEBUG] - fit_round 8 received 9 results and 0 failures
[2025-03-24 12:46:57,744][flwr][INFO] - fit progress: (8, 1.5800119638442993, {'accuracy': 0.4284999966621399}, 225.60248016599508)
[2025-03-24 12:46:57,744][flwr][DEBUG] - evaluate_round 8: strategy sampled 9 clients (out of 10)
[2025-03-24 12:46:59,529][flwr][DEBUG] - evaluate_round 8 received 9 results and 0 failures
[2025-03-24 12:47:02,318][flwr][INFO] - Server 9: selected clients
                ['0', '7', '5', '8', '6', '9', '4', '3', '1', '2'] for first phase evaluation.
[2025-03-24 12:47:02,318][flwr][DEBUG] - evaluate_first_phase 9: strategy sampled 10 clients (out of 10)
[2025-03-24 12:47:08,173][flwr][DEBUG] - evaluate_first_phase of round 9 received 10 results and 0 failures
[2025-03-24 12:47:08,173][flwr][INFO] - Server 9: about to sample 9 clients
[2025-03-24 12:47:08,173][flwr][INFO] - Round 9: selected clients
            ['5', '6', '1', '7', '9', '0', '2', '8', '4'] for fit.
[2025-03-24 12:47:08,173][flwr][DEBUG] - fit_round 9: strategy sampled 9 clients (out of 10)
[2025-03-24 12:47:26,352][flwr][DEBUG] - fit_round 9 received 9 results and 0 failures
[2025-03-24 12:47:27,382][flwr][INFO] - fit progress: (9, 1.7618582248687744, {'accuracy': 0.3635999858379364}, 255.2309735000017)
[2025-03-24 12:47:27,382][flwr][DEBUG] - evaluate_round 9: strategy sampled 9 clients (out of 10)
[2025-03-24 12:47:29,217][flwr][DEBUG] - evaluate_round 9 received 9 results and 0 failures
[2025-03-24 12:47:32,032][flwr][INFO] - Server 10: selected clients
                ['1', '5', '2', '6', '9', '3', '8', '7', '0', '4'] for first phase evaluation.
[2025-03-24 12:47:32,032][flwr][DEBUG] - evaluate_first_phase 10: strategy sampled 10 clients (out of 10)
[2025-03-24 12:47:37,839][flwr][DEBUG] - evaluate_first_phase of round 10 received 10 results and 0 failures
[2025-03-24 12:47:37,840][flwr][INFO] - Server 10: about to sample 9 clients
[2025-03-24 12:47:37,840][flwr][INFO] - Round 10: selected clients
            ['2', '1', '8', '7', '9', '6', '0', '4', '5'] for fit.
[2025-03-24 12:47:37,840][flwr][DEBUG] - fit_round 10: strategy sampled 9 clients (out of 10)
[2025-03-24 12:47:56,001][flwr][DEBUG] - fit_round 10 received 9 results and 0 failures
[2025-03-24 12:47:57,055][flwr][INFO] - fit progress: (10, 1.6643078327178955, {'accuracy': 0.3749000132083893}, 284.9028429579994)
[2025-03-24 12:47:57,055][flwr][DEBUG] - evaluate_round 10: strategy sampled 9 clients (out of 10)
[2025-03-24 12:47:58,903][flwr][DEBUG] - evaluate_round 10 received 9 results and 0 failures
[2025-03-24 12:48:01,638][flwr][INFO] - Server 11: selected clients
                ['9', '0', '3', '1', '8', '6', '7', '5', '2', '4'] for first phase evaluation.
[2025-03-24 12:48:01,639][flwr][DEBUG] - evaluate_first_phase 11: strategy sampled 10 clients (out of 10)
[2025-03-24 12:48:07,554][flwr][DEBUG] - evaluate_first_phase of round 11 received 10 results and 0 failures
[2025-03-24 12:48:07,554][flwr][INFO] - Server 11: about to sample 9 clients
[2025-03-24 12:48:07,554][flwr][INFO] - Round 11: selected clients
            ['9', '4', '2', '0', '1', '6', '5', '3', '7'] for fit.
[2025-03-24 12:48:07,554][flwr][DEBUG] - fit_round 11: strategy sampled 9 clients (out of 10)
[2025-03-24 12:48:22,060][flwr][DEBUG] - fit_round 11 received 9 results and 0 failures
[2025-03-24 12:48:23,092][flwr][INFO] - fit progress: (11, 1.5712958574295044, {'accuracy': 0.40700000524520874}, 310.9395527910019)
[2025-03-24 12:48:23,092][flwr][DEBUG] - evaluate_round 11: strategy sampled 9 clients (out of 10)
[2025-03-24 12:48:24,754][flwr][DEBUG] - evaluate_round 11 received 9 results and 0 failures
[2025-03-24 12:48:27,561][flwr][INFO] - Server 12: selected clients
                ['8', '3', '6', '9', '2', '1', '5', '0', '4', '7'] for first phase evaluation.
[2025-03-24 12:48:27,561][flwr][DEBUG] - evaluate_first_phase 12: strategy sampled 10 clients (out of 10)
[2025-03-24 12:48:33,450][flwr][DEBUG] - evaluate_first_phase of round 12 received 10 results and 0 failures
[2025-03-24 12:48:33,450][flwr][INFO] - Server 12: about to sample 9 clients
[2025-03-24 12:48:33,450][flwr][INFO] - Round 12: selected clients
            ['4', '2', '8', '5', '0', '9', '3', '6', '7'] for fit.
[2025-03-24 12:48:33,450][flwr][DEBUG] - fit_round 12: strategy sampled 9 clients (out of 10)
[2025-03-24 12:48:49,097][flwr][DEBUG] - fit_round 12 received 9 results and 0 failures
[2025-03-24 12:48:50,136][flwr][INFO] - fit progress: (12, 1.5270744562149048, {'accuracy': 0.45320001244544983}, 337.9835500830013)
[2025-03-24 12:48:50,136][flwr][DEBUG] - evaluate_round 12: strategy sampled 9 clients (out of 10)
[2025-03-24 12:48:51,782][flwr][DEBUG] - evaluate_round 12 received 9 results and 0 failures
[2025-03-24 12:48:54,562][flwr][INFO] - Server 13: selected clients
                ['7', '5', '1', '3', '2', '9', '0', '8', '4', '6'] for first phase evaluation.
[2025-03-24 12:48:54,562][flwr][DEBUG] - evaluate_first_phase 13: strategy sampled 10 clients (out of 10)
[2025-03-24 12:49:00,466][flwr][DEBUG] - evaluate_first_phase of round 13 received 10 results and 0 failures
[2025-03-24 12:49:00,467][flwr][INFO] - Server 13: about to sample 9 clients
[2025-03-24 12:49:00,467][flwr][INFO] - Round 13: selected clients
            ['3', '6', '7', '4', '0', '8', '5', '2', '9'] for fit.
[2025-03-24 12:49:00,468][flwr][DEBUG] - fit_round 13: strategy sampled 9 clients (out of 10)
[2025-03-24 12:49:16,206][flwr][DEBUG] - fit_round 13 received 9 results and 0 failures
[2025-03-24 12:49:17,275][flwr][INFO] - fit progress: (13, 1.5625543594360352, {'accuracy': 0.43380001187324524}, 365.12183058299706)
[2025-03-24 12:49:17,275][flwr][DEBUG] - evaluate_round 13: strategy sampled 9 clients (out of 10)
[2025-03-24 12:49:18,899][flwr][DEBUG] - evaluate_round 13 received 9 results and 0 failures
[2025-03-24 12:49:21,696][flwr][INFO] - Server 14: selected clients
                ['1', '2', '8', '5', '0', '9', '7', '3', '4', '6'] for first phase evaluation.
[2025-03-24 12:49:21,696][flwr][DEBUG] - evaluate_first_phase 14: strategy sampled 10 clients (out of 10)
[2025-03-24 12:49:27,611][flwr][DEBUG] - evaluate_first_phase of round 14 received 10 results and 0 failures
[2025-03-24 12:49:27,611][flwr][INFO] - Server 14: about to sample 9 clients
[2025-03-24 12:49:27,611][flwr][INFO] - Round 14: selected clients
            ['4', '1', '8', '6', '7', '0', '9', '5', '2'] for fit.
[2025-03-24 12:49:27,611][flwr][DEBUG] - fit_round 14: strategy sampled 9 clients (out of 10)
[2025-03-24 12:49:45,970][flwr][DEBUG] - fit_round 14 received 9 results and 0 failures
[2025-03-24 12:49:46,995][flwr][INFO] - fit progress: (14, 1.6102038621902466, {'accuracy': 0.40610000491142273}, 394.84224716600147)
[2025-03-24 12:49:46,995][flwr][DEBUG] - evaluate_round 14: strategy sampled 9 clients (out of 10)
[2025-03-24 12:49:48,787][flwr][DEBUG] - evaluate_round 14 received 9 results and 0 failures
[2025-03-24 12:49:51,597][flwr][INFO] - Server 15: selected clients
                ['2', '1', '8', '4', '7', '0', '9', '6', '3', '5'] for first phase evaluation.
[2025-03-24 12:49:51,597][flwr][DEBUG] - evaluate_first_phase 15: strategy sampled 10 clients (out of 10)
[2025-03-24 12:49:57,630][flwr][DEBUG] - evaluate_first_phase of round 15 received 10 results and 0 failures
[2025-03-24 12:49:57,631][flwr][INFO] - Server 15: about to sample 9 clients
[2025-03-24 12:49:57,631][flwr][INFO] - Round 15: selected clients
            ['9', '2', '8', '4', '0', '3', '6', '7', '5'] for fit.
[2025-03-24 12:49:57,631][flwr][DEBUG] - fit_round 15: strategy sampled 9 clients (out of 10)
[2025-03-24 12:50:13,267][flwr][DEBUG] - fit_round 15 received 9 results and 0 failures
[2025-03-24 12:50:14,341][flwr][INFO] - fit progress: (15, 1.4427818059921265, {'accuracy': 0.4781999886035919}, 422.18809712499933)
[2025-03-24 12:50:14,341][flwr][DEBUG] - evaluate_round 15: strategy sampled 9 clients (out of 10)
[2025-03-24 12:50:16,040][flwr][DEBUG] - evaluate_round 15 received 9 results and 0 failures
[2025-03-24 12:50:18,853][flwr][INFO] - Server 16: selected clients
                ['6', '1', '5', '8', '0', '3', '9', '4', '2', '7'] for first phase evaluation.
[2025-03-24 12:50:18,853][flwr][DEBUG] - evaluate_first_phase 16: strategy sampled 10 clients (out of 10)
[2025-03-24 12:50:24,799][flwr][DEBUG] - evaluate_first_phase of round 16 received 10 results and 0 failures
[2025-03-24 12:50:24,800][flwr][INFO] - Server 16: about to sample 9 clients
[2025-03-24 12:50:24,800][flwr][INFO] - Round 16: selected clients
            ['2', '7', '5', '6', '3', '0', '8', '4', '9'] for fit.
[2025-03-24 12:50:24,800][flwr][DEBUG] - fit_round 16: strategy sampled 9 clients (out of 10)
[2025-03-24 12:50:40,445][flwr][DEBUG] - fit_round 16 received 9 results and 0 failures
[2025-03-24 12:50:41,468][flwr][INFO] - fit progress: (16, 1.5835260152816772, {'accuracy': 0.4350000023841858}, 449.3152205829974)
[2025-03-24 12:50:41,469][flwr][DEBUG] - evaluate_round 16: strategy sampled 9 clients (out of 10)
[2025-03-24 12:50:43,254][flwr][DEBUG] - evaluate_round 16 received 9 results and 0 failures
[2025-03-24 12:50:46,072][flwr][INFO] - Server 17: selected clients
                ['6', '7', '5', '2', '4', '8', '9', '1', '0', '3'] for first phase evaluation.
[2025-03-24 12:50:46,073][flwr][DEBUG] - evaluate_first_phase 17: strategy sampled 10 clients (out of 10)
[2025-03-24 12:50:51,965][flwr][DEBUG] - evaluate_first_phase of round 17 received 10 results and 0 failures
[2025-03-24 12:50:51,966][flwr][INFO] - Server 17: about to sample 9 clients
[2025-03-24 12:50:51,966][flwr][INFO] - Round 17: selected clients
            ['8', '2', '1', '9', '4', '6', '5', '0', '7'] for fit.
[2025-03-24 12:50:51,966][flwr][DEBUG] - fit_round 17: strategy sampled 9 clients (out of 10)
[2025-03-24 12:51:10,567][flwr][DEBUG] - fit_round 17 received 9 results and 0 failures
[2025-03-24 12:51:11,639][flwr][INFO] - fit progress: (17, 1.4421216249465942, {'accuracy': 0.47440001368522644}, 479.48592904099496)
[2025-03-24 12:51:11,639][flwr][DEBUG] - evaluate_round 17: strategy sampled 9 clients (out of 10)
[2025-03-24 12:51:13,607][flwr][DEBUG] - evaluate_round 17 received 9 results and 0 failures
[2025-03-24 12:51:16,407][flwr][INFO] - Server 18: selected clients
                ['7', '3', '8', '5', '0', '4', '2', '9', '6', '1'] for first phase evaluation.
[2025-03-24 12:51:16,407][flwr][DEBUG] - evaluate_first_phase 18: strategy sampled 10 clients (out of 10)
[2025-03-24 12:51:22,482][flwr][DEBUG] - evaluate_first_phase of round 18 received 10 results and 0 failures
[2025-03-24 12:51:22,483][flwr][INFO] - Server 18: about to sample 9 clients
[2025-03-24 12:51:22,483][flwr][INFO] - Round 18: selected clients
            ['4', '0', '2', '3', '6', '8', '9', '5', '7'] for fit.
[2025-03-24 12:51:22,483][flwr][DEBUG] - fit_round 18: strategy sampled 9 clients (out of 10)
[2025-03-24 12:51:38,006][flwr][DEBUG] - fit_round 18 received 9 results and 0 failures
[2025-03-24 12:51:39,085][flwr][INFO] - fit progress: (18, 1.6025333404541016, {'accuracy': 0.4034000039100647}, 506.93137983299675)
[2025-03-24 12:51:39,085][flwr][DEBUG] - evaluate_round 18: strategy sampled 9 clients (out of 10)
[2025-03-24 12:51:40,817][flwr][DEBUG] - evaluate_round 18 received 9 results and 0 failures
[2025-03-24 12:51:43,574][flwr][INFO] - Server 19: selected clients
                ['7', '4', '8', '0', '5', '3', '2', '1', '6', '9'] for first phase evaluation.
[2025-03-24 12:51:43,574][flwr][DEBUG] - evaluate_first_phase 19: strategy sampled 10 clients (out of 10)
[2025-03-24 12:51:49,403][flwr][DEBUG] - evaluate_first_phase of round 19 received 10 results and 0 failures
[2025-03-24 12:51:49,404][flwr][INFO] - Server 19: about to sample 9 clients
[2025-03-24 12:51:49,404][flwr][INFO] - Round 19: selected clients
            ['0', '7', '1', '5', '2', '4', '6', '9', '3'] for fit.
[2025-03-24 12:51:49,404][flwr][DEBUG] - fit_round 19: strategy sampled 9 clients (out of 10)
[2025-03-24 12:52:04,184][flwr][DEBUG] - fit_round 19 received 9 results and 0 failures
[2025-03-24 12:52:05,207][flwr][INFO] - fit progress: (19, 1.482446551322937, {'accuracy': 0.4424000084400177}, 533.0529006249999)
[2025-03-24 12:52:05,207][flwr][DEBUG] - evaluate_round 19: strategy sampled 9 clients (out of 10)
[2025-03-24 12:52:07,138][flwr][DEBUG] - evaluate_round 19 received 9 results and 0 failures
[2025-03-24 12:52:09,967][flwr][INFO] - Server 20: selected clients
                ['3', '2', '4', '1', '9', '7', '6', '5', '0', '8'] for first phase evaluation.
[2025-03-24 12:52:09,967][flwr][DEBUG] - evaluate_first_phase 20: strategy sampled 10 clients (out of 10)
[2025-03-24 12:52:15,936][flwr][DEBUG] - evaluate_first_phase of round 20 received 10 results and 0 failures
[2025-03-24 12:52:15,936][flwr][INFO] - Server 20: about to sample 9 clients
[2025-03-24 12:52:15,937][flwr][INFO] - Round 20: selected clients
            ['5', '6', '3', '0', '4', '2', '7', '8', '9'] for fit.
[2025-03-24 12:52:15,937][flwr][DEBUG] - fit_round 20: strategy sampled 9 clients (out of 10)
[2025-03-24 12:52:31,560][flwr][DEBUG] - fit_round 20 received 9 results and 0 failures
[2025-03-24 12:52:32,662][flwr][INFO] - fit progress: (20, 1.379132866859436, {'accuracy': 0.4986000061035156}, 560.5084268329956)
[2025-03-24 12:52:32,662][flwr][DEBUG] - evaluate_round 20: strategy sampled 9 clients (out of 10)
[2025-03-24 12:52:34,360][flwr][DEBUG] - evaluate_round 20 received 9 results and 0 failures
[2025-03-24 12:52:34,360][flwr][INFO] - FL finished in 562.2062340830016
[2025-03-24 12:52:34,360][flwr][INFO] - app_fit: losses_distributed [(1, 2.3413056276945605), (2, 2.312384038868517), (3, 2.121360577290443), (4, 1.8298446208870625), (5, 1.7670554194710042), (6, 1.705050141445481), (7, 1.7601439032224144), (8, 1.5891920847371586), (9, 1.7457969979906522), (10, 1.6856905697530988), (11, 1.5614179450224435), (12, 1.5707843893825417), (13, 1.5269722663530028), (14, 1.6394200832693393), (15, 1.4913784295025438), (16, 1.5197371921326854), (17, 1.4632636793361893), (18, 1.624786338829758), (19, 1.448680069887191), (20, 1.422195656169759)]
[2025-03-24 12:52:34,360][flwr][INFO] - app_fit: metrics_distributed_fit {'variance_training_loss': [(1, 0.3212504818344118), (2, 0.25014037395212396), (3, 0.12763755964188148), (4, 0.11778328664668947), (5, 0.16649825715264852), (6, 0.163542109931023), (7, 0.1527037781438608), (8, 0.09883995712280089), (9, 0.10107982710741605), (10, 0.09809637618722336), (11, 0.10989685917946218), (12, 0.12420991193901187), (13, 0.13169185013958945), (14, 0.09288131636183451), (15, 0.12631489065089715), (16, 0.12485094412189207), (17, 0.09318935048479476), (18, 0.11189175353161336), (19, 0.09939043968806775), (20, 0.10329388626394752)], 'average_training_loss': [(1, 1.4380083315902286), (2, 1.3183567292160459), (3, 1.338390866915385), (4, 1.2786875896983676), (5, 1.164547969897588), (6, 1.1303746965196397), (7, 1.106398926840888), (8, 1.1751262081993952), (9, 1.0267924202813044), (10, 1.0159746706485748), (11, 1.110487076971266), (12, 1.0585482319196065), (13, 1.032526668575075), (14, 0.9654094775517782), (15, 1.0213739573955536), (16, 1.0035034484333463), (17, 0.9414501421981387), (18, 0.986753006776174), (19, 1.0353679822550879), (20, 0.9801450173060099)], 'estimated_times': [(1, [10.950555205676528, 39.94413300915055, 36.523956889002555, 13.093208238743555, 20.088937469298006, 27.814876807724115, 2.930031556143312, 16.14033115242287, 0.7842782933730347]), (2, [13.093208238743555, 10.950555205676528, 2.930031556143312, 16.14033115242287, 10.274600827816537, 36.523956889002555, 20.088937469298006, 27.814876807724115, 0.7842782933730347]), (3, [16.14033115242287, 20.088937469298006, 10.274600827816537, 10.950555205676528, 27.814876807724115, 13.093208238743555, 36.523956889002555, 0.7842782933730347, 39.94413300915055]), (4, [0.7842782933730347, 16.14033115242287, 20.088937469298006, 27.814876807724115, 13.093208238743555, 36.523956889002555, 39.94413300915055, 10.950555205676528, 10.274600827816537]), (5, [20.088937469298006, 10.274600827816537, 0.7842782933730347, 16.14033115242287, 13.093208238743555, 2.930031556143312, 10.950555205676528, 27.814876807724115, 36.523956889002555]), (6, [0.7842782933730347, 2.930031556143312, 13.093208238743555, 10.950555205676528, 16.14033115242287, 36.523956889002555, 20.088937469298006, 27.814876807724115, 10.274600827816537]), (7, [10.274600827816537, 16.14033115242287, 10.950555205676528, 2.930031556143312, 13.093208238743555, 20.088937469298006, 27.814876807724115, 36.523956889002555, 0.7842782933730347]), (8, [20.088937469298006, 27.814876807724115, 13.093208238743555, 10.274600827816537, 16.14033115242287, 39.94413300915055, 10.950555205676528, 36.523956889002555, 0.7842782933730347]), (9, [10.274600827816537, 10.950555205676528, 39.94413300915055, 13.093208238743555, 2.930031556143312, 36.523956889002555, 16.14033115242287, 27.814876807724115, 20.088937469298006]), (10, [16.14033115242287, 10.950555205676528, 36.523956889002555, 13.093208238743555, 27.814876807724115, 10.274600827816537, 2.930031556143312, 39.94413300915055, 20.088937469298006]), (11, [10.950555205676528, 36.523956889002555, 2.930031556143312, 13.093208238743555, 10.274600827816537, 16.14033115242287, 39.94413300915055, 0.7842782933730347, 20.088937469298006]), (12, [0.7842782933730347, 10.950555205676528, 13.093208238743555, 27.814876807724115, 20.088937469298006, 36.523956889002555, 16.14033115242287, 10.274600827816537, 2.930031556143312]), (13, [16.14033115242287, 2.930031556143312, 20.088937469298006, 0.7842782933730347, 13.093208238743555, 10.274600827816537, 36.523956889002555, 27.814876807724115, 10.950555205676528]), (14, [36.523956889002555, 10.950555205676528, 27.814876807724115, 16.14033115242287, 20.088937469298006, 2.930031556143312, 10.274600827816537, 13.093208238743555, 39.94413300915055]), (15, [2.930031556143312, 16.14033115242287, 27.814876807724115, 13.093208238743555, 10.274600827816537, 0.7842782933730347, 20.088937469298006, 10.950555205676528, 36.523956889002555]), (16, [10.274600827816537, 20.088937469298006, 36.523956889002555, 13.093208238743555, 0.7842782933730347, 27.814876807724115, 10.950555205676528, 16.14033115242287, 2.930031556143312]), (17, [2.930031556143312, 27.814876807724115, 16.14033115242287, 13.093208238743555, 36.523956889002555, 10.950555205676528, 39.94413300915055, 20.088937469298006, 10.274600827816537]), (18, [36.523956889002555, 10.274600827816537, 27.814876807724115, 0.7842782933730347, 16.14033115242287, 2.930031556143312, 20.088937469298006, 10.950555205676528, 13.093208238743555]), (19, [36.523956889002555, 10.950555205676528, 0.7842782933730347, 20.088937469298006, 2.930031556143312, 16.14033115242287, 13.093208238743555, 10.274600827816537, 39.94413300915055]), (20, [0.7842782933730347, 10.274600827816537, 27.814876807724115, 36.523956889002555, 2.930031556143312, 13.093208238743555, 10.950555205676528, 16.14033115242287, 20.088937469298006])]}
[2025-03-24 12:52:34,362][flwr][INFO] - app_fit: metrics_distributed {}
[2025-03-24 12:52:34,362][flwr][INFO] - app_fit: losses_centralized [(0, 2.302957534790039), (1, 2.3577311038970947), (2, 2.299964189529419), (3, 2.1111807823181152), (4, 1.8115200996398926), (5, 1.72166109085083), (6, 1.6583658456802368), (7, 1.704194188117981), (8, 1.5800119638442993), (9, 1.7618582248687744), (10, 1.6643078327178955), (11, 1.5712958574295044), (12, 1.5270744562149048), (13, 1.5625543594360352), (14, 1.6102038621902466), (15, 1.4427818059921265), (16, 1.5835260152816772), (17, 1.4421216249465942), (18, 1.6025333404541016), (19, 1.482446551322937), (20, 1.379132866859436)]
[2025-03-24 12:52:34,363][flwr][INFO] - app_fit: metrics_centralized {'accuracy': [(0, 0.09969999641180038), (1, 0.10000000149011612), (2, 0.1615999937057495), (3, 0.18369999527931213), (4, 0.3052999973297119), (5, 0.37400001287460327), (6, 0.3984000086784363), (7, 0.3815000057220459), (8, 0.4284999966621399), (9, 0.3635999858379364), (10, 0.3749000132083893), (11, 0.40700000524520874), (12, 0.45320001244544983), (13, 0.43380001187324524), (14, 0.40610000491142273), (15, 0.4781999886035919), (16, 0.4350000023841858), (17, 0.47440001368522644), (18, 0.4034000039100647), (19, 0.4424000084400177), (20, 0.4986000061035156)]}
