[2025-03-26 03:16:50,776][tensorflow][WARNING] - From /Users/livialestingi/PycharmProjects/NodeSelection/dyn_selector/dyn_selector/dataset.py:36: load (from tensorflow.python.data.experimental.ops.io) is deprecated and will be removed in a future version.
Instructions for updating:
Use `tf.data.Dataset.load(...)` instead.
[2025-03-26 03:16:53,169][flwr][INFO] - Starting Flower simulation, config: ServerConfig(num_rounds=20, round_timeout=None)
[2025-03-26 03:16:54,330][flwr][INFO] - Flower VCE: Ray initialized with resources: {'CPU': 8.0, 'object_store_memory': 2147483648.0, 'memory': 12957274932.0, 'node:__internal_head__': 1.0, 'node:127.0.0.1': 1.0}
[2025-03-26 03:16:54,330][flwr][INFO] - Flower VCE: Resources for each Virtual Client: {'num_cpus': 1}
[2025-03-26 03:16:54,335][flwr][INFO] - Flower VCE: Creating VirtualClientEngineActorPool with 8 actors
[2025-03-26 03:16:54,335][flwr][INFO] - Initializing global parameters
[2025-03-26 03:16:54,336][flwr][INFO] - Requesting initial parameters from one random client
[2025-03-26 03:16:57,089][flwr][INFO] - Received initial parameters from one random client
[2025-03-26 03:16:57,089][flwr][INFO] - Evaluating initial parameters
[2025-03-26 03:16:58,321][flwr][INFO] - initial parameters (loss, other metrics): 2.3041982650756836, {'accuracy': 0.10010000318288803}
[2025-03-26 03:16:58,321][flwr][INFO] - FL starting
[2025-03-26 03:16:58,321][flwr][DEBUG] - fit_round 1: strategy sampled 2 clients (out of 10)
[2025-03-26 03:17:10,778][flwr][DEBUG] - fit_round 1 received 2 results and 0 failures
[2025-03-26 03:17:11,829][flwr][INFO] - fit progress: (1, 2.1336116790771484, {'accuracy': 0.20069999992847443}, 13.508016959007364)
[2025-03-26 03:17:11,829][flwr][DEBUG] - evaluate_round 1: strategy sampled 2 clients (out of 10)
[2025-03-26 03:17:12,266][flwr][DEBUG] - evaluate_round 1 received 2 results and 0 failures
[2025-03-26 03:17:12,266][flwr][WARNING] - No evaluate_metrics_aggregation_fn provided
[2025-03-26 03:17:12,267][flwr][DEBUG] - fit_round 2: strategy sampled 2 clients (out of 10)
[2025-03-26 03:17:23,717][flwr][DEBUG] - fit_round 2 received 2 results and 0 failures
[2025-03-26 03:17:24,764][flwr][INFO] - fit progress: (2, 1.9579827785491943, {'accuracy': 0.288100004196167}, 26.44328737500473)
[2025-03-26 03:17:24,764][flwr][DEBUG] - evaluate_round 2: strategy sampled 2 clients (out of 10)
[2025-03-26 03:17:25,219][flwr][DEBUG] - evaluate_round 2 received 2 results and 0 failures
[2025-03-26 03:17:25,220][flwr][DEBUG] - fit_round 3: strategy sampled 2 clients (out of 10)
[2025-03-26 03:17:37,310][flwr][DEBUG] - fit_round 3 received 2 results and 0 failures
[2025-03-26 03:17:38,368][flwr][INFO] - fit progress: (3, 1.858372449874878, {'accuracy': 0.319599986076355}, 40.047455209016334)
[2025-03-26 03:17:38,368][flwr][DEBUG] - evaluate_round 3: strategy sampled 2 clients (out of 10)
[2025-03-26 03:17:38,791][flwr][DEBUG] - evaluate_round 3 received 2 results and 0 failures
[2025-03-26 03:17:38,791][flwr][DEBUG] - fit_round 4: strategy sampled 2 clients (out of 10)
[2025-03-26 03:17:52,521][flwr][DEBUG] - fit_round 4 received 2 results and 0 failures
[2025-03-26 03:17:53,579][flwr][INFO] - fit progress: (4, 1.8383560180664062, {'accuracy': 0.3165999948978424}, 55.25801862499793)
[2025-03-26 03:17:53,579][flwr][DEBUG] - evaluate_round 4: strategy sampled 2 clients (out of 10)
[2025-03-26 03:17:54,106][flwr][DEBUG] - evaluate_round 4 received 2 results and 0 failures
[2025-03-26 03:17:54,106][flwr][DEBUG] - fit_round 5: strategy sampled 2 clients (out of 10)
[2025-03-26 03:18:08,013][flwr][DEBUG] - fit_round 5 received 2 results and 0 failures
[2025-03-26 03:18:09,071][flwr][INFO] - fit progress: (5, 1.7611640691757202, {'accuracy': 0.3431999981403351}, 70.75079508399358)
[2025-03-26 03:18:09,071][flwr][DEBUG] - evaluate_round 5: strategy sampled 2 clients (out of 10)
[2025-03-26 03:18:09,542][flwr][DEBUG] - evaluate_round 5 received 2 results and 0 failures
[2025-03-26 03:18:09,542][flwr][DEBUG] - fit_round 6: strategy sampled 2 clients (out of 10)
[2025-03-26 03:18:23,896][flwr][DEBUG] - fit_round 6 received 2 results and 0 failures
[2025-03-26 03:18:24,960][flwr][INFO] - fit progress: (6, 1.7545838356018066, {'accuracy': 0.34139999747276306}, 86.6393224170024)
[2025-03-26 03:18:24,960][flwr][DEBUG] - evaluate_round 6: strategy sampled 2 clients (out of 10)
[2025-03-26 03:18:25,396][flwr][DEBUG] - evaluate_round 6 received 2 results and 0 failures
[2025-03-26 03:18:25,396][flwr][DEBUG] - fit_round 7: strategy sampled 2 clients (out of 10)
[2025-03-26 03:18:37,982][flwr][DEBUG] - fit_round 7 received 2 results and 0 failures
[2025-03-26 03:18:39,054][flwr][INFO] - fit progress: (7, 1.708569884300232, {'accuracy': 0.36160001158714294}, 100.73325654200744)
[2025-03-26 03:18:39,054][flwr][DEBUG] - evaluate_round 7: strategy sampled 2 clients (out of 10)
[2025-03-26 03:18:39,500][flwr][DEBUG] - evaluate_round 7 received 2 results and 0 failures
[2025-03-26 03:18:39,500][flwr][DEBUG] - fit_round 8: strategy sampled 2 clients (out of 10)
[2025-03-26 03:18:54,187][flwr][DEBUG] - fit_round 8 received 2 results and 0 failures
[2025-03-26 03:18:55,252][flwr][INFO] - fit progress: (8, 1.6812878847122192, {'accuracy': 0.3702000081539154}, 116.93171954201534)
[2025-03-26 03:18:55,252][flwr][DEBUG] - evaluate_round 8: strategy sampled 2 clients (out of 10)
[2025-03-26 03:18:55,729][flwr][DEBUG] - evaluate_round 8 received 2 results and 0 failures
[2025-03-26 03:18:55,729][flwr][DEBUG] - fit_round 9: strategy sampled 2 clients (out of 10)
[2025-03-26 03:19:08,880][flwr][DEBUG] - fit_round 9 received 2 results and 0 failures
[2025-03-26 03:19:09,962][flwr][INFO] - fit progress: (9, 1.6543755531311035, {'accuracy': 0.38530001044273376}, 131.64183050001157)
[2025-03-26 03:19:09,962][flwr][DEBUG] - evaluate_round 9: strategy sampled 2 clients (out of 10)
[2025-03-26 03:19:10,493][flwr][DEBUG] - evaluate_round 9 received 2 results and 0 failures
[2025-03-26 03:19:10,494][flwr][DEBUG] - fit_round 10: strategy sampled 2 clients (out of 10)
[2025-03-26 03:19:26,224][flwr][DEBUG] - fit_round 10 received 2 results and 0 failures
[2025-03-26 03:19:27,301][flwr][INFO] - fit progress: (10, 1.8485177755355835, {'accuracy': 0.3158999979496002}, 148.98111824999796)
[2025-03-26 03:19:27,301][flwr][DEBUG] - evaluate_round 10: strategy sampled 2 clients (out of 10)
[2025-03-26 03:19:27,747][flwr][DEBUG] - evaluate_round 10 received 2 results and 0 failures
[2025-03-26 03:19:27,747][flwr][DEBUG] - fit_round 11: strategy sampled 2 clients (out of 10)
[2025-03-26 03:19:41,997][flwr][DEBUG] - fit_round 11 received 2 results and 0 failures
[2025-03-26 03:19:43,075][flwr][INFO] - fit progress: (11, 1.7238730192184448, {'accuracy': 0.3646000027656555}, 164.75522533399635)
[2025-03-26 03:19:43,075][flwr][DEBUG] - evaluate_round 11: strategy sampled 2 clients (out of 10)
[2025-03-26 03:19:43,555][flwr][DEBUG] - evaluate_round 11 received 2 results and 0 failures
[2025-03-26 03:19:43,555][flwr][DEBUG] - fit_round 12: strategy sampled 2 clients (out of 10)
[2025-03-26 03:19:58,569][flwr][DEBUG] - fit_round 12 received 2 results and 0 failures
[2025-03-26 03:19:59,646][flwr][INFO] - fit progress: (12, 1.6458191871643066, {'accuracy': 0.38580000400543213}, 181.32609308400424)
[2025-03-26 03:19:59,646][flwr][DEBUG] - evaluate_round 12: strategy sampled 2 clients (out of 10)
[2025-03-26 03:20:00,092][flwr][DEBUG] - evaluate_round 12 received 2 results and 0 failures
[2025-03-26 03:20:00,092][flwr][DEBUG] - fit_round 13: strategy sampled 2 clients (out of 10)
[2025-03-26 03:20:14,204][flwr][DEBUG] - fit_round 13 received 2 results and 0 failures
[2025-03-26 03:20:15,281][flwr][INFO] - fit progress: (13, 1.5825486183166504, {'accuracy': 0.4108999967575073}, 196.96121150002)
[2025-03-26 03:20:15,281][flwr][DEBUG] - evaluate_round 13: strategy sampled 2 clients (out of 10)
[2025-03-26 03:20:15,727][flwr][DEBUG] - evaluate_round 13 received 2 results and 0 failures
[2025-03-26 03:20:15,727][flwr][DEBUG] - fit_round 14: strategy sampled 2 clients (out of 10)
[2025-03-26 03:20:31,647][flwr][DEBUG] - fit_round 14 received 2 results and 0 failures
[2025-03-26 03:20:32,728][flwr][INFO] - fit progress: (14, 1.8072972297668457, {'accuracy': 0.3495999872684479}, 214.4084574590088)
[2025-03-26 03:20:32,728][flwr][DEBUG] - evaluate_round 14: strategy sampled 2 clients (out of 10)
[2025-03-26 03:20:33,215][flwr][DEBUG] - evaluate_round 14 received 2 results and 0 failures
[2025-03-26 03:20:33,215][flwr][DEBUG] - fit_round 15: strategy sampled 2 clients (out of 10)
[2025-03-26 03:20:47,351][flwr][DEBUG] - fit_round 15 received 2 results and 0 failures
[2025-03-26 03:20:48,425][flwr][INFO] - fit progress: (15, 1.5730193853378296, {'accuracy': 0.4275999963283539}, 230.10549133401946)
[2025-03-26 03:20:48,425][flwr][DEBUG] - evaluate_round 15: strategy sampled 2 clients (out of 10)
[2025-03-26 03:20:48,927][flwr][DEBUG] - evaluate_round 15 received 2 results and 0 failures
[2025-03-26 03:20:48,927][flwr][DEBUG] - fit_round 16: strategy sampled 2 clients (out of 10)
[2025-03-26 03:21:03,228][flwr][DEBUG] - fit_round 16 received 2 results and 0 failures
[2025-03-26 03:21:04,307][flwr][INFO] - fit progress: (16, 1.5089236497879028, {'accuracy': 0.4449999928474426}, 245.9876473339973)
[2025-03-26 03:21:04,307][flwr][DEBUG] - evaluate_round 16: strategy sampled 2 clients (out of 10)
[2025-03-26 03:21:04,815][flwr][DEBUG] - evaluate_round 16 received 2 results and 0 failures
[2025-03-26 03:21:04,815][flwr][DEBUG] - fit_round 17: strategy sampled 2 clients (out of 10)
[2025-03-26 03:21:19,374][flwr][DEBUG] - fit_round 17 received 2 results and 0 failures
[2025-03-26 03:21:20,450][flwr][INFO] - fit progress: (17, 1.4815407991409302, {'accuracy': 0.4546999931335449}, 262.131042708992)
[2025-03-26 03:21:20,451][flwr][DEBUG] - evaluate_round 17: strategy sampled 2 clients (out of 10)
[2025-03-26 03:21:20,906][flwr][DEBUG] - evaluate_round 17 received 2 results and 0 failures
[2025-03-26 03:21:20,906][flwr][DEBUG] - fit_round 18: strategy sampled 2 clients (out of 10)
[2025-03-26 03:21:34,701][flwr][DEBUG] - fit_round 18 received 2 results and 0 failures
[2025-03-26 03:21:35,782][flwr][INFO] - fit progress: (18, 1.557210922241211, {'accuracy': 0.42329999804496765}, 277.4626072499959)
[2025-03-26 03:21:35,782][flwr][DEBUG] - evaluate_round 18: strategy sampled 2 clients (out of 10)
[2025-03-26 03:21:36,298][flwr][DEBUG] - evaluate_round 18 received 2 results and 0 failures
[2025-03-26 03:21:36,298][flwr][DEBUG] - fit_round 19: strategy sampled 2 clients (out of 10)
[2025-03-26 03:21:51,823][flwr][DEBUG] - fit_round 19 received 2 results and 0 failures
[2025-03-26 03:21:52,907][flwr][INFO] - fit progress: (19, 1.4707450866699219, {'accuracy': 0.46380001306533813}, 294.587499959016)
[2025-03-26 03:21:52,907][flwr][DEBUG] - evaluate_round 19: strategy sampled 2 clients (out of 10)
[2025-03-26 03:21:53,372][flwr][DEBUG] - evaluate_round 19 received 2 results and 0 failures
[2025-03-26 03:21:53,372][flwr][DEBUG] - fit_round 20: strategy sampled 2 clients (out of 10)
[2025-03-26 03:22:06,492][flwr][DEBUG] - fit_round 20 received 2 results and 0 failures
[2025-03-26 03:22:07,573][flwr][INFO] - fit progress: (20, 1.5254287719726562, {'accuracy': 0.4381999969482422}, 309.2539603339974)
[2025-03-26 03:22:07,573][flwr][DEBUG] - evaluate_round 20: strategy sampled 2 clients (out of 10)
[2025-03-26 03:22:08,094][flwr][DEBUG] - evaluate_round 20 received 2 results and 0 failures
[2025-03-26 03:22:08,094][flwr][INFO] - FL finished in 309.7748662090162
[2025-03-26 03:22:08,094][flwr][INFO] - app_fit: losses_distributed [(1, 2.1473771559090173), (2, 1.959116722477807), (3, 1.8537658616288069), (4, 1.8523611760375522), (5, 1.758269367357677), (6, 1.770214729659562), (7, 1.7044152658279628), (8, 1.6688123756635842), (9, 1.6393125242161974), (10, 1.845410906750223), (11, 1.717393257846571), (12, 1.669799120458838), (13, 1.584870895294294), (14, 1.799431671901625), (15, 1.5796467315370792), (16, 1.493831333361174), (17, 1.4773247932132922), (18, 1.5952613002724119), (19, 1.4679154906007978), (20, 1.5863490776276925)]
[2025-03-26 03:22:08,094][flwr][INFO] - app_fit: metrics_distributed_fit {'variance_training_loss': [(1, 0.00019615854034782387), (2, 1.91686315389461e-05), (3, 5.433527960363449e-05), (4, 0.00028101521118983896), (5, 1.2906426150038897e-08), (6, 7.463915006056254e-05), (7, 0.0002584310218232133), (8, 0.0001960183186042741), (9, 9.567384967468229e-05), (10, 2.5728787989010016e-07), (11, 2.9867863204913192e-05), (12, 1.9819067667015133e-06), (13, 1.7346180047894677e-05), (14, 2.7163260121199073e-06), (15, 1.3597223702532801e-05), (16, 0.0006177126454218751), (17, 7.384778882624232e-06), (18, 1.6461587293292723e-07), (19, 6.87805368215777e-10), (20, 4.58132412006762e-08)], 'average_training_loss': [(1, 2.1459710597991943), (2, 1.9954088926315308), (3, 1.909848392009735), (4, 1.858356773853302), (5, 1.8271390199661255), (6, 1.7758259177207947), (7, 1.7259442210197449), (8, 1.715053677558899), (9, 1.7028681635856628), (10, 1.6980377435684204), (11, 1.6568329334259033), (12, 1.6507626175880432), (13, 1.623728096485138), (14, 1.616145670413971), (15, 1.6002761721611023), (16, 1.575138807296753), (17, 1.5679324865341187), (18, 1.5500440001487732), (19, 1.5434861183166504), (20, 1.4929662346839905)]}
[2025-03-26 03:22:08,094][flwr][INFO] - app_fit: metrics_distributed {}
[2025-03-26 03:22:08,094][flwr][INFO] - app_fit: losses_centralized [(0, 2.3041982650756836), (1, 2.1336116790771484), (2, 1.9579827785491943), (3, 1.858372449874878), (4, 1.8383560180664062), (5, 1.7611640691757202), (6, 1.7545838356018066), (7, 1.708569884300232), (8, 1.6812878847122192), (9, 1.6543755531311035), (10, 1.8485177755355835), (11, 1.7238730192184448), (12, 1.6458191871643066), (13, 1.5825486183166504), (14, 1.8072972297668457), (15, 1.5730193853378296), (16, 1.5089236497879028), (17, 1.4815407991409302), (18, 1.557210922241211), (19, 1.4707450866699219), (20, 1.5254287719726562)]
[2025-03-26 03:22:08,095][flwr][INFO] - app_fit: metrics_centralized {'accuracy': [(0, 0.10010000318288803), (1, 0.20069999992847443), (2, 0.288100004196167), (3, 0.319599986076355), (4, 0.3165999948978424), (5, 0.3431999981403351), (6, 0.34139999747276306), (7, 0.36160001158714294), (8, 0.3702000081539154), (9, 0.38530001044273376), (10, 0.3158999979496002), (11, 0.3646000027656555), (12, 0.38580000400543213), (13, 0.4108999967575073), (14, 0.3495999872684479), (15, 0.4275999963283539), (16, 0.4449999928474426), (17, 0.4546999931335449), (18, 0.42329999804496765), (19, 0.46380001306533813), (20, 0.4381999969482422)]}
