[2025-03-10 22:41:20,115][flwr][INFO] - Using FedAvg strategy
[2025-03-10 22:41:20,115][flwr][INFO] - Starting Flower simulation, config: ServerConfig(num_rounds=20, round_timeout=None)
[2025-03-10 22:41:21,253][flwr][INFO] - Flower VCE: Ray initialized with resources: {'node:127.0.0.1': 1.0, 'object_store_memory': 2147483648.0, 'node:__internal_head__': 1.0, 'memory': 16749150208.0, 'CPU': 8.0}
[2025-03-10 22:41:21,253][flwr][INFO] - Flower VCE: Resources for each Virtual Client: {'num_cpus': 0.5, 'num_gpus': 0}
[2025-03-10 22:41:21,259][flwr][INFO] - Flower VCE: Creating VirtualClientEngineActorPool with 16 actors
[2025-03-10 22:41:21,259][flwr][INFO] - Initializing global parameters
[2025-03-10 22:41:21,259][flwr][INFO] - Requesting initial parameters from one random client
[2025-03-10 22:41:26,379][flwr][INFO] - Received initial parameters from one random client
[2025-03-10 22:41:26,379][flwr][INFO] - Evaluating initial parameters
[2025-03-10 22:41:27,503][flwr][INFO] - initial parameters (loss, other metrics): 2.3032450675964355, {'accuracy': 0.09099999815225601}
[2025-03-10 22:41:27,503][flwr][INFO] - FL starting
[2025-03-10 22:41:27,504][flwr][DEBUG] - fit_round 1: strategy sampled 9 clients (out of 10)
[2025-03-10 22:41:58,908][flwr][DEBUG] - fit_round 1 received 9 results and 0 failures
[2025-03-10 22:41:59,935][flwr][INFO] - fit progress: (1, 2.3183488845825195, {'accuracy': 0.10000000149011612}, 32.43193058297038)
[2025-03-10 22:41:59,935][flwr][DEBUG] - evaluate_round 1: strategy sampled 9 clients (out of 10)
[2025-03-10 22:42:01,547][flwr][DEBUG] - evaluate_round 1 received 9 results and 0 failures
[2025-03-10 22:42:01,547][flwr][WARNING] - No evaluate_metrics_aggregation_fn provided
[2025-03-10 22:42:01,547][flwr][DEBUG] - fit_round 2: strategy sampled 9 clients (out of 10)
[2025-03-10 22:42:25,371][flwr][DEBUG] - fit_round 2 received 9 results and 0 failures
[2025-03-10 22:42:26,393][flwr][INFO] - fit progress: (2, 2.392515182495117, {'accuracy': 0.10000000149011612}, 58.890407874947414)
[2025-03-10 22:42:26,393][flwr][DEBUG] - evaluate_round 2: strategy sampled 9 clients (out of 10)
[2025-03-10 22:42:27,927][flwr][DEBUG] - evaluate_round 2 received 9 results and 0 failures
[2025-03-10 22:42:27,928][flwr][DEBUG] - fit_round 3: strategy sampled 9 clients (out of 10)
[2025-03-10 22:42:56,388][flwr][DEBUG] - fit_round 3 received 9 results and 0 failures
[2025-03-10 22:42:57,537][flwr][INFO] - fit progress: (3, 2.343636989593506, {'accuracy': 0.10980000346899033}, 90.03524412494153)
[2025-03-10 22:42:57,538][flwr][DEBUG] - evaluate_round 3: strategy sampled 9 clients (out of 10)
[2025-03-10 22:42:59,436][flwr][DEBUG] - evaluate_round 3 received 9 results and 0 failures
[2025-03-10 22:42:59,436][flwr][DEBUG] - fit_round 4: strategy sampled 9 clients (out of 10)
[2025-03-10 22:43:28,176][flwr][DEBUG] - fit_round 4 received 9 results and 0 failures
[2025-03-10 22:43:29,251][flwr][INFO] - fit progress: (4, 2.094092607498169, {'accuracy': 0.18880000710487366}, 121.74926641595084)
[2025-03-10 22:43:29,251][flwr][DEBUG] - evaluate_round 4: strategy sampled 9 clients (out of 10)
[2025-03-10 22:43:30,908][flwr][DEBUG] - evaluate_round 4 received 9 results and 0 failures
[2025-03-10 22:43:30,908][flwr][DEBUG] - fit_round 5: strategy sampled 9 clients (out of 10)
[2025-03-10 22:44:02,296][flwr][DEBUG] - fit_round 5 received 9 results and 0 failures
[2025-03-10 22:44:03,335][flwr][INFO] - fit progress: (5, 1.8577167987823486, {'accuracy': 0.30410000681877136}, 155.834059915971)
[2025-03-10 22:44:03,335][flwr][DEBUG] - evaluate_round 5: strategy sampled 9 clients (out of 10)
[2025-03-10 22:44:05,154][flwr][DEBUG] - evaluate_round 5 received 9 results and 0 failures
[2025-03-10 22:44:05,154][flwr][DEBUG] - fit_round 6: strategy sampled 9 clients (out of 10)
[2025-03-10 22:44:33,458][flwr][DEBUG] - fit_round 6 received 9 results and 0 failures
[2025-03-10 22:44:34,507][flwr][INFO] - fit progress: (6, 1.7679250240325928, {'accuracy': 0.34950000047683716}, 187.00641941593494)
[2025-03-10 22:44:34,507][flwr][DEBUG] - evaluate_round 6: strategy sampled 9 clients (out of 10)
[2025-03-10 22:44:36,197][flwr][DEBUG] - evaluate_round 6 received 9 results and 0 failures
[2025-03-10 22:44:36,197][flwr][DEBUG] - fit_round 7: strategy sampled 9 clients (out of 10)
[2025-03-10 22:45:03,401][flwr][DEBUG] - fit_round 7 received 9 results and 0 failures
[2025-03-10 22:45:04,472][flwr][INFO] - fit progress: (7, 1.7190779447555542, {'accuracy': 0.3643999993801117}, 216.9716565000126)
[2025-03-10 22:45:04,472][flwr][DEBUG] - evaluate_round 7: strategy sampled 9 clients (out of 10)
[2025-03-10 22:45:06,377][flwr][DEBUG] - evaluate_round 7 received 9 results and 0 failures
[2025-03-10 22:45:06,377][flwr][DEBUG] - fit_round 8: strategy sampled 9 clients (out of 10)
[2025-03-10 22:45:38,428][flwr][DEBUG] - fit_round 8 received 9 results and 0 failures
[2025-03-10 22:45:39,480][flwr][INFO] - fit progress: (8, 1.6659060716629028, {'accuracy': 0.3930000066757202}, 251.98072891600896)
[2025-03-10 22:45:39,481][flwr][DEBUG] - evaluate_round 8: strategy sampled 9 clients (out of 10)
[2025-03-10 22:45:41,386][flwr][DEBUG] - evaluate_round 8 received 9 results and 0 failures
[2025-03-10 22:45:41,386][flwr][DEBUG] - fit_round 9: strategy sampled 9 clients (out of 10)
[2025-03-10 22:46:08,495][flwr][DEBUG] - fit_round 9 received 9 results and 0 failures
[2025-03-10 22:46:09,553][flwr][INFO] - fit progress: (9, 1.6629085540771484, {'accuracy': 0.40450000762939453}, 282.05396554095205)
[2025-03-10 22:46:09,553][flwr][DEBUG] - evaluate_round 9: strategy sampled 9 clients (out of 10)
[2025-03-10 22:46:11,476][flwr][DEBUG] - evaluate_round 9 received 9 results and 0 failures
[2025-03-10 22:46:11,476][flwr][DEBUG] - fit_round 10: strategy sampled 9 clients (out of 10)
[2025-03-10 22:46:39,929][flwr][DEBUG] - fit_round 10 received 9 results and 0 failures
[2025-03-10 22:46:40,985][flwr][INFO] - fit progress: (10, 1.6698503494262695, {'accuracy': 0.38359999656677246}, 313.4860394160496)
[2025-03-10 22:46:40,985][flwr][DEBUG] - evaluate_round 10: strategy sampled 9 clients (out of 10)
[2025-03-10 22:46:42,630][flwr][DEBUG] - evaluate_round 10 received 9 results and 0 failures
[2025-03-10 22:46:42,630][flwr][DEBUG] - fit_round 11: strategy sampled 9 clients (out of 10)
[2025-03-10 22:47:11,137][flwr][DEBUG] - fit_round 11 received 9 results and 0 failures
[2025-03-10 22:47:12,169][flwr][INFO] - fit progress: (11, 1.6062414646148682, {'accuracy': 0.41350001096725464}, 344.6710060000187)
[2025-03-10 22:47:12,170][flwr][DEBUG] - evaluate_round 11: strategy sampled 9 clients (out of 10)
[2025-03-10 22:47:13,921][flwr][DEBUG] - evaluate_round 11 received 9 results and 0 failures
[2025-03-10 22:47:13,921][flwr][DEBUG] - fit_round 12: strategy sampled 9 clients (out of 10)
[2025-03-10 22:47:45,987][flwr][DEBUG] - fit_round 12 received 9 results and 0 failures
[2025-03-10 22:47:47,037][flwr][INFO] - fit progress: (12, 1.590396523475647, {'accuracy': 0.43689998984336853}, 379.5395972910337)
[2025-03-10 22:47:47,038][flwr][DEBUG] - evaluate_round 12: strategy sampled 9 clients (out of 10)
[2025-03-10 22:47:48,888][flwr][DEBUG] - evaluate_round 12 received 9 results and 0 failures
[2025-03-10 22:47:48,889][flwr][DEBUG] - fit_round 13: strategy sampled 9 clients (out of 10)
[2025-03-10 22:48:20,524][flwr][DEBUG] - fit_round 13 received 9 results and 0 failures
[2025-03-10 22:48:21,581][flwr][INFO] - fit progress: (13, 1.6010690927505493, {'accuracy': 0.42809998989105225}, 414.0834216659423)
[2025-03-10 22:48:21,581][flwr][DEBUG] - evaluate_round 13: strategy sampled 9 clients (out of 10)
[2025-03-10 22:48:23,159][flwr][DEBUG] - evaluate_round 13 received 9 results and 0 failures
[2025-03-10 22:48:23,159][flwr][DEBUG] - fit_round 14: strategy sampled 9 clients (out of 10)
[2025-03-10 22:48:53,601][flwr][DEBUG] - fit_round 14 received 9 results and 0 failures
[2025-03-10 22:48:54,649][flwr][INFO] - fit progress: (14, 1.5333114862442017, {'accuracy': 0.43799999356269836}, 447.1525193329435)
[2025-03-10 22:48:54,650][flwr][DEBUG] - evaluate_round 14: strategy sampled 9 clients (out of 10)
[2025-03-10 22:48:56,558][flwr][DEBUG] - evaluate_round 14 received 9 results and 0 failures
[2025-03-10 22:48:56,558][flwr][DEBUG] - fit_round 15: strategy sampled 9 clients (out of 10)
[2025-03-10 22:49:25,292][flwr][DEBUG] - fit_round 15 received 9 results and 0 failures
[2025-03-10 22:49:26,318][flwr][INFO] - fit progress: (15, 1.5093660354614258, {'accuracy': 0.4406000077724457}, 478.82176824996714)
[2025-03-10 22:49:26,318][flwr][DEBUG] - evaluate_round 15: strategy sampled 9 clients (out of 10)
[2025-03-10 22:49:28,189][flwr][DEBUG] - evaluate_round 15 received 9 results and 0 failures
[2025-03-10 22:49:28,189][flwr][DEBUG] - fit_round 16: strategy sampled 9 clients (out of 10)
[2025-03-10 22:49:58,532][flwr][DEBUG] - fit_round 16 received 9 results and 0 failures
[2025-03-10 22:49:59,576][flwr][INFO] - fit progress: (16, 1.6064401865005493, {'accuracy': 0.3930000066757202}, 512.080273041036)
[2025-03-10 22:49:59,576][flwr][DEBUG] - evaluate_round 16: strategy sampled 9 clients (out of 10)
[2025-03-10 22:50:01,312][flwr][DEBUG] - evaluate_round 16 received 9 results and 0 failures
[2025-03-10 22:50:01,312][flwr][DEBUG] - fit_round 17: strategy sampled 9 clients (out of 10)
[2025-03-10 22:50:31,765][flwr][DEBUG] - fit_round 17 received 9 results and 0 failures
[2025-03-10 22:50:32,792][flwr][INFO] - fit progress: (17, 1.4833251237869263, {'accuracy': 0.4708999991416931}, 545.2963244999992)
[2025-03-10 22:50:32,792][flwr][DEBUG] - evaluate_round 17: strategy sampled 9 clients (out of 10)
[2025-03-10 22:50:34,734][flwr][DEBUG] - evaluate_round 17 received 9 results and 0 failures
[2025-03-10 22:50:34,734][flwr][DEBUG] - fit_round 18: strategy sampled 9 clients (out of 10)
[2025-03-10 22:51:03,679][flwr][DEBUG] - fit_round 18 received 9 results and 0 failures
[2025-03-10 22:51:04,756][flwr][INFO] - fit progress: (18, 1.6277583837509155, {'accuracy': 0.38040000200271606}, 577.2611542909872)
[2025-03-10 22:51:04,756][flwr][DEBUG] - evaluate_round 18: strategy sampled 9 clients (out of 10)
[2025-03-10 22:51:06,672][flwr][DEBUG] - evaluate_round 18 received 9 results and 0 failures
[2025-03-10 22:51:06,672][flwr][DEBUG] - fit_round 19: strategy sampled 9 clients (out of 10)
[2025-03-10 22:51:38,990][flwr][DEBUG] - fit_round 19 received 9 results and 0 failures
[2025-03-10 22:51:40,026][flwr][INFO] - fit progress: (19, 1.4979456663131714, {'accuracy': 0.4496000111103058}, 612.5315397910308)
[2025-03-10 22:51:40,026][flwr][DEBUG] - evaluate_round 19: strategy sampled 9 clients (out of 10)
[2025-03-10 22:51:41,730][flwr][DEBUG] - evaluate_round 19 received 9 results and 0 failures
[2025-03-10 22:51:41,730][flwr][DEBUG] - fit_round 20: strategy sampled 9 clients (out of 10)
[2025-03-10 22:52:05,824][flwr][DEBUG] - fit_round 20 received 9 results and 0 failures
[2025-03-10 22:52:06,881][flwr][INFO] - fit progress: (20, 1.4531950950622559, {'accuracy': 0.47589999437332153}, 639.3872308329446)
[2025-03-10 22:52:06,881][flwr][DEBUG] - evaluate_round 20: strategy sampled 9 clients (out of 10)
[2025-03-10 22:52:08,673][flwr][DEBUG] - evaluate_round 20 received 9 results and 0 failures
[2025-03-10 22:52:08,673][flwr][INFO] - FL finished in 641.1791631249944
[2025-03-10 22:52:08,674][flwr][INFO] - app_fit: losses_distributed [(1, 2.3512146476514353), (2, 2.4512179775801832), (3, 2.3687088798737643), (4, 2.0724879718110416), (5, 1.8660666556576142), (6, 1.7704400145314398), (7, 1.7148518797478651), (8, 1.684678394329636), (9, 1.6595373470571977), (10, 1.6585673583502738), (11, 1.5965279010641906), (12, 1.59507241891828), (13, 1.6667151729425114), (14, 1.5563436216884659), (15, 1.5207957307058584), (16, 1.6091353503368584), (17, 1.4970655980096759), (18, 1.661450082875486), (19, 1.5795785034056937), (20, 1.485315065822858)]
[2025-03-10 22:52:08,674][flwr][INFO] - app_fit: metrics_distributed_fit {'variance_training_loss': [(1, 0.1634569950536474), (2, 0.2933420298591296), (3, 0.26721323685469694), (4, 0.23243473761739392), (5, 0.190644953914981), (6, 0.19617282376717), (7, 0.20387985808725462), (8, 0.18024568268583963), (9, 0.19792059053816535), (10, 0.18552825143976248), (11, 0.15160324179354626), (12, 0.15729641987695925), (13, 0.07123454574197727), (14, 0.17625152736259142), (15, 0.16241382053570874), (16, 0.16616133227944074), (17, 0.16549613203304483), (18, 0.14628323693414225), (19, 0.14295388296392353), (20, 0.15747321648154988)], 'average_training_loss': [(1, 1.5207353168063693), (2, 1.2365447121361892), (3, 1.1561623132891126), (4, 1.1815911742548149), (5, 1.0477704281608264), (6, 1.0328542047904596), (7, 1.0514423607124224), (8, 0.9937964379787445), (9, 1.0244941905968719), (10, 1.0123647923270862), (11, 0.936309588038259), (12, 0.9400667577154107), (13, 1.081740551524692), (14, 0.9718138120240636), (15, 1.000728603452444), (16, 0.9537515793409612), (17, 0.9446790181100368), (18, 0.9583368135823144), (19, 0.8801227497557799), (20, 0.913089882168505)], 'estimated_times': [(1, [42.716414954781314, 0.5799395997372765, 6.729928657251038, 19.051277808783034, 9.31730521260872, 10.677986398814374, 8.789905700132177, 35.34997927981657, 7.165141681023961]), (2, [35.34997927981657, 19.051277808783034, 10.677986398814374, 0.5799395997372765, 8.150211189873524, 9.31730521260872, 8.789905700132177, 7.165141681023961, 6.729928657251038]), (3, [7.165141681023961, 42.716414954781314, 0.5799395997372765, 8.789905700132177, 35.34997927981657, 6.729928657251038, 19.051277808783034, 8.150211189873524, 10.677986398814374]), (4, [19.051277808783034, 9.31730521260872, 42.716414954781314, 8.789905700132177, 35.34997927981657, 0.5799395997372765, 6.729928657251038, 7.165141681023961, 8.150211189873524]), (5, [6.729928657251038, 8.150211189873524, 9.31730521260872, 35.34997927981657, 10.677986398814374, 8.789905700132177, 19.051277808783034, 42.716414954781314, 0.5799395997372765]), (6, [8.789905700132177, 10.677986398814374, 7.165141681023961, 6.729928657251038, 35.34997927981657, 8.150211189873524, 19.051277808783034, 0.5799395997372765, 42.716414954781314]), (7, [42.716414954781314, 8.150211189873524, 0.5799395997372765, 7.165141681023961, 19.051277808783034, 6.729928657251038, 9.31730521260872, 8.789905700132177, 10.677986398814374]), (8, [10.677986398814374, 6.729928657251038, 19.051277808783034, 9.31730521260872, 42.716414954781314, 35.34997927981657, 8.789905700132177, 7.165141681023961, 8.150211189873524]), (9, [8.789905700132177, 10.677986398814374, 19.051277808783034, 9.31730521260872, 7.165141681023961, 8.150211189873524, 42.716414954781314, 6.729928657251038, 0.5799395997372765]), (10, [42.716414954781314, 35.34997927981657, 10.677986398814374, 0.5799395997372765, 9.31730521260872, 6.729928657251038, 8.150211189873524, 19.051277808783034, 7.165141681023961]), (11, [6.729928657251038, 8.789905700132177, 0.5799395997372765, 8.150211189873524, 19.051277808783034, 42.716414954781314, 10.677986398814374, 7.165141681023961, 35.34997927981657]), (12, [10.677986398814374, 9.31730521260872, 35.34997927981657, 8.789905700132177, 6.729928657251038, 19.051277808783034, 8.150211189873524, 42.716414954781314, 7.165141681023961]), (13, [8.789905700132177, 7.165141681023961, 19.051277808783034, 35.34997927981657, 6.729928657251038, 42.716414954781314, 9.31730521260872, 10.677986398814374, 0.5799395997372765]), (14, [7.165141681023961, 0.5799395997372765, 19.051277808783034, 9.31730521260872, 8.789905700132177, 8.150211189873524, 42.716414954781314, 35.34997927981657, 10.677986398814374]), (15, [19.051277808783034, 6.729928657251038, 35.34997927981657, 7.165141681023961, 0.5799395997372765, 8.789905700132177, 42.716414954781314, 9.31730521260872, 8.150211189873524]), (16, [10.677986398814374, 19.051277808783034, 8.789905700132177, 42.716414954781314, 0.5799395997372765, 9.31730521260872, 7.165141681023961, 8.150211189873524, 35.34997927981657]), (17, [0.5799395997372765, 9.31730521260872, 19.051277808783034, 10.677986398814374, 8.789905700132177, 8.150211189873524, 35.34997927981657, 42.716414954781314, 7.165141681023961]), (18, [6.729928657251038, 7.165141681023961, 8.150211189873524, 42.716414954781314, 0.5799395997372765, 35.34997927981657, 9.31730521260872, 8.789905700132177, 19.051277808783034]), (19, [42.716414954781314, 9.31730521260872, 6.729928657251038, 10.677986398814374, 7.165141681023961, 8.789905700132177, 8.150211189873524, 35.34997927981657, 19.051277808783034]), (20, [0.5799395997372765, 8.789905700132177, 9.31730521260872, 8.150211189873524, 7.165141681023961, 35.34997927981657, 6.729928657251038, 19.051277808783034, 10.677986398814374])]}
[2025-03-10 22:52:08,675][flwr][INFO] - app_fit: metrics_distributed {}
[2025-03-10 22:52:08,675][flwr][INFO] - app_fit: losses_centralized [(0, 2.3032450675964355), (1, 2.3183488845825195), (2, 2.392515182495117), (3, 2.343636989593506), (4, 2.094092607498169), (5, 1.8577167987823486), (6, 1.7679250240325928), (7, 1.7190779447555542), (8, 1.6659060716629028), (9, 1.6629085540771484), (10, 1.6698503494262695), (11, 1.6062414646148682), (12, 1.590396523475647), (13, 1.6010690927505493), (14, 1.5333114862442017), (15, 1.5093660354614258), (16, 1.6064401865005493), (17, 1.4833251237869263), (18, 1.6277583837509155), (19, 1.4979456663131714), (20, 1.4531950950622559)]
[2025-03-10 22:52:08,675][flwr][INFO] - app_fit: metrics_centralized {'accuracy': [(0, 0.09099999815225601), (1, 0.10000000149011612), (2, 0.10000000149011612), (3, 0.10980000346899033), (4, 0.18880000710487366), (5, 0.30410000681877136), (6, 0.34950000047683716), (7, 0.3643999993801117), (8, 0.3930000066757202), (9, 0.40450000762939453), (10, 0.38359999656677246), (11, 0.41350001096725464), (12, 0.43689998984336853), (13, 0.42809998989105225), (14, 0.43799999356269836), (15, 0.4406000077724457), (16, 0.3930000066757202), (17, 0.4708999991416931), (18, 0.38040000200271606), (19, 0.4496000111103058), (20, 0.47589999437332153)]}
