[2025-03-11 15:43:20,212][flwr][INFO] - Starting Flower simulation, config: ServerConfig(num_rounds=20, round_timeout=None)
[2025-03-11 15:43:21,367][flwr][INFO] - Flower VCE: Ray initialized with resources: {'CPU': 8.0, 'object_store_memory': 2147483648.0, 'node:__internal_head__': 1.0, 'node:127.0.0.1': 1.0, 'memory': 16542947738.0}
[2025-03-11 15:43:21,367][flwr][INFO] - Flower VCE: Resources for each Virtual Client: {'num_cpus': 0.5, 'num_gpus': 0}
[2025-03-11 15:43:21,373][flwr][INFO] - Flower VCE: Creating VirtualClientEngineActorPool with 16 actors
[2025-03-11 15:43:21,373][flwr][INFO] - Initializing global parameters
[2025-03-11 15:43:21,373][flwr][INFO] - Requesting initial parameters from one random client
[2025-03-11 15:43:26,451][flwr][INFO] - Received initial parameters from one random client
[2025-03-11 15:43:26,452][flwr][INFO] - Evaluating initial parameters
[2025-03-11 15:43:27,605][flwr][INFO] - initial parameters (loss, other metrics): 2.304586410522461, {'accuracy': 0.10000000149011612}
[2025-03-11 15:43:27,605][flwr][INFO] - FL starting
[2025-03-11 15:43:30,408][flwr][INFO] - Server 1: selected clients
                ['0', '8', '1', '2', '4', '3', '9', '6', '7', '5'] for first phase evaluation.
[2025-03-11 15:43:30,408][flwr][DEBUG] - evaluate_first_phase 1: strategy sampled 10 clients (out of 10)
[2025-03-11 15:43:36,786][flwr][DEBUG] - evaluate_first_phase of round 1 received 10 results and 0 failures
[2025-03-11 15:43:36,786][flwr][INFO] - Server 1: about to sample 9 clients
[2025-03-11 15:43:36,786][flwr][INFO] - Round 1: selected clients
            ['2', '9', '4', '7', '0', '5', '8', '6', '1'] for fit.
[2025-03-11 15:43:36,787][flwr][DEBUG] - fit_round 1: strategy sampled 9 clients (out of 10)
[2025-03-11 15:44:05,349][flwr][DEBUG] - fit_round 1 received 9 results and 0 failures
[2025-03-11 15:44:06,400][flwr][INFO] - fit progress: (1, 2.3673994541168213, {'accuracy': 0.1534000039100647}, 38.79438574996311)
[2025-03-11 15:44:06,400][flwr][DEBUG] - evaluate_round 1: strategy sampled 9 clients (out of 10)
[2025-03-11 15:44:08,251][flwr][DEBUG] - evaluate_round 1 received 9 results and 0 failures
[2025-03-11 15:44:08,251][flwr][WARNING] - No evaluate_metrics_aggregation_fn provided
[2025-03-11 15:44:11,029][flwr][INFO] - Server 2: selected clients
                ['0', '1', '6', '3', '9', '2', '7', '4', '5', '8'] for first phase evaluation.
[2025-03-11 15:44:11,029][flwr][DEBUG] - evaluate_first_phase 2: strategy sampled 10 clients (out of 10)
[2025-03-11 15:44:17,802][flwr][DEBUG] - evaluate_first_phase of round 2 received 10 results and 0 failures
[2025-03-11 15:44:17,803][flwr][INFO] - Server 2: about to sample 9 clients
[2025-03-11 15:44:17,803][flwr][INFO] - Round 2: selected clients
            ['1', '7', '5', '0', '2', '9', '4', '3', '8'] for fit.
[2025-03-11 15:44:17,803][flwr][DEBUG] - fit_round 2: strategy sampled 9 clients (out of 10)
[2025-03-11 15:44:46,672][flwr][DEBUG] - fit_round 2 received 9 results and 0 failures
[2025-03-11 15:44:47,727][flwr][INFO] - fit progress: (2, 2.3816545009613037, {'accuracy': 0.16769999265670776}, 80.12157499999739)
[2025-03-11 15:44:47,727][flwr][DEBUG] - evaluate_round 2: strategy sampled 9 clients (out of 10)
[2025-03-11 15:44:49,536][flwr][DEBUG] - evaluate_round 2 received 9 results and 0 failures
[2025-03-11 15:44:52,295][flwr][INFO] - Server 3: selected clients
                ['7', '8', '3', '9', '0', '6', '2', '1', '4', '5'] for first phase evaluation.
[2025-03-11 15:44:52,295][flwr][DEBUG] - evaluate_first_phase 3: strategy sampled 10 clients (out of 10)
[2025-03-11 15:44:58,461][flwr][DEBUG] - evaluate_first_phase of round 3 received 10 results and 0 failures
[2025-03-11 15:44:58,462][flwr][INFO] - Server 3: about to sample 9 clients
[2025-03-11 15:44:58,462][flwr][INFO] - Round 3: selected clients
            ['6', '8', '1', '4', '7', '0', '2', '5', '3'] for fit.
[2025-03-11 15:44:58,462][flwr][DEBUG] - fit_round 3: strategy sampled 9 clients (out of 10)
[2025-03-11 15:45:30,729][flwr][DEBUG] - fit_round 3 received 9 results and 0 failures
[2025-03-11 15:45:31,783][flwr][INFO] - fit progress: (3, 2.0488643646240234, {'accuracy': 0.20250000059604645}, 124.17726295802277)
[2025-03-11 15:45:31,784][flwr][DEBUG] - evaluate_round 3: strategy sampled 9 clients (out of 10)
[2025-03-11 15:45:33,751][flwr][DEBUG] - evaluate_round 3 received 9 results and 0 failures
[2025-03-11 15:45:36,550][flwr][INFO] - Server 4: selected clients
                ['0', '2', '3', '1', '7', '8', '5', '6', '9', '4'] for first phase evaluation.
[2025-03-11 15:45:36,550][flwr][DEBUG] - evaluate_first_phase 4: strategy sampled 10 clients (out of 10)
[2025-03-11 15:45:42,988][flwr][DEBUG] - evaluate_first_phase of round 4 received 10 results and 0 failures
[2025-03-11 15:45:42,989][flwr][INFO] - Server 4: about to sample 9 clients
[2025-03-11 15:45:42,989][flwr][INFO] - Round 4: selected clients
            ['0', '4', '6', '1', '3', '7', '8', '5', '2'] for fit.
[2025-03-11 15:45:42,989][flwr][DEBUG] - fit_round 4: strategy sampled 9 clients (out of 10)
[2025-03-11 15:46:15,278][flwr][DEBUG] - fit_round 4 received 9 results and 0 failures
[2025-03-11 15:46:16,346][flwr][INFO] - fit progress: (4, 1.7699980735778809, {'accuracy': 0.31299999356269836}, 168.73916895803995)
[2025-03-11 15:46:16,346][flwr][DEBUG] - evaluate_round 4: strategy sampled 9 clients (out of 10)
[2025-03-11 15:46:18,332][flwr][DEBUG] - evaluate_round 4 received 9 results and 0 failures
[2025-03-11 15:46:21,122][flwr][INFO] - Server 5: selected clients
                ['4', '9', '0', '2', '7', '1', '6', '5', '3', '8'] for first phase evaluation.
[2025-03-11 15:46:21,122][flwr][DEBUG] - evaluate_first_phase 5: strategy sampled 10 clients (out of 10)
[2025-03-11 15:46:27,707][flwr][DEBUG] - evaluate_first_phase of round 5 received 10 results and 0 failures
[2025-03-11 15:46:27,708][flwr][INFO] - Server 5: about to sample 9 clients
[2025-03-11 15:46:27,708][flwr][INFO] - Round 5: selected clients
            ['4', '2', '0', '3', '1', '7', '5', '6', '8'] for fit.
[2025-03-11 15:46:27,708][flwr][DEBUG] - fit_round 5: strategy sampled 9 clients (out of 10)
[2025-03-11 15:47:00,361][flwr][DEBUG] - fit_round 5 received 9 results and 0 failures
[2025-03-11 15:47:01,411][flwr][INFO] - fit progress: (5, 1.773310899734497, {'accuracy': 0.2985999882221222}, 213.8039026670158)
[2025-03-11 15:47:01,411][flwr][DEBUG] - evaluate_round 5: strategy sampled 9 clients (out of 10)
[2025-03-11 15:47:03,426][flwr][DEBUG] - evaluate_round 5 received 9 results and 0 failures
[2025-03-11 15:47:06,221][flwr][INFO] - Server 6: selected clients
                ['4', '0', '6', '2', '1', '8', '7', '3', '5', '9'] for first phase evaluation.
[2025-03-11 15:47:06,221][flwr][DEBUG] - evaluate_first_phase 6: strategy sampled 10 clients (out of 10)
[2025-03-11 15:47:12,600][flwr][DEBUG] - evaluate_first_phase of round 6 received 10 results and 0 failures
[2025-03-11 15:47:12,601][flwr][INFO] - Server 6: about to sample 9 clients
[2025-03-11 15:47:12,601][flwr][INFO] - Round 6: selected clients
            ['3', '5', '4', '6', '1', '0', '2', '7', '8'] for fit.
[2025-03-11 15:47:12,601][flwr][DEBUG] - fit_round 6: strategy sampled 9 clients (out of 10)
[2025-03-11 15:47:45,237][flwr][DEBUG] - fit_round 6 received 9 results and 0 failures
[2025-03-11 15:47:46,284][flwr][INFO] - fit progress: (6, 1.805672287940979, {'accuracy': 0.31049999594688416}, 258.67643016704824)
[2025-03-11 15:47:46,284][flwr][DEBUG] - evaluate_round 6: strategy sampled 9 clients (out of 10)
[2025-03-11 15:47:48,378][flwr][DEBUG] - evaluate_round 6 received 9 results and 0 failures
[2025-03-11 15:47:51,174][flwr][INFO] - Server 7: selected clients
                ['7', '8', '6', '2', '3', '9', '0', '4', '5', '1'] for first phase evaluation.
[2025-03-11 15:47:51,174][flwr][DEBUG] - evaluate_first_phase 7: strategy sampled 10 clients (out of 10)
[2025-03-11 15:47:57,562][flwr][DEBUG] - evaluate_first_phase of round 7 received 10 results and 0 failures
[2025-03-11 15:47:57,562][flwr][INFO] - Server 7: about to sample 9 clients
[2025-03-11 15:47:57,562][flwr][INFO] - Round 7: selected clients
            ['9', '5', '1', '6', '3', '4', '8', '2', '0'] for fit.
[2025-03-11 15:47:57,562][flwr][DEBUG] - fit_round 7: strategy sampled 9 clients (out of 10)
[2025-03-11 15:48:30,183][flwr][DEBUG] - fit_round 7 received 9 results and 0 failures
[2025-03-11 15:48:31,262][flwr][INFO] - fit progress: (7, 1.6826212406158447, {'accuracy': 0.3434000015258789}, 303.6543302499922)
[2025-03-11 15:48:31,262][flwr][DEBUG] - evaluate_round 7: strategy sampled 9 clients (out of 10)
[2025-03-11 15:48:33,283][flwr][DEBUG] - evaluate_round 7 received 9 results and 0 failures
[2025-03-11 15:48:36,089][flwr][INFO] - Server 8: selected clients
                ['3', '0', '5', '1', '6', '7', '2', '8', '4', '9'] for first phase evaluation.
[2025-03-11 15:48:36,089][flwr][DEBUG] - evaluate_first_phase 8: strategy sampled 10 clients (out of 10)
[2025-03-11 15:48:42,431][flwr][DEBUG] - evaluate_first_phase of round 8 received 10 results and 0 failures
[2025-03-11 15:48:42,432][flwr][INFO] - Server 8: about to sample 9 clients
[2025-03-11 15:48:42,432][flwr][INFO] - Round 8: selected clients
            ['2', '4', '3', '6', '8', '0', '1', '5', '7'] for fit.
[2025-03-11 15:48:42,432][flwr][DEBUG] - fit_round 8: strategy sampled 9 clients (out of 10)
[2025-03-11 15:49:15,603][flwr][DEBUG] - fit_round 8 received 9 results and 0 failures
[2025-03-11 15:49:16,658][flwr][INFO] - fit progress: (8, 1.6181471347808838, {'accuracy': 0.37779998779296875}, 349.0498268749798)
[2025-03-11 15:49:16,658][flwr][DEBUG] - evaluate_round 8: strategy sampled 9 clients (out of 10)
[2025-03-11 15:49:18,672][flwr][DEBUG] - evaluate_round 8 received 9 results and 0 failures
[2025-03-11 15:49:21,492][flwr][INFO] - Server 9: selected clients
                ['9', '0', '2', '6', '1', '5', '7', '8', '4', '3'] for first phase evaluation.
[2025-03-11 15:49:21,492][flwr][DEBUG] - evaluate_first_phase 9: strategy sampled 10 clients (out of 10)
[2025-03-11 15:49:27,758][flwr][DEBUG] - evaluate_first_phase of round 9 received 10 results and 0 failures
[2025-03-11 15:49:27,759][flwr][INFO] - Server 9: about to sample 9 clients
[2025-03-11 15:49:27,759][flwr][INFO] - Round 9: selected clients
            ['8', '7', '6', '4', '3', '2', '0', '1', '5'] for fit.
[2025-03-11 15:49:27,759][flwr][DEBUG] - fit_round 9: strategy sampled 9 clients (out of 10)
[2025-03-11 15:50:00,647][flwr][DEBUG] - fit_round 9 received 9 results and 0 failures
[2025-03-11 15:50:01,688][flwr][INFO] - fit progress: (9, 1.6732025146484375, {'accuracy': 0.35179999470710754}, 394.07959358301014)
[2025-03-11 15:50:01,688][flwr][DEBUG] - evaluate_round 9: strategy sampled 9 clients (out of 10)
[2025-03-11 15:50:03,746][flwr][DEBUG] - evaluate_round 9 received 9 results and 0 failures
[2025-03-11 15:50:06,496][flwr][INFO] - Server 10: selected clients
                ['9', '2', '8', '5', '1', '3', '0', '4', '7', '6'] for first phase evaluation.
[2025-03-11 15:50:06,496][flwr][DEBUG] - evaluate_first_phase 10: strategy sampled 10 clients (out of 10)
[2025-03-11 15:50:13,187][flwr][DEBUG] - evaluate_first_phase of round 10 received 10 results and 0 failures
[2025-03-11 15:50:13,188][flwr][INFO] - Server 10: about to sample 9 clients
[2025-03-11 15:50:13,188][flwr][INFO] - Round 10: selected clients
            ['5', '7', '0', '8', '6', '2', '1', '3', '4'] for fit.
[2025-03-11 15:50:13,189][flwr][DEBUG] - fit_round 10: strategy sampled 9 clients (out of 10)
[2025-03-11 15:50:45,463][flwr][DEBUG] - fit_round 10 received 9 results and 0 failures
[2025-03-11 15:50:46,513][flwr][INFO] - fit progress: (10, 1.7513986825942993, {'accuracy': 0.35440000891685486}, 438.90469504194334)
[2025-03-11 15:50:46,513][flwr][DEBUG] - evaluate_round 10: strategy sampled 9 clients (out of 10)
[2025-03-11 15:50:48,471][flwr][DEBUG] - evaluate_round 10 received 9 results and 0 failures
[2025-03-11 15:50:51,192][flwr][INFO] - Server 11: selected clients
                ['7', '1', '9', '4', '3', '6', '2', '5', '0', '8'] for first phase evaluation.
[2025-03-11 15:50:51,192][flwr][DEBUG] - evaluate_first_phase 11: strategy sampled 10 clients (out of 10)
[2025-03-11 15:50:57,846][flwr][DEBUG] - evaluate_first_phase of round 11 received 10 results and 0 failures
[2025-03-11 15:50:57,846][flwr][INFO] - Server 11: about to sample 9 clients
[2025-03-11 15:50:57,846][flwr][INFO] - Round 11: selected clients
            ['8', '2', '3', '6', '9', '5', '4', '1', '0'] for fit.
[2025-03-11 15:50:57,846][flwr][DEBUG] - fit_round 11: strategy sampled 9 clients (out of 10)
[2025-03-11 15:51:30,254][flwr][DEBUG] - fit_round 11 received 9 results and 0 failures
[2025-03-11 15:51:31,282][flwr][INFO] - fit progress: (11, 1.575803279876709, {'accuracy': 0.4034999907016754}, 483.6730778750498)
[2025-03-11 15:51:31,282][flwr][DEBUG] - evaluate_round 11: strategy sampled 9 clients (out of 10)
[2025-03-11 15:51:33,302][flwr][DEBUG] - evaluate_round 11 received 9 results and 0 failures
[2025-03-11 15:51:36,100][flwr][INFO] - Server 12: selected clients
                ['5', '3', '0', '2', '8', '7', '6', '1', '4', '9'] for first phase evaluation.
[2025-03-11 15:51:36,100][flwr][DEBUG] - evaluate_first_phase 12: strategy sampled 10 clients (out of 10)
[2025-03-11 15:51:42,786][flwr][DEBUG] - evaluate_first_phase of round 12 received 10 results and 0 failures
[2025-03-11 15:51:42,787][flwr][INFO] - Server 12: about to sample 9 clients
[2025-03-11 15:51:42,787][flwr][INFO] - Round 12: selected clients
            ['8', '6', '0', '2', '5', '4', '1', '9', '3'] for fit.
[2025-03-11 15:51:42,787][flwr][DEBUG] - fit_round 12: strategy sampled 9 clients (out of 10)
[2025-03-11 15:52:16,143][flwr][DEBUG] - fit_round 12 received 9 results and 0 failures
[2025-03-11 15:52:17,216][flwr][INFO] - fit progress: (12, 1.589850902557373, {'accuracy': 0.3855000138282776}, 529.6069348329911)
[2025-03-11 15:52:17,216][flwr][DEBUG] - evaluate_round 12: strategy sampled 9 clients (out of 10)
[2025-03-11 15:52:19,284][flwr][DEBUG] - evaluate_round 12 received 9 results and 0 failures
[2025-03-11 15:52:22,070][flwr][INFO] - Server 13: selected clients
                ['9', '5', '6', '7', '0', '1', '8', '3', '2', '4'] for first phase evaluation.
[2025-03-11 15:52:22,070][flwr][DEBUG] - evaluate_first_phase 13: strategy sampled 10 clients (out of 10)
[2025-03-11 15:52:28,562][flwr][DEBUG] - evaluate_first_phase of round 13 received 10 results and 0 failures
[2025-03-11 15:52:28,563][flwr][INFO] - Server 13: about to sample 9 clients
[2025-03-11 15:52:28,563][flwr][INFO] - Round 13: selected clients
            ['2', '7', '4', '5', '1', '6', '0', '3', '8'] for fit.
[2025-03-11 15:52:28,563][flwr][DEBUG] - fit_round 13: strategy sampled 9 clients (out of 10)
[2025-03-11 15:53:01,246][flwr][DEBUG] - fit_round 13 received 9 results and 0 failures
[2025-03-11 15:53:02,327][flwr][INFO] - fit progress: (13, 1.5848238468170166, {'accuracy': 0.3856000006198883}, 574.7179108749842)
[2025-03-11 15:53:02,328][flwr][DEBUG] - evaluate_round 13: strategy sampled 9 clients (out of 10)
[2025-03-11 15:53:04,359][flwr][DEBUG] - evaluate_round 13 received 9 results and 0 failures
[2025-03-11 15:53:07,149][flwr][INFO] - Server 14: selected clients
                ['2', '3', '7', '5', '1', '9', '0', '6', '4', '8'] for first phase evaluation.
[2025-03-11 15:53:07,149][flwr][DEBUG] - evaluate_first_phase 14: strategy sampled 10 clients (out of 10)
[2025-03-11 15:53:13,859][flwr][DEBUG] - evaluate_first_phase of round 14 received 10 results and 0 failures
[2025-03-11 15:53:13,860][flwr][INFO] - Server 14: about to sample 9 clients
[2025-03-11 15:53:13,860][flwr][INFO] - Round 14: selected clients
            ['7', '6', '1', '3', '2', '0', '8', '4', '5'] for fit.
[2025-03-11 15:53:13,860][flwr][DEBUG] - fit_round 14: strategy sampled 9 clients (out of 10)
[2025-03-11 15:53:46,955][flwr][DEBUG] - fit_round 14 received 9 results and 0 failures
[2025-03-11 15:53:48,011][flwr][INFO] - fit progress: (14, 1.4961013793945312, {'accuracy': 0.43140000104904175}, 620.4013630419504)
[2025-03-11 15:53:48,011][flwr][DEBUG] - evaluate_round 14: strategy sampled 9 clients (out of 10)
[2025-03-11 15:53:50,005][flwr][DEBUG] - evaluate_round 14 received 9 results and 0 failures
[2025-03-11 15:53:52,772][flwr][INFO] - Server 15: selected clients
                ['3', '1', '2', '6', '7', '9', '8', '0', '5', '4'] for first phase evaluation.
[2025-03-11 15:53:52,772][flwr][DEBUG] - evaluate_first_phase 15: strategy sampled 10 clients (out of 10)
[2025-03-11 15:53:59,636][flwr][DEBUG] - evaluate_first_phase of round 15 received 10 results and 0 failures
[2025-03-11 15:53:59,637][flwr][INFO] - Server 15: about to sample 9 clients
[2025-03-11 15:53:59,637][flwr][INFO] - Round 15: selected clients
            ['1', '2', '9', '0', '8', '5', '3', '4', '6'] for fit.
[2025-03-11 15:53:59,638][flwr][DEBUG] - fit_round 15: strategy sampled 9 clients (out of 10)
[2025-03-11 15:54:32,663][flwr][DEBUG] - fit_round 15 received 9 results and 0 failures
[2025-03-11 15:54:33,698][flwr][INFO] - fit progress: (15, 1.5962324142456055, {'accuracy': 0.4162999987602234}, 666.0873554579448)
[2025-03-11 15:54:33,698][flwr][DEBUG] - evaluate_round 15: strategy sampled 9 clients (out of 10)
[2025-03-11 15:54:35,701][flwr][DEBUG] - evaluate_round 15 received 9 results and 0 failures
[2025-03-11 15:54:38,488][flwr][INFO] - Server 16: selected clients
                ['3', '7', '6', '1', '2', '9', '0', '8', '5', '4'] for first phase evaluation.
[2025-03-11 15:54:38,488][flwr][DEBUG] - evaluate_first_phase 16: strategy sampled 10 clients (out of 10)
[2025-03-11 15:54:44,930][flwr][DEBUG] - evaluate_first_phase of round 16 received 10 results and 0 failures
[2025-03-11 15:54:44,931][flwr][INFO] - Server 16: about to sample 9 clients
[2025-03-11 15:54:44,931][flwr][INFO] - Round 16: selected clients
            ['5', '9', '1', '3', '8', '0', '6', '2', '4'] for fit.
[2025-03-11 15:54:44,931][flwr][DEBUG] - fit_round 16: strategy sampled 9 clients (out of 10)
[2025-03-11 15:55:17,815][flwr][DEBUG] - fit_round 16 received 9 results and 0 failures
[2025-03-11 15:55:18,849][flwr][INFO] - fit progress: (16, 1.5160713195800781, {'accuracy': 0.43130001425743103}, 711.2380663750228)
[2025-03-11 15:55:18,849][flwr][DEBUG] - evaluate_round 16: strategy sampled 9 clients (out of 10)
[2025-03-11 15:55:20,892][flwr][DEBUG] - evaluate_round 16 received 9 results and 0 failures
[2025-03-11 15:55:23,696][flwr][INFO] - Server 17: selected clients
                ['2', '6', '1', '9', '7', '0', '5', '4', '3', '8'] for first phase evaluation.
[2025-03-11 15:55:23,696][flwr][DEBUG] - evaluate_first_phase 17: strategy sampled 10 clients (out of 10)
[2025-03-11 15:55:30,326][flwr][DEBUG] - evaluate_first_phase of round 17 received 10 results and 0 failures
[2025-03-11 15:55:30,327][flwr][INFO] - Server 17: about to sample 9 clients
[2025-03-11 15:55:30,327][flwr][INFO] - Round 17: selected clients
            ['3', '6', '0', '8', '1', '5', '7', '4', '2'] for fit.
[2025-03-11 15:55:30,328][flwr][DEBUG] - fit_round 17: strategy sampled 9 clients (out of 10)
[2025-03-11 15:56:03,457][flwr][DEBUG] - fit_round 17 received 9 results and 0 failures
[2025-03-11 15:56:04,522][flwr][INFO] - fit progress: (17, 1.4405544996261597, {'accuracy': 0.43790000677108765}, 756.9108817500528)
[2025-03-11 15:56:04,522][flwr][DEBUG] - evaluate_round 17: strategy sampled 9 clients (out of 10)
[2025-03-11 15:56:06,631][flwr][DEBUG] - evaluate_round 17 received 9 results and 0 failures
[2025-03-11 15:56:09,428][flwr][INFO] - Server 18: selected clients
                ['0', '8', '2', '6', '4', '3', '1', '5', '7', '9'] for first phase evaluation.
[2025-03-11 15:56:09,428][flwr][DEBUG] - evaluate_first_phase 18: strategy sampled 10 clients (out of 10)
[2025-03-11 15:56:16,394][flwr][DEBUG] - evaluate_first_phase of round 18 received 10 results and 0 failures
[2025-03-11 15:56:16,395][flwr][INFO] - Server 18: about to sample 9 clients
[2025-03-11 15:56:16,395][flwr][INFO] - Round 18: selected clients
            ['7', '2', '8', '5', '6', '1', '3', '0', '4'] for fit.
[2025-03-11 15:56:16,395][flwr][DEBUG] - fit_round 18: strategy sampled 9 clients (out of 10)
[2025-03-11 15:56:49,848][flwr][DEBUG] - fit_round 18 received 9 results and 0 failures
[2025-03-11 15:56:50,898][flwr][INFO] - fit progress: (18, 1.4459766149520874, {'accuracy': 0.44440001249313354}, 803.2863387080142)
[2025-03-11 15:56:50,898][flwr][DEBUG] - evaluate_round 18: strategy sampled 9 clients (out of 10)
[2025-03-11 15:56:52,927][flwr][DEBUG] - evaluate_round 18 received 9 results and 0 failures
[2025-03-11 15:56:55,697][flwr][INFO] - Server 19: selected clients
                ['8', '3', '4', '9', '7', '1', '0', '5', '6', '2'] for first phase evaluation.
[2025-03-11 15:56:55,697][flwr][DEBUG] - evaluate_first_phase 19: strategy sampled 10 clients (out of 10)
[2025-03-11 15:57:02,310][flwr][DEBUG] - evaluate_first_phase of round 19 received 10 results and 0 failures
[2025-03-11 15:57:02,311][flwr][INFO] - Server 19: about to sample 9 clients
[2025-03-11 15:57:02,311][flwr][INFO] - Round 19: selected clients
            ['6', '8', '5', '1', '4', '3', '2', '0', '7'] for fit.
[2025-03-11 15:57:02,311][flwr][DEBUG] - fit_round 19: strategy sampled 9 clients (out of 10)
[2025-03-11 15:57:35,625][flwr][DEBUG] - fit_round 19 received 9 results and 0 failures
[2025-03-11 15:57:36,695][flwr][INFO] - fit progress: (19, 1.504740595817566, {'accuracy': 0.41510000824928284}, 849.0836502920138)
[2025-03-11 15:57:36,695][flwr][DEBUG] - evaluate_round 19: strategy sampled 9 clients (out of 10)
[2025-03-11 15:57:38,746][flwr][DEBUG] - evaluate_round 19 received 9 results and 0 failures
[2025-03-11 15:57:41,544][flwr][INFO] - Server 20: selected clients
                ['6', '9', '8', '0', '3', '4', '1', '2', '5', '7'] for first phase evaluation.
[2025-03-11 15:57:41,544][flwr][DEBUG] - evaluate_first_phase 20: strategy sampled 10 clients (out of 10)
[2025-03-11 15:57:48,230][flwr][DEBUG] - evaluate_first_phase of round 20 received 10 results and 0 failures
[2025-03-11 15:57:48,231][flwr][INFO] - Server 20: about to sample 9 clients
[2025-03-11 15:57:48,231][flwr][INFO] - Round 20: selected clients
            ['7', '5', '3', '2', '1', '0', '6', '8', '4'] for fit.
[2025-03-11 15:57:48,232][flwr][DEBUG] - fit_round 20: strategy sampled 9 clients (out of 10)
[2025-03-11 15:58:21,630][flwr][DEBUG] - fit_round 20 received 9 results and 0 failures
[2025-03-11 15:58:22,689][flwr][INFO] - fit progress: (20, 1.4820139408111572, {'accuracy': 0.435699999332428}, 895.0775549999671)
[2025-03-11 15:58:22,690][flwr][DEBUG] - evaluate_round 20: strategy sampled 9 clients (out of 10)
[2025-03-11 15:58:24,708][flwr][DEBUG] - evaluate_round 20 received 9 results and 0 failures
[2025-03-11 15:58:24,708][flwr][INFO] - FL finished in 897.0965522920014
[2025-03-11 15:58:24,709][flwr][INFO] - app_fit: losses_distributed [(1, 2.304889544785155), (2, 2.2591086906608533), (3, 1.956288414669037), (4, 1.7107533632278442), (5, 1.7081173429489136), (6, 1.7449466263771056), (7, 1.626427996421386), (8, 1.5855506245136262), (9, 1.629875219154358), (10, 1.6920130557537079), (11, 1.5387806425591508), (12, 1.5368193795303544), (13, 1.536902312707901), (14, 1.4692698924303056), (15, 1.5582853327772181), (16, 1.4721128709330586), (17, 1.4077708388090133), (18, 1.411181943845749), (19, 1.4577637505054475), (20, 1.4344442281246186)]
[2025-03-11 15:58:24,709][flwr][INFO] - app_fit: metrics_distributed_fit {'variance_training_loss': [(1, 0.3782673926262292), (2, 0.14151673660136668), (3, 0.06809622912317431), (4, 0.03492542901691959), (5, 0.056012206237347074), (6, 0.03399241631182556), (7, 0.16744524703931307), (8, 0.032768438180438536), (9, 0.027463423728151942), (10, 0.0317302443296663), (11, 0.2057110280244191), (12, 0.18605576432607507), (13, 0.038928934406349223), (14, 0.0428343028758842), (15, 0.1774030929065257), (16, 0.18661567350866803), (17, 0.03899788271005299), (18, 0.034114248878729034), (19, 0.035135980547795015), (20, 0.031174897791844347)], 'average_training_loss': [(1, 1.8690824508666992), (2, 1.5150207148657904), (3, 1.3234776788287692), (4, 1.2449225385983784), (5, 1.2356662021742926), (6, 1.181630637910631), (7, 1.2858014967706468), (8, 1.1570723520384893), (9, 1.121688703695933), (10, 1.1096400883462694), (11, 1.259598347875807), (12, 1.2086251510514154), (13, 1.1022634241316054), (14, 1.0749892327520583), (15, 1.1678780913352966), (16, 1.1623703373803034), (17, 1.033864869011773), (18, 1.024456520875295), (19, 1.0168159206708272), (20, 1.0057798955175612)], 'estimated_times': [(1, [0.3008855509495392, 0.06678498770353697, 9.050443438922848, 0.0, 7.99118511307114, 46.410374534551764, 11.284086620038611, 42.32213861083618, 1.6481331857260915]), (2, [0.0, 0.06678498770353697, 19.70632791484215, 1.6481331857260915, 46.410374534551764, 0.3008855509495392, 11.284086620038611, 7.99118511307114, 42.32213861083618]), (3, [0.06678498770353697, 1.6481331857260915, 9.050443438922848, 7.99118511307114, 42.32213861083618, 46.410374534551764, 11.284086620038611, 0.3008855509495392, 19.70632791484215]), (4, [11.284086620038611, 46.410374534551764, 0.3008855509495392, 19.70632791484215, 1.6481331857260915, 0.06678498770353697, 9.050443438922848, 7.99118511307114, 42.32213861083618]), (5, [9.050443438922848, 11.284086620038611, 19.70632791484215, 0.06678498770353697, 1.6481331857260915, 46.410374534551764, 7.99118511307114, 42.32213861083618, 0.3008855509495392]), (6, [0.06678498770353697, 46.410374534551764, 9.050443438922848, 7.99118511307114, 42.32213861083618, 0.3008855509495392, 11.284086620038611, 19.70632791484215, 1.6481331857260915]), (7, [0.0, 1.6481331857260915, 7.99118511307114, 46.410374534551764, 0.06678498770353697, 11.284086620038611, 9.050443438922848, 19.70632791484215, 42.32213861083618]), (8, [19.70632791484215, 11.284086620038611, 0.3008855509495392, 9.050443438922848, 46.410374534551764, 42.32213861083618, 1.6481331857260915, 7.99118511307114, 0.06678498770353697]), (9, [42.32213861083618, 46.410374534551764, 19.70632791484215, 11.284086620038611, 7.99118511307114, 1.6481331857260915, 0.06678498770353697, 9.050443438922848, 0.3008855509495392]), (10, [9.050443438922848, 42.32213861083618, 19.70632791484215, 11.284086620038611, 46.410374534551764, 1.6481331857260915, 0.3008855509495392, 7.99118511307114, 0.06678498770353697]), (11, [0.06678498770353697, 46.410374534551764, 9.050443438922848, 42.32213861083618, 7.99118511307114, 19.70632791484215, 0.0, 11.284086620038611, 1.6481331857260915]), (12, [11.284086620038611, 1.6481331857260915, 9.050443438922848, 0.06678498770353697, 42.32213861083618, 7.99118511307114, 19.70632791484215, 0.0, 46.410374534551764]), (13, [9.050443438922848, 46.410374534551764, 1.6481331857260915, 11.284086620038611, 19.70632791484215, 42.32213861083618, 7.99118511307114, 0.06678498770353697, 0.3008855509495392]), (14, [7.99118511307114, 9.050443438922848, 46.410374534551764, 1.6481331857260915, 42.32213861083618, 19.70632791484215, 11.284086620038611, 0.3008855509495392, 0.06678498770353697]), (15, [42.32213861083618, 46.410374534551764, 19.70632791484215, 1.6481331857260915, 0.0, 9.050443438922848, 0.06678498770353697, 11.284086620038611, 7.99118511307114]), (16, [1.6481331857260915, 42.32213861083618, 7.99118511307114, 11.284086620038611, 0.06678498770353697, 0.0, 46.410374534551764, 9.050443438922848, 19.70632791484215]), (17, [0.3008855509495392, 11.284086620038611, 0.06678498770353697, 1.6481331857260915, 46.410374534551764, 9.050443438922848, 42.32213861083618, 19.70632791484215, 7.99118511307114]), (18, [9.050443438922848, 42.32213861083618, 11.284086620038611, 7.99118511307114, 19.70632791484215, 46.410374534551764, 0.06678498770353697, 1.6481331857260915, 0.3008855509495392]), (19, [0.06678498770353697, 11.284086620038611, 46.410374534551764, 7.99118511307114, 0.3008855509495392, 9.050443438922848, 42.32213861083618, 19.70632791484215, 1.6481331857260915]), (20, [42.32213861083618, 0.3008855509495392, 9.050443438922848, 11.284086620038611, 1.6481331857260915, 19.70632791484215, 46.410374534551764, 0.06678498770353697, 7.99118511307114])]}
[2025-03-11 15:58:24,710][flwr][INFO] - app_fit: metrics_distributed {}
[2025-03-11 15:58:24,710][flwr][INFO] - app_fit: losses_centralized [(0, 2.304586410522461), (1, 2.3673994541168213), (2, 2.3816545009613037), (3, 2.0488643646240234), (4, 1.7699980735778809), (5, 1.773310899734497), (6, 1.805672287940979), (7, 1.6826212406158447), (8, 1.6181471347808838), (9, 1.6732025146484375), (10, 1.7513986825942993), (11, 1.575803279876709), (12, 1.589850902557373), (13, 1.5848238468170166), (14, 1.4961013793945312), (15, 1.5962324142456055), (16, 1.5160713195800781), (17, 1.4405544996261597), (18, 1.4459766149520874), (19, 1.504740595817566), (20, 1.4820139408111572)]
[2025-03-11 15:58:24,710][flwr][INFO] - app_fit: metrics_centralized {'accuracy': [(0, 0.10000000149011612), (1, 0.1534000039100647), (2, 0.16769999265670776), (3, 0.20250000059604645), (4, 0.31299999356269836), (5, 0.2985999882221222), (6, 0.31049999594688416), (7, 0.3434000015258789), (8, 0.37779998779296875), (9, 0.35179999470710754), (10, 0.35440000891685486), (11, 0.4034999907016754), (12, 0.3855000138282776), (13, 0.3856000006198883), (14, 0.43140000104904175), (15, 0.4162999987602234), (16, 0.43130001425743103), (17, 0.43790000677108765), (18, 0.44440001249313354), (19, 0.41510000824928284), (20, 0.435699999332428)]}
