[2025-03-11 11:19:42,031][flwr][INFO] - Using FedAvg strategy
[2025-03-11 11:19:42,032][flwr][INFO] - Starting Flower simulation, config: ServerConfig(num_rounds=20, round_timeout=None)
[2025-03-11 11:19:43,166][flwr][INFO] - Flower VCE: Ray initialized with resources: {'CPU': 8.0, 'object_store_memory': 2147483648.0, 'node:__internal_head__': 1.0, 'node:127.0.0.1': 1.0, 'memory': 16624284468.0}
[2025-03-11 11:19:43,166][flwr][INFO] - Flower VCE: Resources for each Virtual Client: {'num_cpus': 0.5, 'num_gpus': 0}
[2025-03-11 11:19:43,175][flwr][INFO] - Flower VCE: Creating VirtualClientEngineActorPool with 16 actors
[2025-03-11 11:19:43,175][flwr][INFO] - Initializing global parameters
[2025-03-11 11:19:43,175][flwr][INFO] - Requesting initial parameters from one random client
[2025-03-11 11:19:48,681][flwr][INFO] - Received initial parameters from one random client
[2025-03-11 11:19:48,681][flwr][INFO] - Evaluating initial parameters
[2025-03-11 11:19:49,787][flwr][INFO] - initial parameters (loss, other metrics): 2.3050646781921387, {'accuracy': 0.09880000352859497}
[2025-03-11 11:19:49,787][flwr][INFO] - FL starting
[2025-03-11 11:19:52,135][flwr][DEBUG] - fit_round 1: strategy sampled 9 clients (out of 10)
[2025-03-11 11:20:06,740][flwr][DEBUG] - fit_round 1 received 9 results and 0 failures
[2025-03-11 11:20:07,763][flwr][INFO] - fit progress: (1, 2.42518949508667, {'accuracy': 0.1550000011920929}, 17.975450624944642)
[2025-03-11 11:20:07,763][flwr][DEBUG] - evaluate_round 1: strategy sampled 9 clients (out of 10)
[2025-03-11 11:20:09,570][flwr][DEBUG] - evaluate_round 1 received 9 results and 0 failures
[2025-03-11 11:20:09,570][flwr][WARNING] - No evaluate_metrics_aggregation_fn provided
[2025-03-11 11:20:12,358][flwr][DEBUG] - fit_round 2: strategy sampled 9 clients (out of 10)
[2025-03-11 11:20:34,018][flwr][DEBUG] - fit_round 2 received 9 results and 0 failures
[2025-03-11 11:20:35,022][flwr][INFO] - fit progress: (2, 2.202152729034424, {'accuracy': 0.23899999260902405}, 45.23507970792707)
[2025-03-11 11:20:35,022][flwr][DEBUG] - evaluate_round 2: strategy sampled 9 clients (out of 10)
[2025-03-11 11:20:36,830][flwr][DEBUG] - evaluate_round 2 received 9 results and 0 failures
[2025-03-11 11:20:38,984][flwr][DEBUG] - fit_round 3: strategy sampled 9 clients (out of 10)
[2025-03-11 11:20:55,110][flwr][DEBUG] - fit_round 3 received 9 results and 0 failures
[2025-03-11 11:20:56,108][flwr][INFO] - fit progress: (3, 1.7842460870742798, {'accuracy': 0.3880999982357025}, 66.32108766702004)
[2025-03-11 11:20:56,108][flwr][DEBUG] - evaluate_round 3: strategy sampled 9 clients (out of 10)
[2025-03-11 11:20:58,091][flwr][DEBUG] - evaluate_round 3 received 9 results and 0 failures
[2025-03-11 11:21:00,260][flwr][DEBUG] - fit_round 4: strategy sampled 9 clients (out of 10)
[2025-03-11 11:21:16,705][flwr][DEBUG] - fit_round 4 received 9 results and 0 failures
[2025-03-11 11:21:17,707][flwr][INFO] - fit progress: (4, 1.813720703125, {'accuracy': 0.3837999999523163}, 87.92042874998879)
[2025-03-11 11:21:17,707][flwr][DEBUG] - evaluate_round 4: strategy sampled 9 clients (out of 10)
[2025-03-11 11:21:19,661][flwr][DEBUG] - evaluate_round 4 received 9 results and 0 failures
[2025-03-11 11:21:22,369][flwr][DEBUG] - fit_round 5: strategy sampled 9 clients (out of 10)
[2025-03-11 11:21:43,040][flwr][DEBUG] - fit_round 5 received 9 results and 0 failures
[2025-03-11 11:21:44,090][flwr][INFO] - fit progress: (5, 1.590927243232727, {'accuracy': 0.427700012922287}, 114.30394141701981)
[2025-03-11 11:21:44,090][flwr][DEBUG] - evaluate_round 5: strategy sampled 9 clients (out of 10)
[2025-03-11 11:21:46,029][flwr][DEBUG] - evaluate_round 5 received 9 results and 0 failures
[2025-03-11 11:21:47,645][flwr][DEBUG] - fit_round 6: strategy sampled 9 clients (out of 10)
[2025-03-11 11:21:59,438][flwr][DEBUG] - fit_round 6 received 9 results and 0 failures
[2025-03-11 11:22:00,457][flwr][INFO] - fit progress: (6, 1.5671988725662231, {'accuracy': 0.4120999872684479}, 130.6710423749173)
[2025-03-11 11:22:00,457][flwr][DEBUG] - evaluate_round 6: strategy sampled 9 clients (out of 10)
[2025-03-11 11:22:02,455][flwr][DEBUG] - evaluate_round 6 received 9 results and 0 failures
[2025-03-11 11:22:04,009][flwr][DEBUG] - fit_round 7: strategy sampled 9 clients (out of 10)
[2025-03-11 11:22:15,852][flwr][DEBUG] - fit_round 7 received 9 results and 0 failures
[2025-03-11 11:22:16,877][flwr][INFO] - fit progress: (7, 1.5870811939239502, {'accuracy': 0.43459999561309814}, 147.09141795802861)
[2025-03-11 11:22:16,877][flwr][DEBUG] - evaluate_round 7: strategy sampled 9 clients (out of 10)
[2025-03-11 11:22:18,873][flwr][DEBUG] - evaluate_round 7 received 9 results and 0 failures
[2025-03-11 11:22:21,618][flwr][DEBUG] - fit_round 8: strategy sampled 9 clients (out of 10)
[2025-03-11 11:22:41,340][flwr][DEBUG] - fit_round 8 received 9 results and 0 failures
[2025-03-11 11:22:42,362][flwr][INFO] - fit progress: (8, 1.929499626159668, {'accuracy': 0.3337000012397766}, 172.5593407920096)
[2025-03-11 11:22:42,362][flwr][DEBUG] - evaluate_round 8: strategy sampled 9 clients (out of 10)
[2025-03-11 11:22:44,366][flwr][DEBUG] - evaluate_round 8 received 9 results and 0 failures
[2025-03-11 11:22:47,074][flwr][DEBUG] - fit_round 9: strategy sampled 9 clients (out of 10)
[2025-03-11 11:23:06,425][flwr][DEBUG] - fit_round 9 received 9 results and 0 failures
[2025-03-11 11:23:07,444][flwr][INFO] - fit progress: (9, 1.6000691652297974, {'accuracy': 0.41940000653266907}, 197.61875933292322)
[2025-03-11 11:23:07,444][flwr][DEBUG] - evaluate_round 9: strategy sampled 9 clients (out of 10)
[2025-03-11 11:23:08,600][flwr][DEBUG] - evaluate_round 9 received 9 results and 0 failures
[2025-03-11 11:23:11,263][flwr][DEBUG] - fit_round 10: strategy sampled 9 clients (out of 10)
[2025-03-11 11:23:30,613][flwr][DEBUG] - fit_round 10 received 9 results and 0 failures
[2025-03-11 11:23:31,631][flwr][INFO] - fit progress: (10, 1.7866861820220947, {'accuracy': 0.36809998750686646}, 221.801161166979)
[2025-03-11 11:23:31,631][flwr][DEBUG] - evaluate_round 10: strategy sampled 9 clients (out of 10)
[2025-03-11 11:23:33,660][flwr][DEBUG] - evaluate_round 10 received 9 results and 0 failures
[2025-03-11 11:23:36,397][flwr][DEBUG] - fit_round 11: strategy sampled 9 clients (out of 10)
[2025-03-11 11:23:55,802][flwr][DEBUG] - fit_round 11 received 9 results and 0 failures
[2025-03-11 11:23:56,814][flwr][INFO] - fit progress: (11, 1.581819772720337, {'accuracy': 0.4519999921321869}, 246.98378170793876)
[2025-03-11 11:23:56,814][flwr][DEBUG] - evaluate_round 11: strategy sampled 9 clients (out of 10)
[2025-03-11 11:23:58,828][flwr][DEBUG] - evaluate_round 11 received 9 results and 0 failures
[2025-03-11 11:24:01,090][flwr][DEBUG] - fit_round 12: strategy sampled 9 clients (out of 10)
[2025-03-11 11:24:16,111][flwr][DEBUG] - fit_round 12 received 9 results and 0 failures
[2025-03-11 11:24:17,145][flwr][INFO] - fit progress: (12, 2.2408125400543213, {'accuracy': 0.31130000948905945}, 267.31449141702615)
[2025-03-11 11:24:17,145][flwr][DEBUG] - evaluate_round 12: strategy sampled 9 clients (out of 10)
[2025-03-11 11:24:19,221][flwr][DEBUG] - evaluate_round 12 received 9 results and 0 failures
[2025-03-11 11:24:21,959][flwr][DEBUG] - fit_round 13: strategy sampled 9 clients (out of 10)
[2025-03-11 11:24:43,808][flwr][DEBUG] - fit_round 13 received 9 results and 0 failures
[2025-03-11 11:24:44,834][flwr][INFO] - fit progress: (13, 1.6235712766647339, {'accuracy': 0.42239999771118164}, 295.00359370792285)
[2025-03-11 11:24:44,835][flwr][DEBUG] - evaluate_round 13: strategy sampled 9 clients (out of 10)
[2025-03-11 11:24:46,846][flwr][DEBUG] - evaluate_round 13 received 9 results and 0 failures
[2025-03-11 11:24:49,583][flwr][DEBUG] - fit_round 14: strategy sampled 9 clients (out of 10)
[2025-03-11 11:25:11,923][flwr][DEBUG] - fit_round 14 received 9 results and 0 failures
[2025-03-11 11:25:12,946][flwr][INFO] - fit progress: (14, 2.3994479179382324, {'accuracy': 0.299699991941452}, 323.11494333297014)
[2025-03-11 11:25:12,946][flwr][DEBUG] - evaluate_round 14: strategy sampled 9 clients (out of 10)
[2025-03-11 11:25:14,964][flwr][DEBUG] - evaluate_round 14 received 9 results and 0 failures
[2025-03-11 11:25:17,692][flwr][DEBUG] - fit_round 15: strategy sampled 9 clients (out of 10)
[2025-03-11 11:25:37,662][flwr][DEBUG] - fit_round 15 received 9 results and 0 failures
[2025-03-11 11:25:38,684][flwr][INFO] - fit progress: (15, 1.8439085483551025, {'accuracy': 0.40070000290870667}, 348.8534882499371)
[2025-03-11 11:25:38,684][flwr][DEBUG] - evaluate_round 15: strategy sampled 9 clients (out of 10)
[2025-03-11 11:25:40,675][flwr][DEBUG] - evaluate_round 15 received 9 results and 0 failures
[2025-03-11 11:25:43,351][flwr][DEBUG] - fit_round 16: strategy sampled 9 clients (out of 10)
[2025-03-11 11:26:03,438][flwr][DEBUG] - fit_round 16 received 9 results and 0 failures
[2025-03-11 11:26:04,479][flwr][INFO] - fit progress: (16, 1.3987195491790771, {'accuracy': 0.5163000226020813}, 374.64793266693596)
[2025-03-11 11:26:04,479][flwr][DEBUG] - evaluate_round 16: strategy sampled 9 clients (out of 10)
[2025-03-11 11:26:06,482][flwr][DEBUG] - evaluate_round 16 received 9 results and 0 failures
[2025-03-11 11:26:09,201][flwr][DEBUG] - fit_round 17: strategy sampled 9 clients (out of 10)
[2025-03-11 11:26:29,163][flwr][DEBUG] - fit_round 17 received 9 results and 0 failures
[2025-03-11 11:26:30,181][flwr][INFO] - fit progress: (17, 2.6441659927368164, {'accuracy': 0.290800005197525}, 400.35058774997015)
[2025-03-11 11:26:30,182][flwr][DEBUG] - evaluate_round 17: strategy sampled 9 clients (out of 10)
[2025-03-11 11:26:31,938][flwr][DEBUG] - evaluate_round 17 received 9 results and 0 failures
[2025-03-11 11:26:34,720][flwr][DEBUG] - fit_round 18: strategy sampled 9 clients (out of 10)
[2025-03-11 11:26:54,821][flwr][DEBUG] - fit_round 18 received 9 results and 0 failures
[2025-03-11 11:26:55,833][flwr][INFO] - fit progress: (18, 1.3021767139434814, {'accuracy': 0.5268999934196472}, 426.0015986249782)
[2025-03-11 11:26:55,833][flwr][DEBUG] - evaluate_round 18: strategy sampled 9 clients (out of 10)
[2025-03-11 11:26:57,748][flwr][DEBUG] - evaluate_round 18 received 9 results and 0 failures
[2025-03-11 11:27:00,472][flwr][DEBUG] - fit_round 19: strategy sampled 9 clients (out of 10)
[2025-03-11 11:27:19,929][flwr][DEBUG] - fit_round 19 received 9 results and 0 failures
[2025-03-11 11:27:21,006][flwr][INFO] - fit progress: (19, 1.9384945631027222, {'accuracy': 0.3702000081539154}, 451.17553679202683)
[2025-03-11 11:27:21,007][flwr][DEBUG] - evaluate_round 19: strategy sampled 9 clients (out of 10)
[2025-03-11 11:27:23,175][flwr][DEBUG] - evaluate_round 19 received 9 results and 0 failures
[2025-03-11 11:27:25,367][flwr][DEBUG] - fit_round 20: strategy sampled 9 clients (out of 10)
[2025-03-11 11:27:42,597][flwr][DEBUG] - fit_round 20 received 9 results and 0 failures
[2025-03-11 11:27:43,646][flwr][INFO] - fit progress: (20, 2.6163330078125, {'accuracy': 0.38609999418258667}, 473.81461674999446)
[2025-03-11 11:27:43,646][flwr][DEBUG] - evaluate_round 20: strategy sampled 9 clients (out of 10)
[2025-03-11 11:27:45,413][flwr][DEBUG] - evaluate_round 20 received 9 results and 0 failures
[2025-03-11 11:27:45,414][flwr][INFO] - FL finished in 475.58259858295787
[2025-03-11 11:27:45,414][flwr][INFO] - app_fit: losses_distributed [(1, 2.4662634681942115), (2, 2.01407714952261), (3, 1.8618764748769738), (4, 1.9012275539395145), (5, 1.6962350643060315), (6, 1.6023192405224418), (7, 1.5880148684863493), (8, 1.9941640859439824), (9, 1.7071516811115444), (10, 1.794831518167124), (11, 1.6339773834347011), (12, 2.258414477208139), (13, 1.6031377856342937), (14, 2.407532192712807), (15, 1.847414738888309), (16, 1.3988177542821667), (17, 2.8213915807378087), (18, 1.3428582700514062), (19, 1.8759986028771756), (20, 1.7961644544624364)]
[2025-03-11 11:27:45,414][flwr][INFO] - app_fit: metrics_distributed_fit {'variance_training_loss': [(1, 0.5051690822091208), (2, 0.332597498500268), (3, 0.2636222522971919), (4, 0.3098783651645049), (5, 0.3288799901478903), (6, 0.256893745728514), (7, 0.23798544499998642), (8, 0.16745824688499722), (9, 0.22834056773024614), (10, 0.15827122874678856), (11, 0.28443667791476873), (12, 0.23674444606090692), (13, 0.171963181493049), (14, 0.14130529336668907), (15, 0.2759859457596898), (16, 0.26716352467245896), (17, 0.17243077309902016), (18, 0.27976454242429405), (19, 0.28019818007463004), (20, 0.2793364720858992)], 'average_training_loss': [(1, 1.5140050782097711), (2, 1.2370050168699689), (3, 1.362007564968533), (4, 1.3953035457266703), (5, 1.3761129611068301), (6, 1.299640393919415), (7, 1.0500023514032364), (8, 1.0030453867382474), (9, 1.1942779057555728), (10, 1.1179052293300629), (11, 1.156856839855512), (12, 1.2785368942552142), (13, 0.9647457442349858), (14, 0.9255447884400686), (15, 1.1703255126873653), (16, 1.119652322596974), (17, 0.9422357281049093), (18, 1.107874600423707), (19, 1.0927848435110517), (20, 1.1321977691517935)], 'estimated_times': [(1, [2.076717297092549, 0.0, 2.380480738602516, 69.84457199740942, 141.53821840149214, 1.1004408358111293, 0.2668732492994093, 0.10781844247144154, 3.899179506769614]), (2, [80.64017549070607, 141.53821840149214, 3.899179506769614, 0.10781844247144154, 0.0, 69.84457199740942, 2.2008816716222586, 2.7928267098830837, 2.380480738602516]), (3, [2.076717297092549, 53.790767003492654, 0.10781844247144154, 0.0, 3.899179506769614, 0.2668732492994093, 1.1004408358111293, 2.380480738602516, 141.53821840149214]), (4, [2.076717297092549, 53.790767003492654, 0.0, 3.899179506769614, 2.380480738602516, 0.10781844247144154, 141.53821840149214, 1.1004408358111293, 0.2668732492994093]), (5, [0.0, 53.790767003492654, 2.076717297092549, 69.84457199740942, 141.53821840149214, 0.2668732492994093, 0.10781844247144154, 1.1004408358111293, 3.899179506769614]), (6, [1.1004408358111293, 0.10781844247144154, 69.84457199740942, 2.076717297092549, 0.0, 2.380480738602516, 0.2668732492994093, 3.899179506769614, 53.790767003492654]), (7, [0.10781844247144154, 53.790767003492654, 0.2668732492994093, 1.1004408358111293, 2.076717297092549, 2.380480738602516, 3.899179506769614, 0.0, 69.84457199740942]), (8, [53.790767003492654, 0.2668732492994093, 2.380480738602516, 1.1004408358111293, 2.076717297092549, 141.53821840149214, 3.899179506769614, 69.84457199740942, 0.0]), (9, [53.790767003492654, 1.1004408358111293, 2.076717297092549, 69.84457199740942, 0.0, 3.899179506769614, 141.53821840149214, 0.2668732492994093, 2.380480738602516]), (10, [2.076717297092549, 3.899179506769614, 2.380480738602516, 0.0, 141.53821840149214, 0.10781844247144154, 69.84457199740942, 0.2668732492994093, 53.790767003492654]), (11, [3.899179506769614, 0.0, 141.53821840149214, 69.84457199740942, 2.076717297092549, 53.790767003492654, 0.2668732492994093, 1.1004408358111293, 2.380480738602516]), (12, [1.1004408358111293, 3.899179506769614, 2.380480738602516, 0.10781844247144154, 69.84457199740942, 0.0, 141.53821840149214, 2.076717297092549, 0.2668732492994093]), (13, [2.380480738602516, 69.84457199740942, 2.7928267098830837, 80.64017549070607, 2.2008816716222586, 3.899179506769614, 141.53821840149214, 0.10781844247144154, 0.0]), (14, [3.899179506769614, 69.84457199740942, 2.380480738602516, 80.64017549070607, 2.2008816716222586, 2.7928267098830837, 0.0, 141.53821840149214, 0.10781844247144154]), (15, [69.84457199740942, 1.1004408358111293, 2.380480738602516, 0.10781844247144154, 141.53821840149214, 53.790767003492654, 2.076717297092549, 0.2668732492994093, 3.899179506769614]), (16, [0.2668732492994093, 2.076717297092549, 53.790767003492654, 141.53821840149214, 3.899179506769614, 69.84457199740942, 1.1004408358111293, 2.380480738602516, 0.0]), (17, [0.10781844247144154, 2.380480738602516, 141.53821840149214, 2.076717297092549, 0.0, 53.790767003492654, 0.2668732492994093, 69.84457199740942, 3.899179506769614]), (18, [69.84457199740942, 2.380480738602516, 2.076717297092549, 53.790767003492654, 0.10781844247144154, 0.2668732492994093, 3.899179506769614, 141.53821840149214, 1.1004408358111293]), (19, [141.53821840149214, 0.10781844247144154, 2.380480738602516, 69.84457199740942, 53.790767003492654, 0.2668732492994093, 1.1004408358111293, 2.076717297092549, 0.0]), (20, [0.10781844247144154, 1.1004408358111293, 141.53821840149214, 53.790767003492654, 0.0, 3.899179506769614, 2.076717297092549, 2.380480738602516, 0.2668732492994093])]}
[2025-03-11 11:27:45,416][flwr][INFO] - app_fit: metrics_distributed {}
[2025-03-11 11:27:45,416][flwr][INFO] - app_fit: losses_centralized [(0, 2.3050646781921387), (1, 2.42518949508667), (2, 2.202152729034424), (3, 1.7842460870742798), (4, 1.813720703125), (5, 1.590927243232727), (6, 1.5671988725662231), (7, 1.5870811939239502), (8, 1.929499626159668), (9, 1.6000691652297974), (10, 1.7866861820220947), (11, 1.581819772720337), (12, 2.2408125400543213), (13, 1.6235712766647339), (14, 2.3994479179382324), (15, 1.8439085483551025), (16, 1.3987195491790771), (17, 2.6441659927368164), (18, 1.3021767139434814), (19, 1.9384945631027222), (20, 2.6163330078125)]
[2025-03-11 11:27:45,416][flwr][INFO] - app_fit: metrics_centralized {'accuracy': [(0, 0.09880000352859497), (1, 0.1550000011920929), (2, 0.23899999260902405), (3, 0.3880999982357025), (4, 0.3837999999523163), (5, 0.427700012922287), (6, 0.4120999872684479), (7, 0.43459999561309814), (8, 0.3337000012397766), (9, 0.41940000653266907), (10, 0.36809998750686646), (11, 0.4519999921321869), (12, 0.31130000948905945), (13, 0.42239999771118164), (14, 0.299699991941452), (15, 0.40070000290870667), (16, 0.5163000226020813), (17, 0.290800005197525), (18, 0.5268999934196472), (19, 0.3702000081539154), (20, 0.38609999418258667)]}
