[2025-03-09 12:16:33,036][flwr][INFO] - Starting Flower simulation, config: ServerConfig(num_rounds=20, round_timeout=None)
[2025-03-09 12:16:34,174][flwr][INFO] - Flower VCE: Ray initialized with resources: {'object_store_memory': 2147483648.0, 'CPU': 8.0, 'node:127.0.0.1': 1.0, 'node:__internal_head__': 1.0, 'memory': 17048869274.0}
[2025-03-09 12:16:34,174][flwr][INFO] - Flower VCE: Resources for each Virtual Client: {'num_cpus': 0.5, 'num_gpus': 0}
[2025-03-09 12:16:34,181][flwr][INFO] - Flower VCE: Creating VirtualClientEngineActorPool with 16 actors
[2025-03-09 12:16:34,181][flwr][INFO] - Initializing global parameters
[2025-03-09 12:16:34,181][flwr][INFO] - Requesting initial parameters from one random client
[2025-03-09 12:16:39,415][flwr][INFO] - Received initial parameters from one random client
[2025-03-09 12:16:39,415][flwr][INFO] - Evaluating initial parameters
[2025-03-09 12:16:40,513][flwr][INFO] - initial parameters (loss, other metrics): 2.3055648803710938, {'accuracy': 0.0997999981045723}
[2025-03-09 12:16:40,513][flwr][INFO] - FL starting with RPOW variant
[2025-03-09 12:16:43,270][flwr][INFO] - Server 1: about to sample 9 clients
[2025-03-09 12:16:43,270][flwr][INFO] - Round 1: selected clients
            ['6', '4', '0', '2', '3', '5', '1', '7', '8'] for fit.
[2025-03-09 12:16:43,270][flwr][DEBUG] - fit_round 1: strategy sampled 9 clients (out of 10)
[2025-03-09 12:17:34,145][flwr][DEBUG] - fit_round 1 received 9 results and 0 failures
[2025-03-09 12:17:35,169][flwr][INFO] - fit progress: (1, 2.0101120471954346, {'accuracy': 0.24709999561309814}, 54.65657849999843)
[2025-03-09 12:17:35,170][flwr][DEBUG] - evaluate_round 1: strategy sampled 9 clients (out of 10)
[2025-03-09 12:17:36,775][flwr][DEBUG] - evaluate_round 1 received 9 results and 0 failures
[2025-03-09 12:17:36,775][flwr][WARNING] - No evaluate_metrics_aggregation_fn provided
[2025-03-09 12:17:39,565][flwr][INFO] - Server 2: about to sample 9 clients
[2025-03-09 12:17:39,565][flwr][INFO] - Round 2: selected clients
            ['2', '9', '0', '3', '1', '6', '5', '8', '7'] for fit.
[2025-03-09 12:17:39,565][flwr][DEBUG] - fit_round 2: strategy sampled 9 clients (out of 10)
[2025-03-09 12:18:30,326][flwr][DEBUG] - fit_round 2 received 9 results and 0 failures
[2025-03-09 12:18:31,375][flwr][INFO] - fit progress: (2, 1.6485675573349, {'accuracy': 0.39570000767707825}, 110.86226066702511)
[2025-03-09 12:18:31,375][flwr][DEBUG] - evaluate_round 2: strategy sampled 9 clients (out of 10)
[2025-03-09 12:18:32,939][flwr][DEBUG] - evaluate_round 2 received 9 results and 0 failures
[2025-03-09 12:18:35,718][flwr][INFO] - Server 3: about to sample 9 clients
[2025-03-09 12:18:35,718][flwr][INFO] - Round 3: selected clients
            ['1', '2', '9', '3', '6', '5', '4', '0', '7'] for fit.
[2025-03-09 12:18:35,718][flwr][DEBUG] - fit_round 3: strategy sampled 9 clients (out of 10)
[2025-03-09 12:19:26,435][flwr][DEBUG] - fit_round 3 received 9 results and 0 failures
[2025-03-09 12:19:27,475][flwr][INFO] - fit progress: (3, 1.568245768547058, {'accuracy': 0.42820000648498535}, 166.9625034169876)
[2025-03-09 12:19:27,475][flwr][DEBUG] - evaluate_round 3: strategy sampled 9 clients (out of 10)
[2025-03-09 12:19:29,273][flwr][DEBUG] - evaluate_round 3 received 9 results and 0 failures
[2025-03-09 12:19:32,143][flwr][INFO] - Server 4: about to sample 9 clients
[2025-03-09 12:19:32,143][flwr][INFO] - Round 4: selected clients
            ['9', '2', '1', '6', '3', '8', '7', '5', '0'] for fit.
[2025-03-09 12:19:32,143][flwr][DEBUG] - fit_round 4: strategy sampled 9 clients (out of 10)
[2025-03-09 12:20:23,239][flwr][DEBUG] - fit_round 4 received 9 results and 0 failures
[2025-03-09 12:20:24,274][flwr][INFO] - fit progress: (4, 1.5115580558776855, {'accuracy': 0.44670000672340393}, 223.76210500003072)
[2025-03-09 12:20:24,274][flwr][DEBUG] - evaluate_round 4: strategy sampled 9 clients (out of 10)
[2025-03-09 12:20:26,199][flwr][DEBUG] - evaluate_round 4 received 9 results and 0 failures
[2025-03-09 12:20:28,916][flwr][INFO] - Server 5: about to sample 9 clients
[2025-03-09 12:20:28,917][flwr][INFO] - Round 5: selected clients
            ['5', '1', '2', '4', '6', '9', '8', '3', '7'] for fit.
[2025-03-09 12:20:28,917][flwr][DEBUG] - fit_round 5: strategy sampled 9 clients (out of 10)
[2025-03-09 12:21:18,547][flwr][DEBUG] - fit_round 5 received 9 results and 0 failures
[2025-03-09 12:21:19,602][flwr][INFO] - fit progress: (5, 1.451281189918518, {'accuracy': 0.46860000491142273}, 279.090498458012)
[2025-03-09 12:21:19,603][flwr][DEBUG] - evaluate_round 5: strategy sampled 9 clients (out of 10)
[2025-03-09 12:21:21,265][flwr][DEBUG] - evaluate_round 5 received 9 results and 0 failures
[2025-03-09 12:21:23,986][flwr][INFO] - Server 6: about to sample 9 clients
[2025-03-09 12:21:23,986][flwr][INFO] - Round 6: selected clients
            ['9', '7', '1', '2', '8', '0', '4', '3', '6'] for fit.
[2025-03-09 12:21:23,986][flwr][DEBUG] - fit_round 6: strategy sampled 9 clients (out of 10)
[2025-03-09 12:22:14,397][flwr][DEBUG] - fit_round 6 received 9 results and 0 failures
[2025-03-09 12:22:15,442][flwr][INFO] - fit progress: (6, 1.4227190017700195, {'accuracy': 0.4805000126361847}, 334.93000108300475)
[2025-03-09 12:22:15,442][flwr][DEBUG] - evaluate_round 6: strategy sampled 9 clients (out of 10)
[2025-03-09 12:22:17,102][flwr][DEBUG] - evaluate_round 6 received 9 results and 0 failures
[2025-03-09 12:22:19,823][flwr][INFO] - Server 7: about to sample 9 clients
[2025-03-09 12:22:19,823][flwr][INFO] - Round 7: selected clients
            ['6', '1', '9', '3', '7', '5', '0', '2', '8'] for fit.
[2025-03-09 12:22:19,824][flwr][DEBUG] - fit_round 7: strategy sampled 9 clients (out of 10)
[2025-03-09 12:23:11,035][flwr][DEBUG] - fit_round 7 received 9 results and 0 failures
[2025-03-09 12:23:12,078][flwr][INFO] - fit progress: (7, 1.3384170532226562, {'accuracy': 0.5167999863624573}, 391.5659875419806)
[2025-03-09 12:23:12,078][flwr][DEBUG] - evaluate_round 7: strategy sampled 9 clients (out of 10)
[2025-03-09 12:23:13,761][flwr][DEBUG] - evaluate_round 7 received 9 results and 0 failures
[2025-03-09 12:23:16,483][flwr][INFO] - Server 8: about to sample 9 clients
[2025-03-09 12:23:16,483][flwr][INFO] - Round 8: selected clients
            ['0', '6', '2', '1', '3', '8', '4', '7', '9'] for fit.
[2025-03-09 12:23:16,483][flwr][DEBUG] - fit_round 8: strategy sampled 9 clients (out of 10)
[2025-03-09 12:24:07,528][flwr][DEBUG] - fit_round 8 received 9 results and 0 failures
[2025-03-09 12:24:08,582][flwr][INFO] - fit progress: (8, 1.3270405530929565, {'accuracy': 0.5149000287055969}, 448.07077237498015)
[2025-03-09 12:24:08,582][flwr][DEBUG] - evaluate_round 8: strategy sampled 9 clients (out of 10)
[2025-03-09 12:24:10,294][flwr][DEBUG] - evaluate_round 8 received 9 results and 0 failures
[2025-03-09 12:24:13,008][flwr][INFO] - Server 9: about to sample 9 clients
[2025-03-09 12:24:13,008][flwr][INFO] - Round 9: selected clients
            ['5', '1', '6', '4', '9', '3', '7', '8', '2'] for fit.
[2025-03-09 12:24:13,008][flwr][DEBUG] - fit_round 9: strategy sampled 9 clients (out of 10)
[2025-03-09 12:25:02,693][flwr][DEBUG] - fit_round 9 received 9 results and 0 failures
[2025-03-09 12:25:03,736][flwr][INFO] - fit progress: (9, 1.3461079597473145, {'accuracy': 0.49790000915527344}, 503.22513720800634)
[2025-03-09 12:25:03,736][flwr][DEBUG] - evaluate_round 9: strategy sampled 9 clients (out of 10)
[2025-03-09 12:25:05,416][flwr][DEBUG] - evaluate_round 9 received 9 results and 0 failures
[2025-03-09 12:25:08,154][flwr][INFO] - Server 10: about to sample 9 clients
[2025-03-09 12:25:08,154][flwr][INFO] - Round 10: selected clients
            ['0', '9', '6', '8', '7', '3', '1', '2', '4'] for fit.
[2025-03-09 12:25:08,154][flwr][DEBUG] - fit_round 10: strategy sampled 9 clients (out of 10)
[2025-03-09 12:25:59,319][flwr][DEBUG] - fit_round 10 received 9 results and 0 failures
[2025-03-09 12:26:00,416][flwr][INFO] - fit progress: (10, 1.3105151653289795, {'accuracy': 0.5127000212669373}, 559.905132542015)
[2025-03-09 12:26:00,416][flwr][DEBUG] - evaluate_round 10: strategy sampled 9 clients (out of 10)
[2025-03-09 12:26:02,313][flwr][DEBUG] - evaluate_round 10 received 9 results and 0 failures
[2025-03-09 12:26:05,100][flwr][INFO] - Server 11: about to sample 9 clients
[2025-03-09 12:26:05,100][flwr][INFO] - Round 11: selected clients
            ['1', '2', '9', '4', '0', '3', '8', '5', '6'] for fit.
[2025-03-09 12:26:05,100][flwr][DEBUG] - fit_round 11: strategy sampled 9 clients (out of 10)
[2025-03-09 12:26:56,407][flwr][DEBUG] - fit_round 11 received 9 results and 0 failures
[2025-03-09 12:26:57,456][flwr][INFO] - fit progress: (11, 1.2693462371826172, {'accuracy': 0.5437999963760376}, 616.9457670830307)
[2025-03-09 12:26:57,457][flwr][DEBUG] - evaluate_round 11: strategy sampled 9 clients (out of 10)
[2025-03-09 12:26:59,194][flwr][DEBUG] - evaluate_round 11 received 9 results and 0 failures
[2025-03-09 12:27:01,977][flwr][INFO] - Server 12: about to sample 9 clients
[2025-03-09 12:27:01,978][flwr][INFO] - Round 12: selected clients
            ['5', '9', '0', '6', '1', '2', '7', '3', '4'] for fit.
[2025-03-09 12:27:01,978][flwr][DEBUG] - fit_round 12: strategy sampled 9 clients (out of 10)
[2025-03-09 12:27:53,538][flwr][DEBUG] - fit_round 12 received 9 results and 0 failures
[2025-03-09 12:27:54,601][flwr][INFO] - fit progress: (12, 1.2006361484527588, {'accuracy': 0.5579000115394592}, 674.0901723750285)
[2025-03-09 12:27:54,601][flwr][DEBUG] - evaluate_round 12: strategy sampled 9 clients (out of 10)
[2025-03-09 12:27:56,259][flwr][DEBUG] - evaluate_round 12 received 9 results and 0 failures
[2025-03-09 12:27:58,986][flwr][INFO] - Server 13: about to sample 9 clients
[2025-03-09 12:27:58,987][flwr][INFO] - Round 13: selected clients
            ['4', '0', '1', '5', '8', '2', '3', '6', '9'] for fit.
[2025-03-09 12:27:58,987][flwr][DEBUG] - fit_round 13: strategy sampled 9 clients (out of 10)
[2025-03-09 12:28:50,155][flwr][DEBUG] - fit_round 13 received 9 results and 0 failures
[2025-03-09 12:28:51,179][flwr][INFO] - fit progress: (13, 1.2049052715301514, {'accuracy': 0.5622000098228455}, 730.6684252920095)
[2025-03-09 12:28:51,179][flwr][DEBUG] - evaluate_round 13: strategy sampled 9 clients (out of 10)
[2025-03-09 12:28:52,889][flwr][DEBUG] - evaluate_round 13 received 9 results and 0 failures
[2025-03-09 12:28:55,680][flwr][INFO] - Server 14: about to sample 9 clients
[2025-03-09 12:28:55,680][flwr][INFO] - Round 14: selected clients
            ['5', '3', '0', '1', '9', '6', '7', '2', '4'] for fit.
[2025-03-09 12:28:55,680][flwr][DEBUG] - fit_round 14: strategy sampled 9 clients (out of 10)
[2025-03-09 12:29:47,248][flwr][DEBUG] - fit_round 14 received 9 results and 0 failures
[2025-03-09 12:29:48,291][flwr][INFO] - fit progress: (14, 1.237135887145996, {'accuracy': 0.5460000038146973}, 787.7812687919941)
[2025-03-09 12:29:48,291][flwr][DEBUG] - evaluate_round 14: strategy sampled 9 clients (out of 10)
[2025-03-09 12:29:50,038][flwr][DEBUG] - evaluate_round 14 received 9 results and 0 failures
[2025-03-09 12:29:52,789][flwr][INFO] - Server 15: about to sample 9 clients
[2025-03-09 12:29:52,789][flwr][INFO] - Round 15: selected clients
            ['9', '7', '3', '0', '5', '2', '6', '4', '1'] for fit.
[2025-03-09 12:29:52,789][flwr][DEBUG] - fit_round 15: strategy sampled 9 clients (out of 10)
[2025-03-09 12:31:16,408][flwr][DEBUG] - fit_round 15 received 9 results and 0 failures
[2025-03-09 12:31:17,470][flwr][INFO] - fit progress: (15, 1.22769033908844, {'accuracy': 0.5508000254631042}, 876.9601349580334)
[2025-03-09 12:31:17,470][flwr][DEBUG] - evaluate_round 15: strategy sampled 9 clients (out of 10)
[2025-03-09 12:31:19,276][flwr][DEBUG] - evaluate_round 15 received 9 results and 0 failures
[2025-03-09 12:31:22,005][flwr][INFO] - Server 16: about to sample 9 clients
[2025-03-09 12:31:22,005][flwr][INFO] - Round 16: selected clients
            ['7', '0', '3', '5', '2', '1', '9', '6', '4'] for fit.
[2025-03-09 12:31:22,005][flwr][DEBUG] - fit_round 16: strategy sampled 9 clients (out of 10)
[2025-03-09 12:32:14,265][flwr][DEBUG] - fit_round 16 received 9 results and 0 failures
[2025-03-09 12:32:15,341][flwr][INFO] - fit progress: (16, 1.1391178369522095, {'accuracy': 0.5795000195503235}, 934.8316649579792)
[2025-03-09 12:32:15,341][flwr][DEBUG] - evaluate_round 16: strategy sampled 9 clients (out of 10)
[2025-03-09 12:32:16,996][flwr][DEBUG] - evaluate_round 16 received 9 results and 0 failures
[2025-03-09 12:32:19,792][flwr][INFO] - Server 17: about to sample 9 clients
[2025-03-09 12:32:19,792][flwr][INFO] - Round 17: selected clients
            ['7', '5', '6', '2', '1', '9', '3', '8', '4'] for fit.
[2025-03-09 12:32:19,792][flwr][DEBUG] - fit_round 17: strategy sampled 9 clients (out of 10)
[2025-03-09 12:33:10,135][flwr][DEBUG] - fit_round 17 received 9 results and 0 failures
[2025-03-09 12:33:11,138][flwr][INFO] - fit progress: (17, 1.126717209815979, {'accuracy': 0.5968000292778015}, 990.6288065830013)
[2025-03-09 12:33:11,138][flwr][DEBUG] - evaluate_round 17: strategy sampled 9 clients (out of 10)
[2025-03-09 12:33:12,788][flwr][DEBUG] - evaluate_round 17 received 9 results and 0 failures
[2025-03-09 12:33:15,597][flwr][INFO] - Server 18: about to sample 9 clients
[2025-03-09 12:33:15,597][flwr][INFO] - Round 18: selected clients
            ['9', '2', '5', '3', '8', '7', '6', '4', '1'] for fit.
[2025-03-09 12:33:15,597][flwr][DEBUG] - fit_round 18: strategy sampled 9 clients (out of 10)
[2025-03-09 12:34:06,801][flwr][DEBUG] - fit_round 18 received 9 results and 0 failures
[2025-03-09 12:34:07,816][flwr][INFO] - fit progress: (18, 1.1346367597579956, {'accuracy': 0.5827999711036682}, 1047.306981874979)
[2025-03-09 12:34:07,816][flwr][DEBUG] - evaluate_round 18: strategy sampled 9 clients (out of 10)
[2025-03-09 12:34:09,404][flwr][DEBUG] - evaluate_round 18 received 9 results and 0 failures
[2025-03-09 12:34:12,224][flwr][INFO] - Server 19: about to sample 9 clients
[2025-03-09 12:34:12,224][flwr][INFO] - Round 19: selected clients
            ['1', '9', '6', '3', '8', '7', '2', '4', '5'] for fit.
[2025-03-09 12:34:12,224][flwr][DEBUG] - fit_round 19: strategy sampled 9 clients (out of 10)
[2025-03-09 12:35:02,614][flwr][DEBUG] - fit_round 19 received 9 results and 0 failures
[2025-03-09 12:35:03,645][flwr][INFO] - fit progress: (19, 1.1724239587783813, {'accuracy': 0.5580000281333923}, 1103.1358655830263)
[2025-03-09 12:35:03,645][flwr][DEBUG] - evaluate_round 19: strategy sampled 9 clients (out of 10)
[2025-03-09 12:35:05,226][flwr][DEBUG] - evaluate_round 19 received 9 results and 0 failures
[2025-03-09 12:35:08,023][flwr][INFO] - Server 20: about to sample 9 clients
[2025-03-09 12:35:08,023][flwr][INFO] - Round 20: selected clients
            ['7', '5', '1', '9', '3', '2', '4', '6', '8'] for fit.
[2025-03-09 12:35:08,023][flwr][DEBUG] - fit_round 20: strategy sampled 9 clients (out of 10)
[2025-03-09 12:35:58,143][flwr][DEBUG] - fit_round 20 received 9 results and 0 failures
[2025-03-09 12:35:59,169][flwr][INFO] - fit progress: (20, 1.048086166381836, {'accuracy': 0.6207000017166138}, 1158.6605964580085)
[2025-03-09 12:35:59,169][flwr][DEBUG] - evaluate_round 20: strategy sampled 9 clients (out of 10)
[2025-03-09 12:36:00,873][flwr][DEBUG] - evaluate_round 20 received 9 results and 0 failures
[2025-03-09 12:36:00,873][flwr][INFO] - FL finished in 1160.3646603330271
[2025-03-09 12:36:00,873][flwr][INFO] - app_fit: losses_distributed [(1, 2.015453020229273), (2, 1.6752473413286357), (3, 1.5963531147311654), (4, 1.5393711561661945), (5, 1.474378927664009), (6, 1.4539061978805896), (7, 1.363016158750252), (8, 1.3508381961923166), (9, 1.3645601165586456), (10, 1.3363598822374463), (11, 1.2699732447114989), (12, 1.2026385819548482), (13, 1.2000693614039482), (14, 1.2455385721630614), (15, 1.2235970925926583), (16, 1.1343994755371978), (17, 1.1244503355847633), (18, 1.1296773130312252), (19, 1.1726416757402913), (20, 1.0433509473031148)]
[2025-03-09 12:36:00,874][flwr][INFO] - app_fit: metrics_distributed_fit {'variance_training_loss': [(1, 0.00031385336173015175), (2, 0.000751279482460772), (3, 0.0007710262282409704), (4, 0.0007191998538473854), (5, 0.0013449187471490593), (6, 0.0015469944396240413), (7, 0.0007413560261713631), (8, 0.0011752597591067923), (9, 0.000982702545228884), (10, 0.001026207399974055), (11, 0.0012939442042889165), (12, 0.001029356843862444), (13, 0.0010236918849576189), (14, 0.0010731270244046574), (15, 0.0010253343695959909), (16, 0.0009179163790867682), (17, 0.0009464806329442214), (18, 0.0007571693364834124), (19, 0.0013133548293416829), (20, 0.000718384821044678)], 'average_training_loss': [(1, 1.865265130996704), (2, 1.7254641188515558), (3, 1.6482977204852634), (4, 1.590175708134969), (5, 1.5289296044243708), (6, 1.488389703962538), (7, 1.4522256056467693), (8, 1.4168544212977092), (9, 1.3831551339891222), (10, 1.3609081109364827), (11, 1.3243005275726318), (12, 1.3101641204622057), (13, 1.289117693901062), (14, 1.2760861449771457), (15, 1.2558178504308064), (16, 1.2363274097442627), (17, 1.2169977558983698), (18, 1.206927564409044), (19, 1.1892379919687908), (20, 1.1765837536917791)], 'estimated_times': [(1, [78.56719556734313, 38.00665206340371, 74.08012529749341, 54.9788669689751, 40.604269381241885, 75.73757554059239, 65.4869377908276, 44.81489272193711, 64.86181545900928]), (2, [78.56719556734313, 74.08012529749341, 65.4869377908276, 40.604269381241885, 54.9788669689751, 40.55412453903707, 75.73757554059239, 44.81489272193711, 38.00665206340371]), (3, [54.9788669689751, 65.4869377908276, 78.56719556734313, 38.00665206340371, 75.73757554059239, 40.55412453903707, 40.604269381241885, 64.86181545900928, 74.08012529749341]), (4, [65.4869377908276, 75.73757554059239, 54.9788669689751, 74.08012529749341, 40.604269381241885, 44.81489272193711, 78.56719556734313, 38.00665206340371, 40.55412453903707]), (5, [44.81489272193711, 78.56719556734313, 64.86181545900928, 40.55412453903707, 38.00665206340371, 75.73757554059239, 54.9788669689751, 40.604269381241885, 65.4869377908276]), (6, [44.81489272193711, 64.86181545900928, 54.9788669689751, 40.55412453903707, 74.08012529749341, 40.604269381241885, 38.00665206340371, 78.56719556734313, 75.73757554059239]), (7, [74.08012529749341, 44.81489272193711, 54.9788669689751, 75.73757554059239, 40.55412453903707, 65.4869377908276, 40.604269381241885, 38.00665206340371, 78.56719556734313]), (8, [40.604269381241885, 64.86181545900928, 54.9788669689751, 78.56719556734313, 38.00665206340371, 75.73757554059239, 44.81489272193711, 40.55412453903707, 74.08012529749341]), (9, [40.604269381241885, 44.81489272193711, 65.4869377908276, 38.00665206340371, 64.86181545900928, 54.9788669689751, 78.56719556734313, 40.55412453903707, 75.73757554059239]), (10, [75.73757554059239, 74.08012529749341, 64.86181545900928, 44.81489272193711, 78.56719556734313, 40.604269381241885, 54.9788669689751, 40.55412453903707, 38.00665206340371]), (11, [65.4869377908276, 74.08012529749341, 44.81489272193711, 40.55412453903707, 78.56719556734313, 64.86181545900928, 75.73757554059239, 40.604269381241885, 38.00665206340371]), (12, [75.73757554059239, 65.4869377908276, 40.55412453903707, 74.08012529749341, 40.604269381241885, 78.56719556734313, 64.86181545900928, 38.00665206340371, 54.9788669689751]), (13, [44.81489272193711, 75.73757554059239, 64.86181545900928, 40.55412453903707, 78.56719556734313, 38.00665206340371, 65.4869377908276, 40.604269381241885, 74.08012529749341]), (14, [38.00665206340371, 40.604269381241885, 65.4869377908276, 78.56719556734313, 64.86181545900928, 54.9788669689751, 74.08012529749341, 75.73757554059239, 40.55412453903707]), (15, [40.55412453903707, 54.9788669689751, 40.604269381241885, 65.4869377908276, 74.08012529749341, 64.86181545900928, 38.00665206340371, 75.73757554059239, 78.56719556734313]), (16, [75.73757554059239, 64.86181545900928, 54.9788669689751, 40.55412453903707, 38.00665206340371, 40.604269381241885, 65.4869377908276, 78.56719556734313, 74.08012529749341]), (17, [40.604269381241885, 64.86181545900928, 65.4869377908276, 54.9788669689751, 44.81489272193711, 40.55412453903707, 75.73757554059239, 78.56719556734313, 38.00665206340371]), (18, [40.55412453903707, 44.81489272193711, 38.00665206340371, 54.9788669689751, 75.73757554059239, 40.604269381241885, 65.4869377908276, 78.56719556734313, 64.86181545900928]), (19, [64.86181545900928, 78.56719556734313, 40.55412453903707, 44.81489272193711, 65.4869377908276, 38.00665206340371, 75.73757554059239, 54.9788669689751, 40.604269381241885]), (20, [40.55412453903707, 65.4869377908276, 54.9788669689751, 40.604269381241885, 38.00665206340371, 75.73757554059239, 64.86181545900928, 78.56719556734313, 44.81489272193711])]}
[2025-03-09 12:36:00,875][flwr][INFO] - app_fit: metrics_distributed {}
[2025-03-09 12:36:00,875][flwr][INFO] - app_fit: losses_centralized [(0, 2.3055648803710938), (1, 2.0101120471954346), (2, 1.6485675573349), (3, 1.568245768547058), (4, 1.5115580558776855), (5, 1.451281189918518), (6, 1.4227190017700195), (7, 1.3384170532226562), (8, 1.3270405530929565), (9, 1.3461079597473145), (10, 1.3105151653289795), (11, 1.2693462371826172), (12, 1.2006361484527588), (13, 1.2049052715301514), (14, 1.237135887145996), (15, 1.22769033908844), (16, 1.1391178369522095), (17, 1.126717209815979), (18, 1.1346367597579956), (19, 1.1724239587783813), (20, 1.048086166381836)]
[2025-03-09 12:36:00,876][flwr][INFO] - app_fit: metrics_centralized {'accuracy': [(0, 0.0997999981045723), (1, 0.24709999561309814), (2, 0.39570000767707825), (3, 0.42820000648498535), (4, 0.44670000672340393), (5, 0.46860000491142273), (6, 0.4805000126361847), (7, 0.5167999863624573), (8, 0.5149000287055969), (9, 0.49790000915527344), (10, 0.5127000212669373), (11, 0.5437999963760376), (12, 0.5579000115394592), (13, 0.5622000098228455), (14, 0.5460000038146973), (15, 0.5508000254631042), (16, 0.5795000195503235), (17, 0.5968000292778015), (18, 0.5827999711036682), (19, 0.5580000281333923), (20, 0.6207000017166138)]}
