[2025-03-11 10:12:58,288][flwr][INFO] - Starting Flower simulation, config: ServerConfig(num_rounds=20, round_timeout=None)
[2025-03-11 10:12:59,459][flwr][INFO] - Flower VCE: Ray initialized with resources: {'node:__internal_head__': 1.0, 'object_store_memory': 2147483648.0, 'CPU': 8.0, 'node:127.0.0.1': 1.0, 'memory': 15599966618.0}
[2025-03-11 10:12:59,459][flwr][INFO] - Flower VCE: Resources for each Virtual Client: {'num_cpus': 0.5, 'num_gpus': 0}
[2025-03-11 10:12:59,465][flwr][INFO] - Flower VCE: Creating VirtualClientEngineActorPool with 16 actors
[2025-03-11 10:12:59,465][flwr][INFO] - Initializing global parameters
[2025-03-11 10:12:59,465][flwr][INFO] - Requesting initial parameters from one random client
[2025-03-11 10:13:04,757][flwr][INFO] - Received initial parameters from one random client
[2025-03-11 10:13:04,757][flwr][INFO] - Evaluating initial parameters
[2025-03-11 10:13:05,858][flwr][INFO] - initial parameters (loss, other metrics): 2.303842782974243, {'accuracy': 0.10019999742507935}
[2025-03-11 10:13:05,858][flwr][INFO] - FL starting with RPOW variant
[2025-03-11 10:13:08,641][flwr][INFO] - Server 1: about to sample 9 clients
[2025-03-11 10:13:08,642][flwr][INFO] - Round 1: selected clients
            ['1', '0', '4', '3', '2', '7', '5', '6', '8'] for fit.
[2025-03-11 10:13:08,642][flwr][DEBUG] - fit_round 1: strategy sampled 9 clients (out of 10)
[2025-03-11 10:14:11,379][flwr][DEBUG] - fit_round 1 received 9 results and 0 failures
[2025-03-11 10:14:12,392][flwr][INFO] - fit progress: (1, 2.523669481277466, {'accuracy': 0.1096000000834465}, 66.53397733299062)
[2025-03-11 10:14:12,392][flwr][DEBUG] - evaluate_round 1: strategy sampled 9 clients (out of 10)
[2025-03-11 10:14:14,349][flwr][DEBUG] - evaluate_round 1 received 9 results and 0 failures
[2025-03-11 10:14:14,349][flwr][WARNING] - No evaluate_metrics_aggregation_fn provided
[2025-03-11 10:14:17,112][flwr][INFO] - Server 2: about to sample 9 clients
[2025-03-11 10:14:17,112][flwr][INFO] - Round 2: selected clients
            ['6', '3', '9', '8', '2', '1', '0', '4', '5'] for fit.
[2025-03-11 10:14:17,112][flwr][DEBUG] - fit_round 2: strategy sampled 9 clients (out of 10)
[2025-03-11 10:15:17,807][flwr][DEBUG] - fit_round 2 received 9 results and 0 failures
[2025-03-11 10:15:18,812][flwr][INFO] - fit progress: (2, 1.7161587476730347, {'accuracy': 0.38679999113082886}, 132.95489445794374)
[2025-03-11 10:15:18,812][flwr][DEBUG] - evaluate_round 2: strategy sampled 9 clients (out of 10)
[2025-03-11 10:15:20,821][flwr][DEBUG] - evaluate_round 2 received 9 results and 0 failures
[2025-03-11 10:15:23,613][flwr][INFO] - Server 3: about to sample 9 clients
[2025-03-11 10:15:23,613][flwr][INFO] - Round 3: selected clients
            ['4', '0', '7', '6', '8', '1', '9', '5', '2'] for fit.
[2025-03-11 10:15:23,613][flwr][DEBUG] - fit_round 3: strategy sampled 9 clients (out of 10)
[2025-03-11 10:16:24,460][flwr][DEBUG] - fit_round 3 received 9 results and 0 failures
[2025-03-11 10:16:25,467][flwr][INFO] - fit progress: (3, 1.5058573484420776, {'accuracy': 0.46790000796318054}, 199.6103609999409)
[2025-03-11 10:16:25,467][flwr][DEBUG] - evaluate_round 3: strategy sampled 9 clients (out of 10)
[2025-03-11 10:16:27,515][flwr][DEBUG] - evaluate_round 3 received 9 results and 0 failures
[2025-03-11 10:16:30,314][flwr][INFO] - Server 4: about to sample 9 clients
[2025-03-11 10:16:30,315][flwr][INFO] - Round 4: selected clients
            ['4', '1', '2', '8', '5', '9', '0', '7', '6'] for fit.
[2025-03-11 10:16:30,315][flwr][DEBUG] - fit_round 4: strategy sampled 9 clients (out of 10)
[2025-03-11 10:17:32,477][flwr][DEBUG] - fit_round 4 received 9 results and 0 failures
[2025-03-11 10:17:33,495][flwr][INFO] - fit progress: (4, 1.3247164487838745, {'accuracy': 0.5339999794960022}, 267.63920237496495)
[2025-03-11 10:17:33,495][flwr][DEBUG] - evaluate_round 4: strategy sampled 9 clients (out of 10)
[2025-03-11 10:17:35,425][flwr][DEBUG] - evaluate_round 4 received 9 results and 0 failures
[2025-03-11 10:17:38,208][flwr][INFO] - Server 5: about to sample 9 clients
[2025-03-11 10:17:38,208][flwr][INFO] - Round 5: selected clients
            ['0', '4', '8', '1', '2', '5', '6', '9', '7'] for fit.
[2025-03-11 10:17:38,208][flwr][DEBUG] - fit_round 5: strategy sampled 9 clients (out of 10)
[2025-03-11 10:18:42,127][flwr][DEBUG] - fit_round 5 received 9 results and 0 failures
[2025-03-11 10:18:43,144][flwr][INFO] - fit progress: (5, 1.3164221048355103, {'accuracy': 0.5424000024795532}, 337.28810791601427)
[2025-03-11 10:18:43,144][flwr][DEBUG] - evaluate_round 5: strategy sampled 9 clients (out of 10)
[2025-03-11 10:18:45,150][flwr][DEBUG] - evaluate_round 5 received 9 results and 0 failures
[2025-03-11 10:18:47,964][flwr][INFO] - Server 6: about to sample 9 clients
[2025-03-11 10:18:47,965][flwr][INFO] - Round 6: selected clients
            ['7', '6', '1', '2', '8', '0', '5', '4', '9'] for fit.
[2025-03-11 10:18:47,965][flwr][DEBUG] - fit_round 6: strategy sampled 9 clients (out of 10)
[2025-03-11 10:19:49,453][flwr][DEBUG] - fit_round 6 received 9 results and 0 failures
[2025-03-11 10:19:50,465][flwr][INFO] - fit progress: (6, 1.6385020017623901, {'accuracy': 0.42739999294281006}, 404.60936549992766)
[2025-03-11 10:19:50,465][flwr][DEBUG] - evaluate_round 6: strategy sampled 9 clients (out of 10)
[2025-03-11 10:19:52,436][flwr][DEBUG] - evaluate_round 6 received 9 results and 0 failures
[2025-03-11 10:19:55,217][flwr][INFO] - Server 7: about to sample 9 clients
[2025-03-11 10:19:55,218][flwr][INFO] - Round 7: selected clients
            ['6', '2', '3', '8', '7', '1', '4', '5', '9'] for fit.
[2025-03-11 10:19:55,218][flwr][DEBUG] - fit_round 7: strategy sampled 9 clients (out of 10)
[2025-03-11 10:20:57,537][flwr][DEBUG] - fit_round 7 received 9 results and 0 failures
[2025-03-11 10:20:58,563][flwr][INFO] - fit progress: (7, 1.2142612934112549, {'accuracy': 0.5879999995231628}, 472.708289791015)
[2025-03-11 10:20:58,563][flwr][DEBUG] - evaluate_round 7: strategy sampled 9 clients (out of 10)
[2025-03-11 10:21:00,573][flwr][DEBUG] - evaluate_round 7 received 9 results and 0 failures
[2025-03-11 10:21:03,400][flwr][INFO] - Server 8: about to sample 9 clients
[2025-03-11 10:21:03,400][flwr][INFO] - Round 8: selected clients
            ['3', '5', '7', '1', '6', '4', '8', '2', '9'] for fit.
[2025-03-11 10:21:03,400][flwr][DEBUG] - fit_round 8: strategy sampled 9 clients (out of 10)
[2025-03-11 10:22:07,074][flwr][DEBUG] - fit_round 8 received 9 results and 0 failures
[2025-03-11 10:22:08,125][flwr][INFO] - fit progress: (8, 1.558543086051941, {'accuracy': 0.4848000109195709}, 542.2710933330236)
[2025-03-11 10:22:08,125][flwr][DEBUG] - evaluate_round 8: strategy sampled 9 clients (out of 10)
[2025-03-11 10:22:10,175][flwr][DEBUG] - evaluate_round 8 received 9 results and 0 failures
[2025-03-11 10:22:12,990][flwr][INFO] - Server 9: about to sample 9 clients
[2025-03-11 10:22:12,990][flwr][INFO] - Round 9: selected clients
            ['5', '8', '7', '1', '3', '2', '6', '9', '4'] for fit.
[2025-03-11 10:22:12,990][flwr][DEBUG] - fit_round 9: strategy sampled 9 clients (out of 10)
[2025-03-11 10:23:20,370][flwr][DEBUG] - fit_round 9 received 9 results and 0 failures
[2025-03-11 10:23:21,415][flwr][INFO] - fit progress: (9, 1.2161471843719482, {'accuracy': 0.5769000053405762}, 615.561249790946)
[2025-03-11 10:23:21,415][flwr][DEBUG] - evaluate_round 9: strategy sampled 9 clients (out of 10)
[2025-03-11 10:23:23,499][flwr][DEBUG] - evaluate_round 9 received 9 results and 0 failures
[2025-03-11 10:23:26,300][flwr][INFO] - Server 10: about to sample 9 clients
[2025-03-11 10:23:26,300][flwr][INFO] - Round 10: selected clients
            ['8', '2', '1', '9', '3', '4', '7', '6', '5'] for fit.
[2025-03-11 10:23:26,301][flwr][DEBUG] - fit_round 10: strategy sampled 9 clients (out of 10)
[2025-03-11 10:24:32,291][flwr][DEBUG] - fit_round 10 received 9 results and 0 failures
[2025-03-11 10:24:33,361][flwr][INFO] - fit progress: (10, 1.1276322603225708, {'accuracy': 0.6146000027656555}, 687.5082454580115)
[2025-03-11 10:24:33,362][flwr][DEBUG] - evaluate_round 10: strategy sampled 9 clients (out of 10)
[2025-03-11 10:24:35,458][flwr][DEBUG] - evaluate_round 10 received 9 results and 0 failures
[2025-03-11 10:24:38,253][flwr][INFO] - Server 11: about to sample 9 clients
[2025-03-11 10:24:38,254][flwr][INFO] - Round 11: selected clients
            ['9', '7', '4', '6', '3', '1', '2', '5', '8'] for fit.
[2025-03-11 10:24:38,254][flwr][DEBUG] - fit_round 11: strategy sampled 9 clients (out of 10)
[2025-03-11 10:25:44,693][flwr][DEBUG] - fit_round 11 received 9 results and 0 failures
[2025-03-11 10:25:45,755][flwr][INFO] - fit progress: (11, 1.886717438697815, {'accuracy': 0.4049000144004822}, 759.9025630829856)
[2025-03-11 10:25:45,755][flwr][DEBUG] - evaluate_round 11: strategy sampled 9 clients (out of 10)
[2025-03-11 10:25:47,798][flwr][DEBUG] - evaluate_round 11 received 9 results and 0 failures
[2025-03-11 10:25:50,615][flwr][INFO] - Server 12: about to sample 9 clients
[2025-03-11 10:25:50,616][flwr][INFO] - Round 12: selected clients
            ['3', '6', '7', '9', '2', '5', '4', '8', '1'] for fit.
[2025-03-11 10:25:50,616][flwr][DEBUG] - fit_round 12: strategy sampled 9 clients (out of 10)
[2025-03-11 10:26:55,230][flwr][DEBUG] - fit_round 12 received 9 results and 0 failures
[2025-03-11 10:26:56,251][flwr][INFO] - fit progress: (12, 1.1311661005020142, {'accuracy': 0.6060000061988831}, 830.398847791017)
[2025-03-11 10:26:56,251][flwr][DEBUG] - evaluate_round 12: strategy sampled 9 clients (out of 10)
[2025-03-11 10:26:58,259][flwr][DEBUG] - evaluate_round 12 received 9 results and 0 failures
[2025-03-11 10:27:01,038][flwr][INFO] - Server 13: about to sample 9 clients
[2025-03-11 10:27:01,038][flwr][INFO] - Round 13: selected clients
            ['5', '7', '6', '8', '1', '2', '4', '9', '0'] for fit.
[2025-03-11 10:27:01,038][flwr][DEBUG] - fit_round 13: strategy sampled 9 clients (out of 10)
[2025-03-11 10:28:05,249][flwr][DEBUG] - fit_round 13 received 9 results and 0 failures
[2025-03-11 10:28:06,293][flwr][INFO] - fit progress: (13, 1.0940947532653809, {'accuracy': 0.6305999755859375}, 900.4410248330096)
[2025-03-11 10:28:06,293][flwr][DEBUG] - evaluate_round 13: strategy sampled 9 clients (out of 10)
[2025-03-11 10:28:08,329][flwr][DEBUG] - evaluate_round 13 received 9 results and 0 failures
[2025-03-11 10:28:11,068][flwr][INFO] - Server 14: about to sample 9 clients
[2025-03-11 10:28:11,068][flwr][INFO] - Round 14: selected clients
            ['7', '6', '8', '5', '9', '1', '3', '4', '2'] for fit.
[2025-03-11 10:28:11,068][flwr][DEBUG] - fit_round 14: strategy sampled 9 clients (out of 10)
[2025-03-11 10:29:15,458][flwr][DEBUG] - fit_round 14 received 9 results and 0 failures
[2025-03-11 10:29:16,558][flwr][INFO] - fit progress: (14, 1.3362383842468262, {'accuracy': 0.5679000020027161}, 970.7067764159292)
[2025-03-11 10:29:16,558][flwr][DEBUG] - evaluate_round 14: strategy sampled 9 clients (out of 10)
[2025-03-11 10:29:18,646][flwr][DEBUG] - evaluate_round 14 received 9 results and 0 failures
[2025-03-11 10:29:21,445][flwr][INFO] - Server 15: about to sample 9 clients
[2025-03-11 10:29:21,446][flwr][INFO] - Round 15: selected clients
            ['5', '9', '4', '7', '2', '3', '1', '8', '6'] for fit.
[2025-03-11 10:29:21,446][flwr][DEBUG] - fit_round 15: strategy sampled 9 clients (out of 10)
[2025-03-11 10:30:25,212][flwr][DEBUG] - fit_round 15 received 9 results and 0 failures
[2025-03-11 10:30:26,236][flwr][INFO] - fit progress: (15, 1.0776547193527222, {'accuracy': 0.6363999843597412}, 1040.3857992079575)
[2025-03-11 10:30:26,237][flwr][DEBUG] - evaluate_round 15: strategy sampled 9 clients (out of 10)
[2025-03-11 10:30:28,311][flwr][DEBUG] - evaluate_round 15 received 9 results and 0 failures
[2025-03-11 10:30:31,137][flwr][INFO] - Server 16: about to sample 9 clients
[2025-03-11 10:30:31,137][flwr][INFO] - Round 16: selected clients
            ['6', '5', '2', '8', '3', '1', '4', '9', '7'] for fit.
[2025-03-11 10:30:31,138][flwr][DEBUG] - fit_round 16: strategy sampled 9 clients (out of 10)
[2025-03-11 10:31:35,156][flwr][DEBUG] - fit_round 16 received 9 results and 0 failures
[2025-03-11 10:31:36,188][flwr][INFO] - fit progress: (16, 1.1516331434249878, {'accuracy': 0.6055999994277954}, 1110.337834749953)
[2025-03-11 10:31:36,188][flwr][DEBUG] - evaluate_round 16: strategy sampled 9 clients (out of 10)
[2025-03-11 10:31:38,285][flwr][DEBUG] - evaluate_round 16 received 9 results and 0 failures
[2025-03-11 10:31:41,119][flwr][INFO] - Server 17: about to sample 9 clients
[2025-03-11 10:31:41,119][flwr][INFO] - Round 17: selected clients
            ['5', '3', '9', '6', '8', '4', '2', '1', '7'] for fit.
[2025-03-11 10:31:41,119][flwr][DEBUG] - fit_round 17: strategy sampled 9 clients (out of 10)
[2025-03-11 10:32:45,862][flwr][DEBUG] - fit_round 17 received 9 results and 0 failures
[2025-03-11 10:32:46,897][flwr][INFO] - fit progress: (17, 1.1581226587295532, {'accuracy': 0.6129000186920166}, 1181.0469218329526)
[2025-03-11 10:32:46,897][flwr][DEBUG] - evaluate_round 17: strategy sampled 9 clients (out of 10)
[2025-03-11 10:32:48,977][flwr][DEBUG] - evaluate_round 17 received 9 results and 0 failures
[2025-03-11 10:32:51,805][flwr][INFO] - Server 18: about to sample 9 clients
[2025-03-11 10:32:51,806][flwr][INFO] - Round 18: selected clients
            ['6', '4', '8', '2', '1', '7', '3', '5', '9'] for fit.
[2025-03-11 10:32:51,806][flwr][DEBUG] - fit_round 18: strategy sampled 9 clients (out of 10)
[2025-03-11 10:33:55,766][flwr][DEBUG] - fit_round 18 received 9 results and 0 failures
[2025-03-11 10:33:56,810][flwr][INFO] - fit progress: (18, 1.0584887266159058, {'accuracy': 0.6473000049591064}, 1250.9603466249537)
[2025-03-11 10:33:56,810][flwr][DEBUG] - evaluate_round 18: strategy sampled 9 clients (out of 10)
[2025-03-11 10:33:58,939][flwr][DEBUG] - evaluate_round 18 received 9 results and 0 failures
[2025-03-11 10:34:01,711][flwr][INFO] - Server 19: about to sample 9 clients
[2025-03-11 10:34:01,711][flwr][INFO] - Round 19: selected clients
            ['4', '9', '2', '6', '1', '8', '7', '5', '3'] for fit.
[2025-03-11 10:34:01,711][flwr][DEBUG] - fit_round 19: strategy sampled 9 clients (out of 10)
[2025-03-11 10:35:06,111][flwr][DEBUG] - fit_round 19 received 9 results and 0 failures
[2025-03-11 10:35:07,150][flwr][INFO] - fit progress: (19, 0.9778276085853577, {'accuracy': 0.6665999889373779}, 1321.3013376250165)
[2025-03-11 10:35:07,150][flwr][DEBUG] - evaluate_round 19: strategy sampled 9 clients (out of 10)
[2025-03-11 10:35:09,127][flwr][DEBUG] - evaluate_round 19 received 9 results and 0 failures
[2025-03-11 10:35:11,925][flwr][INFO] - Server 20: about to sample 9 clients
[2025-03-11 10:35:11,926][flwr][INFO] - Round 20: selected clients
            ['2', '4', '8', '7', '9', '6', '1', '3', '5'] for fit.
[2025-03-11 10:35:11,926][flwr][DEBUG] - fit_round 20: strategy sampled 9 clients (out of 10)
[2025-03-11 10:36:20,163][flwr][DEBUG] - fit_round 20 received 9 results and 0 failures
[2025-03-11 10:36:21,197][flwr][INFO] - fit progress: (20, 1.096734881401062, {'accuracy': 0.626800000667572}, 1395.3482874999754)
[2025-03-11 10:36:21,197][flwr][DEBUG] - evaluate_round 20: strategy sampled 9 clients (out of 10)
[2025-03-11 10:36:23,350][flwr][DEBUG] - evaluate_round 20 received 9 results and 0 failures
[2025-03-11 10:36:23,350][flwr][INFO] - FL finished in 1397.501960082911
[2025-03-11 10:36:23,351][flwr][INFO] - app_fit: losses_distributed [(1, 2.3962565130976787), (2, 1.7692470524538315), (3, 1.6387475545626375), (4, 1.4069170212202724), (5, 1.355913972359298), (6, 1.5719583142865814), (7, 1.271873075717364), (8, 1.747738083425802), (9, 1.2955247147943074), (10, 1.2244938353237254), (11, 1.6795087525972163), (12, 1.2161905618783193), (13, 1.1309609668574188), (14, 1.4774787482409812), (15, 1.11729200252186), (16, 1.172042111821544), (17, 1.1693972244073216), (18, 1.1172457961335827), (19, 1.0583018104072672), (20, 1.1778880864673387)]
[2025-03-11 10:36:23,351][flwr][INFO] - app_fit: metrics_distributed_fit {'variance_training_loss': [(1, 0.6450858928714908), (2, 0.2876360733784703), (3, 0.20902911535914864), (4, 0.17819697728458428), (5, 0.16935098370813806), (6, 0.13920539755060868), (7, 0.2061422679535566), (8, 0.1997142406011368), (9, 0.1822228346581271), (10, 0.1706599699933686), (11, 0.16751262837660225), (12, 0.15966836383980612), (13, 0.09214849605515214), (14, 0.17935562935165206), (15, 0.18544464815659553), (16, 0.15010519498898994), (17, 0.1124466057059935), (18, 0.12244236808301995), (19, 0.13585529252077583), (20, 0.13239693451393475)], 'average_training_loss': [(1, 1.2475615280369918), (2, 1.0132018220093515), (3, 0.7207364439964294), (4, 0.644708726555109), (5, 0.5526091125276353), (6, 0.5652030942340692), (7, 0.660674512386322), (8, 0.6572261514763037), (9, 0.6462780228919454), (10, 0.6324843797418807), (11, 0.6198277125755945), (12, 0.6025814277430376), (13, 0.5199020190371407), (14, 0.6206564646628168), (15, 0.6153121549222205), (16, 0.5667608719733026), (17, 0.5521648890442319), (18, 0.5646339803934097), (19, 0.5553467977378104), (20, 0.560209084302187)], 'estimated_times': [(1, [5.946817551643909, 0.29215258695343144, 103.95302516777006, 220.5217792385724, 0.0, 4.756701422259794, 3.7573902621428075, 0.18384443751800159, 128.8323887943831]), (2, [0.18384443751800159, 0.0, 0.29215258695343144, 128.8323887943831, 4.756701422259794, 3.7573902621428075, 103.95302516777006, 2.7924913488633165, 220.5217792385724]), (3, [0.0, 3.7573902621428075, 4.756701422259794, 0.18384443751800159, 5.946817551643909, 2.7924913488633165, 103.95302516777006, 220.5217792385724, 128.8323887943831]), (4, [0.18384443751800159, 128.8323887943831, 5.946817551643909, 103.95302516777006, 0.0, 220.5217792385724, 2.7924913488633165, 4.756701422259794, 3.7573902621428075]), (5, [5.946817551643909, 4.756701422259794, 3.7573902621428075, 0.18384443751800159, 103.95302516777006, 2.7924913488633165, 220.5217792385724, 0.0, 128.8323887943831]), (6, [5.946817551643909, 2.7924913488633165, 4.756701422259794, 0.0, 220.5217792385724, 103.95302516777006, 128.8323887943831, 0.18384443751800159, 3.7573902621428075]), (7, [128.8323887943831, 220.5217792385724, 4.756701422259794, 103.95302516777006, 0.29215258695343144, 0.18384443751800159, 3.7573902621428075, 2.7924913488633165, 5.946817551643909]), (8, [4.756701422259794, 0.29215258695343144, 2.7924913488633165, 128.8323887943831, 5.946817551643909, 220.5217792385724, 3.7573902621428075, 0.18384443751800159, 103.95302516777006]), (9, [2.7924913488633165, 0.18384443751800159, 5.946817551643909, 4.756701422259794, 128.8323887943831, 103.95302516777006, 0.29215258695343144, 220.5217792385724, 3.7573902621428075]), (10, [2.7924913488633165, 128.8323887943831, 3.7573902621428075, 220.5217792385724, 5.946817551643909, 0.29215258695343144, 0.18384443751800159, 4.756701422259794, 103.95302516777006]), (11, [3.7573902621428075, 4.756701422259794, 128.8323887943831, 0.18384443751800159, 2.7924913488633165, 103.95302516777006, 220.5217792385724, 0.29215258695343144, 5.946817551643909]), (12, [103.95302516777006, 4.756701422259794, 0.29215258695343144, 2.7924913488633165, 5.946817551643909, 3.7573902621428075, 0.18384443751800159, 128.8323887943831, 220.5217792385724]), (13, [0.18384443751800159, 2.7924913488633165, 5.946817551643909, 220.5217792385724, 128.8323887943831, 103.95302516777006, 4.756701422259794, 0.0, 3.7573902621428075]), (14, [3.7573902621428075, 4.756701422259794, 103.95302516777006, 5.946817551643909, 128.8323887943831, 220.5217792385724, 0.29215258695343144, 2.7924913488633165, 0.18384443751800159]), (15, [220.5217792385724, 128.8323887943831, 103.95302516777006, 3.7573902621428075, 2.7924913488633165, 0.29215258695343144, 5.946817551643909, 4.756701422259794, 0.18384443751800159]), (16, [128.8323887943831, 2.7924913488633165, 103.95302516777006, 3.7573902621428075, 220.5217792385724, 4.756701422259794, 5.946817551643909, 0.29215258695343144, 0.18384443751800159]), (17, [2.7924913488633165, 5.946817551643909, 220.5217792385724, 0.29215258695343144, 0.18384443751800159, 3.7573902621428075, 4.756701422259794, 103.95302516777006, 128.8323887943831]), (18, [220.5217792385724, 2.7924913488633165, 103.95302516777006, 3.7573902621428075, 0.29215258695343144, 128.8323887943831, 0.18384443751800159, 4.756701422259794, 5.946817551643909]), (19, [0.18384443751800159, 103.95302516777006, 5.946817551643909, 2.7924913488633165, 0.29215258695343144, 220.5217792385724, 3.7573902621428075, 128.8323887943831, 4.756701422259794]), (20, [3.7573902621428075, 5.946817551643909, 0.29215258695343144, 220.5217792385724, 103.95302516777006, 0.18384443751800159, 128.8323887943831, 2.7924913488633165, 4.756701422259794])]}
[2025-03-11 10:36:23,353][flwr][INFO] - app_fit: metrics_distributed {}
[2025-03-11 10:36:23,353][flwr][INFO] - app_fit: losses_centralized [(0, 2.303842782974243), (1, 2.523669481277466), (2, 1.7161587476730347), (3, 1.5058573484420776), (4, 1.3247164487838745), (5, 1.3164221048355103), (6, 1.6385020017623901), (7, 1.2142612934112549), (8, 1.558543086051941), (9, 1.2161471843719482), (10, 1.1276322603225708), (11, 1.886717438697815), (12, 1.1311661005020142), (13, 1.0940947532653809), (14, 1.3362383842468262), (15, 1.0776547193527222), (16, 1.1516331434249878), (17, 1.1581226587295532), (18, 1.0584887266159058), (19, 0.9778276085853577), (20, 1.096734881401062)]
[2025-03-11 10:36:23,353][flwr][INFO] - app_fit: metrics_centralized {'accuracy': [(0, 0.10019999742507935), (1, 0.1096000000834465), (2, 0.38679999113082886), (3, 0.46790000796318054), (4, 0.5339999794960022), (5, 0.5424000024795532), (6, 0.42739999294281006), (7, 0.5879999995231628), (8, 0.4848000109195709), (9, 0.5769000053405762), (10, 0.6146000027656555), (11, 0.4049000144004822), (12, 0.6060000061988831), (13, 0.6305999755859375), (14, 0.5679000020027161), (15, 0.6363999843597412), (16, 0.6055999994277954), (17, 0.6129000186920166), (18, 0.6473000049591064), (19, 0.6665999889373779), (20, 0.626800000667572)]}
