[2025-03-09 18:34:57,325][flwr][INFO] - Using FedAvg strategy
[2025-03-09 18:34:57,325][flwr][INFO] - Starting Flower simulation, config: ServerConfig(num_rounds=20, round_timeout=None)
[2025-03-09 18:34:58,534][flwr][INFO] - Flower VCE: Ray initialized with resources: {'memory': 12180373504.0, 'node:127.0.0.1': 1.0, 'CPU': 8.0, 'node:__internal_head__': 1.0, 'object_store_memory': 2147483648.0}
[2025-03-09 18:34:58,535][flwr][INFO] - Flower VCE: Resources for each Virtual Client: {'num_cpus': 0.5, 'num_gpus': 0}
[2025-03-09 18:34:58,542][flwr][INFO] - Flower VCE: Creating VirtualClientEngineActorPool with 16 actors
[2025-03-09 18:34:58,542][flwr][INFO] - Initializing global parameters
[2025-03-09 18:34:58,542][flwr][INFO] - Requesting initial parameters from one random client
[2025-03-09 18:35:04,175][flwr][INFO] - Received initial parameters from one random client
[2025-03-09 18:35:04,175][flwr][INFO] - Evaluating initial parameters
[2025-03-09 18:35:05,341][flwr][INFO] - initial parameters (loss, other metrics): 2.3026010990142822, {'accuracy': 0.10040000081062317}
[2025-03-09 18:35:05,341][flwr][INFO] - FL starting
[2025-03-09 18:35:05,341][flwr][DEBUG] - fit_round 1: strategy sampled 9 clients (out of 10)
[2025-03-09 18:35:58,020][flwr][DEBUG] - fit_round 1 received 9 results and 0 failures
[2025-03-09 18:35:59,065][flwr][INFO] - fit progress: (1, 1.9434903860092163, {'accuracy': 0.2676999866962433}, 53.723824625019915)
[2025-03-09 18:35:59,066][flwr][DEBUG] - evaluate_round 1: strategy sampled 9 clients (out of 10)
[2025-03-09 18:36:00,728][flwr][DEBUG] - evaluate_round 1 received 9 results and 0 failures
[2025-03-09 18:36:00,728][flwr][WARNING] - No evaluate_metrics_aggregation_fn provided
[2025-03-09 18:36:00,728][flwr][DEBUG] - fit_round 2: strategy sampled 9 clients (out of 10)
[2025-03-09 18:36:50,193][flwr][DEBUG] - fit_round 2 received 9 results and 0 failures
[2025-03-09 18:36:51,204][flwr][INFO] - fit progress: (2, 1.6394731998443604, {'accuracy': 0.3959999978542328}, 105.8618908339995)
[2025-03-09 18:36:51,204][flwr][DEBUG] - evaluate_round 2: strategy sampled 9 clients (out of 10)
[2025-03-09 18:36:52,773][flwr][DEBUG] - evaluate_round 2 received 9 results and 0 failures
[2025-03-09 18:36:52,773][flwr][DEBUG] - fit_round 3: strategy sampled 9 clients (out of 10)
[2025-03-09 18:37:42,843][flwr][DEBUG] - fit_round 3 received 9 results and 0 failures
[2025-03-09 18:37:43,855][flwr][INFO] - fit progress: (3, 1.6142030954360962, {'accuracy': 0.40639999508857727}, 158.51267987501342)
[2025-03-09 18:37:43,856][flwr][DEBUG] - evaluate_round 3: strategy sampled 9 clients (out of 10)
[2025-03-09 18:37:45,418][flwr][DEBUG] - evaluate_round 3 received 9 results and 0 failures
[2025-03-09 18:37:45,418][flwr][DEBUG] - fit_round 4: strategy sampled 9 clients (out of 10)
[2025-03-09 18:38:35,122][flwr][DEBUG] - fit_round 4 received 9 results and 0 failures
[2025-03-09 18:38:36,136][flwr][INFO] - fit progress: (4, 1.6663708686828613, {'accuracy': 0.38199999928474426}, 210.79297433403553)
[2025-03-09 18:38:36,136][flwr][DEBUG] - evaluate_round 4: strategy sampled 9 clients (out of 10)
[2025-03-09 18:38:37,939][flwr][DEBUG] - evaluate_round 4 received 9 results and 0 failures
[2025-03-09 18:38:37,939][flwr][DEBUG] - fit_round 5: strategy sampled 9 clients (out of 10)
[2025-03-09 18:39:28,368][flwr][DEBUG] - fit_round 5 received 9 results and 0 failures
[2025-03-09 18:39:29,382][flwr][INFO] - fit progress: (5, 1.6146775484085083, {'accuracy': 0.42080000042915344}, 264.03833983402)
[2025-03-09 18:39:29,382][flwr][DEBUG] - evaluate_round 5: strategy sampled 9 clients (out of 10)
[2025-03-09 18:39:30,940][flwr][DEBUG] - evaluate_round 5 received 9 results and 0 failures
[2025-03-09 18:39:30,941][flwr][DEBUG] - fit_round 6: strategy sampled 9 clients (out of 10)
[2025-03-09 18:40:22,922][flwr][DEBUG] - fit_round 6 received 9 results and 0 failures
[2025-03-09 18:40:23,932][flwr][INFO] - fit progress: (6, 1.4345275163650513, {'accuracy': 0.4733999967575073}, 318.5871105840197)
[2025-03-09 18:40:23,932][flwr][DEBUG] - evaluate_round 6: strategy sampled 9 clients (out of 10)
[2025-03-09 18:40:25,528][flwr][DEBUG] - evaluate_round 6 received 9 results and 0 failures
[2025-03-09 18:40:25,528][flwr][DEBUG] - fit_round 7: strategy sampled 9 clients (out of 10)
[2025-03-09 18:41:17,675][flwr][DEBUG] - fit_round 7 received 9 results and 0 failures
[2025-03-09 18:41:18,716][flwr][INFO] - fit progress: (7, 1.4891328811645508, {'accuracy': 0.45969998836517334}, 373.3704654999892)
[2025-03-09 18:41:18,716][flwr][DEBUG] - evaluate_round 7: strategy sampled 9 clients (out of 10)
[2025-03-09 18:41:20,377][flwr][DEBUG] - evaluate_round 7 received 9 results and 0 failures
[2025-03-09 18:41:20,377][flwr][DEBUG] - fit_round 8: strategy sampled 9 clients (out of 10)
[2025-03-09 18:42:11,533][flwr][DEBUG] - fit_round 8 received 9 results and 0 failures
[2025-03-09 18:42:12,595][flwr][INFO] - fit progress: (8, 1.3784582614898682, {'accuracy': 0.5042999982833862}, 427.24879012501333)
[2025-03-09 18:42:12,595][flwr][DEBUG] - evaluate_round 8: strategy sampled 9 clients (out of 10)
[2025-03-09 18:42:14,433][flwr][DEBUG] - evaluate_round 8 received 9 results and 0 failures
[2025-03-09 18:42:14,433][flwr][DEBUG] - fit_round 9: strategy sampled 9 clients (out of 10)
[2025-03-09 18:43:05,017][flwr][DEBUG] - fit_round 9 received 9 results and 0 failures
[2025-03-09 18:43:06,077][flwr][INFO] - fit progress: (9, 1.3551130294799805, {'accuracy': 0.508400022983551}, 480.7308950840379)
[2025-03-09 18:43:06,077][flwr][DEBUG] - evaluate_round 9: strategy sampled 9 clients (out of 10)
[2025-03-09 18:43:07,789][flwr][DEBUG] - evaluate_round 9 received 9 results and 0 failures
[2025-03-09 18:43:07,789][flwr][DEBUG] - fit_round 10: strategy sampled 9 clients (out of 10)
[2025-03-09 18:43:58,212][flwr][DEBUG] - fit_round 10 received 9 results and 0 failures
[2025-03-09 18:43:59,279][flwr][INFO] - fit progress: (10, 1.3614022731781006, {'accuracy': 0.5194000005722046}, 533.93176675)
[2025-03-09 18:43:59,279][flwr][DEBUG] - evaluate_round 10: strategy sampled 9 clients (out of 10)
[2025-03-09 18:44:00,995][flwr][DEBUG] - evaluate_round 10 received 9 results and 0 failures
[2025-03-09 18:44:00,995][flwr][DEBUG] - fit_round 11: strategy sampled 9 clients (out of 10)
[2025-03-09 18:44:51,738][flwr][DEBUG] - fit_round 11 received 9 results and 0 failures
[2025-03-09 18:44:52,793][flwr][INFO] - fit progress: (11, 1.2975633144378662, {'accuracy': 0.52920001745224}, 587.4457396250218)
[2025-03-09 18:44:52,793][flwr][DEBUG] - evaluate_round 11: strategy sampled 9 clients (out of 10)
[2025-03-09 18:44:54,534][flwr][DEBUG] - evaluate_round 11 received 9 results and 0 failures
[2025-03-09 18:44:54,534][flwr][DEBUG] - fit_round 12: strategy sampled 9 clients (out of 10)
[2025-03-09 18:46:18,416][flwr][DEBUG] - fit_round 12 received 9 results and 0 failures
[2025-03-09 18:46:19,491][flwr][INFO] - fit progress: (12, 1.2183455228805542, {'accuracy': 0.5590999722480774}, 674.1424783749972)
[2025-03-09 18:46:19,491][flwr][DEBUG] - evaluate_round 12: strategy sampled 9 clients (out of 10)
[2025-03-09 18:46:21,118][flwr][DEBUG] - evaluate_round 12 received 9 results and 0 failures
[2025-03-09 18:46:21,118][flwr][DEBUG] - fit_round 13: strategy sampled 9 clients (out of 10)
[2025-03-09 18:47:12,994][flwr][DEBUG] - fit_round 13 received 9 results and 0 failures
[2025-03-09 18:47:14,091][flwr][INFO] - fit progress: (13, 1.2808432579040527, {'accuracy': 0.5389999747276306}, 728.7414342500269)
[2025-03-09 18:47:14,091][flwr][DEBUG] - evaluate_round 13: strategy sampled 9 clients (out of 10)
[2025-03-09 18:47:15,876][flwr][DEBUG] - evaluate_round 13 received 9 results and 0 failures
[2025-03-09 18:47:15,876][flwr][DEBUG] - fit_round 14: strategy sampled 9 clients (out of 10)
[2025-03-09 18:48:07,172][flwr][DEBUG] - fit_round 14 received 9 results and 0 failures
[2025-03-09 18:48:08,227][flwr][INFO] - fit progress: (14, 1.289686679840088, {'accuracy': 0.5216000080108643}, 782.8775454590213)
[2025-03-09 18:48:08,227][flwr][DEBUG] - evaluate_round 14: strategy sampled 9 clients (out of 10)
[2025-03-09 18:48:09,971][flwr][DEBUG] - evaluate_round 14 received 9 results and 0 failures
[2025-03-09 18:48:09,971][flwr][DEBUG] - fit_round 15: strategy sampled 9 clients (out of 10)
[2025-03-09 18:49:00,929][flwr][DEBUG] - fit_round 15 received 9 results and 0 failures
[2025-03-09 18:49:01,981][flwr][INFO] - fit progress: (15, 1.16312575340271, {'accuracy': 0.583299994468689}, 836.6310730840196)
[2025-03-09 18:49:01,981][flwr][DEBUG] - evaluate_round 15: strategy sampled 9 clients (out of 10)
[2025-03-09 18:49:04,240][flwr][DEBUG] - evaluate_round 15 received 9 results and 0 failures
[2025-03-09 18:49:04,240][flwr][DEBUG] - fit_round 16: strategy sampled 9 clients (out of 10)
[2025-03-09 18:49:55,835][flwr][DEBUG] - fit_round 16 received 9 results and 0 failures
[2025-03-09 18:49:56,941][flwr][INFO] - fit progress: (16, 1.1732383966445923, {'accuracy': 0.5728999972343445}, 891.5904766250169)
[2025-03-09 18:49:56,941][flwr][DEBUG] - evaluate_round 16: strategy sampled 9 clients (out of 10)
[2025-03-09 18:49:58,599][flwr][DEBUG] - evaluate_round 16 received 9 results and 0 failures
[2025-03-09 18:49:58,599][flwr][DEBUG] - fit_round 17: strategy sampled 9 clients (out of 10)
[2025-03-09 18:50:51,165][flwr][DEBUG] - fit_round 17 received 9 results and 0 failures
[2025-03-09 18:50:52,230][flwr][INFO] - fit progress: (17, 1.1556010246276855, {'accuracy': 0.5752999782562256}, 946.8786862090346)
[2025-03-09 18:50:52,230][flwr][DEBUG] - evaluate_round 17: strategy sampled 9 clients (out of 10)
[2025-03-09 18:50:53,974][flwr][DEBUG] - evaluate_round 17 received 9 results and 0 failures
[2025-03-09 18:50:53,974][flwr][DEBUG] - fit_round 18: strategy sampled 9 clients (out of 10)
[2025-03-09 18:51:45,585][flwr][DEBUG] - fit_round 18 received 9 results and 0 failures
[2025-03-09 18:51:46,622][flwr][INFO] - fit progress: (18, 1.0991274118423462, {'accuracy': 0.599399983882904}, 1001.2696484589833)
[2025-03-09 18:51:46,622][flwr][DEBUG] - evaluate_round 18: strategy sampled 9 clients (out of 10)
[2025-03-09 18:51:48,426][flwr][DEBUG] - evaluate_round 18 received 9 results and 0 failures
[2025-03-09 18:51:48,427][flwr][DEBUG] - fit_round 19: strategy sampled 9 clients (out of 10)
[2025-03-09 18:52:41,097][flwr][DEBUG] - fit_round 19 received 9 results and 0 failures
[2025-03-09 18:52:42,189][flwr][INFO] - fit progress: (19, 1.0765875577926636, {'accuracy': 0.6168000102043152}, 1056.836637334025)
[2025-03-09 18:52:42,189][flwr][DEBUG] - evaluate_round 19: strategy sampled 9 clients (out of 10)
[2025-03-09 18:52:43,947][flwr][DEBUG] - evaluate_round 19 received 9 results and 0 failures
[2025-03-09 18:52:43,947][flwr][DEBUG] - fit_round 20: strategy sampled 9 clients (out of 10)
[2025-03-09 18:53:36,217][flwr][DEBUG] - fit_round 20 received 9 results and 0 failures
[2025-03-09 18:53:37,250][flwr][INFO] - fit progress: (20, 1.1682698726654053, {'accuracy': 0.5738000273704529}, 1111.897125958989)
[2025-03-09 18:53:37,251][flwr][DEBUG] - evaluate_round 20: strategy sampled 9 clients (out of 10)
[2025-03-09 18:53:39,050][flwr][DEBUG] - evaluate_round 20 received 9 results and 0 failures
[2025-03-09 18:53:39,051][flwr][INFO] - FL finished in 1113.6972928750329
[2025-03-09 18:53:39,051][flwr][INFO] - app_fit: losses_distributed [(1, 1.943238731297388), (2, 1.6562753465819657), (3, 1.6370130536255536), (4, 1.6906260638466877), (5, 1.621588299174215), (6, 1.430754085238889), (7, 1.513643076973604), (8, 1.4053637226422628), (9, 1.365272826020321), (10, 1.3695581979661697), (11, 1.3163580183922923), (12, 1.2249146441867398), (13, 1.2992662542343973), (14, 1.3137234241721478), (15, 1.1791531619530884), (16, 1.178897653261536), (17, 1.1616953519345186), (18, 1.118835822886063), (19, 1.0987291502931251), (20, 1.187582435965952)]
[2025-03-09 18:53:39,051][flwr][INFO] - app_fit: metrics_distributed_fit {'variance_training_loss': [(1, 0.002076909361756724), (2, 0.0014881040900591972), (3, 0.0002522109753960598), (4, 0.0001777749406058342), (5, 0.0011120173593768515), (6, 0.0014655878499386038), (7, 0.0011396903852174648), (8, 0.0007996388159676545), (9, 0.0009984529554101776), (10, 0.0013220078393870174), (11, 0.00016554685336103955), (12, 0.0002565009413113605), (13, 0.0008022089807964699), (14, 0.00030344047561855255), (15, 0.0010729845138850583), (16, 0.00024856167821162164), (17, 0.0011314795823251541), (18, 0.00023040591797338393), (19, 0.0009391238747386023), (20, 0.0009178984218953033)], 'average_training_loss': [(1, 1.832030759917365), (2, 1.7127074400583904), (3, 1.6559605995814006), (4, 1.6010453171200223), (5, 1.5304629802703857), (6, 1.4876221815745037), (7, 1.4495346546173096), (8, 1.4190941519207425), (9, 1.3942037158542209), (10, 1.3708198732799954), (11, 1.3536693387561374), (12, 1.332902365260654), (13, 1.2980404562420316), (14, 1.2887277338239882), (15, 1.2646309402253892), (16, 1.260399063428243), (17, 1.2299817403157551), (18, 1.22846515973409), (19, 1.199625227186415), (20, 1.1854761706458197)], 'estimated_times': [(1, [45.827460852697534, 83.31414879393328, 77.6561534042406, 76.84195742253024, 132.74834984771377, 60.6781509395711, 93.8605396757187, 74.07518180923562, 79.88610430190144]), (2, [77.6561534042406, 93.8605396757187, 74.07518180923562, 132.74834984771377, 45.827460852697534, 83.31414879393328, 72.77746533819118, 79.88610430190144, 76.84195742253024]), (3, [79.88610430190144, 77.6561534042406, 132.74834984771377, 76.84195742253024, 45.827460852697534, 72.77746533819118, 74.07518180923562, 60.6781509395711, 93.8605396757187]), (4, [132.74834984771377, 77.6561534042406, 79.88610430190144, 74.07518180923562, 76.84195742253024, 93.8605396757187, 60.6781509395711, 72.77746533819118, 45.827460852697534]), (5, [60.6781509395711, 76.84195742253024, 77.6561534042406, 83.31414879393328, 74.07518180923562, 79.88610430190144, 45.827460852697534, 72.77746533819118, 132.74834984771377]), (6, [74.07518180923562, 72.77746533819118, 76.84195742253024, 93.8605396757187, 45.827460852697534, 60.6781509395711, 132.74834984771377, 77.6561534042406, 83.31414879393328]), (7, [83.31414879393328, 72.77746533819118, 132.74834984771377, 76.84195742253024, 60.6781509395711, 74.07518180923562, 79.88610430190144, 77.6561534042406, 45.827460852697534]), (8, [79.88610430190144, 83.31414879393328, 74.07518180923562, 76.84195742253024, 132.74834984771377, 72.77746533819118, 60.6781509395711, 77.6561534042406, 93.8605396757187]), (9, [74.07518180923562, 72.77746533819118, 45.827460852697534, 60.6781509395711, 93.8605396757187, 77.6561534042406, 83.31414879393328, 76.84195742253024, 79.88610430190144]), (10, [83.31414879393328, 74.07518180923562, 77.6561534042406, 93.8605396757187, 79.88610430190144, 45.827460852697534, 60.6781509395711, 76.84195742253024, 72.77746533819118]), (11, [77.6561534042406, 72.77746533819118, 74.07518180923562, 93.8605396757187, 60.6781509395711, 132.74834984771377, 45.827460852697534, 79.88610430190144, 76.84195742253024]), (12, [74.07518180923562, 93.8605396757187, 45.827460852697534, 79.88610430190144, 76.84195742253024, 72.77746533819118, 77.6561534042406, 60.6781509395711, 132.74834984771377]), (13, [72.77746533819118, 79.88610430190144, 132.74834984771377, 77.6561534042406, 60.6781509395711, 93.8605396757187, 74.07518180923562, 83.31414879393328, 76.84195742253024]), (14, [45.827460852697534, 72.77746533819118, 74.07518180923562, 132.74834984771377, 60.6781509395711, 93.8605396757187, 77.6561534042406, 79.88610430190144, 76.84195742253024]), (15, [83.31414879393328, 72.77746533819118, 45.827460852697534, 79.88610430190144, 77.6561534042406, 76.84195742253024, 93.8605396757187, 60.6781509395711, 74.07518180923562]), (16, [93.8605396757187, 60.6781509395711, 76.84195742253024, 77.6561534042406, 79.88610430190144, 132.74834984771377, 45.827460852697534, 72.77746533819118, 74.07518180923562]), (17, [93.8605396757187, 76.84195742253024, 74.07518180923562, 72.77746533819118, 79.88610430190144, 60.6781509395711, 132.74834984771377, 45.827460852697534, 83.31414879393328]), (18, [77.6561534042406, 45.827460852697534, 93.8605396757187, 72.77746533819118, 74.07518180923562, 132.74834984771377, 79.88610430190144, 76.84195742253024, 60.6781509395711]), (19, [79.88610430190144, 60.6781509395711, 74.07518180923562, 83.31414879393328, 93.8605396757187, 45.827460852697534, 132.74834984771377, 72.77746533819118, 76.84195742253024]), (20, [132.74834984771377, 93.8605396757187, 72.77746533819118, 83.31414879393328, 74.07518180923562, 79.88610430190144, 76.84195742253024, 77.6561534042406, 60.6781509395711])]}
[2025-03-09 18:53:39,052][flwr][INFO] - app_fit: metrics_distributed {}
[2025-03-09 18:53:39,053][flwr][INFO] - app_fit: losses_centralized [(0, 2.3026010990142822), (1, 1.9434903860092163), (2, 1.6394731998443604), (3, 1.6142030954360962), (4, 1.6663708686828613), (5, 1.6146775484085083), (6, 1.4345275163650513), (7, 1.4891328811645508), (8, 1.3784582614898682), (9, 1.3551130294799805), (10, 1.3614022731781006), (11, 1.2975633144378662), (12, 1.2183455228805542), (13, 1.2808432579040527), (14, 1.289686679840088), (15, 1.16312575340271), (16, 1.1732383966445923), (17, 1.1556010246276855), (18, 1.0991274118423462), (19, 1.0765875577926636), (20, 1.1682698726654053)]
[2025-03-09 18:53:39,053][flwr][INFO] - app_fit: metrics_centralized {'accuracy': [(0, 0.10040000081062317), (1, 0.2676999866962433), (2, 0.3959999978542328), (3, 0.40639999508857727), (4, 0.38199999928474426), (5, 0.42080000042915344), (6, 0.4733999967575073), (7, 0.45969998836517334), (8, 0.5042999982833862), (9, 0.508400022983551), (10, 0.5194000005722046), (11, 0.52920001745224), (12, 0.5590999722480774), (13, 0.5389999747276306), (14, 0.5216000080108643), (15, 0.583299994468689), (16, 0.5728999972343445), (17, 0.5752999782562256), (18, 0.599399983882904), (19, 0.6168000102043152), (20, 0.5738000273704529)]}
