[2025-03-11 15:34:53,683][flwr][INFO] - Using FedAvg strategy
[2025-03-11 15:34:53,684][flwr][INFO] - Starting Flower simulation, config: ServerConfig(num_rounds=20, round_timeout=None)
[2025-03-11 15:34:54,799][flwr][INFO] - Flower VCE: Ray initialized with resources: {'memory': 17336452711.0, 'object_store_memory': 2147483648.0, 'node:127.0.0.1': 1.0, 'CPU': 8.0, 'node:__internal_head__': 1.0}
[2025-03-11 15:34:54,799][flwr][INFO] - Flower VCE: Resources for each Virtual Client: {'num_cpus': 0.5, 'num_gpus': 0}
[2025-03-11 15:34:54,805][flwr][INFO] - Flower VCE: Creating VirtualClientEngineActorPool with 16 actors
[2025-03-11 15:34:54,806][flwr][INFO] - Initializing global parameters
[2025-03-11 15:34:54,806][flwr][INFO] - Requesting initial parameters from one random client
[2025-03-11 15:34:59,995][flwr][INFO] - Received initial parameters from one random client
[2025-03-11 15:34:59,995][flwr][INFO] - Evaluating initial parameters
[2025-03-11 15:35:01,095][flwr][INFO] - initial parameters (loss, other metrics): 2.30289363861084, {'accuracy': 0.1023000031709671}
[2025-03-11 15:35:01,095][flwr][INFO] - FL starting
[2025-03-11 15:35:01,095][flwr][DEBUG] - fit_round 1: strategy sampled 9 clients (out of 10)
[2025-03-11 15:35:23,913][flwr][DEBUG] - fit_round 1 received 9 results and 0 failures
[2025-03-11 15:35:24,917][flwr][INFO] - fit progress: (1, 2.3578741550445557, {'accuracy': 0.10000000149011612}, 23.821669584023766)
[2025-03-11 15:35:24,917][flwr][DEBUG] - evaluate_round 1: strategy sampled 9 clients (out of 10)
[2025-03-11 15:35:26,737][flwr][DEBUG] - evaluate_round 1 received 9 results and 0 failures
[2025-03-11 15:35:26,737][flwr][WARNING] - No evaluate_metrics_aggregation_fn provided
[2025-03-11 15:35:26,737][flwr][DEBUG] - fit_round 2: strategy sampled 9 clients (out of 10)
[2025-03-11 15:35:43,607][flwr][DEBUG] - fit_round 2 received 9 results and 0 failures
[2025-03-11 15:35:44,619][flwr][INFO] - fit progress: (2, 2.443488359451294, {'accuracy': 0.10119999945163727}, 43.523865499999374)
[2025-03-11 15:35:44,619][flwr][DEBUG] - evaluate_round 2: strategy sampled 9 clients (out of 10)
[2025-03-11 15:35:46,474][flwr][DEBUG] - evaluate_round 2 received 9 results and 0 failures
[2025-03-11 15:35:46,474][flwr][DEBUG] - fit_round 3: strategy sampled 9 clients (out of 10)
[2025-03-11 15:36:09,074][flwr][DEBUG] - fit_round 3 received 9 results and 0 failures
[2025-03-11 15:36:10,097][flwr][INFO] - fit progress: (3, 2.1709108352661133, {'accuracy': 0.1898999959230423}, 69.00209299998824)
[2025-03-11 15:36:10,097][flwr][DEBUG] - evaluate_round 3: strategy sampled 9 clients (out of 10)
[2025-03-11 15:36:12,166][flwr][DEBUG] - evaluate_round 3 received 9 results and 0 failures
[2025-03-11 15:36:12,166][flwr][DEBUG] - fit_round 4: strategy sampled 9 clients (out of 10)
[2025-03-11 15:36:34,840][flwr][DEBUG] - fit_round 4 received 9 results and 0 failures
[2025-03-11 15:36:35,849][flwr][INFO] - fit progress: (4, 1.884243130683899, {'accuracy': 0.27559998631477356}, 94.75333437498193)
[2025-03-11 15:36:35,849][flwr][DEBUG] - evaluate_round 4: strategy sampled 9 clients (out of 10)
[2025-03-11 15:36:37,664][flwr][DEBUG] - evaluate_round 4 received 9 results and 0 failures
[2025-03-11 15:36:37,665][flwr][DEBUG] - fit_round 5: strategy sampled 9 clients (out of 10)
[2025-03-11 15:36:59,068][flwr][DEBUG] - fit_round 5 received 9 results and 0 failures
[2025-03-11 15:37:00,080][flwr][INFO] - fit progress: (5, 1.8215442895889282, {'accuracy': 0.3278000056743622}, 118.98440595902503)
[2025-03-11 15:37:00,080][flwr][DEBUG] - evaluate_round 5: strategy sampled 9 clients (out of 10)
[2025-03-11 15:37:01,892][flwr][DEBUG] - evaluate_round 5 received 9 results and 0 failures
[2025-03-11 15:37:01,892][flwr][DEBUG] - fit_round 6: strategy sampled 9 clients (out of 10)
[2025-03-11 15:37:24,959][flwr][DEBUG] - fit_round 6 received 9 results and 0 failures
[2025-03-11 15:37:25,978][flwr][INFO] - fit progress: (6, 1.8581955432891846, {'accuracy': 0.314300000667572}, 144.88244520896114)
[2025-03-11 15:37:25,978][flwr][DEBUG] - evaluate_round 6: strategy sampled 9 clients (out of 10)
[2025-03-11 15:37:27,948][flwr][DEBUG] - evaluate_round 6 received 9 results and 0 failures
[2025-03-11 15:37:27,948][flwr][DEBUG] - fit_round 7: strategy sampled 9 clients (out of 10)
[2025-03-11 15:37:48,323][flwr][DEBUG] - fit_round 7 received 9 results and 0 failures
[2025-03-11 15:37:49,353][flwr][INFO] - fit progress: (7, 1.772613525390625, {'accuracy': 0.33959999680519104}, 168.25705925002694)
[2025-03-11 15:37:49,353][flwr][DEBUG] - evaluate_round 7: strategy sampled 9 clients (out of 10)
[2025-03-11 15:37:51,286][flwr][DEBUG] - evaluate_round 7 received 9 results and 0 failures
[2025-03-11 15:37:51,286][flwr][DEBUG] - fit_round 8: strategy sampled 9 clients (out of 10)
[2025-03-11 15:38:14,060][flwr][DEBUG] - fit_round 8 received 9 results and 0 failures
[2025-03-11 15:38:15,105][flwr][INFO] - fit progress: (8, 1.787421464920044, {'accuracy': 0.3310000002384186}, 194.00961908395402)
[2025-03-11 15:38:15,105][flwr][DEBUG] - evaluate_round 8: strategy sampled 9 clients (out of 10)
[2025-03-11 15:38:17,171][flwr][DEBUG] - evaluate_round 8 received 9 results and 0 failures
[2025-03-11 15:38:17,171][flwr][DEBUG] - fit_round 9: strategy sampled 9 clients (out of 10)
[2025-03-11 15:38:39,174][flwr][DEBUG] - fit_round 9 received 9 results and 0 failures
[2025-03-11 15:38:40,232][flwr][INFO] - fit progress: (9, 1.7706855535507202, {'accuracy': 0.3668000102043152}, 219.13583604199812)
[2025-03-11 15:38:40,232][flwr][DEBUG] - evaluate_round 9: strategy sampled 9 clients (out of 10)
[2025-03-11 15:38:42,121][flwr][DEBUG] - evaluate_round 9 received 9 results and 0 failures
[2025-03-11 15:38:42,121][flwr][DEBUG] - fit_round 10: strategy sampled 9 clients (out of 10)
[2025-03-11 15:39:04,905][flwr][DEBUG] - fit_round 10 received 9 results and 0 failures
[2025-03-11 15:39:05,969][flwr][INFO] - fit progress: (10, 1.7140424251556396, {'accuracy': 0.3666999936103821}, 244.87312412494794)
[2025-03-11 15:39:05,969][flwr][DEBUG] - evaluate_round 10: strategy sampled 9 clients (out of 10)
[2025-03-11 15:39:07,806][flwr][DEBUG] - evaluate_round 10 received 9 results and 0 failures
[2025-03-11 15:39:07,806][flwr][DEBUG] - fit_round 11: strategy sampled 9 clients (out of 10)
[2025-03-11 15:39:29,722][flwr][DEBUG] - fit_round 11 received 9 results and 0 failures
[2025-03-11 15:39:30,784][flwr][INFO] - fit progress: (11, 1.740829348564148, {'accuracy': 0.3529999852180481}, 269.6883681669133)
[2025-03-11 15:39:30,784][flwr][DEBUG] - evaluate_round 11: strategy sampled 9 clients (out of 10)
[2025-03-11 15:39:32,679][flwr][DEBUG] - evaluate_round 11 received 9 results and 0 failures
[2025-03-11 15:39:32,679][flwr][DEBUG] - fit_round 12: strategy sampled 9 clients (out of 10)
[2025-03-11 15:39:56,440][flwr][DEBUG] - fit_round 12 received 9 results and 0 failures
[2025-03-11 15:39:57,499][flwr][INFO] - fit progress: (12, 1.660208821296692, {'accuracy': 0.37869998812675476}, 296.40301399992313)
[2025-03-11 15:39:57,499][flwr][DEBUG] - evaluate_round 12: strategy sampled 9 clients (out of 10)
[2025-03-11 15:39:59,326][flwr][DEBUG] - evaluate_round 12 received 9 results and 0 failures
[2025-03-11 15:39:59,326][flwr][DEBUG] - fit_round 13: strategy sampled 9 clients (out of 10)
[2025-03-11 15:40:16,466][flwr][DEBUG] - fit_round 13 received 9 results and 0 failures
[2025-03-11 15:40:17,514][flwr][INFO] - fit progress: (13, 1.564195156097412, {'accuracy': 0.39559999108314514}, 316.4178754169261)
[2025-03-11 15:40:17,514][flwr][DEBUG] - evaluate_round 13: strategy sampled 9 clients (out of 10)
[2025-03-11 15:40:19,466][flwr][DEBUG] - evaluate_round 13 received 9 results and 0 failures
[2025-03-11 15:40:19,466][flwr][DEBUG] - fit_round 14: strategy sampled 9 clients (out of 10)
[2025-03-11 15:40:36,728][flwr][DEBUG] - fit_round 14 received 9 results and 0 failures
[2025-03-11 15:40:37,805][flwr][INFO] - fit progress: (14, 1.6099910736083984, {'accuracy': 0.3889999985694885}, 336.70889041700866)
[2025-03-11 15:40:37,805][flwr][DEBUG] - evaluate_round 14: strategy sampled 9 clients (out of 10)
[2025-03-11 15:40:39,515][flwr][DEBUG] - evaluate_round 14 received 9 results and 0 failures
[2025-03-11 15:40:39,515][flwr][DEBUG] - fit_round 15: strategy sampled 9 clients (out of 10)
[2025-03-11 15:41:03,142][flwr][DEBUG] - fit_round 15 received 9 results and 0 failures
[2025-03-11 15:41:04,184][flwr][INFO] - fit progress: (15, 1.5788683891296387, {'accuracy': 0.4066999852657318}, 363.08775599999353)
[2025-03-11 15:41:04,184][flwr][DEBUG] - evaluate_round 15: strategy sampled 9 clients (out of 10)
[2025-03-11 15:41:06,018][flwr][DEBUG] - evaluate_round 15 received 9 results and 0 failures
[2025-03-11 15:41:06,018][flwr][DEBUG] - fit_round 16: strategy sampled 9 clients (out of 10)
[2025-03-11 15:41:30,492][flwr][DEBUG] - fit_round 16 received 9 results and 0 failures
[2025-03-11 15:41:31,530][flwr][INFO] - fit progress: (16, 1.7087864875793457, {'accuracy': 0.3621000051498413}, 390.42425808392)
[2025-03-11 15:41:31,530][flwr][DEBUG] - evaluate_round 16: strategy sampled 9 clients (out of 10)
[2025-03-11 15:41:33,631][flwr][DEBUG] - evaluate_round 16 received 9 results and 0 failures
[2025-03-11 15:41:33,631][flwr][DEBUG] - fit_round 17: strategy sampled 9 clients (out of 10)
[2025-03-11 15:41:56,890][flwr][DEBUG] - fit_round 17 received 9 results and 0 failures
[2025-03-11 15:41:57,971][flwr][INFO] - fit progress: (17, 1.584074854850769, {'accuracy': 0.3978999853134155}, 416.8629851669539)
[2025-03-11 15:41:57,971][flwr][DEBUG] - evaluate_round 17: strategy sampled 9 clients (out of 10)
[2025-03-11 15:41:59,788][flwr][DEBUG] - evaluate_round 17 received 9 results and 0 failures
[2025-03-11 15:41:59,789][flwr][DEBUG] - fit_round 18: strategy sampled 9 clients (out of 10)
[2025-03-11 15:42:18,836][flwr][DEBUG] - fit_round 18 received 9 results and 0 failures
[2025-03-11 15:42:19,897][flwr][INFO] - fit progress: (18, 1.6136484146118164, {'accuracy': 0.4142000079154968}, 438.7889035419794)
[2025-03-11 15:42:19,897][flwr][DEBUG] - evaluate_round 18: strategy sampled 9 clients (out of 10)
[2025-03-11 15:42:22,058][flwr][DEBUG] - evaluate_round 18 received 9 results and 0 failures
[2025-03-11 15:42:22,058][flwr][DEBUG] - fit_round 19: strategy sampled 9 clients (out of 10)
[2025-03-11 15:42:41,254][flwr][DEBUG] - fit_round 19 received 9 results and 0 failures
[2025-03-11 15:42:42,338][flwr][INFO] - fit progress: (19, 1.6670986413955688, {'accuracy': 0.41909998655319214}, 461.2298295419896)
[2025-03-11 15:42:42,339][flwr][DEBUG] - evaluate_round 19: strategy sampled 9 clients (out of 10)
[2025-03-11 15:42:44,484][flwr][DEBUG] - evaluate_round 19 received 9 results and 0 failures
[2025-03-11 15:42:44,484][flwr][DEBUG] - fit_round 20: strategy sampled 9 clients (out of 10)
[2025-03-11 15:43:08,346][flwr][DEBUG] - fit_round 20 received 9 results and 0 failures
[2025-03-11 15:43:09,385][flwr][INFO] - fit progress: (20, 1.546081304550171, {'accuracy': 0.4120999872684479}, 488.2760929589858)
[2025-03-11 15:43:09,385][flwr][DEBUG] - evaluate_round 20: strategy sampled 9 clients (out of 10)
[2025-03-11 15:43:11,212][flwr][DEBUG] - evaluate_round 20 received 9 results and 0 failures
[2025-03-11 15:43:11,213][flwr][INFO] - FL finished in 490.10382116702385
[2025-03-11 15:43:11,213][flwr][INFO] - app_fit: losses_distributed [(1, 2.288535742420028), (2, 2.341358380955035), (3, 2.0519403807693646), (4, 1.8967974884674095), (5, 1.7180455772945464), (6, 1.8146904412269593), (7, 1.6567508525171724), (8, 1.746917088174037), (9, 1.7326501157643983), (10, 1.6520148088955686), (11, 1.656031715420556), (12, 1.5656814918814108), (13, 1.5253928627768418), (14, 1.6247677703648582), (15, 1.5250039912216076), (16, 1.671583995962143), (17, 1.5964659616792698), (18, 1.5282374819278717), (19, 1.5573897758386526), (20, 1.5195256161550394)]
[2025-03-11 15:43:11,213][flwr][INFO] - app_fit: metrics_distributed_fit {'variance_training_loss': [(1, 0.12475533726378434), (2, 0.10503292556870046), (3, 0.24593555800195185), (4, 0.1875902233296046), (5, 0.15933139580574213), (6, 0.19880337587024074), (7, 0.184623026880664), (8, 0.14072108000023953), (9, 0.1637241119543716), (10, 0.1927986871836664), (11, 0.1518104204196897), (12, 0.17216167982323644), (13, 0.16308442378802882), (14, 0.33697812854625614), (15, 0.02294727996769087), (16, 0.01599016916107825), (17, 0.17536958901610197), (18, 0.17809727987237267), (19, 0.19042932860300413), (20, 0.016833711578744952)], 'average_training_loss': [(1, 1.6546136008368597), (2, 1.5123555925157335), (3, 1.5228448841306899), (4, 1.4073409371905856), (5, 1.424528333875868), (6, 1.3801591065194871), (7, 1.3262753950224981), (8, 1.253316342830658), (9, 1.3257990810606215), (10, 1.2516717513402302), (11, 1.2815264330969915), (12, 1.2225890358289082), (13, 1.2203479541672602), (14, 1.2921222382121615), (15, 1.0863980915811327), (16, 1.0394547118080988), (17, 1.1706419123543634), (18, 1.1812172995673285), (19, 1.1873058279355366), (20, 1.0040626260969374)], 'estimated_times': [(1, [12.064333274247103, 48.339629444155754, 11.231993331821437, 0.0, 3.6313735722383185, 14.25072770997172, 75.96392068377394, 0.2978419152753859, 1.4296466509519439]), (2, [1.4296466509519439, 0.2978419152753859, 11.231993331821437, 48.339629444155754, 0.0, 0.5064231964837829, 12.064333274247103, 14.25072770997172, 3.6313735722383185]), (3, [11.231993331821437, 48.339629444155754, 12.064333274247103, 75.96392068377394, 1.4296466509519439, 0.0, 0.5064231964837829, 0.2978419152753859, 14.25072770997172]), (4, [14.25072770997172, 0.2978419152753859, 75.96392068377394, 12.064333274247103, 1.4296466509519439, 0.5064231964837829, 0.0, 11.231993331821437, 48.339629444155754]), (5, [14.25072770997172, 0.5064231964837829, 12.064333274247103, 1.4296466509519439, 0.0, 3.6313735722383185, 0.2978419152753859, 48.339629444155754, 75.96392068377394]), (6, [75.96392068377394, 0.0, 48.339629444155754, 12.064333274247103, 14.25072770997172, 3.6313735722383185, 11.231993331821437, 0.2978419152753859, 1.4296466509519439]), (7, [3.6313735722383185, 12.064333274247103, 0.2978419152753859, 1.4296466509519439, 0.0, 0.5064231964837829, 75.96392068377394, 48.339629444155754, 11.231993331821437]), (8, [0.0, 0.5064231964837829, 0.2978419152753859, 12.064333274247103, 14.25072770997172, 48.339629444155754, 1.4296466509519439, 11.231993331821437, 75.96392068377394]), (9, [0.5064231964837829, 3.6313735722383185, 0.2978419152753859, 48.339629444155754, 12.064333274247103, 75.96392068377394, 14.25072770997172, 1.4296466509519439, 0.0]), (10, [75.96392068377394, 14.25072770997172, 1.4296466509519439, 0.0, 12.064333274247103, 11.231993331821437, 48.339629444155754, 0.5064231964837829, 0.2978419152753859]), (11, [48.339629444155754, 75.96392068377394, 0.0, 14.25072770997172, 3.6313735722383185, 12.064333274247103, 0.5064231964837829, 1.4296466509519439, 0.2978419152753859]), (12, [1.4296466509519439, 75.96392068377394, 0.5064231964837829, 0.0, 12.064333274247103, 48.339629444155754, 11.231993331821437, 3.6313735722383185, 14.25072770997172]), (13, [11.231993331821437, 1.4296466509519439, 0.5064231964837829, 14.25072770997172, 3.6313735722383185, 0.2978419152753859, 0.0, 12.064333274247103, 48.339629444155754]), (14, [0.5064231964837829, 0.0, 3.6313735722383185, 0.2978419152753859, 12.064333274247103, 11.231993331821437, 48.339629444155754, 14.25072770997172, 1.4296466509519439]), (15, [1.4296466509519439, 48.339629444155754, 12.064333274247103, 0.5064231964837829, 14.25072770997172, 75.96392068377394, 11.231993331821437, 3.6313735722383185, 0.2978419152753859]), (16, [11.231993331821437, 75.96392068377394, 12.064333274247103, 48.339629444155754, 1.4296466509519439, 14.25072770997172, 3.6313735722383185, 0.5064231964837829, 0.2978419152753859]), (17, [3.6313735722383185, 12.064333274247103, 0.0, 0.2978419152753859, 75.96392068377394, 14.25072770997172, 11.231993331821437, 0.5064231964837829, 48.339629444155754]), (18, [75.96392068377394, 0.5064231964837829, 12.064333274247103, 11.231993331821437, 1.4296466509519439, 0.2978419152753859, 14.25072770997172, 3.6313735722383185, 0.0]), (19, [14.25072770997172, 12.064333274247103, 3.6313735722383185, 0.5064231964837829, 1.4296466509519439, 11.231993331821437, 0.0, 75.96392068377394, 0.2978419152753859]), (20, [75.96392068377394, 0.5064231964837829, 1.4296466509519439, 14.25072770997172, 48.339629444155754, 3.6313735722383185, 12.064333274247103, 11.231993331821437, 0.2978419152753859])]}
[2025-03-11 15:43:11,215][flwr][INFO] - app_fit: metrics_distributed {}
[2025-03-11 15:43:11,215][flwr][INFO] - app_fit: losses_centralized [(0, 2.30289363861084), (1, 2.3578741550445557), (2, 2.443488359451294), (3, 2.1709108352661133), (4, 1.884243130683899), (5, 1.8215442895889282), (6, 1.8581955432891846), (7, 1.772613525390625), (8, 1.787421464920044), (9, 1.7706855535507202), (10, 1.7140424251556396), (11, 1.740829348564148), (12, 1.660208821296692), (13, 1.564195156097412), (14, 1.6099910736083984), (15, 1.5788683891296387), (16, 1.7087864875793457), (17, 1.584074854850769), (18, 1.6136484146118164), (19, 1.6670986413955688), (20, 1.546081304550171)]
[2025-03-11 15:43:11,215][flwr][INFO] - app_fit: metrics_centralized {'accuracy': [(0, 0.1023000031709671), (1, 0.10000000149011612), (2, 0.10119999945163727), (3, 0.1898999959230423), (4, 0.27559998631477356), (5, 0.3278000056743622), (6, 0.314300000667572), (7, 0.33959999680519104), (8, 0.3310000002384186), (9, 0.3668000102043152), (10, 0.3666999936103821), (11, 0.3529999852180481), (12, 0.37869998812675476), (13, 0.39559999108314514), (14, 0.3889999985694885), (15, 0.4066999852657318), (16, 0.3621000051498413), (17, 0.3978999853134155), (18, 0.4142000079154968), (19, 0.41909998655319214), (20, 0.4120999872684479)]}
