[2025-03-24 22:55:56,506][tensorflow][WARNING] - From /Users/livialestingi/PycharmProjects/NodeSelection/power_of_choice/power_of_choice/dataset.py:38: load (from tensorflow.python.data.experimental.ops.io) is deprecated and will be removed in a future version.
Instructions for updating:
Use `tf.data.Dataset.load(...)` instead.
[2025-03-24 22:55:56,642][flwr][INFO] - Using FedAvg strategy
[2025-03-24 22:55:56,642][flwr][INFO] - Starting Flower simulation, config: ServerConfig(num_rounds=20, round_timeout=None)
[2025-03-24 22:55:57,808][flwr][INFO] - Flower VCE: Ray initialized with resources: {'node:127.0.0.1': 1.0, 'object_store_memory': 2147483648.0, 'node:__internal_head__': 1.0, 'memory': 16005470618.0, 'CPU': 8.0}
[2025-03-24 22:55:57,808][flwr][INFO] - Flower VCE: Resources for each Virtual Client: {'num_cpus': 0.5, 'num_gpus': 0}
[2025-03-24 22:55:57,814][flwr][INFO] - Flower VCE: Creating VirtualClientEngineActorPool with 16 actors
[2025-03-24 22:55:57,815][flwr][INFO] - Initializing global parameters
[2025-03-24 22:55:57,815][flwr][INFO] - Requesting initial parameters from one random client
[2025-03-24 22:56:03,169][flwr][INFO] - Received initial parameters from one random client
[2025-03-24 22:56:03,169][flwr][INFO] - Evaluating initial parameters
[2025-03-24 22:56:04,360][flwr][INFO] - initial parameters (loss, other metrics): 2.303955316543579, {'accuracy': 0.10480000078678131}
[2025-03-24 22:56:04,360][flwr][INFO] - FL starting
[2025-03-24 22:56:04,360][flwr][DEBUG] - fit_round 1: strategy sampled 9 clients (out of 10)
[2025-03-24 22:56:20,015][flwr][DEBUG] - fit_round 1 received 9 results and 0 failures
[2025-03-24 22:56:21,102][flwr][INFO] - fit progress: (1, 2.3283727169036865, {'accuracy': 0.10000000149011612}, 16.74184862500988)
[2025-03-24 22:56:21,102][flwr][DEBUG] - evaluate_round 1: strategy sampled 9 clients (out of 10)
[2025-03-24 22:56:22,763][flwr][DEBUG] - evaluate_round 1 received 9 results and 0 failures
[2025-03-24 22:56:22,764][flwr][WARNING] - No evaluate_metrics_aggregation_fn provided
[2025-03-24 22:56:22,764][flwr][DEBUG] - fit_round 2: strategy sampled 9 clients (out of 10)
[2025-03-24 22:56:38,950][flwr][DEBUG] - fit_round 2 received 9 results and 0 failures
[2025-03-24 22:56:40,016][flwr][INFO] - fit progress: (2, 2.296921968460083, {'accuracy': 0.13019999861717224}, 35.655746250005905)
[2025-03-24 22:56:40,016][flwr][DEBUG] - evaluate_round 2: strategy sampled 9 clients (out of 10)
[2025-03-24 22:56:41,871][flwr][DEBUG] - evaluate_round 2 received 9 results and 0 failures
[2025-03-24 22:56:41,871][flwr][DEBUG] - fit_round 3: strategy sampled 9 clients (out of 10)
[2025-03-24 22:56:56,263][flwr][DEBUG] - fit_round 3 received 9 results and 0 failures
[2025-03-24 22:56:57,347][flwr][INFO] - fit progress: (3, 2.0217537879943848, {'accuracy': 0.2337999939918518}, 52.985896375001175)
[2025-03-24 22:56:57,347][flwr][DEBUG] - evaluate_round 3: strategy sampled 9 clients (out of 10)
[2025-03-24 22:56:59,252][flwr][DEBUG] - evaluate_round 3 received 9 results and 0 failures
[2025-03-24 22:56:59,252][flwr][DEBUG] - fit_round 4: strategy sampled 9 clients (out of 10)
[2025-03-24 22:57:15,150][flwr][DEBUG] - fit_round 4 received 9 results and 0 failures
[2025-03-24 22:57:16,237][flwr][INFO] - fit progress: (4, 1.8149713277816772, {'accuracy': 0.32499998807907104}, 71.87615675000416)
[2025-03-24 22:57:16,237][flwr][DEBUG] - evaluate_round 4: strategy sampled 9 clients (out of 10)
[2025-03-24 22:57:17,842][flwr][DEBUG] - evaluate_round 4 received 9 results and 0 failures
[2025-03-24 22:57:17,842][flwr][DEBUG] - fit_round 5: strategy sampled 9 clients (out of 10)
[2025-03-24 22:57:32,306][flwr][DEBUG] - fit_round 5 received 9 results and 0 failures
[2025-03-24 22:57:33,392][flwr][INFO] - fit progress: (5, 1.7247917652130127, {'accuracy': 0.3668999969959259}, 89.03147479100153)
[2025-03-24 22:57:33,392][flwr][DEBUG] - evaluate_round 5: strategy sampled 9 clients (out of 10)
[2025-03-24 22:57:35,123][flwr][DEBUG] - evaluate_round 5 received 9 results and 0 failures
[2025-03-24 22:57:35,123][flwr][DEBUG] - fit_round 6: strategy sampled 9 clients (out of 10)
[2025-03-24 22:57:48,571][flwr][DEBUG] - fit_round 6 received 9 results and 0 failures
[2025-03-24 22:57:49,642][flwr][INFO] - fit progress: (6, 1.6704376935958862, {'accuracy': 0.39070001244544983}, 105.28060820800602)
[2025-03-24 22:57:49,642][flwr][DEBUG] - evaluate_round 6: strategy sampled 9 clients (out of 10)
[2025-03-24 22:57:51,544][flwr][DEBUG] - evaluate_round 6 received 9 results and 0 failures
[2025-03-24 22:57:51,545][flwr][DEBUG] - fit_round 7: strategy sampled 9 clients (out of 10)
[2025-03-24 22:58:06,774][flwr][DEBUG] - fit_round 7 received 9 results and 0 failures
[2025-03-24 22:58:07,862][flwr][INFO] - fit progress: (7, 1.7283029556274414, {'accuracy': 0.3544999957084656}, 123.50126695800282)
[2025-03-24 22:58:07,862][flwr][DEBUG] - evaluate_round 7: strategy sampled 9 clients (out of 10)
[2025-03-24 22:58:09,547][flwr][DEBUG] - evaluate_round 7 received 9 results and 0 failures
[2025-03-24 22:58:09,547][flwr][DEBUG] - fit_round 8: strategy sampled 9 clients (out of 10)
[2025-03-24 22:58:23,962][flwr][DEBUG] - fit_round 8 received 9 results and 0 failures
[2025-03-24 22:58:25,063][flwr][INFO] - fit progress: (8, 1.750060796737671, {'accuracy': 0.33079999685287476}, 140.7015074580122)
[2025-03-24 22:58:25,063][flwr][DEBUG] - evaluate_round 8: strategy sampled 9 clients (out of 10)
[2025-03-24 22:58:26,953][flwr][DEBUG] - evaluate_round 8 received 9 results and 0 failures
[2025-03-24 22:58:26,953][flwr][DEBUG] - fit_round 9: strategy sampled 9 clients (out of 10)
[2025-03-24 22:58:40,695][flwr][DEBUG] - fit_round 9 received 9 results and 0 failures
[2025-03-24 22:58:41,773][flwr][INFO] - fit progress: (9, 1.6689186096191406, {'accuracy': 0.37959998846054077}, 157.4116433750023)
[2025-03-24 22:58:41,773][flwr][DEBUG] - evaluate_round 9: strategy sampled 9 clients (out of 10)
[2025-03-24 22:58:43,596][flwr][DEBUG] - evaluate_round 9 received 9 results and 0 failures
[2025-03-24 22:58:43,596][flwr][DEBUG] - fit_round 10: strategy sampled 9 clients (out of 10)
[2025-03-24 22:58:57,334][flwr][DEBUG] - fit_round 10 received 9 results and 0 failures
[2025-03-24 22:58:58,414][flwr][INFO] - fit progress: (10, 1.7586599588394165, {'accuracy': 0.31630000472068787}, 174.05263358300726)
[2025-03-24 22:58:58,414][flwr][DEBUG] - evaluate_round 10: strategy sampled 9 clients (out of 10)
[2025-03-24 22:59:00,351][flwr][DEBUG] - evaluate_round 10 received 9 results and 0 failures
[2025-03-24 22:59:00,351][flwr][DEBUG] - fit_round 11: strategy sampled 9 clients (out of 10)
[2025-03-24 22:59:15,459][flwr][DEBUG] - fit_round 11 received 9 results and 0 failures
[2025-03-24 22:59:16,537][flwr][INFO] - fit progress: (11, 1.5736945867538452, {'accuracy': 0.4465999901294708}, 192.17591512500076)
[2025-03-24 22:59:16,538][flwr][DEBUG] - evaluate_round 11: strategy sampled 9 clients (out of 10)
[2025-03-24 22:59:18,227][flwr][DEBUG] - evaluate_round 11 received 9 results and 0 failures
[2025-03-24 22:59:18,227][flwr][DEBUG] - fit_round 12: strategy sampled 9 clients (out of 10)
[2025-03-24 22:59:33,885][flwr][DEBUG] - fit_round 12 received 9 results and 0 failures
[2025-03-24 22:59:34,989][flwr][INFO] - fit progress: (12, 1.5193618535995483, {'accuracy': 0.44780001044273376}, 210.62788925001223)
[2025-03-24 22:59:34,990][flwr][DEBUG] - evaluate_round 12: strategy sampled 9 clients (out of 10)
[2025-03-24 22:59:36,872][flwr][DEBUG] - evaluate_round 12 received 9 results and 0 failures
[2025-03-24 22:59:36,872][flwr][DEBUG] - fit_round 13: strategy sampled 9 clients (out of 10)
[2025-03-24 22:59:52,484][flwr][DEBUG] - fit_round 13 received 9 results and 0 failures
[2025-03-24 22:59:53,595][flwr][INFO] - fit progress: (13, 1.623321533203125, {'accuracy': 0.40230000019073486}, 229.23296116600977)
[2025-03-24 22:59:53,595][flwr][DEBUG] - evaluate_round 13: strategy sampled 9 clients (out of 10)
[2025-03-24 22:59:55,495][flwr][DEBUG] - evaluate_round 13 received 9 results and 0 failures
[2025-03-24 22:59:55,495][flwr][DEBUG] - fit_round 14: strategy sampled 9 clients (out of 10)
[2025-03-24 23:00:10,845][flwr][DEBUG] - fit_round 14 received 9 results and 0 failures
[2025-03-24 23:00:11,993][flwr][INFO] - fit progress: (14, 1.5533061027526855, {'accuracy': 0.4456000030040741}, 247.63109158301086)
[2025-03-24 23:00:11,993][flwr][DEBUG] - evaluate_round 14: strategy sampled 9 clients (out of 10)
[2025-03-24 23:00:13,866][flwr][DEBUG] - evaluate_round 14 received 9 results and 0 failures
[2025-03-24 23:00:13,866][flwr][DEBUG] - fit_round 15: strategy sampled 9 clients (out of 10)
[2025-03-24 23:00:29,029][flwr][DEBUG] - fit_round 15 received 9 results and 0 failures
[2025-03-24 23:00:30,207][flwr][INFO] - fit progress: (15, 1.9160146713256836, {'accuracy': 0.30309998989105225}, 265.8450249580055)
[2025-03-24 23:00:30,207][flwr][DEBUG] - evaluate_round 15: strategy sampled 9 clients (out of 10)
[2025-03-24 23:00:31,952][flwr][DEBUG] - evaluate_round 15 received 9 results and 0 failures
[2025-03-24 23:00:31,952][flwr][DEBUG] - fit_round 16: strategy sampled 9 clients (out of 10)
[2025-03-24 23:00:46,945][flwr][DEBUG] - fit_round 16 received 9 results and 0 failures
[2025-03-24 23:00:48,047][flwr][INFO] - fit progress: (16, 1.735923409461975, {'accuracy': 0.3490000069141388}, 283.6849591659993)
[2025-03-24 23:00:48,047][flwr][DEBUG] - evaluate_round 16: strategy sampled 9 clients (out of 10)
[2025-03-24 23:00:49,998][flwr][DEBUG] - evaluate_round 16 received 9 results and 0 failures
[2025-03-24 23:00:49,999][flwr][DEBUG] - fit_round 17: strategy sampled 9 clients (out of 10)
[2025-03-24 23:01:06,247][flwr][DEBUG] - fit_round 17 received 9 results and 0 failures
[2025-03-24 23:01:07,381][flwr][INFO] - fit progress: (17, 1.5764751434326172, {'accuracy': 0.4092000126838684}, 303.018794625008)
[2025-03-24 23:01:07,381][flwr][DEBUG] - evaluate_round 17: strategy sampled 9 clients (out of 10)
[2025-03-24 23:01:09,378][flwr][DEBUG] - evaluate_round 17 received 9 results and 0 failures
[2025-03-24 23:01:09,379][flwr][DEBUG] - fit_round 18: strategy sampled 9 clients (out of 10)
[2025-03-24 23:01:24,969][flwr][DEBUG] - fit_round 18 received 9 results and 0 failures
[2025-03-24 23:01:26,053][flwr][INFO] - fit progress: (18, 1.5862809419631958, {'accuracy': 0.4187999963760376}, 321.69031483300205)
[2025-03-24 23:01:26,053][flwr][DEBUG] - evaluate_round 18: strategy sampled 9 clients (out of 10)
[2025-03-24 23:01:27,846][flwr][DEBUG] - evaluate_round 18 received 9 results and 0 failures
[2025-03-24 23:01:27,846][flwr][DEBUG] - fit_round 19: strategy sampled 9 clients (out of 10)
[2025-03-24 23:01:42,539][flwr][DEBUG] - fit_round 19 received 9 results and 0 failures
[2025-03-24 23:01:43,649][flwr][INFO] - fit progress: (19, 1.53537917137146, {'accuracy': 0.42570000886917114}, 339.28670370799955)
[2025-03-24 23:01:43,649][flwr][DEBUG] - evaluate_round 19: strategy sampled 9 clients (out of 10)
[2025-03-24 23:01:45,515][flwr][DEBUG] - evaluate_round 19 received 9 results and 0 failures
[2025-03-24 23:01:45,515][flwr][DEBUG] - fit_round 20: strategy sampled 9 clients (out of 10)
[2025-03-24 23:01:59,115][flwr][DEBUG] - fit_round 20 received 9 results and 0 failures
[2025-03-24 23:02:00,231][flwr][INFO] - fit progress: (20, 1.4233325719833374, {'accuracy': 0.4837000072002411}, 355.8682225000084)
[2025-03-24 23:02:00,231][flwr][DEBUG] - evaluate_round 20: strategy sampled 9 clients (out of 10)
[2025-03-24 23:02:02,027][flwr][DEBUG] - evaluate_round 20 received 9 results and 0 failures
[2025-03-24 23:02:02,027][flwr][INFO] - FL finished in 357.66493145799905
[2025-03-24 23:02:02,028][flwr][INFO] - app_fit: losses_distributed [(1, 2.380917604134815), (2, 2.3095610219541616), (3, 2.0185352165683446), (4, 1.8680747704930825), (5, 1.6711346982600814), (6, 1.6632056268356372), (7, 1.74937974433144), (8, 1.7510079221583696), (9, 1.6544058960665216), (10, 1.7279520431356097), (11, 1.5847138187928287), (12, 1.48014758694524), (13, 1.5792715980464385), (14, 1.513313944637114), (15, 1.8181907776180801), (16, 1.6681139367536852), (17, 1.555059816378482), (18, 1.526765846751078), (19, 1.4782239442636191), (20, 1.3854427378000955)]
[2025-03-24 23:02:02,028][flwr][INFO] - app_fit: metrics_distributed_fit {'variance_training_loss': [(1, 0.1418853926024993), (2, 0.2439004934814187), (3, 0.26651204674669354), (4, 0.08719963140673404), (5, 0.22908552078797748), (6, 0.22411606912189008), (7, 0.2443233167263275), (8, 0.22723969600844546), (9, 0.21761024088420433), (10, 0.2075211422710227), (11, 0.16310200554168203), (12, 0.19125141719113872), (13, 0.1850238962314666), (14, 0.18498336099854226), (15, 0.16003370127886787), (16, 0.16401294270084577), (17, 0.06337887191496464), (18, 0.17367780418915782), (19, 0.17084993453469496), (20, 0.17567039525228045)], 'average_training_loss': [(1, 1.6437501245074801), (2, 1.2455635940035183), (3, 1.2812837821741898), (4, 1.3294577333662245), (5, 1.2015014501909416), (6, 1.12803544724981), (7, 1.097129337489605), (8, 1.115266674508651), (9, 1.0938955752385988), (10, 1.0689299686087503), (11, 0.99754315863053), (12, 1.0473472538093727), (13, 1.0376256112423208), (14, 1.0281111001968384), (15, 0.9672090489831235), (16, 0.9631024570100837), (17, 1.0984294944339328), (18, 0.9893907494843006), (19, 0.9873520520826181), (20, 0.9714255792399248)], 'estimated_times': [(1, [20.525527785491207, 28.864074953885755, 32.63073354543326, 11.003813693278607, 47.58346904374252, 22.28207416688792, 10.23204005947454, 1.564318054919186, 21.81594535132763]), (2, [11.003813693278607, 32.63073354543326, 10.23204005947454, 20.525527785491207, 21.81594535132763, 47.58346904374252, 4.151208646842747, 28.864074953885755, 22.28207416688792]), (3, [22.28207416688792, 32.63073354543326, 20.525527785491207, 21.81594535132763, 47.58346904374252, 1.564318054919186, 10.23204005947454, 11.003813693278607, 4.151208646842747]), (4, [47.58346904374252, 11.003813693278607, 21.81594535132763, 22.28207416688792, 20.525527785491207, 1.564318054919186, 32.63073354543326, 10.23204005947454, 28.864074953885755]), (5, [22.28207416688792, 10.23204005947454, 21.81594535132763, 20.525527785491207, 4.151208646842747, 47.58346904374252, 1.564318054919186, 11.003813693278607, 32.63073354543326]), (6, [11.003813693278607, 4.151208646842747, 32.63073354543326, 20.525527785491207, 21.81594535132763, 1.564318054919186, 22.28207416688792, 28.864074953885755, 10.23204005947454]), (7, [11.003813693278607, 32.63073354543326, 28.864074953885755, 47.58346904374252, 1.564318054919186, 20.525527785491207, 21.81594535132763, 22.28207416688792, 4.151208646842747]), (8, [11.003813693278607, 20.525527785491207, 21.81594535132763, 4.151208646842747, 22.28207416688792, 10.23204005947454, 47.58346904374252, 1.564318054919186, 28.864074953885755]), (9, [20.525527785491207, 10.23204005947454, 47.58346904374252, 11.003813693278607, 32.63073354543326, 22.28207416688792, 1.564318054919186, 28.864074953885755, 4.151208646842747]), (10, [32.63073354543326, 11.003813693278607, 1.564318054919186, 20.525527785491207, 10.23204005947454, 4.151208646842747, 22.28207416688792, 28.864074953885755, 47.58346904374252]), (11, [10.23204005947454, 21.81594535132763, 22.28207416688792, 1.564318054919186, 28.864074953885755, 11.003813693278607, 47.58346904374252, 4.151208646842747, 32.63073354543326]), (12, [21.81594535132763, 28.864074953885755, 4.151208646842747, 32.63073354543326, 20.525527785491207, 10.23204005947454, 1.564318054919186, 47.58346904374252, 22.28207416688792]), (13, [4.151208646842747, 20.525527785491207, 10.23204005947454, 21.81594535132763, 22.28207416688792, 28.864074953885755, 47.58346904374252, 32.63073354543326, 1.564318054919186]), (14, [20.525527785491207, 1.564318054919186, 21.81594535132763, 47.58346904374252, 4.151208646842747, 10.23204005947454, 11.003813693278607, 32.63073354543326, 28.864074953885755]), (15, [22.28207416688792, 4.151208646842747, 32.63073354543326, 10.23204005947454, 11.003813693278607, 28.864074953885755, 47.58346904374252, 21.81594535132763, 1.564318054919186]), (16, [28.864074953885755, 22.28207416688792, 1.564318054919186, 11.003813693278607, 47.58346904374252, 10.23204005947454, 21.81594535132763, 4.151208646842747, 32.63073354543326]), (17, [10.23204005947454, 47.58346904374252, 22.28207416688792, 21.81594535132763, 28.864074953885755, 20.525527785491207, 32.63073354543326, 1.564318054919186, 11.003813693278607]), (18, [28.864074953885755, 32.63073354543326, 22.28207416688792, 4.151208646842747, 47.58346904374252, 21.81594535132763, 20.525527785491207, 1.564318054919186, 10.23204005947454]), (19, [20.525527785491207, 1.564318054919186, 11.003813693278607, 21.81594535132763, 22.28207416688792, 47.58346904374252, 28.864074953885755, 4.151208646842747, 10.23204005947454]), (20, [22.28207416688792, 1.564318054919186, 20.525527785491207, 28.864074953885755, 10.23204005947454, 21.81594535132763, 4.151208646842747, 11.003813693278607, 32.63073354543326])]}
[2025-03-24 23:02:02,029][flwr][INFO] - app_fit: metrics_distributed {}
[2025-03-24 23:02:02,030][flwr][INFO] - app_fit: losses_centralized [(0, 2.303955316543579), (1, 2.3283727169036865), (2, 2.296921968460083), (3, 2.0217537879943848), (4, 1.8149713277816772), (5, 1.7247917652130127), (6, 1.6704376935958862), (7, 1.7283029556274414), (8, 1.750060796737671), (9, 1.6689186096191406), (10, 1.7586599588394165), (11, 1.5736945867538452), (12, 1.5193618535995483), (13, 1.623321533203125), (14, 1.5533061027526855), (15, 1.9160146713256836), (16, 1.735923409461975), (17, 1.5764751434326172), (18, 1.5862809419631958), (19, 1.53537917137146), (20, 1.4233325719833374)]
[2025-03-24 23:02:02,030][flwr][INFO] - app_fit: metrics_centralized {'accuracy': [(0, 0.10480000078678131), (1, 0.10000000149011612), (2, 0.13019999861717224), (3, 0.2337999939918518), (4, 0.32499998807907104), (5, 0.3668999969959259), (6, 0.39070001244544983), (7, 0.3544999957084656), (8, 0.33079999685287476), (9, 0.37959998846054077), (10, 0.31630000472068787), (11, 0.4465999901294708), (12, 0.44780001044273376), (13, 0.40230000019073486), (14, 0.4456000030040741), (15, 0.30309998989105225), (16, 0.3490000069141388), (17, 0.4092000126838684), (18, 0.4187999963760376), (19, 0.42570000886917114), (20, 0.4837000072002411)]}
