[2025-03-10 02:06:45,379][flwr][INFO] - Using FedAvg strategy
[2025-03-10 02:06:45,380][flwr][INFO] - Starting Flower simulation, config: ServerConfig(num_rounds=20, round_timeout=None)
[2025-03-10 02:06:46,562][flwr][INFO] - Flower VCE: Ray initialized with resources: {'CPU': 8.0, 'node:127.0.0.1': 1.0, 'object_store_memory': 2147483648.0, 'memory': 15948877005.0, 'node:__internal_head__': 1.0}
[2025-03-10 02:06:46,562][flwr][INFO] - Flower VCE: Resources for each Virtual Client: {'num_cpus': 0.5, 'num_gpus': 0}
[2025-03-10 02:06:46,568][flwr][INFO] - Flower VCE: Creating VirtualClientEngineActorPool with 16 actors
[2025-03-10 02:06:46,568][flwr][INFO] - Initializing global parameters
[2025-03-10 02:06:46,568][flwr][INFO] - Requesting initial parameters from one random client
[2025-03-10 02:06:51,907][flwr][INFO] - Received initial parameters from one random client
[2025-03-10 02:06:51,907][flwr][INFO] - Evaluating initial parameters
[2025-03-10 02:06:53,053][flwr][INFO] - initial parameters (loss, other metrics): 2.302218198776245, {'accuracy': 0.053599998354911804}
[2025-03-10 02:06:53,053][flwr][INFO] - FL starting
[2025-03-10 02:06:53,053][flwr][DEBUG] - fit_round 1: strategy sampled 9 clients (out of 10)
[2025-03-10 02:07:43,922][flwr][DEBUG] - fit_round 1 received 9 results and 0 failures
[2025-03-10 02:07:44,967][flwr][INFO] - fit progress: (1, 1.975588083267212, {'accuracy': 0.24009999632835388}, 51.91536795801949)
[2025-03-10 02:07:44,967][flwr][DEBUG] - evaluate_round 1: strategy sampled 9 clients (out of 10)
[2025-03-10 02:07:46,656][flwr][DEBUG] - evaluate_round 1 received 9 results and 0 failures
[2025-03-10 02:07:46,656][flwr][WARNING] - No evaluate_metrics_aggregation_fn provided
[2025-03-10 02:07:46,657][flwr][DEBUG] - fit_round 2: strategy sampled 9 clients (out of 10)
[2025-03-10 02:08:37,691][flwr][DEBUG] - fit_round 2 received 9 results and 0 failures
[2025-03-10 02:08:38,743][flwr][INFO] - fit progress: (2, 1.6750941276550293, {'accuracy': 0.39660000801086426}, 105.69199737499002)
[2025-03-10 02:08:38,743][flwr][DEBUG] - evaluate_round 2: strategy sampled 9 clients (out of 10)
[2025-03-10 02:08:40,359][flwr][DEBUG] - evaluate_round 2 received 9 results and 0 failures
[2025-03-10 02:08:40,359][flwr][DEBUG] - fit_round 3: strategy sampled 9 clients (out of 10)
[2025-03-10 02:09:30,603][flwr][DEBUG] - fit_round 3 received 9 results and 0 failures
[2025-03-10 02:09:31,659][flwr][INFO] - fit progress: (3, 1.5554189682006836, {'accuracy': 0.4262000024318695}, 158.60942887503188)
[2025-03-10 02:09:31,659][flwr][DEBUG] - evaluate_round 3: strategy sampled 9 clients (out of 10)
[2025-03-10 02:09:33,363][flwr][DEBUG] - evaluate_round 3 received 9 results and 0 failures
[2025-03-10 02:09:33,364][flwr][DEBUG] - fit_round 4: strategy sampled 9 clients (out of 10)
[2025-03-10 02:10:24,950][flwr][DEBUG] - fit_round 4 received 9 results and 0 failures
[2025-03-10 02:10:26,010][flwr][INFO] - fit progress: (4, 1.4942784309387207, {'accuracy': 0.4641000032424927}, 212.96113499999046)
[2025-03-10 02:10:26,010][flwr][DEBUG] - evaluate_round 4: strategy sampled 9 clients (out of 10)
[2025-03-10 02:10:27,773][flwr][DEBUG] - evaluate_round 4 received 9 results and 0 failures
[2025-03-10 02:10:27,773][flwr][DEBUG] - fit_round 5: strategy sampled 9 clients (out of 10)
[2025-03-10 02:11:17,748][flwr][DEBUG] - fit_round 5 received 9 results and 0 failures
[2025-03-10 02:11:18,815][flwr][INFO] - fit progress: (5, 1.4356454610824585, {'accuracy': 0.47780001163482666}, 265.7676340829348)
[2025-03-10 02:11:18,815][flwr][DEBUG] - evaluate_round 5: strategy sampled 9 clients (out of 10)
[2025-03-10 02:11:20,656][flwr][DEBUG] - evaluate_round 5 received 9 results and 0 failures
[2025-03-10 02:11:20,657][flwr][DEBUG] - fit_round 6: strategy sampled 9 clients (out of 10)
[2025-03-10 02:12:10,850][flwr][DEBUG] - fit_round 6 received 9 results and 0 failures
[2025-03-10 02:12:11,908][flwr][INFO] - fit progress: (6, 1.4930782318115234, {'accuracy': 0.46309998631477356}, 318.8615515829297)
[2025-03-10 02:12:11,908][flwr][DEBUG] - evaluate_round 6: strategy sampled 9 clients (out of 10)
[2025-03-10 02:12:13,522][flwr][DEBUG] - evaluate_round 6 received 9 results and 0 failures
[2025-03-10 02:12:13,523][flwr][DEBUG] - fit_round 7: strategy sampled 9 clients (out of 10)
[2025-03-10 02:13:04,847][flwr][DEBUG] - fit_round 7 received 9 results and 0 failures
[2025-03-10 02:13:05,910][flwr][INFO] - fit progress: (7, 1.3948955535888672, {'accuracy': 0.46810001134872437}, 372.8645716669271)
[2025-03-10 02:13:05,910][flwr][DEBUG] - evaluate_round 7: strategy sampled 9 clients (out of 10)
[2025-03-10 02:13:07,604][flwr][DEBUG] - evaluate_round 7 received 9 results and 0 failures
[2025-03-10 02:13:07,605][flwr][DEBUG] - fit_round 8: strategy sampled 9 clients (out of 10)
[2025-03-10 02:13:57,980][flwr][DEBUG] - fit_round 8 received 9 results and 0 failures
[2025-03-10 02:13:59,038][flwr][INFO] - fit progress: (8, 1.3432807922363281, {'accuracy': 0.5041000247001648}, 425.9939894169802)
[2025-03-10 02:13:59,039][flwr][DEBUG] - evaluate_round 8: strategy sampled 9 clients (out of 10)
[2025-03-10 02:14:00,766][flwr][DEBUG] - evaluate_round 8 received 9 results and 0 failures
[2025-03-10 02:14:00,766][flwr][DEBUG] - fit_round 9: strategy sampled 9 clients (out of 10)
[2025-03-10 02:14:51,932][flwr][DEBUG] - fit_round 9 received 9 results and 0 failures
[2025-03-10 02:14:52,999][flwr][INFO] - fit progress: (9, 1.2670220136642456, {'accuracy': 0.5426999926567078}, 479.95569279196206)
[2025-03-10 02:14:52,999][flwr][DEBUG] - evaluate_round 9: strategy sampled 9 clients (out of 10)
[2025-03-10 02:14:54,653][flwr][DEBUG] - evaluate_round 9 received 9 results and 0 failures
[2025-03-10 02:14:54,653][flwr][DEBUG] - fit_round 10: strategy sampled 9 clients (out of 10)
[2025-03-10 02:15:45,964][flwr][DEBUG] - fit_round 10 received 9 results and 0 failures
[2025-03-10 02:15:47,029][flwr][INFO] - fit progress: (10, 1.2989013195037842, {'accuracy': 0.5364000201225281}, 533.9866937919287)
[2025-03-10 02:15:47,029][flwr][DEBUG] - evaluate_round 10: strategy sampled 9 clients (out of 10)
[2025-03-10 02:15:48,714][flwr][DEBUG] - evaluate_round 10 received 9 results and 0 failures
[2025-03-10 02:15:48,715][flwr][DEBUG] - fit_round 11: strategy sampled 9 clients (out of 10)
[2025-03-10 02:16:41,070][flwr][DEBUG] - fit_round 11 received 9 results and 0 failures
[2025-03-10 02:16:42,151][flwr][INFO] - fit progress: (11, 1.2429465055465698, {'accuracy': 0.5483999848365784}, 589.1099011669867)
[2025-03-10 02:16:42,151][flwr][DEBUG] - evaluate_round 11: strategy sampled 9 clients (out of 10)
[2025-03-10 02:16:43,836][flwr][DEBUG] - evaluate_round 11 received 9 results and 0 failures
[2025-03-10 02:16:43,837][flwr][DEBUG] - fit_round 12: strategy sampled 9 clients (out of 10)
[2025-03-10 02:18:07,847][flwr][DEBUG] - fit_round 12 received 9 results and 0 failures
[2025-03-10 02:18:08,963][flwr][INFO] - fit progress: (12, 1.191177487373352, {'accuracy': 0.5730000138282776}, 675.9239877079381)
[2025-03-10 02:18:08,964][flwr][DEBUG] - evaluate_round 12: strategy sampled 9 clients (out of 10)
[2025-03-10 02:18:10,784][flwr][DEBUG] - evaluate_round 12 received 9 results and 0 failures
[2025-03-10 02:18:10,784][flwr][DEBUG] - fit_round 13: strategy sampled 9 clients (out of 10)
[2025-03-10 02:19:02,205][flwr][DEBUG] - fit_round 13 received 9 results and 0 failures
[2025-03-10 02:19:03,256][flwr][INFO] - fit progress: (13, 1.1918245553970337, {'accuracy': 0.5695000290870667}, 730.2177935829386)
[2025-03-10 02:19:03,256][flwr][DEBUG] - evaluate_round 13: strategy sampled 9 clients (out of 10)
[2025-03-10 02:19:04,969][flwr][DEBUG] - evaluate_round 13 received 9 results and 0 failures
[2025-03-10 02:19:04,969][flwr][DEBUG] - fit_round 14: strategy sampled 9 clients (out of 10)
[2025-03-10 02:19:56,280][flwr][DEBUG] - fit_round 14 received 9 results and 0 failures
[2025-03-10 02:19:57,337][flwr][INFO] - fit progress: (14, 1.2065054178237915, {'accuracy': 0.5691999793052673}, 784.299644957995)
[2025-03-10 02:19:57,337][flwr][DEBUG] - evaluate_round 14: strategy sampled 9 clients (out of 10)
[2025-03-10 02:19:59,064][flwr][DEBUG] - evaluate_round 14 received 9 results and 0 failures
[2025-03-10 02:19:59,065][flwr][DEBUG] - fit_round 15: strategy sampled 9 clients (out of 10)
[2025-03-10 02:20:51,812][flwr][DEBUG] - fit_round 15 received 9 results and 0 failures
[2025-03-10 02:20:52,920][flwr][INFO] - fit progress: (15, 1.1306178569793701, {'accuracy': 0.5921000242233276}, 839.8836219999939)
[2025-03-10 02:20:52,920][flwr][DEBUG] - evaluate_round 15: strategy sampled 9 clients (out of 10)
[2025-03-10 02:20:54,623][flwr][DEBUG] - evaluate_round 15 received 9 results and 0 failures
[2025-03-10 02:20:54,623][flwr][DEBUG] - fit_round 16: strategy sampled 9 clients (out of 10)
[2025-03-10 02:21:45,966][flwr][DEBUG] - fit_round 16 received 9 results and 0 failures
[2025-03-10 02:21:47,033][flwr][INFO] - fit progress: (16, 1.3184396028518677, {'accuracy': 0.5131999850273132}, 893.9982480419567)
[2025-03-10 02:21:47,034][flwr][DEBUG] - evaluate_round 16: strategy sampled 9 clients (out of 10)
[2025-03-10 02:21:48,888][flwr][DEBUG] - evaluate_round 16 received 9 results and 0 failures
[2025-03-10 02:21:48,888][flwr][DEBUG] - fit_round 17: strategy sampled 9 clients (out of 10)
[2025-03-10 02:22:41,272][flwr][DEBUG] - fit_round 17 received 9 results and 0 failures
[2025-03-10 02:22:42,376][flwr][INFO] - fit progress: (17, 1.106364369392395, {'accuracy': 0.6029999852180481}, 949.3424070419278)
[2025-03-10 02:22:42,377][flwr][DEBUG] - evaluate_round 17: strategy sampled 9 clients (out of 10)
[2025-03-10 02:22:44,097][flwr][DEBUG] - evaluate_round 17 received 9 results and 0 failures
[2025-03-10 02:22:44,097][flwr][DEBUG] - fit_round 18: strategy sampled 9 clients (out of 10)
[2025-03-10 02:23:35,989][flwr][DEBUG] - fit_round 18 received 9 results and 0 failures
[2025-03-10 02:23:37,056][flwr][INFO] - fit progress: (18, 1.214172601699829, {'accuracy': 0.5472999811172485}, 1004.0232112919912)
[2025-03-10 02:23:37,056][flwr][DEBUG] - evaluate_round 18: strategy sampled 9 clients (out of 10)
[2025-03-10 02:23:38,708][flwr][DEBUG] - evaluate_round 18 received 9 results and 0 failures
[2025-03-10 02:23:38,708][flwr][DEBUG] - fit_round 19: strategy sampled 9 clients (out of 10)
[2025-03-10 02:24:30,645][flwr][DEBUG] - fit_round 19 received 9 results and 0 failures
[2025-03-10 02:24:31,703][flwr][INFO] - fit progress: (19, 1.0933496952056885, {'accuracy': 0.6072999835014343}, 1058.6712533329846)
[2025-03-10 02:24:31,703][flwr][DEBUG] - evaluate_round 19: strategy sampled 9 clients (out of 10)
[2025-03-10 02:24:33,438][flwr][DEBUG] - evaluate_round 19 received 9 results and 0 failures
[2025-03-10 02:24:33,438][flwr][DEBUG] - fit_round 20: strategy sampled 9 clients (out of 10)
[2025-03-10 02:25:26,906][flwr][DEBUG] - fit_round 20 received 9 results and 0 failures
[2025-03-10 02:25:27,964][flwr][INFO] - fit progress: (20, 1.037875771522522, {'accuracy': 0.630299985408783}, 1114.9336407920346)
[2025-03-10 02:25:27,965][flwr][DEBUG] - evaluate_round 20: strategy sampled 9 clients (out of 10)
[2025-03-10 02:25:29,706][flwr][DEBUG] - evaluate_round 20 received 9 results and 0 failures
[2025-03-10 02:25:29,706][flwr][INFO] - FL finished in 1116.6754283329938
[2025-03-10 02:25:29,706][flwr][INFO] - app_fit: losses_distributed [(1, 1.9890180900596053), (2, 1.6751656196747267), (3, 1.5440053620845446), (4, 1.4899501823223065), (5, 1.42273096376228), (6, 1.4984438533564168), (7, 1.3674468095344712), (8, 1.3281260516560343), (9, 1.2464312011777476), (10, 1.2890377875900778), (11, 1.2299169514916617), (12, 1.175097341092768), (13, 1.1862402570469843), (14, 1.2021453642600677), (15, 1.1161005210163477), (16, 1.2872611561400291), (17, 1.1062535366602326), (18, 1.1973607280583625), (19, 1.087651493541785), (20, 1.035699746608734)]
[2025-03-10 02:25:29,707][flwr][INFO] - app_fit: metrics_distributed_fit {'variance_training_loss': [(1, 0.0004954255161386373), (2, 0.00031332723980495407), (3, 0.000154224143045667), (4, 0.00035708074585727445), (5, 0.00015211735845390266), (6, 0.00012908838263570033), (7, 0.00028441312563027893), (8, 8.371530065861731e-05), (9, 0.00011110371292734328), (10, 0.00025484447636465383), (11, 0.00034680574462469605), (12, 0.00020405322811220574), (13, 0.00023682958697970297), (14, 0.0002975201696023709), (15, 0.00013163171155208237), (16, 0.0001036362736092514), (17, 0.00022285325874102813), (18, 0.000347881871154015), (19, 0.00029242018432056944), (20, 0.0002960444197226957)], 'average_training_loss': [(1, 1.8606116241878934), (2, 1.7233637306425307), (3, 1.6344125270843506), (4, 1.5736337105433147), (5, 1.5142579740948148), (6, 1.4756085475285847), (7, 1.440656476550632), (8, 1.412733382648892), (9, 1.3862113687727187), (10, 1.3574888971116807), (11, 1.3408917453553941), (12, 1.3167360888587103), (13, 1.3039717541800604), (14, 1.280298153559367), (15, 1.2604915036095514), (16, 1.244142108493381), (17, 1.2358864280912611), (18, 1.2103458378050063), (19, 1.2043692138459947), (20, 1.1953341431087918)], 'estimated_times': [(1, [62.45999178735164, 57.632349321209716, 68.61502298939234, 87.22592820192628, 46.80683541803666, 67.41545843351288, 62.48581306990331, 98.36469982965288, 54.28699538329525]), (2, [68.61502298939234, 62.48581306990331, 54.28699538329525, 46.80683541803666, 98.36469982965288, 67.41545843351288, 87.22592820192628, 57.632349321209716, 62.45999178735164]), (3, [55.57859952176497, 62.48581306990331, 57.632349321209716, 62.45999178735164, 87.22592820192628, 68.61502298939234, 98.36469982965288, 54.28699538329525, 67.41545843351288]), (4, [57.632349321209716, 98.36469982965288, 46.80683541803666, 67.41545843351288, 62.45999178735164, 55.57859952176497, 87.22592820192628, 54.28699538329525, 68.61502298939234]), (5, [55.57859952176497, 98.36469982965288, 68.61502298939234, 57.632349321209716, 67.41545843351288, 62.45999178735164, 62.48581306990331, 87.22592820192628, 46.80683541803666]), (6, [55.57859952176497, 62.48581306990331, 98.36469982965288, 62.45999178735164, 68.61502298939234, 67.41545843351288, 46.80683541803666, 87.22592820192628, 57.632349321209716]), (7, [54.28699538329525, 57.632349321209716, 67.41545843351288, 98.36469982965288, 68.61502298939234, 46.80683541803666, 62.45999178735164, 87.22592820192628, 62.48581306990331]), (8, [67.41545843351288, 55.57859952176497, 57.632349321209716, 87.22592820192628, 62.45999178735164, 54.28699538329525, 68.61502298939234, 62.48581306990331, 98.36469982965288]), (9, [57.632349321209716, 68.61502298939234, 55.57859952176497, 67.41545843351288, 54.28699538329525, 46.80683541803666, 98.36469982965288, 87.22592820192628, 62.48581306990331]), (10, [62.48581306990331, 55.57859952176497, 87.22592820192628, 57.632349321209716, 54.28699538329525, 67.41545843351288, 46.80683541803666, 62.45999178735164, 98.36469982965288]), (11, [87.22592820192628, 46.80683541803666, 67.41545843351288, 62.45999178735164, 57.632349321209716, 55.57859952176497, 54.28699538329525, 98.36469982965288, 68.61502298939234]), (12, [55.57859952176497, 62.48581306990331, 67.41545843351288, 46.80683541803666, 87.22592820192628, 57.632349321209716, 54.28699538329525, 68.61502298939234, 98.36469982965288]), (13, [55.57859952176497, 62.48581306990331, 68.61502298939234, 46.80683541803666, 57.632349321209716, 87.22592820192628, 62.45999178735164, 54.28699538329525, 98.36469982965288]), (14, [62.45999178735164, 87.22592820192628, 67.41545843351288, 68.61502298939234, 62.48581306990331, 98.36469982965288, 57.632349321209716, 46.80683541803666, 55.57859952176497]), (15, [67.41545843351288, 62.48581306990331, 62.45999178735164, 54.28699538329525, 87.22592820192628, 46.80683541803666, 98.36469982965288, 57.632349321209716, 68.61502298939234]), (16, [62.45999178735164, 57.632349321209716, 68.61502298939234, 62.48581306990331, 87.22592820192628, 98.36469982965288, 67.41545843351288, 55.57859952176497, 54.28699538329525]), (17, [62.45999178735164, 62.48581306990331, 57.632349321209716, 54.28699538329525, 46.80683541803666, 68.61502298939234, 67.41545843351288, 87.22592820192628, 55.57859952176497]), (18, [98.36469982965288, 62.45999178735164, 55.57859952176497, 46.80683541803666, 62.48581306990331, 87.22592820192628, 67.41545843351288, 57.632349321209716, 54.28699538329525]), (19, [46.80683541803666, 67.41545843351288, 55.57859952176497, 62.45999178735164, 87.22592820192628, 57.632349321209716, 62.48581306990331, 54.28699538329525, 98.36469982965288]), (20, [67.41545843351288, 98.36469982965288, 54.28699538329525, 55.57859952176497, 87.22592820192628, 68.61502298939234, 57.632349321209716, 62.45999178735164, 46.80683541803666])]}
[2025-03-10 02:25:29,708][flwr][INFO] - app_fit: metrics_distributed {}
[2025-03-10 02:25:29,708][flwr][INFO] - app_fit: losses_centralized [(0, 2.302218198776245), (1, 1.975588083267212), (2, 1.6750941276550293), (3, 1.5554189682006836), (4, 1.4942784309387207), (5, 1.4356454610824585), (6, 1.4930782318115234), (7, 1.3948955535888672), (8, 1.3432807922363281), (9, 1.2670220136642456), (10, 1.2989013195037842), (11, 1.2429465055465698), (12, 1.191177487373352), (13, 1.1918245553970337), (14, 1.2065054178237915), (15, 1.1306178569793701), (16, 1.3184396028518677), (17, 1.106364369392395), (18, 1.214172601699829), (19, 1.0933496952056885), (20, 1.037875771522522)]
[2025-03-10 02:25:29,709][flwr][INFO] - app_fit: metrics_centralized {'accuracy': [(0, 0.053599998354911804), (1, 0.24009999632835388), (2, 0.39660000801086426), (3, 0.4262000024318695), (4, 0.4641000032424927), (5, 0.47780001163482666), (6, 0.46309998631477356), (7, 0.46810001134872437), (8, 0.5041000247001648), (9, 0.5426999926567078), (10, 0.5364000201225281), (11, 0.5483999848365784), (12, 0.5730000138282776), (13, 0.5695000290870667), (14, 0.5691999793052673), (15, 0.5921000242233276), (16, 0.5131999850273132), (17, 0.6029999852180481), (18, 0.5472999811172485), (19, 0.6072999835014343), (20, 0.630299985408783)]}
