[2025-03-09 11:15:41,966][flwr][INFO] - Using FedAvg strategy
[2025-03-09 11:15:41,967][flwr][INFO] - Starting Flower simulation, config: ServerConfig(num_rounds=20, round_timeout=None)
[2025-03-09 11:15:43,142][flwr][INFO] - Flower VCE: Ray initialized with resources: {'memory': 10109177037.0, 'object_store_memory': 2147483648.0, 'CPU': 8.0, 'node:__internal_head__': 1.0, 'node:127.0.0.1': 1.0}
[2025-03-09 11:15:43,142][flwr][INFO] - Flower VCE: Resources for each Virtual Client: {'num_cpus': 0.5, 'num_gpus': 0}
[2025-03-09 11:15:43,148][flwr][INFO] - Flower VCE: Creating VirtualClientEngineActorPool with 16 actors
[2025-03-09 11:15:43,148][flwr][INFO] - Initializing global parameters
[2025-03-09 11:15:43,148][flwr][INFO] - Requesting initial parameters from one random client
[2025-03-09 11:15:49,362][flwr][INFO] - Received initial parameters from one random client
[2025-03-09 11:15:49,362][flwr][INFO] - Evaluating initial parameters
[2025-03-09 11:15:50,597][flwr][INFO] - initial parameters (loss, other metrics): 2.3037874698638916, {'accuracy': 0.10899999737739563}
[2025-03-09 11:15:50,597][flwr][INFO] - FL starting
[2025-03-09 11:15:50,597][flwr][DEBUG] - fit_round 1: strategy sampled 9 clients (out of 10)
[2025-03-09 11:16:43,606][flwr][DEBUG] - fit_round 1 received 9 results and 0 failures
[2025-03-09 11:16:44,624][flwr][INFO] - fit progress: (1, 2.026780128479004, {'accuracy': 0.2379000037908554}, 54.02710033295443)
[2025-03-09 11:16:44,624][flwr][DEBUG] - evaluate_round 1: strategy sampled 9 clients (out of 10)
[2025-03-09 11:16:46,271][flwr][DEBUG] - evaluate_round 1 received 9 results and 0 failures
[2025-03-09 11:16:46,271][flwr][WARNING] - No evaluate_metrics_aggregation_fn provided
[2025-03-09 11:16:46,271][flwr][DEBUG] - fit_round 2: strategy sampled 9 clients (out of 10)
[2025-03-09 11:17:37,805][flwr][DEBUG] - fit_round 2 received 9 results and 0 failures
[2025-03-09 11:17:38,854][flwr][INFO] - fit progress: (2, 1.6533013582229614, {'accuracy': 0.3919999897480011}, 108.25729216699256)
[2025-03-09 11:17:38,854][flwr][DEBUG] - evaluate_round 2: strategy sampled 9 clients (out of 10)
[2025-03-09 11:17:40,444][flwr][DEBUG] - evaluate_round 2 received 9 results and 0 failures
[2025-03-09 11:17:40,444][flwr][DEBUG] - fit_round 3: strategy sampled 9 clients (out of 10)
[2025-03-09 11:18:33,395][flwr][DEBUG] - fit_round 3 received 9 results and 0 failures
[2025-03-09 11:18:34,413][flwr][INFO] - fit progress: (3, 1.588792085647583, {'accuracy': 0.4074999988079071}, 163.81596695800545)
[2025-03-09 11:18:34,413][flwr][DEBUG] - evaluate_round 3: strategy sampled 9 clients (out of 10)
[2025-03-09 11:18:36,036][flwr][DEBUG] - evaluate_round 3 received 9 results and 0 failures
[2025-03-09 11:18:36,037][flwr][DEBUG] - fit_round 4: strategy sampled 9 clients (out of 10)
[2025-03-09 11:19:27,541][flwr][DEBUG] - fit_round 4 received 9 results and 0 failures
[2025-03-09 11:19:28,572][flwr][INFO] - fit progress: (4, 1.511135458946228, {'accuracy': 0.44769999384880066}, 217.9753499579965)
[2025-03-09 11:19:28,573][flwr][DEBUG] - evaluate_round 4: strategy sampled 9 clients (out of 10)
[2025-03-09 11:19:30,343][flwr][DEBUG] - evaluate_round 4 received 9 results and 0 failures
[2025-03-09 11:19:30,343][flwr][DEBUG] - fit_round 5: strategy sampled 9 clients (out of 10)
[2025-03-09 11:20:20,874][flwr][DEBUG] - fit_round 5 received 9 results and 0 failures
[2025-03-09 11:20:21,895][flwr][INFO] - fit progress: (5, 1.419587254524231, {'accuracy': 0.4796000123023987}, 271.2974522499717)
[2025-03-09 11:20:21,895][flwr][DEBUG] - evaluate_round 5: strategy sampled 9 clients (out of 10)
[2025-03-09 11:20:23,508][flwr][DEBUG] - evaluate_round 5 received 9 results and 0 failures
[2025-03-09 11:20:23,508][flwr][DEBUG] - fit_round 6: strategy sampled 9 clients (out of 10)
[2025-03-09 11:21:14,413][flwr][DEBUG] - fit_round 6 received 9 results and 0 failures
[2025-03-09 11:21:15,428][flwr][INFO] - fit progress: (6, 1.4550237655639648, {'accuracy': 0.4675000011920929}, 324.8304938329966)
[2025-03-09 11:21:15,428][flwr][DEBUG] - evaluate_round 6: strategy sampled 9 clients (out of 10)
[2025-03-09 11:21:16,928][flwr][DEBUG] - evaluate_round 6 received 9 results and 0 failures
[2025-03-09 11:21:16,928][flwr][DEBUG] - fit_round 7: strategy sampled 9 clients (out of 10)
[2025-03-09 11:22:07,005][flwr][DEBUG] - fit_round 7 received 9 results and 0 failures
[2025-03-09 11:22:08,013][flwr][INFO] - fit progress: (7, 1.3595421314239502, {'accuracy': 0.5148000121116638}, 377.4157813329948)
[2025-03-09 11:22:08,013][flwr][DEBUG] - evaluate_round 7: strategy sampled 9 clients (out of 10)
[2025-03-09 11:22:09,733][flwr][DEBUG] - evaluate_round 7 received 9 results and 0 failures
[2025-03-09 11:22:09,733][flwr][DEBUG] - fit_round 8: strategy sampled 9 clients (out of 10)
[2025-03-09 11:23:00,463][flwr][DEBUG] - fit_round 8 received 9 results and 0 failures
[2025-03-09 11:23:01,505][flwr][INFO] - fit progress: (8, 1.3009074926376343, {'accuracy': 0.5297999978065491}, 430.90748258295935)
[2025-03-09 11:23:01,505][flwr][DEBUG] - evaluate_round 8: strategy sampled 9 clients (out of 10)
[2025-03-09 11:23:03,257][flwr][DEBUG] - evaluate_round 8 received 9 results and 0 failures
[2025-03-09 11:23:03,257][flwr][DEBUG] - fit_round 9: strategy sampled 9 clients (out of 10)
[2025-03-09 11:23:54,532][flwr][DEBUG] - fit_round 9 received 9 results and 0 failures
[2025-03-09 11:23:55,560][flwr][INFO] - fit progress: (9, 1.304749846458435, {'accuracy': 0.5213000178337097}, 484.96295874996576)
[2025-03-09 11:23:55,560][flwr][DEBUG] - evaluate_round 9: strategy sampled 9 clients (out of 10)
[2025-03-09 11:23:57,089][flwr][DEBUG] - evaluate_round 9 received 9 results and 0 failures
[2025-03-09 11:23:57,090][flwr][DEBUG] - fit_round 10: strategy sampled 9 clients (out of 10)
[2025-03-09 11:24:48,573][flwr][DEBUG] - fit_round 10 received 9 results and 0 failures
[2025-03-09 11:24:49,586][flwr][INFO] - fit progress: (10, 1.3245587348937988, {'accuracy': 0.5209000110626221}, 538.9891792080016)
[2025-03-09 11:24:49,586][flwr][DEBUG] - evaluate_round 10: strategy sampled 9 clients (out of 10)
[2025-03-09 11:24:51,221][flwr][DEBUG] - evaluate_round 10 received 9 results and 0 failures
[2025-03-09 11:24:51,221][flwr][DEBUG] - fit_round 11: strategy sampled 9 clients (out of 10)
[2025-03-09 11:25:42,761][flwr][DEBUG] - fit_round 11 received 9 results and 0 failures
[2025-03-09 11:25:43,786][flwr][INFO] - fit progress: (11, 1.2706159353256226, {'accuracy': 0.527400016784668}, 593.1884448329802)
[2025-03-09 11:25:43,786][flwr][DEBUG] - evaluate_round 11: strategy sampled 9 clients (out of 10)
[2025-03-09 11:25:45,581][flwr][DEBUG] - evaluate_round 11 received 9 results and 0 failures
[2025-03-09 11:25:45,581][flwr][DEBUG] - fit_round 12: strategy sampled 9 clients (out of 10)
[2025-03-09 11:26:37,157][flwr][DEBUG] - fit_round 12 received 9 results and 0 failures
[2025-03-09 11:26:38,188][flwr][INFO] - fit progress: (12, 1.2176337242126465, {'accuracy': 0.557200014591217}, 647.591192916967)
[2025-03-09 11:26:38,188][flwr][DEBUG] - evaluate_round 12: strategy sampled 9 clients (out of 10)
[2025-03-09 11:26:39,830][flwr][DEBUG] - evaluate_round 12 received 9 results and 0 failures
[2025-03-09 11:26:39,830][flwr][DEBUG] - fit_round 13: strategy sampled 9 clients (out of 10)
[2025-03-09 11:27:33,208][flwr][DEBUG] - fit_round 13 received 9 results and 0 failures
[2025-03-09 11:27:34,245][flwr][INFO] - fit progress: (13, 1.1524512767791748, {'accuracy': 0.5843999981880188}, 703.6474551669671)
[2025-03-09 11:27:34,245][flwr][DEBUG] - evaluate_round 13: strategy sampled 9 clients (out of 10)
[2025-03-09 11:27:35,863][flwr][DEBUG] - evaluate_round 13 received 9 results and 0 failures
[2025-03-09 11:27:35,863][flwr][DEBUG] - fit_round 14: strategy sampled 9 clients (out of 10)
[2025-03-09 11:28:28,671][flwr][DEBUG] - fit_round 14 received 9 results and 0 failures
[2025-03-09 11:28:29,685][flwr][INFO] - fit progress: (14, 1.1407307386398315, {'accuracy': 0.5828999876976013}, 759.0876594999572)
[2025-03-09 11:28:29,685][flwr][DEBUG] - evaluate_round 14: strategy sampled 9 clients (out of 10)
[2025-03-09 11:28:31,284][flwr][DEBUG] - evaluate_round 14 received 9 results and 0 failures
[2025-03-09 11:28:31,284][flwr][DEBUG] - fit_round 15: strategy sampled 9 clients (out of 10)
[2025-03-09 11:29:24,606][flwr][DEBUG] - fit_round 15 received 9 results and 0 failures
[2025-03-09 11:29:25,668][flwr][INFO] - fit progress: (15, 1.128338098526001, {'accuracy': 0.5898000001907349}, 815.0712053329917)
[2025-03-09 11:29:25,669][flwr][DEBUG] - evaluate_round 15: strategy sampled 9 clients (out of 10)
[2025-03-09 11:29:27,565][flwr][DEBUG] - evaluate_round 15 received 9 results and 0 failures
[2025-03-09 11:29:27,565][flwr][DEBUG] - fit_round 16: strategy sampled 9 clients (out of 10)
[2025-03-09 11:30:21,365][flwr][DEBUG] - fit_round 16 received 9 results and 0 failures
[2025-03-09 11:30:22,391][flwr][INFO] - fit progress: (16, 1.1026253700256348, {'accuracy': 0.6043999791145325}, 871.794080416963)
[2025-03-09 11:30:22,391][flwr][DEBUG] - evaluate_round 16: strategy sampled 9 clients (out of 10)
[2025-03-09 11:30:24,029][flwr][DEBUG] - evaluate_round 16 received 9 results and 0 failures
[2025-03-09 11:30:24,029][flwr][DEBUG] - fit_round 17: strategy sampled 9 clients (out of 10)
[2025-03-09 11:31:16,327][flwr][DEBUG] - fit_round 17 received 9 results and 0 failures
[2025-03-09 11:31:17,368][flwr][INFO] - fit progress: (17, 1.1279222965240479, {'accuracy': 0.5922999978065491}, 926.7708847500035)
[2025-03-09 11:31:17,368][flwr][DEBUG] - evaluate_round 17: strategy sampled 9 clients (out of 10)
[2025-03-09 11:31:18,988][flwr][DEBUG] - evaluate_round 17 received 9 results and 0 failures
[2025-03-09 11:31:18,989][flwr][DEBUG] - fit_round 18: strategy sampled 9 clients (out of 10)
[2025-03-09 11:32:11,913][flwr][DEBUG] - fit_round 18 received 9 results and 0 failures
[2025-03-09 11:32:12,932][flwr][INFO] - fit progress: (18, 1.198598861694336, {'accuracy': 0.5475999712944031}, 982.3350545829744)
[2025-03-09 11:32:12,932][flwr][DEBUG] - evaluate_round 18: strategy sampled 9 clients (out of 10)
[2025-03-09 11:32:14,589][flwr][DEBUG] - evaluate_round 18 received 9 results and 0 failures
[2025-03-09 11:32:14,590][flwr][DEBUG] - fit_round 19: strategy sampled 9 clients (out of 10)
[2025-03-09 11:33:05,905][flwr][DEBUG] - fit_round 19 received 9 results and 0 failures
[2025-03-09 11:33:06,912][flwr][INFO] - fit progress: (19, 1.082017421722412, {'accuracy': 0.6093999743461609}, 1036.3144218749949)
[2025-03-09 11:33:06,912][flwr][DEBUG] - evaluate_round 19: strategy sampled 9 clients (out of 10)
[2025-03-09 11:33:08,595][flwr][DEBUG] - evaluate_round 19 received 9 results and 0 failures
[2025-03-09 11:33:08,595][flwr][DEBUG] - fit_round 20: strategy sampled 9 clients (out of 10)
[2025-03-09 11:34:00,952][flwr][DEBUG] - fit_round 20 received 9 results and 0 failures
[2025-03-09 11:34:01,979][flwr][INFO] - fit progress: (20, 1.0419573783874512, {'accuracy': 0.6261000037193298}, 1091.3819899579976)
[2025-03-09 11:34:01,979][flwr][DEBUG] - evaluate_round 20: strategy sampled 9 clients (out of 10)
[2025-03-09 11:34:03,590][flwr][DEBUG] - evaluate_round 20 received 9 results and 0 failures
[2025-03-09 11:34:03,590][flwr][INFO] - FL finished in 1092.9928848749842
[2025-03-09 11:34:03,590][flwr][INFO] - app_fit: losses_distributed [(1, 2.0428980868276416), (2, 1.674490817524378), (3, 1.6086228682939003), (4, 1.5356313461517395), (5, 1.4367914706060332), (6, 1.464794023092403), (7, 1.3779616042464589), (8, 1.3096649067379664), (9, 1.3122425552184), (10, 1.325259707095081), (11, 1.2742816186635437), (12, 1.2284045742428154), (13, 1.155907037349807), (14, 1.130449346683485), (15, 1.1320324681952516), (16, 1.0920110449337814), (17, 1.1310189677355627), (18, 1.2090792442182938), (19, 1.0776228880406722), (20, 1.0419222274766367)]
[2025-03-09 11:34:03,591][flwr][INFO] - app_fit: metrics_distributed_fit {'variance_training_loss': [(1, 0.0005401908252583836), (2, 0.00089934352989035), (3, 0.0011120588155004774), (4, 0.001261613525697511), (5, 0.0007123223825874588), (6, 0.0011492541885008958), (7, 0.0011653975342225584), (8, 0.0011990326376737784), (9, 0.0012439134956626972), (10, 0.0013240142414930728), (11, 0.00089763035027267), (12, 0.0008165144862933479), (13, 0.0008754495816616991), (14, 0.00095533116047856), (15, 0.0015329743951656523), (16, 0.0009641040779916852), (17, 0.0010440642084304666), (18, 0.0010077936030591496), (19, 0.0009069239296956939), (20, 0.0009806680577229246)], 'average_training_loss': [(1, 1.871650669309828), (2, 1.7129101090961032), (3, 1.6251893705791898), (4, 1.5572006305058796), (5, 1.5036941899193659), (6, 1.460634019639757), (7, 1.4178452359305487), (8, 1.389528923564487), (9, 1.3663859499825373), (10, 1.3410118685828314), (11, 1.3179620901743572), (12, 1.2945677042007446), (13, 1.281996038224962), (14, 1.2558785279591878), (15, 1.241042481528388), (16, 1.2358871963289049), (17, 1.2125575674904718), (18, 1.201804757118225), (19, 1.1811773114734225), (20, 1.1704243421554565)], 'estimated_times': [(1, [56.08868422795937, 100.07091300936581, 44.06796901339079, 47.20699838091004, 63.41646913214155, 47.08934716813549, 40.525636591385584, 79.33200000728459, 58.118649115536265]), (2, [79.33200000728459, 100.07091300936581, 58.118649115536265, 47.20699838091004, 47.08934716813549, 63.41646913214155, 56.08868422795937, 56.20095687304887, 40.525636591385584]), (3, [79.33200000728459, 56.20095687304887, 47.08934716813549, 47.20699838091004, 63.41646913214155, 58.118649115536265, 56.08868422795937, 40.525636591385584, 44.06796901339079]), (4, [56.20095687304887, 56.08868422795937, 47.20699838091004, 58.118649115536265, 63.41646913214155, 100.07091300936581, 79.33200000728459, 40.525636591385584, 47.08934716813549]), (5, [47.08934716813549, 56.08868422795937, 58.118649115536265, 47.20699838091004, 100.07091300936581, 44.06796901339079, 56.20095687304887, 40.525636591385584, 79.33200000728459]), (6, [79.33200000728459, 40.525636591385584, 56.20095687304887, 100.07091300936581, 47.20699838091004, 63.41646913214155, 56.08868422795937, 47.08934716813549, 44.06796901339079]), (7, [44.06796901339079, 58.118649115536265, 56.08868422795937, 47.08934716813549, 40.525636591385584, 47.20699838091004, 79.33200000728459, 56.20095687304887, 100.07091300936581]), (8, [47.08934716813549, 79.33200000728459, 47.20699838091004, 44.06796901339079, 63.41646913214155, 56.20095687304887, 100.07091300936581, 56.08868422795937, 58.118649115536265]), (9, [44.06796901339079, 79.33200000728459, 47.20699838091004, 56.08868422795937, 100.07091300936581, 63.41646913214155, 47.08934716813549, 40.525636591385584, 56.20095687304887]), (10, [44.06796901339079, 47.20699838091004, 79.33200000728459, 56.08868422795937, 58.118649115536265, 56.20095687304887, 40.525636591385584, 47.08934716813549, 100.07091300936581]), (11, [44.06796901339079, 63.41646913214155, 79.33200000728459, 100.07091300936581, 56.20095687304887, 47.08934716813549, 58.118649115536265, 40.525636591385584, 56.08868422795937]), (12, [100.07091300936581, 47.08934716813549, 58.118649115536265, 79.33200000728459, 56.20095687304887, 63.41646913214155, 44.06796901339079, 47.20699838091004, 40.525636591385584]), (13, [58.118649115536265, 47.08934716813549, 100.07091300936581, 47.20699838091004, 40.525636591385584, 56.08868422795937, 63.41646913214155, 44.06796901339079, 79.33200000728459]), (14, [58.118649115536265, 44.06796901339079, 56.08868422795937, 40.525636591385584, 63.41646913214155, 47.08934716813549, 56.20095687304887, 47.20699838091004, 79.33200000728459]), (15, [44.06796901339079, 56.20095687304887, 47.08934716813549, 63.41646913214155, 40.525636591385584, 47.20699838091004, 56.08868422795937, 58.118649115536265, 79.33200000728459]), (16, [56.08868422795937, 47.20699838091004, 79.33200000728459, 47.08934716813549, 44.06796901339079, 40.525636591385584, 58.118649115536265, 100.07091300936581, 63.41646913214155]), (17, [58.118649115536265, 47.08934716813549, 79.33200000728459, 56.08868422795937, 63.41646913214155, 44.06796901339079, 40.525636591385584, 47.20699838091004, 56.20095687304887]), (18, [100.07091300936581, 58.118649115536265, 47.20699838091004, 47.08934716813549, 56.08868422795937, 56.20095687304887, 63.41646913214155, 44.06796901339079, 79.33200000728459]), (19, [56.20095687304887, 100.07091300936581, 44.06796901339079, 56.08868422795937, 79.33200000728459, 40.525636591385584, 47.20699838091004, 58.118649115536265, 47.08934716813549]), (20, [56.08868422795937, 63.41646913214155, 56.20095687304887, 40.525636591385584, 47.20699838091004, 58.118649115536265, 47.08934716813549, 44.06796901339079, 79.33200000728459])]}
[2025-03-09 11:34:03,592][flwr][INFO] - app_fit: metrics_distributed {}
[2025-03-09 11:34:03,592][flwr][INFO] - app_fit: losses_centralized [(0, 2.3037874698638916), (1, 2.026780128479004), (2, 1.6533013582229614), (3, 1.588792085647583), (4, 1.511135458946228), (5, 1.419587254524231), (6, 1.4550237655639648), (7, 1.3595421314239502), (8, 1.3009074926376343), (9, 1.304749846458435), (10, 1.3245587348937988), (11, 1.2706159353256226), (12, 1.2176337242126465), (13, 1.1524512767791748), (14, 1.1407307386398315), (15, 1.128338098526001), (16, 1.1026253700256348), (17, 1.1279222965240479), (18, 1.198598861694336), (19, 1.082017421722412), (20, 1.0419573783874512)]
[2025-03-09 11:34:03,592][flwr][INFO] - app_fit: metrics_centralized {'accuracy': [(0, 0.10899999737739563), (1, 0.2379000037908554), (2, 0.3919999897480011), (3, 0.4074999988079071), (4, 0.44769999384880066), (5, 0.4796000123023987), (6, 0.4675000011920929), (7, 0.5148000121116638), (8, 0.5297999978065491), (9, 0.5213000178337097), (10, 0.5209000110626221), (11, 0.527400016784668), (12, 0.557200014591217), (13, 0.5843999981880188), (14, 0.5828999876976013), (15, 0.5898000001907349), (16, 0.6043999791145325), (17, 0.5922999978065491), (18, 0.5475999712944031), (19, 0.6093999743461609), (20, 0.6261000037193298)]}
