[2025-03-10 01:10:21,640][flwr][INFO] - Using FedAvg strategy
[2025-03-10 01:10:21,640][flwr][INFO] - Starting Flower simulation, config: ServerConfig(num_rounds=20, round_timeout=None)
[2025-03-10 01:10:22,774][flwr][INFO] - Flower VCE: Ray initialized with resources: {'node:127.0.0.1': 1.0, 'node:__internal_head__': 1.0, 'object_store_memory': 2147483648.0, 'memory': 17040479028.0, 'CPU': 8.0}
[2025-03-10 01:10:22,775][flwr][INFO] - Flower VCE: Resources for each Virtual Client: {'num_cpus': 0.5, 'num_gpus': 0}
[2025-03-10 01:10:22,784][flwr][INFO] - Flower VCE: Creating VirtualClientEngineActorPool with 16 actors
[2025-03-10 01:10:22,785][flwr][INFO] - Initializing global parameters
[2025-03-10 01:10:22,785][flwr][INFO] - Requesting initial parameters from one random client
[2025-03-10 01:10:28,080][flwr][INFO] - Received initial parameters from one random client
[2025-03-10 01:10:28,080][flwr][INFO] - Evaluating initial parameters
[2025-03-10 01:10:29,210][flwr][INFO] - initial parameters (loss, other metrics): 2.3041069507598877, {'accuracy': 0.05829999968409538}
[2025-03-10 01:10:29,210][flwr][INFO] - FL starting
[2025-03-10 01:10:31,658][flwr][DEBUG] - fit_round 1: strategy sampled 9 clients (out of 10)
[2025-03-10 01:11:02,756][flwr][DEBUG] - fit_round 1 received 9 results and 0 failures
[2025-03-10 01:11:03,801][flwr][INFO] - fit progress: (1, 2.4924325942993164, {'accuracy': 0.10000000149011612}, 34.59126037498936)
[2025-03-10 01:11:03,801][flwr][DEBUG] - evaluate_round 1: strategy sampled 9 clients (out of 10)
[2025-03-10 01:11:05,428][flwr][DEBUG] - evaluate_round 1 received 9 results and 0 failures
[2025-03-10 01:11:05,429][flwr][WARNING] - No evaluate_metrics_aggregation_fn provided
[2025-03-10 01:11:07,949][flwr][DEBUG] - fit_round 2: strategy sampled 9 clients (out of 10)
[2025-03-10 01:11:37,519][flwr][DEBUG] - fit_round 2 received 9 results and 0 failures
[2025-03-10 01:11:38,561][flwr][INFO] - fit progress: (2, 1.9807456731796265, {'accuracy': 0.23680000007152557}, 69.35102641605772)
[2025-03-10 01:11:38,561][flwr][DEBUG] - evaluate_round 2: strategy sampled 9 clients (out of 10)
[2025-03-10 01:11:40,284][flwr][DEBUG] - evaluate_round 2 received 9 results and 0 failures
[2025-03-10 01:11:42,847][flwr][DEBUG] - fit_round 3: strategy sampled 9 clients (out of 10)
[2025-03-10 01:12:18,695][flwr][DEBUG] - fit_round 3 received 9 results and 0 failures
[2025-03-10 01:12:19,752][flwr][INFO] - fit progress: (3, 1.6740814447402954, {'accuracy': 0.3837999999523163}, 110.54227762506343)
[2025-03-10 01:12:19,752][flwr][DEBUG] - evaluate_round 3: strategy sampled 9 clients (out of 10)
[2025-03-10 01:12:21,465][flwr][DEBUG] - evaluate_round 3 received 9 results and 0 failures
[2025-03-10 01:12:23,888][flwr][DEBUG] - fit_round 4: strategy sampled 9 clients (out of 10)
[2025-03-10 01:12:52,931][flwr][DEBUG] - fit_round 4 received 9 results and 0 failures
[2025-03-10 01:12:54,007][flwr][INFO] - fit progress: (4, 1.6199597120285034, {'accuracy': 0.41350001096725464}, 144.7967574580107)
[2025-03-10 01:12:54,007][flwr][DEBUG] - evaluate_round 4: strategy sampled 9 clients (out of 10)
[2025-03-10 01:12:55,731][flwr][DEBUG] - evaluate_round 4 received 9 results and 0 failures
[2025-03-10 01:12:58,200][flwr][DEBUG] - fit_round 5: strategy sampled 9 clients (out of 10)
[2025-03-10 01:13:29,170][flwr][DEBUG] - fit_round 5 received 9 results and 0 failures
[2025-03-10 01:13:30,206][flwr][INFO] - fit progress: (5, 1.5823758840560913, {'accuracy': 0.42719998955726624}, 180.996067665983)
[2025-03-10 01:13:30,206][flwr][DEBUG] - evaluate_round 5: strategy sampled 9 clients (out of 10)
[2025-03-10 01:13:31,832][flwr][DEBUG] - evaluate_round 5 received 9 results and 0 failures
[2025-03-10 01:13:34,289][flwr][DEBUG] - fit_round 6: strategy sampled 9 clients (out of 10)
[2025-03-10 01:14:06,998][flwr][DEBUG] - fit_round 6 received 9 results and 0 failures
[2025-03-10 01:14:08,048][flwr][INFO] - fit progress: (6, 1.5571297407150269, {'accuracy': 0.43470001220703125}, 218.83785833301954)
[2025-03-10 01:14:08,048][flwr][DEBUG] - evaluate_round 6: strategy sampled 9 clients (out of 10)
[2025-03-10 01:14:09,766][flwr][DEBUG] - evaluate_round 6 received 9 results and 0 failures
[2025-03-10 01:14:12,326][flwr][DEBUG] - fit_round 7: strategy sampled 9 clients (out of 10)
[2025-03-10 01:14:47,968][flwr][DEBUG] - fit_round 7 received 9 results and 0 failures
[2025-03-10 01:14:49,014][flwr][INFO] - fit progress: (7, 1.663025975227356, {'accuracy': 0.4016999900341034}, 259.8037452499848)
[2025-03-10 01:14:49,014][flwr][DEBUG] - evaluate_round 7: strategy sampled 9 clients (out of 10)
[2025-03-10 01:14:50,767][flwr][DEBUG] - evaluate_round 7 received 9 results and 0 failures
[2025-03-10 01:14:53,238][flwr][DEBUG] - fit_round 8: strategy sampled 9 clients (out of 10)
[2025-03-10 01:15:22,642][flwr][DEBUG] - fit_round 8 received 9 results and 0 failures
[2025-03-10 01:15:23,700][flwr][INFO] - fit progress: (8, 1.434777855873108, {'accuracy': 0.48339998722076416}, 294.48932420799974)
[2025-03-10 01:15:23,700][flwr][DEBUG] - evaluate_round 8: strategy sampled 9 clients (out of 10)
[2025-03-10 01:15:25,529][flwr][DEBUG] - evaluate_round 8 received 9 results and 0 failures
[2025-03-10 01:15:28,024][flwr][DEBUG] - fit_round 9: strategy sampled 9 clients (out of 10)
[2025-03-10 01:15:58,183][flwr][DEBUG] - fit_round 9 received 9 results and 0 failures
[2025-03-10 01:15:59,231][flwr][INFO] - fit progress: (9, 1.4689677953720093, {'accuracy': 0.4722000062465668}, 330.020475416095)
[2025-03-10 01:15:59,231][flwr][DEBUG] - evaluate_round 9: strategy sampled 9 clients (out of 10)
[2025-03-10 01:16:00,921][flwr][DEBUG] - evaluate_round 9 received 9 results and 0 failures
[2025-03-10 01:16:03,398][flwr][DEBUG] - fit_round 10: strategy sampled 9 clients (out of 10)
[2025-03-10 01:16:33,752][flwr][DEBUG] - fit_round 10 received 9 results and 0 failures
[2025-03-10 01:16:34,826][flwr][INFO] - fit progress: (10, 1.5186747312545776, {'accuracy': 0.45249998569488525}, 365.61527750000823)
[2025-03-10 01:16:34,826][flwr][DEBUG] - evaluate_round 10: strategy sampled 9 clients (out of 10)
[2025-03-10 01:16:36,525][flwr][DEBUG] - evaluate_round 10 received 9 results and 0 failures
[2025-03-10 01:16:38,984][flwr][DEBUG] - fit_round 11: strategy sampled 9 clients (out of 10)
[2025-03-10 01:17:08,676][flwr][DEBUG] - fit_round 11 received 9 results and 0 failures
[2025-03-10 01:17:09,737][flwr][INFO] - fit progress: (11, 1.3977491855621338, {'accuracy': 0.4984999895095825}, 400.52692770806607)
[2025-03-10 01:17:09,738][flwr][DEBUG] - evaluate_round 11: strategy sampled 9 clients (out of 10)
[2025-03-10 01:17:11,481][flwr][DEBUG] - evaluate_round 11 received 9 results and 0 failures
[2025-03-10 01:17:13,934][flwr][DEBUG] - fit_round 12: strategy sampled 9 clients (out of 10)
[2025-03-10 01:17:44,088][flwr][DEBUG] - fit_round 12 received 9 results and 0 failures
[2025-03-10 01:17:45,153][flwr][INFO] - fit progress: (12, 1.351737380027771, {'accuracy': 0.5166000127792358}, 435.9421767910244)
[2025-03-10 01:17:45,153][flwr][DEBUG] - evaluate_round 12: strategy sampled 9 clients (out of 10)
[2025-03-10 01:17:46,895][flwr][DEBUG] - evaluate_round 12 received 9 results and 0 failures
[2025-03-10 01:17:49,399][flwr][DEBUG] - fit_round 13: strategy sampled 9 clients (out of 10)
[2025-03-10 01:18:20,155][flwr][DEBUG] - fit_round 13 received 9 results and 0 failures
[2025-03-10 01:18:21,209][flwr][INFO] - fit progress: (13, 1.3237390518188477, {'accuracy': 0.519599974155426}, 471.9983219160931)
[2025-03-10 01:18:21,209][flwr][DEBUG] - evaluate_round 13: strategy sampled 9 clients (out of 10)
[2025-03-10 01:18:22,946][flwr][DEBUG] - evaluate_round 13 received 9 results and 0 failures
[2025-03-10 01:18:25,458][flwr][DEBUG] - fit_round 14: strategy sampled 9 clients (out of 10)
[2025-03-10 01:18:57,441][flwr][DEBUG] - fit_round 14 received 9 results and 0 failures
[2025-03-10 01:18:58,492][flwr][INFO] - fit progress: (14, 1.2913315296173096, {'accuracy': 0.5361999869346619}, 509.28114800003823)
[2025-03-10 01:18:58,492][flwr][DEBUG] - evaluate_round 14: strategy sampled 9 clients (out of 10)
[2025-03-10 01:19:00,279][flwr][DEBUG] - evaluate_round 14 received 9 results and 0 failures
[2025-03-10 01:19:02,764][flwr][DEBUG] - fit_round 15: strategy sampled 9 clients (out of 10)
[2025-03-10 01:19:45,616][flwr][DEBUG] - fit_round 15 received 9 results and 0 failures
[2025-03-10 01:19:46,697][flwr][INFO] - fit progress: (15, 1.305835247039795, {'accuracy': 0.5303999781608582}, 557.4858502910938)
[2025-03-10 01:19:46,697][flwr][DEBUG] - evaluate_round 15: strategy sampled 9 clients (out of 10)
[2025-03-10 01:19:48,416][flwr][DEBUG] - evaluate_round 15 received 9 results and 0 failures
[2025-03-10 01:19:50,921][flwr][DEBUG] - fit_round 16: strategy sampled 9 clients (out of 10)
[2025-03-10 01:20:21,318][flwr][DEBUG] - fit_round 16 received 9 results and 0 failures
[2025-03-10 01:20:22,366][flwr][INFO] - fit progress: (16, 1.2914447784423828, {'accuracy': 0.5354999899864197}, 593.1554025830701)
[2025-03-10 01:20:22,366][flwr][DEBUG] - evaluate_round 16: strategy sampled 9 clients (out of 10)
[2025-03-10 01:20:24,097][flwr][DEBUG] - evaluate_round 16 received 9 results and 0 failures
[2025-03-10 01:20:26,608][flwr][DEBUG] - fit_round 17: strategy sampled 9 clients (out of 10)
[2025-03-10 01:21:02,558][flwr][DEBUG] - fit_round 17 received 9 results and 0 failures
[2025-03-10 01:21:03,630][flwr][INFO] - fit progress: (17, 1.2658677101135254, {'accuracy': 0.5442000031471252}, 634.4187587500783)
[2025-03-10 01:21:03,630][flwr][DEBUG] - evaluate_round 17: strategy sampled 9 clients (out of 10)
[2025-03-10 01:21:05,267][flwr][DEBUG] - evaluate_round 17 received 9 results and 0 failures
[2025-03-10 01:21:07,741][flwr][DEBUG] - fit_round 18: strategy sampled 9 clients (out of 10)
[2025-03-10 01:21:39,360][flwr][DEBUG] - fit_round 18 received 9 results and 0 failures
[2025-03-10 01:21:40,394][flwr][INFO] - fit progress: (18, 1.3110346794128418, {'accuracy': 0.5320000052452087}, 671.1825965410098)
[2025-03-10 01:21:40,394][flwr][DEBUG] - evaluate_round 18: strategy sampled 9 clients (out of 10)
[2025-03-10 01:21:42,121][flwr][DEBUG] - evaluate_round 18 received 9 results and 0 failures
[2025-03-10 01:21:44,632][flwr][DEBUG] - fit_round 19: strategy sampled 9 clients (out of 10)
[2025-03-10 01:22:18,120][flwr][DEBUG] - fit_round 19 received 9 results and 0 failures
[2025-03-10 01:22:19,160][flwr][INFO] - fit progress: (19, 1.2522623538970947, {'accuracy': 0.5407000184059143}, 709.9486328749917)
[2025-03-10 01:22:19,160][flwr][DEBUG] - evaluate_round 19: strategy sampled 9 clients (out of 10)
[2025-03-10 01:22:20,762][flwr][DEBUG] - evaluate_round 19 received 9 results and 0 failures
[2025-03-10 01:22:23,283][flwr][DEBUG] - fit_round 20: strategy sampled 9 clients (out of 10)
[2025-03-10 01:22:54,991][flwr][DEBUG] - fit_round 20 received 9 results and 0 failures
[2025-03-10 01:22:56,038][flwr][INFO] - fit progress: (20, 1.2065244913101196, {'accuracy': 0.5687999725341797}, 746.8269011660013)
[2025-03-10 01:22:56,038][flwr][DEBUG] - evaluate_round 20: strategy sampled 9 clients (out of 10)
[2025-03-10 01:22:57,723][flwr][DEBUG] - evaluate_round 20 received 9 results and 0 failures
[2025-03-10 01:22:57,723][flwr][INFO] - FL finished in 748.5116393330973
[2025-03-10 01:22:57,723][flwr][INFO] - app_fit: losses_distributed [(1, 2.5029053034994386), (2, 1.9970214762182994), (3, 1.6833018683126844), (4, 1.6297286848977426), (5, 1.5907734661554376), (6, 1.5708177281103408), (7, 1.6770841257670677), (8, 1.4379529773901807), (9, 1.4786450207367976), (10, 1.5298706635395507), (11, 1.4032308128560225), (12, 1.354088110190961), (13, 1.3308029263774748), (14, 1.294224435945446), (15, 1.3158410768784612), (16, 1.297486939023155), (17, 1.2777153991794967), (18, 1.3186243579776276), (19, 1.2663874063212202), (20, 1.1982762686815234)]
[2025-03-10 01:22:57,723][flwr][INFO] - app_fit: metrics_distributed_fit {'variance_training_loss': [(1, 0.01700863783115784), (2, 0.0026225563151898415), (3, 0.0012624900400922282), (4, 0.0008167386376294135), (5, 0.0010859151209261756), (6, 0.0006240128598670303), (7, 0.0010513005786252608), (8, 0.000879249488151839), (9, 0.0005800742825799941), (10, 0.0003607788171933986), (11, 0.0005866444894144182), (12, 0.000834626811789955), (13, 0.0007914867165150828), (14, 0.0008445211618551678), (15, 0.00078303457316457), (16, 0.0005024472677667819), (17, 0.000864780847748927), (18, 0.0008680948420634296), (19, 0.000726101621107015), (20, 0.0009595827166357212)], 'average_training_loss': [(1, 2.0090065929624767), (2, 1.8349156777064006), (3, 1.7415145768059626), (4, 1.6926173501544528), (5, 1.645747462908427), (6, 1.6010617812474568), (7, 1.565867821375529), (8, 1.542579756842719), (9, 1.5126711792416043), (10, 1.492698483996921), (11, 1.4714765283796523), (12, 1.44931165377299), (13, 1.431889944606357), (14, 1.4129061831368341), (15, 1.3949378463957045), (16, 1.386949486202664), (17, 1.3646905289755926), (18, 1.3486382961273193), (19, 1.334702690442403), (20, 1.3239803844028049)], 'estimated_times': [(1, [40.831403276165524, 29.910218676129997, 32.82383391709204, 39.00179613602996, 52.36582895067729, 22.441741600260592, 50.19762739485141, 47.45596145161751, 36.3665716920742]), (2, [32.82383391709204, 40.831403276165524, 29.910218676129997, 37.30212431958695, 50.19762739485141, 39.00179613602996, 36.3665716920742, 22.441741600260592, 47.45596145161751]), (3, [50.19762739485141, 45.05479420510332, 52.36582895067729, 54.471982689220816, 55.896838859562315, 39.00179613602996, 47.45596145161751, 49.23575087563806, 29.910218676129997]), (4, [40.831403276165524, 32.82383391709204, 36.3665716920742, 39.00179613602996, 50.19762739485141, 52.36582895067729, 29.910218676129997, 37.30212431958695, 22.441741600260592]), (5, [50.19762739485141, 39.00179613602996, 32.82383391709204, 40.831403276165524, 47.45596145161751, 29.910218676129997, 22.441741600260592, 36.3665716920742, 52.36582895067729]), (6, [22.441741600260592, 40.831403276165524, 52.36582895067729, 32.82383391709204, 37.30212431958695, 36.3665716920742, 39.00179613602996, 50.19762739485141, 47.45596145161751]), (7, [47.45596145161751, 52.36582895067729, 50.19762739485141, 45.05479420510332, 49.23575087563806, 55.896838859562315, 29.910218676129997, 54.471982689220816, 39.00179613602996]), (8, [52.36582895067729, 40.831403276165524, 39.00179613602996, 22.441741600260592, 50.19762739485141, 32.82383391709204, 36.3665716920742, 29.910218676129997, 37.30212431958695]), (9, [29.910218676129997, 32.82383391709204, 39.00179613602996, 52.36582895067729, 37.30212431958695, 36.3665716920742, 47.45596145161751, 50.19762739485141, 22.441741600260592]), (10, [37.30212431958695, 39.00179613602996, 50.19762739485141, 29.910218676129997, 32.82383391709204, 52.36582895067729, 47.45596145161751, 22.441741600260592, 36.3665716920742]), (11, [32.82383391709204, 52.36582895067729, 50.19762739485141, 37.30212431958695, 40.831403276165524, 22.441741600260592, 36.3665716920742, 39.00179613602996, 29.910218676129997]), (12, [40.831403276165524, 37.30212431958695, 47.45596145161751, 29.910218676129997, 50.19762739485141, 22.441741600260592, 39.00179613602996, 32.82383391709204, 36.3665716920742]), (13, [22.441741600260592, 50.19762739485141, 37.30212431958695, 36.3665716920742, 32.82383391709204, 47.45596145161751, 40.831403276165524, 29.910218676129997, 52.36582895067729]), (14, [36.3665716920742, 29.910218676129997, 22.441741600260592, 50.19762739485141, 40.831403276165524, 47.45596145161751, 39.00179613602996, 52.36582895067729, 37.30212431958695]), (15, [50.19762739485141, 29.910218676129997, 36.3665716920742, 40.831403276165524, 47.45596145161751, 52.36582895067729, 37.30212431958695, 22.441741600260592, 39.00179613602996]), (16, [39.00179613602996, 50.19762739485141, 29.910218676129997, 47.45596145161751, 32.82383391709204, 37.30212431958695, 52.36582895067729, 22.441741600260592, 36.3665716920742]), (17, [49.23575087563806, 29.910218676129997, 45.05479420510332, 55.896838859562315, 54.471982689220816, 47.45596145161751, 52.36582895067729, 50.19762739485141, 39.00179613602996]), (18, [37.30212431958695, 47.45596145161751, 50.19762739485141, 39.00179613602996, 22.441741600260592, 36.3665716920742, 40.831403276165524, 29.910218676129997, 52.36582895067729]), (19, [40.831403276165524, 39.00179613602996, 52.36582895067729, 36.3665716920742, 50.19762739485141, 47.45596145161751, 29.910218676129997, 37.30212431958695, 32.82383391709204]), (20, [39.00179613602996, 40.831403276165524, 50.19762739485141, 29.910218676129997, 36.3665716920742, 32.82383391709204, 52.36582895067729, 22.441741600260592, 47.45596145161751])]}
[2025-03-10 01:22:57,725][flwr][INFO] - app_fit: metrics_distributed {}
[2025-03-10 01:22:57,725][flwr][INFO] - app_fit: losses_centralized [(0, 2.3041069507598877), (1, 2.4924325942993164), (2, 1.9807456731796265), (3, 1.6740814447402954), (4, 1.6199597120285034), (5, 1.5823758840560913), (6, 1.5571297407150269), (7, 1.663025975227356), (8, 1.434777855873108), (9, 1.4689677953720093), (10, 1.5186747312545776), (11, 1.3977491855621338), (12, 1.351737380027771), (13, 1.3237390518188477), (14, 1.2913315296173096), (15, 1.305835247039795), (16, 1.2914447784423828), (17, 1.2658677101135254), (18, 1.3110346794128418), (19, 1.2522623538970947), (20, 1.2065244913101196)]
[2025-03-10 01:22:57,725][flwr][INFO] - app_fit: metrics_centralized {'accuracy': [(0, 0.05829999968409538), (1, 0.10000000149011612), (2, 0.23680000007152557), (3, 0.3837999999523163), (4, 0.41350001096725464), (5, 0.42719998955726624), (6, 0.43470001220703125), (7, 0.4016999900341034), (8, 0.48339998722076416), (9, 0.4722000062465668), (10, 0.45249998569488525), (11, 0.4984999895095825), (12, 0.5166000127792358), (13, 0.519599974155426), (14, 0.5361999869346619), (15, 0.5303999781608582), (16, 0.5354999899864197), (17, 0.5442000031471252), (18, 0.5320000052452087), (19, 0.5407000184059143), (20, 0.5687999725341797)]}
