[2025-03-24 11:43:21,085][tensorflow][WARNING] - From /Users/livialestingi/PycharmProjects/NodeSelection/power_of_choice/power_of_choice/dataset.py:38: load (from tensorflow.python.data.experimental.ops.io) is deprecated and will be removed in a future version.
Instructions for updating:
Use `tf.data.Dataset.load(...)` instead.
[2025-03-24 11:43:21,879][flwr][INFO] - Using FedAvg strategy
[2025-03-24 11:43:21,880][flwr][INFO] - Starting Flower simulation, config: ServerConfig(num_rounds=20, round_timeout=None)
[2025-03-24 11:43:23,047][flwr][INFO] - Flower VCE: Ray initialized with resources: {'CPU': 8.0, 'memory': 10096569549.0, 'node:127.0.0.1': 1.0, 'node:__internal_head__': 1.0, 'object_store_memory': 2147483648.0}
[2025-03-24 11:43:23,048][flwr][INFO] - Flower VCE: Resources for each Virtual Client: {'num_cpus': 0.5, 'num_gpus': 0}
[2025-03-24 11:43:23,054][flwr][INFO] - Flower VCE: Creating VirtualClientEngineActorPool with 16 actors
[2025-03-24 11:43:23,054][flwr][INFO] - Initializing global parameters
[2025-03-24 11:43:23,054][flwr][INFO] - Requesting initial parameters from one random client
[2025-03-24 11:43:28,371][flwr][INFO] - Received initial parameters from one random client
[2025-03-24 11:43:28,371][flwr][INFO] - Evaluating initial parameters
[2025-03-24 11:43:29,541][flwr][INFO] - initial parameters (loss, other metrics): 2.3024420738220215, {'accuracy': 0.10010000318288803}
[2025-03-24 11:43:29,542][flwr][INFO] - FL starting
[2025-03-24 11:43:29,542][flwr][DEBUG] - fit_round 1: strategy sampled 9 clients (out of 10)
[2025-03-24 11:43:39,031][flwr][DEBUG] - fit_round 1 received 9 results and 0 failures
[2025-03-24 11:43:40,316][flwr][INFO] - fit progress: (1, 2.3430933952331543, {'accuracy': 0.15060000121593475}, 10.774246166998637)
[2025-03-24 11:43:40,316][flwr][DEBUG] - evaluate_round 1: strategy sampled 9 clients (out of 10)
[2025-03-24 11:43:42,446][flwr][DEBUG] - evaluate_round 1 received 9 results and 0 failures
[2025-03-24 11:43:42,446][flwr][WARNING] - No evaluate_metrics_aggregation_fn provided
[2025-03-24 11:43:42,446][flwr][DEBUG] - fit_round 2: strategy sampled 9 clients (out of 10)
[2025-03-24 11:43:59,957][flwr][DEBUG] - fit_round 2 received 9 results and 0 failures
[2025-03-24 11:44:01,064][flwr][INFO] - fit progress: (2, 2.3151016235351562, {'accuracy': 0.1500999927520752}, 31.52285279199714)
[2025-03-24 11:44:01,064][flwr][DEBUG] - evaluate_round 2: strategy sampled 9 clients (out of 10)
[2025-03-24 11:44:02,962][flwr][DEBUG] - evaluate_round 2 received 9 results and 0 failures
[2025-03-24 11:44:02,963][flwr][DEBUG] - fit_round 3: strategy sampled 9 clients (out of 10)
[2025-03-24 11:44:21,593][flwr][DEBUG] - fit_round 3 received 9 results and 0 failures
[2025-03-24 11:44:22,747][flwr][INFO] - fit progress: (3, 2.2570059299468994, {'accuracy': 0.19030000269412994}, 53.20608120899851)
[2025-03-24 11:44:22,747][flwr][DEBUG] - evaluate_round 3: strategy sampled 9 clients (out of 10)
[2025-03-24 11:44:25,003][flwr][DEBUG] - evaluate_round 3 received 9 results and 0 failures
[2025-03-24 11:44:25,003][flwr][DEBUG] - fit_round 4: strategy sampled 9 clients (out of 10)
[2025-03-24 11:44:34,710][flwr][DEBUG] - fit_round 4 received 9 results and 0 failures
[2025-03-24 11:44:35,794][flwr][INFO] - fit progress: (4, 2.0842792987823486, {'accuracy': 0.29280000925064087}, 66.25297137499729)
[2025-03-24 11:44:35,794][flwr][DEBUG] - evaluate_round 4: strategy sampled 9 clients (out of 10)
[2025-03-24 11:44:37,899][flwr][DEBUG] - evaluate_round 4 received 9 results and 0 failures
[2025-03-24 11:44:37,900][flwr][DEBUG] - fit_round 5: strategy sampled 9 clients (out of 10)
[2025-03-24 11:44:53,401][flwr][DEBUG] - fit_round 5 received 9 results and 0 failures
[2025-03-24 11:44:54,525][flwr][INFO] - fit progress: (5, 1.7604830265045166, {'accuracy': 0.33869999647140503}, 84.98456229200383)
[2025-03-24 11:44:54,525][flwr][DEBUG] - evaluate_round 5: strategy sampled 9 clients (out of 10)
[2025-03-24 11:44:56,691][flwr][DEBUG] - evaluate_round 5 received 9 results and 0 failures
[2025-03-24 11:44:56,692][flwr][DEBUG] - fit_round 6: strategy sampled 9 clients (out of 10)
[2025-03-24 11:45:14,375][flwr][DEBUG] - fit_round 6 received 9 results and 0 failures
[2025-03-24 11:45:15,588][flwr][INFO] - fit progress: (6, 1.7233232259750366, {'accuracy': 0.3677000105381012}, 106.04748537499836)
[2025-03-24 11:45:15,588][flwr][DEBUG] - evaluate_round 6: strategy sampled 9 clients (out of 10)
[2025-03-24 11:45:17,550][flwr][DEBUG] - evaluate_round 6 received 9 results and 0 failures
[2025-03-24 11:45:17,551][flwr][DEBUG] - fit_round 7: strategy sampled 9 clients (out of 10)
[2025-03-24 11:45:27,995][flwr][DEBUG] - fit_round 7 received 9 results and 0 failures
[2025-03-24 11:45:29,281][flwr][INFO] - fit progress: (7, 1.8788478374481201, {'accuracy': 0.3156000077724457}, 119.74014033399726)
[2025-03-24 11:45:29,281][flwr][DEBUG] - evaluate_round 7: strategy sampled 9 clients (out of 10)
[2025-03-24 11:45:31,632][flwr][DEBUG] - evaluate_round 7 received 9 results and 0 failures
[2025-03-24 11:45:31,632][flwr][DEBUG] - fit_round 8: strategy sampled 9 clients (out of 10)
[2025-03-24 11:45:53,113][flwr][DEBUG] - fit_round 8 received 9 results and 0 failures
[2025-03-24 11:45:54,234][flwr][INFO] - fit progress: (8, 1.96244215965271, {'accuracy': 0.3070000112056732}, 144.69388299999991)
[2025-03-24 11:45:54,234][flwr][DEBUG] - evaluate_round 8: strategy sampled 9 clients (out of 10)
[2025-03-24 11:45:56,460][flwr][DEBUG] - evaluate_round 8 received 9 results and 0 failures
[2025-03-24 11:45:56,460][flwr][DEBUG] - fit_round 9: strategy sampled 9 clients (out of 10)
[2025-03-24 11:46:10,287][flwr][DEBUG] - fit_round 9 received 9 results and 0 failures
[2025-03-24 11:46:11,370][flwr][INFO] - fit progress: (9, 1.6442986726760864, {'accuracy': 0.41609999537467957}, 161.82993929200165)
[2025-03-24 11:46:11,370][flwr][DEBUG] - evaluate_round 9: strategy sampled 9 clients (out of 10)
[2025-03-24 11:46:13,366][flwr][DEBUG] - evaluate_round 9 received 9 results and 0 failures
[2025-03-24 11:46:13,366][flwr][DEBUG] - fit_round 10: strategy sampled 9 clients (out of 10)
[2025-03-24 11:46:27,337][flwr][DEBUG] - fit_round 10 received 9 results and 0 failures
[2025-03-24 11:46:28,369][flwr][INFO] - fit progress: (10, 1.7502989768981934, {'accuracy': 0.3889000117778778}, 178.82899966699915)
[2025-03-24 11:46:28,369][flwr][DEBUG] - evaluate_round 10: strategy sampled 9 clients (out of 10)
[2025-03-24 11:46:30,506][flwr][DEBUG] - evaluate_round 10 received 9 results and 0 failures
[2025-03-24 11:46:30,506][flwr][DEBUG] - fit_round 11: strategy sampled 9 clients (out of 10)
[2025-03-24 11:46:39,971][flwr][DEBUG] - fit_round 11 received 9 results and 0 failures
[2025-03-24 11:46:41,055][flwr][INFO] - fit progress: (11, 1.768309235572815, {'accuracy': 0.3521000146865845}, 191.51548770900263)
[2025-03-24 11:46:41,055][flwr][DEBUG] - evaluate_round 11: strategy sampled 9 clients (out of 10)
[2025-03-24 11:46:43,132][flwr][DEBUG] - evaluate_round 11 received 9 results and 0 failures
[2025-03-24 11:46:43,132][flwr][DEBUG] - fit_round 12: strategy sampled 9 clients (out of 10)
[2025-03-24 11:47:00,545][flwr][DEBUG] - fit_round 12 received 9 results and 0 failures
[2025-03-24 11:47:01,633][flwr][INFO] - fit progress: (12, 1.7461224794387817, {'accuracy': 0.37599998712539673}, 212.09386975000234)
[2025-03-24 11:47:01,633][flwr][DEBUG] - evaluate_round 12: strategy sampled 9 clients (out of 10)
[2025-03-24 11:47:03,770][flwr][DEBUG] - evaluate_round 12 received 9 results and 0 failures
[2025-03-24 11:47:03,770][flwr][DEBUG] - fit_round 13: strategy sampled 9 clients (out of 10)
[2025-03-24 11:47:19,453][flwr][DEBUG] - fit_round 13 received 9 results and 0 failures
[2025-03-24 11:47:20,524][flwr][INFO] - fit progress: (13, 1.6927804946899414, {'accuracy': 0.3991999924182892}, 230.98507470900222)
[2025-03-24 11:47:20,524][flwr][DEBUG] - evaluate_round 13: strategy sampled 9 clients (out of 10)
[2025-03-24 11:47:22,641][flwr][DEBUG] - evaluate_round 13 received 9 results and 0 failures
[2025-03-24 11:47:22,642][flwr][DEBUG] - fit_round 14: strategy sampled 9 clients (out of 10)
[2025-03-24 11:47:40,185][flwr][DEBUG] - fit_round 14 received 9 results and 0 failures
[2025-03-24 11:47:41,272][flwr][INFO] - fit progress: (14, 1.4843041896820068, {'accuracy': 0.43950000405311584}, 251.7329616670031)
[2025-03-24 11:47:41,272][flwr][DEBUG] - evaluate_round 14: strategy sampled 9 clients (out of 10)
[2025-03-24 11:47:42,678][flwr][DEBUG] - evaluate_round 14 received 9 results and 0 failures
[2025-03-24 11:47:42,678][flwr][DEBUG] - fit_round 15: strategy sampled 9 clients (out of 10)
[2025-03-24 11:47:52,189][flwr][DEBUG] - fit_round 15 received 9 results and 0 failures
[2025-03-24 11:47:53,264][flwr][INFO] - fit progress: (15, 1.743524432182312, {'accuracy': 0.3562000095844269}, 263.7256734170005)
[2025-03-24 11:47:53,265][flwr][DEBUG] - evaluate_round 15: strategy sampled 9 clients (out of 10)
[2025-03-24 11:47:55,333][flwr][DEBUG] - evaluate_round 15 received 9 results and 0 failures
[2025-03-24 11:47:55,334][flwr][DEBUG] - fit_round 16: strategy sampled 9 clients (out of 10)
[2025-03-24 11:48:13,443][flwr][DEBUG] - fit_round 16 received 9 results and 0 failures
[2025-03-24 11:48:14,516][flwr][INFO] - fit progress: (16, 1.4203954935073853, {'accuracy': 0.4952000081539154}, 284.9774798750004)
[2025-03-24 11:48:14,516][flwr][DEBUG] - evaluate_round 16: strategy sampled 9 clients (out of 10)
[2025-03-24 11:48:16,610][flwr][DEBUG] - evaluate_round 16 received 9 results and 0 failures
[2025-03-24 11:48:16,611][flwr][DEBUG] - fit_round 17: strategy sampled 9 clients (out of 10)
[2025-03-24 11:48:34,035][flwr][DEBUG] - fit_round 17 received 9 results and 0 failures
[2025-03-24 11:48:35,173][flwr][INFO] - fit progress: (17, 1.458905816078186, {'accuracy': 0.4449000060558319}, 305.6351137090023)
[2025-03-24 11:48:35,174][flwr][DEBUG] - evaluate_round 17: strategy sampled 9 clients (out of 10)
[2025-03-24 11:48:37,394][flwr][DEBUG] - evaluate_round 17 received 9 results and 0 failures
[2025-03-24 11:48:37,394][flwr][DEBUG] - fit_round 18: strategy sampled 9 clients (out of 10)
[2025-03-24 11:48:56,948][flwr][DEBUG] - fit_round 18 received 9 results and 0 failures
[2025-03-24 11:48:58,041][flwr][INFO] - fit progress: (18, 1.7332687377929688, {'accuracy': 0.3804999887943268}, 328.50322833399696)
[2025-03-24 11:48:58,041][flwr][DEBUG] - evaluate_round 18: strategy sampled 9 clients (out of 10)
[2025-03-24 11:49:00,105][flwr][DEBUG] - evaluate_round 18 received 9 results and 0 failures
[2025-03-24 11:49:00,105][flwr][DEBUG] - fit_round 19: strategy sampled 9 clients (out of 10)
[2025-03-24 11:49:09,962][flwr][DEBUG] - fit_round 19 received 9 results and 0 failures
[2025-03-24 11:49:11,079][flwr][INFO] - fit progress: (19, 1.58744478225708, {'accuracy': 0.3889000117778778}, 341.5414969170015)
[2025-03-24 11:49:11,080][flwr][DEBUG] - evaluate_round 19: strategy sampled 9 clients (out of 10)
[2025-03-24 11:49:13,182][flwr][DEBUG] - evaluate_round 19 received 9 results and 0 failures
[2025-03-24 11:49:13,182][flwr][DEBUG] - fit_round 20: strategy sampled 9 clients (out of 10)
[2025-03-24 11:49:32,022][flwr][DEBUG] - fit_round 20 received 9 results and 0 failures
[2025-03-24 11:49:33,136][flwr][INFO] - fit progress: (20, 1.1746025085449219, {'accuracy': 0.5730999708175659}, 363.5875347089968)
[2025-03-24 11:49:33,136][flwr][DEBUG] - evaluate_round 20: strategy sampled 9 clients (out of 10)
[2025-03-24 11:49:34,595][flwr][DEBUG] - evaluate_round 20 received 9 results and 0 failures
[2025-03-24 11:49:34,595][flwr][INFO] - FL finished in 365.04557837500033
[2025-03-24 11:49:34,596][flwr][INFO] - app_fit: losses_distributed [(1, 2.2393107761797393), (2, 2.463282461166382), (3, 2.2610195524208687), (4, 1.805033746560086), (5, 1.863093749373877), (6, 1.8915340216954548), (7, 1.8015038605464533), (8, 1.8389956028717496), (9, 1.802571337131907), (10, 1.7931168477060329), (11, 1.5854381963562112), (12, 1.5636177555648823), (13, 1.9298739685200712), (14, 1.7556673801360438), (15, 1.5903548018260576), (16, 1.3344663672823707), (17, 1.4716613832734575), (18, 2.0534636643305664), (19, 1.41345061282037), (20, 1.3126834811855905)]
[2025-03-24 11:49:34,596][flwr][INFO] - app_fit: metrics_distributed_fit {'variance_training_loss': [(1, 0.2822120479759161), (2, 0.059799051880863735), (3, 0.0272667064660003), (4, 0.040980419145337926), (5, 0.07613156825022421), (6, 0.13255054296490698), (7, 0.033753169221431574), (8, 0.07347489361236904), (9, 0.017988089873260848), (10, 0.22862187217518543), (11, 0.23946071726942555), (12, 0.07659403095290587), (13, 0.025041342466730288), (14, 0.1872996380025183), (15, 0.04638162867610794), (16, 0.102009225654593), (17, 0.03176264684014715), (18, 0.040410972932868904), (19, 0.036389861186947314), (20, 0.021866395983722933)], 'average_training_loss': [(1, 1.9357819424735174), (2, 1.5472660726971097), (3, 1.409628881348504), (4, 1.4198003080156114), (5, 1.422806117269728), (6, 1.5351337591807048), (7, 1.3253472910987005), (8, 1.3328555954827204), (9, 1.3039446009529962), (10, 1.5861670573552449), (11, 1.5538445777363248), (12, 1.2984991470972698), (13, 1.2672741678025987), (14, 1.45941385295656), (15, 1.2695390582084656), (16, 1.2221268282996283), (17, 1.1906922393374972), (18, 1.1748519738515217), (19, 1.1817992329597473), (20, 1.0994025005234613)], 'estimated_times': [(1, [0.6850725102779418, 3.5425990053183596, 0.06727936560710418, 1.571087905854694, 2.0271768428688888, 13.454410648364993, 30.79889467856168, 3.593543605155001, 0.353459390031242]), (2, [1.571087905854694, 13.454410648364993, 0.353459390031242, 3.593543605155001, 2.0271768428688888, 30.79889467856168, 58.579590049651955, 0.06727936560710418, 3.5425990053183596]), (3, [0.06727936560710418, 58.579590049651955, 3.593543605155001, 0.353459390031242, 3.5425990053183596, 13.454410648364993, 2.0271768428688888, 0.6850725102779418, 30.79889467856168]), (4, [0.06727936560710418, 0.6850725102779418, 2.0271768428688888, 3.5425990053183596, 1.571087905854694, 30.79889467856168, 0.353459390031242, 13.454410648364993, 3.593543605155001]), (5, [3.593543605155001, 0.353459390031242, 0.6850725102779418, 13.454410648364993, 58.579590049651955, 1.571087905854694, 3.5425990053183596, 0.06727936560710418, 2.0271768428688888]), (6, [0.6850725102779418, 0.353459390031242, 2.0271768428688888, 0.06727936560710418, 3.5425990053183596, 30.79889467856168, 58.579590049651955, 3.593543605155001, 1.571087905854694]), (7, [0.353459390031242, 0.6850725102779418, 1.571087905854694, 3.593543605155001, 0.06727936560710418, 30.79889467856168, 2.0271768428688888, 13.454410648364993, 3.5425990053183596]), (8, [3.5425990053183596, 2.0271768428688888, 0.06727936560710418, 3.593543605155001, 0.6850725102779418, 30.79889467856168, 58.579590049651955, 13.454410648364993, 0.353459390031242]), (9, [13.454410648364993, 1.571087905854694, 0.6850725102779418, 58.579590049651955, 2.0271768428688888, 0.06727936560710418, 3.593543605155001, 3.5425990053183596, 0.353459390031242]), (10, [3.593543605155001, 0.6850725102779418, 0.06727936560710418, 2.0271768428688888, 0.353459390031242, 3.5425990053183596, 58.579590049651955, 13.454410648364993, 1.571087905854694]), (11, [30.79889467856168, 0.6850725102779418, 2.0271768428688888, 13.454410648364993, 3.593543605155001, 1.571087905854694, 3.5425990053183596, 0.353459390031242, 0.06727936560710418]), (12, [30.79889467856168, 13.454410648364993, 0.06727936560710418, 2.0271768428688888, 0.353459390031242, 58.579590049651955, 3.593543605155001, 1.571087905854694, 0.6850725102779418]), (13, [3.5425990053183596, 0.06727936560710418, 0.353459390031242, 13.454410648364993, 3.593543605155001, 0.6850725102779418, 2.0271768428688888, 58.579590049651955, 1.571087905854694]), (14, [3.5425990053183596, 58.579590049651955, 0.6850725102779418, 0.06727936560710418, 1.571087905854694, 13.454410648364993, 2.0271768428688888, 0.353459390031242, 30.79889467856168]), (15, [0.06727936560710418, 13.454410648364993, 3.5425990053183596, 30.79889467856168, 2.0271768428688888, 3.593543605155001, 1.571087905854694, 0.353459390031242, 0.6850725102779418]), (16, [2.0271768428688888, 0.6850725102779418, 3.593543605155001, 13.454410648364993, 0.353459390031242, 58.579590049651955, 30.79889467856168, 0.06727936560710418, 3.5425990053183596]), (17, [0.6850725102779418, 3.5425990053183596, 2.0271768428688888, 0.353459390031242, 0.06727936560710418, 58.579590049651955, 3.593543605155001, 1.571087905854694, 30.79889467856168]), (18, [0.6850725102779418, 58.579590049651955, 3.593543605155001, 3.5425990053183596, 2.0271768428688888, 13.454410648364993, 1.571087905854694, 30.79889467856168, 0.353459390031242]), (19, [3.5425990053183596, 1.571087905854694, 30.79889467856168, 0.6850725102779418, 13.454410648364993, 2.0271768428688888, 3.593543605155001, 0.06727936560710418, 0.353459390031242]), (20, [0.353459390031242, 3.5425990053183596, 0.06727936560710418, 30.79889467856168, 58.579590049651955, 3.593543605155001, 1.571087905854694, 13.454410648364993, 2.0271768428688888])]}
[2025-03-24 11:49:34,599][flwr][INFO] - app_fit: metrics_distributed {}
[2025-03-24 11:49:34,599][flwr][INFO] - app_fit: losses_centralized [(0, 2.3024420738220215), (1, 2.3430933952331543), (2, 2.3151016235351562), (3, 2.2570059299468994), (4, 2.0842792987823486), (5, 1.7604830265045166), (6, 1.7233232259750366), (7, 1.8788478374481201), (8, 1.96244215965271), (9, 1.6442986726760864), (10, 1.7502989768981934), (11, 1.768309235572815), (12, 1.7461224794387817), (13, 1.6927804946899414), (14, 1.4843041896820068), (15, 1.743524432182312), (16, 1.4203954935073853), (17, 1.458905816078186), (18, 1.7332687377929688), (19, 1.58744478225708), (20, 1.1746025085449219)]
[2025-03-24 11:49:34,599][flwr][INFO] - app_fit: metrics_centralized {'accuracy': [(0, 0.10010000318288803), (1, 0.15060000121593475), (2, 0.1500999927520752), (3, 0.19030000269412994), (4, 0.29280000925064087), (5, 0.33869999647140503), (6, 0.3677000105381012), (7, 0.3156000077724457), (8, 0.3070000112056732), (9, 0.41609999537467957), (10, 0.3889000117778778), (11, 0.3521000146865845), (12, 0.37599998712539673), (13, 0.3991999924182892), (14, 0.43950000405311584), (15, 0.3562000095844269), (16, 0.4952000081539154), (17, 0.4449000060558319), (18, 0.3804999887943268), (19, 0.3889000117778778), (20, 0.5730999708175659)]}
