[2025-03-11 10:48:32,182][flwr][INFO] - Starting Flower simulation, config: ServerConfig(num_rounds=20, round_timeout=None)
[2025-03-11 10:48:33,374][flwr][INFO] - Flower VCE: Ray initialized with resources: {'node:__internal_head__': 1.0, 'object_store_memory': 2147483648.0, 'memory': 16497236378.0, 'node:127.0.0.1': 1.0, 'CPU': 8.0}
[2025-03-11 10:48:33,374][flwr][INFO] - Flower VCE: Resources for each Virtual Client: {'num_cpus': 0.5, 'num_gpus': 0}
[2025-03-11 10:48:33,382][flwr][INFO] - Flower VCE: Creating VirtualClientEngineActorPool with 16 actors
[2025-03-11 10:48:33,382][flwr][INFO] - Initializing global parameters
[2025-03-11 10:48:33,382][flwr][INFO] - Requesting initial parameters from one random client
[2025-03-11 10:48:38,443][flwr][INFO] - Received initial parameters from one random client
[2025-03-11 10:48:38,443][flwr][INFO] - Evaluating initial parameters
[2025-03-11 10:48:39,551][flwr][INFO] - initial parameters (loss, other metrics): 2.3030612468719482, {'accuracy': 0.1014999970793724}
[2025-03-11 10:48:39,551][flwr][INFO] - FL starting
[2025-03-11 10:48:42,350][flwr][INFO] - Server 1: selected clients
                ['9', '1', '2', '7', '5', '3', '6', '4', '8', '0'] for first phase evaluation.
[2025-03-11 10:48:42,350][flwr][DEBUG] - evaluate_first_phase 1: strategy sampled 10 clients (out of 10)
[2025-03-11 10:48:48,741][flwr][DEBUG] - evaluate_first_phase of round 1 received 10 results and 0 failures
[2025-03-11 10:48:48,741][flwr][INFO] - Server 1: about to sample 9 clients
[2025-03-11 10:48:48,741][flwr][INFO] - Round 1: selected clients
            ['6', '3', '9', '0', '8', '4', '2', '1', '7'] for fit.
[2025-03-11 10:48:48,741][flwr][DEBUG] - fit_round 1: strategy sampled 9 clients (out of 10)
[2025-03-11 10:49:23,631][flwr][DEBUG] - fit_round 1 received 9 results and 0 failures
[2025-03-11 10:49:24,638][flwr][INFO] - fit progress: (1, 2.5787997245788574, {'accuracy': 0.10490000247955322}, 45.087486666976474)
[2025-03-11 10:49:24,638][flwr][DEBUG] - evaluate_round 1: strategy sampled 9 clients (out of 10)
[2025-03-11 10:49:26,426][flwr][DEBUG] - evaluate_round 1 received 9 results and 0 failures
[2025-03-11 10:49:26,426][flwr][WARNING] - No evaluate_metrics_aggregation_fn provided
[2025-03-11 10:49:29,218][flwr][INFO] - Server 2: selected clients
                ['4', '2', '3', '0', '7', '1', '6', '9', '8', '5'] for first phase evaluation.
[2025-03-11 10:49:29,218][flwr][DEBUG] - evaluate_first_phase 2: strategy sampled 10 clients (out of 10)
[2025-03-11 10:49:35,900][flwr][DEBUG] - evaluate_first_phase of round 2 received 10 results and 0 failures
[2025-03-11 10:49:35,901][flwr][INFO] - Server 2: about to sample 9 clients
[2025-03-11 10:49:35,901][flwr][INFO] - Round 2: selected clients
            ['5', '4', '2', '9', '8', '7', '0', '3', '1'] for fit.
[2025-03-11 10:49:35,901][flwr][DEBUG] - fit_round 2: strategy sampled 9 clients (out of 10)
[2025-03-11 10:49:53,905][flwr][DEBUG] - fit_round 2 received 9 results and 0 failures
[2025-03-11 10:49:54,909][flwr][INFO] - fit progress: (2, 2.132337808609009, {'accuracy': 0.22200000286102295}, 75.35849095799495)
[2025-03-11 10:49:54,909][flwr][DEBUG] - evaluate_round 2: strategy sampled 9 clients (out of 10)
[2025-03-11 10:49:56,031][flwr][DEBUG] - evaluate_round 2 received 9 results and 0 failures
[2025-03-11 10:49:58,828][flwr][INFO] - Server 3: selected clients
                ['2', '4', '1', '6', '3', '5', '9', '0', '7', '8'] for first phase evaluation.
[2025-03-11 10:49:58,829][flwr][DEBUG] - evaluate_first_phase 3: strategy sampled 10 clients (out of 10)
[2025-03-11 10:50:05,039][flwr][DEBUG] - evaluate_first_phase of round 3 received 10 results and 0 failures
[2025-03-11 10:50:05,040][flwr][INFO] - Server 3: about to sample 9 clients
[2025-03-11 10:50:05,040][flwr][INFO] - Round 3: selected clients
            ['2', '3', '0', '7', '8', '5', '6', '4', '9'] for fit.
[2025-03-11 10:50:05,040][flwr][DEBUG] - fit_round 3: strategy sampled 9 clients (out of 10)
[2025-03-11 10:50:34,583][flwr][DEBUG] - fit_round 3 received 9 results and 0 failures
[2025-03-11 10:50:35,621][flwr][INFO] - fit progress: (3, 1.712169885635376, {'accuracy': 0.40880000591278076}, 116.07124883297365)
[2025-03-11 10:50:35,621][flwr][DEBUG] - evaluate_round 3: strategy sampled 9 clients (out of 10)
[2025-03-11 10:50:37,382][flwr][DEBUG] - evaluate_round 3 received 9 results and 0 failures
[2025-03-11 10:50:40,173][flwr][INFO] - Server 4: selected clients
                ['8', '0', '4', '9', '3', '6', '1', '2', '5', '7'] for first phase evaluation.
[2025-03-11 10:50:40,173][flwr][DEBUG] - evaluate_first_phase 4: strategy sampled 10 clients (out of 10)
[2025-03-11 10:50:46,638][flwr][DEBUG] - evaluate_first_phase of round 4 received 10 results and 0 failures
[2025-03-11 10:50:46,639][flwr][INFO] - Server 4: about to sample 9 clients
[2025-03-11 10:50:46,639][flwr][INFO] - Round 4: selected clients
            ['5', '9', '0', '3', '6', '4', '8', '7', '1'] for fit.
[2025-03-11 10:50:46,639][flwr][DEBUG] - fit_round 4: strategy sampled 9 clients (out of 10)
[2025-03-11 10:51:25,259][flwr][DEBUG] - fit_round 4 received 9 results and 0 failures
[2025-03-11 10:51:26,294][flwr][INFO] - fit progress: (4, 1.6734607219696045, {'accuracy': 0.41510000824928284}, 166.74471479200292)
[2025-03-11 10:51:26,294][flwr][DEBUG] - evaluate_round 4: strategy sampled 9 clients (out of 10)
[2025-03-11 10:51:28,367][flwr][DEBUG] - evaluate_round 4 received 9 results and 0 failures
[2025-03-11 10:51:31,149][flwr][INFO] - Server 5: selected clients
                ['8', '0', '6', '4', '5', '9', '1', '3', '7', '2'] for first phase evaluation.
[2025-03-11 10:51:31,149][flwr][DEBUG] - evaluate_first_phase 5: strategy sampled 10 clients (out of 10)
[2025-03-11 10:51:37,774][flwr][DEBUG] - evaluate_first_phase of round 5 received 10 results and 0 failures
[2025-03-11 10:51:37,774][flwr][INFO] - Server 5: about to sample 9 clients
[2025-03-11 10:51:37,774][flwr][INFO] - Round 5: selected clients
            ['8', '6', '7', '1', '5', '0', '4', '9', '3'] for fit.
[2025-03-11 10:51:37,774][flwr][DEBUG] - fit_round 5: strategy sampled 9 clients (out of 10)
[2025-03-11 10:52:16,743][flwr][DEBUG] - fit_round 5 received 9 results and 0 failures
[2025-03-11 10:52:17,756][flwr][INFO] - fit progress: (5, 1.5950731039047241, {'accuracy': 0.43140000104904175}, 218.20708254200872)
[2025-03-11 10:52:17,756][flwr][DEBUG] - evaluate_round 5: strategy sampled 9 clients (out of 10)
[2025-03-11 10:52:19,750][flwr][DEBUG] - evaluate_round 5 received 9 results and 0 failures
[2025-03-11 10:52:22,547][flwr][INFO] - Server 6: selected clients
                ['2', '4', '5', '6', '9', '1', '3', '8', '7', '0'] for first phase evaluation.
[2025-03-11 10:52:22,548][flwr][DEBUG] - evaluate_first_phase 6: strategy sampled 10 clients (out of 10)
[2025-03-11 10:52:28,943][flwr][DEBUG] - evaluate_first_phase of round 6 received 10 results and 0 failures
[2025-03-11 10:52:28,943][flwr][INFO] - Server 6: about to sample 9 clients
[2025-03-11 10:52:28,943][flwr][INFO] - Round 6: selected clients
            ['8', '1', '3', '6', '0', '9', '4', '7', '5'] for fit.
[2025-03-11 10:52:28,944][flwr][DEBUG] - fit_round 6: strategy sampled 9 clients (out of 10)
[2025-03-11 10:53:07,541][flwr][DEBUG] - fit_round 6 received 9 results and 0 failures
[2025-03-11 10:53:08,552][flwr][INFO] - fit progress: (6, 1.4773106575012207, {'accuracy': 0.4681999981403351}, 269.00386237504426)
[2025-03-11 10:53:08,552][flwr][DEBUG] - evaluate_round 6: strategy sampled 9 clients (out of 10)
[2025-03-11 10:53:10,605][flwr][DEBUG] - evaluate_round 6 received 9 results and 0 failures
[2025-03-11 10:53:13,379][flwr][INFO] - Server 7: selected clients
                ['7', '3', '1', '9', '2', '0', '8', '4', '5', '6'] for first phase evaluation.
[2025-03-11 10:53:13,379][flwr][DEBUG] - evaluate_first_phase 7: strategy sampled 10 clients (out of 10)
[2025-03-11 10:53:20,623][flwr][DEBUG] - evaluate_first_phase of round 7 received 10 results and 0 failures
[2025-03-11 10:53:20,624][flwr][INFO] - Server 7: about to sample 9 clients
[2025-03-11 10:53:20,624][flwr][INFO] - Round 7: selected clients
            ['6', '0', '5', '7', '3', '8', '9', '4', '1'] for fit.
[2025-03-11 10:53:20,624][flwr][DEBUG] - fit_round 7: strategy sampled 9 clients (out of 10)
[2025-03-11 10:53:59,678][flwr][DEBUG] - fit_round 7 received 9 results and 0 failures
[2025-03-11 10:54:00,696][flwr][INFO] - fit progress: (7, 1.8092896938323975, {'accuracy': 0.37779998779296875}, 321.1482275420567)
[2025-03-11 10:54:00,696][flwr][DEBUG] - evaluate_round 7: strategy sampled 9 clients (out of 10)
[2025-03-11 10:54:02,674][flwr][DEBUG] - evaluate_round 7 received 9 results and 0 failures
[2025-03-11 10:54:05,448][flwr][INFO] - Server 8: selected clients
                ['5', '3', '2', '6', '9', '8', '4', '0', '1', '7'] for first phase evaluation.
[2025-03-11 10:54:05,448][flwr][DEBUG] - evaluate_first_phase 8: strategy sampled 10 clients (out of 10)
[2025-03-11 10:54:12,307][flwr][DEBUG] - evaluate_first_phase of round 8 received 10 results and 0 failures
[2025-03-11 10:54:12,308][flwr][INFO] - Server 8: about to sample 9 clients
[2025-03-11 10:54:12,308][flwr][INFO] - Round 8: selected clients
            ['0', '3', '1', '8', '5', '9', '7', '6', '2'] for fit.
[2025-03-11 10:54:12,308][flwr][DEBUG] - fit_round 8: strategy sampled 9 clients (out of 10)
[2025-03-11 10:54:51,647][flwr][DEBUG] - fit_round 8 received 9 results and 0 failures
[2025-03-11 10:54:52,683][flwr][INFO] - fit progress: (8, 1.608550786972046, {'accuracy': 0.43639999628067017}, 373.13633162504993)
[2025-03-11 10:54:52,683][flwr][DEBUG] - evaluate_round 8: strategy sampled 9 clients (out of 10)
[2025-03-11 10:54:54,700][flwr][DEBUG] - evaluate_round 8 received 9 results and 0 failures
[2025-03-11 10:54:57,481][flwr][INFO] - Server 9: selected clients
                ['5', '2', '6', '4', '8', '7', '3', '0', '1', '9'] for first phase evaluation.
[2025-03-11 10:54:57,482][flwr][DEBUG] - evaluate_first_phase 9: strategy sampled 10 clients (out of 10)
[2025-03-11 10:55:04,362][flwr][DEBUG] - evaluate_first_phase of round 9 received 10 results and 0 failures
[2025-03-11 10:55:04,362][flwr][INFO] - Server 9: about to sample 9 clients
[2025-03-11 10:55:04,362][flwr][INFO] - Round 9: selected clients
            ['9', '6', '0', '3', '1', '7', '8', '5', '4'] for fit.
[2025-03-11 10:55:04,362][flwr][DEBUG] - fit_round 9: strategy sampled 9 clients (out of 10)
[2025-03-11 10:55:43,212][flwr][DEBUG] - fit_round 9 received 9 results and 0 failures
[2025-03-11 10:55:44,262][flwr][INFO] - fit progress: (9, 1.3599853515625, {'accuracy': 0.5246999859809875}, 424.7156053750077)
[2025-03-11 10:55:44,262][flwr][DEBUG] - evaluate_round 9: strategy sampled 9 clients (out of 10)
[2025-03-11 10:55:46,341][flwr][DEBUG] - evaluate_round 9 received 9 results and 0 failures
[2025-03-11 10:55:49,164][flwr][INFO] - Server 10: selected clients
                ['8', '6', '4', '3', '0', '1', '7', '9', '2', '5'] for first phase evaluation.
[2025-03-11 10:55:49,164][flwr][DEBUG] - evaluate_first_phase 10: strategy sampled 10 clients (out of 10)
[2025-03-11 10:55:56,202][flwr][DEBUG] - evaluate_first_phase of round 10 received 10 results and 0 failures
[2025-03-11 10:55:56,203][flwr][INFO] - Server 10: about to sample 9 clients
[2025-03-11 10:55:56,203][flwr][INFO] - Round 10: selected clients
            ['8', '4', '1', '3', '6', '0', '7', '9', '5'] for fit.
[2025-03-11 10:55:56,203][flwr][DEBUG] - fit_round 10: strategy sampled 9 clients (out of 10)
[2025-03-11 10:56:35,903][flwr][DEBUG] - fit_round 10 received 9 results and 0 failures
[2025-03-11 10:56:36,954][flwr][INFO] - fit progress: (10, 1.4501699209213257, {'accuracy': 0.4767000079154968}, 477.4085743749747)
[2025-03-11 10:56:36,955][flwr][DEBUG] - evaluate_round 10: strategy sampled 9 clients (out of 10)
[2025-03-11 10:56:39,029][flwr][DEBUG] - evaluate_round 10 received 9 results and 0 failures
[2025-03-11 10:56:41,826][flwr][INFO] - Server 11: selected clients
                ['6', '9', '8', '1', '3', '5', '2', '0', '7', '4'] for first phase evaluation.
[2025-03-11 10:56:41,826][flwr][DEBUG] - evaluate_first_phase 11: strategy sampled 10 clients (out of 10)
[2025-03-11 10:56:48,502][flwr][DEBUG] - evaluate_first_phase of round 11 received 10 results and 0 failures
[2025-03-11 10:56:48,503][flwr][INFO] - Server 11: about to sample 9 clients
[2025-03-11 10:56:48,503][flwr][INFO] - Round 11: selected clients
            ['5', '3', '7', '4', '0', '1', '6', '9', '2'] for fit.
[2025-03-11 10:56:48,503][flwr][DEBUG] - fit_round 11: strategy sampled 9 clients (out of 10)
[2025-03-11 10:57:28,900][flwr][DEBUG] - fit_round 11 received 9 results and 0 failures
[2025-03-11 10:57:29,934][flwr][INFO] - fit progress: (11, 1.2697913646697998, {'accuracy': 0.5559999942779541}, 530.3884724579984)
[2025-03-11 10:57:29,934][flwr][DEBUG] - evaluate_round 11: strategy sampled 9 clients (out of 10)
[2025-03-11 10:57:32,032][flwr][DEBUG] - evaluate_round 11 received 9 results and 0 failures
[2025-03-11 10:57:34,835][flwr][INFO] - Server 12: selected clients
                ['6', '4', '1', '7', '0', '8', '5', '2', '9', '3'] for first phase evaluation.
[2025-03-11 10:57:34,835][flwr][DEBUG] - evaluate_first_phase 12: strategy sampled 10 clients (out of 10)
[2025-03-11 10:57:41,902][flwr][DEBUG] - evaluate_first_phase of round 12 received 10 results and 0 failures
[2025-03-11 10:57:41,902][flwr][INFO] - Server 12: about to sample 9 clients
[2025-03-11 10:57:41,902][flwr][INFO] - Round 12: selected clients
            ['3', '8', '6', '1', '5', '9', '4', '0', '7'] for fit.
[2025-03-11 10:57:41,902][flwr][DEBUG] - fit_round 12: strategy sampled 9 clients (out of 10)
[2025-03-11 10:58:21,180][flwr][DEBUG] - fit_round 12 received 9 results and 0 failures
[2025-03-11 10:58:22,228][flwr][INFO] - fit progress: (12, 1.3040425777435303, {'accuracy': 0.5396000146865845}, 582.6834030830069)
[2025-03-11 10:58:22,228][flwr][DEBUG] - evaluate_round 12: strategy sampled 9 clients (out of 10)
[2025-03-11 10:58:24,158][flwr][DEBUG] - evaluate_round 12 received 9 results and 0 failures
[2025-03-11 10:58:26,958][flwr][INFO] - Server 13: selected clients
                ['7', '0', '8', '5', '6', '1', '3', '9', '2', '4'] for first phase evaluation.
[2025-03-11 10:58:26,958][flwr][DEBUG] - evaluate_first_phase 13: strategy sampled 10 clients (out of 10)
[2025-03-11 10:58:33,860][flwr][DEBUG] - evaluate_first_phase of round 13 received 10 results and 0 failures
[2025-03-11 10:58:33,860][flwr][INFO] - Server 13: about to sample 9 clients
[2025-03-11 10:58:33,860][flwr][INFO] - Round 13: selected clients
            ['9', '8', '7', '6', '3', '0', '5', '4', '1'] for fit.
[2025-03-11 10:58:33,860][flwr][DEBUG] - fit_round 13: strategy sampled 9 clients (out of 10)
[2025-03-11 10:59:13,235][flwr][DEBUG] - fit_round 13 received 9 results and 0 failures
[2025-03-11 10:59:14,273][flwr][INFO] - fit progress: (13, 1.2341960668563843, {'accuracy': 0.5644000172615051}, 634.7291900420096)
[2025-03-11 10:59:14,273][flwr][DEBUG] - evaluate_round 13: strategy sampled 9 clients (out of 10)
[2025-03-11 10:59:16,413][flwr][DEBUG] - evaluate_round 13 received 9 results and 0 failures
[2025-03-11 10:59:19,251][flwr][INFO] - Server 14: selected clients
                ['9', '5', '8', '1', '7', '3', '4', '2', '6', '0'] for first phase evaluation.
[2025-03-11 10:59:19,251][flwr][DEBUG] - evaluate_first_phase 14: strategy sampled 10 clients (out of 10)
[2025-03-11 10:59:26,231][flwr][DEBUG] - evaluate_first_phase of round 14 received 10 results and 0 failures
[2025-03-11 10:59:26,232][flwr][INFO] - Server 14: about to sample 9 clients
[2025-03-11 10:59:26,232][flwr][INFO] - Round 14: selected clients
            ['3', '4', '0', '5', '6', '8', '7', '1', '9'] for fit.
[2025-03-11 10:59:26,232][flwr][DEBUG] - fit_round 14: strategy sampled 9 clients (out of 10)
[2025-03-11 11:00:05,748][flwr][DEBUG] - fit_round 14 received 9 results and 0 failures
[2025-03-11 11:00:06,805][flwr][INFO] - fit progress: (14, 1.4266997575759888, {'accuracy': 0.5091999769210815}, 687.2615730420221)
[2025-03-11 11:00:06,805][flwr][DEBUG] - evaluate_round 14: strategy sampled 9 clients (out of 10)
[2025-03-11 11:00:08,835][flwr][DEBUG] - evaluate_round 14 received 9 results and 0 failures
[2025-03-11 11:00:11,644][flwr][INFO] - Server 15: selected clients
                ['1', '6', '4', '8', '2', '9', '7', '5', '0', '3'] for first phase evaluation.
[2025-03-11 11:00:11,644][flwr][DEBUG] - evaluate_first_phase 15: strategy sampled 10 clients (out of 10)
[2025-03-11 11:00:18,539][flwr][DEBUG] - evaluate_first_phase of round 15 received 10 results and 0 failures
[2025-03-11 11:00:18,540][flwr][INFO] - Server 15: about to sample 9 clients
[2025-03-11 11:00:18,540][flwr][INFO] - Round 15: selected clients
            ['6', '1', '2', '9', '0', '5', '3', '7', '4'] for fit.
[2025-03-11 11:00:18,540][flwr][DEBUG] - fit_round 15: strategy sampled 9 clients (out of 10)
[2025-03-11 11:00:57,983][flwr][DEBUG] - fit_round 15 received 9 results and 0 failures
[2025-03-11 11:00:58,991][flwr][INFO] - fit progress: (15, 1.2647502422332764, {'accuracy': 0.5501999855041504}, 739.4485464580357)
[2025-03-11 11:00:58,992][flwr][DEBUG] - evaluate_round 15: strategy sampled 9 clients (out of 10)
[2025-03-11 11:01:01,037][flwr][DEBUG] - evaluate_round 15 received 9 results and 0 failures
[2025-03-11 11:01:03,874][flwr][INFO] - Server 16: selected clients
                ['0', '8', '2', '9', '1', '7', '3', '5', '6', '4'] for first phase evaluation.
[2025-03-11 11:01:03,874][flwr][DEBUG] - evaluate_first_phase 16: strategy sampled 10 clients (out of 10)
[2025-03-11 11:01:10,341][flwr][DEBUG] - evaluate_first_phase of round 16 received 10 results and 0 failures
[2025-03-11 11:01:10,341][flwr][INFO] - Server 16: about to sample 9 clients
[2025-03-11 11:01:10,342][flwr][INFO] - Round 16: selected clients
            ['0', '6', '5', '1', '7', '8', '4', '3', '9'] for fit.
[2025-03-11 11:01:10,342][flwr][DEBUG] - fit_round 16: strategy sampled 9 clients (out of 10)
[2025-03-11 11:01:49,484][flwr][DEBUG] - fit_round 16 received 9 results and 0 failures
[2025-03-11 11:01:50,494][flwr][INFO] - fit progress: (16, 1.282667875289917, {'accuracy': 0.5576000213623047}, 790.951891958015)
[2025-03-11 11:01:50,494][flwr][DEBUG] - evaluate_round 16: strategy sampled 9 clients (out of 10)
[2025-03-11 11:01:52,564][flwr][DEBUG] - evaluate_round 16 received 9 results and 0 failures
[2025-03-11 11:01:55,360][flwr][INFO] - Server 17: selected clients
                ['6', '9', '1', '7', '5', '4', '3', '0', '2', '8'] for first phase evaluation.
[2025-03-11 11:01:55,360][flwr][DEBUG] - evaluate_first_phase 17: strategy sampled 10 clients (out of 10)
[2025-03-11 11:02:02,309][flwr][DEBUG] - evaluate_first_phase of round 17 received 10 results and 0 failures
[2025-03-11 11:02:02,309][flwr][INFO] - Server 17: about to sample 9 clients
[2025-03-11 11:02:02,309][flwr][INFO] - Round 17: selected clients
            ['6', '0', '5', '2', '1', '4', '9', '3', '7'] for fit.
[2025-03-11 11:02:02,309][flwr][DEBUG] - fit_round 17: strategy sampled 9 clients (out of 10)
[2025-03-11 11:02:42,302][flwr][DEBUG] - fit_round 17 received 9 results and 0 failures
[2025-03-11 11:02:43,315][flwr][INFO] - fit progress: (17, 1.2235965728759766, {'accuracy': 0.5788999795913696}, 843.7733158749761)
[2025-03-11 11:02:43,315][flwr][DEBUG] - evaluate_round 17: strategy sampled 9 clients (out of 10)
[2025-03-11 11:02:45,337][flwr][DEBUG] - evaluate_round 17 received 9 results and 0 failures
[2025-03-11 11:02:48,080][flwr][INFO] - Server 18: selected clients
                ['2', '0', '7', '3', '1', '8', '5', '6', '4', '9'] for first phase evaluation.
[2025-03-11 11:02:48,080][flwr][DEBUG] - evaluate_first_phase 18: strategy sampled 10 clients (out of 10)
[2025-03-11 11:02:54,836][flwr][DEBUG] - evaluate_first_phase of round 18 received 10 results and 0 failures
[2025-03-11 11:02:54,836][flwr][INFO] - Server 18: about to sample 9 clients
[2025-03-11 11:02:54,836][flwr][INFO] - Round 18: selected clients
            ['1', '4', '0', '9', '6', '8', '5', '3', '7'] for fit.
[2025-03-11 11:02:54,836][flwr][DEBUG] - fit_round 18: strategy sampled 9 clients (out of 10)
[2025-03-11 11:03:33,657][flwr][DEBUG] - fit_round 18 received 9 results and 0 failures
[2025-03-11 11:03:34,675][flwr][INFO] - fit progress: (18, 1.3428879976272583, {'accuracy': 0.5281999707221985}, 895.1341879999964)
[2025-03-11 11:03:34,676][flwr][DEBUG] - evaluate_round 18: strategy sampled 9 clients (out of 10)
[2025-03-11 11:03:36,691][flwr][DEBUG] - evaluate_round 18 received 9 results and 0 failures
[2025-03-11 11:03:39,508][flwr][INFO] - Server 19: selected clients
                ['8', '2', '6', '1', '0', '3', '9', '7', '5', '4'] for first phase evaluation.
[2025-03-11 11:03:39,508][flwr][DEBUG] - evaluate_first_phase 19: strategy sampled 10 clients (out of 10)
[2025-03-11 11:03:46,257][flwr][DEBUG] - evaluate_first_phase of round 19 received 10 results and 0 failures
[2025-03-11 11:03:46,257][flwr][INFO] - Server 19: about to sample 9 clients
[2025-03-11 11:03:46,257][flwr][INFO] - Round 19: selected clients
            ['6', '1', '3', '9', '5', '4', '2', '7', '0'] for fit.
[2025-03-11 11:03:46,257][flwr][DEBUG] - fit_round 19: strategy sampled 9 clients (out of 10)
[2025-03-11 11:04:25,267][flwr][DEBUG] - fit_round 19 received 9 results and 0 failures
[2025-03-11 11:04:26,294][flwr][INFO] - fit progress: (19, 1.1902496814727783, {'accuracy': 0.5742999911308289}, 946.7530047079781)
[2025-03-11 11:04:26,294][flwr][DEBUG] - evaluate_round 19: strategy sampled 9 clients (out of 10)
[2025-03-11 11:04:28,259][flwr][DEBUG] - evaluate_round 19 received 9 results and 0 failures
[2025-03-11 11:04:31,064][flwr][INFO] - Server 20: selected clients
                ['7', '9', '1', '4', '2', '6', '5', '8', '3', '0'] for first phase evaluation.
[2025-03-11 11:04:31,064][flwr][DEBUG] - evaluate_first_phase 20: strategy sampled 10 clients (out of 10)
[2025-03-11 11:04:37,725][flwr][DEBUG] - evaluate_first_phase of round 20 received 10 results and 0 failures
[2025-03-11 11:04:37,725][flwr][INFO] - Server 20: about to sample 9 clients
[2025-03-11 11:04:37,725][flwr][INFO] - Round 20: selected clients
            ['3', '4', '5', '2', '8', '1', '6', '7', '9'] for fit.
[2025-03-11 11:04:37,725][flwr][DEBUG] - fit_round 20: strategy sampled 9 clients (out of 10)
[2025-03-11 11:05:18,039][flwr][DEBUG] - fit_round 20 received 9 results and 0 failures
[2025-03-11 11:05:19,072][flwr][INFO] - fit progress: (20, 1.128953218460083, {'accuracy': 0.605400025844574}, 999.5319459170569)
[2025-03-11 11:05:19,072][flwr][DEBUG] - evaluate_round 20: strategy sampled 9 clients (out of 10)
[2025-03-11 11:05:21,167][flwr][DEBUG] - evaluate_round 20 received 9 results and 0 failures
[2025-03-11 11:05:21,167][flwr][INFO] - FL finished in 1001.6268660830101
[2025-03-11 11:05:21,167][flwr][INFO] - app_fit: losses_distributed [(1, 2.514151289140728), (2, 1.9730486308425104), (3, 1.5764154093260438), (4, 1.7430944015538745), (5, 1.6876854510770243), (6, 1.5922890344811018), (7, 1.9424916311497218), (8, 1.766520229025303), (9, 1.4259163868031977), (10, 1.5161418596649474), (11, 1.3600047927864878), (12, 1.401433604672295), (13, 1.329816166372524), (14, 1.4402712812982843), (15, 1.4138536607768757), (16, 1.300992341040136), (17, 1.3146063934568424), (18, 1.4056801854778278), (19, 1.2775230873795376), (20, 1.2730124078619593)]
[2025-03-11 11:05:21,167][flwr][INFO] - app_fit: metrics_distributed_fit {'variance_training_loss': [(1, 0.8366991264377028), (2, 0.49099876541489756), (3, 0.5805625383707443), (4, 0.35757265212651673), (5, 0.2108251325000246), (6, 0.24098772237773605), (7, 0.2130436451496152), (8, 0.20518438889630386), (9, 0.2828583268828382), (10, 0.19254633342707508), (11, 0.15360494566177568), (12, 0.1672446766199091), (13, 0.17540706320816982), (14, 0.15551046449953837), (15, 0.14323584509090842), (16, 0.16413768098395548), (17, 0.1351749232350664), (18, 0.16887033078296676), (19, 0.15255770485009887), (20, 0.13911400800018933)], 'average_training_loss': [(1, 1.390686121251848), (2, 1.2541107071770563), (3, 1.0771932072109647), (4, 1.0735286507341597), (5, 0.9831985632578532), (6, 1.0098489605718188), (7, 0.9676912178595861), (8, 0.8845481557978524), (9, 1.0003668367862701), (10, 0.9182467410961787), (11, 0.9303323129812876), (12, 0.85223588347435), (13, 0.8805642873048782), (14, 0.8573281781540977), (15, 0.9631883617904451), (16, 0.7991239858998193), (17, 0.9373166379001405), (18, 0.7908950547377268), (19, 0.9437365747160382), (20, 0.8327550027105544)], 'estimated_times': [(1, [0.0, 1.1564723359974594, 49.322716046465665, 89.23344531207114, 0.06786396657294519, 0.7396793149278913, 0.0, 2.7967272350705548, 2.1936156543341103]), (2, [0.06786396657294519, 0.0, 22.412256187435084, 49.322716046465665, 1.1564723359974594, 2.7967272350705548, 0.7396793149278913, 0.0, 2.1936156543341103]), (3, [0.7396793149278913, 2.7967272350705548, 1.1564723359974594, 0.06786396657294519, 0.0, 22.412256187435084, 89.23344531207114, 0.0, 2.1936156543341103]), (4, [2.7967272350705548, 0.0, 89.23344531207114, 22.412256187435084, 1.1564723359974594, 2.1936156543341103, 0.7396793149278913, 0.06786396657294519, 49.322716046465665]), (5, [0.7396793149278913, 0.06786396657294519, 22.412256187435084, 89.23344531207114, 2.1936156543341103, 1.1564723359974594, 2.7967272350705548, 49.322716046465665, 0.0]), (6, [0.06786396657294519, 0.7396793149278913, 22.412256187435084, 49.322716046465665, 2.7967272350705548, 0.0, 2.1936156543341103, 1.1564723359974594, 89.23344531207114]), (7, [22.412256187435084, 89.23344531207114, 0.0, 0.7396793149278913, 0.06786396657294519, 2.1936156543341103, 2.7967272350705548, 49.322716046465665, 1.1564723359974594]), (8, [89.23344531207114, 0.7396793149278913, 22.412256187435084, 2.1936156543341103, 0.06786396657294519, 0.0, 2.7967272350705548, 49.322716046465665, 0.0]), (9, [0.06786396657294519, 0.0, 2.1936156543341103, 1.1564723359974594, 49.322716046465665, 22.412256187435084, 2.7967272350705548, 89.23344531207114, 0.7396793149278913]), (10, [2.7967272350705548, 0.0, 0.7396793149278913, 89.23344531207114, 1.1564723359974594, 49.322716046465665, 22.412256187435084, 0.06786396657294519, 2.1936156543341103]), (11, [0.0, 89.23344531207114, 49.322716046465665, 0.7396793149278913, 22.412256187435084, 2.7967272350705548, 0.0, 0.06786396657294519, 1.1564723359974594]), (12, [49.322716046465665, 0.06786396657294519, 2.1936156543341103, 1.1564723359974594, 22.412256187435084, 0.7396793149278913, 2.7967272350705548, 0.0, 89.23344531207114]), (13, [22.412256187435084, 2.1936156543341103, 89.23344531207114, 2.7967272350705548, 49.322716046465665, 1.1564723359974594, 0.7396793149278913, 0.06786396657294519, 0.0]), (14, [49.322716046465665, 1.1564723359974594, 2.7967272350705548, 0.7396793149278913, 89.23344531207114, 2.1936156543341103, 22.412256187435084, 0.0, 0.06786396657294519]), (15, [0.7396793149278913, 0.06786396657294519, 1.1564723359974594, 22.412256187435084, 2.7967272350705548, 49.322716046465665, 0.0, 0.0, 89.23344531207114]), (16, [2.7967272350705548, 89.23344531207114, 1.1564723359974594, 22.412256187435084, 0.06786396657294519, 0.7396793149278913, 49.322716046465665, 0.0, 2.1936156543341103]), (17, [2.7967272350705548, 0.0, 0.7396793149278913, 0.06786396657294519, 0.0, 1.1564723359974594, 49.322716046465665, 89.23344531207114, 22.412256187435084]), (18, [2.1936156543341103, 2.7967272350705548, 49.322716046465665, 0.7396793149278913, 89.23344531207114, 22.412256187435084, 0.06786396657294519, 0.0, 1.1564723359974594]), (19, [0.0, 1.1564723359974594, 0.7396793149278913, 49.322716046465665, 2.7967272350705548, 0.06786396657294519, 89.23344531207114, 0.0, 22.412256187435084]), (20, [89.23344531207114, 0.0, 1.1564723359974594, 22.412256187435084, 0.06786396657294519, 2.7967272350705548, 49.322716046465665, 2.1936156543341103, 0.7396793149278913])]}
[2025-03-11 11:05:21,170][flwr][INFO] - app_fit: metrics_distributed {}
[2025-03-11 11:05:21,170][flwr][INFO] - app_fit: losses_centralized [(0, 2.3030612468719482), (1, 2.5787997245788574), (2, 2.132337808609009), (3, 1.712169885635376), (4, 1.6734607219696045), (5, 1.5950731039047241), (6, 1.4773106575012207), (7, 1.8092896938323975), (8, 1.608550786972046), (9, 1.3599853515625), (10, 1.4501699209213257), (11, 1.2697913646697998), (12, 1.3040425777435303), (13, 1.2341960668563843), (14, 1.4266997575759888), (15, 1.2647502422332764), (16, 1.282667875289917), (17, 1.2235965728759766), (18, 1.3428879976272583), (19, 1.1902496814727783), (20, 1.128953218460083)]
[2025-03-11 11:05:21,170][flwr][INFO] - app_fit: metrics_centralized {'accuracy': [(0, 0.1014999970793724), (1, 0.10490000247955322), (2, 0.22200000286102295), (3, 0.40880000591278076), (4, 0.41510000824928284), (5, 0.43140000104904175), (6, 0.4681999981403351), (7, 0.37779998779296875), (8, 0.43639999628067017), (9, 0.5246999859809875), (10, 0.4767000079154968), (11, 0.5559999942779541), (12, 0.5396000146865845), (13, 0.5644000172615051), (14, 0.5091999769210815), (15, 0.5501999855041504), (16, 0.5576000213623047), (17, 0.5788999795913696), (18, 0.5281999707221985), (19, 0.5742999911308289), (20, 0.605400025844574)]}
