[2025-03-10 19:53:30,740][flwr][INFO] - Starting Flower simulation, config: ServerConfig(num_rounds=20, round_timeout=None)
[2025-03-10 19:53:31,912][flwr][INFO] - Flower VCE: Ray initialized with resources: {'object_store_memory': 2147483648.0, 'node:127.0.0.1': 1.0, 'memory': 16616955904.0, 'CPU': 8.0, 'node:__internal_head__': 1.0}
[2025-03-10 19:53:31,912][flwr][INFO] - Flower VCE: Resources for each Virtual Client: {'num_cpus': 0.5, 'num_gpus': 0}
[2025-03-10 19:53:31,919][flwr][INFO] - Flower VCE: Creating VirtualClientEngineActorPool with 16 actors
[2025-03-10 19:53:31,919][flwr][INFO] - Initializing global parameters
[2025-03-10 19:53:31,919][flwr][INFO] - Requesting initial parameters from one random client
[2025-03-10 19:53:36,939][flwr][INFO] - Received initial parameters from one random client
[2025-03-10 19:53:36,939][flwr][INFO] - Evaluating initial parameters
[2025-03-10 19:53:38,154][flwr][INFO] - initial parameters (loss, other metrics): 2.3042047023773193, {'accuracy': 0.10000000149011612}
[2025-03-10 19:53:38,155][flwr][INFO] - FL starting with RPOW variant
[2025-03-10 19:53:40,883][flwr][INFO] - Server 1: about to sample 9 clients
[2025-03-10 19:53:40,883][flwr][INFO] - Round 1: selected clients
            ['1', '7', '4', '3', '8', '0', '2', '5', '6'] for fit.
[2025-03-10 19:53:40,883][flwr][DEBUG] - fit_round 1: strategy sampled 9 clients (out of 10)
[2025-03-10 19:54:00,660][flwr][DEBUG] - fit_round 1 received 9 results and 0 failures
[2025-03-10 19:54:01,737][flwr][INFO] - fit progress: (1, 2.3750083446502686, {'accuracy': 0.13490000367164612}, 23.582298875087872)
[2025-03-10 19:54:01,737][flwr][DEBUG] - evaluate_round 1: strategy sampled 9 clients (out of 10)
[2025-03-10 19:54:03,546][flwr][DEBUG] - evaluate_round 1 received 9 results and 0 failures
[2025-03-10 19:54:03,547][flwr][WARNING] - No evaluate_metrics_aggregation_fn provided
[2025-03-10 19:54:06,309][flwr][INFO] - Server 2: about to sample 9 clients
[2025-03-10 19:54:06,310][flwr][INFO] - Round 2: selected clients
            ['9', '5', '4', '7', '3', '1', '2', '8', '6'] for fit.
[2025-03-10 19:54:06,310][flwr][DEBUG] - fit_round 2: strategy sampled 9 clients (out of 10)
[2025-03-10 19:54:36,968][flwr][DEBUG] - fit_round 2 received 9 results and 0 failures
[2025-03-10 19:54:38,007][flwr][INFO] - fit progress: (2, 2.3046820163726807, {'accuracy': 0.17170000076293945}, 59.85182258300483)
[2025-03-10 19:54:38,007][flwr][DEBUG] - evaluate_round 2: strategy sampled 9 clients (out of 10)
[2025-03-10 19:54:40,011][flwr][DEBUG] - evaluate_round 2 received 9 results and 0 failures
[2025-03-10 19:54:42,748][flwr][INFO] - Server 3: about to sample 9 clients
[2025-03-10 19:54:42,748][flwr][INFO] - Round 3: selected clients
            ['2', '0', '9', '7', '4', '3', '5', '6', '8'] for fit.
[2025-03-10 19:54:42,748][flwr][DEBUG] - fit_round 3: strategy sampled 9 clients (out of 10)
[2025-03-10 19:55:11,565][flwr][DEBUG] - fit_round 3 received 9 results and 0 failures
[2025-03-10 19:55:12,600][flwr][INFO] - fit progress: (3, 1.8108322620391846, {'accuracy': 0.3077000081539154}, 94.44417320808861)
[2025-03-10 19:55:12,600][flwr][DEBUG] - evaluate_round 3: strategy sampled 9 clients (out of 10)
[2025-03-10 19:55:14,541][flwr][DEBUG] - evaluate_round 3 received 9 results and 0 failures
[2025-03-10 19:55:17,323][flwr][INFO] - Server 4: about to sample 9 clients
[2025-03-10 19:55:17,323][flwr][INFO] - Round 4: selected clients
            ['8', '9', '6', '3', '4', '2', '5', '1', '7'] for fit.
[2025-03-10 19:55:17,324][flwr][DEBUG] - fit_round 4: strategy sampled 9 clients (out of 10)
[2025-03-10 19:55:48,054][flwr][DEBUG] - fit_round 4 received 9 results and 0 failures
[2025-03-10 19:55:49,104][flwr][INFO] - fit progress: (4, 1.7214562892913818, {'accuracy': 0.3490000069141388}, 130.9478377921041)
[2025-03-10 19:55:49,104][flwr][DEBUG] - evaluate_round 4: strategy sampled 9 clients (out of 10)
[2025-03-10 19:55:51,171][flwr][DEBUG] - evaluate_round 4 received 9 results and 0 failures
[2025-03-10 19:55:53,959][flwr][INFO] - Server 5: about to sample 9 clients
[2025-03-10 19:55:53,959][flwr][INFO] - Round 5: selected clients
            ['6', '7', '2', '3', '1', '8', '5', '9', '4'] for fit.
[2025-03-10 19:55:53,959][flwr][DEBUG] - fit_round 5: strategy sampled 9 clients (out of 10)
[2025-03-10 19:56:24,599][flwr][DEBUG] - fit_round 5 received 9 results and 0 failures
[2025-03-10 19:56:25,649][flwr][INFO] - fit progress: (5, 1.797400951385498, {'accuracy': 0.3239000141620636}, 167.49223745800555)
[2025-03-10 19:56:25,649][flwr][DEBUG] - evaluate_round 5: strategy sampled 9 clients (out of 10)
[2025-03-10 19:56:27,735][flwr][DEBUG] - evaluate_round 5 received 9 results and 0 failures
[2025-03-10 19:56:30,480][flwr][INFO] - Server 6: about to sample 9 clients
[2025-03-10 19:56:30,480][flwr][INFO] - Round 6: selected clients
            ['4', '9', '7', '2', '5', '3', '1', '8', '6'] for fit.
[2025-03-10 19:56:30,480][flwr][DEBUG] - fit_round 6: strategy sampled 9 clients (out of 10)
[2025-03-10 19:57:01,046][flwr][DEBUG] - fit_round 6 received 9 results and 0 failures
[2025-03-10 19:57:02,085][flwr][INFO] - fit progress: (6, 1.595942497253418, {'accuracy': 0.4097000062465668}, 203.92876787506975)
[2025-03-10 19:57:02,086][flwr][DEBUG] - evaluate_round 6: strategy sampled 9 clients (out of 10)
[2025-03-10 19:57:04,235][flwr][DEBUG] - evaluate_round 6 received 9 results and 0 failures
[2025-03-10 19:57:07,007][flwr][INFO] - Server 7: about to sample 9 clients
[2025-03-10 19:57:07,007][flwr][INFO] - Round 7: selected clients
            ['3', '6', '2', '1', '9', '8', '4', '7', '5'] for fit.
[2025-03-10 19:57:07,007][flwr][DEBUG] - fit_round 7: strategy sampled 9 clients (out of 10)
[2025-03-10 19:57:37,990][flwr][DEBUG] - fit_round 7 received 9 results and 0 failures
[2025-03-10 19:57:39,041][flwr][INFO] - fit progress: (7, 1.9158722162246704, {'accuracy': 0.3075000047683716}, 240.88441962504294)
[2025-03-10 19:57:39,042][flwr][DEBUG] - evaluate_round 7: strategy sampled 9 clients (out of 10)
[2025-03-10 19:57:41,166][flwr][DEBUG] - evaluate_round 7 received 9 results and 0 failures
[2025-03-10 19:57:43,957][flwr][INFO] - Server 8: about to sample 9 clients
[2025-03-10 19:57:43,957][flwr][INFO] - Round 8: selected clients
            ['1', '3', '7', '6', '5', '2', '8', '9', '4'] for fit.
[2025-03-10 19:57:43,957][flwr][DEBUG] - fit_round 8: strategy sampled 9 clients (out of 10)
[2025-03-10 19:58:14,738][flwr][DEBUG] - fit_round 8 received 9 results and 0 failures
[2025-03-10 19:58:15,797][flwr][INFO] - fit progress: (8, 1.6375699043273926, {'accuracy': 0.400299996137619}, 277.6393736250466)
[2025-03-10 19:58:15,797][flwr][DEBUG] - evaluate_round 8: strategy sampled 9 clients (out of 10)
[2025-03-10 19:58:17,925][flwr][DEBUG] - evaluate_round 8 received 9 results and 0 failures
[2025-03-10 19:58:20,728][flwr][INFO] - Server 9: about to sample 9 clients
[2025-03-10 19:58:20,728][flwr][INFO] - Round 9: selected clients
            ['1', '3', '8', '5', '6', '2', '7', '4', '9'] for fit.
[2025-03-10 19:58:20,729][flwr][DEBUG] - fit_round 9: strategy sampled 9 clients (out of 10)
[2025-03-10 19:58:51,561][flwr][DEBUG] - fit_round 9 received 9 results and 0 failures
[2025-03-10 19:58:52,607][flwr][INFO] - fit progress: (9, 1.5885915756225586, {'accuracy': 0.4244999885559082}, 314.44940554210916)
[2025-03-10 19:58:52,607][flwr][DEBUG] - evaluate_round 9: strategy sampled 9 clients (out of 10)
[2025-03-10 19:58:54,638][flwr][DEBUG] - evaluate_round 9 received 9 results and 0 failures
[2025-03-10 19:58:57,437][flwr][INFO] - Server 10: about to sample 9 clients
[2025-03-10 19:58:57,438][flwr][INFO] - Round 10: selected clients
            ['6', '3', '9', '7', '8', '5', '1', '4', '2'] for fit.
[2025-03-10 19:58:57,438][flwr][DEBUG] - fit_round 10: strategy sampled 9 clients (out of 10)
[2025-03-10 19:59:28,328][flwr][DEBUG] - fit_round 10 received 9 results and 0 failures
[2025-03-10 19:59:29,387][flwr][INFO] - fit progress: (10, 1.5304533243179321, {'accuracy': 0.43860000371932983}, 351.2285470420029)
[2025-03-10 19:59:29,387][flwr][DEBUG] - evaluate_round 10: strategy sampled 9 clients (out of 10)
[2025-03-10 19:59:31,451][flwr][DEBUG] - evaluate_round 10 received 9 results and 0 failures
[2025-03-10 19:59:34,193][flwr][INFO] - Server 11: about to sample 9 clients
[2025-03-10 19:59:34,193][flwr][INFO] - Round 11: selected clients
            ['1', '5', '7', '2', '6', '9', '3', '4', '8'] for fit.
[2025-03-10 19:59:34,193][flwr][DEBUG] - fit_round 11: strategy sampled 9 clients (out of 10)
[2025-03-10 20:00:06,038][flwr][DEBUG] - fit_round 11 received 9 results and 0 failures
[2025-03-10 20:00:07,063][flwr][INFO] - fit progress: (11, 1.5654691457748413, {'accuracy': 0.40709999203681946}, 388.90473475004546)
[2025-03-10 20:00:07,063][flwr][DEBUG] - evaluate_round 11: strategy sampled 9 clients (out of 10)
[2025-03-10 20:00:09,073][flwr][DEBUG] - evaluate_round 11 received 9 results and 0 failures
[2025-03-10 20:00:11,876][flwr][INFO] - Server 12: about to sample 9 clients
[2025-03-10 20:00:11,877][flwr][INFO] - Round 12: selected clients
            ['6', '0', '1', '4', '3', '8', '2', '9', '5'] for fit.
[2025-03-10 20:00:11,877][flwr][DEBUG] - fit_round 12: strategy sampled 9 clients (out of 10)
[2025-03-10 20:00:41,100][flwr][DEBUG] - fit_round 12 received 9 results and 0 failures
[2025-03-10 20:00:42,108][flwr][INFO] - fit progress: (12, 1.5629011392593384, {'accuracy': 0.4244000017642975}, 423.94892433308996)
[2025-03-10 20:00:42,108][flwr][DEBUG] - evaluate_round 12: strategy sampled 9 clients (out of 10)
[2025-03-10 20:00:44,052][flwr][DEBUG] - evaluate_round 12 received 9 results and 0 failures
[2025-03-10 20:00:46,855][flwr][INFO] - Server 13: about to sample 9 clients
[2025-03-10 20:00:46,855][flwr][INFO] - Round 13: selected clients
            ['9', '4', '1', '5', '2', '3', '8', '6', '7'] for fit.
[2025-03-10 20:00:46,855][flwr][DEBUG] - fit_round 13: strategy sampled 9 clients (out of 10)
[2025-03-10 20:01:17,353][flwr][DEBUG] - fit_round 13 received 9 results and 0 failures
[2025-03-10 20:01:18,361][flwr][INFO] - fit progress: (13, 2.1446444988250732, {'accuracy': 0.29789999127388}, 460.2016809580382)
[2025-03-10 20:01:18,361][flwr][DEBUG] - evaluate_round 13: strategy sampled 9 clients (out of 10)
[2025-03-10 20:01:20,332][flwr][DEBUG] - evaluate_round 13 received 9 results and 0 failures
[2025-03-10 20:01:23,130][flwr][INFO] - Server 14: about to sample 9 clients
[2025-03-10 20:01:23,130][flwr][INFO] - Round 14: selected clients
            ['6', '7', '2', '9', '1', '4', '8', '3', '5'] for fit.
[2025-03-10 20:01:23,130][flwr][DEBUG] - fit_round 14: strategy sampled 9 clients (out of 10)
[2025-03-10 20:01:53,704][flwr][DEBUG] - fit_round 14 received 9 results and 0 failures
[2025-03-10 20:01:54,734][flwr][INFO] - fit progress: (14, 1.3535256385803223, {'accuracy': 0.499099999666214}, 496.57464787503704)
[2025-03-10 20:01:54,734][flwr][DEBUG] - evaluate_round 14: strategy sampled 9 clients (out of 10)
[2025-03-10 20:01:56,726][flwr][DEBUG] - evaluate_round 14 received 9 results and 0 failures
[2025-03-10 20:01:59,534][flwr][INFO] - Server 15: about to sample 9 clients
[2025-03-10 20:01:59,534][flwr][INFO] - Round 15: selected clients
            ['2', '3', '6', '7', '1', '5', '4', '8', '9'] for fit.
[2025-03-10 20:01:59,534][flwr][DEBUG] - fit_round 15: strategy sampled 9 clients (out of 10)
[2025-03-10 20:02:29,964][flwr][DEBUG] - fit_round 15 received 9 results and 0 failures
[2025-03-10 20:02:30,980][flwr][INFO] - fit progress: (15, 1.6310842037200928, {'accuracy': 0.37619999051094055}, 532.8196380001027)
[2025-03-10 20:02:30,980][flwr][DEBUG] - evaluate_round 15: strategy sampled 9 clients (out of 10)
[2025-03-10 20:02:33,021][flwr][DEBUG] - evaluate_round 15 received 9 results and 0 failures
[2025-03-10 20:02:35,824][flwr][INFO] - Server 16: about to sample 9 clients
[2025-03-10 20:02:35,824][flwr][INFO] - Round 16: selected clients
            ['5', '2', '7', '4', '3', '6', '9', '8', '1'] for fit.
[2025-03-10 20:02:35,824][flwr][DEBUG] - fit_round 16: strategy sampled 9 clients (out of 10)
[2025-03-10 20:03:06,660][flwr][DEBUG] - fit_round 16 received 9 results and 0 failures
[2025-03-10 20:03:07,678][flwr][INFO] - fit progress: (16, 4.262350559234619, {'accuracy': 0.1679999977350235}, 569.5174235830782)
[2025-03-10 20:03:07,678][flwr][DEBUG] - evaluate_round 16: strategy sampled 9 clients (out of 10)
[2025-03-10 20:03:09,679][flwr][DEBUG] - evaluate_round 16 received 9 results and 0 failures
[2025-03-10 20:03:12,461][flwr][INFO] - Server 17: about to sample 9 clients
[2025-03-10 20:03:12,461][flwr][INFO] - Round 17: selected clients
            ['6', '3', '9', '4', '8', '2', '7', '1', '5'] for fit.
[2025-03-10 20:03:12,461][flwr][DEBUG] - fit_round 17: strategy sampled 9 clients (out of 10)
[2025-03-10 20:03:43,431][flwr][DEBUG] - fit_round 17 received 9 results and 0 failures
[2025-03-10 20:03:44,553][flwr][INFO] - fit progress: (17, 1.3912466764450073, {'accuracy': 0.4715000092983246}, 606.3924710830906)
[2025-03-10 20:03:44,553][flwr][DEBUG] - evaluate_round 17: strategy sampled 9 clients (out of 10)
[2025-03-10 20:03:46,564][flwr][DEBUG] - evaluate_round 17 received 9 results and 0 failures
[2025-03-10 20:03:49,336][flwr][INFO] - Server 18: about to sample 9 clients
[2025-03-10 20:03:49,336][flwr][INFO] - Round 18: selected clients
            ['7', '6', '5', '8', '9', '3', '4', '1', '2'] for fit.
[2025-03-10 20:03:49,336][flwr][DEBUG] - fit_round 18: strategy sampled 9 clients (out of 10)
[2025-03-10 20:04:20,299][flwr][DEBUG] - fit_round 18 received 9 results and 0 failures
[2025-03-10 20:04:21,326][flwr][INFO] - fit progress: (18, 2.014960527420044, {'accuracy': 0.3246999979019165}, 643.1646543750539)
[2025-03-10 20:04:21,326][flwr][DEBUG] - evaluate_round 18: strategy sampled 9 clients (out of 10)
[2025-03-10 20:04:23,393][flwr][DEBUG] - evaluate_round 18 received 9 results and 0 failures
[2025-03-10 20:04:26,186][flwr][INFO] - Server 19: about to sample 9 clients
[2025-03-10 20:04:26,186][flwr][INFO] - Round 19: selected clients
            ['9', '6', '3', '1', '8', '2', '7', '5', '4'] for fit.
[2025-03-10 20:04:26,186][flwr][DEBUG] - fit_round 19: strategy sampled 9 clients (out of 10)
[2025-03-10 20:04:56,966][flwr][DEBUG] - fit_round 19 received 9 results and 0 failures
[2025-03-10 20:04:57,984][flwr][INFO] - fit progress: (19, 1.2783151865005493, {'accuracy': 0.5317000150680542}, 679.8226370000048)
[2025-03-10 20:04:57,984][flwr][DEBUG] - evaluate_round 19: strategy sampled 9 clients (out of 10)
[2025-03-10 20:05:00,086][flwr][DEBUG] - evaluate_round 19 received 9 results and 0 failures
[2025-03-10 20:05:02,817][flwr][INFO] - Server 20: about to sample 9 clients
[2025-03-10 20:05:02,818][flwr][INFO] - Round 20: selected clients
            ['5', '8', '4', '9', '3', '2', '6', '1', '7'] for fit.
[2025-03-10 20:05:02,818][flwr][DEBUG] - fit_round 20: strategy sampled 9 clients (out of 10)
[2025-03-10 20:05:33,737][flwr][DEBUG] - fit_round 20 received 9 results and 0 failures
[2025-03-10 20:05:34,758][flwr][INFO] - fit progress: (20, 1.3720426559448242, {'accuracy': 0.476500004529953}, 716.5960826670052)
[2025-03-10 20:05:34,758][flwr][DEBUG] - evaluate_round 20: strategy sampled 9 clients (out of 10)
[2025-03-10 20:05:36,767][flwr][DEBUG] - evaluate_round 20 received 9 results and 0 failures
[2025-03-10 20:05:36,767][flwr][INFO] - FL finished in 718.6051577080507
[2025-03-10 20:05:36,767][flwr][INFO] - app_fit: losses_distributed [(1, 2.5241033496027407), (2, 2.430947541618576), (3, 1.9732048218375975), (4, 1.8106720142486523), (5, 2.006581312463265), (6, 1.6542602938587596), (7, 2.128296303634689), (8, 1.6307740890708078), (9, 1.653967389865953), (10, 1.6056019603991594), (11, 1.781216492037066), (12, 1.6576044772862895), (13, 2.237891803308279), (14, 1.5193293437343842), (15, 1.8732680012254133), (16, 4.633239819497311), (17, 1.599714813209543), (18, 2.290584101051581), (19, 1.3589961519245146), (20, 1.5003835478576362)]
[2025-03-10 20:05:36,767][flwr][INFO] - app_fit: metrics_distributed_fit {'variance_training_loss': [(1, 0.15611444948337785), (2, 0.0927010881587555), (3, 0.061944303117370945), (4, 0.055109517416814434), (5, 0.051972576235955074), (6, 0.04979388346196285), (7, 0.050458464231934425), (8, 0.04884680467635395), (9, 0.04821165969008401), (10, 0.05415059764746318), (11, 0.047207436549769), (12, 0.04422733887577764), (13, 0.04802539201981905), (14, 0.04267373011849859), (15, 0.05183661771614173), (16, 0.039106410518798276), (17, 0.042111161964236116), (18, 0.04031736037329942), (19, 0.036901564086650275), (20, 0.03855294066432128)], 'average_training_loss': [(1, 1.6260408560434978), (2, 1.3444259034262762), (3, 1.2040260765287611), (4, 1.1428250670433044), (5, 1.1017556521627638), (6, 1.0857911904652913), (7, 1.0643848710589938), (8, 1.0484003689554002), (9, 1.0212919380929735), (10, 1.038182172510359), (11, 0.9994423588116964), (12, 1.032924559381273), (13, 0.9994075033399794), (14, 0.974808030658298), (15, 0.9574303494559394), (16, 0.9475748605198331), (17, 0.9383226964208815), (18, 0.9187065694067214), (19, 0.9203298290570577), (20, 0.9209394123819139)], 'estimated_times': [(1, [61.26329100939626, 4.651757927142456, 6.44817996721028, 1.6860270847913532, 6.292367919810717, 2.360369303077316, 0.0, 2.424400027010799, 0.7239513549474712]), (2, [6.44817996721028, 52.10762177221546, 0.7239513549474712, 2.424400027010799, 61.26329100939626, 4.651757927142456, 2.360369303077316, 1.6860270847913532, 6.292367919810717]), (3, [1.6860270847913532, 61.26329100939626, 0.7239513549474712, 0.0, 2.424400027010799, 52.10762177221546, 2.360369303077316, 6.292367919810717, 6.44817996721028]), (4, [4.651757927142456, 2.360369303077316, 6.292367919810717, 52.10762177221546, 2.424400027010799, 61.26329100939626, 1.6860270847913532, 6.44817996721028, 0.7239513549474712]), (5, [2.424400027010799, 0.7239513549474712, 52.10762177221546, 61.26329100939626, 4.651757927142456, 1.6860270847913532, 2.360369303077316, 6.292367919810717, 6.44817996721028]), (6, [52.10762177221546, 0.7239513549474712, 61.26329100939626, 6.292367919810717, 4.651757927142456, 2.360369303077316, 2.424400027010799, 1.6860270847913532, 6.44817996721028]), (7, [61.26329100939626, 6.44817996721028, 52.10762177221546, 2.424400027010799, 1.6860270847913532, 2.360369303077316, 4.651757927142456, 0.7239513549474712, 6.292367919810717]), (8, [1.6860270847913532, 0.7239513549474712, 6.292367919810717, 52.10762177221546, 61.26329100939626, 2.360369303077316, 6.44817996721028, 4.651757927142456, 2.424400027010799]), (9, [4.651757927142456, 1.6860270847913532, 6.292367919810717, 52.10762177221546, 2.360369303077316, 2.424400027010799, 61.26329100939626, 6.44817996721028, 0.7239513549474712]), (10, [52.10762177221546, 2.424400027010799, 0.7239513549474712, 6.44817996721028, 2.360369303077316, 1.6860270847913532, 6.292367919810717, 4.651757927142456, 61.26329100939626]), (11, [1.6860270847913532, 0.7239513549474712, 6.292367919810717, 52.10762177221546, 6.44817996721028, 4.651757927142456, 61.26329100939626, 2.424400027010799, 2.360369303077316]), (12, [61.26329100939626, 4.651757927142456, 1.6860270847913532, 0.0, 2.424400027010799, 52.10762177221546, 0.7239513549474712, 2.360369303077316, 6.44817996721028]), (13, [4.651757927142456, 6.292367919810717, 6.44817996721028, 2.360369303077316, 61.26329100939626, 52.10762177221546, 1.6860270847913532, 0.7239513549474712, 2.424400027010799]), (14, [1.6860270847913532, 6.292367919810717, 52.10762177221546, 61.26329100939626, 6.44817996721028, 0.7239513549474712, 2.424400027010799, 4.651757927142456, 2.360369303077316]), (15, [52.10762177221546, 0.7239513549474712, 6.44817996721028, 1.6860270847913532, 4.651757927142456, 6.292367919810717, 2.360369303077316, 2.424400027010799, 61.26329100939626]), (16, [61.26329100939626, 2.360369303077316, 6.292367919810717, 52.10762177221546, 0.7239513549474712, 4.651757927142456, 2.424400027010799, 6.44817996721028, 1.6860270847913532]), (17, [0.7239513549474712, 6.44817996721028, 6.292367919810717, 4.651757927142456, 2.360369303077316, 1.6860270847913532, 61.26329100939626, 52.10762177221546, 2.424400027010799]), (18, [0.7239513549474712, 1.6860270847913532, 4.651757927142456, 52.10762177221546, 6.292367919810717, 61.26329100939626, 6.44817996721028, 2.360369303077316, 2.424400027010799]), (19, [6.292367919810717, 52.10762177221546, 61.26329100939626, 4.651757927142456, 0.7239513549474712, 2.360369303077316, 1.6860270847913532, 2.424400027010799, 6.44817996721028]), (20, [0.7239513549474712, 6.292367919810717, 52.10762177221546, 6.44817996721028, 61.26329100939626, 4.651757927142456, 2.424400027010799, 1.6860270847913532, 2.360369303077316])]}
[2025-03-10 20:05:36,769][flwr][INFO] - app_fit: metrics_distributed {}
[2025-03-10 20:05:36,769][flwr][INFO] - app_fit: losses_centralized [(0, 2.3042047023773193), (1, 2.3750083446502686), (2, 2.3046820163726807), (3, 1.8108322620391846), (4, 1.7214562892913818), (5, 1.797400951385498), (6, 1.595942497253418), (7, 1.9158722162246704), (8, 1.6375699043273926), (9, 1.5885915756225586), (10, 1.5304533243179321), (11, 1.5654691457748413), (12, 1.5629011392593384), (13, 2.1446444988250732), (14, 1.3535256385803223), (15, 1.6310842037200928), (16, 4.262350559234619), (17, 1.3912466764450073), (18, 2.014960527420044), (19, 1.2783151865005493), (20, 1.3720426559448242)]
[2025-03-10 20:05:36,770][flwr][INFO] - app_fit: metrics_centralized {'accuracy': [(0, 0.10000000149011612), (1, 0.13490000367164612), (2, 0.17170000076293945), (3, 0.3077000081539154), (4, 0.3490000069141388), (5, 0.3239000141620636), (6, 0.4097000062465668), (7, 0.3075000047683716), (8, 0.400299996137619), (9, 0.4244999885559082), (10, 0.43860000371932983), (11, 0.40709999203681946), (12, 0.4244000017642975), (13, 0.29789999127388), (14, 0.499099999666214), (15, 0.37619999051094055), (16, 0.1679999977350235), (17, 0.4715000092983246), (18, 0.3246999979019165), (19, 0.5317000150680542), (20, 0.476500004529953)]}
