[2025-03-10 03:38:40,769][flwr][INFO] - Starting Flower simulation, config: ServerConfig(num_rounds=20, round_timeout=None)
[2025-03-10 03:38:41,952][flwr][INFO] - Flower VCE: Ray initialized with resources: {'memory': 17195086644.0, 'CPU': 8.0, 'node:127.0.0.1': 1.0, 'object_store_memory': 2147483648.0, 'node:__internal_head__': 1.0}
[2025-03-10 03:38:41,953][flwr][INFO] - Flower VCE: Resources for each Virtual Client: {'num_cpus': 0.5, 'num_gpus': 0}
[2025-03-10 03:38:41,958][flwr][INFO] - Flower VCE: Creating VirtualClientEngineActorPool with 16 actors
[2025-03-10 03:38:41,958][flwr][INFO] - Initializing global parameters
[2025-03-10 03:38:41,958][flwr][INFO] - Requesting initial parameters from one random client
[2025-03-10 03:38:47,204][flwr][INFO] - Received initial parameters from one random client
[2025-03-10 03:38:47,204][flwr][INFO] - Evaluating initial parameters
[2025-03-10 03:38:48,341][flwr][INFO] - initial parameters (loss, other metrics): 2.30293869972229, {'accuracy': 0.10000000149011612}
[2025-03-10 03:38:48,341][flwr][INFO] - FL starting
[2025-03-10 03:38:51,163][flwr][INFO] - Server 1: selected clients
                ['5', '3', '9', '6', '8', '1', '4', '7', '2', '0'] for first phase evaluation.
[2025-03-10 03:38:51,163][flwr][DEBUG] - evaluate_first_phase 1: strategy sampled 10 clients (out of 10)
[2025-03-10 03:38:56,989][flwr][DEBUG] - evaluate_first_phase of round 1 received 10 results and 0 failures
[2025-03-10 03:38:56,989][flwr][INFO] - Server 1: about to sample 9 clients
[2025-03-10 03:38:56,989][flwr][INFO] - Round 1: selected clients
            ['1', '0', '6', '7', '9', '2', '8', '5', '4'] for fit.
[2025-03-10 03:38:56,989][flwr][DEBUG] - fit_round 1: strategy sampled 9 clients (out of 10)
[2025-03-10 03:39:25,026][flwr][DEBUG] - fit_round 1 received 9 results and 0 failures
[2025-03-10 03:39:26,086][flwr][INFO] - fit progress: (1, 2.335570812225342, {'accuracy': 0.12870000302791595}, 37.74490362498909)
[2025-03-10 03:39:26,086][flwr][DEBUG] - evaluate_round 1: strategy sampled 9 clients (out of 10)
[2025-03-10 03:39:27,853][flwr][DEBUG] - evaluate_round 1 received 9 results and 0 failures
[2025-03-10 03:39:27,853][flwr][WARNING] - No evaluate_metrics_aggregation_fn provided
[2025-03-10 03:39:30,609][flwr][INFO] - Server 2: selected clients
                ['8', '5', '3', '0', '1', '7', '4', '6', '9', '2'] for first phase evaluation.
[2025-03-10 03:39:30,609][flwr][DEBUG] - evaluate_first_phase 2: strategy sampled 10 clients (out of 10)
[2025-03-10 03:39:36,279][flwr][DEBUG] - evaluate_first_phase of round 2 received 10 results and 0 failures
[2025-03-10 03:39:36,280][flwr][INFO] - Server 2: about to sample 9 clients
[2025-03-10 03:39:36,280][flwr][INFO] - Round 2: selected clients
            ['8', '7', '9', '5', '0', '6', '1', '2', '4'] for fit.
[2025-03-10 03:39:36,280][flwr][DEBUG] - fit_round 2: strategy sampled 9 clients (out of 10)
[2025-03-10 03:40:04,492][flwr][DEBUG] - fit_round 2 received 9 results and 0 failures
[2025-03-10 03:40:05,526][flwr][INFO] - fit progress: (2, 2.474794387817383, {'accuracy': 0.10329999774694443}, 77.18490012502298)
[2025-03-10 03:40:05,526][flwr][DEBUG] - evaluate_round 2: strategy sampled 9 clients (out of 10)
[2025-03-10 03:40:07,373][flwr][DEBUG] - evaluate_round 2 received 9 results and 0 failures
[2025-03-10 03:40:10,091][flwr][INFO] - Server 3: selected clients
                ['0', '6', '7', '9', '5', '4', '8', '2', '3', '1'] for first phase evaluation.
[2025-03-10 03:40:10,091][flwr][DEBUG] - evaluate_first_phase 3: strategy sampled 10 clients (out of 10)
[2025-03-10 03:40:15,880][flwr][DEBUG] - evaluate_first_phase of round 3 received 10 results and 0 failures
[2025-03-10 03:40:15,881][flwr][INFO] - Server 3: about to sample 9 clients
[2025-03-10 03:40:15,881][flwr][INFO] - Round 3: selected clients
            ['6', '3', '9', '2', '0', '4', '7', '1', '5'] for fit.
[2025-03-10 03:40:15,881][flwr][DEBUG] - fit_round 3: strategy sampled 9 clients (out of 10)
[2025-03-10 03:40:41,214][flwr][DEBUG] - fit_round 3 received 9 results and 0 failures
[2025-03-10 03:40:42,305][flwr][INFO] - fit progress: (3, 2.5025079250335693, {'accuracy': 0.12060000002384186}, 113.96385120903142)
[2025-03-10 03:40:42,305][flwr][DEBUG] - evaluate_round 3: strategy sampled 9 clients (out of 10)
[2025-03-10 03:40:43,915][flwr][DEBUG] - evaluate_round 3 received 9 results and 0 failures
[2025-03-10 03:40:46,636][flwr][INFO] - Server 4: selected clients
                ['5', '8', '4', '7', '6', '3', '0', '9', '1', '2'] for first phase evaluation.
[2025-03-10 03:40:46,636][flwr][DEBUG] - evaluate_first_phase 4: strategy sampled 10 clients (out of 10)
[2025-03-10 03:40:52,375][flwr][DEBUG] - evaluate_first_phase of round 4 received 10 results and 0 failures
[2025-03-10 03:40:52,376][flwr][INFO] - Server 4: about to sample 9 clients
[2025-03-10 03:40:52,376][flwr][INFO] - Round 4: selected clients
            ['4', '2', '5', '9', '6', '3', '0', '1', '7'] for fit.
[2025-03-10 03:40:52,376][flwr][DEBUG] - fit_round 4: strategy sampled 9 clients (out of 10)
[2025-03-10 03:41:17,535][flwr][DEBUG] - fit_round 4 received 9 results and 0 failures
[2025-03-10 03:41:18,593][flwr][INFO] - fit progress: (4, 2.240753412246704, {'accuracy': 0.1784999966621399}, 150.25136333401315)
[2025-03-10 03:41:18,593][flwr][DEBUG] - evaluate_round 4: strategy sampled 9 clients (out of 10)
[2025-03-10 03:41:20,240][flwr][DEBUG] - evaluate_round 4 received 9 results and 0 failures
[2025-03-10 03:41:22,974][flwr][INFO] - Server 5: selected clients
                ['8', '3', '9', '7', '1', '6', '4', '2', '5', '0'] for first phase evaluation.
[2025-03-10 03:41:22,974][flwr][DEBUG] - evaluate_first_phase 5: strategy sampled 10 clients (out of 10)
[2025-03-10 03:41:28,796][flwr][DEBUG] - evaluate_first_phase of round 5 received 10 results and 0 failures
[2025-03-10 03:41:28,797][flwr][INFO] - Server 5: about to sample 9 clients
[2025-03-10 03:41:28,797][flwr][INFO] - Round 5: selected clients
            ['7', '4', '0', '6', '2', '9', '5', '3', '1'] for fit.
[2025-03-10 03:41:28,797][flwr][DEBUG] - fit_round 5: strategy sampled 9 clients (out of 10)
[2025-03-10 03:41:54,068][flwr][DEBUG] - fit_round 5 received 9 results and 0 failures
[2025-03-10 03:41:55,151][flwr][INFO] - fit progress: (5, 2.0498881340026855, {'accuracy': 0.23600000143051147}, 186.80891400005203)
[2025-03-10 03:41:55,151][flwr][DEBUG] - evaluate_round 5: strategy sampled 9 clients (out of 10)
[2025-03-10 03:41:56,774][flwr][DEBUG] - evaluate_round 5 received 9 results and 0 failures
[2025-03-10 03:41:59,555][flwr][INFO] - Server 6: selected clients
                ['8', '0', '3', '2', '5', '7', '1', '4', '6', '9'] for first phase evaluation.
[2025-03-10 03:41:59,555][flwr][DEBUG] - evaluate_first_phase 6: strategy sampled 10 clients (out of 10)
[2025-03-10 03:42:05,434][flwr][DEBUG] - evaluate_first_phase of round 6 received 10 results and 0 failures
[2025-03-10 03:42:05,435][flwr][INFO] - Server 6: about to sample 9 clients
[2025-03-10 03:42:05,435][flwr][INFO] - Round 6: selected clients
            ['9', '3', '7', '8', '0', '4', '1', '2', '6'] for fit.
[2025-03-10 03:42:05,436][flwr][DEBUG] - fit_round 6: strategy sampled 9 clients (out of 10)
[2025-03-10 03:42:30,560][flwr][DEBUG] - fit_round 6 received 9 results and 0 failures
[2025-03-10 03:42:31,611][flwr][INFO] - fit progress: (6, 1.7814862728118896, {'accuracy': 0.3240000009536743}, 223.26907079201192)
[2025-03-10 03:42:31,611][flwr][DEBUG] - evaluate_round 6: strategy sampled 9 clients (out of 10)
[2025-03-10 03:42:33,265][flwr][DEBUG] - evaluate_round 6 received 9 results and 0 failures
[2025-03-10 03:42:36,050][flwr][INFO] - Server 7: selected clients
                ['2', '8', '9', '7', '5', '6', '0', '3', '4', '1'] for first phase evaluation.
[2025-03-10 03:42:36,051][flwr][DEBUG] - evaluate_first_phase 7: strategy sampled 10 clients (out of 10)
[2025-03-10 03:42:41,921][flwr][DEBUG] - evaluate_first_phase of round 7 received 10 results and 0 failures
[2025-03-10 03:42:41,921][flwr][INFO] - Server 7: about to sample 9 clients
[2025-03-10 03:42:41,922][flwr][INFO] - Round 7: selected clients
            ['5', '7', '6', '2', '3', '1', '4', '9', '8'] for fit.
[2025-03-10 03:42:41,922][flwr][DEBUG] - fit_round 7: strategy sampled 9 clients (out of 10)
[2025-03-10 03:43:09,735][flwr][DEBUG] - fit_round 7 received 9 results and 0 failures
[2025-03-10 03:43:10,797][flwr][INFO] - fit progress: (7, 1.7323912382125854, {'accuracy': 0.366100013256073}, 262.45458412496373)
[2025-03-10 03:43:10,797][flwr][DEBUG] - evaluate_round 7: strategy sampled 9 clients (out of 10)
[2025-03-10 03:43:12,457][flwr][DEBUG] - evaluate_round 7 received 9 results and 0 failures
[2025-03-10 03:43:15,293][flwr][INFO] - Server 8: selected clients
                ['4', '9', '1', '8', '3', '5', '0', '7', '6', '2'] for first phase evaluation.
[2025-03-10 03:43:15,293][flwr][DEBUG] - evaluate_first_phase 8: strategy sampled 10 clients (out of 10)
[2025-03-10 03:43:21,351][flwr][DEBUG] - evaluate_first_phase of round 8 received 10 results and 0 failures
[2025-03-10 03:43:21,352][flwr][INFO] - Server 8: about to sample 9 clients
[2025-03-10 03:43:21,352][flwr][INFO] - Round 8: selected clients
            ['2', '9', '8', '3', '6', '4', '7', '1', '0'] for fit.
[2025-03-10 03:43:21,353][flwr][DEBUG] - fit_round 8: strategy sampled 9 clients (out of 10)
[2025-03-10 03:43:46,334][flwr][DEBUG] - fit_round 8 received 9 results and 0 failures
[2025-03-10 03:43:47,400][flwr][INFO] - fit progress: (8, 1.6295514106750488, {'accuracy': 0.40290001034736633}, 299.0578421250684)
[2025-03-10 03:43:47,400][flwr][DEBUG] - evaluate_round 8: strategy sampled 9 clients (out of 10)
[2025-03-10 03:43:49,020][flwr][DEBUG] - evaluate_round 8 received 9 results and 0 failures
[2025-03-10 03:43:51,742][flwr][INFO] - Server 9: selected clients
                ['1', '2', '9', '6', '8', '7', '5', '4', '0', '3'] for first phase evaluation.
[2025-03-10 03:43:51,742][flwr][DEBUG] - evaluate_first_phase 9: strategy sampled 10 clients (out of 10)
[2025-03-10 03:43:58,645][flwr][DEBUG] - evaluate_first_phase of round 9 received 10 results and 0 failures
[2025-03-10 03:43:58,646][flwr][INFO] - Server 9: about to sample 9 clients
[2025-03-10 03:43:58,647][flwr][INFO] - Round 9: selected clients
            ['5', '6', '2', '7', '4', '3', '9', '8', '1'] for fit.
[2025-03-10 03:43:58,647][flwr][DEBUG] - fit_round 9: strategy sampled 9 clients (out of 10)
[2025-03-10 03:44:26,639][flwr][DEBUG] - fit_round 9 received 9 results and 0 failures
[2025-03-10 03:44:27,699][flwr][INFO] - fit progress: (9, 1.8190715312957764, {'accuracy': 0.32820001244544983}, 339.35672429203987)
[2025-03-10 03:44:27,699][flwr][DEBUG] - evaluate_round 9: strategy sampled 9 clients (out of 10)
[2025-03-10 03:44:29,328][flwr][DEBUG] - evaluate_round 9 received 9 results and 0 failures
[2025-03-10 03:44:32,060][flwr][INFO] - Server 10: selected clients
                ['0', '4', '9', '7', '3', '6', '5', '8', '1', '2'] for first phase evaluation.
[2025-03-10 03:44:32,060][flwr][DEBUG] - evaluate_first_phase 10: strategy sampled 10 clients (out of 10)
[2025-03-10 03:44:37,989][flwr][DEBUG] - evaluate_first_phase of round 10 received 10 results and 0 failures
[2025-03-10 03:44:37,990][flwr][INFO] - Server 10: about to sample 9 clients
[2025-03-10 03:44:37,990][flwr][INFO] - Round 10: selected clients
            ['0', '5', '7', '8', '9', '2', '6', '1', '4'] for fit.
[2025-03-10 03:44:37,991][flwr][DEBUG] - fit_round 10: strategy sampled 9 clients (out of 10)
[2025-03-10 03:45:06,216][flwr][DEBUG] - fit_round 10 received 9 results and 0 failures
[2025-03-10 03:45:07,349][flwr][INFO] - fit progress: (10, 1.5947929620742798, {'accuracy': 0.4235999882221222}, 379.0069275840651)
[2025-03-10 03:45:07,349][flwr][DEBUG] - evaluate_round 10: strategy sampled 9 clients (out of 10)
[2025-03-10 03:45:09,058][flwr][DEBUG] - evaluate_round 10 received 9 results and 0 failures
[2025-03-10 03:45:11,885][flwr][INFO] - Server 11: selected clients
                ['7', '4', '3', '6', '0', '9', '8', '2', '5', '1'] for first phase evaluation.
[2025-03-10 03:45:11,886][flwr][DEBUG] - evaluate_first_phase 11: strategy sampled 10 clients (out of 10)
[2025-03-10 03:45:18,491][flwr][DEBUG] - evaluate_first_phase of round 11 received 10 results and 0 failures
[2025-03-10 03:45:18,492][flwr][INFO] - Server 11: about to sample 9 clients
[2025-03-10 03:45:18,492][flwr][INFO] - Round 11: selected clients
            ['0', '4', '9', '8', '3', '1', '6', '2', '7'] for fit.
[2025-03-10 03:45:18,493][flwr][DEBUG] - fit_round 11: strategy sampled 9 clients (out of 10)
[2025-03-10 03:45:43,721][flwr][DEBUG] - fit_round 11 received 9 results and 0 failures
[2025-03-10 03:45:44,768][flwr][INFO] - fit progress: (11, 1.7151117324829102, {'accuracy': 0.36880001425743103}, 416.4259672090411)
[2025-03-10 03:45:44,769][flwr][DEBUG] - evaluate_round 11: strategy sampled 9 clients (out of 10)
[2025-03-10 03:45:46,513][flwr][DEBUG] - evaluate_round 11 received 9 results and 0 failures
[2025-03-10 03:45:49,253][flwr][INFO] - Server 12: selected clients
                ['7', '6', '3', '0', '2', '5', '1', '9', '8', '4'] for first phase evaluation.
[2025-03-10 03:45:49,254][flwr][DEBUG] - evaluate_first_phase 12: strategy sampled 10 clients (out of 10)
[2025-03-10 03:45:55,180][flwr][DEBUG] - evaluate_first_phase of round 12 received 10 results and 0 failures
[2025-03-10 03:45:55,181][flwr][INFO] - Server 12: about to sample 9 clients
[2025-03-10 03:45:55,181][flwr][INFO] - Round 12: selected clients
            ['9', '2', '4', '0', '3', '6', '8', '7', '1'] for fit.
[2025-03-10 03:45:55,182][flwr][DEBUG] - fit_round 12: strategy sampled 9 clients (out of 10)
[2025-03-10 03:46:20,301][flwr][DEBUG] - fit_round 12 received 9 results and 0 failures
[2025-03-10 03:46:21,399][flwr][INFO] - fit progress: (12, 1.6454906463623047, {'accuracy': 0.391400009393692}, 453.0564952089917)
[2025-03-10 03:46:21,399][flwr][DEBUG] - evaluate_round 12: strategy sampled 9 clients (out of 10)
[2025-03-10 03:46:23,051][flwr][DEBUG] - evaluate_round 12 received 9 results and 0 failures
[2025-03-10 03:46:25,864][flwr][INFO] - Server 13: selected clients
                ['4', '0', '3', '7', '6', '8', '9', '1', '2', '5'] for first phase evaluation.
[2025-03-10 03:46:25,864][flwr][DEBUG] - evaluate_first_phase 13: strategy sampled 10 clients (out of 10)
[2025-03-10 03:46:31,766][flwr][DEBUG] - evaluate_first_phase of round 13 received 10 results and 0 failures
[2025-03-10 03:46:31,767][flwr][INFO] - Server 13: about to sample 9 clients
[2025-03-10 03:46:31,768][flwr][INFO] - Round 13: selected clients
            ['8', '2', '9', '0', '6', '5', '1', '7', '4'] for fit.
[2025-03-10 03:46:31,768][flwr][DEBUG] - fit_round 13: strategy sampled 9 clients (out of 10)
[2025-03-10 03:47:00,361][flwr][DEBUG] - fit_round 13 received 9 results and 0 failures
[2025-03-10 03:47:01,420][flwr][INFO] - fit progress: (13, 1.7029730081558228, {'accuracy': 0.37310001254081726}, 493.07733329199255)
[2025-03-10 03:47:01,420][flwr][DEBUG] - evaluate_round 13: strategy sampled 9 clients (out of 10)
[2025-03-10 03:47:03,139][flwr][DEBUG] - evaluate_round 13 received 9 results and 0 failures
[2025-03-10 03:47:05,911][flwr][INFO] - Server 14: selected clients
                ['6', '5', '8', '3', '4', '0', '1', '7', '2', '9'] for first phase evaluation.
[2025-03-10 03:47:05,911][flwr][DEBUG] - evaluate_first_phase 14: strategy sampled 10 clients (out of 10)
[2025-03-10 03:47:12,587][flwr][DEBUG] - evaluate_first_phase of round 14 received 10 results and 0 failures
[2025-03-10 03:47:12,589][flwr][INFO] - Server 14: about to sample 9 clients
[2025-03-10 03:47:12,589][flwr][INFO] - Round 14: selected clients
            ['8', '0', '6', '4', '5', '9', '1', '7', '2'] for fit.
[2025-03-10 03:47:12,590][flwr][DEBUG] - fit_round 14: strategy sampled 9 clients (out of 10)
[2025-03-10 03:47:41,326][flwr][DEBUG] - fit_round 14 received 9 results and 0 failures
[2025-03-10 03:47:42,421][flwr][INFO] - fit progress: (14, 1.5918879508972168, {'accuracy': 0.4221999943256378}, 534.0779243339784)
[2025-03-10 03:47:42,421][flwr][DEBUG] - evaluate_round 14: strategy sampled 9 clients (out of 10)
[2025-03-10 03:47:44,152][flwr][DEBUG] - evaluate_round 14 received 9 results and 0 failures
[2025-03-10 03:47:46,875][flwr][INFO] - Server 15: selected clients
                ['1', '3', '5', '4', '0', '6', '9', '2', '8', '7'] for first phase evaluation.
[2025-03-10 03:47:46,875][flwr][DEBUG] - evaluate_first_phase 15: strategy sampled 10 clients (out of 10)
[2025-03-10 03:47:52,695][flwr][DEBUG] - evaluate_first_phase of round 15 received 10 results and 0 failures
[2025-03-10 03:47:52,696][flwr][INFO] - Server 15: about to sample 9 clients
[2025-03-10 03:47:52,696][flwr][INFO] - Round 15: selected clients
            ['7', '4', '8', '2', '1', '9', '0', '5', '6'] for fit.
[2025-03-10 03:47:52,696][flwr][DEBUG] - fit_round 15: strategy sampled 9 clients (out of 10)
[2025-03-10 03:48:21,237][flwr][DEBUG] - fit_round 15 received 9 results and 0 failures
[2025-03-10 03:48:22,300][flwr][INFO] - fit progress: (15, 1.5226600170135498, {'accuracy': 0.4498000144958496}, 573.9573953750078)
[2025-03-10 03:48:22,300][flwr][DEBUG] - evaluate_round 15: strategy sampled 9 clients (out of 10)
[2025-03-10 03:48:23,998][flwr][DEBUG] - evaluate_round 15 received 9 results and 0 failures
[2025-03-10 03:48:26,801][flwr][INFO] - Server 16: selected clients
                ['5', '4', '6', '8', '7', '3', '2', '9', '1', '0'] for first phase evaluation.
[2025-03-10 03:48:26,801][flwr][DEBUG] - evaluate_first_phase 16: strategy sampled 10 clients (out of 10)
[2025-03-10 03:48:32,726][flwr][DEBUG] - evaluate_first_phase of round 16 received 10 results and 0 failures
[2025-03-10 03:48:32,727][flwr][INFO] - Server 16: about to sample 9 clients
[2025-03-10 03:48:32,727][flwr][INFO] - Round 16: selected clients
            ['3', '1', '6', '2', '8', '7', '0', '9', '4'] for fit.
[2025-03-10 03:48:32,727][flwr][DEBUG] - fit_round 16: strategy sampled 9 clients (out of 10)
[2025-03-10 03:48:57,985][flwr][DEBUG] - fit_round 16 received 9 results and 0 failures
[2025-03-10 03:48:59,072][flwr][INFO] - fit progress: (16, 1.5052279233932495, {'accuracy': 0.44940000772476196}, 610.7291524590692)
[2025-03-10 03:48:59,072][flwr][DEBUG] - evaluate_round 16: strategy sampled 9 clients (out of 10)
[2025-03-10 03:49:00,782][flwr][DEBUG] - evaluate_round 16 received 9 results and 0 failures
[2025-03-10 03:49:03,612][flwr][INFO] - Server 17: selected clients
                ['4', '7', '1', '5', '2', '0', '9', '3', '8', '6'] for first phase evaluation.
[2025-03-10 03:49:03,612][flwr][DEBUG] - evaluate_first_phase 17: strategy sampled 10 clients (out of 10)
[2025-03-10 03:49:09,611][flwr][DEBUG] - evaluate_first_phase of round 17 received 10 results and 0 failures
[2025-03-10 03:49:09,612][flwr][INFO] - Server 17: about to sample 9 clients
[2025-03-10 03:49:09,612][flwr][INFO] - Round 17: selected clients
            ['7', '3', '9', '6', '8', '5', '1', '0', '2'] for fit.
[2025-03-10 03:49:09,612][flwr][DEBUG] - fit_round 17: strategy sampled 9 clients (out of 10)
[2025-03-10 03:49:37,402][flwr][DEBUG] - fit_round 17 received 9 results and 0 failures
[2025-03-10 03:49:38,437][flwr][INFO] - fit progress: (17, 1.4581536054611206, {'accuracy': 0.4683000147342682}, 650.0939827919938)
[2025-03-10 03:49:38,437][flwr][DEBUG] - evaluate_round 17: strategy sampled 9 clients (out of 10)
[2025-03-10 03:49:40,149][flwr][DEBUG] - evaluate_round 17 received 9 results and 0 failures
[2025-03-10 03:49:42,873][flwr][INFO] - Server 18: selected clients
                ['3', '9', '2', '4', '5', '7', '8', '0', '6', '1'] for first phase evaluation.
[2025-03-10 03:49:42,873][flwr][DEBUG] - evaluate_first_phase 18: strategy sampled 10 clients (out of 10)
[2025-03-10 03:49:49,036][flwr][DEBUG] - evaluate_first_phase of round 18 received 10 results and 0 failures
[2025-03-10 03:49:49,036][flwr][INFO] - Server 18: about to sample 9 clients
[2025-03-10 03:49:49,037][flwr][INFO] - Round 18: selected clients
            ['3', '7', '2', '6', '4', '9', '0', '1', '8'] for fit.
[2025-03-10 03:49:49,037][flwr][DEBUG] - fit_round 18: strategy sampled 9 clients (out of 10)
[2025-03-10 03:50:14,223][flwr][DEBUG] - fit_round 18 received 9 results and 0 failures
[2025-03-10 03:50:15,294][flwr][INFO] - fit progress: (18, 1.582544207572937, {'accuracy': 0.41190001368522644}, 686.9509910839843)
[2025-03-10 03:50:15,294][flwr][DEBUG] - evaluate_round 18: strategy sampled 9 clients (out of 10)
[2025-03-10 03:50:17,072][flwr][DEBUG] - evaluate_round 18 received 9 results and 0 failures
[2025-03-10 03:50:19,853][flwr][INFO] - Server 19: selected clients
                ['0', '7', '4', '6', '9', '1', '3', '5', '2', '8'] for first phase evaluation.
[2025-03-10 03:50:19,853][flwr][DEBUG] - evaluate_first_phase 19: strategy sampled 10 clients (out of 10)
[2025-03-10 03:50:26,069][flwr][DEBUG] - evaluate_first_phase of round 19 received 10 results and 0 failures
[2025-03-10 03:50:26,069][flwr][INFO] - Server 19: about to sample 9 clients
[2025-03-10 03:50:26,069][flwr][INFO] - Round 19: selected clients
            ['7', '8', '3', '6', '5', '2', '0', '9', '4'] for fit.
[2025-03-10 03:50:26,070][flwr][DEBUG] - fit_round 19: strategy sampled 9 clients (out of 10)
[2025-03-10 03:50:52,481][flwr][DEBUG] - fit_round 19 received 9 results and 0 failures
[2025-03-10 03:50:53,525][flwr][INFO] - fit progress: (19, 1.4467742443084717, {'accuracy': 0.4650000035762787}, 725.1819712499855)
[2025-03-10 03:50:53,525][flwr][DEBUG] - evaluate_round 19: strategy sampled 9 clients (out of 10)
[2025-03-10 03:50:55,315][flwr][DEBUG] - evaluate_round 19 received 9 results and 0 failures
[2025-03-10 03:50:58,076][flwr][INFO] - Server 20: selected clients
                ['4', '1', '2', '9', '5', '8', '6', '3', '7', '0'] for first phase evaluation.
[2025-03-10 03:50:58,076][flwr][DEBUG] - evaluate_first_phase 20: strategy sampled 10 clients (out of 10)
[2025-03-10 03:51:04,132][flwr][DEBUG] - evaluate_first_phase of round 20 received 10 results and 0 failures
[2025-03-10 03:51:04,132][flwr][INFO] - Server 20: about to sample 9 clients
[2025-03-10 03:51:04,132][flwr][INFO] - Round 20: selected clients
            ['5', '8', '0', '2', '9', '6', '7', '3', '1'] for fit.
[2025-03-10 03:51:04,132][flwr][DEBUG] - fit_round 20: strategy sampled 9 clients (out of 10)
[2025-03-10 03:51:31,969][flwr][DEBUG] - fit_round 20 received 9 results and 0 failures
[2025-03-10 03:51:33,047][flwr][INFO] - fit progress: (20, 1.4618698358535767, {'accuracy': 0.46050000190734863}, 764.703821958974)
[2025-03-10 03:51:33,047][flwr][DEBUG] - evaluate_round 20: strategy sampled 9 clients (out of 10)
[2025-03-10 03:51:34,869][flwr][DEBUG] - evaluate_round 20 received 9 results and 0 failures
[2025-03-10 03:51:34,869][flwr][INFO] - FL finished in 766.5258870000253
[2025-03-10 03:51:34,869][flwr][INFO] - app_fit: losses_distributed [(1, 2.3443805122458166), (2, 2.493166335795832), (3, 2.5201048427372434), (4, 2.260711577364415), (5, 2.0672620784255016), (6, 1.8012142822883834), (7, 1.7474499459605872), (8, 1.6347683436946043), (9, 1.8146895790294548), (10, 1.5973312086908136), (11, 1.723726638289259), (12, 1.655032241498579), (13, 1.7149533179088439), (14, 1.5955497355082875), (15, 1.5201344765984346), (16, 1.4875766029328148), (17, 1.4429036132981463), (18, 1.5683752130941253), (19, 1.4313978884485032), (20, 1.4398011371604984)]
[2025-03-10 03:51:34,870][flwr][INFO] - app_fit: metrics_distributed_fit {'variance_training_loss': [(1, 0.008383469539780104), (2, 0.0019093196680416108), (3, 0.0004998443427956475), (4, 0.0005891815906686391), (5, 0.00022883839505362225), (6, 0.00010837314303873629), (7, 0.0003834316108348778), (8, 0.00012903014909559235), (9, 0.00015073655612591938), (10, 0.0002662752293690714), (11, 0.00037793133833158917), (12, 0.00010365794140892111), (13, 0.0001908523824836743), (14, 0.00035210506806389097), (15, 0.00022413165398037517), (16, 0.0002432391336937043), (17, 0.00018247854333743437), (18, 0.00020662374049291228), (19, 0.00015764912759803134), (20, 0.0006372488271296457)], 'average_training_loss': [(1, 2.156225151485867), (2, 1.9860407776302762), (3, 1.8853976991441515), (4, 1.8218320343229506), (5, 1.778515617052714), (6, 1.7417327960332234), (7, 1.710526532597012), (8, 1.691471881336636), (9, 1.6646718449062772), (10, 1.6449079381095038), (11, 1.628269076347351), (12, 1.6197723017798529), (13, 1.5904570288128324), (14, 1.57581537299686), (15, 1.5612066719267104), (16, 1.54571266969045), (17, 1.5337505870395236), (18, 1.5288421710332234), (19, 1.512914816538493), (20, 1.4950216478771634)], 'estimated_times': [(1, [4.921262110494714, 18.52144251597533, 14.914167908100014, 31.123163426686144, 6.667624866041335, 22.606408116507136, 11.242140035513444, 18.930031090245738, 17.113888616910707]), (2, [18.52144251597533, 31.123163426686144, 22.606408116507136, 14.914167908100014, 17.113888616910707, 6.667624866041335, 18.930031090245738, 11.242140035513444, 4.921262110494714]), (3, [6.667624866041335, 4.921262110494714, 17.113888616910707, 18.930031090245738, 18.52144251597533, 11.242140035513444, 14.914167908100014, 6.589849430796373, 31.123163426686144]), (4, [17.113888616910707, 11.242140035513444, 18.930031090245738, 6.667624866041335, 4.921262110494714, 31.123163426686144, 14.914167908100014, 6.589849430796373, 18.52144251597533]), (5, [14.914167908100014, 18.52144251597533, 11.242140035513444, 18.930031090245738, 6.589849430796373, 4.921262110494714, 17.113888616910707, 31.123163426686144, 6.667624866041335]), (6, [14.914167908100014, 18.930031090245738, 6.667624866041335, 18.52144251597533, 22.606408116507136, 11.242140035513444, 4.921262110494714, 31.123163426686144, 6.589849430796373]), (7, [6.589849430796373, 18.52144251597533, 17.113888616910707, 22.606408116507136, 4.921262110494714, 31.123163426686144, 11.242140035513444, 18.930031090245738, 6.667624866041335]), (8, [22.606408116507136, 31.123163426686144, 11.242140035513444, 18.52144251597533, 6.667624866041335, 14.914167908100014, 6.589849430796373, 4.921262110494714, 18.930031090245738]), (9, [6.667624866041335, 4.921262110494714, 6.589849430796373, 22.606408116507136, 18.930031090245738, 11.242140035513444, 17.113888616910707, 18.52144251597533, 31.123163426686144]), (10, [4.921262110494714, 11.242140035513444, 22.606408116507136, 18.52144251597533, 6.667624866041335, 14.914167908100014, 18.930031090245738, 17.113888616910707, 31.123163426686144]), (11, [4.921262110494714, 31.123163426686144, 14.914167908100014, 18.52144251597533, 6.667624866041335, 6.589849430796373, 22.606408116507136, 11.242140035513444, 18.930031090245738]), (12, [18.52144251597533, 18.930031090245738, 4.921262110494714, 6.667624866041335, 22.606408116507136, 11.242140035513444, 14.914167908100014, 31.123163426686144, 6.589849430796373]), (13, [18.52144251597533, 14.914167908100014, 22.606408116507136, 4.921262110494714, 31.123163426686144, 18.930031090245738, 17.113888616910707, 6.667624866041335, 11.242140035513444]), (14, [22.606408116507136, 31.123163426686144, 14.914167908100014, 6.667624866041335, 11.242140035513444, 4.921262110494714, 18.52144251597533, 17.113888616910707, 18.930031090245738]), (15, [22.606408116507136, 17.113888616910707, 14.914167908100014, 31.123163426686144, 18.930031090245738, 18.52144251597533, 11.242140035513444, 6.667624866041335, 4.921262110494714]), (16, [6.589849430796373, 22.606408116507136, 31.123163426686144, 4.921262110494714, 14.914167908100014, 6.667624866041335, 11.242140035513444, 18.52144251597533, 18.930031090245738]), (17, [31.123163426686144, 22.606408116507136, 11.242140035513444, 17.113888616910707, 6.589849430796373, 6.667624866041335, 18.52144251597533, 14.914167908100014, 4.921262110494714]), (18, [11.242140035513444, 18.930031090245738, 18.52144251597533, 4.921262110494714, 6.667624866041335, 22.606408116507136, 14.914167908100014, 6.589849430796373, 31.123163426686144]), (19, [4.921262110494714, 18.930031090245738, 17.113888616910707, 6.589849430796373, 6.667624866041335, 22.606408116507136, 14.914167908100014, 11.242140035513444, 18.52144251597533]), (20, [6.589849430796373, 31.123163426686144, 18.52144251597533, 11.242140035513444, 14.914167908100014, 4.921262110494714, 22.606408116507136, 6.667624866041335, 17.113888616910707])]}
[2025-03-10 03:51:34,872][flwr][INFO] - app_fit: metrics_distributed {}
[2025-03-10 03:51:34,872][flwr][INFO] - app_fit: losses_centralized [(0, 2.30293869972229), (1, 2.335570812225342), (2, 2.474794387817383), (3, 2.5025079250335693), (4, 2.240753412246704), (5, 2.0498881340026855), (6, 1.7814862728118896), (7, 1.7323912382125854), (8, 1.6295514106750488), (9, 1.8190715312957764), (10, 1.5947929620742798), (11, 1.7151117324829102), (12, 1.6454906463623047), (13, 1.7029730081558228), (14, 1.5918879508972168), (15, 1.5226600170135498), (16, 1.5052279233932495), (17, 1.4581536054611206), (18, 1.582544207572937), (19, 1.4467742443084717), (20, 1.4618698358535767)]
[2025-03-10 03:51:34,872][flwr][INFO] - app_fit: metrics_centralized {'accuracy': [(0, 0.10000000149011612), (1, 0.12870000302791595), (2, 0.10329999774694443), (3, 0.12060000002384186), (4, 0.1784999966621399), (5, 0.23600000143051147), (6, 0.3240000009536743), (7, 0.366100013256073), (8, 0.40290001034736633), (9, 0.32820001244544983), (10, 0.4235999882221222), (11, 0.36880001425743103), (12, 0.391400009393692), (13, 0.37310001254081726), (14, 0.4221999943256378), (15, 0.4498000144958496), (16, 0.44940000772476196), (17, 0.4683000147342682), (18, 0.41190001368522644), (19, 0.4650000035762787), (20, 0.46050000190734863)]}
