[2025-03-10 04:01:44,379][flwr][INFO] - Starting Flower simulation, config: ServerConfig(num_rounds=20, round_timeout=None)
[2025-03-10 04:01:45,551][flwr][INFO] - Flower VCE: Ray initialized with resources: {'object_store_memory': 2147483648.0, 'node:__internal_head__': 1.0, 'node:127.0.0.1': 1.0, 'memory': 17241196135.0, 'CPU': 8.0}
[2025-03-10 04:01:45,552][flwr][INFO] - Flower VCE: Resources for each Virtual Client: {'num_cpus': 0.5, 'num_gpus': 0}
[2025-03-10 04:01:45,558][flwr][INFO] - Flower VCE: Creating VirtualClientEngineActorPool with 16 actors
[2025-03-10 04:01:45,558][flwr][INFO] - Initializing global parameters
[2025-03-10 04:01:45,558][flwr][INFO] - Requesting initial parameters from one random client
[2025-03-10 04:01:50,799][flwr][INFO] - Received initial parameters from one random client
[2025-03-10 04:01:50,799][flwr][INFO] - Evaluating initial parameters
[2025-03-10 04:01:51,942][flwr][INFO] - initial parameters (loss, other metrics): 2.3025689125061035, {'accuracy': 0.10000000149011612}
[2025-03-10 04:01:51,942][flwr][INFO] - FL starting with RPOW variant
[2025-03-10 04:01:54,699][flwr][INFO] - Server 1: about to sample 9 clients
[2025-03-10 04:01:54,699][flwr][INFO] - Round 1: selected clients
            ['5', '8', '7', '3', '2', '6', '0', '4', '1'] for fit.
[2025-03-10 04:01:54,699][flwr][DEBUG] - fit_round 1: strategy sampled 9 clients (out of 10)
[2025-03-10 04:02:18,818][flwr][DEBUG] - fit_round 1 received 9 results and 0 failures
[2025-03-10 04:02:19,878][flwr][INFO] - fit progress: (1, 2.363797187805176, {'accuracy': 0.10000000149011612}, 27.9355548749445)
[2025-03-10 04:02:19,878][flwr][DEBUG] - evaluate_round 1: strategy sampled 9 clients (out of 10)
[2025-03-10 04:02:21,477][flwr][DEBUG] - evaluate_round 1 received 9 results and 0 failures
[2025-03-10 04:02:21,478][flwr][WARNING] - No evaluate_metrics_aggregation_fn provided
[2025-03-10 04:02:24,242][flwr][INFO] - Server 2: about to sample 9 clients
[2025-03-10 04:02:24,243][flwr][INFO] - Round 2: selected clients
            ['7', '0', '9', '4', '6', '2', '1', '8', '3'] for fit.
[2025-03-10 04:02:24,243][flwr][DEBUG] - fit_round 2: strategy sampled 9 clients (out of 10)
[2025-03-10 04:02:49,033][flwr][DEBUG] - fit_round 2 received 9 results and 0 failures
[2025-03-10 04:02:50,087][flwr][INFO] - fit progress: (2, 2.4852967262268066, {'accuracy': 0.10000000149011612}, 58.14463508292101)
[2025-03-10 04:02:50,087][flwr][DEBUG] - evaluate_round 2: strategy sampled 9 clients (out of 10)
[2025-03-10 04:02:51,717][flwr][DEBUG] - evaluate_round 2 received 9 results and 0 failures
[2025-03-10 04:02:54,515][flwr][INFO] - Server 3: about to sample 9 clients
[2025-03-10 04:02:54,515][flwr][INFO] - Round 3: selected clients
            ['9', '1', '4', '2', '7', '0', '8', '6', '3'] for fit.
[2025-03-10 04:02:54,515][flwr][DEBUG] - fit_round 3: strategy sampled 9 clients (out of 10)
[2025-03-10 04:03:19,229][flwr][DEBUG] - fit_round 3 received 9 results and 0 failures
[2025-03-10 04:03:20,282][flwr][INFO] - fit progress: (3, 2.5408148765563965, {'accuracy': 0.10029999911785126}, 88.33932891697623)
[2025-03-10 04:03:20,282][flwr][DEBUG] - evaluate_round 3: strategy sampled 9 clients (out of 10)
[2025-03-10 04:03:21,924][flwr][DEBUG] - evaluate_round 3 received 9 results and 0 failures
[2025-03-10 04:03:24,685][flwr][INFO] - Server 4: about to sample 9 clients
[2025-03-10 04:03:24,685][flwr][INFO] - Round 4: selected clients
            ['6', '1', '9', '0', '3', '7', '8', '4', '2'] for fit.
[2025-03-10 04:03:24,685][flwr][DEBUG] - fit_round 4: strategy sampled 9 clients (out of 10)
[2025-03-10 04:03:49,409][flwr][DEBUG] - fit_round 4 received 9 results and 0 failures
[2025-03-10 04:03:50,454][flwr][INFO] - fit progress: (4, 2.1975550651550293, {'accuracy': 0.1454000025987625}, 118.51033966697287)
[2025-03-10 04:03:50,454][flwr][DEBUG] - evaluate_round 4: strategy sampled 9 clients (out of 10)
[2025-03-10 04:03:52,184][flwr][DEBUG] - evaluate_round 4 received 9 results and 0 failures
[2025-03-10 04:03:54,894][flwr][INFO] - Server 5: about to sample 9 clients
[2025-03-10 04:03:54,894][flwr][INFO] - Round 5: selected clients
            ['3', '9', '5', '8', '7', '4', '2', '6', '1'] for fit.
[2025-03-10 04:03:54,894][flwr][DEBUG] - fit_round 5: strategy sampled 9 clients (out of 10)
[2025-03-10 04:04:18,272][flwr][DEBUG] - fit_round 5 received 9 results and 0 failures
[2025-03-10 04:04:19,346][flwr][INFO] - fit progress: (5, 2.1132733821868896, {'accuracy': 0.18860000371932983}, 147.40258549991995)
[2025-03-10 04:04:19,346][flwr][DEBUG] - evaluate_round 5: strategy sampled 9 clients (out of 10)
[2025-03-10 04:04:20,962][flwr][DEBUG] - evaluate_round 5 received 9 results and 0 failures
[2025-03-10 04:04:23,771][flwr][INFO] - Server 6: about to sample 9 clients
[2025-03-10 04:04:23,771][flwr][INFO] - Round 6: selected clients
            ['2', '8', '7', '6', '3', '4', '1', '9', '0'] for fit.
[2025-03-10 04:04:23,771][flwr][DEBUG] - fit_round 6: strategy sampled 9 clients (out of 10)
[2025-03-10 04:04:48,639][flwr][DEBUG] - fit_round 6 received 9 results and 0 failures
[2025-03-10 04:04:49,692][flwr][INFO] - fit progress: (6, 1.8507736921310425, {'accuracy': 0.30559998750686646}, 177.74855395802297)
[2025-03-10 04:04:49,693][flwr][DEBUG] - evaluate_round 6: strategy sampled 9 clients (out of 10)
[2025-03-10 04:04:51,369][flwr][DEBUG] - evaluate_round 6 received 9 results and 0 failures
[2025-03-10 04:04:54,064][flwr][INFO] - Server 7: about to sample 9 clients
[2025-03-10 04:04:54,065][flwr][INFO] - Round 7: selected clients
            ['6', '8', '9', '4', '0', '7', '1', '5', '3'] for fit.
[2025-03-10 04:04:54,065][flwr][DEBUG] - fit_round 7: strategy sampled 9 clients (out of 10)
[2025-03-10 04:05:19,981][flwr][DEBUG] - fit_round 7 received 9 results and 0 failures
[2025-03-10 04:05:21,044][flwr][INFO] - fit progress: (7, 1.7484546899795532, {'accuracy': 0.35659998655319214}, 209.10010124999098)
[2025-03-10 04:05:21,045][flwr][DEBUG] - evaluate_round 7: strategy sampled 9 clients (out of 10)
[2025-03-10 04:05:22,727][flwr][DEBUG] - evaluate_round 7 received 9 results and 0 failures
[2025-03-10 04:05:25,451][flwr][INFO] - Server 8: about to sample 9 clients
[2025-03-10 04:05:25,451][flwr][INFO] - Round 8: selected clients
            ['6', '0', '2', '8', '3', '9', '7', '4', '1'] for fit.
[2025-03-10 04:05:25,451][flwr][DEBUG] - fit_round 8: strategy sampled 9 clients (out of 10)
[2025-03-10 04:05:50,315][flwr][DEBUG] - fit_round 8 received 9 results and 0 failures
[2025-03-10 04:05:51,387][flwr][INFO] - fit progress: (8, 1.7099146842956543, {'accuracy': 0.36739999055862427}, 239.4424826669274)
[2025-03-10 04:05:51,387][flwr][DEBUG] - evaluate_round 8: strategy sampled 9 clients (out of 10)
[2025-03-10 04:05:53,125][flwr][DEBUG] - evaluate_round 8 received 9 results and 0 failures
[2025-03-10 04:05:55,935][flwr][INFO] - Server 9: about to sample 9 clients
[2025-03-10 04:05:55,935][flwr][INFO] - Round 9: selected clients
            ['8', '6', '9', '1', '5', '0', '3', '4', '7'] for fit.
[2025-03-10 04:05:55,935][flwr][DEBUG] - fit_round 9: strategy sampled 9 clients (out of 10)
[2025-03-10 04:06:21,934][flwr][DEBUG] - fit_round 9 received 9 results and 0 failures
[2025-03-10 04:06:22,993][flwr][INFO] - fit progress: (9, 1.6769003868103027, {'accuracy': 0.3750999867916107}, 271.047594957985)
[2025-03-10 04:06:22,993][flwr][DEBUG] - evaluate_round 9: strategy sampled 9 clients (out of 10)
[2025-03-10 04:06:24,701][flwr][DEBUG] - evaluate_round 9 received 9 results and 0 failures
[2025-03-10 04:06:27,408][flwr][INFO] - Server 10: about to sample 9 clients
[2025-03-10 04:06:27,408][flwr][INFO] - Round 10: selected clients
            ['2', '4', '9', '0', '6', '8', '3', '7', '1'] for fit.
[2025-03-10 04:06:27,408][flwr][DEBUG] - fit_round 10: strategy sampled 9 clients (out of 10)
[2025-03-10 04:06:52,262][flwr][DEBUG] - fit_round 10 received 9 results and 0 failures
[2025-03-10 04:06:53,313][flwr][INFO] - fit progress: (10, 1.7387558221817017, {'accuracy': 0.3547999858856201}, 301.36736562498845)
[2025-03-10 04:06:53,313][flwr][DEBUG] - evaluate_round 10: strategy sampled 9 clients (out of 10)
[2025-03-10 04:06:55,066][flwr][DEBUG] - evaluate_round 10 received 9 results and 0 failures
[2025-03-10 04:06:57,788][flwr][INFO] - Server 11: about to sample 9 clients
[2025-03-10 04:06:57,788][flwr][INFO] - Round 11: selected clients
            ['9', '3', '4', '8', '2', '7', '0', '6', '1'] for fit.
[2025-03-10 04:06:57,789][flwr][DEBUG] - fit_round 11: strategy sampled 9 clients (out of 10)
[2025-03-10 04:07:22,803][flwr][DEBUG] - fit_round 11 received 9 results and 0 failures
[2025-03-10 04:07:23,855][flwr][INFO] - fit progress: (11, 1.5823473930358887, {'accuracy': 0.41519999504089355}, 331.9092373329913)
[2025-03-10 04:07:23,855][flwr][DEBUG] - evaluate_round 11: strategy sampled 9 clients (out of 10)
[2025-03-10 04:07:25,562][flwr][DEBUG] - evaluate_round 11 received 9 results and 0 failures
[2025-03-10 04:07:28,311][flwr][INFO] - Server 12: about to sample 9 clients
[2025-03-10 04:07:28,312][flwr][INFO] - Round 12: selected clients
            ['4', '6', '3', '9', '5', '8', '7', '0', '1'] for fit.
[2025-03-10 04:07:28,312][flwr][DEBUG] - fit_round 12: strategy sampled 9 clients (out of 10)
[2025-03-10 04:07:54,306][flwr][DEBUG] - fit_round 12 received 9 results and 0 failures
[2025-03-10 04:07:55,356][flwr][INFO] - fit progress: (12, 1.5370368957519531, {'accuracy': 0.43700000643730164}, 363.4101063749986)
[2025-03-10 04:07:55,356][flwr][DEBUG] - evaluate_round 12: strategy sampled 9 clients (out of 10)
[2025-03-10 04:07:57,060][flwr][DEBUG] - evaluate_round 12 received 9 results and 0 failures
[2025-03-10 04:07:59,814][flwr][INFO] - Server 13: about to sample 9 clients
[2025-03-10 04:07:59,814][flwr][INFO] - Round 13: selected clients
            ['4', '6', '7', '9', '0', '3', '2', '1', '8'] for fit.
[2025-03-10 04:07:59,814][flwr][DEBUG] - fit_round 13: strategy sampled 9 clients (out of 10)
[2025-03-10 04:08:24,639][flwr][DEBUG] - fit_round 13 received 9 results and 0 failures
[2025-03-10 04:08:25,701][flwr][INFO] - fit progress: (13, 1.6747857332229614, {'accuracy': 0.3889999985694885}, 393.75475641700905)
[2025-03-10 04:08:25,701][flwr][DEBUG] - evaluate_round 13: strategy sampled 9 clients (out of 10)
[2025-03-10 04:08:27,489][flwr][DEBUG] - evaluate_round 13 received 9 results and 0 failures
[2025-03-10 04:08:30,228][flwr][INFO] - Server 14: about to sample 9 clients
[2025-03-10 04:08:30,228][flwr][INFO] - Round 14: selected clients
            ['4', '3', '7', '9', '6', '8', '1', '2', '0'] for fit.
[2025-03-10 04:08:30,228][flwr][DEBUG] - fit_round 14: strategy sampled 9 clients (out of 10)
[2025-03-10 04:08:55,285][flwr][DEBUG] - fit_round 14 received 9 results and 0 failures
[2025-03-10 04:08:56,372][flwr][INFO] - fit progress: (14, 1.5070914030075073, {'accuracy': 0.4564000070095062}, 424.42505004198756)
[2025-03-10 04:08:56,372][flwr][DEBUG] - evaluate_round 14: strategy sampled 9 clients (out of 10)
[2025-03-10 04:08:58,091][flwr][DEBUG] - evaluate_round 14 received 9 results and 0 failures
[2025-03-10 04:09:00,872][flwr][INFO] - Server 15: about to sample 9 clients
[2025-03-10 04:09:00,873][flwr][INFO] - Round 15: selected clients
            ['4', '1', '6', '9', '5', '3', '7', '8', '0'] for fit.
[2025-03-10 04:09:00,873][flwr][DEBUG] - fit_round 15: strategy sampled 9 clients (out of 10)
[2025-03-10 04:09:27,017][flwr][DEBUG] - fit_round 15 received 9 results and 0 failures
[2025-03-10 04:09:28,082][flwr][INFO] - fit progress: (15, 1.5056376457214355, {'accuracy': 0.46129998564720154}, 456.1350699579343)
[2025-03-10 04:09:28,082][flwr][DEBUG] - evaluate_round 15: strategy sampled 9 clients (out of 10)
[2025-03-10 04:09:29,730][flwr][DEBUG] - evaluate_round 15 received 9 results and 0 failures
[2025-03-10 04:09:32,551][flwr][INFO] - Server 16: about to sample 9 clients
[2025-03-10 04:09:32,551][flwr][INFO] - Round 16: selected clients
            ['1', '6', '4', '8', '2', '9', '3', '7', '0'] for fit.
[2025-03-10 04:09:32,551][flwr][DEBUG] - fit_round 16: strategy sampled 9 clients (out of 10)
[2025-03-10 04:09:57,523][flwr][DEBUG] - fit_round 16 received 9 results and 0 failures
[2025-03-10 04:09:58,584][flwr][INFO] - fit progress: (16, 1.4846521615982056, {'accuracy': 0.4699999988079071}, 486.6371282499749)
[2025-03-10 04:09:58,585][flwr][DEBUG] - evaluate_round 16: strategy sampled 9 clients (out of 10)
[2025-03-10 04:10:00,329][flwr][DEBUG] - evaluate_round 16 received 9 results and 0 failures
[2025-03-10 04:10:03,072][flwr][INFO] - Server 17: about to sample 9 clients
[2025-03-10 04:10:03,073][flwr][INFO] - Round 17: selected clients
            ['1', '6', '3', '0', '5', '4', '7', '8', '9'] for fit.
[2025-03-10 04:10:03,073][flwr][DEBUG] - fit_round 17: strategy sampled 9 clients (out of 10)
[2025-03-10 04:10:29,296][flwr][DEBUG] - fit_round 17 received 9 results and 0 failures
[2025-03-10 04:10:30,358][flwr][INFO] - fit progress: (17, 1.6460673809051514, {'accuracy': 0.41179999709129333}, 518.4104106669547)
[2025-03-10 04:10:30,358][flwr][DEBUG] - evaluate_round 17: strategy sampled 9 clients (out of 10)
[2025-03-10 04:10:32,077][flwr][DEBUG] - evaluate_round 17 received 9 results and 0 failures
[2025-03-10 04:10:34,823][flwr][INFO] - Server 18: about to sample 9 clients
[2025-03-10 04:10:34,823][flwr][INFO] - Round 18: selected clients
            ['4', '1', '6', '8', '0', '3', '7', '5', '9'] for fit.
[2025-03-10 04:10:34,824][flwr][DEBUG] - fit_round 18: strategy sampled 9 clients (out of 10)
[2025-03-10 04:11:00,910][flwr][DEBUG] - fit_round 18 received 9 results and 0 failures
[2025-03-10 04:11:01,974][flwr][INFO] - fit progress: (18, 1.4886839389801025, {'accuracy': 0.4706000089645386}, 550.0263974169502)
[2025-03-10 04:11:01,975][flwr][DEBUG] - evaluate_round 18: strategy sampled 9 clients (out of 10)
[2025-03-10 04:11:03,625][flwr][DEBUG] - evaluate_round 18 received 9 results and 0 failures
[2025-03-10 04:11:06,356][flwr][INFO] - Server 19: about to sample 9 clients
[2025-03-10 04:11:06,357][flwr][INFO] - Round 19: selected clients
            ['8', '4', '9', '3', '0', '7', '2', '1', '6'] for fit.
[2025-03-10 04:11:06,357][flwr][DEBUG] - fit_round 19: strategy sampled 9 clients (out of 10)
[2025-03-10 04:11:31,359][flwr][DEBUG] - fit_round 19 received 9 results and 0 failures
[2025-03-10 04:11:32,427][flwr][INFO] - fit progress: (19, 1.4870229959487915, {'accuracy': 0.4498000144958496}, 580.4784817919135)
[2025-03-10 04:11:32,427][flwr][DEBUG] - evaluate_round 19: strategy sampled 9 clients (out of 10)
[2025-03-10 04:11:34,149][flwr][DEBUG] - evaluate_round 19 received 9 results and 0 failures
[2025-03-10 04:11:36,887][flwr][INFO] - Server 20: about to sample 9 clients
[2025-03-10 04:11:36,887][flwr][INFO] - Round 20: selected clients
            ['1', '9', '8', '0', '2', '6', '4', '7', '3'] for fit.
[2025-03-10 04:11:36,887][flwr][DEBUG] - fit_round 20: strategy sampled 9 clients (out of 10)
[2025-03-10 04:12:01,857][flwr][DEBUG] - fit_round 20 received 9 results and 0 failures
[2025-03-10 04:12:02,922][flwr][INFO] - fit progress: (20, 1.4083631038665771, {'accuracy': 0.49570000171661377}, 610.973669125)
[2025-03-10 04:12:02,923][flwr][DEBUG] - evaluate_round 20: strategy sampled 9 clients (out of 10)
[2025-03-10 04:12:04,656][flwr][DEBUG] - evaluate_round 20 received 9 results and 0 failures
[2025-03-10 04:12:04,656][flwr][INFO] - FL finished in 612.7076563750161
[2025-03-10 04:12:04,657][flwr][INFO] - app_fit: losses_distributed [(1, 2.378120562371693), (2, 2.5187958381668136), (3, 2.5792520133395627), (4, 2.2358554701054674), (5, 2.135162497301365), (6, 1.8779009346232796), (7, 1.7584338455292379), (8, 1.729031653208654), (9, 1.68765274643479), (10, 1.7464893892095177), (11, 1.5864829296944558), (12, 1.540463818240459), (13, 1.6858924691612254), (14, 1.5107507619589926), (15, 1.5029559863996422), (16, 1.4793899648167224), (17, 1.6576679368324985), (18, 1.4925249729089451), (19, 1.4637881121994711), (20, 1.4073744938408643)]
[2025-03-10 04:12:04,657][flwr][INFO] - app_fit: metrics_distributed_fit {'variance_training_loss': [(1, 0.017852994302522605), (2, 0.0038162218804040724), (3, 0.0016830370386545792), (4, 0.0006792279943506036), (5, 0.0006467878051306164), (6, 0.0008933886492397428), (7, 0.0003574109550123062), (8, 0.00036663852917422166), (9, 0.0005285938332986568), (10, 0.0003548541140117429), (11, 0.0006733826809256754), (12, 0.0005501373886551094), (13, 0.0005344649738958651), (14, 0.000749692183344703), (15, 0.0003638912112273548), (16, 0.00011881064563112886), (17, 0.000208905507719237), (18, 0.0003088961852527372), (19, 0.00030962894997009645), (20, 0.0002305450954464858)], 'average_training_loss': [(1, 2.138282749387953), (2, 1.9651582770877414), (3, 1.875104096200731), (4, 1.8148058785332575), (5, 1.7751507229275174), (6, 1.738933629459805), (7, 1.710780421892802), (8, 1.684801525539822), (9, 1.6611242029401991), (10, 1.6401893827650282), (11, 1.6305025551054213), (12, 1.6070127222273085), (13, 1.589540958404541), (14, 1.577266772588094), (15, 1.5526890092425876), (16, 1.5405360062917073), (17, 1.5139961242675781), (18, 1.5094063546922472), (19, 1.4987755219141643), (20, 1.4894010225931804)], 'estimated_times': [(1, [3.189571007076669, 22.918793485467138, 8.390377202558042, 12.272102718531059, 16.086313966568614, 14.129850014571465, 6.587453386478688, 34.134038291731336, 13.44979436871923]), (2, [3.189571007076669, 22.918793485467138, 13.44979436871923, 14.129850014571465, 6.587453386478688, 7.082013793698433, 34.134038291731336, 12.272102718531059, 8.390377202558042]), (3, [22.918793485467138, 6.587453386478688, 13.44979436871923, 8.390377202558042, 12.272102718531059, 7.082013793698433, 3.189571007076669, 14.129850014571465, 34.134038291731336]), (4, [12.272102718531059, 13.44979436871923, 8.390377202558042, 14.129850014571465, 34.134038291731336, 6.587453386478688, 22.918793485467138, 3.189571007076669, 7.082013793698433]), (5, [14.129850014571465, 34.134038291731336, 12.272102718531059, 8.390377202558042, 13.44979436871923, 6.587453386478688, 3.189571007076669, 16.086313966568614, 7.082013793698433]), (6, [6.587453386478688, 7.082013793698433, 14.129850014571465, 22.918793485467138, 3.189571007076669, 8.390377202558042, 34.134038291731336, 13.44979436871923, 12.272102718531059]), (7, [14.129850014571465, 16.086313966568614, 6.587453386478688, 7.082013793698433, 13.44979436871923, 12.272102718531059, 8.390377202558042, 34.134038291731336, 22.918793485467138]), (8, [3.189571007076669, 14.129850014571465, 34.134038291731336, 13.44979436871923, 8.390377202558042, 22.918793485467138, 12.272102718531059, 7.082013793698433, 6.587453386478688]), (9, [16.086313966568614, 14.129850014571465, 12.272102718531059, 22.918793485467138, 6.587453386478688, 7.082013793698433, 8.390377202558042, 34.134038291731336, 13.44979436871923]), (10, [13.44979436871923, 8.390377202558042, 12.272102718531059, 7.082013793698433, 3.189571007076669, 6.587453386478688, 22.918793485467138, 34.134038291731336, 14.129850014571465]), (11, [22.918793485467138, 3.189571007076669, 13.44979436871923, 14.129850014571465, 12.272102718531059, 34.134038291731336, 8.390377202558042, 6.587453386478688, 7.082013793698433]), (12, [6.587453386478688, 7.082013793698433, 34.134038291731336, 14.129850014571465, 22.918793485467138, 13.44979436871923, 16.086313966568614, 8.390377202558042, 12.272102718531059]), (13, [6.587453386478688, 8.390377202558042, 3.189571007076669, 34.134038291731336, 7.082013793698433, 12.272102718531059, 14.129850014571465, 13.44979436871923, 22.918793485467138]), (14, [6.587453386478688, 8.390377202558042, 13.44979436871923, 14.129850014571465, 3.189571007076669, 34.134038291731336, 22.918793485467138, 7.082013793698433, 12.272102718531059]), (15, [7.082013793698433, 34.134038291731336, 13.44979436871923, 12.272102718531059, 6.587453386478688, 8.390377202558042, 14.129850014571465, 22.918793485467138, 16.086313966568614]), (16, [14.129850014571465, 6.587453386478688, 34.134038291731336, 3.189571007076669, 12.272102718531059, 7.082013793698433, 22.918793485467138, 13.44979436871923, 8.390377202558042]), (17, [14.129850014571465, 8.390377202558042, 34.134038291731336, 6.587453386478688, 22.918793485467138, 13.44979436871923, 12.272102718531059, 7.082013793698433, 16.086313966568614]), (18, [6.587453386478688, 13.44979436871923, 12.272102718531059, 14.129850014571465, 22.918793485467138, 16.086313966568614, 34.134038291731336, 7.082013793698433, 8.390377202558042]), (19, [7.082013793698433, 8.390377202558042, 12.272102718531059, 3.189571007076669, 14.129850014571465, 34.134038291731336, 13.44979436871923, 6.587453386478688, 22.918793485467138]), (20, [3.189571007076669, 34.134038291731336, 14.129850014571465, 22.918793485467138, 7.082013793698433, 6.587453386478688, 13.44979436871923, 8.390377202558042, 12.272102718531059])]}
[2025-03-10 04:12:04,659][flwr][INFO] - app_fit: metrics_distributed {}
[2025-03-10 04:12:04,659][flwr][INFO] - app_fit: losses_centralized [(0, 2.3025689125061035), (1, 2.363797187805176), (2, 2.4852967262268066), (3, 2.5408148765563965), (4, 2.1975550651550293), (5, 2.1132733821868896), (6, 1.8507736921310425), (7, 1.7484546899795532), (8, 1.7099146842956543), (9, 1.6769003868103027), (10, 1.7387558221817017), (11, 1.5823473930358887), (12, 1.5370368957519531), (13, 1.6747857332229614), (14, 1.5070914030075073), (15, 1.5056376457214355), (16, 1.4846521615982056), (17, 1.6460673809051514), (18, 1.4886839389801025), (19, 1.4870229959487915), (20, 1.4083631038665771)]
[2025-03-10 04:12:04,660][flwr][INFO] - app_fit: metrics_centralized {'accuracy': [(0, 0.10000000149011612), (1, 0.10000000149011612), (2, 0.10000000149011612), (3, 0.10029999911785126), (4, 0.1454000025987625), (5, 0.18860000371932983), (6, 0.30559998750686646), (7, 0.35659998655319214), (8, 0.36739999055862427), (9, 0.3750999867916107), (10, 0.3547999858856201), (11, 0.41519999504089355), (12, 0.43700000643730164), (13, 0.3889999985694885), (14, 0.4564000070095062), (15, 0.46129998564720154), (16, 0.4699999988079071), (17, 0.41179999709129333), (18, 0.4706000089645386), (19, 0.4498000144958496), (20, 0.49570000171661377)]}
