[2025-03-10 20:05:47,367][flwr][INFO] - Using FedAvg strategy
[2025-03-10 20:05:47,367][flwr][INFO] - Starting Flower simulation, config: ServerConfig(num_rounds=20, round_timeout=None)
[2025-03-10 20:05:48,486][flwr][INFO] - Flower VCE: Ray initialized with resources: {'object_store_memory': 2147483648.0, 'node:__internal_head__': 1.0, 'CPU': 8.0, 'memory': 16576361268.0, 'node:127.0.0.1': 1.0}
[2025-03-10 20:05:48,486][flwr][INFO] - Flower VCE: Resources for each Virtual Client: {'num_cpus': 0.5, 'num_gpus': 0}
[2025-03-10 20:05:48,496][flwr][INFO] - Flower VCE: Creating VirtualClientEngineActorPool with 16 actors
[2025-03-10 20:05:48,496][flwr][INFO] - Initializing global parameters
[2025-03-10 20:05:48,497][flwr][INFO] - Requesting initial parameters from one random client
[2025-03-10 20:05:53,666][flwr][INFO] - Received initial parameters from one random client
[2025-03-10 20:05:53,666][flwr][INFO] - Evaluating initial parameters
[2025-03-10 20:05:54,774][flwr][INFO] - initial parameters (loss, other metrics): 2.3015387058258057, {'accuracy': 0.09989999979734421}
[2025-03-10 20:05:54,774][flwr][INFO] - FL starting
[2025-03-10 20:05:57,429][flwr][DEBUG] - fit_round 1: strategy sampled 9 clients (out of 10)
[2025-03-10 20:06:52,204][flwr][DEBUG] - fit_round 1 received 9 results and 0 failures
[2025-03-10 20:06:53,214][flwr][INFO] - fit progress: (1, 2.4001128673553467, {'accuracy': 0.11180000007152557}, 58.46104525006376)
[2025-03-10 20:06:53,214][flwr][DEBUG] - evaluate_round 1: strategy sampled 9 clients (out of 10)
[2025-03-10 20:06:55,187][flwr][DEBUG] - evaluate_round 1 received 9 results and 0 failures
[2025-03-10 20:06:55,187][flwr][WARNING] - No evaluate_metrics_aggregation_fn provided
[2025-03-10 20:06:57,892][flwr][DEBUG] - fit_round 2: strategy sampled 9 clients (out of 10)
[2025-03-10 20:07:52,094][flwr][DEBUG] - fit_round 2 received 9 results and 0 failures
[2025-03-10 20:07:53,111][flwr][INFO] - fit progress: (2, 1.5010939836502075, {'accuracy': 0.46129998564720154}, 118.35912549996283)
[2025-03-10 20:07:53,112][flwr][DEBUG] - evaluate_round 2: strategy sampled 9 clients (out of 10)
[2025-03-10 20:07:55,082][flwr][DEBUG] - evaluate_round 2 received 9 results and 0 failures
[2025-03-10 20:07:57,774][flwr][DEBUG] - fit_round 3: strategy sampled 9 clients (out of 10)
[2025-03-10 20:08:53,866][flwr][DEBUG] - fit_round 3 received 9 results and 0 failures
[2025-03-10 20:08:54,889][flwr][INFO] - fit progress: (3, 1.4184235334396362, {'accuracy': 0.4677000045776367}, 180.13714212505147)
[2025-03-10 20:08:54,889][flwr][DEBUG] - evaluate_round 3: strategy sampled 9 clients (out of 10)
[2025-03-10 20:08:56,846][flwr][DEBUG] - evaluate_round 3 received 9 results and 0 failures
[2025-03-10 20:08:58,377][flwr][DEBUG] - fit_round 4: strategy sampled 9 clients (out of 10)
[2025-03-10 20:09:22,449][flwr][DEBUG] - fit_round 4 received 9 results and 0 failures
[2025-03-10 20:09:23,464][flwr][INFO] - fit progress: (4, 1.8019906282424927, {'accuracy': 0.36970001459121704}, 208.71173574996646)
[2025-03-10 20:09:23,464][flwr][DEBUG] - evaluate_round 4: strategy sampled 9 clients (out of 10)
[2025-03-10 20:09:25,423][flwr][DEBUG] - evaluate_round 4 received 9 results and 0 failures
[2025-03-10 20:09:28,130][flwr][DEBUG] - fit_round 5: strategy sampled 9 clients (out of 10)
[2025-03-10 20:10:22,082][flwr][DEBUG] - fit_round 5 received 9 results and 0 failures
[2025-03-10 20:10:23,095][flwr][INFO] - fit progress: (5, 1.394391655921936, {'accuracy': 0.4812000095844269}, 268.3424905410502)
[2025-03-10 20:10:23,095][flwr][DEBUG] - evaluate_round 5: strategy sampled 9 clients (out of 10)
[2025-03-10 20:10:24,434][flwr][DEBUG] - evaluate_round 5 received 9 results and 0 failures
[2025-03-10 20:10:27,078][flwr][DEBUG] - fit_round 6: strategy sampled 9 clients (out of 10)
[2025-03-10 20:11:24,015][flwr][DEBUG] - fit_round 6 received 9 results and 0 failures
[2025-03-10 20:11:25,038][flwr][INFO] - fit progress: (6, 1.441164493560791, {'accuracy': 0.46709999442100525}, 330.2863364999648)
[2025-03-10 20:11:25,038][flwr][DEBUG] - evaluate_round 6: strategy sampled 9 clients (out of 10)
[2025-03-10 20:11:26,850][flwr][DEBUG] - evaluate_round 6 received 9 results and 0 failures
[2025-03-10 20:11:29,530][flwr][DEBUG] - fit_round 7: strategy sampled 9 clients (out of 10)
[2025-03-10 20:12:24,635][flwr][DEBUG] - fit_round 7 received 9 results and 0 failures
[2025-03-10 20:12:25,646][flwr][INFO] - fit progress: (7, 1.3905000686645508, {'accuracy': 0.4925999939441681}, 390.89398862503003)
[2025-03-10 20:12:25,646][flwr][DEBUG] - evaluate_round 7: strategy sampled 9 clients (out of 10)
[2025-03-10 20:12:27,591][flwr][DEBUG] - evaluate_round 7 received 9 results and 0 failures
[2025-03-10 20:12:29,203][flwr][DEBUG] - fit_round 8: strategy sampled 9 clients (out of 10)
[2025-03-10 20:12:54,142][flwr][DEBUG] - fit_round 8 received 9 results and 0 failures
[2025-03-10 20:12:55,165][flwr][INFO] - fit progress: (8, 2.083479404449463, {'accuracy': 0.36559998989105225}, 420.4128956659697)
[2025-03-10 20:12:55,165][flwr][DEBUG] - evaluate_round 8: strategy sampled 9 clients (out of 10)
[2025-03-10 20:12:57,129][flwr][DEBUG] - evaluate_round 8 received 9 results and 0 failures
[2025-03-10 20:12:59,864][flwr][DEBUG] - fit_round 9: strategy sampled 9 clients (out of 10)
[2025-03-10 20:13:56,502][flwr][DEBUG] - fit_round 9 received 9 results and 0 failures
[2025-03-10 20:13:57,511][flwr][INFO] - fit progress: (9, 1.0614423751831055, {'accuracy': 0.6146000027656555}, 482.7599150000606)
[2025-03-10 20:13:57,512][flwr][DEBUG] - evaluate_round 9: strategy sampled 9 clients (out of 10)
[2025-03-10 20:13:59,319][flwr][DEBUG] - evaluate_round 9 received 9 results and 0 failures
[2025-03-10 20:14:02,021][flwr][DEBUG] - fit_round 10: strategy sampled 9 clients (out of 10)
[2025-03-10 20:14:59,631][flwr][DEBUG] - fit_round 10 received 9 results and 0 failures
[2025-03-10 20:15:00,675][flwr][INFO] - fit progress: (10, 1.0730172395706177, {'accuracy': 0.5985000133514404}, 545.923206040985)
[2025-03-10 20:15:00,675][flwr][DEBUG] - evaluate_round 10: strategy sampled 9 clients (out of 10)
[2025-03-10 20:15:02,024][flwr][DEBUG] - evaluate_round 10 received 9 results and 0 failures
[2025-03-10 20:15:04,740][flwr][DEBUG] - fit_round 11: strategy sampled 9 clients (out of 10)
[2025-03-10 20:16:04,672][flwr][DEBUG] - fit_round 11 received 9 results and 0 failures
[2025-03-10 20:16:05,703][flwr][INFO] - fit progress: (11, 1.068496823310852, {'accuracy': 0.5982000231742859}, 610.952049790998)
[2025-03-10 20:16:05,703][flwr][DEBUG] - evaluate_round 11: strategy sampled 9 clients (out of 10)
[2025-03-10 20:16:07,826][flwr][DEBUG] - evaluate_round 11 received 9 results and 0 failures
[2025-03-10 20:16:09,806][flwr][DEBUG] - fit_round 12: strategy sampled 9 clients (out of 10)
[2025-03-10 20:16:56,951][flwr][DEBUG] - fit_round 12 received 9 results and 0 failures
[2025-03-10 20:16:57,988][flwr][INFO] - fit progress: (12, 1.443680763244629, {'accuracy': 0.460999995470047}, 663.2363950000145)
[2025-03-10 20:16:57,988][flwr][DEBUG] - evaluate_round 12: strategy sampled 9 clients (out of 10)
[2025-03-10 20:16:59,839][flwr][DEBUG] - evaluate_round 12 received 9 results and 0 failures
[2025-03-10 20:17:02,549][flwr][DEBUG] - fit_round 13: strategy sampled 9 clients (out of 10)
[2025-03-10 20:18:01,798][flwr][DEBUG] - fit_round 13 received 9 results and 0 failures
[2025-03-10 20:18:02,830][flwr][INFO] - fit progress: (13, 1.0340205430984497, {'accuracy': 0.6256999969482422}, 728.0790520410519)
[2025-03-10 20:18:02,830][flwr][DEBUG] - evaluate_round 13: strategy sampled 9 clients (out of 10)
[2025-03-10 20:18:04,175][flwr][DEBUG] - evaluate_round 13 received 9 results and 0 failures
[2025-03-10 20:18:06,251][flwr][DEBUG] - fit_round 14: strategy sampled 9 clients (out of 10)
[2025-03-10 20:18:53,197][flwr][DEBUG] - fit_round 14 received 9 results and 0 failures
[2025-03-10 20:18:54,231][flwr][INFO] - fit progress: (14, 1.2580461502075195, {'accuracy': 0.5778999924659729}, 779.4805921659572)
[2025-03-10 20:18:54,232][flwr][DEBUG] - evaluate_round 14: strategy sampled 9 clients (out of 10)
[2025-03-10 20:18:56,270][flwr][DEBUG] - evaluate_round 14 received 9 results and 0 failures
[2025-03-10 20:18:58,996][flwr][DEBUG] - fit_round 15: strategy sampled 9 clients (out of 10)
[2025-03-10 20:19:57,944][flwr][DEBUG] - fit_round 15 received 9 results and 0 failures
[2025-03-10 20:19:58,976][flwr][INFO] - fit progress: (15, 1.066636085510254, {'accuracy': 0.6013000011444092}, 844.2256800830364)
[2025-03-10 20:19:58,977][flwr][DEBUG] - evaluate_round 15: strategy sampled 9 clients (out of 10)
[2025-03-10 20:20:01,035][flwr][DEBUG] - evaluate_round 15 received 9 results and 0 failures
[2025-03-10 20:20:03,677][flwr][DEBUG] - fit_round 16: strategy sampled 9 clients (out of 10)
[2025-03-10 20:21:03,753][flwr][DEBUG] - fit_round 16 received 9 results and 0 failures
[2025-03-10 20:21:04,790][flwr][INFO] - fit progress: (16, 1.17220938205719, {'accuracy': 0.5669000148773193}, 910.0397790409625)
[2025-03-10 20:21:04,791][flwr][DEBUG] - evaluate_round 16: strategy sampled 9 clients (out of 10)
[2025-03-10 20:21:06,762][flwr][DEBUG] - evaluate_round 16 received 9 results and 0 failures
[2025-03-10 20:21:09,467][flwr][DEBUG] - fit_round 17: strategy sampled 9 clients (out of 10)
[2025-03-10 20:22:11,116][flwr][DEBUG] - fit_round 17 received 9 results and 0 failures
[2025-03-10 20:22:12,161][flwr][INFO] - fit progress: (17, 1.018645167350769, {'accuracy': 0.6337000131607056}, 977.4104432909517)
[2025-03-10 20:22:12,161][flwr][DEBUG] - evaluate_round 17: strategy sampled 9 clients (out of 10)
[2025-03-10 20:22:14,267][flwr][DEBUG] - evaluate_round 17 received 9 results and 0 failures
[2025-03-10 20:22:16,979][flwr][DEBUG] - fit_round 18: strategy sampled 9 clients (out of 10)
[2025-03-10 20:23:17,646][flwr][DEBUG] - fit_round 18 received 9 results and 0 failures
[2025-03-10 20:23:18,694][flwr][INFO] - fit progress: (18, 1.0180490016937256, {'accuracy': 0.6134999990463257}, 1043.9441341250204)
[2025-03-10 20:23:18,695][flwr][DEBUG] - evaluate_round 18: strategy sampled 9 clients (out of 10)
[2025-03-10 20:23:20,796][flwr][DEBUG] - evaluate_round 18 received 9 results and 0 failures
[2025-03-10 20:23:23,544][flwr][DEBUG] - fit_round 19: strategy sampled 9 clients (out of 10)
[2025-03-10 20:24:24,068][flwr][DEBUG] - fit_round 19 received 9 results and 0 failures
[2025-03-10 20:24:25,123][flwr][INFO] - fit progress: (19, 0.9174246191978455, {'accuracy': 0.6620000004768372}, 1110.3727818749612)
[2025-03-10 20:24:25,123][flwr][DEBUG] - evaluate_round 19: strategy sampled 9 clients (out of 10)
[2025-03-10 20:24:27,167][flwr][DEBUG] - evaluate_round 19 received 9 results and 0 failures
[2025-03-10 20:24:29,853][flwr][DEBUG] - fit_round 20: strategy sampled 9 clients (out of 10)
[2025-03-10 20:25:30,254][flwr][DEBUG] - fit_round 20 received 9 results and 0 failures
[2025-03-10 20:25:31,306][flwr][INFO] - fit progress: (20, 1.8330585956573486, {'accuracy': 0.46470001339912415}, 1176.556298624957)
[2025-03-10 20:25:31,306][flwr][DEBUG] - evaluate_round 20: strategy sampled 9 clients (out of 10)
[2025-03-10 20:25:33,082][flwr][DEBUG] - evaluate_round 20 received 9 results and 0 failures
[2025-03-10 20:25:33,082][flwr][INFO] - FL finished in 1178.3324223329546
[2025-03-10 20:25:33,083][flwr][INFO] - app_fit: losses_distributed [(1, 2.497685470053994), (2, 1.6750792324323953), (3, 1.6042673462085693), (4, 1.6294953473616112), (5, 1.3315078467872012), (6, 1.657549987875897), (7, 1.426221500310031), (8, 2.0958807023847945), (9, 1.0686954305482947), (10, 1.2517535083527194), (11, 1.2619202795895663), (12, 1.0900870557453322), (13, 1.3115344898617682), (14, 1.5117724102212755), (15, 1.2360163688659669), (16, 1.421934623092112), (17, 1.094501110182868), (18, 1.1863612744784113), (19, 1.1037021953915422), (20, 1.9424655507267385)]
[2025-03-10 20:25:33,083][flwr][INFO] - app_fit: metrics_distributed_fit {'variance_training_loss': [(1, 0.14351161588345182), (2, 0.07780234703702052), (3, 0.05794249231218708), (4, 0.06590016460832733), (5, 0.0507342494933002), (6, 0.0436634716661247), (7, 0.06319240442257408), (8, 0.06789472432803435), (9, 0.061741510292082906), (10, 0.03946533991983939), (11, 0.03353710177534926), (12, 0.036626131453581304), (13, 0.13735133941198654), (14, 0.04889137895687947), (15, 0.1793246783321529), (16, 0.05794548367306232), (17, 0.04490353269380323), (18, 0.04995513273186), (19, 0.03578488541986643), (20, 0.045974239197077334)], 'average_training_loss': [(1, 1.4520147376590304), (2, 1.1063119636641607), (3, 1.0018755594889324), (4, 0.9653067390124003), (5, 0.9531624780760871), (6, 0.9261415733231438), (7, 0.9363772736655341), (8, 0.8772050804562039), (9, 0.8625327878528171), (10, 0.8288952443334792), (11, 0.807100514570872), (12, 0.8330333630243937), (13, 0.8731719321674771), (14, 0.8347144590483772), (15, 0.9185780750380622), (16, 0.8166279461648729), (17, 0.812013844648997), (18, 0.814959790971544), (19, 0.7388309405909644), (20, 0.7686220440599654)], 'estimated_times': [(1, [0.9765754763911857, 16.49723854777793, 0.2519178591537529, 8.601790314250428, 30.78700443439599, 266.81147672558177, 134.87025381320387, 8.756587182912968, 3.031914243775251]), (2, [8.756587182912968, 134.87025381320387, 8.601790314250428, 3.0820579687125393, 3.031914243775251, 266.81147672558177, 16.49723854777793, 30.78700443439599, 0.2519178591537529]), (3, [8.601790314250428, 16.49723854777793, 30.78700443439599, 0.2519178591537529, 8.756587182912968, 3.0820579687125393, 3.031914243775251, 266.81147672558177, 134.87025381320387]), (4, [0.2519178591537529, 0.9765754763911857, 8.756587182912968, 3.0820579687125393, 16.49723854777793, 134.87025381320387, 41.07997308111943, 3.031914243775251, 8.601790314250428]), (5, [0.9765754763911857, 0.2519178591537529, 3.0820579687125393, 134.87025381320387, 30.78700443439599, 16.49723854777793, 8.601790314250428, 3.031914243775251, 266.81147672558177]), (6, [8.756587182912968, 134.87025381320387, 8.601790314250428, 3.031914243775251, 0.9765754763911857, 3.0820579687125393, 0.2519178591537529, 30.78700443439599, 266.81147672558177]), (7, [266.81147672558177, 30.78700443439599, 0.9765754763911857, 16.49723854777793, 134.87025381320387, 8.756587182912968, 0.2519178591537529, 3.031914243775251, 3.0820579687125393]), (8, [41.07997308111943, 8.601790314250428, 0.9765754763911857, 3.031914243775251, 3.0820579687125393, 0.2519178591537529, 16.49723854777793, 134.87025381320387, 8.756587182912968]), (9, [0.2519178591537529, 266.81147672558177, 16.49723854777793, 30.78700443439599, 8.756587182912968, 134.87025381320387, 3.0820579687125393, 8.601790314250428, 3.031914243775251]), (10, [3.0820579687125393, 134.87025381320387, 3.031914243775251, 8.756587182912968, 30.78700443439599, 0.2519178591537529, 266.81147672558177, 16.49723854777793, 0.9765754763911857]), (11, [266.81147672558177, 16.49723854777793, 134.87025381320387, 8.601790314250428, 3.031914243775251, 8.756587182912968, 0.2519178591537529, 3.0820579687125393, 30.78700443439599]), (12, [16.49723854777793, 8.601790314250428, 266.81147672558177, 0.9765754763911857, 3.0820579687125393, 3.031914243775251, 8.756587182912968, 30.78700443439599, 0.2519178591537529]), (13, [30.78700443439599, 8.601790314250428, 134.87025381320387, 266.81147672558177, 3.0820579687125393, 8.756587182912968, 0.9765754763911857, 0.2519178591537529, 16.49723854777793]), (14, [3.0820579687125393, 3.031914243775251, 30.78700443439599, 8.601790314250428, 266.81147672558177, 8.756587182912968, 0.2519178591537529, 0.9765754763911857, 16.49723854777793]), (15, [134.87025381320387, 266.81147672558177, 0.9765754763911857, 3.031914243775251, 3.0820579687125393, 8.601790314250428, 16.49723854777793, 8.756587182912968, 30.78700443439599]), (16, [0.9765754763911857, 16.49723854777793, 134.87025381320387, 266.81147672558177, 3.0820579687125393, 3.031914243775251, 30.78700443439599, 0.2519178591537529, 8.601790314250428]), (17, [3.0820579687125393, 266.81147672558177, 134.87025381320387, 16.49723854777793, 3.031914243775251, 8.601790314250428, 30.78700443439599, 0.2519178591537529, 0.9765754763911857]), (18, [16.49723854777793, 3.031914243775251, 30.78700443439599, 3.0820579687125393, 266.81147672558177, 0.9765754763911857, 8.601790314250428, 0.2519178591537529, 134.87025381320387]), (19, [8.601790314250428, 30.78700443439599, 3.031914243775251, 0.2519178591537529, 8.756587182912968, 266.81147672558177, 134.87025381320387, 16.49723854777793, 3.0820579687125393]), (20, [134.87025381320387, 30.78700443439599, 8.756587182912968, 0.9765754763911857, 0.2519178591537529, 16.49723854777793, 3.031914243775251, 3.0820579687125393, 266.81147672558177])]}
[2025-03-10 20:25:33,085][flwr][INFO] - app_fit: metrics_distributed {}
[2025-03-10 20:25:33,085][flwr][INFO] - app_fit: losses_centralized [(0, 2.3015387058258057), (1, 2.4001128673553467), (2, 1.5010939836502075), (3, 1.4184235334396362), (4, 1.8019906282424927), (5, 1.394391655921936), (6, 1.441164493560791), (7, 1.3905000686645508), (8, 2.083479404449463), (9, 1.0614423751831055), (10, 1.0730172395706177), (11, 1.068496823310852), (12, 1.443680763244629), (13, 1.0340205430984497), (14, 1.2580461502075195), (15, 1.066636085510254), (16, 1.17220938205719), (17, 1.018645167350769), (18, 1.0180490016937256), (19, 0.9174246191978455), (20, 1.8330585956573486)]
[2025-03-10 20:25:33,085][flwr][INFO] - app_fit: metrics_centralized {'accuracy': [(0, 0.09989999979734421), (1, 0.11180000007152557), (2, 0.46129998564720154), (3, 0.4677000045776367), (4, 0.36970001459121704), (5, 0.4812000095844269), (6, 0.46709999442100525), (7, 0.4925999939441681), (8, 0.36559998989105225), (9, 0.6146000027656555), (10, 0.5985000133514404), (11, 0.5982000231742859), (12, 0.460999995470047), (13, 0.6256999969482422), (14, 0.5778999924659729), (15, 0.6013000011444092), (16, 0.5669000148773193), (17, 0.6337000131607056), (18, 0.6134999990463257), (19, 0.6620000004768372), (20, 0.46470001339912415)]}
