[2025-03-24 20:24:17,599][tensorflow][WARNING] - From /Users/livialestingi/PycharmProjects/NodeSelection/power_of_choice/power_of_choice/dataset.py:38: load (from tensorflow.python.data.experimental.ops.io) is deprecated and will be removed in a future version.
Instructions for updating:
Use `tf.data.Dataset.load(...)` instead.
[2025-03-24 20:24:17,797][flwr][INFO] - Starting Flower simulation, config: ServerConfig(num_rounds=20, round_timeout=None)
[2025-03-24 20:24:18,967][flwr][INFO] - Flower VCE: Ray initialized with resources: {'memory': 16381557146.0, 'node:__internal_head__': 1.0, 'object_store_memory': 2147483648.0, 'CPU': 8.0, 'node:127.0.0.1': 1.0}
[2025-03-24 20:24:18,968][flwr][INFO] - Flower VCE: Resources for each Virtual Client: {'num_cpus': 0.5, 'num_gpus': 0}
[2025-03-24 20:24:18,975][flwr][INFO] - Flower VCE: Creating VirtualClientEngineActorPool with 16 actors
[2025-03-24 20:24:18,975][flwr][INFO] - Initializing global parameters
[2025-03-24 20:24:18,975][flwr][INFO] - Requesting initial parameters from one random client
[2025-03-24 20:24:24,021][flwr][INFO] - Received initial parameters from one random client
[2025-03-24 20:24:24,021][flwr][INFO] - Evaluating initial parameters
[2025-03-24 20:24:25,131][flwr][INFO] - initial parameters (loss, other metrics): 2.3018686771392822, {'accuracy': 0.10559999942779541}
[2025-03-24 20:24:25,131][flwr][INFO] - FL starting with RPOW variant
[2025-03-24 20:24:27,857][flwr][INFO] - Server 1: about to sample 9 clients
[2025-03-24 20:24:27,858][flwr][INFO] - Round 1: selected clients
            ['8', '5', '3', '4', '6', '7', '1', '0', '2'] for fit.
[2025-03-24 20:24:27,858][flwr][DEBUG] - fit_round 1: strategy sampled 9 clients (out of 10)
[2025-03-24 20:24:42,997][flwr][DEBUG] - fit_round 1 received 9 results and 0 failures
[2025-03-24 20:24:44,048][flwr][INFO] - fit progress: (1, 2.313246965408325, {'accuracy': 0.10010000318288803}, 18.916796792007517)
[2025-03-24 20:24:44,048][flwr][DEBUG] - evaluate_round 1: strategy sampled 9 clients (out of 10)
[2025-03-24 20:24:45,837][flwr][DEBUG] - evaluate_round 1 received 9 results and 0 failures
[2025-03-24 20:24:45,837][flwr][WARNING] - No evaluate_metrics_aggregation_fn provided
[2025-03-24 20:24:48,604][flwr][INFO] - Server 2: about to sample 9 clients
[2025-03-24 20:24:48,604][flwr][INFO] - Round 2: selected clients
            ['9', '8', '7', '6', '5', '2', '1', '4', '3'] for fit.
[2025-03-24 20:24:48,605][flwr][DEBUG] - fit_round 2: strategy sampled 9 clients (out of 10)
[2025-03-24 20:25:02,473][flwr][DEBUG] - fit_round 2 received 9 results and 0 failures
[2025-03-24 20:25:03,488][flwr][INFO] - fit progress: (2, 2.2589030265808105, {'accuracy': 0.17949999868869781}, 38.3576659590035)
[2025-03-24 20:25:03,488][flwr][DEBUG] - evaluate_round 2: strategy sampled 9 clients (out of 10)
[2025-03-24 20:25:05,082][flwr][DEBUG] - evaluate_round 2 received 9 results and 0 failures
[2025-03-24 20:25:07,905][flwr][INFO] - Server 3: about to sample 9 clients
[2025-03-24 20:25:07,905][flwr][INFO] - Round 3: selected clients
            ['0', '6', '8', '5', '4', '3', '9', '7', '2'] for fit.
[2025-03-24 20:25:07,905][flwr][DEBUG] - fit_round 3: strategy sampled 9 clients (out of 10)
[2025-03-24 20:25:22,310][flwr][DEBUG] - fit_round 3 received 9 results and 0 failures
[2025-03-24 20:25:23,332][flwr][INFO] - fit progress: (3, 2.088054656982422, {'accuracy': 0.22200000286102295}, 58.20235095900716)
[2025-03-24 20:25:23,332][flwr][DEBUG] - evaluate_round 3: strategy sampled 9 clients (out of 10)
[2025-03-24 20:25:24,987][flwr][DEBUG] - evaluate_round 3 received 9 results and 0 failures
[2025-03-24 20:25:27,819][flwr][INFO] - Server 4: about to sample 9 clients
[2025-03-24 20:25:27,819][flwr][INFO] - Round 4: selected clients
            ['3', '0', '8', '7', '2', '5', '9', '4', '1'] for fit.
[2025-03-24 20:25:27,820][flwr][DEBUG] - fit_round 4: strategy sampled 9 clients (out of 10)
[2025-03-24 20:25:43,387][flwr][DEBUG] - fit_round 4 received 9 results and 0 failures
[2025-03-24 20:25:44,402][flwr][INFO] - fit progress: (4, 1.8429973125457764, {'accuracy': 0.3246000111103058}, 79.27279904199531)
[2025-03-24 20:25:44,402][flwr][DEBUG] - evaluate_round 4: strategy sampled 9 clients (out of 10)
[2025-03-24 20:25:46,163][flwr][DEBUG] - evaluate_round 4 received 9 results and 0 failures
[2025-03-24 20:25:48,968][flwr][INFO] - Server 5: about to sample 9 clients
[2025-03-24 20:25:48,969][flwr][INFO] - Round 5: selected clients
            ['9', '5', '6', '8', '1', '7', '3', '0', '2'] for fit.
[2025-03-24 20:25:48,969][flwr][DEBUG] - fit_round 5: strategy sampled 9 clients (out of 10)
[2025-03-24 20:26:03,695][flwr][DEBUG] - fit_round 5 received 9 results and 0 failures
[2025-03-24 20:26:04,708][flwr][INFO] - fit progress: (5, 1.7604485750198364, {'accuracy': 0.3564999997615814}, 99.57966783399752)
[2025-03-24 20:26:04,709][flwr][DEBUG] - evaluate_round 5: strategy sampled 9 clients (out of 10)
[2025-03-24 20:26:06,414][flwr][DEBUG] - evaluate_round 5 received 9 results and 0 failures
[2025-03-24 20:26:09,188][flwr][INFO] - Server 6: about to sample 9 clients
[2025-03-24 20:26:09,188][flwr][INFO] - Round 6: selected clients
            ['3', '4', '0', '9', '6', '2', '7', '1', '8'] for fit.
[2025-03-24 20:26:09,189][flwr][DEBUG] - fit_round 6: strategy sampled 9 clients (out of 10)
[2025-03-24 20:26:21,202][flwr][DEBUG] - fit_round 6 received 9 results and 0 failures
[2025-03-24 20:26:22,228][flwr][INFO] - fit progress: (6, 1.6761490106582642, {'accuracy': 0.41370001435279846}, 117.09954004200699)
[2025-03-24 20:26:22,228][flwr][DEBUG] - evaluate_round 6: strategy sampled 9 clients (out of 10)
[2025-03-24 20:26:23,775][flwr][DEBUG] - evaluate_round 6 received 9 results and 0 failures
[2025-03-24 20:26:26,520][flwr][INFO] - Server 7: about to sample 9 clients
[2025-03-24 20:26:26,520][flwr][INFO] - Round 7: selected clients
            ['3', '2', '9', '1', '7', '6', '5', '8', '0'] for fit.
[2025-03-24 20:26:26,520][flwr][DEBUG] - fit_round 7: strategy sampled 9 clients (out of 10)
[2025-03-24 20:26:41,413][flwr][DEBUG] - fit_round 7 received 9 results and 0 failures
[2025-03-24 20:26:42,421][flwr][INFO] - fit progress: (7, 1.6808580160140991, {'accuracy': 0.39719998836517334}, 137.2934657500009)
[2025-03-24 20:26:42,421][flwr][DEBUG] - evaluate_round 7: strategy sampled 9 clients (out of 10)
[2025-03-24 20:26:44,167][flwr][DEBUG] - evaluate_round 7 received 9 results and 0 failures
[2025-03-24 20:26:46,967][flwr][INFO] - Server 8: about to sample 9 clients
[2025-03-24 20:26:46,967][flwr][INFO] - Round 8: selected clients
            ['0', '9', '1', '5', '7', '3', '8', '2', '6'] for fit.
[2025-03-24 20:26:46,967][flwr][DEBUG] - fit_round 8: strategy sampled 9 clients (out of 10)
[2025-03-24 20:27:01,796][flwr][DEBUG] - fit_round 8 received 9 results and 0 failures
[2025-03-24 20:27:02,811][flwr][INFO] - fit progress: (8, 1.8261834383010864, {'accuracy': 0.3434999883174896}, 157.68430279199674)
[2025-03-24 20:27:02,812][flwr][DEBUG] - evaluate_round 8: strategy sampled 9 clients (out of 10)
[2025-03-24 20:27:04,563][flwr][DEBUG] - evaluate_round 8 received 9 results and 0 failures
[2025-03-24 20:27:07,329][flwr][INFO] - Server 9: about to sample 9 clients
[2025-03-24 20:27:07,329][flwr][INFO] - Round 9: selected clients
            ['9', '2', '1', '0', '5', '6', '8', '3', '7'] for fit.
[2025-03-24 20:27:07,329][flwr][DEBUG] - fit_round 9: strategy sampled 9 clients (out of 10)
[2025-03-24 20:27:22,073][flwr][DEBUG] - fit_round 9 received 9 results and 0 failures
[2025-03-24 20:27:23,075][flwr][INFO] - fit progress: (9, 1.8963242769241333, {'accuracy': 0.29429998993873596}, 177.9482657500048)
[2025-03-24 20:27:23,075][flwr][DEBUG] - evaluate_round 9: strategy sampled 9 clients (out of 10)
[2025-03-24 20:27:24,821][flwr][DEBUG] - evaluate_round 9 received 9 results and 0 failures
[2025-03-24 20:27:27,554][flwr][INFO] - Server 10: about to sample 9 clients
[2025-03-24 20:27:27,554][flwr][INFO] - Round 10: selected clients
            ['0', '9', '7', '2', '5', '6', '8', '1', '3'] for fit.
[2025-03-24 20:27:27,554][flwr][DEBUG] - fit_round 10: strategy sampled 9 clients (out of 10)
[2025-03-24 20:27:42,391][flwr][DEBUG] - fit_round 10 received 9 results and 0 failures
[2025-03-24 20:27:43,406][flwr][INFO] - fit progress: (10, 1.8673183917999268, {'accuracy': 0.3230000138282776}, 198.28029270899424)
[2025-03-24 20:27:43,406][flwr][DEBUG] - evaluate_round 10: strategy sampled 9 clients (out of 10)
[2025-03-24 20:27:45,152][flwr][DEBUG] - evaluate_round 10 received 9 results and 0 failures
[2025-03-24 20:27:47,937][flwr][INFO] - Server 11: about to sample 9 clients
[2025-03-24 20:27:47,937][flwr][INFO] - Round 11: selected clients
            ['9', '0', '5', '6', '1', '2', '8', '7', '3'] for fit.
[2025-03-24 20:27:47,937][flwr][DEBUG] - fit_round 11: strategy sampled 9 clients (out of 10)
[2025-03-24 20:28:02,617][flwr][DEBUG] - fit_round 11 received 9 results and 0 failures
[2025-03-24 20:28:03,626][flwr][INFO] - fit progress: (11, 1.6328214406967163, {'accuracy': 0.39959999918937683}, 218.50051633399562)
[2025-03-24 20:28:03,626][flwr][DEBUG] - evaluate_round 11: strategy sampled 9 clients (out of 10)
[2025-03-24 20:28:05,360][flwr][DEBUG] - evaluate_round 11 received 9 results and 0 failures
[2025-03-24 20:28:08,165][flwr][INFO] - Server 12: about to sample 9 clients
[2025-03-24 20:28:08,165][flwr][INFO] - Round 12: selected clients
            ['1', '2', '7', '3', '0', '8', '5', '4', '6'] for fit.
[2025-03-24 20:28:08,165][flwr][DEBUG] - fit_round 12: strategy sampled 9 clients (out of 10)
[2025-03-24 20:28:23,213][flwr][DEBUG] - fit_round 12 received 9 results and 0 failures
[2025-03-24 20:28:24,225][flwr][INFO] - fit progress: (12, 1.7628810405731201, {'accuracy': 0.361299991607666}, 239.10046954199788)
[2025-03-24 20:28:24,226][flwr][DEBUG] - evaluate_round 12: strategy sampled 9 clients (out of 10)
[2025-03-24 20:28:26,008][flwr][DEBUG] - evaluate_round 12 received 9 results and 0 failures
[2025-03-24 20:28:28,804][flwr][INFO] - Server 13: about to sample 9 clients
[2025-03-24 20:28:28,804][flwr][INFO] - Round 13: selected clients
            ['5', '8', '3', '1', '0', '9', '2', '6', '7'] for fit.
[2025-03-24 20:28:28,804][flwr][DEBUG] - fit_round 13: strategy sampled 9 clients (out of 10)
[2025-03-24 20:28:43,528][flwr][DEBUG] - fit_round 13 received 9 results and 0 failures
[2025-03-24 20:28:44,552][flwr][INFO] - fit progress: (13, 1.5445363521575928, {'accuracy': 0.42149999737739563}, 259.42767529199773)
[2025-03-24 20:28:44,552][flwr][DEBUG] - evaluate_round 13: strategy sampled 9 clients (out of 10)
[2025-03-24 20:28:46,220][flwr][DEBUG] - evaluate_round 13 received 9 results and 0 failures
[2025-03-24 20:28:49,007][flwr][INFO] - Server 14: about to sample 9 clients
[2025-03-24 20:28:49,007][flwr][INFO] - Round 14: selected clients
            ['6', '7', '3', '1', '5', '9', '0', '8', '2'] for fit.
[2025-03-24 20:28:49,007][flwr][DEBUG] - fit_round 14: strategy sampled 9 clients (out of 10)
[2025-03-24 20:29:03,910][flwr][DEBUG] - fit_round 14 received 9 results and 0 failures
[2025-03-24 20:29:04,932][flwr][INFO] - fit progress: (14, 1.495213508605957, {'accuracy': 0.43470001220703125}, 279.8079017090058)
[2025-03-24 20:29:04,932][flwr][DEBUG] - evaluate_round 14: strategy sampled 9 clients (out of 10)
[2025-03-24 20:29:06,623][flwr][DEBUG] - evaluate_round 14 received 9 results and 0 failures
[2025-03-24 20:29:09,415][flwr][INFO] - Server 15: about to sample 9 clients
[2025-03-24 20:29:09,417][flwr][INFO] - Round 15: selected clients
            ['6', '2', '7', '0', '9', '5', '1', '3', '8'] for fit.
[2025-03-24 20:29:09,421][flwr][DEBUG] - fit_round 15: strategy sampled 9 clients (out of 10)
[2025-03-24 20:29:24,262][flwr][DEBUG] - fit_round 15 received 9 results and 0 failures
[2025-03-24 20:29:25,280][flwr][INFO] - fit progress: (15, 1.5519559383392334, {'accuracy': 0.4214000105857849}, 300.15651241700107)
[2025-03-24 20:29:25,280][flwr][DEBUG] - evaluate_round 15: strategy sampled 9 clients (out of 10)
[2025-03-24 20:29:27,002][flwr][DEBUG] - evaluate_round 15 received 9 results and 0 failures
[2025-03-24 20:29:29,763][flwr][INFO] - Server 16: about to sample 9 clients
[2025-03-24 20:29:29,763][flwr][INFO] - Round 16: selected clients
            ['2', '9', '7', '0', '6', '5', '1', '8', '3'] for fit.
[2025-03-24 20:29:29,763][flwr][DEBUG] - fit_round 16: strategy sampled 9 clients (out of 10)
[2025-03-24 20:29:44,489][flwr][DEBUG] - fit_round 16 received 9 results and 0 failures
[2025-03-24 20:29:45,600][flwr][INFO] - fit progress: (16, 1.5480589866638184, {'accuracy': 0.42320001125335693}, 320.4771199590032)
[2025-03-24 20:29:45,600][flwr][DEBUG] - evaluate_round 16: strategy sampled 9 clients (out of 10)
[2025-03-24 20:29:47,354][flwr][DEBUG] - evaluate_round 16 received 9 results and 0 failures
[2025-03-24 20:29:50,151][flwr][INFO] - Server 17: about to sample 9 clients
[2025-03-24 20:29:50,151][flwr][INFO] - Round 17: selected clients
            ['9', '8', '7', '0', '2', '1', '6', '5', '3'] for fit.
[2025-03-24 20:29:50,151][flwr][DEBUG] - fit_round 17: strategy sampled 9 clients (out of 10)
[2025-03-24 20:30:04,790][flwr][DEBUG] - fit_round 17 received 9 results and 0 failures
[2025-03-24 20:30:05,812][flwr][INFO] - fit progress: (17, 1.4785408973693848, {'accuracy': 0.44359999895095825}, 340.68978670900105)
[2025-03-24 20:30:05,812][flwr][DEBUG] - evaluate_round 17: strategy sampled 9 clients (out of 10)
[2025-03-24 20:30:07,582][flwr][DEBUG] - evaluate_round 17 received 9 results and 0 failures
[2025-03-24 20:30:10,345][flwr][INFO] - Server 18: about to sample 9 clients
[2025-03-24 20:30:10,345][flwr][INFO] - Round 18: selected clients
            ['7', '5', '3', '1', '9', '8', '6', '4', '0'] for fit.
[2025-03-24 20:30:10,345][flwr][DEBUG] - fit_round 18: strategy sampled 9 clients (out of 10)
[2025-03-24 20:30:25,518][flwr][DEBUG] - fit_round 18 received 9 results and 0 failures
[2025-03-24 20:30:26,536][flwr][INFO] - fit progress: (18, 1.6200515031814575, {'accuracy': 0.42149999737739563}, 361.41487537500507)
[2025-03-24 20:30:26,537][flwr][DEBUG] - evaluate_round 18: strategy sampled 9 clients (out of 10)
[2025-03-24 20:30:28,384][flwr][DEBUG] - evaluate_round 18 received 9 results and 0 failures
[2025-03-24 20:30:31,096][flwr][INFO] - Server 19: about to sample 9 clients
[2025-03-24 20:30:31,097][flwr][INFO] - Round 19: selected clients
            ['4', '3', '9', '5', '1', '7', '0', '8', '6'] for fit.
[2025-03-24 20:30:31,097][flwr][DEBUG] - fit_round 19: strategy sampled 9 clients (out of 10)
[2025-03-24 20:30:46,359][flwr][DEBUG] - fit_round 19 received 9 results and 0 failures
[2025-03-24 20:30:47,388][flwr][INFO] - fit progress: (19, 1.586001992225647, {'accuracy': 0.4345000088214874}, 382.267474459004)
[2025-03-24 20:30:47,389][flwr][DEBUG] - evaluate_round 19: strategy sampled 9 clients (out of 10)
[2025-03-24 20:30:49,152][flwr][DEBUG] - evaluate_round 19 received 9 results and 0 failures
[2025-03-24 20:30:51,922][flwr][INFO] - Server 20: about to sample 9 clients
[2025-03-24 20:30:51,922][flwr][INFO] - Round 20: selected clients
            ['8', '7', '0', '2', '9', '5', '1', '6', '3'] for fit.
[2025-03-24 20:30:51,922][flwr][DEBUG] - fit_round 20: strategy sampled 9 clients (out of 10)
[2025-03-24 20:31:06,698][flwr][DEBUG] - fit_round 20 received 9 results and 0 failures
[2025-03-24 20:31:07,714][flwr][INFO] - fit progress: (20, 1.4112601280212402, {'accuracy': 0.4763999879360199}, 402.59366029199737)
[2025-03-24 20:31:07,714][flwr][DEBUG] - evaluate_round 20: strategy sampled 9 clients (out of 10)
[2025-03-24 20:31:09,479][flwr][DEBUG] - evaluate_round 20 received 9 results and 0 failures
[2025-03-24 20:31:09,479][flwr][INFO] - FL finished in 404.35848650000116
[2025-03-24 20:31:09,479][flwr][INFO] - app_fit: losses_distributed [(1, 2.2909819972060412), (2, 2.2806719121473744), (3, 2.0807918909824257), (4, 1.8087802943520652), (5, 1.7845879711406298), (6, 1.6832019786855597), (7, 1.696963164636788), (8, 1.761167306601244), (9, 1.8541127347925979), (10, 1.7818327222104602), (11, 1.606413007741455), (12, 1.7248914611972188), (13, 1.5343376679202443), (14, 1.5055267252627316), (15, 1.5794911259922508), (16, 1.5225257275469923), (17, 1.4521860268336044), (18, 1.5404105919868334), (19, 1.5845800930426839), (20, 1.395160822924873)]
[2025-03-24 20:31:09,479][flwr][INFO] - app_fit: metrics_distributed_fit {'variance_training_loss': [(1, 0.1502431191075587), (2, 0.3046299381952675), (3, 0.4056118260920881), (4, 0.15927562534480716), (5, 0.41618562362267114), (6, 0.25738719720659636), (7, 0.33804705041067884), (8, 0.361263542732976), (9, 0.32257591592869395), (10, 0.3945083799866988), (11, 0.4213751251556854), (12, 0.26245784178810694), (13, 0.49160571421439286), (14, 0.4221408469932102), (15, 0.4125833895960448), (16, 0.4101505046519037), (17, 0.32404873125483724), (18, 0.6845821729810673), (19, 0.599415552652125), (20, 0.4892579239091839)], 'average_training_loss': [(1, 1.5216477976904974), (2, 1.2933185266123877), (3, 1.286232289340761), (4, 1.124961041741901), (5, 1.2882013983196683), (6, 1.1913981570137873), (7, 1.2041390140851338), (8, 1.21863411532508), (9, 1.1817829542689853), (10, 1.2020084659258525), (11, 1.1979658669895596), (12, 1.21271550655365), (13, 1.2013630204730563), (14, 1.1632744901710086), (15, 1.1446989973386128), (16, 1.1334652735127344), (17, 1.0991931127177343), (18, 1.142974015739229), (19, 1.114332742161221), (20, 1.1332929068141513)], 'estimated_times': [(1, [0.0, 11.33968709042844, 45.96028599556624, 10.16231960166499, 22.977003767248355, 31.362529891372954, 5.956363905339768, 9.332001554872217, 31.599814604093115]), (2, [22.977003767248355, 10.16231960166499, 4.8102902978069295, 9.332001554872217, 31.599814604093115, 5.956363905339768, 11.33968709042844, 0.0, 45.96028599556624]), (3, [9.332001554872217, 31.362529891372954, 22.977003767248355, 45.96028599556624, 31.599814604093115, 10.16231960166499, 5.956363905339768, 0.0, 4.8102902978069295]), (4, [31.362529891372954, 11.33968709042844, 10.16231960166499, 45.96028599556624, 5.956363905339768, 4.8102902978069295, 31.599814604093115, 22.977003767248355, 9.332001554872217]), (5, [22.977003767248355, 5.956363905339768, 4.8102902978069295, 9.332001554872217, 45.96028599556624, 11.33968709042844, 31.599814604093115, 0.0, 31.362529891372954]), (6, [10.16231960166499, 31.362529891372954, 22.977003767248355, 9.332001554872217, 5.956363905339768, 11.33968709042844, 0.0, 45.96028599556624, 4.8102902978069295]), (7, [45.96028599556624, 11.33968709042844, 31.362529891372954, 0.0, 9.332001554872217, 22.977003767248355, 4.8102902978069295, 5.956363905339768, 31.599814604093115]), (8, [22.977003767248355, 5.956363905339768, 4.8102902978069295, 11.33968709042844, 31.362529891372954, 45.96028599556624, 0.0, 31.599814604093115, 9.332001554872217]), (9, [9.332001554872217, 5.956363905339768, 31.362529891372954, 31.599814604093115, 11.33968709042844, 22.977003767248355, 45.96028599556624, 0.0, 4.8102902978069295]), (10, [11.33968709042844, 4.8102902978069295, 31.362529891372954, 5.956363905339768, 9.332001554872217, 0.0, 45.96028599556624, 22.977003767248355, 31.599814604093115]), (11, [45.96028599556624, 0.0, 11.33968709042844, 31.599814604093115, 31.362529891372954, 5.956363905339768, 22.977003767248355, 9.332001554872217, 4.8102902978069295]), (12, [31.362529891372954, 11.33968709042844, 31.599814604093115, 10.16231960166499, 9.332001554872217, 22.977003767248355, 45.96028599556624, 0.0, 5.956363905339768]), (13, [11.33968709042844, 9.332001554872217, 22.977003767248355, 31.362529891372954, 5.956363905339768, 31.599814604093115, 45.96028599556624, 4.8102902978069295, 0.0]), (14, [22.977003767248355, 45.96028599556624, 0.0, 9.332001554872217, 5.956363905339768, 4.8102902978069295, 31.362529891372954, 11.33968709042844, 31.599814604093115]), (15, [0.0, 4.8102902978069295, 9.332001554872217, 31.599814604093115, 22.977003767248355, 11.33968709042844, 5.956363905339768, 45.96028599556624, 31.362529891372954]), (16, [31.599814604093115, 22.977003767248355, 5.956363905339768, 9.332001554872217, 45.96028599556624, 4.8102902978069295, 0.0, 31.362529891372954, 11.33968709042844]), (17, [0.0, 4.8102902978069295, 11.33968709042844, 31.362529891372954, 22.977003767248355, 5.956363905339768, 31.599814604093115, 9.332001554872217, 45.96028599556624]), (18, [31.599814604093115, 11.33968709042844, 0.0, 5.956363905339768, 22.977003767248355, 45.96028599556624, 4.8102902978069295, 31.362529891372954, 10.16231960166499]), (19, [22.977003767248355, 5.956363905339768, 4.8102902978069295, 0.0, 10.16231960166499, 31.362529891372954, 31.599814604093115, 11.33968709042844, 45.96028599556624]), (20, [31.362529891372954, 0.0, 22.977003767248355, 31.599814604093115, 45.96028599556624, 11.33968709042844, 5.956363905339768, 4.8102902978069295, 9.332001554872217])]}
[2025-03-24 20:31:09,480][flwr][INFO] - app_fit: metrics_distributed {}
[2025-03-24 20:31:09,481][flwr][INFO] - app_fit: losses_centralized [(0, 2.3018686771392822), (1, 2.313246965408325), (2, 2.2589030265808105), (3, 2.088054656982422), (4, 1.8429973125457764), (5, 1.7604485750198364), (6, 1.6761490106582642), (7, 1.6808580160140991), (8, 1.8261834383010864), (9, 1.8963242769241333), (10, 1.8673183917999268), (11, 1.6328214406967163), (12, 1.7628810405731201), (13, 1.5445363521575928), (14, 1.495213508605957), (15, 1.5519559383392334), (16, 1.5480589866638184), (17, 1.4785408973693848), (18, 1.6200515031814575), (19, 1.586001992225647), (20, 1.4112601280212402)]
[2025-03-24 20:31:09,481][flwr][INFO] - app_fit: metrics_centralized {'accuracy': [(0, 0.10559999942779541), (1, 0.10010000318288803), (2, 0.17949999868869781), (3, 0.22200000286102295), (4, 0.3246000111103058), (5, 0.3564999997615814), (6, 0.41370001435279846), (7, 0.39719998836517334), (8, 0.3434999883174896), (9, 0.29429998993873596), (10, 0.3230000138282776), (11, 0.39959999918937683), (12, 0.361299991607666), (13, 0.42149999737739563), (14, 0.43470001220703125), (15, 0.4214000105857849), (16, 0.42320001125335693), (17, 0.44359999895095825), (18, 0.42149999737739563), (19, 0.4345000088214874), (20, 0.4763999879360199)]}
