[2025-03-10 19:22:10,520][flwr][INFO] - Using FedAvg strategy
[2025-03-10 19:22:10,521][flwr][INFO] - Starting Flower simulation, config: ServerConfig(num_rounds=20, round_timeout=None)
[2025-03-10 19:22:11,692][flwr][INFO] - Flower VCE: Ray initialized with resources: {'memory': 15722355098.0, 'CPU': 8.0, 'node:__internal_head__': 1.0, 'node:127.0.0.1': 1.0, 'object_store_memory': 2147483648.0}
[2025-03-10 19:22:11,692][flwr][INFO] - Flower VCE: Resources for each Virtual Client: {'num_cpus': 0.5, 'num_gpus': 0}
[2025-03-10 19:22:11,698][flwr][INFO] - Flower VCE: Creating VirtualClientEngineActorPool with 16 actors
[2025-03-10 19:22:11,698][flwr][INFO] - Initializing global parameters
[2025-03-10 19:22:11,698][flwr][INFO] - Requesting initial parameters from one random client
[2025-03-10 19:22:17,845][flwr][INFO] - Received initial parameters from one random client
[2025-03-10 19:22:17,845][flwr][INFO] - Evaluating initial parameters
[2025-03-10 19:22:18,980][flwr][INFO] - initial parameters (loss, other metrics): 2.3033809661865234, {'accuracy': 0.09179999679327011}
[2025-03-10 19:22:18,980][flwr][INFO] - FL starting
[2025-03-10 19:22:18,981][flwr][DEBUG] - fit_round 1: strategy sampled 9 clients (out of 10)
[2025-03-10 19:22:46,944][flwr][DEBUG] - fit_round 1 received 9 results and 0 failures
[2025-03-10 19:22:47,971][flwr][INFO] - fit progress: (1, 2.372992992401123, {'accuracy': 0.10000000149011612}, 28.990836415905505)
[2025-03-10 19:22:47,971][flwr][DEBUG] - evaluate_round 1: strategy sampled 9 clients (out of 10)
[2025-03-10 19:22:50,056][flwr][DEBUG] - evaluate_round 1 received 9 results and 0 failures
[2025-03-10 19:22:50,056][flwr][WARNING] - No evaluate_metrics_aggregation_fn provided
[2025-03-10 19:22:50,056][flwr][DEBUG] - fit_round 2: strategy sampled 9 clients (out of 10)
[2025-03-10 19:23:09,874][flwr][DEBUG] - fit_round 2 received 9 results and 0 failures
[2025-03-10 19:23:10,905][flwr][INFO] - fit progress: (2, 2.2982349395751953, {'accuracy': 0.19699999690055847}, 51.92458820797037)
[2025-03-10 19:23:10,905][flwr][DEBUG] - evaluate_round 2: strategy sampled 9 clients (out of 10)
[2025-03-10 19:23:12,925][flwr][DEBUG] - evaluate_round 2 received 9 results and 0 failures
[2025-03-10 19:23:12,925][flwr][DEBUG] - fit_round 3: strategy sampled 9 clients (out of 10)
[2025-03-10 19:23:40,727][flwr][DEBUG] - fit_round 3 received 9 results and 0 failures
[2025-03-10 19:23:41,768][flwr][INFO] - fit progress: (3, 1.805291771888733, {'accuracy': 0.33559998869895935}, 82.78757970791776)
[2025-03-10 19:23:41,768][flwr][DEBUG] - evaluate_round 3: strategy sampled 9 clients (out of 10)
[2025-03-10 19:23:43,794][flwr][DEBUG] - evaluate_round 3 received 9 results and 0 failures
[2025-03-10 19:23:43,794][flwr][DEBUG] - fit_round 4: strategy sampled 9 clients (out of 10)
[2025-03-10 19:24:12,119][flwr][DEBUG] - fit_round 4 received 9 results and 0 failures
[2025-03-10 19:24:13,163][flwr][INFO] - fit progress: (4, 1.5378940105438232, {'accuracy': 0.44769999384880066}, 114.18266358296387)
[2025-03-10 19:24:13,163][flwr][DEBUG] - evaluate_round 4: strategy sampled 9 clients (out of 10)
[2025-03-10 19:24:14,957][flwr][DEBUG] - evaluate_round 4 received 9 results and 0 failures
[2025-03-10 19:24:14,958][flwr][DEBUG] - fit_round 5: strategy sampled 9 clients (out of 10)
[2025-03-10 19:24:42,748][flwr][DEBUG] - fit_round 5 received 9 results and 0 failures
[2025-03-10 19:24:43,778][flwr][INFO] - fit progress: (5, 1.5063382387161255, {'accuracy': 0.4528000056743622}, 144.79776587500237)
[2025-03-10 19:24:43,779][flwr][DEBUG] - evaluate_round 5: strategy sampled 9 clients (out of 10)
[2025-03-10 19:24:45,936][flwr][DEBUG] - evaluate_round 5 received 9 results and 0 failures
[2025-03-10 19:24:45,936][flwr][DEBUG] - fit_round 6: strategy sampled 9 clients (out of 10)
[2025-03-10 19:25:11,793][flwr][DEBUG] - fit_round 6 received 9 results and 0 failures
[2025-03-10 19:25:12,829][flwr][INFO] - fit progress: (6, 1.6724262237548828, {'accuracy': 0.3474999964237213}, 173.84857412497513)
[2025-03-10 19:25:12,829][flwr][DEBUG] - evaluate_round 6: strategy sampled 9 clients (out of 10)
[2025-03-10 19:25:14,897][flwr][DEBUG] - evaluate_round 6 received 9 results and 0 failures
[2025-03-10 19:25:14,897][flwr][DEBUG] - fit_round 7: strategy sampled 9 clients (out of 10)
[2025-03-10 19:25:44,147][flwr][DEBUG] - fit_round 7 received 9 results and 0 failures
[2025-03-10 19:25:45,158][flwr][INFO] - fit progress: (7, 1.5187710523605347, {'accuracy': 0.42640000581741333}, 206.1772567499429)
[2025-03-10 19:25:45,158][flwr][DEBUG] - evaluate_round 7: strategy sampled 9 clients (out of 10)
[2025-03-10 19:25:47,223][flwr][DEBUG] - evaluate_round 7 received 9 results and 0 failures
[2025-03-10 19:25:47,223][flwr][DEBUG] - fit_round 8: strategy sampled 9 clients (out of 10)
[2025-03-10 19:26:17,383][flwr][DEBUG] - fit_round 8 received 9 results and 0 failures
[2025-03-10 19:26:18,455][flwr][INFO] - fit progress: (8, 1.4737402200698853, {'accuracy': 0.4415000081062317}, 239.47417537495494)
[2025-03-10 19:26:18,455][flwr][DEBUG] - evaluate_round 8: strategy sampled 9 clients (out of 10)
[2025-03-10 19:26:20,625][flwr][DEBUG] - evaluate_round 8 received 9 results and 0 failures
[2025-03-10 19:26:20,625][flwr][DEBUG] - fit_round 9: strategy sampled 9 clients (out of 10)
[2025-03-10 19:26:48,443][flwr][DEBUG] - fit_round 9 received 9 results and 0 failures
[2025-03-10 19:26:49,472][flwr][INFO] - fit progress: (9, 1.4914464950561523, {'accuracy': 0.45820000767707825}, 270.49112062493805)
[2025-03-10 19:26:49,472][flwr][DEBUG] - evaluate_round 9: strategy sampled 9 clients (out of 10)
[2025-03-10 19:26:51,462][flwr][DEBUG] - evaluate_round 9 received 9 results and 0 failures
[2025-03-10 19:26:51,462][flwr][DEBUG] - fit_round 10: strategy sampled 9 clients (out of 10)
[2025-03-10 19:27:18,901][flwr][DEBUG] - fit_round 10 received 9 results and 0 failures
[2025-03-10 19:27:19,923][flwr][INFO] - fit progress: (10, 1.3388422727584839, {'accuracy': 0.5253000259399414}, 300.94250295800157)
[2025-03-10 19:27:19,924][flwr][DEBUG] - evaluate_round 10: strategy sampled 9 clients (out of 10)
[2025-03-10 19:27:21,926][flwr][DEBUG] - evaluate_round 10 received 9 results and 0 failures
[2025-03-10 19:27:21,926][flwr][DEBUG] - fit_round 11: strategy sampled 9 clients (out of 10)
[2025-03-10 19:27:49,236][flwr][DEBUG] - fit_round 11 received 9 results and 0 failures
[2025-03-10 19:27:50,251][flwr][INFO] - fit progress: (11, 1.3883436918258667, {'accuracy': 0.48840001225471497}, 331.2703131249873)
[2025-03-10 19:27:50,251][flwr][DEBUG] - evaluate_round 11: strategy sampled 9 clients (out of 10)
[2025-03-10 19:27:52,029][flwr][DEBUG] - evaluate_round 11 received 9 results and 0 failures
[2025-03-10 19:27:52,029][flwr][DEBUG] - fit_round 12: strategy sampled 9 clients (out of 10)
[2025-03-10 19:28:17,911][flwr][DEBUG] - fit_round 12 received 9 results and 0 failures
[2025-03-10 19:28:18,928][flwr][INFO] - fit progress: (12, 1.4177767038345337, {'accuracy': 0.48069998621940613}, 359.94692429096904)
[2025-03-10 19:28:18,928][flwr][DEBUG] - evaluate_round 12: strategy sampled 9 clients (out of 10)
[2025-03-10 19:28:20,918][flwr][DEBUG] - evaluate_round 12 received 9 results and 0 failures
[2025-03-10 19:28:20,918][flwr][DEBUG] - fit_round 13: strategy sampled 9 clients (out of 10)
[2025-03-10 19:28:41,350][flwr][DEBUG] - fit_round 13 received 9 results and 0 failures
[2025-03-10 19:28:42,365][flwr][INFO] - fit progress: (13, 1.6042659282684326, {'accuracy': 0.42089998722076416}, 383.3834750409005)
[2025-03-10 19:28:42,365][flwr][DEBUG] - evaluate_round 13: strategy sampled 9 clients (out of 10)
[2025-03-10 19:28:44,479][flwr][DEBUG] - evaluate_round 13 received 9 results and 0 failures
[2025-03-10 19:28:44,480][flwr][DEBUG] - fit_round 14: strategy sampled 9 clients (out of 10)
[2025-03-10 19:29:12,507][flwr][DEBUG] - fit_round 14 received 9 results and 0 failures
[2025-03-10 19:29:13,536][flwr][INFO] - fit progress: (14, 1.2892699241638184, {'accuracy': 0.5267999768257141}, 414.55439166596625)
[2025-03-10 19:29:13,536][flwr][DEBUG] - evaluate_round 14: strategy sampled 9 clients (out of 10)
[2025-03-10 19:29:15,526][flwr][DEBUG] - evaluate_round 14 received 9 results and 0 failures
[2025-03-10 19:29:15,527][flwr][DEBUG] - fit_round 15: strategy sampled 9 clients (out of 10)
[2025-03-10 19:29:41,534][flwr][DEBUG] - fit_round 15 received 9 results and 0 failures
[2025-03-10 19:29:42,557][flwr][INFO] - fit progress: (15, 1.3390666246414185, {'accuracy': 0.5153999924659729}, 443.576169500011)
[2025-03-10 19:29:42,558][flwr][DEBUG] - evaluate_round 15: strategy sampled 9 clients (out of 10)
[2025-03-10 19:29:44,597][flwr][DEBUG] - evaluate_round 15 received 9 results and 0 failures
[2025-03-10 19:29:44,597][flwr][DEBUG] - fit_round 16: strategy sampled 9 clients (out of 10)
[2025-03-10 19:30:13,018][flwr][DEBUG] - fit_round 16 received 9 results and 0 failures
[2025-03-10 19:30:14,055][flwr][INFO] - fit progress: (16, 1.3251138925552368, {'accuracy': 0.5187000036239624}, 475.07391370797995)
[2025-03-10 19:30:14,055][flwr][DEBUG] - evaluate_round 16: strategy sampled 9 clients (out of 10)
[2025-03-10 19:30:16,090][flwr][DEBUG] - evaluate_round 16 received 9 results and 0 failures
[2025-03-10 19:30:16,090][flwr][DEBUG] - fit_round 17: strategy sampled 9 clients (out of 10)
[2025-03-10 19:30:43,919][flwr][DEBUG] - fit_round 17 received 9 results and 0 failures
[2025-03-10 19:30:45,005][flwr][INFO] - fit progress: (17, 1.2079154253005981, {'accuracy': 0.560699999332428}, 506.0233575409511)
[2025-03-10 19:30:45,005][flwr][DEBUG] - evaluate_round 17: strategy sampled 9 clients (out of 10)
[2025-03-10 19:30:46,895][flwr][DEBUG] - evaluate_round 17 received 9 results and 0 failures
[2025-03-10 19:30:46,895][flwr][DEBUG] - fit_round 18: strategy sampled 9 clients (out of 10)
[2025-03-10 19:31:15,014][flwr][DEBUG] - fit_round 18 received 9 results and 0 failures
[2025-03-10 19:31:16,045][flwr][INFO] - fit progress: (18, 1.229016900062561, {'accuracy': 0.5483999848365784}, 537.0635264999)
[2025-03-10 19:31:16,045][flwr][DEBUG] - evaluate_round 18: strategy sampled 9 clients (out of 10)
[2025-03-10 19:31:18,067][flwr][DEBUG] - evaluate_round 18 received 9 results and 0 failures
[2025-03-10 19:31:18,067][flwr][DEBUG] - fit_round 19: strategy sampled 9 clients (out of 10)
[2025-03-10 19:31:39,008][flwr][DEBUG] - fit_round 19 received 9 results and 0 failures
[2025-03-10 19:31:40,033][flwr][INFO] - fit progress: (19, 1.5851675271987915, {'accuracy': 0.40700000524520874}, 561.0512150409631)
[2025-03-10 19:31:40,033][flwr][DEBUG] - evaluate_round 19: strategy sampled 9 clients (out of 10)
[2025-03-10 19:31:42,160][flwr][DEBUG] - evaluate_round 19 received 9 results and 0 failures
[2025-03-10 19:31:42,160][flwr][DEBUG] - fit_round 20: strategy sampled 9 clients (out of 10)
[2025-03-10 19:32:10,457][flwr][DEBUG] - fit_round 20 received 9 results and 0 failures
[2025-03-10 19:32:11,469][flwr][INFO] - fit progress: (20, 1.3225226402282715, {'accuracy': 0.5070000290870667}, 592.4870169999776)
[2025-03-10 19:32:11,469][flwr][DEBUG] - evaluate_round 20: strategy sampled 9 clients (out of 10)
[2025-03-10 19:32:12,758][flwr][DEBUG] - evaluate_round 20 received 9 results and 0 failures
[2025-03-10 19:32:12,758][flwr][INFO] - FL finished in 593.7761958749034
[2025-03-10 19:32:12,758][flwr][INFO] - app_fit: losses_distributed [(1, 2.360711974270198), (2, 2.5433727396326047), (3, 1.9369112574118723), (4, 1.5520453623066777), (5, 1.636481763409977), (6, 1.9784604580060368), (7, 1.6630033544411313), (8, 1.6229911547382085), (9, 1.443546696407039), (10, 1.4063844965737111), (11, 1.3596577861343604), (12, 1.4002780685152776), (13, 1.961146855266691), (14, 1.3555806096394856), (15, 1.5479740271054605), (16, 1.2867114337196244), (17, 1.1468275659671727), (18, 1.2768405467761212), (19, 1.5410304758421745), (20, 1.7213736423607884)]
[2025-03-10 19:32:12,758][flwr][INFO] - app_fit: metrics_distributed_fit {'variance_training_loss': [(1, 0.13252409819306105), (2, 0.10405135412799559), (3, 0.1809298144011551), (4, 0.10670457624342027), (5, 0.08711383136608149), (6, 0.10489171124468862), (7, 0.04797710172960664), (8, 0.046807264553533505), (9, 0.11212927280954747), (10, 0.11379956149098477), (11, 0.1106872652087127), (12, 0.10401384277129264), (13, 0.12618750741817386), (14, 0.16595140065326802), (15, 0.11940965652835638), (16, 0.13349197736690943), (17, 0.1350010954589097), (18, 0.05394629573602256), (19, 0.11807822989232067), (20, 0.16576855293882578)], 'average_training_loss': [(1, 1.666203088230557), (2, 1.4838250080744426), (3, 1.4477370580037434), (4, 1.3257283237245348), (5, 1.242987248632643), (6, 1.2478748891088698), (7, 1.1750971343782213), (8, 1.1400520470407274), (9, 1.2133609784973993), (10, 1.181393888261583), (11, 1.195081008805169), (12, 1.1352287001079984), (13, 1.168407142162323), (14, 1.2725057337019179), (15, 1.1816540890269809), (16, 1.142678525712755), (17, 1.129680938190884), (18, 1.0090520977973938), (19, 1.1161157886187236), (20, 1.1760894921090868)], 'estimated_times': [(1, [2.017724472239232, 0.26866099676060334, 26.311701515756923, 49.79103584779885, 2.7662425494453977, 0.5548933991433351, 0.24977951445206256, 5.237301019454666, 6.168210737140152]), (2, [6.168210737140152, 5.237301019454666, 0.24977951445206256, 2.7662425494453977, 0.27479488247278616, 0.26866099676060334, 2.017724472239232, 49.79103584779885, 0.5548933991433351]), (3, [5.237301019454666, 6.168210737140152, 0.27479488247278616, 49.79103584779885, 2.017724472239232, 2.7662425494453977, 0.5548933991433351, 26.311701515756923, 0.26866099676060334]), (4, [2.017724472239232, 6.168210737140152, 26.311701515756923, 2.7662425494453977, 0.27479488247278616, 0.5548933991433351, 0.24977951445206256, 49.79103584779885, 5.237301019454666]), (5, [6.168210737140152, 2.017724472239232, 0.27479488247278616, 0.26866099676060334, 26.311701515756923, 5.237301019454666, 0.24977951445206256, 2.7662425494453977, 49.79103584779885]), (6, [0.26866099676060334, 49.79103584779885, 2.017724472239232, 5.237301019454666, 0.27479488247278616, 26.311701515756923, 0.5548933991433351, 2.7662425494453977, 0.24977951445206256]), (7, [0.27479488247278616, 0.5548933991433351, 0.26866099676060334, 5.237301019454666, 2.7662425494453977, 49.79103584779885, 6.168210737140152, 2.017724472239232, 26.311701515756923]), (8, [2.017724472239232, 26.311701515756923, 6.168210737140152, 0.5548933991433351, 5.237301019454666, 49.79103584779885, 2.7662425494453977, 0.27479488247278616, 0.26866099676060334]), (9, [0.5548933991433351, 0.27479488247278616, 2.017724472239232, 0.26866099676060334, 5.237301019454666, 26.311701515756923, 49.79103584779885, 0.24977951445206256, 2.7662425494453977]), (10, [0.26866099676060334, 0.24977951445206256, 2.7662425494453977, 0.5548933991433351, 26.311701515756923, 0.27479488247278616, 6.168210737140152, 49.79103584779885, 5.237301019454666]), (11, [49.79103584779885, 0.27479488247278616, 6.168210737140152, 0.26866099676060334, 26.311701515756923, 2.017724472239232, 0.24977951445206256, 2.7662425494453977, 0.5548933991433351]), (12, [5.237301019454666, 0.5548933991433351, 49.79103584779885, 2.7662425494453977, 0.27479488247278616, 2.017724472239232, 0.24977951445206256, 26.311701515756923, 0.26866099676060334]), (13, [0.26866099676060334, 6.168210737140152, 5.237301019454666, 0.24977951445206256, 0.5548933991433351, 2.7662425494453977, 49.79103584779885, 2.017724472239232, 0.27479488247278616]), (14, [0.5548933991433351, 6.168210737140152, 0.24977951445206256, 0.26866099676060334, 5.237301019454666, 26.311701515756923, 49.79103584779885, 2.017724472239232, 2.7662425494453977]), (15, [2.7662425494453977, 0.26866099676060334, 5.237301019454666, 2.017724472239232, 0.27479488247278616, 26.311701515756923, 0.5548933991433351, 49.79103584779885, 0.24977951445206256]), (16, [5.237301019454666, 0.27479488247278616, 0.26866099676060334, 26.311701515756923, 0.24977951445206256, 6.168210737140152, 0.5548933991433351, 49.79103584779885, 2.7662425494453977]), (17, [0.26866099676060334, 26.311701515756923, 0.24977951445206256, 0.5548933991433351, 0.27479488247278616, 5.237301019454666, 49.79103584779885, 2.017724472239232, 6.168210737140152]), (18, [5.237301019454666, 2.017724472239232, 2.7662425494453977, 0.27479488247278616, 0.26866099676060334, 6.168210737140152, 26.311701515756923, 0.5548933991433351, 49.79103584779885]), (19, [49.79103584779885, 5.237301019454666, 2.7662425494453977, 0.26866099676060334, 0.5548933991433351, 6.168210737140152, 2.017724472239232, 0.24977951445206256, 0.27479488247278616]), (20, [49.79103584779885, 2.017724472239232, 2.7662425494453977, 5.237301019454666, 0.26866099676060334, 0.5548933991433351, 26.311701515756923, 6.168210737140152, 0.27479488247278616])]}
[2025-03-10 19:32:12,759][flwr][INFO] - app_fit: metrics_distributed {}
[2025-03-10 19:32:12,759][flwr][INFO] - app_fit: losses_centralized [(0, 2.3033809661865234), (1, 2.372992992401123), (2, 2.2982349395751953), (3, 1.805291771888733), (4, 1.5378940105438232), (5, 1.5063382387161255), (6, 1.6724262237548828), (7, 1.5187710523605347), (8, 1.4737402200698853), (9, 1.4914464950561523), (10, 1.3388422727584839), (11, 1.3883436918258667), (12, 1.4177767038345337), (13, 1.6042659282684326), (14, 1.2892699241638184), (15, 1.3390666246414185), (16, 1.3251138925552368), (17, 1.2079154253005981), (18, 1.229016900062561), (19, 1.5851675271987915), (20, 1.3225226402282715)]
[2025-03-10 19:32:12,760][flwr][INFO] - app_fit: metrics_centralized {'accuracy': [(0, 0.09179999679327011), (1, 0.10000000149011612), (2, 0.19699999690055847), (3, 0.33559998869895935), (4, 0.44769999384880066), (5, 0.4528000056743622), (6, 0.3474999964237213), (7, 0.42640000581741333), (8, 0.4415000081062317), (9, 0.45820000767707825), (10, 0.5253000259399414), (11, 0.48840001225471497), (12, 0.48069998621940613), (13, 0.42089998722076416), (14, 0.5267999768257141), (15, 0.5153999924659729), (16, 0.5187000036239624), (17, 0.560699999332428), (18, 0.5483999848365784), (19, 0.40700000524520874), (20, 0.5070000290870667)]}
