[2025-03-11 09:23:17,925][flwr][INFO] - Using FedAvg strategy
[2025-03-11 09:23:17,925][flwr][INFO] - Starting Flower simulation, config: ServerConfig(num_rounds=20, round_timeout=None)
[2025-03-11 09:23:19,074][flwr][INFO] - Flower VCE: Ray initialized with resources: {'object_store_memory': 2147483648.0, 'CPU': 8.0, 'memory': 10499153920.0, 'node:__internal_head__': 1.0, 'node:127.0.0.1': 1.0}
[2025-03-11 09:23:19,075][flwr][INFO] - Flower VCE: Resources for each Virtual Client: {'num_cpus': 0.5, 'num_gpus': 0}
[2025-03-11 09:23:19,081][flwr][INFO] - Flower VCE: Creating VirtualClientEngineActorPool with 16 actors
[2025-03-11 09:23:19,081][flwr][INFO] - Initializing global parameters
[2025-03-11 09:23:19,081][flwr][INFO] - Requesting initial parameters from one random client
[2025-03-11 09:23:24,137][flwr][INFO] - Received initial parameters from one random client
[2025-03-11 09:23:24,137][flwr][INFO] - Evaluating initial parameters
[2025-03-11 09:23:25,281][flwr][INFO] - initial parameters (loss, other metrics): 2.3038511276245117, {'accuracy': 0.10000000149011612}
[2025-03-11 09:23:25,281][flwr][INFO] - FL starting
[2025-03-11 09:23:25,281][flwr][DEBUG] - fit_round 1: strategy sampled 9 clients (out of 10)
[2025-03-11 09:24:16,090][flwr][DEBUG] - fit_round 1 received 9 results and 0 failures
[2025-03-11 09:24:17,124][flwr][INFO] - fit progress: (1, 2.556253433227539, {'accuracy': 0.15729999542236328}, 51.84284649998881)
[2025-03-11 09:24:17,124][flwr][DEBUG] - evaluate_round 1: strategy sampled 9 clients (out of 10)
[2025-03-11 09:24:19,257][flwr][DEBUG] - evaluate_round 1 received 9 results and 0 failures
[2025-03-11 09:24:19,257][flwr][WARNING] - No evaluate_metrics_aggregation_fn provided
[2025-03-11 09:24:19,258][flwr][DEBUG] - fit_round 2: strategy sampled 9 clients (out of 10)
[2025-03-11 09:25:25,655][flwr][DEBUG] - fit_round 2 received 9 results and 0 failures
[2025-03-11 09:25:26,697][flwr][INFO] - fit progress: (2, 2.784454584121704, {'accuracy': 0.22619999945163727}, 121.41630875004921)
[2025-03-11 09:25:26,697][flwr][DEBUG] - evaluate_round 2: strategy sampled 9 clients (out of 10)
[2025-03-11 09:25:28,518][flwr][DEBUG] - evaluate_round 2 received 9 results and 0 failures
[2025-03-11 09:25:28,518][flwr][DEBUG] - fit_round 3: strategy sampled 9 clients (out of 10)
[2025-03-11 09:26:22,884][flwr][DEBUG] - fit_round 3 received 9 results and 0 failures
[2025-03-11 09:26:23,925][flwr][INFO] - fit progress: (3, 1.5434293746948242, {'accuracy': 0.4681999981403351}, 178.64464904204942)
[2025-03-11 09:26:23,925][flwr][DEBUG] - evaluate_round 3: strategy sampled 9 clients (out of 10)
[2025-03-11 09:26:25,851][flwr][DEBUG] - evaluate_round 3 received 9 results and 0 failures
[2025-03-11 09:26:25,851][flwr][DEBUG] - fit_round 4: strategy sampled 9 clients (out of 10)
[2025-03-11 09:27:34,100][flwr][DEBUG] - fit_round 4 received 9 results and 0 failures
[2025-03-11 09:27:35,146][flwr][INFO] - fit progress: (4, 2.360572576522827, {'accuracy': 0.374099999666214}, 249.86637454200536)
[2025-03-11 09:27:35,146][flwr][DEBUG] - evaluate_round 4: strategy sampled 9 clients (out of 10)
[2025-03-11 09:27:36,904][flwr][DEBUG] - evaluate_round 4 received 9 results and 0 failures
[2025-03-11 09:27:36,904][flwr][DEBUG] - fit_round 5: strategy sampled 9 clients (out of 10)
[2025-03-11 09:28:45,654][flwr][DEBUG] - fit_round 5 received 9 results and 0 failures
[2025-03-11 09:28:46,680][flwr][INFO] - fit progress: (5, 1.4453516006469727, {'accuracy': 0.5033000111579895}, 321.40081904199906)
[2025-03-11 09:28:46,680][flwr][DEBUG] - evaluate_round 5: strategy sampled 9 clients (out of 10)
[2025-03-11 09:28:48,777][flwr][DEBUG] - evaluate_round 5 received 9 results and 0 failures
[2025-03-11 09:28:48,777][flwr][DEBUG] - fit_round 6: strategy sampled 9 clients (out of 10)
[2025-03-11 09:29:52,623][flwr][DEBUG] - fit_round 6 received 9 results and 0 failures
[2025-03-11 09:29:53,631][flwr][INFO] - fit progress: (6, 1.345136284828186, {'accuracy': 0.5285999774932861}, 388.35214029205963)
[2025-03-11 09:29:53,631][flwr][DEBUG] - evaluate_round 6: strategy sampled 9 clients (out of 10)
[2025-03-11 09:29:55,657][flwr][DEBUG] - evaluate_round 6 received 9 results and 0 failures
[2025-03-11 09:29:55,657][flwr][DEBUG] - fit_round 7: strategy sampled 9 clients (out of 10)
[2025-03-11 09:30:58,523][flwr][DEBUG] - fit_round 7 received 9 results and 0 failures
[2025-03-11 09:30:59,542][flwr][INFO] - fit progress: (7, 1.2496726512908936, {'accuracy': 0.5709999799728394}, 454.26400616706815)
[2025-03-11 09:30:59,542][flwr][DEBUG] - evaluate_round 7: strategy sampled 9 clients (out of 10)
[2025-03-11 09:31:01,285][flwr][DEBUG] - evaluate_round 7 received 9 results and 0 failures
[2025-03-11 09:31:01,285][flwr][DEBUG] - fit_round 8: strategy sampled 9 clients (out of 10)
[2025-03-11 09:32:05,536][flwr][DEBUG] - fit_round 8 received 9 results and 0 failures
[2025-03-11 09:32:06,567][flwr][INFO] - fit progress: (8, 1.2742938995361328, {'accuracy': 0.5562000274658203}, 521.2889938340522)
[2025-03-11 09:32:06,567][flwr][DEBUG] - evaluate_round 8: strategy sampled 9 clients (out of 10)
[2025-03-11 09:32:08,383][flwr][DEBUG] - evaluate_round 8 received 9 results and 0 failures
[2025-03-11 09:32:08,383][flwr][DEBUG] - fit_round 9: strategy sampled 9 clients (out of 10)
[2025-03-11 09:33:11,790][flwr][DEBUG] - fit_round 9 received 9 results and 0 failures
[2025-03-11 09:33:12,808][flwr][INFO] - fit progress: (9, 1.2284364700317383, {'accuracy': 0.5788000226020813}, 587.5303042090964)
[2025-03-11 09:33:12,808][flwr][DEBUG] - evaluate_round 9: strategy sampled 9 clients (out of 10)
[2025-03-11 09:33:14,863][flwr][DEBUG] - evaluate_round 9 received 9 results and 0 failures
[2025-03-11 09:33:14,864][flwr][DEBUG] - fit_round 10: strategy sampled 9 clients (out of 10)
[2025-03-11 09:34:08,319][flwr][DEBUG] - fit_round 10 received 9 results and 0 failures
[2025-03-11 09:34:09,367][flwr][INFO] - fit progress: (10, 1.1938344240188599, {'accuracy': 0.636900007724762}, 644.0901135000167)
[2025-03-11 09:34:09,367][flwr][DEBUG] - evaluate_round 10: strategy sampled 9 clients (out of 10)
[2025-03-11 09:34:11,445][flwr][DEBUG] - evaluate_round 10 received 9 results and 0 failures
[2025-03-11 09:34:11,445][flwr][DEBUG] - fit_round 11: strategy sampled 9 clients (out of 10)
[2025-03-11 09:35:05,441][flwr][DEBUG] - fit_round 11 received 9 results and 0 failures
[2025-03-11 09:35:06,477][flwr][INFO] - fit progress: (11, 1.5451765060424805, {'accuracy': 0.5113999843597412}, 701.1998300420819)
[2025-03-11 09:35:06,477][flwr][DEBUG] - evaluate_round 11: strategy sampled 9 clients (out of 10)
[2025-03-11 09:35:08,541][flwr][DEBUG] - evaluate_round 11 received 9 results and 0 failures
[2025-03-11 09:35:08,541][flwr][DEBUG] - fit_round 12: strategy sampled 9 clients (out of 10)
[2025-03-11 09:36:19,166][flwr][DEBUG] - fit_round 12 received 9 results and 0 failures
[2025-03-11 09:36:20,242][flwr][INFO] - fit progress: (12, 1.4241100549697876, {'accuracy': 0.532800018787384}, 774.9658530839952)
[2025-03-11 09:36:20,242][flwr][DEBUG] - evaluate_round 12: strategy sampled 9 clients (out of 10)
[2025-03-11 09:36:22,321][flwr][DEBUG] - evaluate_round 12 received 9 results and 0 failures
[2025-03-11 09:36:22,321][flwr][DEBUG] - fit_round 13: strategy sampled 9 clients (out of 10)
[2025-03-11 09:37:32,300][flwr][DEBUG] - fit_round 13 received 9 results and 0 failures
[2025-03-11 09:37:33,345][flwr][INFO] - fit progress: (13, 1.2276792526245117, {'accuracy': 0.5929999947547913}, 848.0696038750466)
[2025-03-11 09:37:33,346][flwr][DEBUG] - evaluate_round 13: strategy sampled 9 clients (out of 10)
[2025-03-11 09:37:35,380][flwr][DEBUG] - evaluate_round 13 received 9 results and 0 failures
[2025-03-11 09:37:35,380][flwr][DEBUG] - fit_round 14: strategy sampled 9 clients (out of 10)
[2025-03-11 09:38:35,293][flwr][DEBUG] - fit_round 14 received 9 results and 0 failures
[2025-03-11 09:38:36,333][flwr][INFO] - fit progress: (14, 1.6258076429367065, {'accuracy': 0.5138999819755554}, 911.0576285000425)
[2025-03-11 09:38:36,333][flwr][DEBUG] - evaluate_round 14: strategy sampled 9 clients (out of 10)
[2025-03-11 09:38:38,448][flwr][DEBUG] - evaluate_round 14 received 9 results and 0 failures
[2025-03-11 09:38:38,448][flwr][DEBUG] - fit_round 15: strategy sampled 9 clients (out of 10)
[2025-03-11 09:39:36,956][flwr][DEBUG] - fit_round 15 received 9 results and 0 failures
[2025-03-11 09:39:37,995][flwr][INFO] - fit progress: (15, 1.4685178995132446, {'accuracy': 0.541100025177002}, 972.7203968340764)
[2025-03-11 09:39:37,996][flwr][DEBUG] - evaluate_round 15: strategy sampled 9 clients (out of 10)
[2025-03-11 09:39:39,805][flwr][DEBUG] - evaluate_round 15 received 9 results and 0 failures
[2025-03-11 09:39:39,805][flwr][DEBUG] - fit_round 16: strategy sampled 9 clients (out of 10)
[2025-03-11 09:40:36,396][flwr][DEBUG] - fit_round 16 received 9 results and 0 failures
[2025-03-11 09:40:37,455][flwr][INFO] - fit progress: (16, 1.6881991624832153, {'accuracy': 0.4887000024318695}, 1032.180278917076)
[2025-03-11 09:40:37,455][flwr][DEBUG] - evaluate_round 16: strategy sampled 9 clients (out of 10)
[2025-03-11 09:40:38,674][flwr][DEBUG] - evaluate_round 16 received 9 results and 0 failures
[2025-03-11 09:40:38,674][flwr][DEBUG] - fit_round 17: strategy sampled 9 clients (out of 10)
[2025-03-11 09:41:49,669][flwr][DEBUG] - fit_round 17 received 9 results and 0 failures
[2025-03-11 09:41:50,739][flwr][INFO] - fit progress: (17, 0.9893896579742432, {'accuracy': 0.65829998254776}, 1105.4625264999922)
[2025-03-11 09:41:50,739][flwr][DEBUG] - evaluate_round 17: strategy sampled 9 clients (out of 10)
[2025-03-11 09:41:52,863][flwr][DEBUG] - evaluate_round 17 received 9 results and 0 failures
[2025-03-11 09:41:52,863][flwr][DEBUG] - fit_round 18: strategy sampled 9 clients (out of 10)
[2025-03-11 09:43:00,478][flwr][DEBUG] - fit_round 18 received 9 results and 0 failures
[2025-03-11 09:43:01,550][flwr][INFO] - fit progress: (18, 1.2178457975387573, {'accuracy': 0.5789999961853027}, 1176.2714376250515)
[2025-03-11 09:43:01,550][flwr][DEBUG] - evaluate_round 18: strategy sampled 9 clients (out of 10)
[2025-03-11 09:43:02,705][flwr][DEBUG] - evaluate_round 18 received 9 results and 0 failures
[2025-03-11 09:43:02,705][flwr][DEBUG] - fit_round 19: strategy sampled 9 clients (out of 10)
[2025-03-11 09:44:03,577][flwr][DEBUG] - fit_round 19 received 9 results and 0 failures
[2025-03-11 09:44:04,682][flwr][INFO] - fit progress: (19, 1.5394929647445679, {'accuracy': 0.5339000225067139}, 1239.4045391250402)
[2025-03-11 09:44:04,683][flwr][DEBUG] - evaluate_round 19: strategy sampled 9 clients (out of 10)
[2025-03-11 09:44:06,808][flwr][DEBUG] - evaluate_round 19 received 9 results and 0 failures
[2025-03-11 09:44:06,808][flwr][DEBUG] - fit_round 20: strategy sampled 9 clients (out of 10)
[2025-03-11 09:45:19,020][flwr][DEBUG] - fit_round 20 received 9 results and 0 failures
[2025-03-11 09:45:20,063][flwr][INFO] - fit progress: (20, 1.263489007949829, {'accuracy': 0.5849000215530396}, 1314.7851596249966)
[2025-03-11 09:45:20,063][flwr][DEBUG] - evaluate_round 20: strategy sampled 9 clients (out of 10)
[2025-03-11 09:45:22,154][flwr][DEBUG] - evaluate_round 20 received 9 results and 0 failures
[2025-03-11 09:45:22,154][flwr][INFO] - FL finished in 1316.8768217090983
[2025-03-11 09:45:22,155][flwr][INFO] - app_fit: losses_distributed [(1, 2.4355658981216), (2, 2.8164361885979643), (3, 1.7700029054779998), (4, 2.4830221877716645), (5, 1.5916794167248858), (6, 1.527902844802168), (7, 1.437967413403168), (8, 1.2470678399898047), (9, 1.305072165969082), (10, 1.2867262852393162), (11, 1.599899081370463), (12, 1.5447473543303416), (13, 1.241228121436639), (14, 1.9474259153323987), (15, 1.598700092620333), (16, 2.2803576768259233), (17, 1.076346170974065), (18, 1.6024941341199415), (19, 1.8732427854054994), (20, 1.452392671318279)]
[2025-03-11 09:45:22,155][flwr][INFO] - app_fit: metrics_distributed_fit {'variance_training_loss': [(1, 0.7581704609072282), (2, 0.5133366195292259), (3, 0.30470222664567215), (4, 0.2843222137773639), (5, 0.23213150493964088), (6, 0.20857427025224362), (7, 0.1734737617309888), (8, 0.19465361072497195), (9, 0.15222676728140072), (10, 0.1653951723721296), (11, 0.3223620821364961), (12, 0.19049330095067762), (13, 0.17269390646298333), (14, 0.12543918926496236), (15, 0.1474358838530885), (16, 0.17064302073499288), (17, 0.1130547037740587), (18, 0.14476167775167195), (19, 0.14838524117182952), (20, 0.05687453580999905)], 'average_training_loss': [(1, 1.1592067240013018), (2, 0.9428829087151421), (3, 0.8147324095997546), (4, 0.7867897281216251), (5, 0.6577635539902581), (6, 0.6696102917194366), (7, 0.7080379252632459), (8, 0.6069455113675859), (9, 0.7351100891828537), (10, 0.6123433961636491), (11, 0.6636527685655488), (12, 0.650393490990003), (13, 0.6337573395835029), (14, 0.5472232558661037), (15, 0.6312706669171652), (16, 0.6293931893176503), (17, 0.6166484885745578), (18, 0.6362595442268584), (19, 0.5822178506188922), (20, 0.49490229537089664)], 'estimated_times': [(1, [9.580818996727691, 2.6414602760013763, 141.41338290383283, 2.225060777035131, 0.28672252638835716, 0.20099355582058168, 0.0, 5.445017104461934, 226.40798163179824]), (2, [0.0, 5.445017104461934, 0.28672252638835716, 2.225060777035131, 141.41338290383283, 9.580818996727691, 2.6414602760013763, 104.0968504869087, 226.40798163179824]), (3, [0.20099355582058168, 5.445017104461934, 9.580818996727691, 0.0, 0.28672252638835716, 104.0968504869087, 226.40798163179824, 2.6414602760013763, 2.225060777035131]), (4, [9.580818996727691, 141.41338290383283, 104.0968504869087, 2.6414602760013763, 226.40798163179824, 0.28672252638835716, 2.225060777035131, 0.0, 5.445017104461934]), (5, [2.6414602760013763, 2.225060777035131, 0.0, 104.0968504869087, 0.20099355582058168, 9.580818996727691, 226.40798163179824, 141.41338290383283, 0.28672252638835716]), (6, [226.40798163179824, 9.580818996727691, 104.0968504869087, 2.6414602760013763, 5.445017104461934, 141.41338290383283, 0.0, 0.28672252638835716, 2.225060777035131]), (7, [141.41338290383283, 9.580818996727691, 0.0, 5.445017104461934, 2.6414602760013763, 0.20099355582058168, 226.40798163179824, 104.0968504869087, 0.28672252638835716]), (8, [2.225060777035131, 0.0, 226.40798163179824, 141.41338290383283, 2.6414602760013763, 9.580818996727691, 0.28672252638835716, 104.0968504869087, 5.445017104461934]), (9, [0.20099355582058168, 5.445017104461934, 141.41338290383283, 2.6414602760013763, 0.0, 104.0968504869087, 2.225060777035131, 0.28672252638835716, 226.40798163179824]), (10, [141.41338290383283, 0.28672252638835716, 2.6414602760013763, 226.40798163179824, 0.0, 0.20099355582058168, 5.445017104461934, 9.580818996727691, 2.225060777035131]), (11, [0.0, 0.20099355582058168, 104.0968504869087, 226.40798163179824, 9.580818996727691, 2.225060777035131, 5.445017104461934, 0.28672252638835716, 2.6414602760013763]), (12, [9.580818996727691, 5.445017104461934, 2.225060777035131, 141.41338290383283, 226.40798163179824, 0.28672252638835716, 0.20099355582058168, 2.6414602760013763, 104.0968504869087]), (13, [0.0, 104.0968504869087, 2.225060777035131, 9.580818996727691, 226.40798163179824, 5.445017104461934, 0.28672252638835716, 0.20099355582058168, 141.41338290383283]), (14, [2.225060777035131, 0.28672252638835716, 5.445017104461934, 2.6414602760013763, 104.0968504869087, 226.40798163179824, 0.20099355582058168, 9.580818996727691, 0.0]), (15, [0.0, 0.20099355582058168, 2.225060777035131, 0.28672252638835716, 5.445017104461934, 104.0968504869087, 226.40798163179824, 9.580818996727691, 2.6414602760013763]), (16, [0.20099355582058168, 0.28672252638835716, 104.0968504869087, 226.40798163179824, 2.6414602760013763, 5.445017104461934, 2.225060777035131, 9.580818996727691, 0.0]), (17, [0.0, 104.0968504869087, 2.6414602760013763, 226.40798163179824, 141.41338290383283, 0.20099355582058168, 5.445017104461934, 0.28672252638835716, 9.580818996727691]), (18, [5.445017104461934, 0.0, 226.40798163179824, 2.6414602760013763, 2.225060777035131, 0.20099355582058168, 141.41338290383283, 0.28672252638835716, 104.0968504869087]), (19, [0.20099355582058168, 226.40798163179824, 2.6414602760013763, 2.225060777035131, 9.580818996727691, 0.0, 0.28672252638835716, 5.445017104461934, 104.0968504869087]), (20, [104.0968504869087, 2.225060777035131, 9.580818996727691, 2.6414602760013763, 141.41338290383283, 5.445017104461934, 226.40798163179824, 0.20099355582058168, 0.0])]}
[2025-03-11 09:45:22,157][flwr][INFO] - app_fit: metrics_distributed {}
[2025-03-11 09:45:22,157][flwr][INFO] - app_fit: losses_centralized [(0, 2.3038511276245117), (1, 2.556253433227539), (2, 2.784454584121704), (3, 1.5434293746948242), (4, 2.360572576522827), (5, 1.4453516006469727), (6, 1.345136284828186), (7, 1.2496726512908936), (8, 1.2742938995361328), (9, 1.2284364700317383), (10, 1.1938344240188599), (11, 1.5451765060424805), (12, 1.4241100549697876), (13, 1.2276792526245117), (14, 1.6258076429367065), (15, 1.4685178995132446), (16, 1.6881991624832153), (17, 0.9893896579742432), (18, 1.2178457975387573), (19, 1.5394929647445679), (20, 1.263489007949829)]
[2025-03-11 09:45:22,165][flwr][INFO] - app_fit: metrics_centralized {'accuracy': [(0, 0.10000000149011612), (1, 0.15729999542236328), (2, 0.22619999945163727), (3, 0.4681999981403351), (4, 0.374099999666214), (5, 0.5033000111579895), (6, 0.5285999774932861), (7, 0.5709999799728394), (8, 0.5562000274658203), (9, 0.5788000226020813), (10, 0.636900007724762), (11, 0.5113999843597412), (12, 0.532800018787384), (13, 0.5929999947547913), (14, 0.5138999819755554), (15, 0.541100025177002), (16, 0.4887000024318695), (17, 0.65829998254776), (18, 0.5789999961853027), (19, 0.5339000225067139), (20, 0.5849000215530396)]}
