[2025-03-11 14:04:45,804][flwr][INFO] - Using FedAvg strategy
[2025-03-11 14:04:45,805][flwr][INFO] - Starting Flower simulation, config: ServerConfig(num_rounds=20, round_timeout=None)
[2025-03-11 14:04:46,965][flwr][INFO] - Flower VCE: Ray initialized with resources: {'node:127.0.0.1': 1.0, 'CPU': 8.0, 'node:__internal_head__': 1.0, 'memory': 11571218023.0, 'object_store_memory': 2147483648.0}
[2025-03-11 14:04:46,965][flwr][INFO] - Flower VCE: Resources for each Virtual Client: {'num_cpus': 0.5, 'num_gpus': 0}
[2025-03-11 14:04:46,971][flwr][INFO] - Flower VCE: Creating VirtualClientEngineActorPool with 16 actors
[2025-03-11 14:04:46,971][flwr][INFO] - Initializing global parameters
[2025-03-11 14:04:46,971][flwr][INFO] - Requesting initial parameters from one random client
[2025-03-11 14:04:52,265][flwr][INFO] - Received initial parameters from one random client
[2025-03-11 14:04:52,265][flwr][INFO] - Evaluating initial parameters
[2025-03-11 14:04:53,405][flwr][INFO] - initial parameters (loss, other metrics): 2.3028080463409424, {'accuracy': 0.10000000149011612}
[2025-03-11 14:04:53,405][flwr][INFO] - FL starting
[2025-03-11 14:04:53,405][flwr][DEBUG] - fit_round 1: strategy sampled 9 clients (out of 10)
[2025-03-11 14:05:50,210][flwr][DEBUG] - fit_round 1 received 9 results and 0 failures
[2025-03-11 14:05:51,237][flwr][INFO] - fit progress: (1, 2.426145553588867, {'accuracy': 0.14429999887943268}, 57.83250883303117)
[2025-03-11 14:05:51,237][flwr][DEBUG] - evaluate_round 1: strategy sampled 9 clients (out of 10)
[2025-03-11 14:05:53,170][flwr][DEBUG] - evaluate_round 1 received 9 results and 0 failures
[2025-03-11 14:05:53,170][flwr][WARNING] - No evaluate_metrics_aggregation_fn provided
[2025-03-11 14:05:53,170][flwr][DEBUG] - fit_round 2: strategy sampled 9 clients (out of 10)
[2025-03-11 14:06:47,923][flwr][DEBUG] - fit_round 2 received 9 results and 0 failures
[2025-03-11 14:06:48,945][flwr][INFO] - fit progress: (2, 2.0422911643981934, {'accuracy': 0.25200000405311584}, 115.54074016702361)
[2025-03-11 14:06:48,945][flwr][DEBUG] - evaluate_round 2: strategy sampled 9 clients (out of 10)
[2025-03-11 14:06:50,899][flwr][DEBUG] - evaluate_round 2 received 9 results and 0 failures
[2025-03-11 14:06:50,899][flwr][DEBUG] - fit_round 3: strategy sampled 9 clients (out of 10)
[2025-03-11 14:07:49,757][flwr][DEBUG] - fit_round 3 received 9 results and 0 failures
[2025-03-11 14:07:50,779][flwr][INFO] - fit progress: (3, 1.775605320930481, {'accuracy': 0.3192000091075897}, 177.37567608302925)
[2025-03-11 14:07:50,779][flwr][DEBUG] - evaluate_round 3: strategy sampled 9 clients (out of 10)
[2025-03-11 14:07:52,191][flwr][DEBUG] - evaluate_round 3 received 9 results and 0 failures
[2025-03-11 14:07:52,191][flwr][DEBUG] - fit_round 4: strategy sampled 9 clients (out of 10)
[2025-03-11 14:08:33,079][flwr][DEBUG] - fit_round 4 received 9 results and 0 failures
[2025-03-11 14:08:34,116][flwr][INFO] - fit progress: (4, 1.7239857912063599, {'accuracy': 0.4090000092983246}, 220.71318966697436)
[2025-03-11 14:08:34,116][flwr][DEBUG] - evaluate_round 4: strategy sampled 9 clients (out of 10)
[2025-03-11 14:08:36,113][flwr][DEBUG] - evaluate_round 4 received 9 results and 0 failures
[2025-03-11 14:08:36,113][flwr][DEBUG] - fit_round 5: strategy sampled 9 clients (out of 10)
[2025-03-11 14:09:31,803][flwr][DEBUG] - fit_round 5 received 9 results and 0 failures
[2025-03-11 14:09:32,855][flwr][INFO] - fit progress: (5, 1.603715181350708, {'accuracy': 0.3926999866962433}, 279.45238379202783)
[2025-03-11 14:09:32,855][flwr][DEBUG] - evaluate_round 5: strategy sampled 9 clients (out of 10)
[2025-03-11 14:09:34,828][flwr][DEBUG] - evaluate_round 5 received 9 results and 0 failures
[2025-03-11 14:09:34,828][flwr][DEBUG] - fit_round 6: strategy sampled 9 clients (out of 10)
[2025-03-11 14:10:29,807][flwr][DEBUG] - fit_round 6 received 9 results and 0 failures
[2025-03-11 14:10:30,822][flwr][INFO] - fit progress: (6, 1.5568801164627075, {'accuracy': 0.42989999055862427}, 337.4199748330284)
[2025-03-11 14:10:30,822][flwr][DEBUG] - evaluate_round 6: strategy sampled 9 clients (out of 10)
[2025-03-11 14:10:32,567][flwr][DEBUG] - evaluate_round 6 received 9 results and 0 failures
[2025-03-11 14:10:32,568][flwr][DEBUG] - fit_round 7: strategy sampled 9 clients (out of 10)
[2025-03-11 14:11:32,027][flwr][DEBUG] - fit_round 7 received 9 results and 0 failures
[2025-03-11 14:11:33,075][flwr][INFO] - fit progress: (7, 1.665579080581665, {'accuracy': 0.3880999982357025}, 399.6741431669798)
[2025-03-11 14:11:33,076][flwr][DEBUG] - evaluate_round 7: strategy sampled 9 clients (out of 10)
[2025-03-11 14:11:34,586][flwr][DEBUG] - evaluate_round 7 received 9 results and 0 failures
[2025-03-11 14:11:34,586][flwr][DEBUG] - fit_round 8: strategy sampled 9 clients (out of 10)
[2025-03-11 14:12:32,770][flwr][DEBUG] - fit_round 8 received 9 results and 0 failures
[2025-03-11 14:12:33,833][flwr][INFO] - fit progress: (8, 1.444686770439148, {'accuracy': 0.45840001106262207}, 460.43224808294326)
[2025-03-11 14:12:33,833][flwr][DEBUG] - evaluate_round 8: strategy sampled 9 clients (out of 10)
[2025-03-11 14:12:35,763][flwr][DEBUG] - evaluate_round 8 received 9 results and 0 failures
[2025-03-11 14:12:35,764][flwr][DEBUG] - fit_round 9: strategy sampled 9 clients (out of 10)
[2025-03-11 14:13:34,388][flwr][DEBUG] - fit_round 9 received 9 results and 0 failures
[2025-03-11 14:13:35,405][flwr][INFO] - fit progress: (9, 1.3634229898452759, {'accuracy': 0.47609999775886536}, 522.0049291669857)
[2025-03-11 14:13:35,405][flwr][DEBUG] - evaluate_round 9: strategy sampled 9 clients (out of 10)
[2025-03-11 14:13:37,361][flwr][DEBUG] - evaluate_round 9 received 9 results and 0 failures
[2025-03-11 14:13:37,362][flwr][DEBUG] - fit_round 10: strategy sampled 9 clients (out of 10)
[2025-03-11 14:14:38,696][flwr][DEBUG] - fit_round 10 received 9 results and 0 failures
[2025-03-11 14:14:39,739][flwr][INFO] - fit progress: (10, 1.3186652660369873, {'accuracy': 0.5013999938964844}, 586.3393955419306)
[2025-03-11 14:14:39,739][flwr][DEBUG] - evaluate_round 10: strategy sampled 9 clients (out of 10)
[2025-03-11 14:14:41,561][flwr][DEBUG] - evaluate_round 10 received 9 results and 0 failures
[2025-03-11 14:14:41,561][flwr][DEBUG] - fit_round 11: strategy sampled 9 clients (out of 10)
[2025-03-11 14:15:37,405][flwr][DEBUG] - fit_round 11 received 9 results and 0 failures
[2025-03-11 14:15:38,420][flwr][INFO] - fit progress: (11, 1.367508888244629, {'accuracy': 0.48030000925064087}, 644.9994052499533)
[2025-03-11 14:15:38,420][flwr][DEBUG] - evaluate_round 11: strategy sampled 9 clients (out of 10)
[2025-03-11 14:15:40,215][flwr][DEBUG] - evaluate_round 11 received 9 results and 0 failures
[2025-03-11 14:15:40,216][flwr][DEBUG] - fit_round 12: strategy sampled 9 clients (out of 10)
[2025-03-11 14:16:42,031][flwr][DEBUG] - fit_round 12 received 9 results and 0 failures
[2025-03-11 14:16:43,059][flwr][INFO] - fit progress: (12, 1.2498656511306763, {'accuracy': 0.5230000019073486}, 709.6106334170327)
[2025-03-11 14:16:43,059][flwr][DEBUG] - evaluate_round 12: strategy sampled 9 clients (out of 10)
[2025-03-11 14:16:45,141][flwr][DEBUG] - evaluate_round 12 received 9 results and 0 failures
[2025-03-11 14:16:45,141][flwr][DEBUG] - fit_round 13: strategy sampled 9 clients (out of 10)
[2025-03-11 14:17:28,613][flwr][DEBUG] - fit_round 13 received 9 results and 0 failures
[2025-03-11 14:17:29,723][flwr][INFO] - fit progress: (13, 1.510225772857666, {'accuracy': 0.4641999900341034}, 756.2739248329308)
[2025-03-11 14:17:29,723][flwr][DEBUG] - evaluate_round 13: strategy sampled 9 clients (out of 10)
[2025-03-11 14:17:31,589][flwr][DEBUG] - evaluate_round 13 received 9 results and 0 failures
[2025-03-11 14:17:31,589][flwr][DEBUG] - fit_round 14: strategy sampled 9 clients (out of 10)
[2025-03-11 14:18:34,629][flwr][DEBUG] - fit_round 14 received 9 results and 0 failures
[2025-03-11 14:18:35,690][flwr][INFO] - fit progress: (14, 1.2571419477462769, {'accuracy': 0.5160999894142151}, 822.2405865419423)
[2025-03-11 14:18:35,690][flwr][DEBUG] - evaluate_round 14: strategy sampled 9 clients (out of 10)
[2025-03-11 14:18:37,645][flwr][DEBUG] - evaluate_round 14 received 9 results and 0 failures
[2025-03-11 14:18:37,645][flwr][DEBUG] - fit_round 15: strategy sampled 9 clients (out of 10)
[2025-03-11 14:19:42,457][flwr][DEBUG] - fit_round 15 received 9 results and 0 failures
[2025-03-11 14:19:43,484][flwr][INFO] - fit progress: (15, 1.2612431049346924, {'accuracy': 0.5203999876976013}, 890.0340166250244)
[2025-03-11 14:19:43,484][flwr][DEBUG] - evaluate_round 15: strategy sampled 9 clients (out of 10)
[2025-03-11 14:19:45,051][flwr][DEBUG] - evaluate_round 15 received 9 results and 0 failures
[2025-03-11 14:19:45,051][flwr][DEBUG] - fit_round 16: strategy sampled 9 clients (out of 10)
[2025-03-11 14:20:27,331][flwr][DEBUG] - fit_round 16 received 9 results and 0 failures
[2025-03-11 14:20:28,391][flwr][INFO] - fit progress: (16, 1.5119538307189941, {'accuracy': 0.5252000093460083}, 934.9414005830185)
[2025-03-11 14:20:28,391][flwr][DEBUG] - evaluate_round 16: strategy sampled 9 clients (out of 10)
[2025-03-11 14:20:30,365][flwr][DEBUG] - evaluate_round 16 received 9 results and 0 failures
[2025-03-11 14:20:30,366][flwr][DEBUG] - fit_round 17: strategy sampled 9 clients (out of 10)
[2025-03-11 14:21:35,260][flwr][DEBUG] - fit_round 17 received 9 results and 0 failures
[2025-03-11 14:21:36,325][flwr][INFO] - fit progress: (17, 1.4701015949249268, {'accuracy': 0.47749999165534973}, 1002.8745617079549)
[2025-03-11 14:21:36,325][flwr][DEBUG] - evaluate_round 17: strategy sampled 9 clients (out of 10)
[2025-03-11 14:21:38,378][flwr][DEBUG] - evaluate_round 17 received 9 results and 0 failures
[2025-03-11 14:21:38,378][flwr][DEBUG] - fit_round 18: strategy sampled 9 clients (out of 10)
[2025-03-11 14:22:45,010][flwr][DEBUG] - fit_round 18 received 9 results and 0 failures
[2025-03-11 14:22:46,079][flwr][INFO] - fit progress: (18, 1.2772332429885864, {'accuracy': 0.5254999995231628}, 1072.6281636250205)
[2025-03-11 14:22:46,079][flwr][DEBUG] - evaluate_round 18: strategy sampled 9 clients (out of 10)
[2025-03-11 14:22:47,587][flwr][DEBUG] - evaluate_round 18 received 9 results and 0 failures
[2025-03-11 14:22:47,587][flwr][DEBUG] - fit_round 19: strategy sampled 9 clients (out of 10)
[2025-03-11 14:23:47,383][flwr][DEBUG] - fit_round 19 received 9 results and 0 failures
[2025-03-11 14:23:48,416][flwr][INFO] - fit progress: (19, 1.1575254201889038, {'accuracy': 0.5600000023841858}, 1134.9648282499984)
[2025-03-11 14:23:48,416][flwr][DEBUG] - evaluate_round 19: strategy sampled 9 clients (out of 10)
[2025-03-11 14:23:50,271][flwr][DEBUG] - evaluate_round 19 received 9 results and 0 failures
[2025-03-11 14:23:50,271][flwr][DEBUG] - fit_round 20: strategy sampled 9 clients (out of 10)
[2025-03-11 14:24:48,509][flwr][DEBUG] - fit_round 20 received 9 results and 0 failures
[2025-03-11 14:24:49,520][flwr][INFO] - fit progress: (20, 1.194927453994751, {'accuracy': 0.5529999732971191}, 1196.068585000001)
[2025-03-11 14:24:49,520][flwr][DEBUG] - evaluate_round 20: strategy sampled 9 clients (out of 10)
[2025-03-11 14:24:51,366][flwr][DEBUG] - evaluate_round 20 received 9 results and 0 failures
[2025-03-11 14:24:51,366][flwr][INFO] - FL finished in 1197.9146162079414
[2025-03-11 14:24:51,367][flwr][INFO] - app_fit: losses_distributed [(1, 2.2824315333180665), (2, 1.9678697305998385), (3, 1.734146913345836), (4, 1.6204387893179852), (5, 1.5269466681576205), (6, 1.5774447213220333), (7, 1.6665559430368522), (8, 1.4035569923601563), (9, 1.3051163733402007), (10, 1.3166949520573312), (11, 1.3461158148671202), (12, 1.2037264034659279), (13, 1.4337755640435905), (14, 1.2310675013033177), (15, 1.2558244337984064), (16, 1.3886973526742723), (17, 1.369384217843896), (18, 1.2831778901965678), (19, 1.0818960906364985), (20, 1.1023842435467877)]
[2025-03-11 14:24:51,367][flwr][INFO] - app_fit: metrics_distributed_fit {'variance_training_loss': [(1, 0.17334281037932794), (2, 0.1089162245874547), (3, 0.08126012710989544), (4, 0.06795216052280277), (5, 0.056101503016770936), (6, 0.04400173306317177), (7, 0.04607008808428029), (8, 0.04203516452182596), (9, 0.03789041337490563), (10, 0.03430269481788734), (11, 0.03249830088945122), (12, 0.030525355610816225), (13, 0.029988046929900498), (14, 0.03082476299068826), (15, 0.013353621191621005), (16, 0.027860236407065822), (17, 0.008443280704010068), (18, 0.018131119332399668), (19, 0.021540555122341164), (20, 0.024389110974138394)], 'average_training_loss': [(1, 1.2082505888409085), (2, 1.0502321471770604), (3, 0.9580533570713468), (4, 0.9210517108440399), (5, 0.8634597791565789), (6, 0.8511952062447866), (7, 0.8318134347597758), (8, 0.8449942668279012), (9, 0.8063255283567641), (10, 0.792628589603636), (11, 0.7606760130988227), (12, 0.7486661738819547), (13, 0.7516678306791518), (14, 0.7240258422162797), (15, 0.7802829543749491), (16, 0.7297019263108572), (17, 0.7400024599499173), (18, 0.6832695239120059), (19, 0.711962040927675), (20, 0.6941677100128598)], 'estimated_times': [(1, [117.14625653815325, 1.6458965268253365, 53.69744962833881, 137.33406092786055, 2.785115776254899, 10.7660386937031, 0.8272150659777053, 66.59660492240042, 140.8134999790072]), (2, [117.14625653815325, 137.33406092786055, 1.6458965268253365, 66.59660492240042, 140.8134999790072, 10.7660386937031, 0.8272150659777053, 2.785115776254899, 53.69744962833881]), (3, [66.59660492240042, 140.8134999790072, 117.14625653815325, 0.8272150659777053, 42.88856238402043, 1.6458965268253365, 137.33406092786055, 2.785115776254899, 53.69744962833881]), (4, [10.7660386937031, 137.33406092786055, 0.8272150659777053, 2.785115776254899, 1.6458965268253365, 53.69744962833881, 42.88856238402043, 117.14625653815325, 66.59660492240042]), (5, [117.14625653815325, 0.8272150659777053, 10.7660386937031, 53.69744962833881, 140.8134999790072, 2.785115776254899, 137.33406092786055, 42.88856238402043, 1.6458965268253365]), (6, [140.8134999790072, 0.8272150659777053, 2.785115776254899, 1.6458965268253365, 66.59660492240042, 42.88856238402043, 137.33406092786055, 10.7660386937031, 117.14625653815325]), (7, [117.14625653815325, 66.59660492240042, 137.33406092786055, 0.8272150659777053, 10.7660386937031, 2.785115776254899, 140.8134999790072, 1.6458965268253365, 42.88856238402043]), (8, [10.7660386937031, 53.69744962833881, 137.33406092786055, 0.8272150659777053, 2.785115776254899, 140.8134999790072, 117.14625653815325, 1.6458965268253365, 66.59660492240042]), (9, [1.6458965268253365, 42.88856238402043, 140.8134999790072, 10.7660386937031, 2.785115776254899, 66.59660492240042, 0.8272150659777053, 117.14625653815325, 137.33406092786055]), (10, [10.7660386937031, 66.59660492240042, 1.6458965268253365, 137.33406092786055, 42.88856238402043, 53.69744962833881, 117.14625653815325, 140.8134999790072, 0.8272150659777053]), (11, [66.59660492240042, 2.785115776254899, 140.8134999790072, 117.14625653815325, 137.33406092786055, 0.8272150659777053, 1.6458965268253365, 42.88856238402043, 10.7660386937031]), (12, [42.88856238402043, 1.6458965268253365, 137.33406092786055, 140.8134999790072, 66.59660492240042, 0.8272150659777053, 10.7660386937031, 117.14625653815325, 53.69744962833881]), (13, [1.6458965268253365, 53.69744962833881, 137.33406092786055, 10.7660386937031, 42.88856238402043, 2.785115776254899, 0.8272150659777053, 117.14625653815325, 66.59660492240042]), (14, [10.7660386937031, 117.14625653815325, 53.69744962833881, 140.8134999790072, 1.6458965268253365, 66.59660492240042, 42.88856238402043, 137.33406092786055, 0.8272150659777053]), (15, [10.7660386937031, 117.14625653815325, 42.88856238402043, 1.6458965268253365, 2.785115776254899, 137.33406092786055, 66.59660492240042, 140.8134999790072, 53.69744962833881]), (16, [53.69744962833881, 0.8272150659777053, 117.14625653815325, 2.785115776254899, 1.6458965268253365, 42.88856238402043, 66.59660492240042, 10.7660386937031, 137.33406092786055]), (17, [1.6458965268253365, 137.33406092786055, 42.88856238402043, 10.7660386937031, 66.59660492240042, 53.69744962833881, 140.8134999790072, 2.785115776254899, 117.14625653815325]), (18, [117.14625653815325, 42.88856238402043, 53.69744962833881, 66.59660492240042, 0.8272150659777053, 10.7660386937031, 140.8134999790072, 137.33406092786055, 2.785115776254899]), (19, [10.7660386937031, 140.8134999790072, 0.8272150659777053, 117.14625653815325, 1.6458965268253365, 2.785115776254899, 53.69744962833881, 66.59660492240042, 137.33406092786055]), (20, [0.8272150659777053, 137.33406092786055, 117.14625653815325, 53.69744962833881, 2.785115776254899, 140.8134999790072, 1.6458965268253365, 42.88856238402043, 10.7660386937031])]}
[2025-03-11 14:24:51,368][flwr][INFO] - app_fit: metrics_distributed {}
[2025-03-11 14:24:51,368][flwr][INFO] - app_fit: losses_centralized [(0, 2.3028080463409424), (1, 2.426145553588867), (2, 2.0422911643981934), (3, 1.775605320930481), (4, 1.7239857912063599), (5, 1.603715181350708), (6, 1.5568801164627075), (7, 1.665579080581665), (8, 1.444686770439148), (9, 1.3634229898452759), (10, 1.3186652660369873), (11, 1.367508888244629), (12, 1.2498656511306763), (13, 1.510225772857666), (14, 1.2571419477462769), (15, 1.2612431049346924), (16, 1.5119538307189941), (17, 1.4701015949249268), (18, 1.2772332429885864), (19, 1.1575254201889038), (20, 1.194927453994751)]
[2025-03-11 14:24:51,368][flwr][INFO] - app_fit: metrics_centralized {'accuracy': [(0, 0.10000000149011612), (1, 0.14429999887943268), (2, 0.25200000405311584), (3, 0.3192000091075897), (4, 0.4090000092983246), (5, 0.3926999866962433), (6, 0.42989999055862427), (7, 0.3880999982357025), (8, 0.45840001106262207), (9, 0.47609999775886536), (10, 0.5013999938964844), (11, 0.48030000925064087), (12, 0.5230000019073486), (13, 0.4641999900341034), (14, 0.5160999894142151), (15, 0.5203999876976013), (16, 0.5252000093460083), (17, 0.47749999165534973), (18, 0.5254999995231628), (19, 0.5600000023841858), (20, 0.5529999732971191)]}
