[2025-03-11 11:45:51,218][flwr][INFO] - Starting Flower simulation, config: ServerConfig(num_rounds=20, round_timeout=None)
[2025-03-11 11:45:52,492][flwr][INFO] - Flower VCE: Ray initialized with resources: {'CPU': 8.0, 'node:__internal_head__': 1.0, 'node:127.0.0.1': 1.0, 'object_store_memory': 2147483648.0, 'memory': 16153310004.0}
[2025-03-11 11:45:52,493][flwr][INFO] - Flower VCE: Resources for each Virtual Client: {'num_cpus': 0.5, 'num_gpus': 0}
[2025-03-11 11:45:52,501][flwr][INFO] - Flower VCE: Creating VirtualClientEngineActorPool with 16 actors
[2025-03-11 11:45:52,501][flwr][INFO] - Initializing global parameters
[2025-03-11 11:45:52,501][flwr][INFO] - Requesting initial parameters from one random client
[2025-03-11 11:45:57,548][flwr][INFO] - Received initial parameters from one random client
[2025-03-11 11:45:57,548][flwr][INFO] - Evaluating initial parameters
[2025-03-11 11:45:58,681][flwr][INFO] - initial parameters (loss, other metrics): 2.3018760681152344, {'accuracy': 0.10000000149011612}
[2025-03-11 11:45:58,682][flwr][INFO] - FL starting with RPOW variant
[2025-03-11 11:46:01,419][flwr][INFO] - Server 1: about to sample 9 clients
[2025-03-11 11:46:01,419][flwr][INFO] - Round 1: selected clients
            ['6', '5', '1', '4', '2', '3', '0', '7', '8'] for fit.
[2025-03-11 11:46:04,143][flwr][DEBUG] - fit_round 1: strategy sampled 9 clients (out of 10)
[2025-03-11 11:46:55,371][flwr][DEBUG] - fit_round 1 received 9 results and 0 failures
[2025-03-11 11:46:56,397][flwr][INFO] - fit progress: (1, 2.6499710083007812, {'accuracy': 0.1257999986410141}, 57.7150620840257)
[2025-03-11 11:46:56,397][flwr][DEBUG] - evaluate_round 1: strategy sampled 9 clients (out of 10)
[2025-03-11 11:46:58,388][flwr][DEBUG] - evaluate_round 1 received 9 results and 0 failures
[2025-03-11 11:46:58,388][flwr][WARNING] - No evaluate_metrics_aggregation_fn provided
[2025-03-11 11:47:01,163][flwr][INFO] - Server 2: about to sample 9 clients
[2025-03-11 11:47:01,163][flwr][INFO] - Round 2: selected clients
            ['3', '0', '2', '1', '8', '7', '5', '4', '9'] for fit.
[2025-03-11 11:47:02,773][flwr][DEBUG] - fit_round 2: strategy sampled 9 clients (out of 10)
[2025-03-11 11:47:19,579][flwr][DEBUG] - fit_round 2 received 9 results and 0 failures
[2025-03-11 11:47:20,611][flwr][INFO] - fit progress: (2, 1.808609962463379, {'accuracy': 0.3424000144004822}, 81.92926412506495)
[2025-03-11 11:47:20,611][flwr][DEBUG] - evaluate_round 2: strategy sampled 9 clients (out of 10)
[2025-03-11 11:47:21,657][flwr][DEBUG] - evaluate_round 2 received 9 results and 0 failures
[2025-03-11 11:47:24,454][flwr][INFO] - Server 3: about to sample 9 clients
[2025-03-11 11:47:24,455][flwr][INFO] - Round 3: selected clients
            ['9', '0', '2', '6', '3', '5', '1', '4', '8'] for fit.
[2025-03-11 11:47:27,168][flwr][DEBUG] - fit_round 3: strategy sampled 9 clients (out of 10)
[2025-03-11 11:48:20,036][flwr][DEBUG] - fit_round 3 received 9 results and 0 failures
[2025-03-11 11:48:21,074][flwr][INFO] - fit progress: (3, 4.97070837020874, {'accuracy': 0.1168999969959259}, 142.39279825007543)
[2025-03-11 11:48:21,075][flwr][DEBUG] - evaluate_round 3: strategy sampled 9 clients (out of 10)
[2025-03-11 11:48:23,116][flwr][DEBUG] - evaluate_round 3 received 9 results and 0 failures
[2025-03-11 11:48:25,861][flwr][INFO] - Server 4: about to sample 9 clients
[2025-03-11 11:48:25,861][flwr][INFO] - Round 4: selected clients
            ['5', '9', '2', '8', '4', '3', '0', '6', '1'] for fit.
[2025-03-11 11:48:28,592][flwr][DEBUG] - fit_round 4: strategy sampled 9 clients (out of 10)
[2025-03-11 11:49:21,108][flwr][DEBUG] - fit_round 4 received 9 results and 0 failures
[2025-03-11 11:49:22,144][flwr][INFO] - fit progress: (4, 1.8838019371032715, {'accuracy': 0.3653999865055084}, 203.470993541996)
[2025-03-11 11:49:22,144][flwr][DEBUG] - evaluate_round 4: strategy sampled 9 clients (out of 10)
[2025-03-11 11:49:24,114][flwr][DEBUG] - evaluate_round 4 received 9 results and 0 failures
[2025-03-11 11:49:26,915][flwr][INFO] - Server 5: about to sample 9 clients
[2025-03-11 11:49:26,916][flwr][INFO] - Round 5: selected clients
            ['7', '9', '2', '1', '5', '8', '3', '4', '6'] for fit.
[2025-03-11 11:49:29,661][flwr][DEBUG] - fit_round 5: strategy sampled 9 clients (out of 10)
[2025-03-11 11:50:21,303][flwr][DEBUG] - fit_round 5 received 9 results and 0 failures
[2025-03-11 11:50:22,337][flwr][INFO] - fit progress: (5, 1.467681884765625, {'accuracy': 0.46810001134872437}, 263.67159891698975)
[2025-03-11 11:50:22,338][flwr][DEBUG] - evaluate_round 5: strategy sampled 9 clients (out of 10)
[2025-03-11 11:50:24,373][flwr][DEBUG] - evaluate_round 5 received 9 results and 0 failures
[2025-03-11 11:50:27,162][flwr][INFO] - Server 6: about to sample 9 clients
[2025-03-11 11:50:27,162][flwr][INFO] - Round 6: selected clients
            ['1', '0', '7', '4', '9', '8', '2', '6', '5'] for fit.
[2025-03-11 11:50:29,881][flwr][DEBUG] - fit_round 6: strategy sampled 9 clients (out of 10)
[2025-03-11 11:51:22,866][flwr][DEBUG] - fit_round 6 received 9 results and 0 failures
[2025-03-11 11:51:23,901][flwr][INFO] - fit progress: (6, 1.255655288696289, {'accuracy': 0.5622000098228455}, 325.23507737508044)
[2025-03-11 11:51:23,901][flwr][DEBUG] - evaluate_round 6: strategy sampled 9 clients (out of 10)
[2025-03-11 11:51:25,905][flwr][DEBUG] - evaluate_round 6 received 9 results and 0 failures
[2025-03-11 11:51:28,717][flwr][INFO] - Server 7: about to sample 9 clients
[2025-03-11 11:51:28,717][flwr][INFO] - Round 7: selected clients
            ['7', '2', '1', '0', '5', '9', '4', '6', '8'] for fit.
[2025-03-11 11:51:31,461][flwr][DEBUG] - fit_round 7: strategy sampled 9 clients (out of 10)
[2025-03-11 11:52:22,878][flwr][DEBUG] - fit_round 7 received 9 results and 0 failures
[2025-03-11 11:52:23,902][flwr][INFO] - fit progress: (7, 1.3196803331375122, {'accuracy': 0.5450999736785889}, 385.23714375006966)
[2025-03-11 11:52:23,902][flwr][DEBUG] - evaluate_round 7: strategy sampled 9 clients (out of 10)
[2025-03-11 11:52:26,025][flwr][DEBUG] - evaluate_round 7 received 9 results and 0 failures
[2025-03-11 11:52:28,836][flwr][INFO] - Server 8: about to sample 9 clients
[2025-03-11 11:52:28,836][flwr][INFO] - Round 8: selected clients
            ['4', '9', '0', '1', '6', '2', '7', '5', '8'] for fit.
[2025-03-11 11:52:31,526][flwr][DEBUG] - fit_round 8: strategy sampled 9 clients (out of 10)
[2025-03-11 11:53:25,595][flwr][DEBUG] - fit_round 8 received 9 results and 0 failures
[2025-03-11 11:53:26,644][flwr][INFO] - fit progress: (8, 1.3847665786743164, {'accuracy': 0.5027999877929688}, 447.97925383399706)
[2025-03-11 11:53:26,644][flwr][DEBUG] - evaluate_round 8: strategy sampled 9 clients (out of 10)
[2025-03-11 11:53:28,660][flwr][DEBUG] - evaluate_round 8 received 9 results and 0 failures
[2025-03-11 11:53:31,462][flwr][INFO] - Server 9: about to sample 9 clients
[2025-03-11 11:53:31,463][flwr][INFO] - Round 9: selected clients
            ['1', '2', '8', '5', '6', '4', '9', '7', '0'] for fit.
[2025-03-11 11:53:34,193][flwr][DEBUG] - fit_round 9: strategy sampled 9 clients (out of 10)
[2025-03-11 11:54:28,212][flwr][DEBUG] - fit_round 9 received 9 results and 0 failures
[2025-03-11 11:54:29,258][flwr][INFO] - fit progress: (9, 1.2596584558486938, {'accuracy': 0.5666000247001648}, 510.59344974998385)
[2025-03-11 11:54:29,258][flwr][DEBUG] - evaluate_round 9: strategy sampled 9 clients (out of 10)
[2025-03-11 11:54:31,360][flwr][DEBUG] - evaluate_round 9 received 9 results and 0 failures
[2025-03-11 11:54:34,141][flwr][INFO] - Server 10: about to sample 9 clients
[2025-03-11 11:54:34,142][flwr][INFO] - Round 10: selected clients
            ['6', '4', '1', '5', '9', '8', '0', '2', '7'] for fit.
[2025-03-11 11:54:36,876][flwr][DEBUG] - fit_round 10: strategy sampled 9 clients (out of 10)
[2025-03-11 11:55:33,604][flwr][DEBUG] - fit_round 10 received 9 results and 0 failures
[2025-03-11 11:55:34,668][flwr][INFO] - fit progress: (10, 1.1655277013778687, {'accuracy': 0.5995000004768372}, 576.0033704170492)
[2025-03-11 11:55:34,668][flwr][DEBUG] - evaluate_round 10: strategy sampled 9 clients (out of 10)
[2025-03-11 11:55:36,607][flwr][DEBUG] - evaluate_round 10 received 9 results and 0 failures
[2025-03-11 11:55:39,421][flwr][INFO] - Server 11: about to sample 9 clients
[2025-03-11 11:55:39,422][flwr][INFO] - Round 11: selected clients
            ['6', '0', '2', '4', '1', '7', '8', '5', '9'] for fit.
[2025-03-11 11:55:42,186][flwr][DEBUG] - fit_round 11: strategy sampled 9 clients (out of 10)
[2025-03-11 11:56:35,561][flwr][DEBUG] - fit_round 11 received 9 results and 0 failures
[2025-03-11 11:56:36,627][flwr][INFO] - fit progress: (11, 1.9116131067276, {'accuracy': 0.4253000020980835}, 637.9632332919864)
[2025-03-11 11:56:36,628][flwr][DEBUG] - evaluate_round 11: strategy sampled 9 clients (out of 10)
[2025-03-11 11:56:38,730][flwr][DEBUG] - evaluate_round 11 received 9 results and 0 failures
[2025-03-11 11:56:41,541][flwr][INFO] - Server 12: about to sample 9 clients
[2025-03-11 11:56:41,542][flwr][INFO] - Round 12: selected clients
            ['9', '8', '6', '7', '2', '1', '3', '4', '5'] for fit.
[2025-03-11 11:56:44,266][flwr][DEBUG] - fit_round 12: strategy sampled 9 clients (out of 10)
[2025-03-11 11:57:38,241][flwr][DEBUG] - fit_round 12 received 9 results and 0 failures
[2025-03-11 11:57:39,296][flwr][INFO] - fit progress: (12, 1.1927876472473145, {'accuracy': 0.5838000178337097}, 700.6318447500234)
[2025-03-11 11:57:39,296][flwr][DEBUG] - evaluate_round 12: strategy sampled 9 clients (out of 10)
[2025-03-11 11:57:41,380][flwr][DEBUG] - evaluate_round 12 received 9 results and 0 failures
[2025-03-11 11:57:44,134][flwr][INFO] - Server 13: about to sample 9 clients
[2025-03-11 11:57:44,135][flwr][INFO] - Round 13: selected clients
            ['7', '1', '5', '9', '4', '3', '6', '8', '2'] for fit.
[2025-03-11 11:57:46,893][flwr][DEBUG] - fit_round 13: strategy sampled 9 clients (out of 10)
[2025-03-11 11:58:38,117][flwr][DEBUG] - fit_round 13 received 9 results and 0 failures
[2025-03-11 11:58:39,133][flwr][INFO] - fit progress: (13, 1.5662381649017334, {'accuracy': 0.5015000104904175}, 760.4693764590193)
[2025-03-11 11:58:39,133][flwr][DEBUG] - evaluate_round 13: strategy sampled 9 clients (out of 10)
[2025-03-11 11:58:41,149][flwr][DEBUG] - evaluate_round 13 received 9 results and 0 failures
[2025-03-11 11:58:43,889][flwr][INFO] - Server 14: about to sample 9 clients
[2025-03-11 11:58:43,889][flwr][INFO] - Round 14: selected clients
            ['6', '2', '7', '3', '5', '9', '4', '1', '8'] for fit.
[2025-03-11 11:58:46,616][flwr][DEBUG] - fit_round 14: strategy sampled 9 clients (out of 10)
[2025-03-11 11:59:38,957][flwr][DEBUG] - fit_round 14 received 9 results and 0 failures
[2025-03-11 11:59:39,994][flwr][INFO] - fit progress: (14, 1.2762564420700073, {'accuracy': 0.5612000226974487}, 821.3308705840027)
[2025-03-11 11:59:39,995][flwr][DEBUG] - evaluate_round 14: strategy sampled 9 clients (out of 10)
[2025-03-11 11:59:42,009][flwr][DEBUG] - evaluate_round 14 received 9 results and 0 failures
[2025-03-11 11:59:44,783][flwr][INFO] - Server 15: about to sample 9 clients
[2025-03-11 11:59:44,783][flwr][INFO] - Round 15: selected clients
            ['9', '4', '2', '7', '8', '5', '1', '6', '3'] for fit.
[2025-03-11 11:59:47,500][flwr][DEBUG] - fit_round 15: strategy sampled 9 clients (out of 10)
[2025-03-11 12:00:37,697][flwr][DEBUG] - fit_round 15 received 9 results and 0 failures
[2025-03-11 12:00:38,711][flwr][INFO] - fit progress: (15, 1.2134251594543457, {'accuracy': 0.5929999947547913}, 880.0476193340728)
[2025-03-11 12:00:38,711][flwr][DEBUG] - evaluate_round 15: strategy sampled 9 clients (out of 10)
[2025-03-11 12:00:40,680][flwr][DEBUG] - evaluate_round 15 received 9 results and 0 failures
[2025-03-11 12:00:43,508][flwr][INFO] - Server 16: about to sample 9 clients
[2025-03-11 12:00:43,509][flwr][INFO] - Round 16: selected clients
            ['6', '8', '5', '9', '7', '3', '2', '1', '4'] for fit.
[2025-03-11 12:00:46,184][flwr][DEBUG] - fit_round 16: strategy sampled 9 clients (out of 10)
[2025-03-11 12:01:37,101][flwr][DEBUG] - fit_round 16 received 9 results and 0 failures
[2025-03-11 12:01:38,116][flwr][INFO] - fit progress: (16, 1.2516433000564575, {'accuracy': 0.5932999849319458}, 939.4533717500744)
[2025-03-11 12:01:38,117][flwr][DEBUG] - evaluate_round 16: strategy sampled 9 clients (out of 10)
[2025-03-11 12:01:40,074][flwr][DEBUG] - evaluate_round 16 received 9 results and 0 failures
[2025-03-11 12:01:42,867][flwr][INFO] - Server 17: about to sample 9 clients
[2025-03-11 12:01:42,867][flwr][INFO] - Round 17: selected clients
            ['2', '3', '8', '6', '9', '7', '4', '1', '5'] for fit.
[2025-03-11 12:01:45,614][flwr][DEBUG] - fit_round 17: strategy sampled 9 clients (out of 10)
[2025-03-11 12:02:36,591][flwr][DEBUG] - fit_round 17 received 9 results and 0 failures
[2025-03-11 12:02:37,684][flwr][INFO] - fit progress: (17, 1.08286452293396, {'accuracy': 0.6359000205993652}, 999.0212383749895)
[2025-03-11 12:02:37,684][flwr][DEBUG] - evaluate_round 17: strategy sampled 9 clients (out of 10)
[2025-03-11 12:02:39,847][flwr][DEBUG] - evaluate_round 17 received 9 results and 0 failures
[2025-03-11 12:02:42,648][flwr][INFO] - Server 18: about to sample 9 clients
[2025-03-11 12:02:42,649][flwr][INFO] - Round 18: selected clients
            ['3', '8', '6', '2', '9', '1', '5', '7', '4'] for fit.
[2025-03-11 12:02:45,386][flwr][DEBUG] - fit_round 18: strategy sampled 9 clients (out of 10)
[2025-03-11 12:03:36,585][flwr][DEBUG] - fit_round 18 received 9 results and 0 failures
[2025-03-11 12:03:37,629][flwr][INFO] - fit progress: (18, 1.0713918209075928, {'accuracy': 0.6409000158309937}, 1058.96684537502)
[2025-03-11 12:03:37,630][flwr][DEBUG] - evaluate_round 18: strategy sampled 9 clients (out of 10)
[2025-03-11 12:03:39,685][flwr][DEBUG] - evaluate_round 18 received 9 results and 0 failures
[2025-03-11 12:03:42,524][flwr][INFO] - Server 19: about to sample 9 clients
[2025-03-11 12:03:42,525][flwr][INFO] - Round 19: selected clients
            ['1', '4', '6', '8', '5', '9', '2', '3', '7'] for fit.
[2025-03-11 12:03:45,281][flwr][DEBUG] - fit_round 19: strategy sampled 9 clients (out of 10)
[2025-03-11 12:04:42,503][flwr][DEBUG] - fit_round 19 received 9 results and 0 failures
[2025-03-11 12:04:43,581][flwr][INFO] - fit progress: (19, 0.9951688647270203, {'accuracy': 0.6675000190734863}, 1124.9186533750035)
[2025-03-11 12:04:43,581][flwr][DEBUG] - evaluate_round 19: strategy sampled 9 clients (out of 10)
[2025-03-11 12:04:45,785][flwr][DEBUG] - evaluate_round 19 received 9 results and 0 failures
[2025-03-11 12:04:48,617][flwr][INFO] - Server 20: about to sample 9 clients
[2025-03-11 12:04:48,617][flwr][INFO] - Round 20: selected clients
            ['2', '7', '9', '4', '6', '1', '5', '3', '8'] for fit.
[2025-03-11 12:04:51,354][flwr][DEBUG] - fit_round 20: strategy sampled 9 clients (out of 10)
[2025-03-11 12:05:48,183][flwr][DEBUG] - fit_round 20 received 9 results and 0 failures
[2025-03-11 12:05:49,228][flwr][INFO] - fit progress: (20, 2.179532051086426, {'accuracy': 0.41769999265670776}, 1190.5662852090318)
[2025-03-11 12:05:49,229][flwr][DEBUG] - evaluate_round 20: strategy sampled 9 clients (out of 10)
[2025-03-11 12:05:51,353][flwr][DEBUG] - evaluate_round 20 received 9 results and 0 failures
[2025-03-11 12:05:51,354][flwr][INFO] - FL finished in 1192.6917927920585
[2025-03-11 12:05:51,354][flwr][INFO] - app_fit: losses_distributed [(1, 2.5963805148879207), (2, 1.6316337279859476), (3, 5.2709488081046185), (4, 1.8724695618696185), (5, 1.5608824413186444), (6, 1.3371886261584423), (7, 1.4867115619655995), (8, 1.4103996878712357), (9, 1.3253321833506708), (10, 1.3192608633424299), (11, 1.848662149623227), (12, 1.2127989219686093), (13, 1.485277153712254), (14, 1.407043518070072), (15, 1.2599388155431603), (16, 1.3663399925175757), (17, 1.2222504323235335), (18, 1.1465746805000419), (19, 1.0772123392730857), (20, 2.3183377674950387)]
[2025-03-11 12:05:51,354][flwr][INFO] - app_fit: metrics_distributed_fit {'variance_training_loss': [(1, 0.8203894279353608), (2, 0.561910773767146), (3, 0.37218070536640846), (4, 0.3638973400024612), (5, 0.2894206733057182), (6, 0.09821275397550064), (7, 0.09166509025466735), (8, 0.07412333644852907), (9, 0.09913080800415469), (10, 0.06823952546285542), (11, 0.06682932453275965), (12, 0.2523209190495553), (13, 0.20369786999903766), (14, 0.19910332509102957), (15, 0.2566381298617525), (16, 0.2245621524665459), (17, 0.2117041559825382), (18, 0.2365830811168211), (19, 0.1572030838025814), (20, 0.22039886397100655)], 'average_training_loss': [(1, 1.4160424512293603), (2, 1.0796462413337495), (3, 1.0501808126767476), (4, 1.1697200453943677), (5, 0.8985603021250831), (6, 0.750209069914288), (7, 0.7556676285134422), (8, 0.7167732881175147), (9, 0.7684018479453193), (10, 0.7323451141516367), (11, 0.7237109972370995), (12, 0.8389422794183096), (13, 0.8119953837659624), (14, 0.7825595537821451), (15, 0.8188434143861135), (16, 0.8003361490037706), (17, 0.7900331583287981), (18, 0.7859000662962595), (19, 0.7630503806802962), (20, 0.7620355784893036)], 'estimated_times': [(1, [0.1162797919442726, 4.3171711399112365, 0.19345340953715393, 212.88253120358198, 76.63888426214135, 2.5533105654035846, 3.2690411840202964, 104.38810924927603, 0.0]), (2, [2.535639594715682, 4.9530927030610545, 4.3171711399112365, 104.38810924927603, 0.0, 76.63888426214135, 2.5533105654035846, 0.19345340953715393, 0.1162797919442726]), (3, [212.88253120358198, 0.1162797919442726, 0.19345340953715393, 0.0, 1.9209390869058194, 104.38810924927603, 2.5533105654035846, 4.3171711399112365, 76.63888426214135]), (4, [2.5533105654035846, 212.88253120358198, 0.0, 0.19345340953715393, 104.38810924927603, 1.9209390869058194, 0.1162797919442726, 4.3171711399112365, 76.63888426214135]), (5, [76.63888426214135, 212.88253120358198, 0.19345340953715393, 1.9209390869058194, 104.38810924927603, 3.2690411840202964, 0.1162797919442726, 4.3171711399112365, 2.5533105654035846]), (6, [1.9209390869058194, 3.2690411840202964, 4.3171711399112365, 76.63888426214135, 0.1162797919442726, 212.88253120358198, 104.38810924927603, 0.0, 2.5533105654035846]), (7, [212.88253120358198, 4.3171711399112365, 0.1162797919442726, 2.5533105654035846, 0.0, 76.63888426214135, 3.2690411840202964, 1.9209390869058194, 104.38810924927603]), (8, [3.2690411840202964, 4.3171711399112365, 104.38810924927603, 2.5533105654035846, 1.9209390869058194, 0.1162797919442726, 212.88253120358198, 76.63888426214135, 0.0]), (9, [0.0, 2.5533105654035846, 212.88253120358198, 104.38810924927603, 0.1162797919442726, 4.3171711399112365, 76.63888426214135, 1.9209390869058194, 3.2690411840202964]), (10, [104.38810924927603, 4.3171711399112365, 76.63888426214135, 0.0, 212.88253120358198, 3.2690411840202964, 1.9209390869058194, 0.1162797919442726, 2.5533105654035846]), (11, [0.1162797919442726, 104.38810924927603, 76.63888426214135, 212.88253120358198, 3.2690411840202964, 1.9209390869058194, 4.3171711399112365, 0.0, 2.5533105654035846]), (12, [2.5533105654035846, 1.9209390869058194, 104.38810924927603, 0.1162797919442726, 76.63888426214135, 212.88253120358198, 0.19345340953715393, 3.2690411840202964, 4.3171711399112365]), (13, [0.19345340953715393, 3.2690411840202964, 1.9209390869058194, 4.3171711399112365, 2.5533105654035846, 212.88253120358198, 104.38810924927603, 76.63888426214135, 0.1162797919442726]), (14, [0.19345340953715393, 0.1162797919442726, 1.9209390869058194, 104.38810924927603, 2.5533105654035846, 3.2690411840202964, 212.88253120358198, 76.63888426214135, 4.3171711399112365]), (15, [0.19345340953715393, 4.3171711399112365, 104.38810924927603, 76.63888426214135, 0.1162797919442726, 3.2690411840202964, 1.9209390869058194, 2.5533105654035846, 212.88253120358198]), (16, [4.3171711399112365, 0.19345340953715393, 3.2690411840202964, 2.5533105654035846, 1.9209390869058194, 212.88253120358198, 0.1162797919442726, 76.63888426214135, 104.38810924927603]), (17, [4.3171711399112365, 1.9209390869058194, 0.1162797919442726, 2.5533105654035846, 76.63888426214135, 3.2690411840202964, 212.88253120358198, 0.19345340953715393, 104.38810924927603]), (18, [76.63888426214135, 0.1162797919442726, 104.38810924927603, 0.19345340953715393, 212.88253120358198, 3.2690411840202964, 2.5533105654035846, 1.9209390869058194, 4.3171711399112365]), (19, [0.1162797919442726, 76.63888426214135, 212.88253120358198, 1.9209390869058194, 3.2690411840202964, 0.19345340953715393, 104.38810924927603, 2.5533105654035846, 4.3171711399112365]), (20, [0.1162797919442726, 4.3171711399112365, 1.9209390869058194, 0.19345340953715393, 2.5533105654035846, 76.63888426214135, 3.2690411840202964, 212.88253120358198, 104.38810924927603])]}
[2025-03-11 12:05:51,356][flwr][INFO] - app_fit: metrics_distributed {}
[2025-03-11 12:05:51,356][flwr][INFO] - app_fit: losses_centralized [(0, 2.3018760681152344), (1, 2.6499710083007812), (2, 1.808609962463379), (3, 4.97070837020874), (4, 1.8838019371032715), (5, 1.467681884765625), (6, 1.255655288696289), (7, 1.3196803331375122), (8, 1.3847665786743164), (9, 1.2596584558486938), (10, 1.1655277013778687), (11, 1.9116131067276), (12, 1.1927876472473145), (13, 1.5662381649017334), (14, 1.2762564420700073), (15, 1.2134251594543457), (16, 1.2516433000564575), (17, 1.08286452293396), (18, 1.0713918209075928), (19, 0.9951688647270203), (20, 2.179532051086426)]
[2025-03-11 12:05:51,356][flwr][INFO] - app_fit: metrics_centralized {'accuracy': [(0, 0.10000000149011612), (1, 0.1257999986410141), (2, 0.3424000144004822), (3, 0.1168999969959259), (4, 0.3653999865055084), (5, 0.46810001134872437), (6, 0.5622000098228455), (7, 0.5450999736785889), (8, 0.5027999877929688), (9, 0.5666000247001648), (10, 0.5995000004768372), (11, 0.4253000020980835), (12, 0.5838000178337097), (13, 0.5015000104904175), (14, 0.5612000226974487), (15, 0.5929999947547913), (16, 0.5932999849319458), (17, 0.6359000205993652), (18, 0.6409000158309937), (19, 0.6675000190734863), (20, 0.41769999265670776)]}
