[2025-03-26 03:01:21,098][flwr][INFO] - Starting Flower simulation, config: ServerConfig(num_rounds=20, round_timeout=None)
[2025-03-26 03:01:22,968][flwr][INFO] - Flower VCE: Ray initialized with resources: {'node:__internal_head__': 1.0, 'memory': 11559215104.0, 'object_store_memory': 2147483648.0, 'node:127.0.0.1': 1.0, 'CPU': 8.0}
[2025-03-26 03:01:22,968][flwr][INFO] - Flower VCE: Resources for each Virtual Client: {'num_cpus': 1, 'num_gpus': 0}
[2025-03-26 03:01:22,974][flwr][INFO] - Flower VCE: Creating VirtualClientEngineActorPool with 8 actors
[2025-03-26 03:01:22,974][flwr][INFO] - Initializing global parameters
[2025-03-26 03:01:22,974][flwr][INFO] - Requesting initial parameters from one random client
[2025-03-26 03:01:25,673][flwr][INFO] - Received initial parameters from one random client
[2025-03-26 03:01:25,673][flwr][INFO] - Evaluating initial parameters
[2025-03-26 03:01:26,772][flwr][INFO] - initial parameters (loss, other metrics): 2.303144693374634, {'accuracy': 0.09719999879598618}
[2025-03-26 03:01:26,772][flwr][INFO] - FL starting
[2025-03-26 03:01:26,772][flwr][INFO] - Round 1 training config: batch_size=32, local_epochs=4, num_samples=None
[2025-03-26 03:01:26,772][flwr][DEBUG] - fit_round 1: strategy sampled 2 clients (out of 10)
[2025-03-26 03:01:43,435][flwr][DEBUG] - fit_round 1 received 2 results and 0 failures
[2025-03-26 03:01:44,436][flwr][INFO] - fit progress: (1, 2.0006093978881836, {'accuracy': 0.2847000062465668}, 17.664360249997117)
[2025-03-26 03:01:44,436][flwr][DEBUG] - evaluate_round 1: strategy sampled 2 clients (out of 10)
[2025-03-26 03:01:44,953][flwr][DEBUG] - evaluate_round 1 received 2 results and 0 failures
[2025-03-26 03:01:44,953][flwr][WARNING] - No evaluate_metrics_aggregation_fn provided
[2025-03-26 03:01:44,953][flwr][INFO] - Round 2 training config: batch_size=32, local_epochs=4, num_samples=None
[2025-03-26 03:01:44,953][flwr][DEBUG] - fit_round 2: strategy sampled 2 clients (out of 10)
[2025-03-26 03:02:04,008][flwr][DEBUG] - fit_round 2 received 2 results and 0 failures
[2025-03-26 03:02:05,007][flwr][INFO] - fit progress: (2, 1.3792579174041748, {'accuracy': 0.5099999904632568}, 38.23595391699928)
[2025-03-26 03:02:05,008][flwr][DEBUG] - evaluate_round 2: strategy sampled 2 clients (out of 10)
[2025-03-26 03:02:05,454][flwr][DEBUG] - evaluate_round 2 received 2 results and 0 failures
[2025-03-26 03:02:05,454][flwr][INFO] - Round 3 training config: batch_size=32, local_epochs=4, num_samples=None
[2025-03-26 03:02:05,454][flwr][DEBUG] - fit_round 3: strategy sampled 2 clients (out of 10)
[2025-03-26 03:02:22,674][flwr][DEBUG] - fit_round 3 received 2 results and 0 failures
[2025-03-26 03:02:23,668][flwr][INFO] - fit progress: (3, 1.4413563013076782, {'accuracy': 0.5170999765396118}, 56.89711808398715)
[2025-03-26 03:02:23,668][flwr][DEBUG] - evaluate_round 3: strategy sampled 2 clients (out of 10)
[2025-03-26 03:02:24,180][flwr][DEBUG] - evaluate_round 3 received 2 results and 0 failures
[2025-03-26 03:02:24,180][flwr][INFO] - Round 4 training config: batch_size=32, local_epochs=4, num_samples=None
[2025-03-26 03:02:24,180][flwr][DEBUG] - fit_round 4: strategy sampled 2 clients (out of 10)
[2025-03-26 03:02:45,048][flwr][DEBUG] - fit_round 4 received 2 results and 0 failures
[2025-03-26 03:02:46,050][flwr][INFO] - fit progress: (4, 1.2541992664337158, {'accuracy': 0.5526999831199646}, 79.27867916697869)
[2025-03-26 03:02:46,050][flwr][DEBUG] - evaluate_round 4: strategy sampled 2 clients (out of 10)
[2025-03-26 03:02:46,566][flwr][DEBUG] - evaluate_round 4 received 2 results and 0 failures
[2025-03-26 03:02:46,566][flwr][INFO] - Round 5 training config: batch_size=32, local_epochs=4, num_samples=None
[2025-03-26 03:02:46,567][flwr][DEBUG] - fit_round 5: strategy sampled 2 clients (out of 10)
[2025-03-26 03:03:07,948][flwr][DEBUG] - fit_round 5 received 2 results and 0 failures
[2025-03-26 03:03:08,944][flwr][INFO] - fit progress: (5, 1.36250638961792, {'accuracy': 0.5393999814987183}, 102.17284312497941)
[2025-03-26 03:03:08,944][flwr][DEBUG] - evaluate_round 5: strategy sampled 2 clients (out of 10)
[2025-03-26 03:03:09,450][flwr][DEBUG] - evaluate_round 5 received 2 results and 0 failures
[2025-03-26 03:03:09,451][flwr][INFO] - Round 6 training config: batch_size=32, local_epochs=4, num_samples=None
[2025-03-26 03:03:09,451][flwr][DEBUG] - fit_round 6: strategy sampled 2 clients (out of 10)
[2025-03-26 03:03:29,241][flwr][DEBUG] - fit_round 6 received 2 results and 0 failures
[2025-03-26 03:03:30,246][flwr][INFO] - fit progress: (6, 1.0673578977584839, {'accuracy': 0.6259999871253967}, 123.47551104199374)
[2025-03-26 03:03:30,246][flwr][DEBUG] - evaluate_round 6: strategy sampled 2 clients (out of 10)
[2025-03-26 03:03:30,693][flwr][DEBUG] - evaluate_round 6 received 2 results and 0 failures
[2025-03-26 03:03:30,694][flwr][INFO] - Round 7 training config: batch_size=32, local_epochs=4, num_samples=None
[2025-03-26 03:03:30,694][flwr][DEBUG] - fit_round 7: strategy sampled 2 clients (out of 10)
[2025-03-26 03:03:49,440][flwr][DEBUG] - fit_round 7 received 2 results and 0 failures
[2025-03-26 03:03:50,437][flwr][INFO] - fit progress: (7, 1.0341891050338745, {'accuracy': 0.6280999779701233}, 143.66627245899872)
[2025-03-26 03:03:50,437][flwr][DEBUG] - evaluate_round 7: strategy sampled 2 clients (out of 10)
[2025-03-26 03:03:50,932][flwr][DEBUG] - evaluate_round 7 received 2 results and 0 failures
[2025-03-26 03:03:50,932][flwr][INFO] - Round 8 training config: batch_size=32, local_epochs=4, num_samples=None
[2025-03-26 03:03:50,932][flwr][DEBUG] - fit_round 8: strategy sampled 2 clients (out of 10)
[2025-03-26 03:04:11,803][flwr][DEBUG] - fit_round 8 received 2 results and 0 failures
[2025-03-26 03:04:12,841][flwr][INFO] - fit progress: (8, 0.9792737364768982, {'accuracy': 0.6535999774932861}, 166.07045266698697)
[2025-03-26 03:04:12,841][flwr][DEBUG] - evaluate_round 8: strategy sampled 2 clients (out of 10)
[2025-03-26 03:04:13,349][flwr][DEBUG] - evaluate_round 8 received 2 results and 0 failures
[2025-03-26 03:04:13,350][flwr][INFO] - Round 9 training config: batch_size=32, local_epochs=4, num_samples=None
[2025-03-26 03:04:13,350][flwr][DEBUG] - fit_round 9: strategy sampled 2 clients (out of 10)
[2025-03-26 03:04:34,065][flwr][DEBUG] - fit_round 9 received 2 results and 0 failures
[2025-03-26 03:04:35,070][flwr][INFO] - fit progress: (9, 0.9827279448509216, {'accuracy': 0.6571000218391418}, 188.3000148339779)
[2025-03-26 03:04:35,070][flwr][DEBUG] - evaluate_round 9: strategy sampled 2 clients (out of 10)
[2025-03-26 03:04:35,548][flwr][DEBUG] - evaluate_round 9 received 2 results and 0 failures
[2025-03-26 03:04:35,548][flwr][INFO] - Round 10 training config: batch_size=32, local_epochs=4, num_samples=None
[2025-03-26 03:04:35,548][flwr][DEBUG] - fit_round 10: strategy sampled 2 clients (out of 10)
[2025-03-26 03:04:54,426][flwr][DEBUG] - fit_round 10 received 2 results and 0 failures
[2025-03-26 03:04:55,430][flwr][INFO] - fit progress: (10, 0.8708349466323853, {'accuracy': 0.6916000247001648}, 208.6602802919806)
[2025-03-26 03:04:55,430][flwr][DEBUG] - evaluate_round 10: strategy sampled 2 clients (out of 10)
[2025-03-26 03:04:55,857][flwr][DEBUG] - evaluate_round 10 received 2 results and 0 failures
[2025-03-26 03:04:55,857][flwr][INFO] - Round 11 training config: batch_size=32, local_epochs=4, num_samples=None
[2025-03-26 03:04:55,857][flwr][DEBUG] - fit_round 11: strategy sampled 2 clients (out of 10)
[2025-03-26 03:05:16,918][flwr][DEBUG] - fit_round 11 received 2 results and 0 failures
[2025-03-26 03:05:17,950][flwr][INFO] - fit progress: (11, 0.9354971647262573, {'accuracy': 0.6686000227928162}, 231.18013504199916)
[2025-03-26 03:05:17,950][flwr][DEBUG] - evaluate_round 11: strategy sampled 2 clients (out of 10)
[2025-03-26 03:05:18,458][flwr][DEBUG] - evaluate_round 11 received 2 results and 0 failures
[2025-03-26 03:05:18,458][flwr][INFO] - Round 12 training config: batch_size=32, local_epochs=4, num_samples=None
[2025-03-26 03:05:18,458][flwr][DEBUG] - fit_round 12: strategy sampled 2 clients (out of 10)
[2025-03-26 03:05:38,278][flwr][DEBUG] - fit_round 12 received 2 results and 0 failures
[2025-03-26 03:05:39,288][flwr][INFO] - fit progress: (12, 0.8484692573547363, {'accuracy': 0.7042999863624573}, 252.51833645897568)
[2025-03-26 03:05:39,288][flwr][DEBUG] - evaluate_round 12: strategy sampled 2 clients (out of 10)
[2025-03-26 03:05:39,781][flwr][DEBUG] - evaluate_round 12 received 2 results and 0 failures
[2025-03-26 03:05:39,781][flwr][INFO] - Round 13 training config: batch_size=32, local_epochs=4, num_samples=None
[2025-03-26 03:05:39,781][flwr][DEBUG] - fit_round 13: strategy sampled 2 clients (out of 10)
[2025-03-26 03:05:56,446][flwr][DEBUG] - fit_round 13 received 2 results and 0 failures
[2025-03-26 03:05:57,457][flwr][INFO] - fit progress: (13, 0.9414931535720825, {'accuracy': 0.6761999726295471}, 270.6879652089847)
[2025-03-26 03:05:57,457][flwr][DEBUG] - evaluate_round 13: strategy sampled 2 clients (out of 10)
[2025-03-26 03:05:57,925][flwr][DEBUG] - evaluate_round 13 received 2 results and 0 failures
[2025-03-26 03:05:57,925][flwr][INFO] - Round 14 training config: batch_size=32, local_epochs=4, num_samples=None
[2025-03-26 03:05:57,925][flwr][DEBUG] - fit_round 14: strategy sampled 2 clients (out of 10)
[2025-03-26 03:06:16,803][flwr][DEBUG] - fit_round 14 received 2 results and 0 failures
[2025-03-26 03:06:17,833][flwr][INFO] - fit progress: (14, 0.8515190482139587, {'accuracy': 0.7092000246047974}, 291.0638734999811)
[2025-03-26 03:06:17,833][flwr][DEBUG] - evaluate_round 14: strategy sampled 2 clients (out of 10)
[2025-03-26 03:06:18,356][flwr][DEBUG] - evaluate_round 14 received 2 results and 0 failures
[2025-03-26 03:06:18,357][flwr][INFO] - Round 15 training config: batch_size=32, local_epochs=4, num_samples=None
[2025-03-26 03:06:18,357][flwr][DEBUG] - fit_round 15: strategy sampled 2 clients (out of 10)
[2025-03-26 03:06:39,184][flwr][DEBUG] - fit_round 15 received 2 results and 0 failures
[2025-03-26 03:06:40,220][flwr][INFO] - fit progress: (15, 0.8844541311264038, {'accuracy': 0.6956999897956848}, 313.4516664169787)
[2025-03-26 03:06:40,220][flwr][DEBUG] - evaluate_round 15: strategy sampled 2 clients (out of 10)
[2025-03-26 03:06:40,757][flwr][DEBUG] - evaluate_round 15 received 2 results and 0 failures
[2025-03-26 03:06:40,757][flwr][INFO] - Round 16 training config: batch_size=32, local_epochs=4, num_samples=None
[2025-03-26 03:06:40,758][flwr][DEBUG] - fit_round 16: strategy sampled 2 clients (out of 10)
[2025-03-26 03:07:00,487][flwr][DEBUG] - fit_round 16 received 2 results and 0 failures
[2025-03-26 03:07:01,510][flwr][INFO] - fit progress: (16, 0.8699102401733398, {'accuracy': 0.7001000046730042}, 334.74175837499206)
[2025-03-26 03:07:01,510][flwr][DEBUG] - evaluate_round 16: strategy sampled 2 clients (out of 10)
[2025-03-26 03:07:01,995][flwr][DEBUG] - evaluate_round 16 received 2 results and 0 failures
[2025-03-26 03:07:01,995][flwr][INFO] - Round 17 training config: batch_size=32, local_epochs=4, num_samples=None
[2025-03-26 03:07:01,995][flwr][DEBUG] - fit_round 17: strategy sampled 2 clients (out of 10)
[2025-03-26 03:07:21,835][flwr][DEBUG] - fit_round 17 received 2 results and 0 failures
[2025-03-26 03:07:22,854][flwr][INFO] - fit progress: (17, 0.8172491192817688, {'accuracy': 0.7166000008583069}, 356.08554024997284)
[2025-03-26 03:07:22,854][flwr][DEBUG] - evaluate_round 17: strategy sampled 2 clients (out of 10)
[2025-03-26 03:07:23,362][flwr][DEBUG] - evaluate_round 17 received 2 results and 0 failures
[2025-03-26 03:07:23,362][flwr][INFO] - Round 18 training config: batch_size=32, local_epochs=4, num_samples=None
[2025-03-26 03:07:23,362][flwr][DEBUG] - fit_round 18: strategy sampled 2 clients (out of 10)
[2025-03-26 03:07:44,006][flwr][DEBUG] - fit_round 18 received 2 results and 0 failures
[2025-03-26 03:07:45,030][flwr][INFO] - fit progress: (18, 0.7883818745613098, {'accuracy': 0.7199000120162964}, 378.26223087499966)
[2025-03-26 03:07:45,030][flwr][DEBUG] - evaluate_round 18: strategy sampled 2 clients (out of 10)
[2025-03-26 03:07:45,573][flwr][DEBUG] - evaluate_round 18 received 2 results and 0 failures
[2025-03-26 03:07:45,573][flwr][INFO] - Round 19 training config: batch_size=32, local_epochs=4, num_samples=None
[2025-03-26 03:07:45,573][flwr][DEBUG] - fit_round 19: strategy sampled 2 clients (out of 10)
[2025-03-26 03:08:03,579][flwr][DEBUG] - fit_round 19 received 2 results and 0 failures
[2025-03-26 03:08:04,604][flwr][INFO] - fit progress: (19, 0.9351003170013428, {'accuracy': 0.689300000667572}, 397.8362649169867)
[2025-03-26 03:08:04,604][flwr][DEBUG] - evaluate_round 19: strategy sampled 2 clients (out of 10)
[2025-03-26 03:08:05,063][flwr][DEBUG] - evaluate_round 19 received 2 results and 0 failures
[2025-03-26 03:08:05,064][flwr][INFO] - Round 20 training config: batch_size=32, local_epochs=4, num_samples=None
[2025-03-26 03:08:05,064][flwr][DEBUG] - fit_round 20: strategy sampled 2 clients (out of 10)
[2025-03-26 03:08:26,258][flwr][DEBUG] - fit_round 20 received 2 results and 0 failures
[2025-03-26 03:08:27,285][flwr][INFO] - fit progress: (20, 0.8119487762451172, {'accuracy': 0.7231000065803528}, 420.51737391698407)
[2025-03-26 03:08:27,285][flwr][DEBUG] - evaluate_round 20: strategy sampled 2 clients (out of 10)
[2025-03-26 03:08:27,762][flwr][DEBUG] - evaluate_round 20 received 2 results and 0 failures
[2025-03-26 03:08:27,763][flwr][INFO] - FL finished in 420.9949256669788
[2025-03-26 03:08:27,763][flwr][INFO] - app_fit: losses_distributed [(1, 2.0631956912819334), (2, 1.3900635242462158), (3, 1.4771287866915719), (4, 1.3041155385498953), (5, 1.2974886699726706), (6, 1.151529784405485), (7, 0.9665291515901127), (8, 0.9699510898545524), (9, 0.9975910484790802), (10, 0.8953760838989181), (11, 0.9324462991625131), (12, 0.8434472028736065), (13, 0.9528604401669032), (14, 0.8105163742994007), (15, 0.8795535061931328), (16, 0.8766375932215743), (17, 0.7456227868375643), (18, 0.7670154498594441), (19, 0.9535957459519692), (20, 0.7483274214704272)]
[2025-03-26 03:08:27,763][flwr][INFO] - app_fit: metrics_distributed_fit {'variance_training_loss': [(1, 7.928511018917561e-05), (2, 0.00010633654325431507), (3, 2.2099779108941675e-06), (4, 5.115907697472721e-13), (5, 0.0004081320804658617), (6, 0.00021970070324428548), (7, 0.00021995698661214647), (8, 0.0003849444516426104), (9, 0.0004753145645395307), (10, 5.531326411656323e-05), (11, 4.594413624747773e-05), (12, 0.0010536963657159504), (13, 3.589757966437901e-07), (14, 0.000265610103711289), (15, 0.0005112394477500004), (16, 0.003167259159031488), (17, 3.5408929911717735e-05), (18, 0.0008428513657685599), (19, 0.0012501847779731179), (20, 0.00033696992085552324)], 'average_training_loss': [(1, 1.513339877128601), (2, 1.3722831010818481), (3, 1.224290907382965), (4, 1.1891252994537354), (5, 1.1030621528625488), (6, 1.0359929203987122), (7, 0.9786529541015625), (8, 0.997098982334137), (9, 0.9660515785217285), (10, 0.8988954424858093), (11, 0.9290291965007782), (12, 0.896578848361969), (13, 0.8721985816955566), (14, 0.8291767537593842), (15, 0.8314218521118164), (16, 0.8044885396957397), (17, 0.8242152035236359), (18, 0.8487415611743927), (19, 0.7973020076751709), (20, 0.7922034859657288)]}
[2025-03-26 03:08:27,763][flwr][INFO] - app_fit: metrics_distributed {}
[2025-03-26 03:08:27,763][flwr][INFO] - app_fit: losses_centralized [(0, 2.303144693374634), (1, 2.0006093978881836), (2, 1.3792579174041748), (3, 1.4413563013076782), (4, 1.2541992664337158), (5, 1.36250638961792), (6, 1.0673578977584839), (7, 1.0341891050338745), (8, 0.9792737364768982), (9, 0.9827279448509216), (10, 0.8708349466323853), (11, 0.9354971647262573), (12, 0.8484692573547363), (13, 0.9414931535720825), (14, 0.8515190482139587), (15, 0.8844541311264038), (16, 0.8699102401733398), (17, 0.8172491192817688), (18, 0.7883818745613098), (19, 0.9351003170013428), (20, 0.8119487762451172)]
[2025-03-26 03:08:27,763][flwr][INFO] - app_fit: metrics_centralized {'accuracy': [(0, 0.09719999879598618), (1, 0.2847000062465668), (2, 0.5099999904632568), (3, 0.5170999765396118), (4, 0.5526999831199646), (5, 0.5393999814987183), (6, 0.6259999871253967), (7, 0.6280999779701233), (8, 0.6535999774932861), (9, 0.6571000218391418), (10, 0.6916000247001648), (11, 0.6686000227928162), (12, 0.7042999863624573), (13, 0.6761999726295471), (14, 0.7092000246047974), (15, 0.6956999897956848), (16, 0.7001000046730042), (17, 0.7166000008583069), (18, 0.7199000120162964), (19, 0.689300000667572), (20, 0.7231000065803528)]}
