[2025-03-24 14:50:05,016][tensorflow][WARNING] - From /Users/livialestingi/PycharmProjects/NodeSelection/power_of_choice/power_of_choice/dataset.py:38: load (from tensorflow.python.data.experimental.ops.io) is deprecated and will be removed in a future version.
Instructions for updating:
Use `tf.data.Dataset.load(...)` instead.
[2025-03-24 14:50:05,116][flwr][INFO] - Using FedAvg strategy
[2025-03-24 14:50:05,116][flwr][INFO] - Starting Flower simulation, config: ServerConfig(num_rounds=20, round_timeout=None)
[2025-03-24 14:50:06,261][flwr][INFO] - Flower VCE: Ray initialized with resources: {'memory': 15117593805.0, 'object_store_memory': 2147483648.0, 'CPU': 8.0, 'node:127.0.0.1': 1.0, 'node:__internal_head__': 1.0}
[2025-03-24 14:50:06,261][flwr][INFO] - Flower VCE: Resources for each Virtual Client: {'num_cpus': 0.5, 'num_gpus': 0}
[2025-03-24 14:50:06,268][flwr][INFO] - Flower VCE: Creating VirtualClientEngineActorPool with 16 actors
[2025-03-24 14:50:06,268][flwr][INFO] - Initializing global parameters
[2025-03-24 14:50:06,268][flwr][INFO] - Requesting initial parameters from one random client
[2025-03-24 14:50:11,410][flwr][INFO] - Received initial parameters from one random client
[2025-03-24 14:50:11,410][flwr][INFO] - Evaluating initial parameters
[2025-03-24 14:50:12,562][flwr][INFO] - initial parameters (loss, other metrics): 2.302361249923706, {'accuracy': 0.10000000149011612}
[2025-03-24 14:50:12,563][flwr][INFO] - FL starting
[2025-03-24 14:50:12,563][flwr][DEBUG] - fit_round 1: strategy sampled 9 clients (out of 10)
[2025-03-24 14:53:44,579][flwr][DEBUG] - fit_round 1 received 9 results and 0 failures
[2025-03-24 14:53:45,627][flwr][INFO] - fit progress: (1, 2.3828322887420654, {'accuracy': 0.15719999372959137}, 213.06328687499627)
[2025-03-24 14:53:45,627][flwr][DEBUG] - evaluate_round 1: strategy sampled 9 clients (out of 10)
[2025-03-24 14:53:47,541][flwr][DEBUG] - evaluate_round 1 received 9 results and 0 failures
[2025-03-24 14:53:47,541][flwr][WARNING] - No evaluate_metrics_aggregation_fn provided
[2025-03-24 14:53:47,542][flwr][DEBUG] - fit_round 2: strategy sampled 9 clients (out of 10)
[2025-03-24 14:57:07,361][flwr][DEBUG] - fit_round 2 received 9 results and 0 failures
[2025-03-24 14:57:08,417][flwr][INFO] - fit progress: (2, 1.7033560276031494, {'accuracy': 0.3646000027656555}, 415.85163329199713)
[2025-03-24 14:57:08,417][flwr][DEBUG] - evaluate_round 2: strategy sampled 9 clients (out of 10)
[2025-03-24 14:57:10,393][flwr][DEBUG] - evaluate_round 2 received 9 results and 0 failures
[2025-03-24 14:57:10,393][flwr][DEBUG] - fit_round 3: strategy sampled 9 clients (out of 10)
[2025-03-24 15:00:48,947][flwr][DEBUG] - fit_round 3 received 9 results and 0 failures
[2025-03-24 15:00:49,962][flwr][INFO] - fit progress: (3, 1.7912962436676025, {'accuracy': 0.34060001373291016}, 637.395415542007)
[2025-03-24 15:00:49,962][flwr][DEBUG] - evaluate_round 3: strategy sampled 9 clients (out of 10)
[2025-03-24 15:00:51,983][flwr][DEBUG] - evaluate_round 3 received 9 results and 0 failures
[2025-03-24 15:00:51,983][flwr][DEBUG] - fit_round 4: strategy sampled 9 clients (out of 10)
[2025-03-24 15:04:03,977][flwr][DEBUG] - fit_round 4 received 9 results and 0 failures
[2025-03-24 15:04:05,070][flwr][INFO] - fit progress: (4, 1.4029284715652466, {'accuracy': 0.47209998965263367}, 832.502058041995)
[2025-03-24 15:04:05,070][flwr][DEBUG] - evaluate_round 4: strategy sampled 9 clients (out of 10)
[2025-03-24 15:04:06,538][flwr][DEBUG] - evaluate_round 4 received 9 results and 0 failures
[2025-03-24 15:04:06,538][flwr][DEBUG] - fit_round 5: strategy sampled 9 clients (out of 10)
[2025-03-24 15:07:39,876][flwr][DEBUG] - fit_round 5 received 9 results and 0 failures
[2025-03-24 15:07:40,968][flwr][INFO] - fit progress: (5, 1.3164130449295044, {'accuracy': 0.5231999754905701}, 1048.3987611670018)
[2025-03-24 15:07:40,968][flwr][DEBUG] - evaluate_round 5: strategy sampled 9 clients (out of 10)
[2025-03-24 15:07:43,185][flwr][DEBUG] - evaluate_round 5 received 9 results and 0 failures
[2025-03-24 15:07:43,185][flwr][DEBUG] - fit_round 6: strategy sampled 9 clients (out of 10)
[2025-03-24 15:11:07,786][flwr][DEBUG] - fit_round 6 received 9 results and 0 failures
[2025-03-24 15:11:08,866][flwr][INFO] - fit progress: (6, 1.2521506547927856, {'accuracy': 0.5286999940872192}, 1256.2953762090037)
[2025-03-24 15:11:08,866][flwr][DEBUG] - evaluate_round 6: strategy sampled 9 clients (out of 10)
[2025-03-24 15:11:10,915][flwr][DEBUG] - evaluate_round 6 received 9 results and 0 failures
[2025-03-24 15:11:10,915][flwr][DEBUG] - fit_round 7: strategy sampled 9 clients (out of 10)
[2025-03-24 15:14:37,544][flwr][DEBUG] - fit_round 7 received 9 results and 0 failures
[2025-03-24 15:14:38,739][flwr][INFO] - fit progress: (7, 1.2091221809387207, {'accuracy': 0.5432999730110168}, 1466.1687024999992)
[2025-03-24 15:14:38,740][flwr][DEBUG] - evaluate_round 7: strategy sampled 9 clients (out of 10)
[2025-03-24 15:14:41,036][flwr][DEBUG] - evaluate_round 7 received 9 results and 0 failures
[2025-03-24 15:14:41,036][flwr][DEBUG] - fit_round 8: strategy sampled 9 clients (out of 10)
[2025-03-24 15:18:13,216][flwr][DEBUG] - fit_round 8 received 9 results and 0 failures
[2025-03-24 15:18:14,364][flwr][INFO] - fit progress: (8, 1.1425889730453491, {'accuracy': 0.5701000094413757}, 1681.7948598340008)
[2025-03-24 15:18:14,365][flwr][DEBUG] - evaluate_round 8: strategy sampled 9 clients (out of 10)
[2025-03-24 15:18:16,502][flwr][DEBUG] - evaluate_round 8 received 9 results and 0 failures
[2025-03-24 15:18:16,503][flwr][DEBUG] - fit_round 9: strategy sampled 9 clients (out of 10)
[2025-03-24 15:21:36,233][flwr][DEBUG] - fit_round 9 received 9 results and 0 failures
[2025-03-24 15:21:37,337][flwr][INFO] - fit progress: (9, 1.1570320129394531, {'accuracy': 0.5720999836921692}, 1884.7661172499938)
[2025-03-24 15:21:37,337][flwr][DEBUG] - evaluate_round 9: strategy sampled 9 clients (out of 10)
[2025-03-24 15:21:39,434][flwr][DEBUG] - evaluate_round 9 received 9 results and 0 failures
[2025-03-24 15:21:39,434][flwr][DEBUG] - fit_round 10: strategy sampled 9 clients (out of 10)
[2025-03-24 15:25:12,714][flwr][DEBUG] - fit_round 10 received 9 results and 0 failures
[2025-03-24 15:25:13,829][flwr][INFO] - fit progress: (10, 1.0789945125579834, {'accuracy': 0.5996999740600586}, 2101.257267042005)
[2025-03-24 15:25:13,829][flwr][DEBUG] - evaluate_round 10: strategy sampled 9 clients (out of 10)
[2025-03-24 15:25:15,819][flwr][DEBUG] - evaluate_round 10 received 9 results and 0 failures
[2025-03-24 15:25:15,819][flwr][DEBUG] - fit_round 11: strategy sampled 9 clients (out of 10)
[2025-03-24 15:27:50,079][flwr][DEBUG] - fit_round 11 received 9 results and 0 failures
[2025-03-24 15:27:51,170][flwr][INFO] - fit progress: (11, 1.4265788793563843, {'accuracy': 0.5724999904632568}, 2258.5978935839958)
[2025-03-24 15:27:51,170][flwr][DEBUG] - evaluate_round 11: strategy sampled 9 clients (out of 10)
[2025-03-24 15:27:53,185][flwr][DEBUG] - evaluate_round 11 received 9 results and 0 failures
[2025-03-24 15:27:53,185][flwr][DEBUG] - fit_round 12: strategy sampled 9 clients (out of 10)
[2025-03-24 15:31:13,166][flwr][DEBUG] - fit_round 12 received 9 results and 0 failures
[2025-03-24 15:31:14,219][flwr][INFO] - fit progress: (12, 1.174983024597168, {'accuracy': 0.5709999799728394}, 2461.645623042001)
[2025-03-24 15:31:14,219][flwr][DEBUG] - evaluate_round 12: strategy sampled 9 clients (out of 10)
[2025-03-24 15:31:16,267][flwr][DEBUG] - evaluate_round 12 received 9 results and 0 failures
[2025-03-24 15:31:16,267][flwr][DEBUG] - fit_round 13: strategy sampled 9 clients (out of 10)
[2025-03-24 15:34:33,659][flwr][DEBUG] - fit_round 13 received 9 results and 0 failures
[2025-03-24 15:34:34,719][flwr][INFO] - fit progress: (13, 1.0866566896438599, {'accuracy': 0.5993000268936157}, 2662.144455834001)
[2025-03-24 15:34:34,719][flwr][DEBUG] - evaluate_round 13: strategy sampled 9 clients (out of 10)
[2025-03-24 15:34:36,592][flwr][DEBUG] - evaluate_round 13 received 9 results and 0 failures
[2025-03-24 15:34:36,592][flwr][DEBUG] - fit_round 14: strategy sampled 9 clients (out of 10)
[2025-03-24 15:38:20,474][flwr][DEBUG] - fit_round 14 received 9 results and 0 failures
[2025-03-24 15:38:21,531][flwr][INFO] - fit progress: (14, 1.074442744255066, {'accuracy': 0.6017000079154968}, 2888.9550086249947)
[2025-03-24 15:38:21,531][flwr][DEBUG] - evaluate_round 14: strategy sampled 9 clients (out of 10)
[2025-03-24 15:38:23,575][flwr][DEBUG] - evaluate_round 14 received 9 results and 0 failures
[2025-03-24 15:38:23,575][flwr][DEBUG] - fit_round 15: strategy sampled 9 clients (out of 10)
[2025-03-24 15:42:08,445][flwr][DEBUG] - fit_round 15 received 9 results and 0 failures
[2025-03-24 15:42:09,468][flwr][INFO] - fit progress: (15, 0.9941479563713074, {'accuracy': 0.6348000168800354}, 3116.8935263339954)
[2025-03-24 15:42:09,468][flwr][DEBUG] - evaluate_round 15: strategy sampled 9 clients (out of 10)
[2025-03-24 15:42:11,387][flwr][DEBUG] - evaluate_round 15 received 9 results and 0 failures
[2025-03-24 15:42:11,387][flwr][DEBUG] - fit_round 16: strategy sampled 9 clients (out of 10)
[2025-03-24 15:44:44,728][flwr][DEBUG] - fit_round 16 received 9 results and 0 failures
[2025-03-24 15:44:45,795][flwr][INFO] - fit progress: (16, 1.3996981382369995, {'accuracy': 0.5983999967575073}, 3273.224042583999)
[2025-03-24 15:44:45,795][flwr][DEBUG] - evaluate_round 16: strategy sampled 9 clients (out of 10)
[2025-03-24 15:44:47,714][flwr][DEBUG] - evaluate_round 16 received 9 results and 0 failures
[2025-03-24 15:44:47,714][flwr][DEBUG] - fit_round 17: strategy sampled 9 clients (out of 10)
[2025-03-24 15:48:07,666][flwr][DEBUG] - fit_round 17 received 9 results and 0 failures
[2025-03-24 15:48:08,766][flwr][INFO] - fit progress: (17, 1.0976710319519043, {'accuracy': 0.6065999865531921}, 3476.1945717500057)
[2025-03-24 15:48:08,766][flwr][DEBUG] - evaluate_round 17: strategy sampled 9 clients (out of 10)
[2025-03-24 15:48:10,772][flwr][DEBUG] - evaluate_round 17 received 9 results and 0 failures
[2025-03-24 15:48:10,772][flwr][DEBUG] - fit_round 18: strategy sampled 9 clients (out of 10)
[2025-03-24 15:51:13,661][flwr][DEBUG] - fit_round 18 received 9 results and 0 failures
[2025-03-24 15:51:14,771][flwr][INFO] - fit progress: (18, 0.9479343891143799, {'accuracy': 0.6564000248908997}, 3662.198884833997)
[2025-03-24 15:51:14,771][flwr][DEBUG] - evaluate_round 18: strategy sampled 9 clients (out of 10)
[2025-03-24 15:51:16,789][flwr][DEBUG] - evaluate_round 18 received 9 results and 0 failures
[2025-03-24 15:51:16,789][flwr][DEBUG] - fit_round 19: strategy sampled 9 clients (out of 10)
[2025-03-24 15:54:59,841][flwr][DEBUG] - fit_round 19 received 9 results and 0 failures
[2025-03-24 15:55:00,950][flwr][INFO] - fit progress: (19, 1.010816216468811, {'accuracy': 0.6377000212669373}, 3888.377455624999)
[2025-03-24 15:55:00,951][flwr][DEBUG] - evaluate_round 19: strategy sampled 9 clients (out of 10)
[2025-03-24 15:55:03,132][flwr][DEBUG] - evaluate_round 19 received 9 results and 0 failures
[2025-03-24 15:55:03,132][flwr][DEBUG] - fit_round 20: strategy sampled 9 clients (out of 10)
[2025-03-24 15:58:49,092][flwr][DEBUG] - fit_round 20 received 9 results and 0 failures
[2025-03-24 15:58:50,134][flwr][INFO] - fit progress: (20, 0.9651044011116028, {'accuracy': 0.645799994468689}, 4117.560577583994)
[2025-03-24 15:58:50,134][flwr][DEBUG] - evaluate_round 20: strategy sampled 9 clients (out of 10)
[2025-03-24 15:58:52,263][flwr][DEBUG] - evaluate_round 20 received 9 results and 0 failures
[2025-03-24 15:58:52,263][flwr][INFO] - FL finished in 4119.689577166995
[2025-03-24 15:58:52,263][flwr][INFO] - app_fit: losses_distributed [(1, 2.2374629238847143), (2, 1.6299285577400522), (3, 1.6688749777769039), (4, 1.4491372002559264), (5, 1.2513190717323728), (6, 1.17914100190224), (7, 1.1750877000820295), (8, 1.0883715147245863), (9, 1.0970114891797387), (10, 1.012817526035515), (11, 1.2819702597562679), (12, 1.0926568934227316), (13, 1.0523296525340071), (14, 0.9949392323905485), (15, 0.9490603292331992), (16, 1.2858909542183223), (17, 1.0218371099881216), (18, 0.9155978920718782), (19, 0.9407913211107254), (20, 0.8912067821245633)]
[2025-03-24 15:58:52,263][flwr][INFO] - app_fit: metrics_distributed_fit {'variance_training_loss': [(1, 0.15453815283355474), (2, 0.0774933136523137), (3, 0.051247275276746655), (4, 0.03722605381476127), (5, 0.03451008999289915), (6, 0.025642438470045142), (7, 0.02791063629769308), (8, 0.02493768493748394), (9, 0.02260504521928293), (10, 0.020090324939537073), (11, 0.02161342261661282), (12, 0.01925035373095252), (13, 0.018204953917867403), (14, 0.01618975880661018), (15, 0.003780248858480242), (16, 0.01487068007010313), (17, 0.01761907950112042), (18, 0.014766209371305905), (19, 0.014869090679334344), (20, 0.011500866173331245)], 'average_training_loss': [(1, 0.9470615850554572), (2, 0.8084109433823161), (3, 0.6919872628317939), (4, 0.6270902951558431), (5, 0.6065684027141995), (6, 0.5694392505619261), (7, 0.5557380865017573), (8, 0.5691318031814363), (9, 0.5131034619278378), (10, 0.4996052748627133), (11, 0.4814547093378173), (12, 0.45611440390348434), (13, 0.4612330413526959), (14, 0.4656124495797687), (15, 0.4883701139026218), (16, 0.43749478293789756), (17, 0.41784821036789155), (18, 0.4216977208852768), (19, 0.4137829475932651), (20, 0.406660301817788)], 'estimated_times': [(1, [703.0342702821182, 441.2664201742805, 195.29026390427626, 6.908063455100709, 9.064464872147912, 230.58090876497164, 4.326006875844417, 244.58997259685844, 206.99421720637517]), (2, [4.326006875844417, 55.609270175353615, 441.2664201742805, 230.58090876497164, 244.58997259685844, 703.0342702821182, 6.908063455100709, 9.064464872147912, 195.29026390427626]), (3, [230.58090876497164, 195.29026390427626, 441.2664201742805, 4.326006875844417, 6.908063455100709, 206.99421720637517, 9.064464872147912, 703.0342702821182, 244.58997259685844]), (4, [230.58090876497164, 9.064464872147912, 195.29026390427626, 703.0342702821182, 4.326006875844417, 244.58997259685844, 6.908063455100709, 206.99421720637517, 55.609270175353615]), (5, [195.29026390427626, 55.609270175353615, 206.99421720637517, 703.0342702821182, 6.908063455100709, 441.2664201742805, 4.326006875844417, 230.58090876497164, 9.064464872147912]), (6, [55.609270175353615, 441.2664201742805, 703.0342702821182, 9.064464872147912, 4.326006875844417, 6.908063455100709, 244.58997259685844, 206.99421720637517, 230.58090876497164]), (7, [244.58997259685844, 9.064464872147912, 195.29026390427626, 6.908063455100709, 55.609270175353615, 206.99421720637517, 4.326006875844417, 703.0342702821182, 441.2664201742805]), (8, [4.326006875844417, 703.0342702821182, 195.29026390427626, 6.908063455100709, 441.2664201742805, 230.58090876497164, 9.064464872147912, 244.58997259685844, 55.609270175353615]), (9, [206.99421720637517, 6.908063455100709, 244.58997259685844, 4.326006875844417, 441.2664201742805, 9.064464872147912, 703.0342702821182, 230.58090876497164, 55.609270175353615]), (10, [4.326006875844417, 244.58997259685844, 206.99421720637517, 9.064464872147912, 230.58090876497164, 703.0342702821182, 55.609270175353615, 441.2664201742805, 6.908063455100709]), (11, [4.326006875844417, 55.609270175353615, 230.58090876497164, 244.58997259685844, 195.29026390427626, 6.908063455100709, 9.064464872147912, 441.2664201742805, 206.99421720637517]), (12, [55.609270175353615, 4.326006875844417, 206.99421720637517, 230.58090876497164, 244.58997259685844, 6.908063455100709, 441.2664201742805, 703.0342702821182, 9.064464872147912]), (13, [441.2664201742805, 9.064464872147912, 4.326006875844417, 206.99421720637517, 6.908063455100709, 703.0342702821182, 195.29026390427626, 55.609270175353615, 230.58090876497164]), (14, [703.0342702821182, 206.99421720637517, 230.58090876497164, 6.908063455100709, 9.064464872147912, 441.2664201742805, 4.326006875844417, 244.58997259685844, 195.29026390427626]), (15, [6.908063455100709, 230.58090876497164, 441.2664201742805, 55.609270175353615, 9.064464872147912, 244.58997259685844, 195.29026390427626, 206.99421720637517, 703.0342702821182]), (16, [230.58090876497164, 9.064464872147912, 4.326006875844417, 6.908063455100709, 195.29026390427626, 55.609270175353615, 441.2664201742805, 206.99421720637517, 244.58997259685844]), (17, [9.064464872147912, 703.0342702821182, 6.908063455100709, 244.58997259685844, 55.609270175353615, 441.2664201742805, 195.29026390427626, 4.326006875844417, 206.99421720637517]), (18, [195.29026390427626, 4.326006875844417, 9.064464872147912, 55.609270175353615, 6.908063455100709, 230.58090876497164, 244.58997259685844, 206.99421720637517, 703.0342702821182]), (19, [195.29026390427626, 230.58090876497164, 55.609270175353615, 9.064464872147912, 206.99421720637517, 441.2664201742805, 244.58997259685844, 4.326006875844417, 703.0342702821182]), (20, [206.99421720637517, 230.58090876497164, 4.326006875844417, 703.0342702821182, 9.064464872147912, 55.609270175353615, 441.2664201742805, 244.58997259685844, 195.29026390427626])]}
[2025-03-24 15:58:52,265][flwr][INFO] - app_fit: metrics_distributed {}
[2025-03-24 15:58:52,265][flwr][INFO] - app_fit: losses_centralized [(0, 2.302361249923706), (1, 2.3828322887420654), (2, 1.7033560276031494), (3, 1.7912962436676025), (4, 1.4029284715652466), (5, 1.3164130449295044), (6, 1.2521506547927856), (7, 1.2091221809387207), (8, 1.1425889730453491), (9, 1.1570320129394531), (10, 1.0789945125579834), (11, 1.4265788793563843), (12, 1.174983024597168), (13, 1.0866566896438599), (14, 1.074442744255066), (15, 0.9941479563713074), (16, 1.3996981382369995), (17, 1.0976710319519043), (18, 0.9479343891143799), (19, 1.010816216468811), (20, 0.9651044011116028)]
[2025-03-24 15:58:52,265][flwr][INFO] - app_fit: metrics_centralized {'accuracy': [(0, 0.10000000149011612), (1, 0.15719999372959137), (2, 0.3646000027656555), (3, 0.34060001373291016), (4, 0.47209998965263367), (5, 0.5231999754905701), (6, 0.5286999940872192), (7, 0.5432999730110168), (8, 0.5701000094413757), (9, 0.5720999836921692), (10, 0.5996999740600586), (11, 0.5724999904632568), (12, 0.5709999799728394), (13, 0.5993000268936157), (14, 0.6017000079154968), (15, 0.6348000168800354), (16, 0.5983999967575073), (17, 0.6065999865531921), (18, 0.6564000248908997), (19, 0.6377000212669373), (20, 0.645799994468689)]}
