[2025-03-09 20:39:45,071][flwr][INFO] - Using FedAvg strategy
[2025-03-09 20:39:45,072][flwr][INFO] - Starting Flower simulation, config: ServerConfig(num_rounds=20, round_timeout=None)
[2025-03-09 20:39:46,253][flwr][INFO] - Flower VCE: Ray initialized with resources: {'node:__internal_head__': 1.0, 'CPU': 8.0, 'object_store_memory': 2147483648.0, 'memory': 17130972775.0, 'node:127.0.0.1': 1.0}
[2025-03-09 20:39:46,254][flwr][INFO] - Flower VCE: Resources for each Virtual Client: {'num_cpus': 0.5, 'num_gpus': 0}
[2025-03-09 20:39:46,264][flwr][INFO] - Flower VCE: Creating VirtualClientEngineActorPool with 16 actors
[2025-03-09 20:39:46,264][flwr][INFO] - Initializing global parameters
[2025-03-09 20:39:46,264][flwr][INFO] - Requesting initial parameters from one random client
[2025-03-09 20:39:51,447][flwr][INFO] - Received initial parameters from one random client
[2025-03-09 20:39:51,447][flwr][INFO] - Evaluating initial parameters
[2025-03-09 20:39:52,579][flwr][INFO] - initial parameters (loss, other metrics): 2.3032784461975098, {'accuracy': 0.08820000290870667}
[2025-03-09 20:39:52,580][flwr][INFO] - FL starting
[2025-03-09 20:39:55,090][flwr][DEBUG] - fit_round 1: strategy sampled 9 clients (out of 10)
[2025-03-09 20:40:22,456][flwr][DEBUG] - fit_round 1 received 9 results and 0 failures
[2025-03-09 20:40:23,507][flwr][INFO] - fit progress: (1, 2.3320372104644775, {'accuracy': 0.10029999911785126}, 30.927506542007904)
[2025-03-09 20:40:23,507][flwr][DEBUG] - evaluate_round 1: strategy sampled 9 clients (out of 10)
[2025-03-09 20:40:25,116][flwr][DEBUG] - evaluate_round 1 received 9 results and 0 failures
[2025-03-09 20:40:25,116][flwr][WARNING] - No evaluate_metrics_aggregation_fn provided
[2025-03-09 20:40:27,573][flwr][DEBUG] - fit_round 2: strategy sampled 9 clients (out of 10)
[2025-03-09 20:40:53,557][flwr][DEBUG] - fit_round 2 received 9 results and 0 failures
[2025-03-09 20:40:54,600][flwr][INFO] - fit progress: (2, 2.193796157836914, {'accuracy': 0.18629999458789825}, 62.0200294580427)
[2025-03-09 20:40:54,600][flwr][DEBUG] - evaluate_round 2: strategy sampled 9 clients (out of 10)
[2025-03-09 20:40:56,267][flwr][DEBUG] - evaluate_round 2 received 9 results and 0 failures
[2025-03-09 20:40:58,702][flwr][DEBUG] - fit_round 3: strategy sampled 9 clients (out of 10)
[2025-03-09 20:41:25,738][flwr][DEBUG] - fit_round 3 received 9 results and 0 failures
[2025-03-09 20:41:26,785][flwr][INFO] - fit progress: (3, 1.751200556755066, {'accuracy': 0.3449999988079071}, 94.20518712501507)
[2025-03-09 20:41:26,785][flwr][DEBUG] - evaluate_round 3: strategy sampled 9 clients (out of 10)
[2025-03-09 20:41:28,541][flwr][DEBUG] - evaluate_round 3 received 9 results and 0 failures
[2025-03-09 20:41:30,977][flwr][DEBUG] - fit_round 4: strategy sampled 9 clients (out of 10)
[2025-03-09 20:41:56,416][flwr][DEBUG] - fit_round 4 received 9 results and 0 failures
[2025-03-09 20:41:57,455][flwr][INFO] - fit progress: (4, 1.7213997840881348, {'accuracy': 0.36149999499320984}, 124.87450866703875)
[2025-03-09 20:41:57,455][flwr][DEBUG] - evaluate_round 4: strategy sampled 9 clients (out of 10)
[2025-03-09 20:41:59,126][flwr][DEBUG] - evaluate_round 4 received 9 results and 0 failures
[2025-03-09 20:42:01,605][flwr][DEBUG] - fit_round 5: strategy sampled 9 clients (out of 10)
[2025-03-09 20:42:27,405][flwr][DEBUG] - fit_round 5 received 9 results and 0 failures
[2025-03-09 20:42:28,450][flwr][INFO] - fit progress: (5, 1.6131216287612915, {'accuracy': 0.4032000005245209}, 155.8703575830441)
[2025-03-09 20:42:28,451][flwr][DEBUG] - evaluate_round 5: strategy sampled 9 clients (out of 10)
[2025-03-09 20:42:30,151][flwr][DEBUG] - evaluate_round 5 received 9 results and 0 failures
[2025-03-09 20:42:32,609][flwr][DEBUG] - fit_round 6: strategy sampled 9 clients (out of 10)
[2025-03-09 20:42:58,456][flwr][DEBUG] - fit_round 6 received 9 results and 0 failures
[2025-03-09 20:42:59,506][flwr][INFO] - fit progress: (6, 1.5822160243988037, {'accuracy': 0.4242999851703644}, 186.92557125003077)
[2025-03-09 20:42:59,506][flwr][DEBUG] - evaluate_round 6: strategy sampled 9 clients (out of 10)
[2025-03-09 20:43:01,273][flwr][DEBUG] - evaluate_round 6 received 9 results and 0 failures
[2025-03-09 20:43:03,757][flwr][DEBUG] - fit_round 7: strategy sampled 9 clients (out of 10)
[2025-03-09 20:43:29,718][flwr][DEBUG] - fit_round 7 received 9 results and 0 failures
[2025-03-09 20:43:30,803][flwr][INFO] - fit progress: (7, 1.520639419555664, {'accuracy': 0.44530001282691956}, 218.22289454203565)
[2025-03-09 20:43:30,803][flwr][DEBUG] - evaluate_round 7: strategy sampled 9 clients (out of 10)
[2025-03-09 20:43:32,544][flwr][DEBUG] - evaluate_round 7 received 9 results and 0 failures
[2025-03-09 20:43:35,039][flwr][DEBUG] - fit_round 8: strategy sampled 9 clients (out of 10)
[2025-03-09 20:44:01,115][flwr][DEBUG] - fit_round 8 received 9 results and 0 failures
[2025-03-09 20:44:02,169][flwr][INFO] - fit progress: (8, 1.4740335941314697, {'accuracy': 0.4609000086784363}, 249.58817062503658)
[2025-03-09 20:44:02,169][flwr][DEBUG] - evaluate_round 8: strategy sampled 9 clients (out of 10)
[2025-03-09 20:44:04,296][flwr][DEBUG] - evaluate_round 8 received 9 results and 0 failures
[2025-03-09 20:44:06,733][flwr][DEBUG] - fit_round 9: strategy sampled 9 clients (out of 10)
[2025-03-09 20:44:33,844][flwr][DEBUG] - fit_round 9 received 9 results and 0 failures
[2025-03-09 20:44:34,898][flwr][INFO] - fit progress: (9, 1.5538370609283447, {'accuracy': 0.4320000112056732}, 282.31735341704916)
[2025-03-09 20:44:34,898][flwr][DEBUG] - evaluate_round 9: strategy sampled 9 clients (out of 10)
[2025-03-09 20:44:36,601][flwr][DEBUG] - evaluate_round 9 received 9 results and 0 failures
[2025-03-09 20:44:39,054][flwr][DEBUG] - fit_round 10: strategy sampled 9 clients (out of 10)
[2025-03-09 20:45:05,071][flwr][DEBUG] - fit_round 10 received 9 results and 0 failures
[2025-03-09 20:45:06,121][flwr][INFO] - fit progress: (10, 1.4705480337142944, {'accuracy': 0.4675000011920929}, 313.54046216700226)
[2025-03-09 20:45:06,121][flwr][DEBUG] - evaluate_round 10: strategy sampled 9 clients (out of 10)
[2025-03-09 20:45:07,859][flwr][DEBUG] - evaluate_round 10 received 9 results and 0 failures
[2025-03-09 20:45:10,305][flwr][DEBUG] - fit_round 11: strategy sampled 9 clients (out of 10)
[2025-03-09 20:45:35,899][flwr][DEBUG] - fit_round 11 received 9 results and 0 failures
[2025-03-09 20:45:36,957][flwr][INFO] - fit progress: (11, 1.398516058921814, {'accuracy': 0.487199991941452}, 344.3766346250195)
[2025-03-09 20:45:36,958][flwr][DEBUG] - evaluate_round 11: strategy sampled 9 clients (out of 10)
[2025-03-09 20:45:38,690][flwr][DEBUG] - evaluate_round 11 received 9 results and 0 failures
[2025-03-09 20:45:41,132][flwr][DEBUG] - fit_round 12: strategy sampled 9 clients (out of 10)
[2025-03-09 20:46:08,312][flwr][DEBUG] - fit_round 12 received 9 results and 0 failures
[2025-03-09 20:46:09,370][flwr][INFO] - fit progress: (12, 1.3841180801391602, {'accuracy': 0.49799999594688416}, 376.7889536670409)
[2025-03-09 20:46:09,370][flwr][DEBUG] - evaluate_round 12: strategy sampled 9 clients (out of 10)
[2025-03-09 20:46:11,039][flwr][DEBUG] - evaluate_round 12 received 9 results and 0 failures
[2025-03-09 20:46:13,511][flwr][DEBUG] - fit_round 13: strategy sampled 9 clients (out of 10)
[2025-03-09 20:46:40,890][flwr][DEBUG] - fit_round 13 received 9 results and 0 failures
[2025-03-09 20:46:41,963][flwr][INFO] - fit progress: (13, 1.5027693510055542, {'accuracy': 0.4697999954223633}, 409.3825080420356)
[2025-03-09 20:46:41,964][flwr][DEBUG] - evaluate_round 13: strategy sampled 9 clients (out of 10)
[2025-03-09 20:46:43,721][flwr][DEBUG] - evaluate_round 13 received 9 results and 0 failures
[2025-03-09 20:46:46,309][flwr][DEBUG] - fit_round 14: strategy sampled 9 clients (out of 10)
[2025-03-09 20:47:14,071][flwr][DEBUG] - fit_round 14 received 9 results and 0 failures
[2025-03-09 20:47:15,134][flwr][INFO] - fit progress: (14, 1.3460731506347656, {'accuracy': 0.5131000280380249}, 442.5527477080468)
[2025-03-09 20:47:15,134][flwr][DEBUG] - evaluate_round 14: strategy sampled 9 clients (out of 10)
[2025-03-09 20:47:16,797][flwr][DEBUG] - evaluate_round 14 received 9 results and 0 failures
[2025-03-09 20:47:19,323][flwr][DEBUG] - fit_round 15: strategy sampled 9 clients (out of 10)
[2025-03-09 20:47:46,719][flwr][DEBUG] - fit_round 15 received 9 results and 0 failures
[2025-03-09 20:47:47,761][flwr][INFO] - fit progress: (15, 1.3866281509399414, {'accuracy': 0.49970000982284546}, 475.17962237499887)
[2025-03-09 20:47:47,761][flwr][DEBUG] - evaluate_round 15: strategy sampled 9 clients (out of 10)
[2025-03-09 20:47:49,464][flwr][DEBUG] - evaluate_round 15 received 9 results and 0 failures
[2025-03-09 20:47:51,918][flwr][DEBUG] - fit_round 16: strategy sampled 9 clients (out of 10)
[2025-03-09 20:48:17,918][flwr][DEBUG] - fit_round 16 received 9 results and 0 failures
[2025-03-09 20:48:18,970][flwr][INFO] - fit progress: (16, 1.3418940305709839, {'accuracy': 0.5072000026702881}, 506.3887625830248)
[2025-03-09 20:48:18,970][flwr][DEBUG] - evaluate_round 16: strategy sampled 9 clients (out of 10)
[2025-03-09 20:48:20,705][flwr][DEBUG] - evaluate_round 16 received 9 results and 0 failures
[2025-03-09 20:48:23,172][flwr][DEBUG] - fit_round 17: strategy sampled 9 clients (out of 10)
[2025-03-09 20:48:50,936][flwr][DEBUG] - fit_round 17 received 9 results and 0 failures
[2025-03-09 20:48:51,989][flwr][INFO] - fit progress: (17, 1.3843631744384766, {'accuracy': 0.48840001225471497}, 539.4076573750353)
[2025-03-09 20:48:51,989][flwr][DEBUG] - evaluate_round 17: strategy sampled 9 clients (out of 10)
[2025-03-09 20:48:53,702][flwr][DEBUG] - evaluate_round 17 received 9 results and 0 failures
[2025-03-09 20:48:56,185][flwr][DEBUG] - fit_round 18: strategy sampled 9 clients (out of 10)
[2025-03-09 20:49:24,134][flwr][DEBUG] - fit_round 18 received 9 results and 0 failures
[2025-03-09 20:49:25,214][flwr][INFO] - fit progress: (18, 1.2662256956100464, {'accuracy': 0.5386000275611877}, 572.632996750006)
[2025-03-09 20:49:25,215][flwr][DEBUG] - evaluate_round 18: strategy sampled 9 clients (out of 10)
[2025-03-09 20:49:26,928][flwr][DEBUG] - evaluate_round 18 received 9 results and 0 failures
[2025-03-09 20:49:29,401][flwr][DEBUG] - fit_round 19: strategy sampled 9 clients (out of 10)
[2025-03-09 20:49:55,526][flwr][DEBUG] - fit_round 19 received 9 results and 0 failures
[2025-03-09 20:49:56,588][flwr][INFO] - fit progress: (19, 1.2413088083267212, {'accuracy': 0.5519999861717224}, 604.0061770830071)
[2025-03-09 20:49:56,588][flwr][DEBUG] - evaluate_round 19: strategy sampled 9 clients (out of 10)
[2025-03-09 20:49:58,372][flwr][DEBUG] - evaluate_round 19 received 9 results and 0 failures
[2025-03-09 20:50:00,903][flwr][DEBUG] - fit_round 20: strategy sampled 9 clients (out of 10)
[2025-03-09 20:50:27,695][flwr][DEBUG] - fit_round 20 received 9 results and 0 failures
[2025-03-09 20:50:28,724][flwr][INFO] - fit progress: (20, 1.2252064943313599, {'accuracy': 0.5576000213623047}, 636.1428006250062)
[2025-03-09 20:50:28,725][flwr][DEBUG] - evaluate_round 20: strategy sampled 9 clients (out of 10)
[2025-03-09 20:50:30,445][flwr][DEBUG] - evaluate_round 20 received 9 results and 0 failures
[2025-03-09 20:50:30,445][flwr][INFO] - FL finished in 637.8633423750289
[2025-03-09 20:50:30,445][flwr][INFO] - app_fit: losses_distributed [(1, 2.3176809325097216), (2, 2.213209878566653), (3, 1.7688866066119402), (4, 1.7503640518532142), (5, 1.6383916616226564), (6, 1.6084957850269146), (7, 1.5405417997423352), (8, 1.4909898993131276), (9, 1.5687087065954175), (10, 1.478968491073416), (11, 1.416484891385254), (12, 1.401514171804945), (13, 1.4913178526118318), (14, 1.3677502409257787), (15, 1.4193214759632635), (16, 1.3419843407336391), (17, 1.4013607907700412), (18, 1.280774690197443), (19, 1.2502428553398692), (20, 1.2405345175235687)]
[2025-03-09 20:50:30,445][flwr][INFO] - app_fit: metrics_distributed_fit {'variance_training_loss': [(1, 0.023801346483954804), (2, 0.007248860138148839), (3, 0.0032481275532947823), (4, 0.0020743438902886486), (5, 0.00205867927438612), (6, 0.0006940432434450687), (7, 0.0019788944726390183), (8, 0.0018842480522108071), (9, 0.0014768340161689746), (10, 0.0015916741923042031), (11, 0.0013966967096582777), (12, 0.0013358623783277482), (13, 0.0014456719971683975), (14, 0.0014464012569644104), (15, 0.0017710860040113172), (16, 0.00044535511439374397), (17, 0.0014689532145430323), (18, 0.0012481718247939193), (19, 0.0013620110295144872), (20, 0.00044540195404142713)], 'average_training_loss': [(1, 2.058906502193875), (2, 1.867031666967604), (3, 1.767587939898173), (4, 1.7007953723271687), (5, 1.657763295703464), (6, 1.6369874080022175), (7, 1.5919800069597032), (8, 1.562124702665541), (9, 1.5312033494313557), (10, 1.511484702428182), (11, 1.4891036483976576), (12, 1.4667399724324544), (13, 1.4488030672073364), (14, 1.427171402507358), (15, 1.4082181983523898), (16, 1.408764706717597), (17, 1.376009874873691), (18, 1.3678546481662326), (19, 1.3544625971052382), (20, 1.3590969774458144)], 'estimated_times': [(1, [43.83576561271026, 35.44635630991134, 37.59300034925557, 31.379783033003406, 24.90337759445595, 30.63993271195333, 38.37817430888305, 23.865304505516228, 23.367926423765724]), (2, [22.13149158529929, 23.367926423765724, 31.379783033003406, 23.865304505516228, 37.59300034925557, 30.63993271195333, 43.83576561271026, 24.90337759445595, 38.37817430888305]), (3, [43.83576561271026, 22.13149158529929, 23.865304505516228, 35.44635630991134, 23.367926423765724, 24.90337759445595, 31.379783033003406, 38.37817430888305, 37.59300034925557]), (4, [30.63993271195333, 43.83576561271026, 35.44635630991134, 23.367926423765724, 23.865304505516228, 24.90337759445595, 31.379783033003406, 22.13149158529929, 38.37817430888305]), (5, [31.379783033003406, 43.83576561271026, 23.865304505516228, 22.13149158529929, 37.59300034925557, 38.37817430888305, 30.63993271195333, 23.367926423765724, 24.90337759445595]), (6, [43.83576561271026, 31.379783033003406, 35.44635630991134, 23.865304505516228, 23.367926423765724, 24.90337759445595, 22.13149158529929, 30.63993271195333, 37.59300034925557]), (7, [37.59300034925557, 43.83576561271026, 22.13149158529929, 23.367926423765724, 31.379783033003406, 38.37817430888305, 30.63993271195333, 23.865304505516228, 24.90337759445595]), (8, [24.90337759445595, 43.83576561271026, 30.63993271195333, 22.13149158529929, 37.59300034925557, 31.379783033003406, 38.37817430888305, 23.367926423765724, 35.44635630991134]), (9, [31.379783033003406, 30.63993271195333, 43.83576561271026, 22.13149158529929, 35.44635630991134, 23.865304505516228, 38.37817430888305, 37.59300034925557, 24.90337759445595]), (10, [24.90337759445595, 35.84402877469426, 30.63993271195333, 35.44635630991134, 46.73585284753145, 22.13149158529929, 41.812752134182375, 37.59300034925557, 38.37817430888305]), (11, [23.865304505516228, 31.379783033003406, 24.90337759445595, 22.13149158529929, 23.367926423765724, 38.37817430888305, 35.44635630991134, 43.83576561271026, 30.63993271195333]), (12, [30.63993271195333, 24.90337759445595, 31.379783033003406, 35.44635630991134, 43.83576561271026, 37.59300034925557, 38.37817430888305, 22.13149158529929, 23.865304505516228]), (13, [22.13149158529929, 43.83576561271026, 23.865304505516228, 35.44635630991134, 30.63993271195333, 38.37817430888305, 31.379783033003406, 37.59300034925557, 24.90337759445595]), (14, [23.367926423765724, 35.44635630991134, 24.90337759445595, 31.379783033003406, 43.83576561271026, 37.59300034925557, 23.865304505516228, 38.37817430888305, 30.63993271195333]), (15, [23.865304505516228, 22.13149158529929, 35.44635630991134, 38.37817430888305, 43.83576561271026, 31.379783033003406, 23.367926423765724, 24.90337759445595, 37.59300034925557]), (16, [35.44635630991134, 23.367926423765724, 24.90337759445595, 23.865304505516228, 37.59300034925557, 31.379783033003406, 30.63993271195333, 22.13149158529929, 43.83576561271026]), (17, [23.367926423765724, 22.13149158529929, 31.379783033003406, 35.44635630991134, 38.37817430888305, 23.865304505516228, 24.90337759445595, 43.83576561271026, 37.59300034925557]), (18, [43.83576561271026, 35.44635630991134, 37.59300034925557, 23.367926423765724, 23.865304505516228, 22.13149158529929, 30.63993271195333, 38.37817430888305, 31.379783033003406]), (19, [41.812752134182375, 38.37817430888305, 46.73585284753145, 30.63993271195333, 37.59300034925557, 35.44635630991134, 24.90337759445595, 22.13149158529929, 35.84402877469426]), (20, [35.44635630991134, 23.865304505516228, 22.13149158529929, 37.59300034925557, 23.367926423765724, 31.379783033003406, 43.83576561271026, 30.63993271195333, 24.90337759445595])]}
[2025-03-09 20:50:30,447][flwr][INFO] - app_fit: metrics_distributed {}
[2025-03-09 20:50:30,447][flwr][INFO] - app_fit: losses_centralized [(0, 2.3032784461975098), (1, 2.3320372104644775), (2, 2.193796157836914), (3, 1.751200556755066), (4, 1.7213997840881348), (5, 1.6131216287612915), (6, 1.5822160243988037), (7, 1.520639419555664), (8, 1.4740335941314697), (9, 1.5538370609283447), (10, 1.4705480337142944), (11, 1.398516058921814), (12, 1.3841180801391602), (13, 1.5027693510055542), (14, 1.3460731506347656), (15, 1.3866281509399414), (16, 1.3418940305709839), (17, 1.3843631744384766), (18, 1.2662256956100464), (19, 1.2413088083267212), (20, 1.2252064943313599)]
[2025-03-09 20:50:30,447][flwr][INFO] - app_fit: metrics_centralized {'accuracy': [(0, 0.08820000290870667), (1, 0.10029999911785126), (2, 0.18629999458789825), (3, 0.3449999988079071), (4, 0.36149999499320984), (5, 0.4032000005245209), (6, 0.4242999851703644), (7, 0.44530001282691956), (8, 0.4609000086784363), (9, 0.4320000112056732), (10, 0.4675000011920929), (11, 0.487199991941452), (12, 0.49799999594688416), (13, 0.4697999954223633), (14, 0.5131000280380249), (15, 0.49970000982284546), (16, 0.5072000026702881), (17, 0.48840001225471497), (18, 0.5386000275611877), (19, 0.5519999861717224), (20, 0.5576000213623047)]}
