[2025-03-11 15:12:36,732][flwr][INFO] - Starting Flower simulation, config: ServerConfig(num_rounds=20, round_timeout=None)
[2025-03-11 15:12:37,872][flwr][INFO] - Flower VCE: Ray initialized with resources: {'object_store_memory': 2147483648.0, 'node:__internal_head__': 1.0, 'node:127.0.0.1': 1.0, 'memory': 16489804596.0, 'CPU': 8.0}
[2025-03-11 15:12:37,873][flwr][INFO] - Flower VCE: Resources for each Virtual Client: {'num_cpus': 0.5, 'num_gpus': 0}
[2025-03-11 15:12:37,879][flwr][INFO] - Flower VCE: Creating VirtualClientEngineActorPool with 16 actors
[2025-03-11 15:12:37,879][flwr][INFO] - Initializing global parameters
[2025-03-11 15:12:37,879][flwr][INFO] - Requesting initial parameters from one random client
[2025-03-11 15:12:43,141][flwr][INFO] - Received initial parameters from one random client
[2025-03-11 15:12:43,141][flwr][INFO] - Evaluating initial parameters
[2025-03-11 15:12:44,232][flwr][INFO] - initial parameters (loss, other metrics): 2.301621675491333, {'accuracy': 0.10000000149011612}
[2025-03-11 15:12:44,232][flwr][INFO] - FL starting with RPOW variant
[2025-03-11 15:12:46,997][flwr][INFO] - Server 1: about to sample 9 clients
[2025-03-11 15:12:46,997][flwr][INFO] - Round 1: selected clients
            ['6', '8', '5', '2', '4', '1', '0', '3', '7'] for fit.
[2025-03-11 15:12:46,997][flwr][DEBUG] - fit_round 1: strategy sampled 9 clients (out of 10)
[2025-03-11 15:13:45,166][flwr][DEBUG] - fit_round 1 received 9 results and 0 failures
[2025-03-11 15:13:46,186][flwr][INFO] - fit progress: (1, 2.416407585144043, {'accuracy': 0.17649999260902405}, 61.953707957989536)
[2025-03-11 15:13:46,186][flwr][DEBUG] - evaluate_round 1: strategy sampled 9 clients (out of 10)
[2025-03-11 15:13:48,105][flwr][DEBUG] - evaluate_round 1 received 9 results and 0 failures
[2025-03-11 15:13:48,105][flwr][WARNING] - No evaluate_metrics_aggregation_fn provided
[2025-03-11 15:13:50,877][flwr][INFO] - Server 2: about to sample 9 clients
[2025-03-11 15:13:50,878][flwr][INFO] - Round 2: selected clients
            ['6', '0', '1', '2', '7', '5', '3', '4', '9'] for fit.
[2025-03-11 15:13:50,878][flwr][DEBUG] - fit_round 2: strategy sampled 9 clients (out of 10)
[2025-03-11 15:14:38,713][flwr][DEBUG] - fit_round 2 received 9 results and 0 failures
[2025-03-11 15:14:39,735][flwr][INFO] - fit progress: (2, 1.75387442111969, {'accuracy': 0.3176000118255615}, 115.50298087508418)
[2025-03-11 15:14:39,735][flwr][DEBUG] - evaluate_round 2: strategy sampled 9 clients (out of 10)
[2025-03-11 15:14:41,519][flwr][DEBUG] - evaluate_round 2 received 9 results and 0 failures
[2025-03-11 15:14:44,292][flwr][INFO] - Server 3: about to sample 9 clients
[2025-03-11 15:14:44,292][flwr][INFO] - Round 3: selected clients
            ['5', '1', '6', '3', '0', '7', '4', '8', '2'] for fit.
[2025-03-11 15:14:44,293][flwr][DEBUG] - fit_round 3: strategy sampled 9 clients (out of 10)
[2025-03-11 15:15:42,288][flwr][DEBUG] - fit_round 3 received 9 results and 0 failures
[2025-03-11 15:15:43,320][flwr][INFO] - fit progress: (3, 1.6823662519454956, {'accuracy': 0.34439998865127563}, 179.08786625007633)
[2025-03-11 15:15:43,321][flwr][DEBUG] - evaluate_round 3: strategy sampled 9 clients (out of 10)
[2025-03-11 15:15:45,273][flwr][DEBUG] - evaluate_round 3 received 9 results and 0 failures
[2025-03-11 15:15:48,069][flwr][INFO] - Server 4: about to sample 9 clients
[2025-03-11 15:15:48,069][flwr][INFO] - Round 4: selected clients
            ['1', '3', '6', '0', '9', '8', '4', '2', '7'] for fit.
[2025-03-11 15:15:48,070][flwr][DEBUG] - fit_round 4: strategy sampled 9 clients (out of 10)
[2025-03-11 15:16:46,865][flwr][DEBUG] - fit_round 4 received 9 results and 0 failures
[2025-03-11 15:16:47,879][flwr][INFO] - fit progress: (4, 1.6012953519821167, {'accuracy': 0.3736000061035156}, 243.64613000000827)
[2025-03-11 15:16:47,879][flwr][DEBUG] - evaluate_round 4: strategy sampled 9 clients (out of 10)
[2025-03-11 15:16:49,922][flwr][DEBUG] - evaluate_round 4 received 9 results and 0 failures
[2025-03-11 15:16:52,715][flwr][INFO] - Server 5: about to sample 9 clients
[2025-03-11 15:16:52,715][flwr][INFO] - Round 5: selected clients
            ['3', '5', '4', '0', '2', '1', '8', '6', '7'] for fit.
[2025-03-11 15:16:52,715][flwr][DEBUG] - fit_round 5: strategy sampled 9 clients (out of 10)
[2025-03-11 15:17:52,982][flwr][DEBUG] - fit_round 5 received 9 results and 0 failures
[2025-03-11 15:17:53,989][flwr][INFO] - fit progress: (5, 1.6482257843017578, {'accuracy': 0.3693999946117401}, 309.75553833309095)
[2025-03-11 15:17:53,989][flwr][DEBUG] - evaluate_round 5: strategy sampled 9 clients (out of 10)
[2025-03-11 15:17:55,965][flwr][DEBUG] - evaluate_round 5 received 9 results and 0 failures
[2025-03-11 15:17:58,757][flwr][INFO] - Server 6: about to sample 9 clients
[2025-03-11 15:17:58,757][flwr][INFO] - Round 6: selected clients
            ['1', '9', '3', '7', '2', '8', '4', '6', '0'] for fit.
[2025-03-11 15:17:58,757][flwr][DEBUG] - fit_round 6: strategy sampled 9 clients (out of 10)
[2025-03-11 15:18:57,356][flwr][DEBUG] - fit_round 6 received 9 results and 0 failures
[2025-03-11 15:18:58,365][flwr][INFO] - fit progress: (6, 1.4919501543045044, {'accuracy': 0.42480000853538513}, 374.13169270800427)
[2025-03-11 15:18:58,365][flwr][DEBUG] - evaluate_round 6: strategy sampled 9 clients (out of 10)
[2025-03-11 15:19:00,363][flwr][DEBUG] - evaluate_round 6 received 9 results and 0 failures
[2025-03-11 15:19:03,171][flwr][INFO] - Server 7: about to sample 9 clients
[2025-03-11 15:19:03,171][flwr][INFO] - Round 7: selected clients
            ['7', '6', '2', '4', '8', '5', '1', '0', '3'] for fit.
[2025-03-11 15:19:03,171][flwr][DEBUG] - fit_round 7: strategy sampled 9 clients (out of 10)
[2025-03-11 15:20:02,658][flwr][DEBUG] - fit_round 7 received 9 results and 0 failures
[2025-03-11 15:20:03,687][flwr][INFO] - fit progress: (7, 1.380111575126648, {'accuracy': 0.47999998927116394}, 439.45311787503306)
[2025-03-11 15:20:03,687][flwr][DEBUG] - evaluate_round 7: strategy sampled 9 clients (out of 10)
[2025-03-11 15:20:05,642][flwr][DEBUG] - evaluate_round 7 received 9 results and 0 failures
[2025-03-11 15:20:08,431][flwr][INFO] - Server 8: about to sample 9 clients
[2025-03-11 15:20:08,432][flwr][INFO] - Round 8: selected clients
            ['2', '3', '0', '9', '4', '7', '6', '8', '1'] for fit.
[2025-03-11 15:20:08,432][flwr][DEBUG] - fit_round 8: strategy sampled 9 clients (out of 10)
[2025-03-11 15:21:07,530][flwr][DEBUG] - fit_round 8 received 9 results and 0 failures
[2025-03-11 15:21:08,554][flwr][INFO] - fit progress: (8, 1.4772071838378906, {'accuracy': 0.430400013923645}, 504.3202178750653)
[2025-03-11 15:21:08,554][flwr][DEBUG] - evaluate_round 8: strategy sampled 9 clients (out of 10)
[2025-03-11 15:21:10,520][flwr][DEBUG] - evaluate_round 8 received 9 results and 0 failures
[2025-03-11 15:21:13,307][flwr][INFO] - Server 9: about to sample 9 clients
[2025-03-11 15:21:13,307][flwr][INFO] - Round 9: selected clients
            ['4', '2', '8', '3', '1', '9', '6', '0', '7'] for fit.
[2025-03-11 15:21:13,307][flwr][DEBUG] - fit_round 9: strategy sampled 9 clients (out of 10)
[2025-03-11 15:22:13,608][flwr][DEBUG] - fit_round 9 received 9 results and 0 failures
[2025-03-11 15:22:14,620][flwr][INFO] - fit progress: (9, 1.3440018892288208, {'accuracy': 0.4772000014781952}, 570.3859427500283)
[2025-03-11 15:22:14,620][flwr][DEBUG] - evaluate_round 9: strategy sampled 9 clients (out of 10)
[2025-03-11 15:22:16,513][flwr][DEBUG] - evaluate_round 9 received 9 results and 0 failures
[2025-03-11 15:22:19,226][flwr][INFO] - Server 10: about to sample 9 clients
[2025-03-11 15:22:19,227][flwr][INFO] - Round 10: selected clients
            ['6', '1', '8', '2', '7', '9', '0', '3', '4'] for fit.
[2025-03-11 15:22:19,227][flwr][DEBUG] - fit_round 10: strategy sampled 9 clients (out of 10)
[2025-03-11 15:23:18,678][flwr][DEBUG] - fit_round 10 received 9 results and 0 failures
[2025-03-11 15:23:19,686][flwr][INFO] - fit progress: (10, 1.3806195259094238, {'accuracy': 0.4846999943256378}, 635.4512270829873)
[2025-03-11 15:23:19,686][flwr][DEBUG] - evaluate_round 10: strategy sampled 9 clients (out of 10)
[2025-03-11 15:23:21,728][flwr][DEBUG] - evaluate_round 10 received 9 results and 0 failures
[2025-03-11 15:23:24,521][flwr][INFO] - Server 11: about to sample 9 clients
[2025-03-11 15:23:24,521][flwr][INFO] - Round 11: selected clients
            ['7', '4', '9', '6', '1', '8', '2', '0', '3'] for fit.
[2025-03-11 15:23:24,521][flwr][DEBUG] - fit_round 11: strategy sampled 9 clients (out of 10)
[2025-03-11 15:24:25,926][flwr][DEBUG] - fit_round 11 received 9 results and 0 failures
[2025-03-11 15:24:26,985][flwr][INFO] - fit progress: (11, 1.3349018096923828, {'accuracy': 0.5013999938964844}, 702.7498877079925)
[2025-03-11 15:24:26,985][flwr][DEBUG] - evaluate_round 11: strategy sampled 9 clients (out of 10)
[2025-03-11 15:24:29,024][flwr][DEBUG] - evaluate_round 11 received 9 results and 0 failures
[2025-03-11 15:24:31,826][flwr][INFO] - Server 12: about to sample 9 clients
[2025-03-11 15:24:31,826][flwr][INFO] - Round 12: selected clients
            ['9', '3', '7', '6', '8', '1', '4', '0', '2'] for fit.
[2025-03-11 15:24:31,826][flwr][DEBUG] - fit_round 12: strategy sampled 9 clients (out of 10)
[2025-03-11 15:25:33,538][flwr][DEBUG] - fit_round 12 received 9 results and 0 failures
[2025-03-11 15:25:34,591][flwr][INFO] - fit progress: (12, 1.5801304578781128, {'accuracy': 0.4316999912261963}, 770.3555717500858)
[2025-03-11 15:25:34,591][flwr][DEBUG] - evaluate_round 12: strategy sampled 9 clients (out of 10)
[2025-03-11 15:25:36,664][flwr][DEBUG] - evaluate_round 12 received 9 results and 0 failures
[2025-03-11 15:25:39,396][flwr][INFO] - Server 13: about to sample 9 clients
[2025-03-11 15:25:39,396][flwr][INFO] - Round 13: selected clients
            ['2', '1', '0', '6', '8', '7', '4', '3', '5'] for fit.
[2025-03-11 15:25:39,397][flwr][DEBUG] - fit_round 13: strategy sampled 9 clients (out of 10)
[2025-03-11 15:26:42,433][flwr][DEBUG] - fit_round 13 received 9 results and 0 failures
[2025-03-11 15:26:43,498][flwr][INFO] - fit progress: (13, 1.385992407798767, {'accuracy': 0.478300005197525}, 839.2625700000208)
[2025-03-11 15:26:43,498][flwr][DEBUG] - evaluate_round 13: strategy sampled 9 clients (out of 10)
[2025-03-11 15:26:45,573][flwr][DEBUG] - evaluate_round 13 received 9 results and 0 failures
[2025-03-11 15:26:48,313][flwr][INFO] - Server 14: about to sample 9 clients
[2025-03-11 15:26:48,314][flwr][INFO] - Round 14: selected clients
            ['4', '7', '6', '0', '8', '2', '1', '3', '5'] for fit.
[2025-03-11 15:26:48,314][flwr][DEBUG] - fit_round 14: strategy sampled 9 clients (out of 10)
[2025-03-11 15:27:51,422][flwr][DEBUG] - fit_round 14 received 9 results and 0 failures
[2025-03-11 15:27:52,482][flwr][INFO] - fit progress: (14, 1.211106777191162, {'accuracy': 0.5437999963760376}, 908.2464621249819)
[2025-03-11 15:27:52,482][flwr][DEBUG] - evaluate_round 14: strategy sampled 9 clients (out of 10)
[2025-03-11 15:27:54,476][flwr][DEBUG] - evaluate_round 14 received 9 results and 0 failures
[2025-03-11 15:27:57,222][flwr][INFO] - Server 15: about to sample 9 clients
[2025-03-11 15:27:57,222][flwr][INFO] - Round 15: selected clients
            ['7', '1', '3', '4', '8', '5', '6', '0', '2'] for fit.
[2025-03-11 15:27:57,222][flwr][DEBUG] - fit_round 15: strategy sampled 9 clients (out of 10)
[2025-03-11 15:29:00,423][flwr][DEBUG] - fit_round 15 received 9 results and 0 failures
[2025-03-11 15:29:01,475][flwr][INFO] - fit progress: (15, 1.1964858770370483, {'accuracy': 0.5468000173568726}, 977.2387717920355)
[2025-03-11 15:29:01,475][flwr][DEBUG] - evaluate_round 15: strategy sampled 9 clients (out of 10)
[2025-03-11 15:29:03,442][flwr][DEBUG] - evaluate_round 15 received 9 results and 0 failures
[2025-03-11 15:29:06,223][flwr][INFO] - Server 16: about to sample 9 clients
[2025-03-11 15:29:06,223][flwr][INFO] - Round 16: selected clients
            ['5', '0', '3', '2', '8', '6', '4', '1', '7'] for fit.
[2025-03-11 15:29:06,223][flwr][DEBUG] - fit_round 16: strategy sampled 9 clients (out of 10)
[2025-03-11 15:30:09,124][flwr][DEBUG] - fit_round 16 received 9 results and 0 failures
[2025-03-11 15:30:10,164][flwr][INFO] - fit progress: (16, 1.2286810874938965, {'accuracy': 0.5358999967575073}, 1045.9281613330822)
[2025-03-11 15:30:10,164][flwr][DEBUG] - evaluate_round 16: strategy sampled 9 clients (out of 10)
[2025-03-11 15:30:12,231][flwr][DEBUG] - evaluate_round 16 received 9 results and 0 failures
[2025-03-11 15:30:15,015][flwr][INFO] - Server 17: about to sample 9 clients
[2025-03-11 15:30:15,015][flwr][INFO] - Round 17: selected clients
            ['5', '6', '7', '0', '8', '1', '3', '4', '2'] for fit.
[2025-03-11 15:30:15,015][flwr][DEBUG] - fit_round 17: strategy sampled 9 clients (out of 10)
[2025-03-11 15:31:17,353][flwr][DEBUG] - fit_round 17 received 9 results and 0 failures
[2025-03-11 15:31:18,389][flwr][INFO] - fit progress: (17, 1.1973780393600464, {'accuracy': 0.5522000193595886}, 1114.152930125012)
[2025-03-11 15:31:18,390][flwr][DEBUG] - evaluate_round 17: strategy sampled 9 clients (out of 10)
[2025-03-11 15:31:20,389][flwr][DEBUG] - evaluate_round 17 received 9 results and 0 failures
[2025-03-11 15:31:23,177][flwr][INFO] - Server 18: about to sample 9 clients
[2025-03-11 15:31:23,177][flwr][INFO] - Round 18: selected clients
            ['7', '8', '1', '5', '4', '3', '6', '0', '2'] for fit.
[2025-03-11 15:31:23,177][flwr][DEBUG] - fit_round 18: strategy sampled 9 clients (out of 10)
[2025-03-11 15:32:24,707][flwr][DEBUG] - fit_round 18 received 9 results and 0 failures
[2025-03-11 15:32:25,715][flwr][INFO] - fit progress: (18, 1.190725564956665, {'accuracy': 0.5540000200271606}, 1181.4781711250544)
[2025-03-11 15:32:25,715][flwr][DEBUG] - evaluate_round 18: strategy sampled 9 clients (out of 10)
[2025-03-11 15:32:27,644][flwr][DEBUG] - evaluate_round 18 received 9 results and 0 failures
[2025-03-11 15:32:30,395][flwr][INFO] - Server 19: about to sample 9 clients
[2025-03-11 15:32:30,395][flwr][INFO] - Round 19: selected clients
            ['1', '4', '5', '6', '7', '2', '0', '3', '8'] for fit.
[2025-03-11 15:32:30,395][flwr][DEBUG] - fit_round 19: strategy sampled 9 clients (out of 10)
[2025-03-11 15:33:31,821][flwr][DEBUG] - fit_round 19 received 9 results and 0 failures
[2025-03-11 15:33:32,833][flwr][INFO] - fit progress: (19, 1.2983285188674927, {'accuracy': 0.5232999920845032}, 1248.5960234580562)
[2025-03-11 15:33:32,833][flwr][DEBUG] - evaluate_round 19: strategy sampled 9 clients (out of 10)
[2025-03-11 15:33:34,808][flwr][DEBUG] - evaluate_round 19 received 9 results and 0 failures
[2025-03-11 15:33:37,584][flwr][INFO] - Server 20: about to sample 9 clients
[2025-03-11 15:33:37,584][flwr][INFO] - Round 20: selected clients
            ['7', '1', '8', '4', '0', '5', '2', '6', '3'] for fit.
[2025-03-11 15:33:37,584][flwr][DEBUG] - fit_round 20: strategy sampled 9 clients (out of 10)
[2025-03-11 15:34:39,371][flwr][DEBUG] - fit_round 20 received 9 results and 0 failures
[2025-03-11 15:34:40,375][flwr][INFO] - fit progress: (20, 1.102683186531067, {'accuracy': 0.5871000289916992}, 1316.1377067080466)
[2025-03-11 15:34:40,375][flwr][DEBUG] - evaluate_round 20: strategy sampled 9 clients (out of 10)
[2025-03-11 15:34:42,309][flwr][DEBUG] - evaluate_round 20 received 9 results and 0 failures
[2025-03-11 15:34:42,309][flwr][INFO] - FL finished in 1318.0720473750262
[2025-03-11 15:34:42,310][flwr][INFO] - app_fit: losses_distributed [(1, 2.292061279678345), (2, 1.738008818813211), (3, 1.6078821307182312), (4, 1.538930199983648), (5, 1.55839093542099), (6, 1.4402087580742338), (7, 1.329008425951004), (8, 1.4111963198287132), (9, 1.2910384561808337), (10, 1.3122266418799238), (11, 1.2905839680670546), (12, 1.4849791464731128), (13, 1.309876008939743), (14, 1.166774710702896), (15, 1.1382173849821091), (16, 1.1765183787822724), (17, 1.1333148414611816), (18, 1.1227455919742584), (19, 1.2178415685176849), (20, 1.0477744614362716)]
[2025-03-11 15:34:42,310][flwr][INFO] - app_fit: metrics_distributed_fit {'variance_training_loss': [(1, 0.07888263852102108), (2, 0.11403916684180465), (3, 0.025103157002188903), (4, 0.04655975975691955), (5, 0.015306653456722549), (6, 0.038482560386327), (7, 0.01263443964167985), (8, 0.03320020170033606), (9, 0.024110377040837128), (10, 0.022562928796217355), (11, 0.024021006317056854), (12, 0.022541837243593627), (13, 0.01181697530820871), (14, 0.009622169539242694), (15, 0.009667597401562804), (16, 0.009082318560995221), (17, 0.008750689626088735), (18, 0.006548953555399386), (19, 0.008233167941471307), (20, 0.009416344697581316)], 'average_training_loss': [(1, 1.2903427614106073), (2, 1.0127862956788805), (3, 1.04843227730857), (4, 0.8783137996991476), (5, 0.9366006122695075), (6, 0.8116077813837264), (7, 0.8838165667321947), (8, 0.7715112136469947), (9, 0.7534715003437467), (10, 0.74468309018347), (11, 0.730074041419559), (12, 0.7266160878870223), (13, 0.774067203203837), (14, 0.7573844260639615), (15, 0.7569047411282858), (16, 0.7419087886810303), (17, 0.7334939373864068), (18, 0.7138923472828336), (19, 0.7120584547519684), (20, 0.7102759414248996)], 'estimated_times': [(1, [111.91374215098725, 70.29477290889018, 320.4333746472317, 1.7419399564032303, 60.162753080046464, 227.1078974286012, 4.220849994047009, 11.418350130364765, 97.4797093353516]), (2, [4.220849994047009, 97.4797093353516, 11.418350130364765, 1.7419399564032303, 60.162753080046464, 0.9608653113331284, 111.91374215098725, 70.29477290889018, 320.4333746472317]), (3, [70.29477290889018, 11.418350130364765, 97.4797093353516, 111.91374215098725, 320.4333746472317, 1.7419399564032303, 4.220849994047009, 227.1078974286012, 60.162753080046464]), (4, [70.29477290889018, 97.4797093353516, 0.9608653113331284, 111.91374215098725, 4.220849994047009, 60.162753080046464, 11.418350130364765, 227.1078974286012, 320.4333746472317]), (5, [60.162753080046464, 11.418350130364765, 1.7419399564032303, 70.29477290889018, 4.220849994047009, 227.1078974286012, 111.91374215098725, 97.4797093353516, 320.4333746472317]), (6, [97.4797093353516, 60.162753080046464, 320.4333746472317, 70.29477290889018, 11.418350130364765, 227.1078974286012, 111.91374215098725, 0.9608653113331284, 4.220849994047009]), (7, [111.91374215098725, 60.162753080046464, 11.418350130364765, 4.220849994047009, 1.7419399564032303, 97.4797093353516, 227.1078974286012, 70.29477290889018, 320.4333746472317]), (8, [11.418350130364765, 70.29477290889018, 227.1078974286012, 0.9608653113331284, 320.4333746472317, 4.220849994047009, 97.4797093353516, 111.91374215098725, 60.162753080046464]), (9, [227.1078974286012, 0.9608653113331284, 11.418350130364765, 97.4797093353516, 60.162753080046464, 70.29477290889018, 4.220849994047009, 320.4333746472317, 111.91374215098725]), (10, [227.1078974286012, 111.91374215098725, 11.418350130364765, 97.4797093353516, 0.9608653113331284, 70.29477290889018, 60.162753080046464, 320.4333746472317, 4.220849994047009]), (11, [70.29477290889018, 97.4797093353516, 111.91374215098725, 4.220849994047009, 320.4333746472317, 60.162753080046464, 11.418350130364765, 0.9608653113331284, 227.1078974286012]), (12, [227.1078974286012, 60.162753080046464, 320.4333746472317, 4.220849994047009, 111.91374215098725, 97.4797093353516, 0.9608653113331284, 11.418350130364765, 70.29477290889018]), (13, [320.4333746472317, 227.1078974286012, 4.220849994047009, 1.7419399564032303, 70.29477290889018, 11.418350130364765, 111.91374215098725, 97.4797093353516, 60.162753080046464]), (14, [97.4797093353516, 11.418350130364765, 111.91374215098725, 70.29477290889018, 227.1078974286012, 1.7419399564032303, 60.162753080046464, 320.4333746472317, 4.220849994047009]), (15, [4.220849994047009, 227.1078974286012, 1.7419399564032303, 111.91374215098725, 320.4333746472317, 97.4797093353516, 60.162753080046464, 11.418350130364765, 70.29477290889018]), (16, [70.29477290889018, 4.220849994047009, 97.4797093353516, 60.162753080046464, 11.418350130364765, 1.7419399564032303, 320.4333746472317, 227.1078974286012, 111.91374215098725]), (17, [111.91374215098725, 1.7419399564032303, 70.29477290889018, 227.1078974286012, 11.418350130364765, 97.4797093353516, 320.4333746472317, 4.220849994047009, 60.162753080046464]), (18, [60.162753080046464, 320.4333746472317, 11.418350130364765, 97.4797093353516, 1.7419399564032303, 4.220849994047009, 227.1078974286012, 111.91374215098725, 70.29477290889018]), (19, [60.162753080046464, 320.4333746472317, 4.220849994047009, 97.4797093353516, 111.91374215098725, 227.1078974286012, 70.29477290889018, 1.7419399564032303, 11.418350130364765]), (20, [227.1078974286012, 111.91374215098725, 97.4797093353516, 320.4333746472317, 1.7419399564032303, 4.220849994047009, 11.418350130364765, 60.162753080046464, 70.29477290889018])]}
[2025-03-11 15:34:42,311][flwr][INFO] - app_fit: metrics_distributed {}
[2025-03-11 15:34:42,311][flwr][INFO] - app_fit: losses_centralized [(0, 2.301621675491333), (1, 2.416407585144043), (2, 1.75387442111969), (3, 1.6823662519454956), (4, 1.6012953519821167), (5, 1.6482257843017578), (6, 1.4919501543045044), (7, 1.380111575126648), (8, 1.4772071838378906), (9, 1.3440018892288208), (10, 1.3806195259094238), (11, 1.3349018096923828), (12, 1.5801304578781128), (13, 1.385992407798767), (14, 1.211106777191162), (15, 1.1964858770370483), (16, 1.2286810874938965), (17, 1.1973780393600464), (18, 1.190725564956665), (19, 1.2983285188674927), (20, 1.102683186531067)]
[2025-03-11 15:34:42,311][flwr][INFO] - app_fit: metrics_centralized {'accuracy': [(0, 0.10000000149011612), (1, 0.17649999260902405), (2, 0.3176000118255615), (3, 0.34439998865127563), (4, 0.3736000061035156), (5, 0.3693999946117401), (6, 0.42480000853538513), (7, 0.47999998927116394), (8, 0.430400013923645), (9, 0.4772000014781952), (10, 0.4846999943256378), (11, 0.5013999938964844), (12, 0.4316999912261963), (13, 0.478300005197525), (14, 0.5437999963760376), (15, 0.5468000173568726), (16, 0.5358999967575073), (17, 0.5522000193595886), (18, 0.5540000200271606), (19, 0.5232999920845032), (20, 0.5871000289916992)]}
