[2025-03-10 17:46:11,519][flwr][INFO] - Using FedAvg strategy
[2025-03-10 17:46:11,519][flwr][INFO] - Starting Flower simulation, config: ServerConfig(num_rounds=20, round_timeout=None)
[2025-03-10 17:46:12,733][flwr][INFO] - Flower VCE: Ray initialized with resources: {'node:127.0.0.1': 1.0, 'memory': 10230135194.0, 'node:__internal_head__': 1.0, 'object_store_memory': 2147483648.0, 'CPU': 8.0}
[2025-03-10 17:46:12,733][flwr][INFO] - Flower VCE: Resources for each Virtual Client: {'num_cpus': 0.5, 'num_gpus': 0}
[2025-03-10 17:46:12,739][flwr][INFO] - Flower VCE: Creating VirtualClientEngineActorPool with 16 actors
[2025-03-10 17:46:12,739][flwr][INFO] - Initializing global parameters
[2025-03-10 17:46:12,739][flwr][INFO] - Requesting initial parameters from one random client
[2025-03-10 17:46:17,884][flwr][INFO] - Received initial parameters from one random client
[2025-03-10 17:46:17,884][flwr][INFO] - Evaluating initial parameters
[2025-03-10 17:46:19,014][flwr][INFO] - initial parameters (loss, other metrics): 2.3012712001800537, {'accuracy': 0.11339999735355377}
[2025-03-10 17:46:19,014][flwr][INFO] - FL starting
[2025-03-10 17:46:19,015][flwr][DEBUG] - fit_round 1: strategy sampled 9 clients (out of 10)
[2025-03-10 17:47:20,911][flwr][DEBUG] - fit_round 1 received 9 results and 0 failures
[2025-03-10 17:47:22,173][flwr][INFO] - fit progress: (1, 2.2582967281341553, {'accuracy': 0.1573999971151352}, 63.15923354099505)
[2025-03-10 17:47:22,174][flwr][DEBUG] - evaluate_round 1: strategy sampled 9 clients (out of 10)
[2025-03-10 17:47:24,312][flwr][DEBUG] - evaluate_round 1 received 9 results and 0 failures
[2025-03-10 17:47:24,312][flwr][WARNING] - No evaluate_metrics_aggregation_fn provided
[2025-03-10 17:47:24,312][flwr][DEBUG] - fit_round 2: strategy sampled 9 clients (out of 10)
[2025-03-10 17:48:29,443][flwr][DEBUG] - fit_round 2 received 9 results and 0 failures
[2025-03-10 17:48:30,478][flwr][INFO] - fit progress: (2, 1.566135287284851, {'accuracy': 0.4113999903202057}, 131.46423662500456)
[2025-03-10 17:48:30,478][flwr][DEBUG] - evaluate_round 2: strategy sampled 9 clients (out of 10)
[2025-03-10 17:48:32,810][flwr][DEBUG] - evaluate_round 2 received 9 results and 0 failures
[2025-03-10 17:48:32,811][flwr][DEBUG] - fit_round 3: strategy sampled 9 clients (out of 10)
[2025-03-10 17:49:37,798][flwr][DEBUG] - fit_round 3 received 9 results and 0 failures
[2025-03-10 17:49:38,853][flwr][INFO] - fit progress: (3, 1.4228545427322388, {'accuracy': 0.46320000290870667}, 199.83911187504418)
[2025-03-10 17:49:38,853][flwr][DEBUG] - evaluate_round 3: strategy sampled 9 clients (out of 10)
[2025-03-10 17:49:41,038][flwr][DEBUG] - evaluate_round 3 received 9 results and 0 failures
[2025-03-10 17:49:41,038][flwr][DEBUG] - fit_round 4: strategy sampled 9 clients (out of 10)
[2025-03-10 17:50:43,189][flwr][DEBUG] - fit_round 4 received 9 results and 0 failures
[2025-03-10 17:50:44,246][flwr][INFO] - fit progress: (4, 1.2869917154312134, {'accuracy': 0.5257999897003174}, 265.2327118749963)
[2025-03-10 17:50:44,246][flwr][DEBUG] - evaluate_round 4: strategy sampled 9 clients (out of 10)
[2025-03-10 17:50:46,295][flwr][DEBUG] - evaluate_round 4 received 9 results and 0 failures
[2025-03-10 17:50:46,295][flwr][DEBUG] - fit_round 5: strategy sampled 9 clients (out of 10)
[2025-03-10 17:51:18,968][flwr][DEBUG] - fit_round 5 received 9 results and 0 failures
[2025-03-10 17:51:19,989][flwr][INFO] - fit progress: (5, 1.8040671348571777, {'accuracy': 0.3824999928474426}, 300.9758846249897)
[2025-03-10 17:51:19,989][flwr][DEBUG] - evaluate_round 5: strategy sampled 9 clients (out of 10)
[2025-03-10 17:51:22,009][flwr][DEBUG] - evaluate_round 5 received 9 results and 0 failures
[2025-03-10 17:51:22,009][flwr][DEBUG] - fit_round 6: strategy sampled 9 clients (out of 10)
[2025-03-10 17:52:27,134][flwr][DEBUG] - fit_round 6 received 9 results and 0 failures
[2025-03-10 17:52:28,147][flwr][INFO] - fit progress: (6, 1.649057388305664, {'accuracy': 0.42089998722076416}, 369.1342554159928)
[2025-03-10 17:52:28,148][flwr][DEBUG] - evaluate_round 6: strategy sampled 9 clients (out of 10)
[2025-03-10 17:52:30,134][flwr][DEBUG] - evaluate_round 6 received 9 results and 0 failures
[2025-03-10 17:52:30,134][flwr][DEBUG] - fit_round 7: strategy sampled 9 clients (out of 10)
[2025-03-10 17:53:33,812][flwr][DEBUG] - fit_round 7 received 9 results and 0 failures
[2025-03-10 17:53:34,862][flwr][INFO] - fit progress: (7, 3.0062808990478516, {'accuracy': 0.26499998569488525}, 435.8490307080792)
[2025-03-10 17:53:34,862][flwr][DEBUG] - evaluate_round 7: strategy sampled 9 clients (out of 10)
[2025-03-10 17:53:36,824][flwr][DEBUG] - evaluate_round 7 received 9 results and 0 failures
[2025-03-10 17:53:36,824][flwr][DEBUG] - fit_round 8: strategy sampled 9 clients (out of 10)
[2025-03-10 17:54:40,094][flwr][DEBUG] - fit_round 8 received 9 results and 0 failures
[2025-03-10 17:54:41,164][flwr][INFO] - fit progress: (8, 1.260926604270935, {'accuracy': 0.5339999794960022}, 502.1517362500308)
[2025-03-10 17:54:41,165][flwr][DEBUG] - evaluate_round 8: strategy sampled 9 clients (out of 10)
[2025-03-10 17:54:43,098][flwr][DEBUG] - evaluate_round 8 received 9 results and 0 failures
[2025-03-10 17:54:43,098][flwr][DEBUG] - fit_round 9: strategy sampled 9 clients (out of 10)
[2025-03-10 17:55:45,606][flwr][DEBUG] - fit_round 9 received 9 results and 0 failures
[2025-03-10 17:55:46,627][flwr][INFO] - fit progress: (9, 1.0677918195724487, {'accuracy': 0.604200005531311}, 567.6149672910105)
[2025-03-10 17:55:46,628][flwr][DEBUG] - evaluate_round 9: strategy sampled 9 clients (out of 10)
[2025-03-10 17:55:47,977][flwr][DEBUG] - evaluate_round 9 received 9 results and 0 failures
[2025-03-10 17:55:47,977][flwr][DEBUG] - fit_round 10: strategy sampled 9 clients (out of 10)
[2025-03-10 17:56:53,269][flwr][DEBUG] - fit_round 10 received 9 results and 0 failures
[2025-03-10 17:56:54,295][flwr][INFO] - fit progress: (10, 1.0170550346374512, {'accuracy': 0.6276999711990356}, 635.2823248750065)
[2025-03-10 17:56:54,295][flwr][DEBUG] - evaluate_round 10: strategy sampled 9 clients (out of 10)
[2025-03-10 17:56:56,294][flwr][DEBUG] - evaluate_round 10 received 9 results and 0 failures
[2025-03-10 17:56:56,294][flwr][DEBUG] - fit_round 11: strategy sampled 9 clients (out of 10)
[2025-03-10 17:58:00,499][flwr][DEBUG] - fit_round 11 received 9 results and 0 failures
[2025-03-10 17:58:01,547][flwr][INFO] - fit progress: (11, 1.0822020769119263, {'accuracy': 0.5971999764442444}, 702.5353016660083)
[2025-03-10 17:58:01,547][flwr][DEBUG] - evaluate_round 11: strategy sampled 9 clients (out of 10)
[2025-03-10 17:58:03,672][flwr][DEBUG] - evaluate_round 11 received 9 results and 0 failures
[2025-03-10 17:58:03,672][flwr][DEBUG] - fit_round 12: strategy sampled 9 clients (out of 10)
[2025-03-10 17:59:08,497][flwr][DEBUG] - fit_round 12 received 9 results and 0 failures
[2025-03-10 17:59:09,577][flwr][INFO] - fit progress: (12, 1.0672944784164429, {'accuracy': 0.6029000282287598}, 770.5654882910894)
[2025-03-10 17:59:09,577][flwr][DEBUG] - evaluate_round 12: strategy sampled 9 clients (out of 10)
[2025-03-10 17:59:11,619][flwr][DEBUG] - evaluate_round 12 received 9 results and 0 failures
[2025-03-10 17:59:11,619][flwr][DEBUG] - fit_round 13: strategy sampled 9 clients (out of 10)
[2025-03-10 17:59:45,629][flwr][DEBUG] - fit_round 13 received 9 results and 0 failures
[2025-03-10 17:59:46,679][flwr][INFO] - fit progress: (13, 1.51296067237854, {'accuracy': 0.4456000030040741}, 807.6673111250857)
[2025-03-10 17:59:46,679][flwr][DEBUG] - evaluate_round 13: strategy sampled 9 clients (out of 10)
[2025-03-10 17:59:48,783][flwr][DEBUG] - evaluate_round 13 received 9 results and 0 failures
[2025-03-10 17:59:48,783][flwr][DEBUG] - fit_round 14: strategy sampled 9 clients (out of 10)
[2025-03-10 18:00:56,160][flwr][DEBUG] - fit_round 14 received 9 results and 0 failures
[2025-03-10 18:00:57,235][flwr][INFO] - fit progress: (14, 0.9802244901657104, {'accuracy': 0.6468999981880188}, 878.2233551250538)
[2025-03-10 18:00:57,235][flwr][DEBUG] - evaluate_round 14: strategy sampled 9 clients (out of 10)
[2025-03-10 18:00:59,294][flwr][DEBUG] - evaluate_round 14 received 9 results and 0 failures
[2025-03-10 18:00:59,294][flwr][DEBUG] - fit_round 15: strategy sampled 9 clients (out of 10)
[2025-03-10 18:02:08,820][flwr][DEBUG] - fit_round 15 received 9 results and 0 failures
[2025-03-10 18:02:09,864][flwr][INFO] - fit progress: (15, 1.2172901630401611, {'accuracy': 0.5656999945640564}, 950.8528399580391)
[2025-03-10 18:02:09,864][flwr][DEBUG] - evaluate_round 15: strategy sampled 9 clients (out of 10)
[2025-03-10 18:02:11,203][flwr][DEBUG] - evaluate_round 15 received 9 results and 0 failures
[2025-03-10 18:02:11,203][flwr][DEBUG] - fit_round 16: strategy sampled 9 clients (out of 10)
[2025-03-10 18:03:19,040][flwr][DEBUG] - fit_round 16 received 9 results and 0 failures
[2025-03-10 18:03:20,055][flwr][INFO] - fit progress: (16, 1.0730607509613037, {'accuracy': 0.6114000082015991}, 1021.0441904580221)
[2025-03-10 18:03:20,055][flwr][DEBUG] - evaluate_round 16: strategy sampled 9 clients (out of 10)
[2025-03-10 18:03:22,176][flwr][DEBUG] - evaluate_round 16 received 9 results and 0 failures
[2025-03-10 18:03:22,176][flwr][DEBUG] - fit_round 17: strategy sampled 9 clients (out of 10)
[2025-03-10 18:04:23,242][flwr][DEBUG] - fit_round 17 received 9 results and 0 failures
[2025-03-10 18:04:24,258][flwr][INFO] - fit progress: (17, 0.9593677520751953, {'accuracy': 0.6419000029563904}, 1085.247347541037)
[2025-03-10 18:04:24,258][flwr][DEBUG] - evaluate_round 17: strategy sampled 9 clients (out of 10)
[2025-03-10 18:04:26,124][flwr][DEBUG] - evaluate_round 17 received 9 results and 0 failures
[2025-03-10 18:04:26,124][flwr][DEBUG] - fit_round 18: strategy sampled 9 clients (out of 10)
[2025-03-10 18:05:33,139][flwr][DEBUG] - fit_round 18 received 9 results and 0 failures
[2025-03-10 18:05:34,436][flwr][INFO] - fit progress: (18, 1.1419979333877563, {'accuracy': 0.578499972820282}, 1155.425495625008)
[2025-03-10 18:05:34,436][flwr][DEBUG] - evaluate_round 18: strategy sampled 9 clients (out of 10)
[2025-03-10 18:05:36,905][flwr][DEBUG] - evaluate_round 18 received 9 results and 0 failures
[2025-03-10 18:05:36,905][flwr][DEBUG] - fit_round 19: strategy sampled 9 clients (out of 10)
[2025-03-10 18:06:40,644][flwr][DEBUG] - fit_round 19 received 9 results and 0 failures
[2025-03-10 18:06:41,776][flwr][INFO] - fit progress: (19, 1.065812110900879, {'accuracy': 0.6118000149726868}, 1222.7654019159963)
[2025-03-10 18:06:41,776][flwr][DEBUG] - evaluate_round 19: strategy sampled 9 clients (out of 10)
[2025-03-10 18:06:43,976][flwr][DEBUG] - evaluate_round 19 received 9 results and 0 failures
[2025-03-10 18:06:43,976][flwr][DEBUG] - fit_round 20: strategy sampled 9 clients (out of 10)
[2025-03-10 18:07:50,436][flwr][DEBUG] - fit_round 20 received 9 results and 0 failures
[2025-03-10 18:07:51,643][flwr][INFO] - fit progress: (20, 0.9756139516830444, {'accuracy': 0.6330999732017517}, 1292.632752583013)
[2025-03-10 18:07:51,643][flwr][DEBUG] - evaluate_round 20: strategy sampled 9 clients (out of 10)
[2025-03-10 18:07:53,506][flwr][DEBUG] - evaluate_round 20 received 9 results and 0 failures
[2025-03-10 18:07:53,506][flwr][INFO] - FL finished in 1294.4962796249893
[2025-03-10 18:07:53,507][flwr][INFO] - app_fit: losses_distributed [(1, 2.4566615466735975), (2, 1.7336769359692241), (3, 1.5468497042205012), (4, 1.407407581709107), (5, 1.5279468594525458), (6, 1.959100959689435), (7, 3.091570714338929), (8, 1.3071969103071333), (9, 1.3002399197265284), (10, 1.0557169065171832), (11, 1.058799979000744), (12, 1.0018831054024075), (13, 1.4892861815419347), (14, 1.0664532381909204), (15, 1.3788291603870455), (16, 1.3620490623431907), (17, 1.0914710423911826), (18, 1.0620537040037932), (19, 1.2378510245810903), (20, 1.0762113982007124)]
[2025-03-10 18:07:53,507][flwr][INFO] - app_fit: metrics_distributed_fit {'variance_training_loss': [(1, 0.12652808455596365), (2, 0.042243753414689666), (3, 0.03384686430957198), (4, 0.027612940183421603), (5, 0.030081948372434733), (6, 0.05591056087373964), (7, 0.02912270724040828), (8, 0.03513499293369044), (9, 0.025025977809174076), (10, 0.0179021223697199), (11, 0.022236369290119302), (12, 0.021768816553264455), (13, 0.020268506585750065), (14, 0.03349287951947622), (15, 0.016087917961580364), (16, 0.014249673180505113), (17, 0.017859418131810762), (18, 0.015089960116730188), (19, 0.023418776966430924), (20, 0.01917431158480878)], 'average_training_loss': [(1, 1.3228970964749653), (2, 0.9604307148191664), (3, 0.8975613580809699), (4, 0.8412721157073975), (5, 0.754987359046936), (6, 0.809557769033644), (7, 0.7230525447262658), (8, 0.7592598530981276), (9, 0.7156606713930765), (10, 0.7287900845209757), (11, 0.6805221372180514), (12, 0.6713257200188107), (13, 0.6431273718674978), (14, 0.6317413515514798), (15, 0.6714729368686676), (16, 0.639134493139055), (17, 0.6238078143861558), (18, 0.6023564669820998), (19, 0.6196384761068556), (20, 0.6394288573000166)], 'estimated_times': [(1, [5.341520706608476, 34.50983739473632, 0.56846061705437, 315.8982268867316, 23.239723854648737, 493.597204784956, 1.0084562970622624, 6.7230776161572345, 22.02565735956388]), (2, [10.631452521327343, 5.341520706608476, 22.02565735956388, 315.8982268867316, 493.597204784956, 6.7230776161572345, 23.239723854648737, 1.0084562970622624, 34.50983739473632]), (3, [10.631452521327343, 315.8982268867316, 5.341520706608476, 493.597204784956, 1.0084562970622624, 6.7230776161572345, 22.02565735956388, 34.50983739473632, 0.56846061705437]), (4, [10.631452521327343, 0.56846061705437, 315.8982268867316, 34.50983739473632, 493.597204784956, 1.0084562970622624, 22.02565735956388, 6.7230776161572345, 5.341520706608476]), (5, [0.56846061705437, 23.239723854648737, 22.02565735956388, 34.50983739473632, 315.8982268867316, 6.7230776161572345, 1.0084562970622624, 10.631452521327343, 5.341520706608476]), (6, [22.02565735956388, 34.50983739473632, 1.0084562970622624, 6.7230776161572345, 493.597204784956, 0.56846061705437, 23.239723854648737, 315.8982268867316, 5.341520706608476]), (7, [6.7230776161572345, 315.8982268867316, 493.597204784956, 34.50983739473632, 1.0084562970622624, 22.02565735956388, 23.239723854648737, 0.56846061705437, 10.631452521327343]), (8, [1.0084562970622624, 315.8982268867316, 5.341520706608476, 34.50983739473632, 6.7230776161572345, 23.239723854648737, 493.597204784956, 0.56846061705437, 10.631452521327343]), (9, [22.02565735956388, 34.50983739473632, 315.8982268867316, 493.597204784956, 1.0084562970622624, 6.7230776161572345, 0.56846061705437, 23.239723854648737, 5.341520706608476]), (10, [22.02565735956388, 0.56846061705437, 5.341520706608476, 34.50983739473632, 493.597204784956, 315.8982268867316, 23.239723854648737, 1.0084562970622624, 10.631452521327343]), (11, [315.8982268867316, 0.56846061705437, 23.239723854648737, 22.02565735956388, 34.50983739473632, 1.0084562970622624, 5.341520706608476, 493.597204784956, 6.7230776161572345]), (12, [493.597204784956, 1.0084562970622624, 23.239723854648737, 5.341520706608476, 34.50983739473632, 10.631452521327343, 6.7230776161572345, 315.8982268867316, 0.56846061705437]), (13, [0.56846061705437, 22.02565735956388, 5.341520706608476, 23.239723854648737, 315.8982268867316, 34.50983739473632, 10.631452521327343, 6.7230776161572345, 1.0084562970622624]), (14, [22.02565735956388, 0.56846061705437, 10.631452521327343, 6.7230776161572345, 23.239723854648737, 1.0084562970622624, 34.50983739473632, 493.597204784956, 315.8982268867316]), (15, [315.8982268867316, 1.0084562970622624, 22.02565735956388, 34.50983739473632, 10.631452521327343, 5.341520706608476, 0.56846061705437, 23.239723854648737, 493.597204784956]), (16, [5.341520706608476, 493.597204784956, 10.631452521327343, 0.56846061705437, 315.8982268867316, 6.7230776161572345, 22.02565735956388, 34.50983739473632, 1.0084562970622624]), (17, [5.341520706608476, 23.239723854648737, 493.597204784956, 315.8982268867316, 6.7230776161572345, 22.02565735956388, 0.56846061705437, 1.0084562970622624, 10.631452521327343]), (18, [22.02565735956388, 493.597204784956, 23.239723854648737, 34.50983739473632, 315.8982268867316, 0.56846061705437, 10.631452521327343, 5.341520706608476, 6.7230776161572345]), (19, [493.597204784956, 315.8982268867316, 6.7230776161572345, 22.02565735956388, 0.56846061705437, 10.631452521327343, 1.0084562970622624, 23.239723854648737, 5.341520706608476]), (20, [315.8982268867316, 1.0084562970622624, 22.02565735956388, 23.239723854648737, 6.7230776161572345, 5.341520706608476, 493.597204784956, 0.56846061705437, 34.50983739473632])]}
[2025-03-10 18:07:53,508][flwr][INFO] - app_fit: metrics_distributed {}
[2025-03-10 18:07:53,509][flwr][INFO] - app_fit: losses_centralized [(0, 2.3012712001800537), (1, 2.2582967281341553), (2, 1.566135287284851), (3, 1.4228545427322388), (4, 1.2869917154312134), (5, 1.8040671348571777), (6, 1.649057388305664), (7, 3.0062808990478516), (8, 1.260926604270935), (9, 1.0677918195724487), (10, 1.0170550346374512), (11, 1.0822020769119263), (12, 1.0672944784164429), (13, 1.51296067237854), (14, 0.9802244901657104), (15, 1.2172901630401611), (16, 1.0730607509613037), (17, 0.9593677520751953), (18, 1.1419979333877563), (19, 1.065812110900879), (20, 0.9756139516830444)]
[2025-03-10 18:07:53,509][flwr][INFO] - app_fit: metrics_centralized {'accuracy': [(0, 0.11339999735355377), (1, 0.1573999971151352), (2, 0.4113999903202057), (3, 0.46320000290870667), (4, 0.5257999897003174), (5, 0.3824999928474426), (6, 0.42089998722076416), (7, 0.26499998569488525), (8, 0.5339999794960022), (9, 0.604200005531311), (10, 0.6276999711990356), (11, 0.5971999764442444), (12, 0.6029000282287598), (13, 0.4456000030040741), (14, 0.6468999981880188), (15, 0.5656999945640564), (16, 0.6114000082015991), (17, 0.6419000029563904), (18, 0.578499972820282), (19, 0.6118000149726868), (20, 0.6330999732017517)]}
