[2025-03-25 04:39:52,532][tensorflow][WARNING] - From /Users/livialestingi/PycharmProjects/NodeSelection/power_of_choice/power_of_choice/dataset.py:38: load (from tensorflow.python.data.experimental.ops.io) is deprecated and will be removed in a future version.
Instructions for updating:
Use `tf.data.Dataset.load(...)` instead.
[2025-03-25 04:39:52,665][flwr][INFO] - Starting Flower simulation, config: ServerConfig(num_rounds=20, round_timeout=None)
[2025-03-25 04:39:53,849][flwr][INFO] - Flower VCE: Ray initialized with resources: {'memory': 15145816884.0, 'CPU': 8.0, 'node:127.0.0.1': 1.0, 'node:__internal_head__': 1.0, 'object_store_memory': 2147483648.0}
[2025-03-25 04:39:53,849][flwr][INFO] - Flower VCE: Resources for each Virtual Client: {'num_cpus': 0.5, 'num_gpus': 0}
[2025-03-25 04:39:53,856][flwr][INFO] - Flower VCE: Creating VirtualClientEngineActorPool with 16 actors
[2025-03-25 04:39:53,856][flwr][INFO] - Initializing global parameters
[2025-03-25 04:39:53,856][flwr][INFO] - Requesting initial parameters from one random client
[2025-03-25 04:39:58,832][flwr][INFO] - Received initial parameters from one random client
[2025-03-25 04:39:58,832][flwr][INFO] - Evaluating initial parameters
[2025-03-25 04:39:59,990][flwr][INFO] - initial parameters (loss, other metrics): 2.3034420013427734, {'accuracy': 0.10090000182390213}
[2025-03-25 04:39:59,991][flwr][INFO] - FL starting with RPOW variant
[2025-03-25 04:40:02,751][flwr][INFO] - Server 1: about to sample 9 clients
[2025-03-25 04:40:02,751][flwr][INFO] - Round 1: selected clients
            ['5', '3', '7', '2', '8', '4', '0', '6', '1'] for fit.
[2025-03-25 04:40:02,751][flwr][DEBUG] - fit_round 1: strategy sampled 9 clients (out of 10)
[2025-03-25 04:43:22,830][flwr][DEBUG] - fit_round 1 received 9 results and 0 failures
[2025-03-25 04:43:23,894][flwr][INFO] - fit progress: (1, 2.017742872238159, {'accuracy': 0.23350000381469727}, 203.90412820799975)
[2025-03-25 04:43:23,894][flwr][DEBUG] - evaluate_round 1: strategy sampled 9 clients (out of 10)
[2025-03-25 04:43:26,007][flwr][DEBUG] - evaluate_round 1 received 9 results and 0 failures
[2025-03-25 04:43:26,007][flwr][WARNING] - No evaluate_metrics_aggregation_fn provided
[2025-03-25 04:43:28,820][flwr][INFO] - Server 2: about to sample 9 clients
[2025-03-25 04:43:28,820][flwr][INFO] - Round 2: selected clients
            ['4', '6', '7', '8', '2', '1', '3', '0', '9'] for fit.
[2025-03-25 04:43:28,820][flwr][DEBUG] - fit_round 2: strategy sampled 9 clients (out of 10)
[2025-03-25 04:46:48,392][flwr][DEBUG] - fit_round 2 received 9 results and 0 failures
[2025-03-25 04:46:49,451][flwr][INFO] - fit progress: (2, 1.7434558868408203, {'accuracy': 0.36469998955726624}, 409.46107116600615)
[2025-03-25 04:46:49,451][flwr][DEBUG] - evaluate_round 2: strategy sampled 9 clients (out of 10)
[2025-03-25 04:46:51,504][flwr][DEBUG] - evaluate_round 2 received 9 results and 0 failures
[2025-03-25 04:46:54,259][flwr][INFO] - Server 3: about to sample 9 clients
[2025-03-25 04:46:54,259][flwr][INFO] - Round 3: selected clients
            ['7', '1', '8', '6', '5', '0', '2', '4', '3'] for fit.
[2025-03-25 04:46:54,259][flwr][DEBUG] - fit_round 3: strategy sampled 9 clients (out of 10)
[2025-03-25 04:50:17,668][flwr][DEBUG] - fit_round 3 received 9 results and 0 failures
[2025-03-25 04:50:18,710][flwr][INFO] - fit progress: (3, 1.5067789554595947, {'accuracy': 0.4487000107765198}, 618.7207401250052)
[2025-03-25 04:50:18,710][flwr][DEBUG] - evaluate_round 3: strategy sampled 9 clients (out of 10)
[2025-03-25 04:50:20,797][flwr][DEBUG] - evaluate_round 3 received 9 results and 0 failures
[2025-03-25 04:50:23,575][flwr][INFO] - Server 4: about to sample 9 clients
[2025-03-25 04:50:23,575][flwr][INFO] - Round 4: selected clients
            ['1', '2', '6', '4', '3', '9', '0', '7', '8'] for fit.
[2025-03-25 04:50:23,575][flwr][DEBUG] - fit_round 4: strategy sampled 9 clients (out of 10)
[2025-03-25 04:53:48,928][flwr][DEBUG] - fit_round 4 received 9 results and 0 failures
[2025-03-25 04:53:49,965][flwr][INFO] - fit progress: (4, 1.4959793090820312, {'accuracy': 0.4713999927043915}, 829.9755147500109)
[2025-03-25 04:53:49,965][flwr][DEBUG] - evaluate_round 4: strategy sampled 9 clients (out of 10)
[2025-03-25 04:53:52,059][flwr][DEBUG] - evaluate_round 4 received 9 results and 0 failures
[2025-03-25 04:53:54,859][flwr][INFO] - Server 5: about to sample 9 clients
[2025-03-25 04:53:54,859][flwr][INFO] - Round 5: selected clients
            ['0', '7', '5', '2', '6', '1', '3', '4', '8'] for fit.
[2025-03-25 04:53:54,859][flwr][DEBUG] - fit_round 5: strategy sampled 9 clients (out of 10)
[2025-03-25 04:57:21,062][flwr][DEBUG] - fit_round 5 received 9 results and 0 failures
[2025-03-25 04:57:22,112][flwr][INFO] - fit progress: (5, 1.3761600255966187, {'accuracy': 0.49309998750686646}, 1042.1237312500016)
[2025-03-25 04:57:22,113][flwr][DEBUG] - evaluate_round 5: strategy sampled 9 clients (out of 10)
[2025-03-25 04:57:25,515][flwr][DEBUG] - evaluate_round 5 received 9 results and 0 failures
[2025-03-25 04:57:28,298][flwr][INFO] - Server 6: about to sample 9 clients
[2025-03-25 04:57:28,298][flwr][INFO] - Round 6: selected clients
            ['5', '4', '0', '3', '6', '2', '1', '8', '7'] for fit.
[2025-03-25 04:57:28,299][flwr][DEBUG] - fit_round 6: strategy sampled 9 clients (out of 10)
[2025-03-25 05:00:54,004][flwr][DEBUG] - fit_round 6 received 9 results and 0 failures
[2025-03-25 05:00:55,051][flwr][INFO] - fit progress: (6, 1.281860113143921, {'accuracy': 0.5353999733924866}, 1255.063084916008)
[2025-03-25 05:00:55,051][flwr][DEBUG] - evaluate_round 6: strategy sampled 9 clients (out of 10)
[2025-03-25 05:00:57,124][flwr][DEBUG] - evaluate_round 6 received 9 results and 0 failures
[2025-03-25 05:00:59,910][flwr][INFO] - Server 7: about to sample 9 clients
[2025-03-25 05:00:59,911][flwr][INFO] - Round 7: selected clients
            ['8', '4', '0', '6', '2', '3', '7', '1', '5'] for fit.
[2025-03-25 05:00:59,911][flwr][DEBUG] - fit_round 7: strategy sampled 9 clients (out of 10)
[2025-03-25 05:04:26,362][flwr][DEBUG] - fit_round 7 received 9 results and 0 failures
[2025-03-25 05:04:27,393][flwr][INFO] - fit progress: (7, 1.45197594165802, {'accuracy': 0.4952999949455261}, 1467.4055811660073)
[2025-03-25 05:04:27,394][flwr][DEBUG] - evaluate_round 7: strategy sampled 9 clients (out of 10)
[2025-03-25 05:04:29,397][flwr][DEBUG] - evaluate_round 7 received 9 results and 0 failures
[2025-03-25 05:04:32,233][flwr][INFO] - Server 8: about to sample 9 clients
[2025-03-25 05:04:32,233][flwr][INFO] - Round 8: selected clients
            ['7', '9', '4', '1', '3', '2', '8', '6', '0'] for fit.
[2025-03-25 05:04:32,233][flwr][DEBUG] - fit_round 8: strategy sampled 9 clients (out of 10)
[2025-03-25 05:07:55,840][flwr][DEBUG] - fit_round 8 received 9 results and 0 failures
[2025-03-25 05:07:56,900][flwr][INFO] - fit progress: (8, 1.2781617641448975, {'accuracy': 0.5598999857902527}, 1676.9550812080124)
[2025-03-25 05:07:56,900][flwr][DEBUG] - evaluate_round 8: strategy sampled 9 clients (out of 10)
[2025-03-25 05:07:58,999][flwr][DEBUG] - evaluate_round 8 received 9 results and 0 failures
[2025-03-25 05:08:01,842][flwr][INFO] - Server 9: about to sample 9 clients
[2025-03-25 05:08:01,842][flwr][INFO] - Round 9: selected clients
            ['4', '2', '9', '8', '7', '1', '3', '6', '0'] for fit.
[2025-03-25 05:08:01,842][flwr][DEBUG] - fit_round 9: strategy sampled 9 clients (out of 10)
[2025-03-25 05:11:24,703][flwr][DEBUG] - fit_round 9 received 9 results and 0 failures
[2025-03-25 05:11:25,735][flwr][INFO] - fit progress: (9, 1.2713388204574585, {'accuracy': 0.5613999962806702}, 1885.7926956250012)
[2025-03-25 05:11:25,735][flwr][DEBUG] - evaluate_round 9: strategy sampled 9 clients (out of 10)
[2025-03-25 05:11:27,742][flwr][DEBUG] - evaluate_round 9 received 9 results and 0 failures
[2025-03-25 05:11:30,552][flwr][INFO] - Server 10: about to sample 9 clients
[2025-03-25 05:11:30,552][flwr][INFO] - Round 10: selected clients
            ['7', '9', '8', '3', '6', '2', '4', '1', '0'] for fit.
[2025-03-25 05:11:30,552][flwr][DEBUG] - fit_round 10: strategy sampled 9 clients (out of 10)
[2025-03-25 05:14:55,552][flwr][DEBUG] - fit_round 10 received 9 results and 0 failures
[2025-03-25 05:14:56,586][flwr][INFO] - fit progress: (10, 1.175520658493042, {'accuracy': 0.5702000260353088}, 2096.646096666009)
[2025-03-25 05:14:56,586][flwr][DEBUG] - evaluate_round 10: strategy sampled 9 clients (out of 10)
[2025-03-25 05:14:58,654][flwr][DEBUG] - evaluate_round 10 received 9 results and 0 failures
[2025-03-25 05:15:01,465][flwr][INFO] - Server 11: about to sample 9 clients
[2025-03-25 05:15:01,466][flwr][INFO] - Round 11: selected clients
            ['3', '2', '0', '7', '8', '4', '6', '1', '9'] for fit.
[2025-03-25 05:15:01,466][flwr][DEBUG] - fit_round 11: strategy sampled 9 clients (out of 10)
[2025-03-25 05:18:26,760][flwr][DEBUG] - fit_round 11 received 9 results and 0 failures
[2025-03-25 05:18:27,816][flwr][INFO] - fit progress: (11, 1.411533236503601, {'accuracy': 0.5062000155448914}, 2307.878479375009)
[2025-03-25 05:18:27,816][flwr][DEBUG] - evaluate_round 11: strategy sampled 9 clients (out of 10)
[2025-03-25 05:18:29,811][flwr][DEBUG] - evaluate_round 11 received 9 results and 0 failures
[2025-03-25 05:18:32,593][flwr][INFO] - Server 12: about to sample 9 clients
[2025-03-25 05:18:32,593][flwr][INFO] - Round 12: selected clients
            ['1', '6', '3', '8', '2', '0', '5', '4', '7'] for fit.
[2025-03-25 05:18:32,593][flwr][DEBUG] - fit_round 12: strategy sampled 9 clients (out of 10)
[2025-03-25 05:21:57,414][flwr][DEBUG] - fit_round 12 received 9 results and 0 failures
[2025-03-25 05:21:58,463][flwr][INFO] - fit progress: (12, 1.0630598068237305, {'accuracy': 0.6093999743461609}, 2518.527424583008)
[2025-03-25 05:21:58,463][flwr][DEBUG] - evaluate_round 12: strategy sampled 9 clients (out of 10)
[2025-03-25 05:22:00,454][flwr][DEBUG] - evaluate_round 12 received 9 results and 0 failures
[2025-03-25 05:22:03,239][flwr][INFO] - Server 13: about to sample 9 clients
[2025-03-25 05:22:03,239][flwr][INFO] - Round 13: selected clients
            ['1', '6', '5', '4', '2', '8', '7', '3', '0'] for fit.
[2025-03-25 05:22:03,239][flwr][DEBUG] - fit_round 13: strategy sampled 9 clients (out of 10)
[2025-03-25 05:25:27,086][flwr][DEBUG] - fit_round 13 received 9 results and 0 failures
[2025-03-25 05:25:28,123][flwr][INFO] - fit progress: (13, 1.103208065032959, {'accuracy': 0.5982999801635742}, 2728.180598250008)
[2025-03-25 05:25:28,123][flwr][DEBUG] - evaluate_round 13: strategy sampled 9 clients (out of 10)
[2025-03-25 05:25:30,164][flwr][DEBUG] - evaluate_round 13 received 9 results and 0 failures
[2025-03-25 05:25:32,922][flwr][INFO] - Server 14: about to sample 9 clients
[2025-03-25 05:25:32,922][flwr][INFO] - Round 14: selected clients
            ['1', '6', '0', '4', '7', '8', '2', '5', '3'] for fit.
[2025-03-25 05:25:32,922][flwr][DEBUG] - fit_round 14: strategy sampled 9 clients (out of 10)
[2025-03-25 05:28:57,874][flwr][DEBUG] - fit_round 14 received 9 results and 0 failures
[2025-03-25 05:28:58,938][flwr][INFO] - fit progress: (14, 1.2064071893692017, {'accuracy': 0.5759999752044678}, 2938.9975438750116)
[2025-03-25 05:28:58,938][flwr][DEBUG] - evaluate_round 14: strategy sampled 9 clients (out of 10)
[2025-03-25 05:29:01,087][flwr][DEBUG] - evaluate_round 14 received 9 results and 0 failures
[2025-03-25 05:29:03,919][flwr][INFO] - Server 15: about to sample 9 clients
[2025-03-25 05:29:03,919][flwr][INFO] - Round 15: selected clients
            ['1', '4', '3', '2', '5', '7', '0', '8', '6'] for fit.
[2025-03-25 05:29:03,919][flwr][DEBUG] - fit_round 15: strategy sampled 9 clients (out of 10)
[2025-03-25 05:32:27,412][flwr][DEBUG] - fit_round 15 received 9 results and 0 failures
[2025-03-25 05:32:28,465][flwr][INFO] - fit progress: (15, 1.1234877109527588, {'accuracy': 0.6008999943733215}, 3148.5266285000107)
[2025-03-25 05:32:28,466][flwr][DEBUG] - evaluate_round 15: strategy sampled 9 clients (out of 10)
[2025-03-25 05:32:30,526][flwr][DEBUG] - evaluate_round 15 received 9 results and 0 failures
[2025-03-25 05:32:33,312][flwr][INFO] - Server 16: about to sample 9 clients
[2025-03-25 05:32:33,313][flwr][INFO] - Round 16: selected clients
            ['3', '6', '5', '4', '2', '8', '1', '0', '7'] for fit.
[2025-03-25 05:32:33,313][flwr][DEBUG] - fit_round 16: strategy sampled 9 clients (out of 10)
[2025-03-25 05:35:59,387][flwr][DEBUG] - fit_round 16 received 9 results and 0 failures
[2025-03-25 05:36:00,435][flwr][INFO] - fit progress: (16, 1.0427181720733643, {'accuracy': 0.6248000264167786}, 3360.4982212080067)
[2025-03-25 05:36:00,435][flwr][DEBUG] - evaluate_round 16: strategy sampled 9 clients (out of 10)
[2025-03-25 05:36:02,475][flwr][DEBUG] - evaluate_round 16 received 9 results and 0 failures
[2025-03-25 05:36:05,269][flwr][INFO] - Server 17: about to sample 9 clients
[2025-03-25 05:36:05,270][flwr][INFO] - Round 17: selected clients
            ['1', '0', '5', '6', '4', '7', '2', '8', '3'] for fit.
[2025-03-25 05:36:05,270][flwr][DEBUG] - fit_round 17: strategy sampled 9 clients (out of 10)
[2025-03-25 05:39:28,973][flwr][DEBUG] - fit_round 17 received 9 results and 0 failures
[2025-03-25 05:39:30,011][flwr][INFO] - fit progress: (17, 1.019702672958374, {'accuracy': 0.6233000159263611}, 3570.075521000006)
[2025-03-25 05:39:30,011][flwr][DEBUG] - evaluate_round 17: strategy sampled 9 clients (out of 10)
[2025-03-25 05:39:32,191][flwr][DEBUG] - evaluate_round 17 received 9 results and 0 failures
[2025-03-25 05:39:35,030][flwr][INFO] - Server 18: about to sample 9 clients
[2025-03-25 05:39:35,030][flwr][INFO] - Round 18: selected clients
            ['6', '5', '8', '7', '3', '0', '4', '1', '2'] for fit.
[2025-03-25 05:39:35,031][flwr][DEBUG] - fit_round 18: strategy sampled 9 clients (out of 10)
[2025-03-25 05:43:00,077][flwr][DEBUG] - fit_round 18 received 9 results and 0 failures
[2025-03-25 05:43:01,140][flwr][INFO] - fit progress: (18, 1.0069451332092285, {'accuracy': 0.6323999762535095}, 3781.100954666006)
[2025-03-25 05:43:01,140][flwr][DEBUG] - evaluate_round 18: strategy sampled 9 clients (out of 10)
[2025-03-25 05:43:03,211][flwr][DEBUG] - evaluate_round 18 received 9 results and 0 failures
[2025-03-25 05:43:06,044][flwr][INFO] - Server 19: about to sample 9 clients
[2025-03-25 05:43:06,044][flwr][INFO] - Round 19: selected clients
            ['2', '6', '1', '3', '8', '4', '9', '7', '0'] for fit.
[2025-03-25 05:43:06,044][flwr][DEBUG] - fit_round 19: strategy sampled 9 clients (out of 10)
[2025-03-25 05:46:30,499][flwr][DEBUG] - fit_round 19 received 9 results and 0 failures
[2025-03-25 05:46:31,536][flwr][INFO] - fit progress: (19, 1.0069406032562256, {'accuracy': 0.6347000002861023}, 3991.4946415000013)
[2025-03-25 05:46:31,536][flwr][DEBUG] - evaluate_round 19: strategy sampled 9 clients (out of 10)
[2025-03-25 05:46:33,552][flwr][DEBUG] - evaluate_round 19 received 9 results and 0 failures
[2025-03-25 05:46:36,345][flwr][INFO] - Server 20: about to sample 9 clients
[2025-03-25 05:46:36,346][flwr][INFO] - Round 20: selected clients
            ['8', '0', '4', '6', '7', '2', '9', '1', '3'] for fit.
[2025-03-25 05:46:36,346][flwr][DEBUG] - fit_round 20: strategy sampled 9 clients (out of 10)
[2025-03-25 05:49:59,593][flwr][DEBUG] - fit_round 20 received 9 results and 0 failures
[2025-03-25 05:50:00,644][flwr][INFO] - fit progress: (20, 0.9656379818916321, {'accuracy': 0.6496000289916992}, 4200.600075541006)
[2025-03-25 05:50:00,644][flwr][DEBUG] - evaluate_round 20: strategy sampled 9 clients (out of 10)
[2025-03-25 05:50:02,682][flwr][DEBUG] - evaluate_round 20 received 9 results and 0 failures
[2025-03-25 05:50:02,683][flwr][INFO] - FL finished in 4202.63877020801
[2025-03-25 05:50:02,683][flwr][INFO] - app_fit: losses_distributed [(1, 1.9446559165477753), (2, 1.7052587757217537), (3, 1.444751513338089), (4, 1.3902654339658962), (5, 1.2883498467326164), (6, 1.2204821767687797), (7, 1.3204583714842797), (8, 1.1986001489350544), (9, 1.173163985652259), (10, 1.1018996290030076), (11, 1.2998273371516298), (12, 0.9910679139852524), (13, 1.0357103749155998), (14, 1.103992734849453), (15, 1.0272037431657315), (16, 0.9623831336885691), (17, 0.9457017549425364), (18, 0.9256633955985307), (19, 0.9229401080284684), (20, 0.8945239081137363)]
[2025-03-25 05:50:02,683][flwr][INFO] - app_fit: metrics_distributed_fit {'variance_training_loss': [(1, 0.07753862812291443), (2, 0.07403517235735668), (3, 0.01268463567755952), (4, 0.050747416291082294), (5, 0.009064092162623246), (6, 0.014548769361793588), (7, 0.011708291952189757), (8, 0.036432064943562596), (9, 0.03383355736248233), (10, 0.0328590430208414), (11, 0.03198420172783559), (12, 0.009757972751892557), (13, 0.010580448486870316), (14, 0.009193598170821653), (15, 0.010663552533399784), (16, 0.007733411467254332), (17, 0.011003386331638913), (18, 0.007789564737825435), (19, 0.019683481861895693), (20, 0.01928402996296116)], 'average_training_loss': [(1, 1.0630654493967693), (2, 0.7558917618460126), (3, 0.7818191846211752), (4, 0.6314209968679481), (5, 0.6693715022669898), (6, 0.6498484412829081), (7, 0.6015221609009637), (8, 0.5106596748034159), (9, 0.5110553896261586), (10, 0.4882231056690216), (11, 0.47815993428230286), (12, 0.5181489752398597), (13, 0.5065332485569848), (14, 0.49995318717426723), (15, 0.4808664189444648), (16, 0.4733354449272156), (17, 0.4610564675596025), (18, 0.44841154085265267), (19, 0.40532516770892674), (20, 0.4047916241818004)], 'estimated_times': [(1, [8.996206666145058, 433.18117505475084, 54.50416936495199, 245.42827140872723, 6.756169437654556, 205.31310445931595, 239.72289650654798, 712.3694757313599, 211.53534177292715]), (2, [54.50416936495199, 205.31310445931595, 4.347328843154089, 211.53534177292715, 433.18117505475084, 8.996206666145058, 239.72289650654798, 712.3694757313599, 245.42827140872723]), (3, [54.50416936495199, 239.72289650654798, 433.18117505475084, 245.42827140872723, 211.53534177292715, 8.996206666145058, 712.3694757313599, 205.31310445931595, 6.756169437654556]), (4, [4.347328843154089, 239.72289650654798, 433.18117505475084, 712.3694757313599, 205.31310445931595, 8.996206666145058, 245.42827140872723, 211.53534177292715, 54.50416936495199]), (5, [6.756169437654556, 245.42827140872723, 211.53534177292715, 54.50416936495199, 8.996206666145058, 239.72289650654798, 712.3694757313599, 205.31310445931595, 433.18117505475084]), (6, [6.756169437654556, 245.42827140872723, 8.996206666145058, 712.3694757313599, 211.53534177292715, 54.50416936495199, 205.31310445931595, 433.18117505475084, 239.72289650654798]), (7, [54.50416936495199, 6.756169437654556, 8.996206666145058, 712.3694757313599, 245.42827140872723, 239.72289650654798, 211.53534177292715, 205.31310445931595, 433.18117505475084]), (8, [54.50416936495199, 4.347328843154089, 8.996206666145058, 433.18117505475084, 245.42827140872723, 712.3694757313599, 239.72289650654798, 211.53534177292715, 205.31310445931595]), (9, [433.18117505475084, 239.72289650654798, 54.50416936495199, 4.347328843154089, 211.53534177292715, 205.31310445931595, 712.3694757313599, 245.42827140872723, 8.996206666145058]), (10, [54.50416936495199, 4.347328843154089, 239.72289650654798, 205.31310445931595, 433.18117505475084, 712.3694757313599, 8.996206666145058, 211.53534177292715, 245.42827140872723]), (11, [245.42827140872723, 205.31310445931595, 54.50416936495199, 8.996206666145058, 239.72289650654798, 211.53534177292715, 712.3694757313599, 4.347328843154089, 433.18117505475084]), (12, [712.3694757313599, 205.31310445931595, 54.50416936495199, 245.42827140872723, 211.53534177292715, 8.996206666145058, 239.72289650654798, 433.18117505475084, 6.756169437654556]), (13, [239.72289650654798, 211.53534177292715, 205.31310445931595, 433.18117505475084, 54.50416936495199, 8.996206666145058, 6.756169437654556, 712.3694757313599, 245.42827140872723]), (14, [6.756169437654556, 8.996206666145058, 211.53534177292715, 239.72289650654798, 245.42827140872723, 433.18117505475084, 712.3694757313599, 54.50416936495199, 205.31310445931595]), (15, [8.996206666145058, 245.42827140872723, 211.53534177292715, 712.3694757313599, 54.50416936495199, 205.31310445931595, 239.72289650654798, 6.756169437654556, 433.18117505475084]), (16, [54.50416936495199, 239.72289650654798, 245.42827140872723, 6.756169437654556, 433.18117505475084, 712.3694757313599, 8.996206666145058, 211.53534177292715, 205.31310445931595]), (17, [205.31310445931595, 8.996206666145058, 211.53534177292715, 6.756169437654556, 712.3694757313599, 433.18117505475084, 239.72289650654798, 245.42827140872723, 54.50416936495199]), (18, [205.31310445931595, 8.996206666145058, 245.42827140872723, 211.53534177292715, 712.3694757313599, 239.72289650654798, 433.18117505475084, 54.50416936495199, 6.756169437654556]), (19, [239.72289650654798, 4.347328843154089, 205.31310445931595, 211.53534177292715, 8.996206666145058, 433.18117505475084, 54.50416936495199, 712.3694757313599, 245.42827140872723]), (20, [712.3694757313599, 205.31310445931595, 4.347328843154089, 433.18117505475084, 211.53534177292715, 239.72289650654798, 245.42827140872723, 54.50416936495199, 8.996206666145058])]}
[2025-03-25 05:50:02,685][flwr][INFO] - app_fit: metrics_distributed {}
[2025-03-25 05:50:02,685][flwr][INFO] - app_fit: losses_centralized [(0, 2.3034420013427734), (1, 2.017742872238159), (2, 1.7434558868408203), (3, 1.5067789554595947), (4, 1.4959793090820312), (5, 1.3761600255966187), (6, 1.281860113143921), (7, 1.45197594165802), (8, 1.2781617641448975), (9, 1.2713388204574585), (10, 1.175520658493042), (11, 1.411533236503601), (12, 1.0630598068237305), (13, 1.103208065032959), (14, 1.2064071893692017), (15, 1.1234877109527588), (16, 1.0427181720733643), (17, 1.019702672958374), (18, 1.0069451332092285), (19, 1.0069406032562256), (20, 0.9656379818916321)]
[2025-03-25 05:50:02,685][flwr][INFO] - app_fit: metrics_centralized {'accuracy': [(0, 0.10090000182390213), (1, 0.23350000381469727), (2, 0.36469998955726624), (3, 0.4487000107765198), (4, 0.4713999927043915), (5, 0.49309998750686646), (6, 0.5353999733924866), (7, 0.4952999949455261), (8, 0.5598999857902527), (9, 0.5613999962806702), (10, 0.5702000260353088), (11, 0.5062000155448914), (12, 0.6093999743461609), (13, 0.5982999801635742), (14, 0.5759999752044678), (15, 0.6008999943733215), (16, 0.6248000264167786), (17, 0.6233000159263611), (18, 0.6323999762535095), (19, 0.6347000002861023), (20, 0.6496000289916992)]}
