[2025-03-25 20:40:25,240][flwr][INFO] - Starting Flower simulation, config: ServerConfig(num_rounds=20, round_timeout=None)
[2025-03-25 20:40:26,493][flwr][INFO] - Flower VCE: Ray initialized with resources: {'node:__internal_head__': 1.0, 'memory': 13034158490.0, 'node:127.0.0.1': 1.0, 'CPU': 8.0, 'object_store_memory': 2147483648.0}
[2025-03-25 20:40:26,493][flwr][INFO] - Flower VCE: Resources for each Virtual Client: {'num_cpus': 1, 'num_gpus': 0}
[2025-03-25 20:40:26,498][flwr][INFO] - Flower VCE: Creating VirtualClientEngineActorPool with 8 actors
[2025-03-25 20:40:26,498][flwr][INFO] - Initializing global parameters
[2025-03-25 20:40:26,498][flwr][INFO] - Requesting initial parameters from one random client
[2025-03-25 20:40:29,203][flwr][INFO] - Received initial parameters from one random client
[2025-03-25 20:40:29,203][flwr][INFO] - Evaluating initial parameters
[2025-03-25 20:40:30,328][flwr][INFO] - initial parameters (loss, other metrics): 2.30359148979187, {'accuracy': 0.10000000149011612}
[2025-03-25 20:40:30,328][flwr][INFO] - FL starting
[2025-03-25 20:40:31,146][flwr][DEBUG] - fit_round 1: strategy sampled 2 clients (out of 10)
[2025-03-25 20:40:59,283][flwr][DEBUG] - fit_round 1 received 2 results and 0 failures
[2025-03-25 20:41:00,292][flwr][INFO] - fit progress: (1, 2.8170268535614014, {'accuracy': 0.15000000596046448}, 29.96457237499999)
[2025-03-25 20:41:00,293][flwr][DEBUG] - evaluate_round 1: strategy sampled 2 clients (out of 10)
[2025-03-25 20:41:00,508][flwr][DEBUG] - evaluate_round 1 received 2 results and 0 failures
[2025-03-25 20:41:00,508][flwr][WARNING] - No evaluate_metrics_aggregation_fn provided
[2025-03-25 20:41:00,687][flwr][DEBUG] - fit_round 2: strategy sampled 2 clients (out of 10)
[2025-03-25 20:41:04,104][flwr][DEBUG] - fit_round 2 received 2 results and 0 failures
[2025-03-25 20:41:05,180][flwr][INFO] - fit progress: (2, 2.28287672996521, {'accuracy': 0.23489999771118164}, 34.8524297910044)
[2025-03-25 20:41:05,180][flwr][DEBUG] - evaluate_round 2: strategy sampled 2 clients (out of 10)
[2025-03-25 20:41:05,365][flwr][DEBUG] - evaluate_round 2 received 2 results and 0 failures
[2025-03-25 20:41:06,669][flwr][DEBUG] - fit_round 3: strategy sampled 2 clients (out of 10)
[2025-03-25 20:41:57,734][flwr][DEBUG] - fit_round 3 received 2 results and 0 failures
[2025-03-25 20:41:58,749][flwr][INFO] - fit progress: (3, 1.8637266159057617, {'accuracy': 0.3091000020503998}, 88.42100154099171)
[2025-03-25 20:41:58,749][flwr][DEBUG] - evaluate_round 3: strategy sampled 2 clients (out of 10)
[2025-03-25 20:41:58,989][flwr][DEBUG] - evaluate_round 3 received 2 results and 0 failures
[2025-03-25 20:41:59,243][flwr][DEBUG] - fit_round 4: strategy sampled 2 clients (out of 10)
[2025-03-25 20:42:01,340][flwr][DEBUG] - fit_round 4 received 2 results and 0 failures
[2025-03-25 20:42:02,364][flwr][INFO] - fit progress: (4, 2.0715298652648926, {'accuracy': 0.2248000055551529}, 92.0358721660159)
[2025-03-25 20:42:02,364][flwr][DEBUG] - evaluate_round 4: strategy sampled 2 clients (out of 10)
[2025-03-25 20:42:02,543][flwr][DEBUG] - evaluate_round 4 received 2 results and 0 failures
[2025-03-25 20:42:02,814][flwr][DEBUG] - fit_round 5: strategy sampled 2 clients (out of 10)
[2025-03-25 20:42:05,805][flwr][DEBUG] - fit_round 5 received 2 results and 0 failures
[2025-03-25 20:42:06,826][flwr][INFO] - fit progress: (5, 1.7711613178253174, {'accuracy': 0.33570000529289246}, 96.49816629101406)
[2025-03-25 20:42:06,826][flwr][DEBUG] - evaluate_round 5: strategy sampled 2 clients (out of 10)
[2025-03-25 20:42:08,348][flwr][DEBUG] - evaluate_round 5 received 2 results and 0 failures
[2025-03-25 20:42:08,551][flwr][DEBUG] - fit_round 6: strategy sampled 2 clients (out of 10)
[2025-03-25 20:42:12,622][flwr][DEBUG] - fit_round 6 received 2 results and 0 failures
[2025-03-25 20:42:13,649][flwr][INFO] - fit progress: (6, 1.8429217338562012, {'accuracy': 0.28529998660087585}, 103.32157291600015)
[2025-03-25 20:42:13,650][flwr][DEBUG] - evaluate_round 6: strategy sampled 2 clients (out of 10)
[2025-03-25 20:42:15,084][flwr][DEBUG] - evaluate_round 6 received 2 results and 0 failures
[2025-03-25 20:42:15,224][flwr][DEBUG] - fit_round 7: strategy sampled 2 clients (out of 10)
[2025-03-25 20:42:16,835][flwr][DEBUG] - fit_round 7 received 2 results and 0 failures
[2025-03-25 20:42:17,840][flwr][INFO] - fit progress: (7, 1.7834481000900269, {'accuracy': 0.3066999912261963}, 107.51196637499379)
[2025-03-25 20:42:17,840][flwr][DEBUG] - evaluate_round 7: strategy sampled 2 clients (out of 10)
[2025-03-25 20:42:19,377][flwr][DEBUG] - evaluate_round 7 received 2 results and 0 failures
[2025-03-25 20:42:19,508][flwr][DEBUG] - fit_round 8: strategy sampled 2 clients (out of 10)
[2025-03-25 20:42:20,250][flwr][DEBUG] - fit_round 8 received 2 results and 0 failures
[2025-03-25 20:42:21,288][flwr][INFO] - fit progress: (8, 1.7477197647094727, {'accuracy': 0.36550000309944153}, 110.96044629099197)
[2025-03-25 20:42:21,288][flwr][DEBUG] - evaluate_round 8: strategy sampled 2 clients (out of 10)
[2025-03-25 20:42:22,775][flwr][DEBUG] - evaluate_round 8 received 2 results and 0 failures
[2025-03-25 20:42:22,927][flwr][DEBUG] - fit_round 9: strategy sampled 2 clients (out of 10)
[2025-03-25 20:42:25,153][flwr][DEBUG] - fit_round 9 received 2 results and 0 failures
[2025-03-25 20:42:26,290][flwr][INFO] - fit progress: (9, 1.9229812622070312, {'accuracy': 0.2734000086784363}, 115.96217825001804)
[2025-03-25 20:42:26,290][flwr][DEBUG] - evaluate_round 9: strategy sampled 2 clients (out of 10)
[2025-03-25 20:42:26,642][flwr][DEBUG] - evaluate_round 9 received 2 results and 0 failures
[2025-03-25 20:42:26,812][flwr][DEBUG] - fit_round 10: strategy sampled 2 clients (out of 10)
[2025-03-25 20:42:29,251][flwr][DEBUG] - fit_round 10 received 2 results and 0 failures
[2025-03-25 20:42:30,282][flwr][INFO] - fit progress: (10, 1.8692054748535156, {'accuracy': 0.28349998593330383}, 119.95392008300405)
[2025-03-25 20:42:30,282][flwr][DEBUG] - evaluate_round 10: strategy sampled 2 clients (out of 10)
[2025-03-25 20:42:30,609][flwr][DEBUG] - evaluate_round 10 received 2 results and 0 failures
[2025-03-25 20:42:32,540][flwr][DEBUG] - fit_round 11: strategy sampled 2 clients (out of 10)
[2025-03-25 20:43:23,401][flwr][DEBUG] - fit_round 11 received 2 results and 0 failures
[2025-03-25 20:43:24,422][flwr][INFO] - fit progress: (11, 1.6289442777633667, {'accuracy': 0.38429999351501465}, 174.09406279100222)
[2025-03-25 20:43:24,422][flwr][DEBUG] - evaluate_round 11: strategy sampled 2 clients (out of 10)
[2025-03-25 20:43:25,374][flwr][DEBUG] - evaluate_round 11 received 2 results and 0 failures
[2025-03-25 20:43:25,556][flwr][DEBUG] - fit_round 12: strategy sampled 2 clients (out of 10)
[2025-03-25 20:43:29,140][flwr][DEBUG] - fit_round 12 received 2 results and 0 failures
[2025-03-25 20:43:30,180][flwr][INFO] - fit progress: (12, 1.9761923551559448, {'accuracy': 0.2809999883174896}, 179.8518116250052)
[2025-03-25 20:43:30,180][flwr][DEBUG] - evaluate_round 12: strategy sampled 2 clients (out of 10)
[2025-03-25 20:43:30,517][flwr][DEBUG] - evaluate_round 12 received 2 results and 0 failures
[2025-03-25 20:43:31,778][flwr][DEBUG] - fit_round 13: strategy sampled 2 clients (out of 10)
[2025-03-25 20:44:29,759][flwr][DEBUG] - fit_round 13 received 2 results and 0 failures
[2025-03-25 20:44:30,963][flwr][INFO] - fit progress: (13, 1.9247697591781616, {'accuracy': 0.3425000011920929}, 240.63526779101812)
[2025-03-25 20:44:30,963][flwr][DEBUG] - evaluate_round 13: strategy sampled 2 clients (out of 10)
[2025-03-25 20:44:32,440][flwr][DEBUG] - evaluate_round 13 received 2 results and 0 failures
[2025-03-25 20:44:33,336][flwr][DEBUG] - fit_round 14: strategy sampled 2 clients (out of 10)
[2025-03-25 20:45:12,558][flwr][DEBUG] - fit_round 14 received 2 results and 0 failures
[2025-03-25 20:45:13,593][flwr][INFO] - fit progress: (14, 1.9838857650756836, {'accuracy': 0.3643999993801117}, 283.26496370800305)
[2025-03-25 20:45:13,593][flwr][DEBUG] - evaluate_round 14: strategy sampled 2 clients (out of 10)
[2025-03-25 20:45:14,537][flwr][DEBUG] - evaluate_round 14 received 2 results and 0 failures
[2025-03-25 20:45:15,906][flwr][DEBUG] - fit_round 15: strategy sampled 2 clients (out of 10)
[2025-03-25 20:46:20,260][flwr][DEBUG] - fit_round 15 received 2 results and 0 failures
[2025-03-25 20:46:21,416][flwr][INFO] - fit progress: (15, 1.6337337493896484, {'accuracy': 0.39910000562667847}, 351.0880870410183)
[2025-03-25 20:46:21,416][flwr][DEBUG] - evaluate_round 15: strategy sampled 2 clients (out of 10)
[2025-03-25 20:46:22,915][flwr][DEBUG] - evaluate_round 15 received 2 results and 0 failures
[2025-03-25 20:46:23,043][flwr][DEBUG] - fit_round 16: strategy sampled 2 clients (out of 10)
[2025-03-25 20:46:23,591][flwr][DEBUG] - fit_round 16 received 2 results and 0 failures
[2025-03-25 20:46:24,697][flwr][INFO] - fit progress: (16, 1.839059591293335, {'accuracy': 0.34279999136924744}, 354.36966237501474)
[2025-03-25 20:46:24,697][flwr][DEBUG] - evaluate_round 16: strategy sampled 2 clients (out of 10)
[2025-03-25 20:46:25,112][flwr][DEBUG] - evaluate_round 16 received 2 results and 0 failures
[2025-03-25 20:46:25,393][flwr][DEBUG] - fit_round 17: strategy sampled 2 clients (out of 10)
[2025-03-25 20:46:34,206][flwr][DEBUG] - fit_round 17 received 2 results and 0 failures
[2025-03-25 20:46:35,270][flwr][INFO] - fit progress: (17, 1.8255939483642578, {'accuracy': 0.35280001163482666}, 364.94234612499713)
[2025-03-25 20:46:35,270][flwr][DEBUG] - evaluate_round 17: strategy sampled 2 clients (out of 10)
[2025-03-25 20:46:35,485][flwr][DEBUG] - evaluate_round 17 received 2 results and 0 failures
[2025-03-25 20:46:35,666][flwr][DEBUG] - fit_round 18: strategy sampled 2 clients (out of 10)
[2025-03-25 20:46:38,526][flwr][DEBUG] - fit_round 18 received 2 results and 0 failures
[2025-03-25 20:46:39,571][flwr][INFO] - fit progress: (18, 1.8844716548919678, {'accuracy': 0.3310999870300293}, 369.24292449999484)
[2025-03-25 20:46:39,571][flwr][DEBUG] - evaluate_round 18: strategy sampled 2 clients (out of 10)
[2025-03-25 20:46:39,874][flwr][DEBUG] - evaluate_round 18 received 2 results and 0 failures
[2025-03-25 20:46:40,025][flwr][DEBUG] - fit_round 19: strategy sampled 2 clients (out of 10)
[2025-03-25 20:46:42,482][flwr][DEBUG] - fit_round 19 received 2 results and 0 failures
[2025-03-25 20:46:43,520][flwr][INFO] - fit progress: (19, 1.8170865774154663, {'accuracy': 0.30379998683929443}, 373.1921414580138)
[2025-03-25 20:46:43,520][flwr][DEBUG] - evaluate_round 19: strategy sampled 2 clients (out of 10)
[2025-03-25 20:46:44,951][flwr][DEBUG] - evaluate_round 19 received 2 results and 0 failures
[2025-03-25 20:46:45,089][flwr][DEBUG] - fit_round 20: strategy sampled 2 clients (out of 10)
[2025-03-25 20:46:46,656][flwr][DEBUG] - fit_round 20 received 2 results and 0 failures
[2025-03-25 20:46:47,699][flwr][INFO] - fit progress: (20, 1.560478925704956, {'accuracy': 0.4302000105381012}, 377.3714109160064)
[2025-03-25 20:46:47,699][flwr][DEBUG] - evaluate_round 20: strategy sampled 2 clients (out of 10)
[2025-03-25 20:46:49,203][flwr][DEBUG] - evaluate_round 20 received 2 results and 0 failures
[2025-03-25 20:46:49,203][flwr][INFO] - FL finished in 378.8751714999962
[2025-03-25 20:46:49,203][flwr][INFO] - app_fit: losses_distributed [(1, 2.516715706611166), (2, 1.4522048234939575), (3, 1.953510077794393), (4, 1.7186619341373444), (5, 1.6685280177491373), (6, 1.7840894239201182), (7, 1.757374783383725), (8, 1.6319267335903471), (9, 2.0513867121476395), (10, 1.5203498083612192), (11, 1.581851252791833), (12, 2.18880198847863), (13, 1.9170071134027444), (14, 1.1839524369228744), (15, 1.4943262535983428), (16, 1.7345020147470327), (17, 1.966424301119134), (18, 1.239910079701112), (19, 1.5834463592717856), (20, 1.3928726052338223)]
[2025-03-25 20:46:49,203][flwr][INFO] - app_fit: metrics_distributed_fit {'variance_training_loss': [(1, 0.3351097282519646), (2, 0.1819172171967729), (3, 0.00016089412639885836), (4, 0.1606334171833943), (5, 0.009846384191583901), (6, 0.08800565619709122), (7, 0.01247819460832389), (8, 0.35847671817670346), (9, 0.5434440550536914), (10, 0.00013231377678923906), (11, 0.029151397367233045), (12, 0.035616111216629776), (13, 0.00431172088509868), (14, 0.0012433889269027887), (15, 0.007696017869548655), (16, 0.057515177887367486), (17, 0.2090815407634672), (18, 0.0770633100074889), (19, 0.18406725334230956), (20, 0.1218395124108298)], 'average_training_loss': [(1, 1.7485798597335815), (2, 1.5115841031074524), (3, 1.4379786849021912), (4, 1.5322977900505066), (5, 1.0266506969928741), (6, 1.1718898713588715), (7, 1.544325053691864), (8, 1.751522183418274), (9, 1.570269912481308), (10, 0.801470011472702), (11, 1.1916843056678772), (12, 1.0766071677207947), (13, 1.353746771812439), (14, 0.9927225410938263), (15, 1.2950059175491333), (16, 1.8254166841506958), (17, 1.46287339925766), (18, 1.2870557308197021), (19, 1.3853912949562073), (20, 1.6435450315475464)]}
[2025-03-25 20:46:49,203][flwr][INFO] - app_fit: metrics_distributed {}
[2025-03-25 20:46:49,203][flwr][INFO] - app_fit: losses_centralized [(0, 2.30359148979187), (1, 2.8170268535614014), (2, 2.28287672996521), (3, 1.8637266159057617), (4, 2.0715298652648926), (5, 1.7711613178253174), (6, 1.8429217338562012), (7, 1.7834481000900269), (8, 1.7477197647094727), (9, 1.9229812622070312), (10, 1.8692054748535156), (11, 1.6289442777633667), (12, 1.9761923551559448), (13, 1.9247697591781616), (14, 1.9838857650756836), (15, 1.6337337493896484), (16, 1.839059591293335), (17, 1.8255939483642578), (18, 1.8844716548919678), (19, 1.8170865774154663), (20, 1.560478925704956)]
[2025-03-25 20:46:49,203][flwr][INFO] - app_fit: metrics_centralized {'accuracy': [(0, 0.10000000149011612), (1, 0.15000000596046448), (2, 0.23489999771118164), (3, 0.3091000020503998), (4, 0.2248000055551529), (5, 0.33570000529289246), (6, 0.28529998660087585), (7, 0.3066999912261963), (8, 0.36550000309944153), (9, 0.2734000086784363), (10, 0.28349998593330383), (11, 0.38429999351501465), (12, 0.2809999883174896), (13, 0.3425000011920929), (14, 0.3643999993801117), (15, 0.39910000562667847), (16, 0.34279999136924744), (17, 0.35280001163482666), (18, 0.3310999870300293), (19, 0.30379998683929443), (20, 0.4302000105381012)]}
