[2025-03-10 01:54:42,602][flwr][INFO] - Starting Flower simulation, config: ServerConfig(num_rounds=20, round_timeout=None)
[2025-03-10 01:54:43,781][flwr][INFO] - Flower VCE: Ray initialized with resources: {'memory': 16873706292.0, 'node:__internal_head__': 1.0, 'object_store_memory': 2147483648.0, 'node:127.0.0.1': 1.0, 'CPU': 8.0}
[2025-03-10 01:54:43,782][flwr][INFO] - Flower VCE: Resources for each Virtual Client: {'num_cpus': 0.5, 'num_gpus': 0}
[2025-03-10 01:54:43,791][flwr][INFO] - Flower VCE: Creating VirtualClientEngineActorPool with 16 actors
[2025-03-10 01:54:43,791][flwr][INFO] - Initializing global parameters
[2025-03-10 01:54:43,791][flwr][INFO] - Requesting initial parameters from one random client
[2025-03-10 01:54:49,061][flwr][INFO] - Received initial parameters from one random client
[2025-03-10 01:54:49,061][flwr][INFO] - Evaluating initial parameters
[2025-03-10 01:54:50,205][flwr][INFO] - initial parameters (loss, other metrics): 2.303358554840088, {'accuracy': 0.12630000710487366}
[2025-03-10 01:54:50,205][flwr][INFO] - FL starting with RPOW variant
[2025-03-10 01:54:52,970][flwr][INFO] - Server 1: about to sample 9 clients
[2025-03-10 01:54:52,971][flwr][INFO] - Round 1: selected clients
            ['6', '4', '5', '7', '8', '0', '2', '3', '1'] for fit.
[2025-03-10 01:54:55,393][flwr][DEBUG] - fit_round 1: strategy sampled 9 clients (out of 10)
[2025-03-10 01:55:20,456][flwr][DEBUG] - fit_round 1 received 9 results and 0 failures
[2025-03-10 01:55:21,513][flwr][INFO] - fit progress: (1, 2.432079553604126, {'accuracy': 0.1120000034570694}, 31.308559208991937)
[2025-03-10 01:55:21,514][flwr][DEBUG] - evaluate_round 1: strategy sampled 9 clients (out of 10)
[2025-03-10 01:55:23,184][flwr][DEBUG] - evaluate_round 1 received 9 results and 0 failures
[2025-03-10 01:55:23,184][flwr][WARNING] - No evaluate_metrics_aggregation_fn provided
[2025-03-10 01:55:25,897][flwr][INFO] - Server 2: about to sample 9 clients
[2025-03-10 01:55:25,897][flwr][INFO] - Round 2: selected clients
            ['6', '8', '5', '4', '0', '9', '1', '7', '2'] for fit.
[2025-03-10 01:55:28,439][flwr][DEBUG] - fit_round 2: strategy sampled 9 clients (out of 10)
[2025-03-10 01:55:55,925][flwr][DEBUG] - fit_round 2 received 9 results and 0 failures
[2025-03-10 01:55:56,974][flwr][INFO] - fit progress: (2, 2.2583422660827637, {'accuracy': 0.19050000607967377}, 66.7701953749638)
[2025-03-10 01:55:56,975][flwr][DEBUG] - evaluate_round 2: strategy sampled 9 clients (out of 10)
[2025-03-10 01:55:58,585][flwr][DEBUG] - evaluate_round 2 received 9 results and 0 failures
[2025-03-10 01:56:01,380][flwr][INFO] - Server 3: about to sample 9 clients
[2025-03-10 01:56:01,380][flwr][INFO] - Round 3: selected clients
            ['7', '2', '3', '4', '6', '1', '9', '8', '5'] for fit.
[2025-03-10 01:56:03,841][flwr][DEBUG] - fit_round 3: strategy sampled 9 clients (out of 10)
[2025-03-10 01:56:29,832][flwr][DEBUG] - fit_round 3 received 9 results and 0 failures
[2025-03-10 01:56:30,873][flwr][INFO] - fit progress: (3, 1.8080683946609497, {'accuracy': 0.3278999924659729}, 100.6699644170003)
[2025-03-10 01:56:30,874][flwr][DEBUG] - evaluate_round 3: strategy sampled 9 clients (out of 10)
[2025-03-10 01:56:32,591][flwr][DEBUG] - evaluate_round 3 received 9 results and 0 failures
[2025-03-10 01:56:35,330][flwr][INFO] - Server 4: about to sample 9 clients
[2025-03-10 01:56:35,331][flwr][INFO] - Round 4: selected clients
            ['7', '2', '4', '1', '0', '9', '6', '3', '5'] for fit.
[2025-03-10 01:56:37,826][flwr][DEBUG] - fit_round 4: strategy sampled 9 clients (out of 10)
[2025-03-10 01:57:05,950][flwr][DEBUG] - fit_round 4 received 9 results and 0 failures
[2025-03-10 01:57:07,021][flwr][INFO] - fit progress: (4, 1.6798087358474731, {'accuracy': 0.3792000114917755}, 136.81785141699947)
[2025-03-10 01:57:07,021][flwr][DEBUG] - evaluate_round 4: strategy sampled 9 clients (out of 10)
[2025-03-10 01:57:08,749][flwr][DEBUG] - evaluate_round 4 received 9 results and 0 failures
[2025-03-10 01:57:11,494][flwr][INFO] - Server 5: about to sample 9 clients
[2025-03-10 01:57:11,494][flwr][INFO] - Round 5: selected clients
            ['0', '8', '1', '3', '6', '7', '2', '4', '9'] for fit.
[2025-03-10 01:57:14,025][flwr][DEBUG] - fit_round 5: strategy sampled 9 clients (out of 10)
[2025-03-10 01:57:40,305][flwr][DEBUG] - fit_round 5 received 9 results and 0 failures
[2025-03-10 01:57:41,368][flwr][INFO] - fit progress: (5, 1.6174137592315674, {'accuracy': 0.4016999900341034}, 171.16559383401182)
[2025-03-10 01:57:41,368][flwr][DEBUG] - evaluate_round 5: strategy sampled 9 clients (out of 10)
[2025-03-10 01:57:43,175][flwr][DEBUG] - evaluate_round 5 received 9 results and 0 failures
[2025-03-10 01:57:45,917][flwr][INFO] - Server 6: about to sample 9 clients
[2025-03-10 01:57:45,917][flwr][INFO] - Round 6: selected clients
            ['4', '3', '2', '7', '5', '6', '0', '9', '8'] for fit.
[2025-03-10 01:57:48,401][flwr][DEBUG] - fit_round 6: strategy sampled 9 clients (out of 10)
[2025-03-10 01:58:15,396][flwr][DEBUG] - fit_round 6 received 9 results and 0 failures
[2025-03-10 01:58:16,460][flwr][INFO] - fit progress: (6, 1.5792726278305054, {'accuracy': 0.42719998955726624}, 206.25831920898054)
[2025-03-10 01:58:16,460][flwr][DEBUG] - evaluate_round 6: strategy sampled 9 clients (out of 10)
[2025-03-10 01:58:18,061][flwr][DEBUG] - evaluate_round 6 received 9 results and 0 failures
[2025-03-10 01:58:20,878][flwr][INFO] - Server 7: about to sample 9 clients
[2025-03-10 01:58:20,878][flwr][INFO] - Round 7: selected clients
            ['7', '4', '3', '2', '9', '6', '0', '1', '8'] for fit.
[2025-03-10 01:58:23,379][flwr][DEBUG] - fit_round 7: strategy sampled 9 clients (out of 10)
[2025-03-10 01:58:50,029][flwr][DEBUG] - fit_round 7 received 9 results and 0 failures
[2025-03-10 01:58:51,090][flwr][INFO] - fit progress: (7, 1.583458423614502, {'accuracy': 0.42899999022483826}, 240.88896854198538)
[2025-03-10 01:58:51,090][flwr][DEBUG] - evaluate_round 7: strategy sampled 9 clients (out of 10)
[2025-03-10 01:58:52,842][flwr][DEBUG] - evaluate_round 7 received 9 results and 0 failures
[2025-03-10 01:58:55,596][flwr][INFO] - Server 8: about to sample 9 clients
[2025-03-10 01:58:55,596][flwr][INFO] - Round 8: selected clients
            ['7', '3', '8', '6', '0', '5', '9', '2', '4'] for fit.
[2025-03-10 01:58:58,095][flwr][DEBUG] - fit_round 8: strategy sampled 9 clients (out of 10)
[2025-03-10 01:59:25,007][flwr][DEBUG] - fit_round 8 received 9 results and 0 failures
[2025-03-10 01:59:26,052][flwr][INFO] - fit progress: (8, 1.5212308168411255, {'accuracy': 0.4474000036716461}, 275.85177812504116)
[2025-03-10 01:59:26,052][flwr][DEBUG] - evaluate_round 8: strategy sampled 9 clients (out of 10)
[2025-03-10 01:59:27,853][flwr][DEBUG] - evaluate_round 8 received 9 results and 0 failures
[2025-03-10 01:59:30,593][flwr][INFO] - Server 9: about to sample 9 clients
[2025-03-10 01:59:30,593][flwr][INFO] - Round 9: selected clients
            ['9', '0', '2', '4', '1', '7', '6', '8', '3'] for fit.
[2025-03-10 01:59:33,142][flwr][DEBUG] - fit_round 9: strategy sampled 9 clients (out of 10)
[2025-03-10 01:59:59,768][flwr][DEBUG] - fit_round 9 received 9 results and 0 failures
[2025-03-10 02:00:00,822][flwr][INFO] - fit progress: (9, 1.5220627784729004, {'accuracy': 0.44279998540878296}, 310.62279112497345)
[2025-03-10 02:00:00,822][flwr][DEBUG] - evaluate_round 9: strategy sampled 9 clients (out of 10)
[2025-03-10 02:00:02,606][flwr][DEBUG] - evaluate_round 9 received 9 results and 0 failures
[2025-03-10 02:00:05,359][flwr][INFO] - Server 10: about to sample 9 clients
[2025-03-10 02:00:05,359][flwr][INFO] - Round 10: selected clients
            ['7', '3', '1', '4', '0', '6', '8', '2', '9'] for fit.
[2025-03-10 02:00:07,912][flwr][DEBUG] - fit_round 10: strategy sampled 9 clients (out of 10)
[2025-03-10 02:00:34,508][flwr][DEBUG] - fit_round 10 received 9 results and 0 failures
[2025-03-10 02:00:35,556][flwr][INFO] - fit progress: (10, 1.5587838888168335, {'accuracy': 0.4381999969482422}, 345.35713633394334)
[2025-03-10 02:00:35,556][flwr][DEBUG] - evaluate_round 10: strategy sampled 9 clients (out of 10)
[2025-03-10 02:00:37,234][flwr][DEBUG] - evaluate_round 10 received 9 results and 0 failures
[2025-03-10 02:00:39,975][flwr][INFO] - Server 11: about to sample 9 clients
[2025-03-10 02:00:39,975][flwr][INFO] - Round 11: selected clients
            ['3', '4', '9', '1', '2', '0', '7', '6', '8'] for fit.
[2025-03-10 02:00:42,534][flwr][DEBUG] - fit_round 11: strategy sampled 9 clients (out of 10)
[2025-03-10 02:01:09,216][flwr][DEBUG] - fit_round 11 received 9 results and 0 failures
[2025-03-10 02:01:10,279][flwr][INFO] - fit progress: (11, 1.830722689628601, {'accuracy': 0.36550000309944153}, 380.08111933397595)
[2025-03-10 02:01:10,279][flwr][DEBUG] - evaluate_round 11: strategy sampled 9 clients (out of 10)
[2025-03-10 02:01:12,103][flwr][DEBUG] - evaluate_round 11 received 9 results and 0 failures
[2025-03-10 02:01:14,841][flwr][INFO] - Server 12: about to sample 9 clients
[2025-03-10 02:01:14,841][flwr][INFO] - Round 12: selected clients
            ['1', '9', '0', '6', '7', '3', '2', '8', '4'] for fit.
[2025-03-10 02:01:17,387][flwr][DEBUG] - fit_round 12: strategy sampled 9 clients (out of 10)
[2025-03-10 02:01:44,031][flwr][DEBUG] - fit_round 12 received 9 results and 0 failures
[2025-03-10 02:01:45,081][flwr][INFO] - fit progress: (12, 1.4136749505996704, {'accuracy': 0.4740999937057495}, 414.88389149995055)
[2025-03-10 02:01:45,081][flwr][DEBUG] - evaluate_round 12: strategy sampled 9 clients (out of 10)
[2025-03-10 02:01:47,026][flwr][DEBUG] - evaluate_round 12 received 9 results and 0 failures
[2025-03-10 02:01:49,814][flwr][INFO] - Server 13: about to sample 9 clients
[2025-03-10 02:01:49,814][flwr][INFO] - Round 13: selected clients
            ['7', '5', '8', '4', '0', '2', '3', '9', '6'] for fit.
[2025-03-10 02:01:52,243][flwr][DEBUG] - fit_round 13: strategy sampled 9 clients (out of 10)
[2025-03-10 02:02:19,474][flwr][DEBUG] - fit_round 13 received 9 results and 0 failures
[2025-03-10 02:02:20,524][flwr][INFO] - fit progress: (13, 1.3891870975494385, {'accuracy': 0.48410001397132874}, 450.3272777090315)
[2025-03-10 02:02:20,524][flwr][DEBUG] - evaluate_round 13: strategy sampled 9 clients (out of 10)
[2025-03-10 02:02:22,183][flwr][DEBUG] - evaluate_round 13 received 9 results and 0 failures
[2025-03-10 02:02:25,043][flwr][INFO] - Server 14: about to sample 9 clients
[2025-03-10 02:02:25,044][flwr][INFO] - Round 14: selected clients
            ['8', '6', '0', '4', '3', '2', '9', '7', '1'] for fit.
[2025-03-10 02:02:27,573][flwr][DEBUG] - fit_round 14: strategy sampled 9 clients (out of 10)
[2025-03-10 02:02:54,707][flwr][DEBUG] - fit_round 14 received 9 results and 0 failures
[2025-03-10 02:02:55,771][flwr][INFO] - fit progress: (14, 1.398977279663086, {'accuracy': 0.4959999918937683}, 485.5752247089986)
[2025-03-10 02:02:55,771][flwr][DEBUG] - evaluate_round 14: strategy sampled 9 clients (out of 10)
[2025-03-10 02:02:57,517][flwr][DEBUG] - evaluate_round 14 received 9 results and 0 failures
[2025-03-10 02:03:00,254][flwr][INFO] - Server 15: about to sample 9 clients
[2025-03-10 02:03:00,255][flwr][INFO] - Round 15: selected clients
            ['9', '1', '7', '8', '2', '0', '4', '3', '6'] for fit.
[2025-03-10 02:03:02,804][flwr][DEBUG] - fit_round 15: strategy sampled 9 clients (out of 10)
[2025-03-10 02:03:29,393][flwr][DEBUG] - fit_round 15 received 9 results and 0 failures
[2025-03-10 02:03:30,463][flwr][INFO] - fit progress: (15, 1.3742386102676392, {'accuracy': 0.5128999948501587}, 520.2680104590254)
[2025-03-10 02:03:30,463][flwr][DEBUG] - evaluate_round 15: strategy sampled 9 clients (out of 10)
[2025-03-10 02:03:32,274][flwr][DEBUG] - evaluate_round 15 received 9 results and 0 failures
[2025-03-10 02:03:35,037][flwr][INFO] - Server 16: about to sample 9 clients
[2025-03-10 02:03:35,037][flwr][INFO] - Round 16: selected clients
            ['4', '5', '6', '2', '3', '0', '7', '8', '9'] for fit.
[2025-03-10 02:03:37,542][flwr][DEBUG] - fit_round 16: strategy sampled 9 clients (out of 10)
[2025-03-10 02:04:04,869][flwr][DEBUG] - fit_round 16 received 9 results and 0 failures
[2025-03-10 02:04:05,923][flwr][INFO] - fit progress: (16, 1.3846062421798706, {'accuracy': 0.5091000199317932}, 555.7284409590065)
[2025-03-10 02:04:05,923][flwr][DEBUG] - evaluate_round 16: strategy sampled 9 clients (out of 10)
[2025-03-10 02:04:07,637][flwr][DEBUG] - evaluate_round 16 received 9 results and 0 failures
[2025-03-10 02:04:10,395][flwr][INFO] - Server 17: about to sample 9 clients
[2025-03-10 02:04:10,395][flwr][INFO] - Round 17: selected clients
            ['3', '6', '8', '4', '5', '2', '9', '0', '7'] for fit.
[2025-03-10 02:04:12,894][flwr][DEBUG] - fit_round 17: strategy sampled 9 clients (out of 10)
[2025-03-10 02:04:40,486][flwr][DEBUG] - fit_round 17 received 9 results and 0 failures
[2025-03-10 02:04:41,564][flwr][INFO] - fit progress: (17, 1.338932991027832, {'accuracy': 0.5175999999046326}, 591.3700724589871)
[2025-03-10 02:04:41,564][flwr][DEBUG] - evaluate_round 17: strategy sampled 9 clients (out of 10)
[2025-03-10 02:04:43,162][flwr][DEBUG] - evaluate_round 17 received 9 results and 0 failures
[2025-03-10 02:04:45,957][flwr][INFO] - Server 18: about to sample 9 clients
[2025-03-10 02:04:45,958][flwr][INFO] - Round 18: selected clients
            ['5', '0', '3', '2', '4', '6', '1', '7', '9'] for fit.
[2025-03-10 02:04:48,420][flwr][DEBUG] - fit_round 18: strategy sampled 9 clients (out of 10)
[2025-03-10 02:05:17,597][flwr][DEBUG] - fit_round 18 received 9 results and 0 failures
[2025-03-10 02:05:18,663][flwr][INFO] - fit progress: (18, 1.4230117797851562, {'accuracy': 0.4918000102043152}, 628.4695900420193)
[2025-03-10 02:05:18,663][flwr][DEBUG] - evaluate_round 18: strategy sampled 9 clients (out of 10)
[2025-03-10 02:05:20,459][flwr][DEBUG] - evaluate_round 18 received 9 results and 0 failures
[2025-03-10 02:05:23,272][flwr][INFO] - Server 19: about to sample 9 clients
[2025-03-10 02:05:23,273][flwr][INFO] - Round 19: selected clients
            ['9', '6', '1', '5', '7', '3', '2', '0', '4'] for fit.
[2025-03-10 02:05:25,717][flwr][DEBUG] - fit_round 19: strategy sampled 9 clients (out of 10)
[2025-03-10 02:05:54,780][flwr][DEBUG] - fit_round 19 received 9 results and 0 failures
[2025-03-10 02:05:55,841][flwr][INFO] - fit progress: (19, 1.3785896301269531, {'accuracy': 0.5070000290870667}, 665.6488063749857)
[2025-03-10 02:05:55,841][flwr][DEBUG] - evaluate_round 19: strategy sampled 9 clients (out of 10)
[2025-03-10 02:05:57,586][flwr][DEBUG] - evaluate_round 19 received 9 results and 0 failures
[2025-03-10 02:06:00,343][flwr][INFO] - Server 20: about to sample 9 clients
[2025-03-10 02:06:00,344][flwr][INFO] - Round 20: selected clients
            ['6', '8', '9', '5', '0', '7', '2', '4', '3'] for fit.
[2025-03-10 02:06:02,836][flwr][DEBUG] - fit_round 20: strategy sampled 9 clients (out of 10)
[2025-03-10 02:06:30,856][flwr][DEBUG] - fit_round 20 received 9 results and 0 failures
[2025-03-10 02:06:31,926][flwr][INFO] - fit progress: (20, 1.337107539176941, {'accuracy': 0.4966999888420105}, 701.7345847090473)
[2025-03-10 02:06:31,926][flwr][DEBUG] - evaluate_round 20: strategy sampled 9 clients (out of 10)
[2025-03-10 02:06:33,583][flwr][DEBUG] - evaluate_round 20 received 9 results and 0 failures
[2025-03-10 02:06:33,584][flwr][INFO] - FL finished in 703.3923512919573
[2025-03-10 02:06:33,584][flwr][INFO] - app_fit: losses_distributed [(1, 2.4444586990872037), (2, 2.287663811908566), (3, 1.818857594841271), (4, 1.6923406041643154), (5, 1.6264357455091105), (6, 1.5898162573239605), (7, 1.583497905229927), (8, 1.524680782064089), (9, 1.5202349294866326), (10, 1.5581267224139306), (11, 1.8221029821217085), (12, 1.4138729404160395), (13, 1.3984484488485092), (14, 1.404907343944227), (15, 1.3687136537716464), (16, 1.3886200215423619), (17, 1.3467681616746545), (18, 1.4303932798840608), (19, 1.3856918819831068), (20, 1.3471235354920812)]
[2025-03-10 02:06:33,584][flwr][INFO] - app_fit: metrics_distributed_fit {'variance_training_loss': [(1, 0.02565429372905531), (2, 0.006976596651188728), (3, 0.0015702648407052127), (4, 0.0014797980938491642), (5, 0.0011989371156231963), (6, 0.0010018984883921338), (7, 0.0010081394489007938), (8, 0.0006574509979574441), (9, 0.0009314891788595801), (10, 0.0010763506087860123), (11, 0.0009389856993556756), (12, 0.0005206173752677993), (13, 0.0005899589866608938), (14, 0.0009491230590829274), (15, 0.000715604111475636), (16, 0.0007139084166613114), (17, 0.0008597740146036431), (18, 0.000686905067444362), (19, 0.0006594568915324493), (20, 0.0006649485479618918)], 'average_training_loss': [(1, 2.1225367652045355), (2, 1.9034546083874173), (3, 1.8057257069481745), (4, 1.744433085123698), (5, 1.7085275385114882), (6, 1.6635809077156916), (7, 1.6317094961802165), (8, 1.6017257902357314), (9, 1.5796286927329168), (10, 1.5561416678958468), (11, 1.5321155389149983), (12, 1.510254979133606), (13, 1.4907839165793524), (14, 1.4760859277513292), (15, 1.4597205585903592), (16, 1.4435282813178167), (17, 1.4291971392101712), (18, 1.407520016034444), (19, 1.3954033851623535), (20, 1.3852172825071547)], 'estimated_times': [(1, [25.414257315555083, 22.971463355363678, 29.8785012991138, 26.180284886410004, 24.79929376962286, 41.17004293895944, 20.938045382277785, 22.161872143677595, 41.816199047322364]), (2, [26.180284886410004, 20.938045382277785, 41.816199047322364, 25.414257315555083, 22.161872143677595, 44.439381869999295, 22.971463355363678, 29.8785012991138, 30.86046336386346]), (3, [20.938045382277785, 25.414257315555083, 41.816199047322364, 44.439381869999295, 24.79929376962286, 22.971463355363678, 22.161872143677595, 29.8785012991138, 26.180284886410004]), (4, [44.439381869999295, 22.971463355363678, 29.8785012991138, 30.86046336386346, 24.79929376962286, 20.938045382277785, 26.180284886410004, 41.816199047322364, 22.161872143677595]), (5, [44.439381869999295, 30.86046336386346, 26.180284886410004, 22.161872143677595, 25.414257315555083, 24.79929376962286, 20.938045382277785, 41.816199047322364, 22.971463355363678]), (6, [24.79929376962286, 22.161872143677595, 20.938045382277785, 25.414257315555083, 26.180284886410004, 29.8785012991138, 30.86046336386346, 22.971463355363678, 44.439381869999295]), (7, [20.938045382277785, 30.86046336386346, 41.816199047322364, 44.439381869999295, 22.161872143677595, 24.79929376962286, 22.971463355363678, 25.414257315555083, 26.180284886410004]), (8, [30.86046336386346, 22.971463355363678, 26.180284886410004, 44.439381869999295, 22.161872143677595, 25.414257315555083, 24.79929376962286, 20.938045382277785, 29.8785012991138]), (9, [30.86046336386346, 25.414257315555083, 20.938045382277785, 22.971463355363678, 24.79929376962286, 41.816199047322364, 22.161872143677595, 26.180284886410004, 44.439381869999295]), (10, [24.79929376962286, 30.86046336386346, 44.439381869999295, 25.414257315555083, 20.938045382277785, 22.971463355363678, 41.816199047322364, 26.180284886410004, 22.161872143677595]), (11, [25.414257315555083, 30.86046336386346, 26.180284886410004, 22.971463355363678, 20.938045382277785, 22.161872143677595, 24.79929376962286, 41.816199047322364, 44.439381869999295]), (12, [44.439381869999295, 20.938045382277785, 25.414257315555083, 41.816199047322364, 26.180284886410004, 30.86046336386346, 22.971463355363678, 24.79929376962286, 22.161872143677595]), (13, [30.86046336386346, 22.161872143677595, 22.971463355363678, 25.414257315555083, 29.8785012991138, 24.79929376962286, 44.439381869999295, 20.938045382277785, 26.180284886410004]), (14, [24.79929376962286, 25.414257315555083, 20.938045382277785, 22.971463355363678, 41.816199047322364, 26.180284886410004, 44.439381869999295, 30.86046336386346, 22.161872143677595]), (15, [24.79929376962286, 25.414257315555083, 22.971463355363678, 22.161872143677595, 41.816199047322364, 26.180284886410004, 44.439381869999295, 30.86046336386346, 20.938045382277785]), (16, [44.439381869999295, 20.938045382277785, 26.180284886410004, 30.86046336386346, 25.414257315555083, 22.161872143677595, 24.79929376962286, 22.971463355363678, 29.8785012991138]), (17, [24.79929376962286, 44.439381869999295, 20.938045382277785, 26.180284886410004, 22.971463355363678, 30.86046336386346, 25.414257315555083, 22.161872143677595, 29.8785012991138]), (18, [29.8785012991138, 24.79929376962286, 22.161872143677595, 30.86046336386346, 41.816199047322364, 44.439381869999295, 20.938045382277785, 26.180284886410004, 22.971463355363678]), (19, [22.971463355363678, 30.86046336386346, 44.439381869999295, 22.161872143677595, 26.180284886410004, 24.79929376962286, 20.938045382277785, 29.8785012991138, 41.816199047322364]), (20, [22.971463355363678, 22.161872143677595, 30.86046336386346, 44.439381869999295, 20.938045382277785, 25.414257315555083, 24.79929376962286, 26.180284886410004, 29.8785012991138])]}
[2025-03-10 02:06:33,588][flwr][INFO] - app_fit: metrics_distributed {}
[2025-03-10 02:06:33,588][flwr][INFO] - app_fit: losses_centralized [(0, 2.303358554840088), (1, 2.432079553604126), (2, 2.2583422660827637), (3, 1.8080683946609497), (4, 1.6798087358474731), (5, 1.6174137592315674), (6, 1.5792726278305054), (7, 1.583458423614502), (8, 1.5212308168411255), (9, 1.5220627784729004), (10, 1.5587838888168335), (11, 1.830722689628601), (12, 1.4136749505996704), (13, 1.3891870975494385), (14, 1.398977279663086), (15, 1.3742386102676392), (16, 1.3846062421798706), (17, 1.338932991027832), (18, 1.4230117797851562), (19, 1.3785896301269531), (20, 1.337107539176941)]
[2025-03-10 02:06:33,588][flwr][INFO] - app_fit: metrics_centralized {'accuracy': [(0, 0.12630000710487366), (1, 0.1120000034570694), (2, 0.19050000607967377), (3, 0.3278999924659729), (4, 0.3792000114917755), (5, 0.4016999900341034), (6, 0.42719998955726624), (7, 0.42899999022483826), (8, 0.4474000036716461), (9, 0.44279998540878296), (10, 0.4381999969482422), (11, 0.36550000309944153), (12, 0.4740999937057495), (13, 0.48410001397132874), (14, 0.4959999918937683), (15, 0.5128999948501587), (16, 0.5091000199317932), (17, 0.5175999999046326), (18, 0.4918000102043152), (19, 0.5070000290870667), (20, 0.4966999888420105)]}
