[2025-03-10 00:24:54,444][flwr][INFO] - Using FedAvg strategy
[2025-03-10 00:24:54,444][flwr][INFO] - Starting Flower simulation, config: ServerConfig(num_rounds=20, round_timeout=None)
[2025-03-10 00:24:55,613][flwr][INFO] - Flower VCE: Ray initialized with resources: {'CPU': 8.0, 'object_store_memory': 2147483648.0, 'memory': 16398485095.0, 'node:__internal_head__': 1.0, 'node:127.0.0.1': 1.0}
[2025-03-10 00:24:55,613][flwr][INFO] - Flower VCE: Resources for each Virtual Client: {'num_cpus': 0.5, 'num_gpus': 0}
[2025-03-10 00:24:55,619][flwr][INFO] - Flower VCE: Creating VirtualClientEngineActorPool with 16 actors
[2025-03-10 00:24:55,619][flwr][INFO] - Initializing global parameters
[2025-03-10 00:24:55,619][flwr][INFO] - Requesting initial parameters from one random client
[2025-03-10 00:25:00,897][flwr][INFO] - Received initial parameters from one random client
[2025-03-10 00:25:00,897][flwr][INFO] - Evaluating initial parameters
[2025-03-10 00:25:02,011][flwr][INFO] - initial parameters (loss, other metrics): 2.30399227142334, {'accuracy': 0.09799999743700027}
[2025-03-10 00:25:02,011][flwr][INFO] - FL starting
[2025-03-10 00:25:02,011][flwr][DEBUG] - fit_round 1: strategy sampled 9 clients (out of 10)
[2025-03-10 00:25:27,270][flwr][DEBUG] - fit_round 1 received 9 results and 0 failures
[2025-03-10 00:25:28,295][flwr][INFO] - fit progress: (1, 2.3229801654815674, {'accuracy': 0.1006999984383583}, 26.283282290911302)
[2025-03-10 00:25:28,295][flwr][DEBUG] - evaluate_round 1: strategy sampled 9 clients (out of 10)
[2025-03-10 00:25:29,848][flwr][DEBUG] - evaluate_round 1 received 9 results and 0 failures
[2025-03-10 00:25:29,849][flwr][WARNING] - No evaluate_metrics_aggregation_fn provided
[2025-03-10 00:25:29,849][flwr][DEBUG] - fit_round 2: strategy sampled 9 clients (out of 10)
[2025-03-10 00:25:56,257][flwr][DEBUG] - fit_round 2 received 9 results and 0 failures
[2025-03-10 00:25:57,274][flwr][INFO] - fit progress: (2, 2.402719497680664, {'accuracy': 0.10000000149011612}, 55.262590916012414)
[2025-03-10 00:25:57,274][flwr][DEBUG] - evaluate_round 2: strategy sampled 9 clients (out of 10)
[2025-03-10 00:25:58,820][flwr][DEBUG] - evaluate_round 2 received 9 results and 0 failures
[2025-03-10 00:25:58,820][flwr][DEBUG] - fit_round 3: strategy sampled 9 clients (out of 10)
[2025-03-10 00:26:26,001][flwr][DEBUG] - fit_round 3 received 9 results and 0 failures
[2025-03-10 00:26:27,016][flwr][INFO] - fit progress: (3, 2.4258522987365723, {'accuracy': 0.10040000081062317}, 85.00470070797019)
[2025-03-10 00:26:27,016][flwr][DEBUG] - evaluate_round 3: strategy sampled 9 clients (out of 10)
[2025-03-10 00:26:28,603][flwr][DEBUG] - evaluate_round 3 received 9 results and 0 failures
[2025-03-10 00:26:28,603][flwr][DEBUG] - fit_round 4: strategy sampled 9 clients (out of 10)
[2025-03-10 00:26:53,647][flwr][DEBUG] - fit_round 4 received 9 results and 0 failures
[2025-03-10 00:26:54,676][flwr][INFO] - fit progress: (4, 2.272526502609253, {'accuracy': 0.14059999585151672}, 112.6641832080204)
[2025-03-10 00:26:54,676][flwr][DEBUG] - evaluate_round 4: strategy sampled 9 clients (out of 10)
[2025-03-10 00:26:56,349][flwr][DEBUG] - evaluate_round 4 received 9 results and 0 failures
[2025-03-10 00:26:56,350][flwr][DEBUG] - fit_round 5: strategy sampled 9 clients (out of 10)
[2025-03-10 00:27:23,026][flwr][DEBUG] - fit_round 5 received 9 results and 0 failures
[2025-03-10 00:27:24,040][flwr][INFO] - fit progress: (5, 1.953397512435913, {'accuracy': 0.2702000141143799}, 142.02813174994662)
[2025-03-10 00:27:24,040][flwr][DEBUG] - evaluate_round 5: strategy sampled 9 clients (out of 10)
[2025-03-10 00:27:25,643][flwr][DEBUG] - evaluate_round 5 received 9 results and 0 failures
[2025-03-10 00:27:25,643][flwr][DEBUG] - fit_round 6: strategy sampled 9 clients (out of 10)
[2025-03-10 00:27:52,226][flwr][DEBUG] - fit_round 6 received 9 results and 0 failures
[2025-03-10 00:27:53,249][flwr][INFO] - fit progress: (6, 1.808401346206665, {'accuracy': 0.3319999873638153}, 171.2379245000193)
[2025-03-10 00:27:53,250][flwr][DEBUG] - evaluate_round 6: strategy sampled 9 clients (out of 10)
[2025-03-10 00:27:54,771][flwr][DEBUG] - evaluate_round 6 received 9 results and 0 failures
[2025-03-10 00:27:54,772][flwr][DEBUG] - fit_round 7: strategy sampled 9 clients (out of 10)
[2025-03-10 00:28:21,420][flwr][DEBUG] - fit_round 7 received 9 results and 0 failures
[2025-03-10 00:28:22,450][flwr][INFO] - fit progress: (7, 1.696244716644287, {'accuracy': 0.3750999867916107}, 200.4387714159675)
[2025-03-10 00:28:22,450][flwr][DEBUG] - evaluate_round 7: strategy sampled 9 clients (out of 10)
[2025-03-10 00:28:24,109][flwr][DEBUG] - evaluate_round 7 received 9 results and 0 failures
[2025-03-10 00:28:24,109][flwr][DEBUG] - fit_round 8: strategy sampled 9 clients (out of 10)
[2025-03-10 00:28:50,515][flwr][DEBUG] - fit_round 8 received 9 results and 0 failures
[2025-03-10 00:28:51,523][flwr][INFO] - fit progress: (8, 1.653246283531189, {'accuracy': 0.3955000042915344}, 229.5118077909574)
[2025-03-10 00:28:51,523][flwr][DEBUG] - evaluate_round 8: strategy sampled 9 clients (out of 10)
[2025-03-10 00:28:53,138][flwr][DEBUG] - evaluate_round 8 received 9 results and 0 failures
[2025-03-10 00:28:53,138][flwr][DEBUG] - fit_round 9: strategy sampled 9 clients (out of 10)
[2025-03-10 00:29:19,933][flwr][DEBUG] - fit_round 9 received 9 results and 0 failures
[2025-03-10 00:29:21,005][flwr][INFO] - fit progress: (9, 1.6176776885986328, {'accuracy': 0.4138000011444092}, 258.9932076659752)
[2025-03-10 00:29:21,005][flwr][DEBUG] - evaluate_round 9: strategy sampled 9 clients (out of 10)
[2025-03-10 00:29:22,595][flwr][DEBUG] - evaluate_round 9 received 9 results and 0 failures
[2025-03-10 00:29:22,595][flwr][DEBUG] - fit_round 10: strategy sampled 9 clients (out of 10)
[2025-03-10 00:29:49,312][flwr][DEBUG] - fit_round 10 received 9 results and 0 failures
[2025-03-10 00:29:50,337][flwr][INFO] - fit progress: (10, 1.6171274185180664, {'accuracy': 0.3977999985218048}, 288.3255462079542)
[2025-03-10 00:29:50,337][flwr][DEBUG] - evaluate_round 10: strategy sampled 9 clients (out of 10)
[2025-03-10 00:29:52,072][flwr][DEBUG] - evaluate_round 10 received 9 results and 0 failures
[2025-03-10 00:29:52,072][flwr][DEBUG] - fit_round 11: strategy sampled 9 clients (out of 10)
[2025-03-10 00:30:15,161][flwr][DEBUG] - fit_round 11 received 9 results and 0 failures
[2025-03-10 00:30:16,189][flwr][INFO] - fit progress: (11, 1.6328195333480835, {'accuracy': 0.40959998965263367}, 314.1777090409305)
[2025-03-10 00:30:16,190][flwr][DEBUG] - evaluate_round 11: strategy sampled 9 clients (out of 10)
[2025-03-10 00:30:17,829][flwr][DEBUG] - evaluate_round 11 received 9 results and 0 failures
[2025-03-10 00:30:17,829][flwr][DEBUG] - fit_round 12: strategy sampled 9 clients (out of 10)
[2025-03-10 00:30:44,405][flwr][DEBUG] - fit_round 12 received 9 results and 0 failures
[2025-03-10 00:30:45,438][flwr][INFO] - fit progress: (12, 1.5622460842132568, {'accuracy': 0.4302999973297119}, 343.42667766602244)
[2025-03-10 00:30:45,439][flwr][DEBUG] - evaluate_round 12: strategy sampled 9 clients (out of 10)
[2025-03-10 00:30:46,970][flwr][DEBUG] - evaluate_round 12 received 9 results and 0 failures
[2025-03-10 00:30:46,970][flwr][DEBUG] - fit_round 13: strategy sampled 9 clients (out of 10)
[2025-03-10 00:31:14,358][flwr][DEBUG] - fit_round 13 received 9 results and 0 failures
[2025-03-10 00:31:15,369][flwr][INFO] - fit progress: (13, 1.6710278987884521, {'accuracy': 0.39010000228881836}, 373.3576728749322)
[2025-03-10 00:31:15,370][flwr][DEBUG] - evaluate_round 13: strategy sampled 9 clients (out of 10)
[2025-03-10 00:31:17,108][flwr][DEBUG] - evaluate_round 13 received 9 results and 0 failures
[2025-03-10 00:31:17,108][flwr][DEBUG] - fit_round 14: strategy sampled 9 clients (out of 10)
[2025-03-10 00:31:45,774][flwr][DEBUG] - fit_round 14 received 9 results and 0 failures
[2025-03-10 00:31:46,811][flwr][INFO] - fit progress: (14, 1.5026483535766602, {'accuracy': 0.45899999141693115}, 404.79966483300086)
[2025-03-10 00:31:46,812][flwr][DEBUG] - evaluate_round 14: strategy sampled 9 clients (out of 10)
[2025-03-10 00:31:48,511][flwr][DEBUG] - evaluate_round 14 received 9 results and 0 failures
[2025-03-10 00:31:48,511][flwr][DEBUG] - fit_round 15: strategy sampled 9 clients (out of 10)
[2025-03-10 00:32:15,615][flwr][DEBUG] - fit_round 15 received 9 results and 0 failures
[2025-03-10 00:32:16,647][flwr][INFO] - fit progress: (15, 1.4613698720932007, {'accuracy': 0.47940000891685486}, 434.6347397909267)
[2025-03-10 00:32:16,647][flwr][DEBUG] - evaluate_round 15: strategy sampled 9 clients (out of 10)
[2025-03-10 00:32:18,324][flwr][DEBUG] - evaluate_round 15 received 9 results and 0 failures
[2025-03-10 00:32:18,324][flwr][DEBUG] - fit_round 16: strategy sampled 9 clients (out of 10)
[2025-03-10 00:32:46,654][flwr][DEBUG] - fit_round 16 received 9 results and 0 failures
[2025-03-10 00:32:47,690][flwr][INFO] - fit progress: (16, 1.484034776687622, {'accuracy': 0.46540001034736633}, 465.6776417909423)
[2025-03-10 00:32:47,690][flwr][DEBUG] - evaluate_round 16: strategy sampled 9 clients (out of 10)
[2025-03-10 00:32:49,265][flwr][DEBUG] - evaluate_round 16 received 9 results and 0 failures
[2025-03-10 00:32:49,265][flwr][DEBUG] - fit_round 17: strategy sampled 9 clients (out of 10)
[2025-03-10 00:33:15,869][flwr][DEBUG] - fit_round 17 received 9 results and 0 failures
[2025-03-10 00:33:16,912][flwr][INFO] - fit progress: (17, 1.493438720703125, {'accuracy': 0.4593000113964081}, 494.89965774992015)
[2025-03-10 00:33:16,912][flwr][DEBUG] - evaluate_round 17: strategy sampled 9 clients (out of 10)
[2025-03-10 00:33:18,544][flwr][DEBUG] - evaluate_round 17 received 9 results and 0 failures
[2025-03-10 00:33:18,544][flwr][DEBUG] - fit_round 18: strategy sampled 9 clients (out of 10)
[2025-03-10 00:33:45,560][flwr][DEBUG] - fit_round 18 received 9 results and 0 failures
[2025-03-10 00:33:46,600][flwr][INFO] - fit progress: (18, 1.4943550825119019, {'accuracy': 0.4586000144481659}, 524.5877503330121)
[2025-03-10 00:33:46,600][flwr][DEBUG] - evaluate_round 18: strategy sampled 9 clients (out of 10)
[2025-03-10 00:33:48,389][flwr][DEBUG] - evaluate_round 18 received 9 results and 0 failures
[2025-03-10 00:33:48,389][flwr][DEBUG] - fit_round 19: strategy sampled 9 clients (out of 10)
[2025-03-10 00:34:15,278][flwr][DEBUG] - fit_round 19 received 9 results and 0 failures
[2025-03-10 00:34:16,308][flwr][INFO] - fit progress: (19, 1.4709231853485107, {'accuracy': 0.4717999994754791}, 554.2957716659876)
[2025-03-10 00:34:16,308][flwr][DEBUG] - evaluate_round 19: strategy sampled 9 clients (out of 10)
[2025-03-10 00:34:17,902][flwr][DEBUG] - evaluate_round 19 received 9 results and 0 failures
[2025-03-10 00:34:17,902][flwr][DEBUG] - fit_round 20: strategy sampled 9 clients (out of 10)
[2025-03-10 00:34:45,352][flwr][DEBUG] - fit_round 20 received 9 results and 0 failures
[2025-03-10 00:34:46,381][flwr][INFO] - fit progress: (20, 1.4718979597091675, {'accuracy': 0.47360000014305115}, 584.3685174999991)
[2025-03-10 00:34:46,381][flwr][DEBUG] - evaluate_round 20: strategy sampled 9 clients (out of 10)
[2025-03-10 00:34:48,023][flwr][DEBUG] - evaluate_round 20 received 9 results and 0 failures
[2025-03-10 00:34:48,023][flwr][INFO] - FL finished in 586.0108526250115
[2025-03-10 00:34:48,023][flwr][INFO] - app_fit: losses_distributed [(1, 2.3266205194434675), (2, 2.408879815864819), (3, 2.4457534281692843), (4, 2.298937179221833), (5, 1.972537734105163), (6, 1.8126479156658994), (7, 1.7007273576529742), (8, 1.651802339470552), (9, 1.624871450044352), (10, 1.6183208810124652), (11, 1.6360640186978714), (12, 1.5647745053673632), (13, 1.672773537690251), (14, 1.5065748653000577), (15, 1.4671647645303332), (16, 1.4879846519870512), (17, 1.4930448326973345), (18, 1.5076361083691965), (19, 1.4713116331811331), (20, 1.4772056483573226)]
[2025-03-10 00:34:48,023][flwr][INFO] - app_fit: metrics_distributed_fit {'variance_training_loss': [(1, 0.01764569252170784), (2, 0.005586850740720354), (3, 0.003005603282783346), (4, 0.0017226965779511296), (5, 0.0008139990336808099), (6, 0.0007685180845980378), (7, 0.0006331892586810687), (8, 0.0008064067445028191), (9, 0.0007212517669349809), (10, 0.0005471796524562021), (11, 0.000505531356657861), (12, 0.0005945736333568042), (13, 0.00025408804747903445), (14, 0.00033893154779524384), (15, 0.0005830377094093539), (16, 0.0007275293903572017), (17, 0.0007130887088256562), (18, 0.0005612077020006336), (19, 0.0006641382098704817), (20, 0.0005713307361785901)], 'average_training_loss': [(1, 2.1975976626078286), (2, 2.0187219513787165), (3, 1.911942270067003), (4, 1.8365407519870334), (5, 1.784301545884874), (6, 1.7333178652657404), (7, 1.707116511132982), (8, 1.6760853264066908), (9, 1.6562632984585233), (10, 1.6282749705844455), (11, 1.6188524564107258), (12, 1.5891750521130033), (13, 1.5844069851769342), (14, 1.5518530474768744), (15, 1.5461378627353244), (16, 1.5281623601913452), (17, 1.507139801979065), (18, 1.497968938615587), (19, 1.4856444464789496), (20, 1.468552099333869)], 'estimated_times': [(1, [8.821341595488072, 6.2501981501512205, 22.1236683984494, 5.49712563721147, 3.668719735130385, 5.869666711127117, 17.48318793709901, 51.758767535109115, 17.638461557231558]), (2, [5.49712563721147, 6.2501981501512205, 8.821341595488072, 5.869666711127117, 51.758767535109115, 17.638461557231558, 22.1236683984494, 3.668719735130385, 26.53950445014533]), (3, [17.48318793709901, 51.758767535109115, 17.638461557231558, 3.668719735130385, 8.821341595488072, 5.869666711127117, 26.53950445014533, 22.1236683984494, 6.2501981501512205]), (4, [8.821341595488072, 5.869666711127117, 22.1236683984494, 51.758767535109115, 6.2501981501512205, 17.48318793709901, 17.638461557231558, 5.49712563721147, 3.668719735130385]), (5, [3.668719735130385, 5.49712563721147, 22.1236683984494, 5.869666711127117, 17.48318793709901, 26.53950445014533, 8.821341595488072, 6.2501981501512205, 51.758767535109115]), (6, [3.668719735130385, 22.1236683984494, 8.821341595488072, 26.53950445014533, 5.49712563721147, 17.48318793709901, 51.758767535109115, 5.869666711127117, 6.2501981501512205]), (7, [8.821341595488072, 5.869666711127117, 17.48318793709901, 3.668719735130385, 17.638461557231558, 22.1236683984494, 5.49712563721147, 51.758767535109115, 26.53950445014533]), (8, [5.869666711127117, 5.49712563721147, 22.1236683984494, 6.2501981501512205, 17.638461557231558, 51.758767535109115, 3.668719735130385, 26.53950445014533, 8.821341595488072]), (9, [22.1236683984494, 5.49712563721147, 26.53950445014533, 3.668719735130385, 8.821341595488072, 5.869666711127117, 6.2501981501512205, 17.48318793709901, 51.758767535109115]), (10, [5.869666711127117, 5.49712563721147, 3.668719735130385, 8.821341595488072, 26.53950445014533, 6.2501981501512205, 17.638461557231558, 51.758767535109115, 22.1236683984494]), (11, [8.821341595488072, 3.668719735130385, 5.869666711127117, 6.2501981501512205, 17.48318793709901, 22.1236683984494, 17.638461557231558, 5.49712563721147, 26.53950445014533]), (12, [26.53950445014533, 22.1236683984494, 5.49712563721147, 3.668719735130385, 51.758767535109115, 5.869666711127117, 6.2501981501512205, 8.821341595488072, 17.638461557231558]), (13, [5.49712563721147, 5.869666711127117, 3.668719735130385, 17.48318793709901, 6.2501981501512205, 22.1236683984494, 8.821341595488072, 51.758767535109115, 26.53950445014533]), (14, [3.668719735130385, 6.2501981501512205, 5.49712563721147, 17.48318793709901, 5.869666711127117, 51.758767535109115, 26.53950445014533, 22.1236683984494, 17.638461557231558]), (15, [51.758767535109115, 5.869666711127117, 5.49712563721147, 26.53950445014533, 22.1236683984494, 6.2501981501512205, 8.821341595488072, 3.668719735130385, 17.48318793709901]), (16, [51.758767535109115, 17.638461557231558, 26.53950445014533, 8.821341595488072, 17.48318793709901, 5.869666711127117, 22.1236683984494, 6.2501981501512205, 5.49712563721147]), (17, [5.869666711127117, 3.668719735130385, 8.821341595488072, 5.49712563721147, 17.638461557231558, 22.1236683984494, 26.53950445014533, 51.758767535109115, 6.2501981501512205]), (18, [3.668719735130385, 51.758767535109115, 5.869666711127117, 6.2501981501512205, 8.821341595488072, 22.1236683984494, 17.638461557231558, 5.49712563721147, 26.53950445014533]), (19, [6.2501981501512205, 5.49712563721147, 3.668719735130385, 51.758767535109115, 8.821341595488072, 17.48318793709901, 5.869666711127117, 22.1236683984494, 26.53950445014533]), (20, [8.821341595488072, 22.1236683984494, 3.668719735130385, 5.869666711127117, 6.2501981501512205, 17.48318793709901, 26.53950445014533, 17.638461557231558, 51.758767535109115])]}
[2025-03-10 00:34:48,025][flwr][INFO] - app_fit: metrics_distributed {}
[2025-03-10 00:34:48,025][flwr][INFO] - app_fit: losses_centralized [(0, 2.30399227142334), (1, 2.3229801654815674), (2, 2.402719497680664), (3, 2.4258522987365723), (4, 2.272526502609253), (5, 1.953397512435913), (6, 1.808401346206665), (7, 1.696244716644287), (8, 1.653246283531189), (9, 1.6176776885986328), (10, 1.6171274185180664), (11, 1.6328195333480835), (12, 1.5622460842132568), (13, 1.6710278987884521), (14, 1.5026483535766602), (15, 1.4613698720932007), (16, 1.484034776687622), (17, 1.493438720703125), (18, 1.4943550825119019), (19, 1.4709231853485107), (20, 1.4718979597091675)]
[2025-03-10 00:34:48,025][flwr][INFO] - app_fit: metrics_centralized {'accuracy': [(0, 0.09799999743700027), (1, 0.1006999984383583), (2, 0.10000000149011612), (3, 0.10040000081062317), (4, 0.14059999585151672), (5, 0.2702000141143799), (6, 0.3319999873638153), (7, 0.3750999867916107), (8, 0.3955000042915344), (9, 0.4138000011444092), (10, 0.3977999985218048), (11, 0.40959998965263367), (12, 0.4302999973297119), (13, 0.39010000228881836), (14, 0.45899999141693115), (15, 0.47940000891685486), (16, 0.46540001034736633), (17, 0.4593000113964081), (18, 0.4586000144481659), (19, 0.4717999994754791), (20, 0.47360000014305115)]}
