[2025-03-10 23:05:53,634][flwr][INFO] - Starting Flower simulation, config: ServerConfig(num_rounds=20, round_timeout=None)
[2025-03-10 23:05:54,807][flwr][INFO] - Flower VCE: Ray initialized with resources: {'node:127.0.0.1': 1.0, 'memory': 17597228647.0, 'CPU': 8.0, 'object_store_memory': 2147483648.0, 'node:__internal_head__': 1.0}
[2025-03-10 23:05:54,807][flwr][INFO] - Flower VCE: Resources for each Virtual Client: {'num_cpus': 0.5, 'num_gpus': 0}
[2025-03-10 23:05:54,813][flwr][INFO] - Flower VCE: Creating VirtualClientEngineActorPool with 16 actors
[2025-03-10 23:05:54,813][flwr][INFO] - Initializing global parameters
[2025-03-10 23:05:54,813][flwr][INFO] - Requesting initial parameters from one random client
[2025-03-10 23:05:59,993][flwr][INFO] - Received initial parameters from one random client
[2025-03-10 23:05:59,993][flwr][INFO] - Evaluating initial parameters
[2025-03-10 23:06:01,128][flwr][INFO] - initial parameters (loss, other metrics): 2.3050153255462646, {'accuracy': 0.10000000149011612}
[2025-03-10 23:06:01,128][flwr][INFO] - FL starting
[2025-03-10 23:06:03,893][flwr][INFO] - Server 1: selected clients
                ['7', '0', '8', '1', '6', '4', '2', '5', '3', '9'] for first phase evaluation.
[2025-03-10 23:06:03,894][flwr][DEBUG] - evaluate_first_phase 1: strategy sampled 10 clients (out of 10)
[2025-03-10 23:06:05,783][flwr][DEBUG] - evaluate_first_phase of round 1 received 10 results and 0 failures
[2025-03-10 23:06:05,783][flwr][INFO] - Server 1: about to sample 9 clients
[2025-03-10 23:06:05,783][flwr][INFO] - Round 1: selected clients
            ['4', '8', '9', '0', '1', '2', '7', '5', '6'] for fit.
[2025-03-10 23:06:05,783][flwr][DEBUG] - fit_round 1: strategy sampled 9 clients (out of 10)
[2025-03-10 23:06:35,792][flwr][DEBUG] - fit_round 1 received 9 results and 0 failures
[2025-03-10 23:06:36,847][flwr][INFO] - fit progress: (1, 2.350233554840088, {'accuracy': 0.10000000149011612}, 35.71829120791517)
[2025-03-10 23:06:36,847][flwr][DEBUG] - evaluate_round 1: strategy sampled 9 clients (out of 10)
[2025-03-10 23:06:38,750][flwr][DEBUG] - evaluate_round 1 received 9 results and 0 failures
[2025-03-10 23:06:38,750][flwr][WARNING] - No evaluate_metrics_aggregation_fn provided
[2025-03-10 23:06:41,554][flwr][INFO] - Server 2: selected clients
                ['7', '8', '3', '2', '6', '0', '4', '5', '9', '1'] for first phase evaluation.
[2025-03-10 23:06:41,554][flwr][DEBUG] - evaluate_first_phase 2: strategy sampled 10 clients (out of 10)
[2025-03-10 23:06:43,578][flwr][DEBUG] - evaluate_first_phase of round 2 received 10 results and 0 failures
[2025-03-10 23:06:43,578][flwr][INFO] - Server 2: about to sample 9 clients
[2025-03-10 23:06:43,578][flwr][INFO] - Round 2: selected clients
            ['1', '0', '4', '5', '2', '6', '8', '7', '3'] for fit.
[2025-03-10 23:06:43,578][flwr][DEBUG] - fit_round 2: strategy sampled 9 clients (out of 10)
[2025-03-10 23:07:13,074][flwr][DEBUG] - fit_round 2 received 9 results and 0 failures
[2025-03-10 23:07:14,110][flwr][INFO] - fit progress: (2, 2.4075467586517334, {'accuracy': 0.10000000149011612}, 72.98037966701668)
[2025-03-10 23:07:14,110][flwr][DEBUG] - evaluate_round 2: strategy sampled 9 clients (out of 10)
[2025-03-10 23:07:15,956][flwr][DEBUG] - evaluate_round 2 received 9 results and 0 failures
[2025-03-10 23:07:18,663][flwr][INFO] - Server 3: selected clients
                ['4', '7', '0', '9', '8', '5', '2', '6', '1', '3'] for first phase evaluation.
[2025-03-10 23:07:18,663][flwr][DEBUG] - evaluate_first_phase 3: strategy sampled 10 clients (out of 10)
[2025-03-10 23:07:20,432][flwr][DEBUG] - evaluate_first_phase of round 3 received 10 results and 0 failures
[2025-03-10 23:07:20,432][flwr][INFO] - Server 3: about to sample 9 clients
[2025-03-10 23:07:20,432][flwr][INFO] - Round 3: selected clients
            ['4', '7', '0', '5', '3', '1', '6', '8', '2'] for fit.
[2025-03-10 23:07:20,433][flwr][DEBUG] - fit_round 3: strategy sampled 9 clients (out of 10)
[2025-03-10 23:07:50,014][flwr][DEBUG] - fit_round 3 received 9 results and 0 failures
[2025-03-10 23:07:51,043][flwr][INFO] - fit progress: (3, 2.2736313343048096, {'accuracy': 0.11240000277757645}, 109.91296758293174)
[2025-03-10 23:07:51,043][flwr][DEBUG] - evaluate_round 3: strategy sampled 9 clients (out of 10)
[2025-03-10 23:07:52,893][flwr][DEBUG] - evaluate_round 3 received 9 results and 0 failures
[2025-03-10 23:07:55,709][flwr][INFO] - Server 4: selected clients
                ['4', '7', '8', '6', '2', '0', '5', '3', '1', '9'] for first phase evaluation.
[2025-03-10 23:07:55,709][flwr][DEBUG] - evaluate_first_phase 4: strategy sampled 10 clients (out of 10)
[2025-03-10 23:07:57,413][flwr][DEBUG] - evaluate_first_phase of round 4 received 10 results and 0 failures
[2025-03-10 23:07:57,414][flwr][INFO] - Server 4: about to sample 9 clients
[2025-03-10 23:07:57,414][flwr][INFO] - Round 4: selected clients
            ['7', '3', '2', '8', '5', '1', '0', '4', '6'] for fit.
[2025-03-10 23:07:57,414][flwr][DEBUG] - fit_round 4: strategy sampled 9 clients (out of 10)
[2025-03-10 23:08:26,862][flwr][DEBUG] - fit_round 4 received 9 results and 0 failures
[2025-03-10 23:08:27,915][flwr][INFO] - fit progress: (4, 2.004348039627075, {'accuracy': 0.22419999539852142}, 146.7848759579938)
[2025-03-10 23:08:27,915][flwr][DEBUG] - evaluate_round 4: strategy sampled 9 clients (out of 10)
[2025-03-10 23:08:29,759][flwr][DEBUG] - evaluate_round 4 received 9 results and 0 failures
[2025-03-10 23:08:32,550][flwr][INFO] - Server 5: selected clients
                ['6', '3', '5', '1', '4', '2', '0', '7', '9', '8'] for first phase evaluation.
[2025-03-10 23:08:32,550][flwr][DEBUG] - evaluate_first_phase 5: strategy sampled 10 clients (out of 10)
[2025-03-10 23:08:34,287][flwr][DEBUG] - evaluate_first_phase of round 5 received 10 results and 0 failures
[2025-03-10 23:08:34,287][flwr][INFO] - Server 5: about to sample 9 clients
[2025-03-10 23:08:34,287][flwr][INFO] - Round 5: selected clients
            ['4', '0', '8', '6', '5', '2', '3', '1', '7'] for fit.
[2025-03-10 23:08:34,287][flwr][DEBUG] - fit_round 5: strategy sampled 9 clients (out of 10)
[2025-03-10 23:09:03,812][flwr][DEBUG] - fit_round 5 received 9 results and 0 failures
[2025-03-10 23:09:04,861][flwr][INFO] - fit progress: (5, 1.817036747932434, {'accuracy': 0.3497999906539917}, 183.73070991691202)
[2025-03-10 23:09:04,862][flwr][DEBUG] - evaluate_round 5: strategy sampled 9 clients (out of 10)
[2025-03-10 23:09:06,761][flwr][DEBUG] - evaluate_round 5 received 9 results and 0 failures
[2025-03-10 23:09:09,516][flwr][INFO] - Server 6: selected clients
                ['8', '5', '9', '4', '2', '6', '0', '1', '7', '3'] for first phase evaluation.
[2025-03-10 23:09:09,516][flwr][DEBUG] - evaluate_first_phase 6: strategy sampled 10 clients (out of 10)
[2025-03-10 23:09:11,294][flwr][DEBUG] - evaluate_first_phase of round 6 received 10 results and 0 failures
[2025-03-10 23:09:11,295][flwr][INFO] - Server 6: about to sample 9 clients
[2025-03-10 23:09:11,295][flwr][INFO] - Round 6: selected clients
            ['3', '2', '0', '9', '4', '8', '1', '5', '7'] for fit.
[2025-03-10 23:09:11,295][flwr][DEBUG] - fit_round 6: strategy sampled 9 clients (out of 10)
[2025-03-10 23:09:33,574][flwr][DEBUG] - fit_round 6 received 9 results and 0 failures
[2025-03-10 23:09:34,621][flwr][INFO] - fit progress: (6, 1.7559601068496704, {'accuracy': 0.35499998927116394}, 213.4899270000169)
[2025-03-10 23:09:34,621][flwr][DEBUG] - evaluate_round 6: strategy sampled 9 clients (out of 10)
[2025-03-10 23:09:36,343][flwr][DEBUG] - evaluate_round 6 received 9 results and 0 failures
[2025-03-10 23:09:39,077][flwr][INFO] - Server 7: selected clients
                ['2', '1', '0', '5', '8', '3', '9', '4', '6', '7'] for first phase evaluation.
[2025-03-10 23:09:39,078][flwr][DEBUG] - evaluate_first_phase 7: strategy sampled 10 clients (out of 10)
[2025-03-10 23:09:40,791][flwr][DEBUG] - evaluate_first_phase of round 7 received 10 results and 0 failures
[2025-03-10 23:09:40,791][flwr][INFO] - Server 7: about to sample 9 clients
[2025-03-10 23:09:40,791][flwr][INFO] - Round 7: selected clients
            ['0', '9', '4', '8', '5', '3', '2', '7', '6'] for fit.
[2025-03-10 23:09:40,791][flwr][DEBUG] - fit_round 7: strategy sampled 9 clients (out of 10)
[2025-03-10 23:10:06,921][flwr][DEBUG] - fit_round 7 received 9 results and 0 failures
[2025-03-10 23:10:07,977][flwr][INFO] - fit progress: (7, 1.6807953119277954, {'accuracy': 0.41190001368522644}, 246.84544887498487)
[2025-03-10 23:10:07,977][flwr][DEBUG] - evaluate_round 7: strategy sampled 9 clients (out of 10)
[2025-03-10 23:10:09,569][flwr][DEBUG] - evaluate_round 7 received 9 results and 0 failures
[2025-03-10 23:10:12,378][flwr][INFO] - Server 8: selected clients
                ['8', '9', '6', '3', '0', '1', '4', '5', '7', '2'] for first phase evaluation.
[2025-03-10 23:10:12,378][flwr][DEBUG] - evaluate_first_phase 8: strategy sampled 10 clients (out of 10)
[2025-03-10 23:10:14,166][flwr][DEBUG] - evaluate_first_phase of round 8 received 10 results and 0 failures
[2025-03-10 23:10:14,166][flwr][INFO] - Server 8: about to sample 9 clients
[2025-03-10 23:10:14,167][flwr][INFO] - Round 8: selected clients
            ['0', '6', '9', '7', '4', '5', '3', '8', '2'] for fit.
[2025-03-10 23:10:14,167][flwr][DEBUG] - fit_round 8: strategy sampled 9 clients (out of 10)
[2025-03-10 23:10:40,426][flwr][DEBUG] - fit_round 8 received 9 results and 0 failures
[2025-03-10 23:10:41,479][flwr][INFO] - fit progress: (8, 1.6871702671051025, {'accuracy': 0.39800000190734863}, 280.3473248749506)
[2025-03-10 23:10:41,479][flwr][DEBUG] - evaluate_round 8: strategy sampled 9 clients (out of 10)
[2025-03-10 23:10:43,282][flwr][DEBUG] - evaluate_round 8 received 9 results and 0 failures
[2025-03-10 23:10:46,028][flwr][INFO] - Server 9: selected clients
                ['2', '0', '4', '7', '1', '5', '3', '9', '6', '8'] for first phase evaluation.
[2025-03-10 23:10:46,028][flwr][DEBUG] - evaluate_first_phase 9: strategy sampled 10 clients (out of 10)
[2025-03-10 23:10:47,852][flwr][DEBUG] - evaluate_first_phase of round 9 received 10 results and 0 failures
[2025-03-10 23:10:47,853][flwr][INFO] - Server 9: about to sample 9 clients
[2025-03-10 23:10:47,853][flwr][INFO] - Round 9: selected clients
            ['5', '4', '6', '7', '9', '2', '3', '1', '0'] for fit.
[2025-03-10 23:10:47,854][flwr][DEBUG] - fit_round 9: strategy sampled 9 clients (out of 10)
[2025-03-10 23:11:14,559][flwr][DEBUG] - fit_round 9 received 9 results and 0 failures
[2025-03-10 23:11:15,594][flwr][INFO] - fit progress: (9, 1.6320428848266602, {'accuracy': 0.38999998569488525}, 314.46165520790964)
[2025-03-10 23:11:15,594][flwr][DEBUG] - evaluate_round 9: strategy sampled 9 clients (out of 10)
[2025-03-10 23:11:17,307][flwr][DEBUG] - evaluate_round 9 received 9 results and 0 failures
[2025-03-10 23:11:20,134][flwr][INFO] - Server 10: selected clients
                ['1', '5', '4', '7', '6', '9', '0', '8', '2', '3'] for first phase evaluation.
[2025-03-10 23:11:20,134][flwr][DEBUG] - evaluate_first_phase 10: strategy sampled 10 clients (out of 10)
[2025-03-10 23:11:21,894][flwr][DEBUG] - evaluate_first_phase of round 10 received 10 results and 0 failures
[2025-03-10 23:11:21,894][flwr][INFO] - Server 10: about to sample 9 clients
[2025-03-10 23:11:21,895][flwr][INFO] - Round 10: selected clients
            ['2', '9', '0', '7', '1', '3', '4', '5', '8'] for fit.
[2025-03-10 23:11:21,895][flwr][DEBUG] - fit_round 10: strategy sampled 9 clients (out of 10)
[2025-03-10 23:11:44,386][flwr][DEBUG] - fit_round 10 received 9 results and 0 failures
[2025-03-10 23:11:45,449][flwr][INFO] - fit progress: (10, 1.6315925121307373, {'accuracy': 0.4034000039100647}, 344.3163496250054)
[2025-03-10 23:11:45,449][flwr][DEBUG] - evaluate_round 10: strategy sampled 9 clients (out of 10)
[2025-03-10 23:11:47,229][flwr][DEBUG] - evaluate_round 10 received 9 results and 0 failures
[2025-03-10 23:11:50,035][flwr][INFO] - Server 11: selected clients
                ['0', '4', '7', '1', '6', '9', '2', '3', '8', '5'] for first phase evaluation.
[2025-03-10 23:11:50,035][flwr][DEBUG] - evaluate_first_phase 11: strategy sampled 10 clients (out of 10)
[2025-03-10 23:11:51,802][flwr][DEBUG] - evaluate_first_phase of round 11 received 10 results and 0 failures
[2025-03-10 23:11:51,803][flwr][INFO] - Server 11: about to sample 9 clients
[2025-03-10 23:11:51,803][flwr][INFO] - Round 11: selected clients
            ['2', '0', '3', '1', '9', '5', '6', '4', '7'] for fit.
[2025-03-10 23:11:51,804][flwr][DEBUG] - fit_round 11: strategy sampled 9 clients (out of 10)
[2025-03-10 23:12:18,796][flwr][DEBUG] - fit_round 11 received 9 results and 0 failures
[2025-03-10 23:12:19,826][flwr][INFO] - fit progress: (11, 1.6111820936203003, {'accuracy': 0.3995000123977661}, 378.69259404193144)
[2025-03-10 23:12:19,826][flwr][DEBUG] - evaluate_round 11: strategy sampled 9 clients (out of 10)
[2025-03-10 23:12:21,507][flwr][DEBUG] - evaluate_round 11 received 9 results and 0 failures
[2025-03-10 23:12:24,326][flwr][INFO] - Server 12: selected clients
                ['1', '6', '7', '8', '4', '9', '3', '2', '5', '0'] for first phase evaluation.
[2025-03-10 23:12:24,326][flwr][DEBUG] - evaluate_first_phase 12: strategy sampled 10 clients (out of 10)
[2025-03-10 23:12:26,136][flwr][DEBUG] - evaluate_first_phase of round 12 received 10 results and 0 failures
[2025-03-10 23:12:26,136][flwr][INFO] - Server 12: about to sample 9 clients
[2025-03-10 23:12:26,136][flwr][INFO] - Round 12: selected clients
            ['3', '5', '1', '7', '2', '0', '9', '4', '8'] for fit.
[2025-03-10 23:12:26,136][flwr][DEBUG] - fit_round 12: strategy sampled 9 clients (out of 10)
[2025-03-10 23:12:48,487][flwr][DEBUG] - fit_round 12 received 9 results and 0 failures
[2025-03-10 23:12:49,543][flwr][INFO] - fit progress: (12, 1.6354115009307861, {'accuracy': 0.38850000500679016}, 408.40958320791833)
[2025-03-10 23:12:49,543][flwr][DEBUG] - evaluate_round 12: strategy sampled 9 clients (out of 10)
[2025-03-10 23:12:51,182][flwr][DEBUG] - evaluate_round 12 received 9 results and 0 failures
[2025-03-10 23:12:53,932][flwr][INFO] - Server 13: selected clients
                ['8', '6', '5', '2', '0', '9', '1', '4', '7', '3'] for first phase evaluation.
[2025-03-10 23:12:53,932][flwr][DEBUG] - evaluate_first_phase 13: strategy sampled 10 clients (out of 10)
[2025-03-10 23:12:55,640][flwr][DEBUG] - evaluate_first_phase of round 13 received 10 results and 0 failures
[2025-03-10 23:12:55,640][flwr][INFO] - Server 13: about to sample 9 clients
[2025-03-10 23:12:55,640][flwr][INFO] - Round 13: selected clients
            ['5', '0', '2', '6', '8', '9', '7', '4', '3'] for fit.
[2025-03-10 23:12:55,640][flwr][DEBUG] - fit_round 13: strategy sampled 9 clients (out of 10)
[2025-03-10 23:13:21,869][flwr][DEBUG] - fit_round 13 received 9 results and 0 failures
[2025-03-10 23:13:22,920][flwr][INFO] - fit progress: (13, 1.557478904724121, {'accuracy': 0.43959999084472656}, 441.7858621670166)
[2025-03-10 23:13:22,920][flwr][DEBUG] - evaluate_round 13: strategy sampled 9 clients (out of 10)
[2025-03-10 23:13:24,598][flwr][DEBUG] - evaluate_round 13 received 9 results and 0 failures
[2025-03-10 23:13:27,406][flwr][INFO] - Server 14: selected clients
                ['8', '4', '2', '6', '9', '3', '0', '5', '7', '1'] for first phase evaluation.
[2025-03-10 23:13:27,406][flwr][DEBUG] - evaluate_first_phase 14: strategy sampled 10 clients (out of 10)
[2025-03-10 23:13:29,133][flwr][DEBUG] - evaluate_first_phase of round 14 received 10 results and 0 failures
[2025-03-10 23:13:29,135][flwr][INFO] - Server 14: about to sample 9 clients
[2025-03-10 23:13:29,135][flwr][INFO] - Round 14: selected clients
            ['1', '7', '6', '4', '9', '3', '5', '2', '8'] for fit.
[2025-03-10 23:13:29,135][flwr][DEBUG] - fit_round 14: strategy sampled 9 clients (out of 10)
[2025-03-10 23:13:55,300][flwr][DEBUG] - fit_round 14 received 9 results and 0 failures
[2025-03-10 23:13:56,340][flwr][INFO] - fit progress: (14, 1.5946983098983765, {'accuracy': 0.4203000068664551}, 475.20619295793585)
[2025-03-10 23:13:56,341][flwr][DEBUG] - evaluate_round 14: strategy sampled 9 clients (out of 10)
[2025-03-10 23:13:58,194][flwr][DEBUG] - evaluate_round 14 received 9 results and 0 failures
[2025-03-10 23:14:00,984][flwr][INFO] - Server 15: selected clients
                ['8', '5', '9', '7', '2', '6', '4', '1', '3', '0'] for first phase evaluation.
[2025-03-10 23:14:00,984][flwr][DEBUG] - evaluate_first_phase 15: strategy sampled 10 clients (out of 10)
[2025-03-10 23:14:02,685][flwr][DEBUG] - evaluate_first_phase of round 15 received 10 results and 0 failures
[2025-03-10 23:14:02,685][flwr][INFO] - Server 15: about to sample 9 clients
[2025-03-10 23:14:02,685][flwr][INFO] - Round 15: selected clients
            ['3', '7', '9', '0', '4', '5', '6', '2', '8'] for fit.
[2025-03-10 23:14:02,685][flwr][DEBUG] - fit_round 15: strategy sampled 9 clients (out of 10)
[2025-03-10 23:14:28,881][flwr][DEBUG] - fit_round 15 received 9 results and 0 failures
[2025-03-10 23:14:29,936][flwr][INFO] - fit progress: (15, 1.5651625394821167, {'accuracy': 0.44350001215934753}, 508.80087329191156)
[2025-03-10 23:14:29,936][flwr][DEBUG] - evaluate_round 15: strategy sampled 9 clients (out of 10)
[2025-03-10 23:14:31,697][flwr][DEBUG] - evaluate_round 15 received 9 results and 0 failures
[2025-03-10 23:14:34,526][flwr][INFO] - Server 16: selected clients
                ['1', '0', '9', '3', '8', '2', '5', '6', '7', '4'] for first phase evaluation.
[2025-03-10 23:14:34,526][flwr][DEBUG] - evaluate_first_phase 16: strategy sampled 10 clients (out of 10)
[2025-03-10 23:14:36,337][flwr][DEBUG] - evaluate_first_phase of round 16 received 10 results and 0 failures
[2025-03-10 23:14:36,338][flwr][INFO] - Server 16: about to sample 9 clients
[2025-03-10 23:14:36,338][flwr][INFO] - Round 16: selected clients
            ['7', '9', '5', '6', '0', '2', '4', '8', '3'] for fit.
[2025-03-10 23:14:36,338][flwr][DEBUG] - fit_round 16: strategy sampled 9 clients (out of 10)
[2025-03-10 23:15:02,774][flwr][DEBUG] - fit_round 16 received 9 results and 0 failures
[2025-03-10 23:15:03,828][flwr][INFO] - fit progress: (16, 1.4779448509216309, {'accuracy': 0.47369998693466187}, 542.6928404999198)
[2025-03-10 23:15:03,828][flwr][DEBUG] - evaluate_round 16: strategy sampled 9 clients (out of 10)
[2025-03-10 23:15:05,524][flwr][DEBUG] - evaluate_round 16 received 9 results and 0 failures
[2025-03-10 23:15:08,355][flwr][INFO] - Server 17: selected clients
                ['9', '1', '3', '7', '4', '0', '2', '8', '5', '6'] for first phase evaluation.
[2025-03-10 23:15:08,355][flwr][DEBUG] - evaluate_first_phase 17: strategy sampled 10 clients (out of 10)
[2025-03-10 23:15:10,104][flwr][DEBUG] - evaluate_first_phase of round 17 received 10 results and 0 failures
[2025-03-10 23:15:10,104][flwr][INFO] - Server 17: about to sample 9 clients
[2025-03-10 23:15:10,104][flwr][INFO] - Round 17: selected clients
            ['4', '7', '0', '9', '3', '2', '5', '6', '8'] for fit.
[2025-03-10 23:15:10,104][flwr][DEBUG] - fit_round 17: strategy sampled 9 clients (out of 10)
[2025-03-10 23:15:36,650][flwr][DEBUG] - fit_round 17 received 9 results and 0 failures
[2025-03-10 23:15:37,690][flwr][INFO] - fit progress: (17, 1.4912350177764893, {'accuracy': 0.46790000796318054}, 576.5543365000049)
[2025-03-10 23:15:37,690][flwr][DEBUG] - evaluate_round 17: strategy sampled 9 clients (out of 10)
[2025-03-10 23:15:39,275][flwr][DEBUG] - evaluate_round 17 received 9 results and 0 failures
[2025-03-10 23:15:42,119][flwr][INFO] - Server 18: selected clients
                ['2', '3', '6', '1', '0', '9', '8', '5', '7', '4'] for first phase evaluation.
[2025-03-10 23:15:42,120][flwr][DEBUG] - evaluate_first_phase 18: strategy sampled 10 clients (out of 10)
[2025-03-10 23:15:43,871][flwr][DEBUG] - evaluate_first_phase of round 18 received 10 results and 0 failures
[2025-03-10 23:15:43,872][flwr][INFO] - Server 18: about to sample 9 clients
[2025-03-10 23:15:43,872][flwr][INFO] - Round 18: selected clients
            ['5', '2', '8', '0', '9', '1', '7', '4', '6'] for fit.
[2025-03-10 23:15:43,872][flwr][DEBUG] - fit_round 18: strategy sampled 9 clients (out of 10)
[2025-03-10 23:16:14,310][flwr][DEBUG] - fit_round 18 received 9 results and 0 failures
[2025-03-10 23:16:15,363][flwr][INFO] - fit progress: (18, 1.465590476989746, {'accuracy': 0.4666999876499176}, 614.22741545795)
[2025-03-10 23:16:15,363][flwr][DEBUG] - evaluate_round 18: strategy sampled 9 clients (out of 10)
[2025-03-10 23:16:17,250][flwr][DEBUG] - evaluate_round 18 received 9 results and 0 failures
[2025-03-10 23:16:19,990][flwr][INFO] - Server 19: selected clients
                ['2', '3', '0', '6', '1', '8', '7', '5', '9', '4'] for first phase evaluation.
[2025-03-10 23:16:19,991][flwr][DEBUG] - evaluate_first_phase 19: strategy sampled 10 clients (out of 10)
[2025-03-10 23:16:21,790][flwr][DEBUG] - evaluate_first_phase of round 19 received 10 results and 0 failures
[2025-03-10 23:16:21,790][flwr][INFO] - Server 19: about to sample 9 clients
[2025-03-10 23:16:21,791][flwr][INFO] - Round 19: selected clients
            ['7', '3', '6', '1', '9', '8', '4', '2', '5'] for fit.
[2025-03-10 23:16:21,791][flwr][DEBUG] - fit_round 19: strategy sampled 9 clients (out of 10)
[2025-03-10 23:16:48,008][flwr][DEBUG] - fit_round 19 received 9 results and 0 failures
[2025-03-10 23:16:49,050][flwr][INFO] - fit progress: (19, 1.4993081092834473, {'accuracy': 0.4503999948501587}, 647.9135650829412)
[2025-03-10 23:16:49,050][flwr][DEBUG] - evaluate_round 19: strategy sampled 9 clients (out of 10)
[2025-03-10 23:16:50,790][flwr][DEBUG] - evaluate_round 19 received 9 results and 0 failures
[2025-03-10 23:16:53,632][flwr][INFO] - Server 20: selected clients
                ['4', '7', '1', '6', '3', '0', '9', '8', '2', '5'] for first phase evaluation.
[2025-03-10 23:16:53,632][flwr][DEBUG] - evaluate_first_phase 20: strategy sampled 10 clients (out of 10)
[2025-03-10 23:16:55,457][flwr][DEBUG] - evaluate_first_phase of round 20 received 10 results and 0 failures
[2025-03-10 23:16:55,457][flwr][INFO] - Server 20: about to sample 9 clients
[2025-03-10 23:16:55,457][flwr][INFO] - Round 20: selected clients
            ['4', '0', '2', '9', '6', '3', '7', '8', '5'] for fit.
[2025-03-10 23:16:55,457][flwr][DEBUG] - fit_round 20: strategy sampled 9 clients (out of 10)
[2025-03-10 23:17:21,966][flwr][DEBUG] - fit_round 20 received 9 results and 0 failures
[2025-03-10 23:17:23,012][flwr][INFO] - fit progress: (20, 1.4373456239700317, {'accuracy': 0.4936000108718872}, 681.8751407919917)
[2025-03-10 23:17:23,012][flwr][DEBUG] - evaluate_round 20: strategy sampled 9 clients (out of 10)
[2025-03-10 23:17:24,571][flwr][DEBUG] - evaluate_round 20 received 9 results and 0 failures
[2025-03-10 23:17:24,571][flwr][INFO] - FL finished in 683.4339513329323
[2025-03-10 23:17:24,571][flwr][INFO] - app_fit: losses_distributed [(1, 2.327461009765064), (2, 2.400122817393034), (3, 2.2710162581569024), (4, 2.009451548290875), (5, 1.8252883041566192), (6, 1.6900379572339908), (7, 1.707385510383266), (8, 1.72340778171426), (9, 1.6082084645727635), (10, 1.5996523984448465), (11, 1.554194054631934), (12, 1.5519219693057762), (13, 1.5354710685144557), (14, 1.6030975775878118), (15, 1.6210780476579572), (16, 1.503777704675599), (17, 1.4655294019987088), (18, 1.4626364081966297), (19, 1.5211488445893195), (20, 1.4260266099235799)]
[2025-03-10 23:17:24,571][flwr][INFO] - app_fit: metrics_distributed_fit {'variance_training_loss': [(1, 0.20703571314113056), (2, 0.17385536319428294), (3, 0.16028050821794762), (4, 0.1479166354251026), (5, 0.13460374161612057), (6, 0.2336902437827598), (7, 0.32644928240031945), (8, 0.2359007639410171), (9, 0.20291876108025608), (10, 0.19972462185636447), (11, 0.27700274833634425), (12, 0.21071697111771628), (13, 0.25940200129248503), (14, 0.19473375178820312), (15, 0.2048228624337648), (16, 0.18909285306800344), (17, 0.1678251121986403), (18, 0.10741160833574298), (19, 0.16976142480540476), (20, 0.20964321738622907)], 'average_training_loss': [(1, 1.2606423894564311), (2, 1.4225694470935397), (3, 1.346956815984514), (4, 1.2970089581277635), (5, 1.2606921527120802), (6, 1.115940476457278), (7, 1.1506888651185565), (8, 1.0926756378677156), (9, 1.12586733367708), (10, 1.0473589665359921), (11, 1.1319890999131732), (12, 1.0353676246272192), (13, 1.049538016319275), (14, 0.9822949883010652), (15, 1.011804433332549), (16, 0.9965325792630514), (17, 0.9715334905518426), (18, 0.8904432091448042), (19, 0.9377238932583067), (20, 0.9743104957871966)], 'estimated_times': [(1, [27.62747376906085, 5.498119026431734, 21.737210333299004, 9.141392392672934, 17.863045626891548, 11.957278741894529, 2.18106300109851, 9.80498370667578, 11.283652246609062]), (2, [5.498119026431734, 9.141392392672934, 11.283652246609062, 9.80498370667578, 27.62747376906085, 11.957278741894529, 21.737210333299004, 0.26942627661742075, 17.863045626891548]), (3, [9.80498370667578, 11.283652246609062, 11.957278741894529, 21.737210333299004, 9.141392392672934, 5.498119026431734, 27.62747376906085, 17.863045626891548, 0.26942627661742075]), (4, [5.498119026431734, 0.26942627661742075, 27.62747376906085, 9.141392392672934, 9.80498370667578, 21.737210333299004, 17.863045626891548, 11.283652246609062, 11.957278741894529]), (5, [17.863045626891548, 11.957278741894529, 11.283652246609062, 9.80498370667578, 9.141392392672934, 27.62747376906085, 21.737210333299004, 0.26942627661742075, 5.498119026431734]), (6, [5.498119026431734, 2.18106300109851, 17.863045626891548, 0.26942627661742075, 11.283652246609062, 11.957278741894529, 9.80498370667578, 21.737210333299004, 9.141392392672934]), (7, [0.26942627661742075, 2.18106300109851, 5.498119026431734, 17.863045626891548, 11.957278741894529, 21.737210333299004, 27.62747376906085, 11.283652246609062, 9.141392392672934]), (8, [21.737210333299004, 2.18106300109851, 17.863045626891548, 11.957278741894529, 5.498119026431734, 11.283652246609062, 27.62747376906085, 9.141392392672934, 0.26942627661742075]), (9, [2.18106300109851, 9.141392392672934, 21.737210333299004, 17.863045626891548, 5.498119026431734, 9.80498370667578, 11.957278741894529, 27.62747376906085, 0.26942627661742075]), (10, [2.18106300109851, 5.498119026431734, 11.957278741894529, 21.737210333299004, 9.80498370667578, 17.863045626891548, 9.141392392672934, 0.26942627661742075, 11.283652246609062]), (11, [5.498119026431734, 21.737210333299004, 9.141392392672934, 0.26942627661742075, 2.18106300109851, 27.62747376906085, 11.957278741894529, 9.80498370667578, 17.863045626891548]), (12, [11.957278741894529, 9.141392392672934, 9.80498370667578, 21.737210333299004, 11.283652246609062, 0.26942627661742075, 5.498119026431734, 17.863045626891548, 2.18106300109851]), (13, [11.283652246609062, 11.957278741894529, 9.141392392672934, 27.62747376906085, 0.26942627661742075, 17.863045626891548, 2.18106300109851, 21.737210333299004, 5.498119026431734]), (14, [9.141392392672934, 27.62747376906085, 11.283652246609062, 2.18106300109851, 5.498119026431734, 9.80498370667578, 21.737210333299004, 0.26942627661742075, 11.957278741894529]), (15, [21.737210333299004, 11.957278741894529, 9.141392392672934, 2.18106300109851, 0.26942627661742075, 17.863045626891548, 27.62747376906085, 5.498119026431734, 11.283652246609062]), (16, [2.18106300109851, 9.141392392672934, 27.62747376906085, 0.26942627661742075, 17.863045626891548, 11.283652246609062, 21.737210333299004, 5.498119026431734, 11.957278741894529]), (17, [17.863045626891548, 5.498119026431734, 11.283652246609062, 21.737210333299004, 0.26942627661742075, 27.62747376906085, 11.957278741894529, 2.18106300109851, 9.141392392672934]), (18, [2.18106300109851, 21.737210333299004, 11.283652246609062, 27.62747376906085, 17.863045626891548, 9.141392392672934, 11.957278741894529, 9.80498370667578, 5.498119026431734]), (19, [9.80498370667578, 21.737210333299004, 9.141392392672934, 2.18106300109851, 5.498119026431734, 0.26942627661742075, 27.62747376906085, 11.957278741894529, 11.283652246609062]), (20, [27.62747376906085, 5.498119026431734, 0.26942627661742075, 21.737210333299004, 17.863045626891548, 11.957278741894529, 2.18106300109851, 11.283652246609062, 9.141392392672934])]}
[2025-03-10 23:17:24,573][flwr][INFO] - app_fit: metrics_distributed {}
[2025-03-10 23:17:24,573][flwr][INFO] - app_fit: losses_centralized [(0, 2.3050153255462646), (1, 2.350233554840088), (2, 2.4075467586517334), (3, 2.2736313343048096), (4, 2.004348039627075), (5, 1.817036747932434), (6, 1.7559601068496704), (7, 1.6807953119277954), (8, 1.6871702671051025), (9, 1.6320428848266602), (10, 1.6315925121307373), (11, 1.6111820936203003), (12, 1.6354115009307861), (13, 1.557478904724121), (14, 1.5946983098983765), (15, 1.5651625394821167), (16, 1.4779448509216309), (17, 1.4912350177764893), (18, 1.465590476989746), (19, 1.4993081092834473), (20, 1.4373456239700317)]
[2025-03-10 23:17:24,573][flwr][INFO] - app_fit: metrics_centralized {'accuracy': [(0, 0.10000000149011612), (1, 0.10000000149011612), (2, 0.10000000149011612), (3, 0.11240000277757645), (4, 0.22419999539852142), (5, 0.3497999906539917), (6, 0.35499998927116394), (7, 0.41190001368522644), (8, 0.39800000190734863), (9, 0.38999998569488525), (10, 0.4034000039100647), (11, 0.3995000123977661), (12, 0.38850000500679016), (13, 0.43959999084472656), (14, 0.4203000068664551), (15, 0.44350001215934753), (16, 0.47369998693466187), (17, 0.46790000796318054), (18, 0.4666999876499176), (19, 0.4503999948501587), (20, 0.4936000108718872)]}
