[2025-03-10 21:20:51,745][flwr][INFO] - Using FedAvg strategy
[2025-03-10 21:20:51,745][flwr][INFO] - Starting Flower simulation, config: ServerConfig(num_rounds=20, round_timeout=None)
[2025-03-10 21:20:52,894][flwr][INFO] - Flower VCE: Ray initialized with resources: {'memory': 16774822298.0, 'CPU': 8.0, 'node:127.0.0.1': 1.0, 'object_store_memory': 2147483648.0, 'node:__internal_head__': 1.0}
[2025-03-10 21:20:52,894][flwr][INFO] - Flower VCE: Resources for each Virtual Client: {'num_cpus': 0.5, 'num_gpus': 0}
[2025-03-10 21:20:52,900][flwr][INFO] - Flower VCE: Creating VirtualClientEngineActorPool with 16 actors
[2025-03-10 21:20:52,900][flwr][INFO] - Initializing global parameters
[2025-03-10 21:20:52,900][flwr][INFO] - Requesting initial parameters from one random client
[2025-03-10 21:20:58,119][flwr][INFO] - Received initial parameters from one random client
[2025-03-10 21:20:58,119][flwr][INFO] - Evaluating initial parameters
[2025-03-10 21:20:59,250][flwr][INFO] - initial parameters (loss, other metrics): 2.303311824798584, {'accuracy': 0.10300000011920929}
[2025-03-10 21:20:59,250][flwr][INFO] - FL starting
[2025-03-10 21:20:59,250][flwr][DEBUG] - fit_round 1: strategy sampled 9 clients (out of 10)
[2025-03-10 21:21:52,684][flwr][DEBUG] - fit_round 1 received 9 results and 0 failures
[2025-03-10 21:21:53,723][flwr][INFO] - fit progress: (1, 2.2925333976745605, {'accuracy': 0.11429999768733978}, 54.473364708945155)
[2025-03-10 21:21:53,723][flwr][DEBUG] - evaluate_round 1: strategy sampled 9 clients (out of 10)
[2025-03-10 21:21:55,377][flwr][DEBUG] - evaluate_round 1 received 9 results and 0 failures
[2025-03-10 21:21:55,377][flwr][WARNING] - No evaluate_metrics_aggregation_fn provided
[2025-03-10 21:21:55,378][flwr][DEBUG] - fit_round 2: strategy sampled 9 clients (out of 10)
[2025-03-10 21:22:47,935][flwr][DEBUG] - fit_round 2 received 9 results and 0 failures
[2025-03-10 21:22:48,961][flwr][INFO] - fit progress: (2, 1.77205228805542, {'accuracy': 0.32499998807907104}, 109.71253329201136)
[2025-03-10 21:22:48,961][flwr][DEBUG] - evaluate_round 2: strategy sampled 9 clients (out of 10)
[2025-03-10 21:22:50,846][flwr][DEBUG] - evaluate_round 2 received 9 results and 0 failures
[2025-03-10 21:22:50,846][flwr][DEBUG] - fit_round 3: strategy sampled 9 clients (out of 10)
[2025-03-10 21:23:45,079][flwr][DEBUG] - fit_round 3 received 9 results and 0 failures
[2025-03-10 21:23:46,103][flwr][INFO] - fit progress: (3, 1.6482734680175781, {'accuracy': 0.38100001215934753}, 166.85446929198224)
[2025-03-10 21:23:46,103][flwr][DEBUG] - evaluate_round 3: strategy sampled 9 clients (out of 10)
[2025-03-10 21:23:47,851][flwr][DEBUG] - evaluate_round 3 received 9 results and 0 failures
[2025-03-10 21:23:47,851][flwr][DEBUG] - fit_round 4: strategy sampled 9 clients (out of 10)
[2025-03-10 21:24:33,895][flwr][DEBUG] - fit_round 4 received 9 results and 0 failures
[2025-03-10 21:24:34,908][flwr][INFO] - fit progress: (4, 1.6437122821807861, {'accuracy': 0.3882000148296356}, 215.65997466701083)
[2025-03-10 21:24:34,908][flwr][DEBUG] - evaluate_round 4: strategy sampled 9 clients (out of 10)
[2025-03-10 21:24:36,769][flwr][DEBUG] - evaluate_round 4 received 9 results and 0 failures
[2025-03-10 21:24:36,769][flwr][DEBUG] - fit_round 5: strategy sampled 9 clients (out of 10)
[2025-03-10 21:25:29,576][flwr][DEBUG] - fit_round 5 received 9 results and 0 failures
[2025-03-10 21:25:30,603][flwr][INFO] - fit progress: (5, 1.4652520418167114, {'accuracy': 0.45969998836517334}, 271.3555156670045)
[2025-03-10 21:25:30,603][flwr][DEBUG] - evaluate_round 5: strategy sampled 9 clients (out of 10)
[2025-03-10 21:25:32,202][flwr][DEBUG] - evaluate_round 5 received 9 results and 0 failures
[2025-03-10 21:25:32,203][flwr][DEBUG] - fit_round 6: strategy sampled 9 clients (out of 10)
[2025-03-10 21:26:21,258][flwr][DEBUG] - fit_round 6 received 9 results and 0 failures
[2025-03-10 21:26:22,277][flwr][INFO] - fit progress: (6, 1.5593619346618652, {'accuracy': 0.4226999878883362}, 323.0303391669877)
[2025-03-10 21:26:22,278][flwr][DEBUG] - evaluate_round 6: strategy sampled 9 clients (out of 10)
[2025-03-10 21:26:23,905][flwr][DEBUG] - evaluate_round 6 received 9 results and 0 failures
[2025-03-10 21:26:23,906][flwr][DEBUG] - fit_round 7: strategy sampled 9 clients (out of 10)
[2025-03-10 21:27:48,626][flwr][DEBUG] - fit_round 7 received 9 results and 0 failures
[2025-03-10 21:27:49,655][flwr][INFO] - fit progress: (7, 1.415587067604065, {'accuracy': 0.4603999853134155}, 410.40816520899534)
[2025-03-10 21:27:49,655][flwr][DEBUG] - evaluate_round 7: strategy sampled 9 clients (out of 10)
[2025-03-10 21:27:51,582][flwr][DEBUG] - evaluate_round 7 received 9 results and 0 failures
[2025-03-10 21:27:51,583][flwr][DEBUG] - fit_round 8: strategy sampled 9 clients (out of 10)
[2025-03-10 21:28:44,593][flwr][DEBUG] - fit_round 8 received 9 results and 0 failures
[2025-03-10 21:28:45,607][flwr][INFO] - fit progress: (8, 1.3203662633895874, {'accuracy': 0.5138000249862671}, 466.3606246249983)
[2025-03-10 21:28:45,607][flwr][DEBUG] - evaluate_round 8: strategy sampled 9 clients (out of 10)
[2025-03-10 21:28:47,293][flwr][DEBUG] - evaluate_round 8 received 9 results and 0 failures
[2025-03-10 21:28:47,293][flwr][DEBUG] - fit_round 9: strategy sampled 9 clients (out of 10)
[2025-03-10 21:29:43,028][flwr][DEBUG] - fit_round 9 received 9 results and 0 failures
[2025-03-10 21:29:44,039][flwr][INFO] - fit progress: (9, 1.2941060066223145, {'accuracy': 0.5390999913215637}, 524.7934416249627)
[2025-03-10 21:29:44,039][flwr][DEBUG] - evaluate_round 9: strategy sampled 9 clients (out of 10)
[2025-03-10 21:29:45,904][flwr][DEBUG] - evaluate_round 9 received 9 results and 0 failures
[2025-03-10 21:29:45,904][flwr][DEBUG] - fit_round 10: strategy sampled 9 clients (out of 10)
[2025-03-10 21:30:36,849][flwr][DEBUG] - fit_round 10 received 9 results and 0 failures
[2025-03-10 21:30:37,861][flwr][INFO] - fit progress: (10, 1.253050446510315, {'accuracy': 0.5422000288963318}, 578.6159320839215)
[2025-03-10 21:30:37,861][flwr][DEBUG] - evaluate_round 10: strategy sampled 9 clients (out of 10)
[2025-03-10 21:30:39,729][flwr][DEBUG] - evaluate_round 10 received 9 results and 0 failures
[2025-03-10 21:30:39,729][flwr][DEBUG] - fit_round 11: strategy sampled 9 clients (out of 10)
[2025-03-10 21:31:31,712][flwr][DEBUG] - fit_round 11 received 9 results and 0 failures
[2025-03-10 21:31:32,713][flwr][INFO] - fit progress: (11, 1.2227814197540283, {'accuracy': 0.5544000267982483}, 633.4683536669472)
[2025-03-10 21:31:32,713][flwr][DEBUG] - evaluate_round 11: strategy sampled 9 clients (out of 10)
[2025-03-10 21:31:34,438][flwr][DEBUG] - evaluate_round 11 received 9 results and 0 failures
[2025-03-10 21:31:34,438][flwr][DEBUG] - fit_round 12: strategy sampled 9 clients (out of 10)
[2025-03-10 21:32:25,612][flwr][DEBUG] - fit_round 12 received 9 results and 0 failures
[2025-03-10 21:32:26,661][flwr][INFO] - fit progress: (12, 1.308562159538269, {'accuracy': 0.5228999853134155}, 687.4164296669187)
[2025-03-10 21:32:26,661][flwr][DEBUG] - evaluate_round 12: strategy sampled 9 clients (out of 10)
[2025-03-10 21:32:28,430][flwr][DEBUG] - evaluate_round 12 received 9 results and 0 failures
[2025-03-10 21:32:28,430][flwr][DEBUG] - fit_round 13: strategy sampled 9 clients (out of 10)
[2025-03-10 21:33:22,216][flwr][DEBUG] - fit_round 13 received 9 results and 0 failures
[2025-03-10 21:33:23,244][flwr][INFO] - fit progress: (13, 1.2442982196807861, {'accuracy': 0.5482000112533569}, 744.0005004169652)
[2025-03-10 21:33:23,244][flwr][DEBUG] - evaluate_round 13: strategy sampled 9 clients (out of 10)
[2025-03-10 21:33:25,202][flwr][DEBUG] - evaluate_round 13 received 9 results and 0 failures
[2025-03-10 21:33:25,203][flwr][DEBUG] - fit_round 14: strategy sampled 9 clients (out of 10)
[2025-03-10 21:34:16,772][flwr][DEBUG] - fit_round 14 received 9 results and 0 failures
[2025-03-10 21:34:17,808][flwr][INFO] - fit progress: (14, 1.306891679763794, {'accuracy': 0.5238999724388123}, 798.565111459)
[2025-03-10 21:34:17,808][flwr][DEBUG] - evaluate_round 14: strategy sampled 9 clients (out of 10)
[2025-03-10 21:34:19,644][flwr][DEBUG] - evaluate_round 14 received 9 results and 0 failures
[2025-03-10 21:34:19,644][flwr][DEBUG] - fit_round 15: strategy sampled 9 clients (out of 10)
[2025-03-10 21:35:13,512][flwr][DEBUG] - fit_round 15 received 9 results and 0 failures
[2025-03-10 21:35:14,563][flwr][INFO] - fit progress: (15, 1.2648587226867676, {'accuracy': 0.5296000242233276}, 855.3204928749474)
[2025-03-10 21:35:14,563][flwr][DEBUG] - evaluate_round 15: strategy sampled 9 clients (out of 10)
[2025-03-10 21:35:16,179][flwr][DEBUG] - evaluate_round 15 received 9 results and 0 failures
[2025-03-10 21:35:16,179][flwr][DEBUG] - fit_round 16: strategy sampled 9 clients (out of 10)
[2025-03-10 21:36:08,665][flwr][DEBUG] - fit_round 16 received 9 results and 0 failures
[2025-03-10 21:36:09,706][flwr][INFO] - fit progress: (16, 1.1678980588912964, {'accuracy': 0.572700023651123}, 910.4724567920202)
[2025-03-10 21:36:09,706][flwr][DEBUG] - evaluate_round 16: strategy sampled 9 clients (out of 10)
[2025-03-10 21:36:11,389][flwr][DEBUG] - evaluate_round 16 received 9 results and 0 failures
[2025-03-10 21:36:11,390][flwr][DEBUG] - fit_round 17: strategy sampled 9 clients (out of 10)
[2025-03-10 21:36:59,449][flwr][DEBUG] - fit_round 17 received 9 results and 0 failures
[2025-03-10 21:37:00,506][flwr][INFO] - fit progress: (17, 1.1446799039840698, {'accuracy': 0.5766000151634216}, 961.2737655419623)
[2025-03-10 21:37:00,506][flwr][DEBUG] - evaluate_round 17: strategy sampled 9 clients (out of 10)
[2025-03-10 21:37:02,241][flwr][DEBUG] - evaluate_round 17 received 9 results and 0 failures
[2025-03-10 21:37:02,241][flwr][DEBUG] - fit_round 18: strategy sampled 9 clients (out of 10)
[2025-03-10 21:38:01,329][flwr][DEBUG] - fit_round 18 received 9 results and 0 failures
[2025-03-10 21:38:02,369][flwr][INFO] - fit progress: (18, 1.212271809577942, {'accuracy': 0.5663999915122986}, 1023.1376460000174)
[2025-03-10 21:38:02,369][flwr][DEBUG] - evaluate_round 18: strategy sampled 9 clients (out of 10)
[2025-03-10 21:38:04,065][flwr][DEBUG] - evaluate_round 18 received 9 results and 0 failures
[2025-03-10 21:38:04,065][flwr][DEBUG] - fit_round 19: strategy sampled 9 clients (out of 10)
[2025-03-10 21:38:59,951][flwr][DEBUG] - fit_round 19 received 9 results and 0 failures
[2025-03-10 21:39:01,010][flwr][INFO] - fit progress: (19, 1.156266689300537, {'accuracy': 0.5882999897003174}, 1081.7789712499361)
[2025-03-10 21:39:01,010][flwr][DEBUG] - evaluate_round 19: strategy sampled 9 clients (out of 10)
[2025-03-10 21:39:02,677][flwr][DEBUG] - evaluate_round 19 received 9 results and 0 failures
[2025-03-10 21:39:02,677][flwr][DEBUG] - fit_round 20: strategy sampled 9 clients (out of 10)
[2025-03-10 21:39:54,450][flwr][DEBUG] - fit_round 20 received 9 results and 0 failures
[2025-03-10 21:39:55,504][flwr][INFO] - fit progress: (20, 1.3399657011032104, {'accuracy': 0.5156999826431274}, 1136.2744228750234)
[2025-03-10 21:39:55,505][flwr][DEBUG] - evaluate_round 20: strategy sampled 9 clients (out of 10)
[2025-03-10 21:39:57,293][flwr][DEBUG] - evaluate_round 20 received 9 results and 0 failures
[2025-03-10 21:39:57,293][flwr][INFO] - FL finished in 1138.0626989169978
[2025-03-10 21:39:57,293][flwr][INFO] - app_fit: losses_distributed [(1, 2.3282699836399368), (2, 1.7890869766988635), (3, 1.6302805543463263), (4, 1.6400641327807364), (5, 1.53765600860709), (6, 1.5133143817189627), (7, 1.4191635661374102), (8, 1.3140607485505058), (9, 1.3041286241965104), (10, 1.2452874931386788), (11, 1.220816164363554), (12, 1.300680000888894), (13, 1.2435440686554153), (14, 1.2983810505655033), (15, 1.262179421399065), (16, 1.1222996263324008), (17, 1.155104942418076), (18, 1.289086703487293), (19, 1.2031814458374988), (20, 1.3278502221113833)]
[2025-03-10 21:39:57,293][flwr][INFO] - app_fit: metrics_distributed_fit {'variance_training_loss': [(1, 0.2610489050117541), (2, 0.18805286413815525), (3, 0.16531555879544552), (4, 0.15258643355975887), (5, 0.14316965521421118), (6, 0.12279838758136534), (7, 0.04725152199876606), (8, 0.11908957364082906), (9, 0.041220264870285794), (10, 0.09663525319901038), (11, 0.08750929323917787), (12, 0.09697637688620574), (13, 0.10266785252379086), (14, 0.09557793866297715), (15, 0.07371967219356022), (16, 0.0933539337331757), (17, 0.09210759203207146), (18, 0.0836790035788295), (19, 0.08715047885936711), (20, 0.08643201734200529)], 'average_training_loss': [(1, 1.127626775453488), (2, 1.0058958255168464), (3, 0.9601790805657705), (4, 0.903142672446039), (5, 0.8854425584690438), (6, 0.8737888919810454), (7, 0.9086791409386529), (8, 0.8107413092835082), (9, 0.8606432146496243), (10, 0.7258515836050113), (11, 0.7043981746666961), (12, 0.7674783027420441), (13, 0.7294610177891122), (14, 0.7168825939297676), (15, 0.6539627107688122), (16, 0.7035358471588956), (17, 0.6777081520607074), (18, 0.6547042806115415), (19, 0.6722682900726795), (20, 0.673274507953061)], 'estimated_times': [(1, [72.91062258046728, 32.68177603834733, 103.56280354046727, 3.238500745129494, 17.336999640367107, 80.96225241877093, 142.27618345026954, 59.04947983722065, 51.857695217557534]), (2, [142.27618345026954, 103.56280354046727, 17.336999640367107, 80.96225241877093, 3.238500745129494, 72.91062258046728, 50.55730121203629, 32.68177603834733, 59.04947983722065]), (3, [72.91062258046728, 51.857695217557534, 80.96225241877093, 32.68177603834733, 142.27618345026954, 17.336999640367107, 103.56280354046727, 59.04947983722065, 3.238500745129494]), (4, [142.27618345026954, 103.56280354046727, 59.04947983722065, 17.336999640367107, 50.55730121203629, 51.857695217557534, 72.91062258046728, 3.238500745129494, 32.68177603834733]), (5, [80.96225241877093, 103.56280354046727, 142.27618345026954, 51.857695217557534, 72.91062258046728, 32.68177603834733, 3.238500745129494, 17.336999640367107, 59.04947983722065]), (6, [32.68177603834733, 142.27618345026954, 17.336999640367107, 50.55730121203629, 3.238500745129494, 51.857695217557534, 80.96225241877093, 72.91062258046728, 103.56280354046727]), (7, [32.68177603834733, 80.96225241877093, 51.857695217557534, 59.04947983722065, 103.56280354046727, 142.27618345026954, 72.91062258046728, 50.55730121203629, 3.238500745129494]), (8, [3.238500745129494, 59.04947983722065, 80.96225241877093, 32.68177603834733, 51.857695217557534, 72.91062258046728, 142.27618345026954, 17.336999640367107, 103.56280354046727]), (9, [59.04947983722065, 103.56280354046727, 51.857695217557534, 32.68177603834733, 80.96225241877093, 50.55730121203629, 72.91062258046728, 142.27618345026954, 3.238500745129494]), (10, [51.857695217557534, 50.55730121203629, 103.56280354046727, 142.27618345026954, 32.68177603834733, 3.238500745129494, 80.96225241877093, 59.04947983722065, 17.336999640367107]), (11, [142.27618345026954, 51.857695217557534, 50.55730121203629, 17.336999640367107, 103.56280354046727, 3.238500745129494, 80.96225241877093, 59.04947983722065, 32.68177603834733]), (12, [17.336999640367107, 51.857695217557534, 80.96225241877093, 142.27618345026954, 3.238500745129494, 32.68177603834733, 72.91062258046728, 50.55730121203629, 103.56280354046727]), (13, [3.238500745129494, 142.27618345026954, 50.55730121203629, 17.336999640367107, 32.68177603834733, 72.91062258046728, 103.56280354046727, 59.04947983722065, 80.96225241877093]), (14, [80.96225241877093, 17.336999640367107, 3.238500745129494, 59.04947983722065, 32.68177603834733, 142.27618345026954, 51.857695217557534, 50.55730121203629, 72.91062258046728]), (15, [17.336999640367107, 50.55730121203629, 142.27618345026954, 59.04947983722065, 51.857695217557534, 103.56280354046727, 80.96225241877093, 32.68177603834733, 3.238500745129494]), (16, [32.68177603834733, 142.27618345026954, 50.55730121203629, 17.336999640367107, 51.857695217557534, 72.91062258046728, 3.238500745129494, 80.96225241877093, 59.04947983722065]), (17, [3.238500745129494, 103.56280354046727, 17.336999640367107, 32.68177603834733, 51.857695217557534, 80.96225241877093, 50.55730121203629, 59.04947983722065, 72.91062258046728]), (18, [142.27618345026954, 80.96225241877093, 103.56280354046727, 17.336999640367107, 59.04947983722065, 72.91062258046728, 32.68177603834733, 51.857695217557534, 50.55730121203629]), (19, [17.336999640367107, 32.68177603834733, 142.27618345026954, 80.96225241877093, 72.91062258046728, 3.238500745129494, 59.04947983722065, 103.56280354046727, 50.55730121203629]), (20, [80.96225241877093, 17.336999640367107, 72.91062258046728, 50.55730121203629, 142.27618345026954, 32.68177603834733, 59.04947983722065, 51.857695217557534, 3.238500745129494])]}
[2025-03-10 21:39:57,295][flwr][INFO] - app_fit: metrics_distributed {}
[2025-03-10 21:39:57,295][flwr][INFO] - app_fit: losses_centralized [(0, 2.303311824798584), (1, 2.2925333976745605), (2, 1.77205228805542), (3, 1.6482734680175781), (4, 1.6437122821807861), (5, 1.4652520418167114), (6, 1.5593619346618652), (7, 1.415587067604065), (8, 1.3203662633895874), (9, 1.2941060066223145), (10, 1.253050446510315), (11, 1.2227814197540283), (12, 1.308562159538269), (13, 1.2442982196807861), (14, 1.306891679763794), (15, 1.2648587226867676), (16, 1.1678980588912964), (17, 1.1446799039840698), (18, 1.212271809577942), (19, 1.156266689300537), (20, 1.3399657011032104)]
[2025-03-10 21:39:57,295][flwr][INFO] - app_fit: metrics_centralized {'accuracy': [(0, 0.10300000011920929), (1, 0.11429999768733978), (2, 0.32499998807907104), (3, 0.38100001215934753), (4, 0.3882000148296356), (5, 0.45969998836517334), (6, 0.4226999878883362), (7, 0.4603999853134155), (8, 0.5138000249862671), (9, 0.5390999913215637), (10, 0.5422000288963318), (11, 0.5544000267982483), (12, 0.5228999853134155), (13, 0.5482000112533569), (14, 0.5238999724388123), (15, 0.5296000242233276), (16, 0.572700023651123), (17, 0.5766000151634216), (18, 0.5663999915122986), (19, 0.5882999897003174), (20, 0.5156999826431274)]}
