[2025-03-11 18:57:47,627][flwr][INFO] - Using FedAvg strategy
[2025-03-11 18:57:47,628][flwr][INFO] - Starting Flower simulation, config: ServerConfig(num_rounds=20, round_timeout=None)
[2025-03-11 18:57:48,755][flwr][INFO] - Flower VCE: Ray initialized with resources: {'object_store_memory': 2147483648.0, 'node:127.0.0.1': 1.0, 'CPU': 8.0, 'memory': 10777388647.0, 'node:__internal_head__': 1.0}
[2025-03-11 18:57:48,755][flwr][INFO] - Flower VCE: Resources for each Virtual Client: {'num_cpus': 0.5, 'num_gpus': 0}
[2025-03-11 18:57:48,762][flwr][INFO] - Flower VCE: Creating VirtualClientEngineActorPool with 16 actors
[2025-03-11 18:57:48,762][flwr][INFO] - Initializing global parameters
[2025-03-11 18:57:48,762][flwr][INFO] - Requesting initial parameters from one random client
[2025-03-11 18:57:53,865][flwr][INFO] - Received initial parameters from one random client
[2025-03-11 18:57:53,865][flwr][INFO] - Evaluating initial parameters
[2025-03-11 18:57:54,984][flwr][INFO] - initial parameters (loss, other metrics): 2.3048577308654785, {'accuracy': 0.10000000149011612}
[2025-03-11 18:57:54,984][flwr][INFO] - FL starting
[2025-03-11 18:57:54,984][flwr][DEBUG] - fit_round 1: strategy sampled 9 clients (out of 10)
[2025-03-11 18:58:45,327][flwr][DEBUG] - fit_round 1 received 9 results and 0 failures
[2025-03-11 18:58:46,339][flwr][INFO] - fit progress: (1, 2.229360818862915, {'accuracy': 0.21719999611377716}, 51.3545990830753)
[2025-03-11 18:58:46,339][flwr][DEBUG] - evaluate_round 1: strategy sampled 9 clients (out of 10)
[2025-03-11 18:58:48,007][flwr][DEBUG] - evaluate_round 1 received 9 results and 0 failures
[2025-03-11 18:58:48,007][flwr][WARNING] - No evaluate_metrics_aggregation_fn provided
[2025-03-11 18:58:48,007][flwr][DEBUG] - fit_round 2: strategy sampled 9 clients (out of 10)
[2025-03-11 18:59:32,885][flwr][DEBUG] - fit_round 2 received 9 results and 0 failures
[2025-03-11 18:59:33,896][flwr][INFO] - fit progress: (2, 1.935957670211792, {'accuracy': 0.3495999872684479}, 98.91133416700177)
[2025-03-11 18:59:33,896][flwr][DEBUG] - evaluate_round 2: strategy sampled 9 clients (out of 10)
[2025-03-11 18:59:35,559][flwr][DEBUG] - evaluate_round 2 received 9 results and 0 failures
[2025-03-11 18:59:35,559][flwr][DEBUG] - fit_round 3: strategy sampled 9 clients (out of 10)
[2025-03-11 19:00:32,606][flwr][DEBUG] - fit_round 3 received 9 results and 0 failures
[2025-03-11 19:00:33,613][flwr][INFO] - fit progress: (3, 1.7128119468688965, {'accuracy': 0.37380000948905945}, 158.62804583308753)
[2025-03-11 19:00:33,613][flwr][DEBUG] - evaluate_round 3: strategy sampled 9 clients (out of 10)
[2025-03-11 19:00:35,453][flwr][DEBUG] - evaluate_round 3 received 9 results and 0 failures
[2025-03-11 19:00:35,453][flwr][DEBUG] - fit_round 4: strategy sampled 9 clients (out of 10)
[2025-03-11 19:01:30,308][flwr][DEBUG] - fit_round 4 received 9 results and 0 failures
[2025-03-11 19:01:31,327][flwr][INFO] - fit progress: (4, 1.6313601732254028, {'accuracy': 0.3889000117778778}, 216.3425577080343)
[2025-03-11 19:01:31,327][flwr][DEBUG] - evaluate_round 4: strategy sampled 9 clients (out of 10)
[2025-03-11 19:01:32,915][flwr][DEBUG] - evaluate_round 4 received 9 results and 0 failures
[2025-03-11 19:01:32,915][flwr][DEBUG] - fit_round 5: strategy sampled 9 clients (out of 10)
[2025-03-11 19:02:24,737][flwr][DEBUG] - fit_round 5 received 9 results and 0 failures
[2025-03-11 19:02:25,745][flwr][INFO] - fit progress: (5, 2.032362699508667, {'accuracy': 0.3093000054359436}, 270.7607311250176)
[2025-03-11 19:02:25,746][flwr][DEBUG] - evaluate_round 5: strategy sampled 9 clients (out of 10)
[2025-03-11 19:02:27,430][flwr][DEBUG] - evaluate_round 5 received 9 results and 0 failures
[2025-03-11 19:02:27,431][flwr][DEBUG] - fit_round 6: strategy sampled 9 clients (out of 10)
[2025-03-11 19:03:13,608][flwr][DEBUG] - fit_round 6 received 9 results and 0 failures
[2025-03-11 19:03:14,622][flwr][INFO] - fit progress: (6, 1.798974633216858, {'accuracy': 0.3781000077724457}, 319.6366314580664)
[2025-03-11 19:03:14,622][flwr][DEBUG] - evaluate_round 6: strategy sampled 9 clients (out of 10)
[2025-03-11 19:03:16,470][flwr][DEBUG] - evaluate_round 6 received 9 results and 0 failures
[2025-03-11 19:03:16,470][flwr][DEBUG] - fit_round 7: strategy sampled 9 clients (out of 10)
[2025-03-11 19:04:07,661][flwr][DEBUG] - fit_round 7 received 9 results and 0 failures
[2025-03-11 19:04:08,675][flwr][INFO] - fit progress: (7, 1.5681406259536743, {'accuracy': 0.41769999265670776}, 373.6897187080467)
[2025-03-11 19:04:08,675][flwr][DEBUG] - evaluate_round 7: strategy sampled 9 clients (out of 10)
[2025-03-11 19:04:10,615][flwr][DEBUG] - evaluate_round 7 received 9 results and 0 failures
[2025-03-11 19:04:10,615][flwr][DEBUG] - fit_round 8: strategy sampled 9 clients (out of 10)
[2025-03-11 19:04:56,629][flwr][DEBUG] - fit_round 8 received 9 results and 0 failures
[2025-03-11 19:04:57,640][flwr][INFO] - fit progress: (8, 1.649166226387024, {'accuracy': 0.4320000112056732}, 422.65517899999395)
[2025-03-11 19:04:57,640][flwr][DEBUG] - evaluate_round 8: strategy sampled 9 clients (out of 10)
[2025-03-11 19:04:59,577][flwr][DEBUG] - evaluate_round 8 received 9 results and 0 failures
[2025-03-11 19:04:59,577][flwr][DEBUG] - fit_round 9: strategy sampled 9 clients (out of 10)
[2025-03-11 19:05:57,637][flwr][DEBUG] - fit_round 9 received 9 results and 0 failures
[2025-03-11 19:05:58,807][flwr][INFO] - fit progress: (9, 1.6112511157989502, {'accuracy': 0.42739999294281006}, 483.8216387920547)
[2025-03-11 19:05:58,807][flwr][DEBUG] - evaluate_round 9: strategy sampled 9 clients (out of 10)
[2025-03-11 19:06:00,600][flwr][DEBUG] - evaluate_round 9 received 9 results and 0 failures
[2025-03-11 19:06:00,600][flwr][DEBUG] - fit_round 10: strategy sampled 9 clients (out of 10)
[2025-03-11 19:06:56,980][flwr][DEBUG] - fit_round 10 received 9 results and 0 failures
[2025-03-11 19:06:58,013][flwr][INFO] - fit progress: (10, 1.389568567276001, {'accuracy': 0.46810001134872437}, 543.0277782080229)
[2025-03-11 19:06:58,013][flwr][DEBUG] - evaluate_round 10: strategy sampled 9 clients (out of 10)
[2025-03-11 19:06:59,757][flwr][DEBUG] - evaluate_round 10 received 9 results and 0 failures
[2025-03-11 19:06:59,758][flwr][DEBUG] - fit_round 11: strategy sampled 9 clients (out of 10)
[2025-03-11 19:07:56,668][flwr][DEBUG] - fit_round 11 received 9 results and 0 failures
[2025-03-11 19:07:57,699][flwr][INFO] - fit progress: (11, 2.120107889175415, {'accuracy': 0.35440000891685486}, 602.7135141670005)
[2025-03-11 19:07:57,699][flwr][DEBUG] - evaluate_round 11: strategy sampled 9 clients (out of 10)
[2025-03-11 19:07:59,389][flwr][DEBUG] - evaluate_round 11 received 9 results and 0 failures
[2025-03-11 19:07:59,389][flwr][DEBUG] - fit_round 12: strategy sampled 9 clients (out of 10)
[2025-03-11 19:08:56,608][flwr][DEBUG] - fit_round 12 received 9 results and 0 failures
[2025-03-11 19:08:57,739][flwr][INFO] - fit progress: (12, 1.3444732427597046, {'accuracy': 0.4973999857902527}, 662.7532873330638)
[2025-03-11 19:08:57,739][flwr][DEBUG] - evaluate_round 12: strategy sampled 9 clients (out of 10)
[2025-03-11 19:08:59,694][flwr][DEBUG] - evaluate_round 12 received 9 results and 0 failures
[2025-03-11 19:08:59,694][flwr][DEBUG] - fit_round 13: strategy sampled 9 clients (out of 10)
[2025-03-11 19:09:58,969][flwr][DEBUG] - fit_round 13 received 9 results and 0 failures
[2025-03-11 19:10:00,049][flwr][INFO] - fit progress: (13, 1.3282511234283447, {'accuracy': 0.5051000118255615}, 725.063101583044)
[2025-03-11 19:10:00,049][flwr][DEBUG] - evaluate_round 13: strategy sampled 9 clients (out of 10)
[2025-03-11 19:10:01,765][flwr][DEBUG] - evaluate_round 13 received 9 results and 0 failures
[2025-03-11 19:10:01,766][flwr][DEBUG] - fit_round 14: strategy sampled 9 clients (out of 10)
[2025-03-11 19:10:49,121][flwr][DEBUG] - fit_round 14 received 9 results and 0 failures
[2025-03-11 19:10:50,194][flwr][INFO] - fit progress: (14, 1.6391117572784424, {'accuracy': 0.4316999912261963}, 775.2081201670226)
[2025-03-11 19:10:50,194][flwr][DEBUG] - evaluate_round 14: strategy sampled 9 clients (out of 10)
[2025-03-11 19:10:52,063][flwr][DEBUG] - evaluate_round 14 received 9 results and 0 failures
[2025-03-11 19:10:52,064][flwr][DEBUG] - fit_round 15: strategy sampled 9 clients (out of 10)
[2025-03-11 19:11:52,656][flwr][DEBUG] - fit_round 15 received 9 results and 0 failures
[2025-03-11 19:11:53,724][flwr][INFO] - fit progress: (15, 1.3328619003295898, {'accuracy': 0.511900007724762}, 838.7380377500085)
[2025-03-11 19:11:53,724][flwr][DEBUG] - evaluate_round 15: strategy sampled 9 clients (out of 10)
[2025-03-11 19:11:55,569][flwr][DEBUG] - evaluate_round 15 received 9 results and 0 failures
[2025-03-11 19:11:55,569][flwr][DEBUG] - fit_round 16: strategy sampled 9 clients (out of 10)
[2025-03-11 19:12:42,925][flwr][DEBUG] - fit_round 16 received 9 results and 0 failures
[2025-03-11 19:12:43,992][flwr][INFO] - fit progress: (16, 1.1624131202697754, {'accuracy': 0.574400007724762}, 889.0063533330103)
[2025-03-11 19:12:43,992][flwr][DEBUG] - evaluate_round 16: strategy sampled 9 clients (out of 10)
[2025-03-11 19:12:45,825][flwr][DEBUG] - evaluate_round 16 received 9 results and 0 failures
[2025-03-11 19:12:45,825][flwr][DEBUG] - fit_round 17: strategy sampled 9 clients (out of 10)
[2025-03-11 19:13:44,343][flwr][DEBUG] - fit_round 17 received 9 results and 0 failures
[2025-03-11 19:13:45,386][flwr][INFO] - fit progress: (17, 1.2110015153884888, {'accuracy': 0.548799991607666}, 950.4005879170727)
[2025-03-11 19:13:45,386][flwr][DEBUG] - evaluate_round 17: strategy sampled 9 clients (out of 10)
[2025-03-11 19:13:47,272][flwr][DEBUG] - evaluate_round 17 received 9 results and 0 failures
[2025-03-11 19:13:47,272][flwr][DEBUG] - fit_round 18: strategy sampled 9 clients (out of 10)
[2025-03-11 19:14:46,841][flwr][DEBUG] - fit_round 18 received 9 results and 0 failures
[2025-03-11 19:14:47,918][flwr][INFO] - fit progress: (18, 1.1657317876815796, {'accuracy': 0.5591999888420105}, 1012.9321515000192)
[2025-03-11 19:14:47,918][flwr][DEBUG] - evaluate_round 18: strategy sampled 9 clients (out of 10)
[2025-03-11 19:14:49,509][flwr][DEBUG] - evaluate_round 18 received 9 results and 0 failures
[2025-03-11 19:14:49,510][flwr][DEBUG] - fit_round 19: strategy sampled 9 clients (out of 10)
[2025-03-11 19:15:46,899][flwr][DEBUG] - fit_round 19 received 9 results and 0 failures
[2025-03-11 19:15:47,954][flwr][INFO] - fit progress: (19, 1.3484153747558594, {'accuracy': 0.5246000289916992}, 1072.967642875039)
[2025-03-11 19:15:47,954][flwr][DEBUG] - evaluate_round 19: strategy sampled 9 clients (out of 10)
[2025-03-11 19:15:49,729][flwr][DEBUG] - evaluate_round 19 received 9 results and 0 failures
[2025-03-11 19:15:49,729][flwr][DEBUG] - fit_round 20: strategy sampled 9 clients (out of 10)
[2025-03-11 19:16:48,653][flwr][DEBUG] - fit_round 20 received 9 results and 0 failures
[2025-03-11 19:16:49,711][flwr][INFO] - fit progress: (20, 1.269797444343567, {'accuracy': 0.521399974822998}, 1134.7254116670229)
[2025-03-11 19:16:49,712][flwr][DEBUG] - evaluate_round 20: strategy sampled 9 clients (out of 10)
[2025-03-11 19:16:51,473][flwr][DEBUG] - evaluate_round 20 received 9 results and 0 failures
[2025-03-11 19:16:51,473][flwr][INFO] - FL finished in 1136.4870681670727
[2025-03-11 19:16:51,473][flwr][INFO] - app_fit: losses_distributed [(1, 2.2559262783435097), (2, 1.6804187796644565), (3, 1.6858656060295745), (4, 1.523258266037207), (5, 1.9511753645810215), (6, 1.6839908857505543), (7, 1.566910463018958), (8, 1.5956945034644283), (9, 1.4872706353565552), (10, 1.3208477711797662), (11, 2.094205665330861), (12, 1.2733696640109102), (13, 1.2339974742964999), (14, 1.5097941371789885), (15, 1.2600663770886005), (16, 1.1631366891138237), (17, 1.1547861663260248), (18, 1.2513543776821163), (19, 1.2595849099898093), (20, 1.2730364570872044)]
[2025-03-11 19:16:51,473][flwr][INFO] - app_fit: metrics_distributed_fit {'variance_training_loss': [(1, 0.29273837523294977), (2, 0.23111181682876447), (3, 0.19275588442593314), (4, 0.18433881147465875), (5, 0.17023184970786107), (6, 0.2574837681894693), (7, 0.16259616196576085), (8, 0.20907160605907174), (9, 0.14679584989638772), (10, 0.1688608709743057), (11, 0.13118040524285918), (12, 0.13773297043287913), (13, 0.08084208121798467), (14, 0.1489819625857776), (15, 0.12852607721945716), (16, 0.12240325816260185), (17, 0.09900317902248651), (18, 0.09754578833572093), (19, 0.11402746308895567), (20, 0.09632087433337401)], 'average_training_loss': [(1, 1.033445295308613), (2, 0.9465807537651725), (3, 0.8657289788954787), (4, 0.8465809647200836), (5, 0.846860251079003), (6, 0.8457088060677052), (7, 0.802929375320673), (8, 0.7788542080670595), (9, 0.691877208960553), (10, 0.744841317128804), (11, 0.6464080955419276), (12, 0.7664542478612728), (13, 0.7181089669466019), (14, 0.6606898951447673), (15, 0.618970665252871), (16, 0.6127778133377433), (17, 0.643514729415377), (18, 0.6617950717401173), (19, 0.5876637100138598), (20, 0.645397113636136)], 'estimated_times': [(1, [28.206680975173267, 19.50178475600056, 0.0, 33.990045410474174, 116.00225502006057, 17.462614003605285, 25.781666840282146, 52.88562037704354, 275.35868905456266]), (2, [17.462614003605285, 96.75863019475577, 52.88562037704354, 116.00225502006057, 19.50178475600056, 0.0, 25.781666840282146, 33.990045410474174, 28.206680975173267]), (3, [33.990045410474174, 28.206680975173267, 25.781666840282146, 96.75863019475577, 17.462614003605285, 19.50178475600056, 116.00225502006057, 52.88562037704354, 275.35868905456266]), (4, [28.206680975173267, 96.75863019475577, 116.00225502006057, 0.0, 33.990045410474174, 52.88562037704354, 19.50178475600056, 275.35868905456266, 17.462614003605285]), (5, [33.990045410474174, 25.781666840282146, 19.50178475600056, 96.75863019475577, 275.35868905456266, 17.462614003605285, 116.00225502006057, 0.0, 28.206680975173267]), (6, [17.462614003605285, 25.781666840282146, 96.75863019475577, 19.50178475600056, 116.00225502006057, 52.88562037704354, 33.990045410474174, 0.0, 28.206680975173267]), (7, [275.35868905456266, 19.50178475600056, 25.781666840282146, 116.00225502006057, 17.462614003605285, 28.206680975173267, 33.990045410474174, 96.75863019475577, 0.0]), (8, [19.50178475600056, 116.00225502006057, 33.990045410474174, 25.781666840282146, 17.462614003605285, 0.0, 52.88562037704354, 96.75863019475577, 28.206680975173267]), (9, [28.206680975173267, 17.462614003605285, 33.990045410474174, 52.88562037704354, 116.00225502006057, 19.50178475600056, 275.35868905456266, 96.75863019475577, 25.781666840282146]), (10, [28.206680975173267, 19.50178475600056, 33.990045410474174, 275.35868905456266, 0.0, 17.462614003605285, 52.88562037704354, 96.75863019475577, 116.00225502006057]), (11, [25.781666840282146, 0.0, 275.35868905456266, 33.990045410474174, 19.50178475600056, 96.75863019475577, 52.88562037704354, 116.00225502006057, 28.206680975173267]), (12, [0.0, 116.00225502006057, 17.462614003605285, 52.88562037704354, 33.990045410474174, 28.206680975173267, 96.75863019475577, 275.35868905456266, 25.781666840282146]), (13, [52.88562037704354, 33.990045410474174, 96.75863019475577, 116.00225502006057, 0.0, 275.35868905456266, 25.781666840282146, 17.462614003605285, 19.50178475600056]), (14, [19.50178475600056, 28.206680975173267, 52.88562037704354, 33.990045410474174, 25.781666840282146, 17.462614003605285, 116.00225502006057, 96.75863019475577, 0.0]), (15, [116.00225502006057, 17.462614003605285, 52.88562037704354, 275.35868905456266, 96.75863019475577, 33.990045410474174, 28.206680975173267, 19.50178475600056, 25.781666840282146]), (16, [33.990045410474174, 52.88562037704354, 19.50178475600056, 28.206680975173267, 0.0, 25.781666840282146, 275.35868905456266, 17.462614003605285, 96.75863019475577]), (17, [33.990045410474174, 0.0, 275.35868905456266, 52.88562037704354, 96.75863019475577, 116.00225502006057, 17.462614003605285, 25.781666840282146, 28.206680975173267]), (18, [275.35868905456266, 33.990045410474174, 116.00225502006057, 25.781666840282146, 0.0, 96.75863019475577, 52.88562037704354, 28.206680975173267, 17.462614003605285]), (19, [52.88562037704354, 17.462614003605285, 96.75863019475577, 0.0, 116.00225502006057, 25.781666840282146, 19.50178475600056, 275.35868905456266, 28.206680975173267]), (20, [116.00225502006057, 96.75863019475577, 0.0, 33.990045410474174, 25.781666840282146, 52.88562037704354, 275.35868905456266, 17.462614003605285, 28.206680975173267])]}
[2025-03-11 19:16:51,476][flwr][INFO] - app_fit: metrics_distributed {}
[2025-03-11 19:16:51,476][flwr][INFO] - app_fit: losses_centralized [(0, 2.3048577308654785), (1, 2.229360818862915), (2, 1.935957670211792), (3, 1.7128119468688965), (4, 1.6313601732254028), (5, 2.032362699508667), (6, 1.798974633216858), (7, 1.5681406259536743), (8, 1.649166226387024), (9, 1.6112511157989502), (10, 1.389568567276001), (11, 2.120107889175415), (12, 1.3444732427597046), (13, 1.3282511234283447), (14, 1.6391117572784424), (15, 1.3328619003295898), (16, 1.1624131202697754), (17, 1.2110015153884888), (18, 1.1657317876815796), (19, 1.3484153747558594), (20, 1.269797444343567)]
[2025-03-11 19:16:51,476][flwr][INFO] - app_fit: metrics_centralized {'accuracy': [(0, 0.10000000149011612), (1, 0.21719999611377716), (2, 0.3495999872684479), (3, 0.37380000948905945), (4, 0.3889000117778778), (5, 0.3093000054359436), (6, 0.3781000077724457), (7, 0.41769999265670776), (8, 0.4320000112056732), (9, 0.42739999294281006), (10, 0.46810001134872437), (11, 0.35440000891685486), (12, 0.4973999857902527), (13, 0.5051000118255615), (14, 0.4316999912261963), (15, 0.511900007724762), (16, 0.574400007724762), (17, 0.548799991607666), (18, 0.5591999888420105), (19, 0.5246000289916992), (20, 0.521399974822998)]}
