[2025-03-09 19:54:25,864][flwr][INFO] - Using FedAvg strategy
[2025-03-09 19:54:25,864][flwr][INFO] - Starting Flower simulation, config: ServerConfig(num_rounds=20, round_timeout=None)
[2025-03-09 19:54:27,029][flwr][INFO] - Flower VCE: Ray initialized with resources: {'CPU': 8.0, 'object_store_memory': 2147483648.0, 'memory': 16909891994.0, 'node:__internal_head__': 1.0, 'node:127.0.0.1': 1.0}
[2025-03-09 19:54:27,029][flwr][INFO] - Flower VCE: Resources for each Virtual Client: {'num_cpus': 0.5, 'num_gpus': 0}
[2025-03-09 19:54:27,036][flwr][INFO] - Flower VCE: Creating VirtualClientEngineActorPool with 16 actors
[2025-03-09 19:54:27,036][flwr][INFO] - Initializing global parameters
[2025-03-09 19:54:27,036][flwr][INFO] - Requesting initial parameters from one random client
[2025-03-09 19:54:32,320][flwr][INFO] - Received initial parameters from one random client
[2025-03-09 19:54:32,320][flwr][INFO] - Evaluating initial parameters
[2025-03-09 19:54:33,427][flwr][INFO] - initial parameters (loss, other metrics): 2.304658889770508, {'accuracy': 0.10000000149011612}
[2025-03-09 19:54:33,427][flwr][INFO] - FL starting
[2025-03-09 19:54:33,427][flwr][DEBUG] - fit_round 1: strategy sampled 9 clients (out of 10)
[2025-03-09 19:54:57,928][flwr][DEBUG] - fit_round 1 received 9 results and 0 failures
[2025-03-09 19:54:58,942][flwr][INFO] - fit progress: (1, 2.330146551132202, {'accuracy': 0.10360000282526016}, 25.51507495797705)
[2025-03-09 19:54:58,942][flwr][DEBUG] - evaluate_round 1: strategy sampled 9 clients (out of 10)
[2025-03-09 19:55:00,467][flwr][DEBUG] - evaluate_round 1 received 9 results and 0 failures
[2025-03-09 19:55:00,467][flwr][WARNING] - No evaluate_metrics_aggregation_fn provided
[2025-03-09 19:55:00,467][flwr][DEBUG] - fit_round 2: strategy sampled 9 clients (out of 10)
[2025-03-09 19:55:25,104][flwr][DEBUG] - fit_round 2 received 9 results and 0 failures
[2025-03-09 19:55:26,106][flwr][INFO] - fit progress: (2, 2.3634748458862305, {'accuracy': 0.10000000149011612}, 52.67870387498988)
[2025-03-09 19:55:26,106][flwr][DEBUG] - evaluate_round 2: strategy sampled 9 clients (out of 10)
[2025-03-09 19:55:27,677][flwr][DEBUG] - evaluate_round 2 received 9 results and 0 failures
[2025-03-09 19:55:27,677][flwr][DEBUG] - fit_round 3: strategy sampled 9 clients (out of 10)
[2025-03-09 19:55:51,042][flwr][DEBUG] - fit_round 3 received 9 results and 0 failures
[2025-03-09 19:55:52,059][flwr][INFO] - fit progress: (3, 2.357165575027466, {'accuracy': 0.1006999984383583}, 78.6320337500074)
[2025-03-09 19:55:52,060][flwr][DEBUG] - evaluate_round 3: strategy sampled 9 clients (out of 10)
[2025-03-09 19:55:53,906][flwr][DEBUG] - evaluate_round 3 received 9 results and 0 failures
[2025-03-09 19:55:53,906][flwr][DEBUG] - fit_round 4: strategy sampled 9 clients (out of 10)
[2025-03-09 19:56:16,186][flwr][DEBUG] - fit_round 4 received 9 results and 0 failures
[2025-03-09 19:56:17,212][flwr][INFO] - fit progress: (4, 2.212580919265747, {'accuracy': 0.13920000195503235}, 103.78434379101964)
[2025-03-09 19:56:17,212][flwr][DEBUG] - evaluate_round 4: strategy sampled 9 clients (out of 10)
[2025-03-09 19:56:18,837][flwr][DEBUG] - evaluate_round 4 received 9 results and 0 failures
[2025-03-09 19:56:18,838][flwr][DEBUG] - fit_round 5: strategy sampled 9 clients (out of 10)
[2025-03-09 19:56:44,969][flwr][DEBUG] - fit_round 5 received 9 results and 0 failures
[2025-03-09 19:56:45,999][flwr][INFO] - fit progress: (5, 2.0058491230010986, {'accuracy': 0.22550000250339508}, 132.57073970802594)
[2025-03-09 19:56:45,999][flwr][DEBUG] - evaluate_round 5: strategy sampled 9 clients (out of 10)
[2025-03-09 19:56:47,624][flwr][DEBUG] - evaluate_round 5 received 9 results and 0 failures
[2025-03-09 19:56:47,625][flwr][DEBUG] - fit_round 6: strategy sampled 9 clients (out of 10)
[2025-03-09 19:57:12,391][flwr][DEBUG] - fit_round 6 received 9 results and 0 failures
[2025-03-09 19:57:13,420][flwr][INFO] - fit progress: (6, 1.8325228691101074, {'accuracy': 0.320499986410141}, 159.9916022500256)
[2025-03-09 19:57:13,420][flwr][DEBUG] - evaluate_round 6: strategy sampled 9 clients (out of 10)
[2025-03-09 19:57:15,094][flwr][DEBUG] - evaluate_round 6 received 9 results and 0 failures
[2025-03-09 19:57:15,095][flwr][DEBUG] - fit_round 7: strategy sampled 9 clients (out of 10)
[2025-03-09 19:57:39,981][flwr][DEBUG] - fit_round 7 received 9 results and 0 failures
[2025-03-09 19:57:41,029][flwr][INFO] - fit progress: (7, 1.6801420450210571, {'accuracy': 0.38119998574256897}, 187.6005383330048)
[2025-03-09 19:57:41,029][flwr][DEBUG] - evaluate_round 7: strategy sampled 9 clients (out of 10)
[2025-03-09 19:57:42,718][flwr][DEBUG] - evaluate_round 7 received 9 results and 0 failures
[2025-03-09 19:57:42,718][flwr][DEBUG] - fit_round 8: strategy sampled 9 clients (out of 10)
[2025-03-09 19:58:08,138][flwr][DEBUG] - fit_round 8 received 9 results and 0 failures
[2025-03-09 19:58:09,170][flwr][INFO] - fit progress: (8, 1.6165978908538818, {'accuracy': 0.40869998931884766}, 215.74127595801838)
[2025-03-09 19:58:09,170][flwr][DEBUG] - evaluate_round 8: strategy sampled 9 clients (out of 10)
[2025-03-09 19:58:10,868][flwr][DEBUG] - evaluate_round 8 received 9 results and 0 failures
[2025-03-09 19:58:10,869][flwr][DEBUG] - fit_round 9: strategy sampled 9 clients (out of 10)
[2025-03-09 19:58:37,368][flwr][DEBUG] - fit_round 9 received 9 results and 0 failures
[2025-03-09 19:58:38,431][flwr][INFO] - fit progress: (9, 1.5993071794509888, {'accuracy': 0.4180000126361847}, 245.00262408301933)
[2025-03-09 19:58:38,432][flwr][DEBUG] - evaluate_round 9: strategy sampled 9 clients (out of 10)
[2025-03-09 19:58:40,283][flwr][DEBUG] - evaluate_round 9 received 9 results and 0 failures
[2025-03-09 19:58:40,283][flwr][DEBUG] - fit_round 10: strategy sampled 9 clients (out of 10)
[2025-03-09 19:59:03,774][flwr][DEBUG] - fit_round 10 received 9 results and 0 failures
[2025-03-09 19:59:04,851][flwr][INFO] - fit progress: (10, 1.584963321685791, {'accuracy': 0.4178999960422516}, 271.42165558302077)
[2025-03-09 19:59:04,851][flwr][DEBUG] - evaluate_round 10: strategy sampled 9 clients (out of 10)
[2025-03-09 19:59:06,622][flwr][DEBUG] - evaluate_round 10 received 9 results and 0 failures
[2025-03-09 19:59:06,622][flwr][DEBUG] - fit_round 11: strategy sampled 9 clients (out of 10)
[2025-03-09 19:59:29,274][flwr][DEBUG] - fit_round 11 received 9 results and 0 failures
[2025-03-09 19:59:30,312][flwr][INFO] - fit progress: (11, 1.5722284317016602, {'accuracy': 0.423799991607666}, 296.88250816601794)
[2025-03-09 19:59:30,312][flwr][DEBUG] - evaluate_round 11: strategy sampled 9 clients (out of 10)
[2025-03-09 19:59:32,111][flwr][DEBUG] - evaluate_round 11 received 9 results and 0 failures
[2025-03-09 19:59:32,112][flwr][DEBUG] - fit_round 12: strategy sampled 9 clients (out of 10)
[2025-03-09 19:59:56,200][flwr][DEBUG] - fit_round 12 received 9 results and 0 failures
[2025-03-09 19:59:57,238][flwr][INFO] - fit progress: (12, 1.5449750423431396, {'accuracy': 0.4327999949455261}, 323.80865987500874)
[2025-03-09 19:59:57,238][flwr][DEBUG] - evaluate_round 12: strategy sampled 9 clients (out of 10)
[2025-03-09 19:59:58,937][flwr][DEBUG] - evaluate_round 12 received 9 results and 0 failures
[2025-03-09 19:59:58,937][flwr][DEBUG] - fit_round 13: strategy sampled 9 clients (out of 10)
[2025-03-09 20:00:24,358][flwr][DEBUG] - fit_round 13 received 9 results and 0 failures
[2025-03-09 20:00:25,401][flwr][INFO] - fit progress: (13, 1.523893117904663, {'accuracy': 0.4537999927997589}, 351.9716743329773)
[2025-03-09 20:00:25,402][flwr][DEBUG] - evaluate_round 13: strategy sampled 9 clients (out of 10)
[2025-03-09 20:00:27,163][flwr][DEBUG] - evaluate_round 13 received 9 results and 0 failures
[2025-03-09 20:00:27,163][flwr][DEBUG] - fit_round 14: strategy sampled 9 clients (out of 10)
[2025-03-09 20:00:49,886][flwr][DEBUG] - fit_round 14 received 9 results and 0 failures
[2025-03-09 20:00:50,946][flwr][INFO] - fit progress: (14, 1.5057313442230225, {'accuracy': 0.4498000144958496}, 377.5158602499869)
[2025-03-09 20:00:50,946][flwr][DEBUG] - evaluate_round 14: strategy sampled 9 clients (out of 10)
[2025-03-09 20:00:52,653][flwr][DEBUG] - evaluate_round 14 received 9 results and 0 failures
[2025-03-09 20:00:52,653][flwr][DEBUG] - fit_round 15: strategy sampled 9 clients (out of 10)
[2025-03-09 20:01:19,128][flwr][DEBUG] - fit_round 15 received 9 results and 0 failures
[2025-03-09 20:01:20,179][flwr][INFO] - fit progress: (15, 1.498105525970459, {'accuracy': 0.45399999618530273}, 406.74839629099006)
[2025-03-09 20:01:20,179][flwr][DEBUG] - evaluate_round 15: strategy sampled 9 clients (out of 10)
[2025-03-09 20:01:21,915][flwr][DEBUG] - evaluate_round 15 received 9 results and 0 failures
[2025-03-09 20:01:21,916][flwr][DEBUG] - fit_round 16: strategy sampled 9 clients (out of 10)
[2025-03-09 20:01:45,157][flwr][DEBUG] - fit_round 16 received 9 results and 0 failures
[2025-03-09 20:01:46,203][flwr][INFO] - fit progress: (16, 1.4696831703186035, {'accuracy': 0.45750001072883606}, 432.77229587500915)
[2025-03-09 20:01:46,203][flwr][DEBUG] - evaluate_round 16: strategy sampled 9 clients (out of 10)
[2025-03-09 20:01:48,042][flwr][DEBUG] - evaluate_round 16 received 9 results and 0 failures
[2025-03-09 20:01:48,043][flwr][DEBUG] - fit_round 17: strategy sampled 9 clients (out of 10)
[2025-03-09 20:02:13,925][flwr][DEBUG] - fit_round 17 received 9 results and 0 failures
[2025-03-09 20:02:14,968][flwr][INFO] - fit progress: (17, 1.5089701414108276, {'accuracy': 0.44290000200271606}, 461.5371564999805)
[2025-03-09 20:02:14,968][flwr][DEBUG] - evaluate_round 17: strategy sampled 9 clients (out of 10)
[2025-03-09 20:02:16,688][flwr][DEBUG] - evaluate_round 17 received 9 results and 0 failures
[2025-03-09 20:02:16,688][flwr][DEBUG] - fit_round 18: strategy sampled 9 clients (out of 10)
[2025-03-09 20:02:42,869][flwr][DEBUG] - fit_round 18 received 9 results and 0 failures
[2025-03-09 20:02:43,965][flwr][INFO] - fit progress: (18, 1.4207992553710938, {'accuracy': 0.47839999198913574}, 490.5344365410274)
[2025-03-09 20:02:43,966][flwr][DEBUG] - evaluate_round 18: strategy sampled 9 clients (out of 10)
[2025-03-09 20:02:45,811][flwr][DEBUG] - evaluate_round 18 received 9 results and 0 failures
[2025-03-09 20:02:45,812][flwr][DEBUG] - fit_round 19: strategy sampled 9 clients (out of 10)
[2025-03-09 20:03:10,788][flwr][DEBUG] - fit_round 19 received 9 results and 0 failures
[2025-03-09 20:03:11,893][flwr][INFO] - fit progress: (19, 1.440273642539978, {'accuracy': 0.4837999939918518}, 518.4622219160083)
[2025-03-09 20:03:11,894][flwr][DEBUG] - evaluate_round 19: strategy sampled 9 clients (out of 10)
[2025-03-09 20:03:13,701][flwr][DEBUG] - evaluate_round 19 received 9 results and 0 failures
[2025-03-09 20:03:13,701][flwr][DEBUG] - fit_round 20: strategy sampled 9 clients (out of 10)
[2025-03-09 20:03:40,770][flwr][DEBUG] - fit_round 20 received 9 results and 0 failures
[2025-03-09 20:03:41,822][flwr][INFO] - fit progress: (20, 1.4633190631866455, {'accuracy': 0.4715999960899353}, 548.3905231659883)
[2025-03-09 20:03:41,822][flwr][DEBUG] - evaluate_round 20: strategy sampled 9 clients (out of 10)
[2025-03-09 20:03:43,556][flwr][DEBUG] - evaluate_round 20 received 9 results and 0 failures
[2025-03-09 20:03:43,556][flwr][INFO] - FL finished in 550.1247617499903
[2025-03-09 20:03:43,556][flwr][INFO] - app_fit: losses_distributed [(1, 2.3294293286556402), (2, 2.35735747745937), (3, 2.370722993328661), (4, 2.228243826113788), (5, 2.0009592571791184), (6, 1.8313929978222616), (7, 1.6881837081030118), (8, 1.6376380215893995), (9, 1.6108488064854085), (10, 1.5970786371783627), (11, 1.5917910735515408), (12, 1.5643633968538517), (13, 1.539728266322935), (14, 1.5170272921940082), (15, 1.4991255032568371), (16, 1.477414767573199), (17, 1.5323463379270488), (18, 1.435689180841592), (19, 1.4430671601367977), (20, 1.4697885289259836)]
[2025-03-09 20:03:43,557][flwr][INFO] - app_fit: metrics_distributed_fit {'variance_training_loss': [(1, 0.019599452155922414), (2, 0.004828592640011718), (3, 0.002114553740198497), (4, 0.0008792156421040747), (5, 0.00155688041538696), (6, 0.0009114491082482907), (7, 0.0011766868496090128), (8, 0.00020712956973197215), (9, 0.0008552762669024913), (10, 0.0015303828457970464), (11, 0.0008045603282138848), (12, 0.0006749987510978445), (13, 0.0011320582025642401), (14, 0.0011153884283236282), (15, 0.0014700407187275585), (16, 0.0011742789940478535), (17, 0.001040305407814455), (18, 0.00016059865824345646), (19, 0.0007130296395164098), (20, 0.001157224869059645)], 'average_training_loss': [(1, 2.160287684864468), (2, 1.9573484129375882), (3, 1.8604931566450331), (4, 1.7961478630701702), (5, 1.7544645733303494), (6, 1.7153964307573106), (7, 1.6849059396319919), (8, 1.6765279902352228), (9, 1.6374247868855794), (10, 1.6175373792648315), (11, 1.60405343108707), (12, 1.590832167201572), (13, 1.5709045463138156), (14, 1.553364051712884), (15, 1.54862642288208), (16, 1.5214648909038968), (17, 1.514768295817905), (18, 1.5086915625466242), (19, 1.4975038766860962), (20, 1.4757704734802246)], 'estimated_times': [(1, [11.99959074893079, 13.174443343154378, 4.84586447224733, 4.984707597043322, 6.727795549502427, 32.688274242083864, 9.332526381335146, 14.876808997723005, 27.472407019609427]), (2, [27.472407019609427, 6.727795549502427, 4.84586447224733, 4.984707597043322, 11.99959074893079, 14.876808997723005, 13.174443343154378, 9.332526381335146, 32.688274242083864]), (3, [32.688274242083864, 14.876808997723005, 4.84586447224733, 9.332526381335146, 13.174443343154378, 4.984707597043322, 6.727795549502427, 16.42138222708066, 11.99959074893079]), (4, [4.84586447224733, 9.332526381335146, 13.174443343154378, 14.876808997723005, 11.99959074893079, 6.727795549502427, 4.984707597043322, 27.472407019609427, 16.42138222708066]), (5, [14.876808997723005, 27.472407019609427, 13.174443343154378, 32.688274242083864, 4.984707597043322, 6.727795549502427, 11.99959074893079, 9.332526381335146, 16.42138222708066]), (6, [32.688274242083864, 4.84586447224733, 11.99959074893079, 13.174443343154378, 27.472407019609427, 4.984707597043322, 14.876808997723005, 9.332526381335146, 6.727795549502427]), (7, [6.727795549502427, 4.84586447224733, 13.174443343154378, 11.99959074893079, 9.332526381335146, 27.472407019609427, 32.688274242083864, 14.876808997723005, 4.984707597043322]), (8, [27.472407019609427, 32.688274242083864, 13.174443343154378, 6.727795549502427, 16.42138222708066, 11.99959074893079, 9.332526381335146, 4.84586447224733, 14.876808997723005]), (9, [6.727795549502427, 9.332526381335146, 4.984707597043322, 16.42138222708066, 13.174443343154378, 32.688274242083864, 27.472407019609427, 11.99959074893079, 14.876808997723005]), (10, [32.688274242083864, 4.84586447224733, 4.984707597043322, 14.876808997723005, 27.472407019609427, 9.332526381335146, 6.727795549502427, 11.99959074893079, 16.42138222708066]), (11, [9.332526381335146, 11.99959074893079, 6.727795549502427, 4.984707597043322, 13.174443343154378, 16.42138222708066, 14.876808997723005, 27.472407019609427, 4.84586447224733]), (12, [6.727795549502427, 32.688274242083864, 13.174443343154378, 4.984707597043322, 9.332526381335146, 16.42138222708066, 11.99959074893079, 14.876808997723005, 4.84586447224733]), (13, [27.472407019609427, 9.332526381335146, 4.984707597043322, 32.688274242083864, 14.876808997723005, 6.727795549502427, 13.174443343154378, 11.99959074893079, 4.84586447224733]), (14, [27.472407019609427, 11.99959074893079, 4.84586447224733, 9.332526381335146, 4.984707597043322, 6.727795549502427, 13.174443343154378, 16.42138222708066, 14.876808997723005]), (15, [6.727795549502427, 11.99959074893079, 13.174443343154378, 14.876808997723005, 32.688274242083864, 9.332526381335146, 4.984707597043322, 16.42138222708066, 27.472407019609427]), (16, [11.99959074893079, 6.727795549502427, 16.42138222708066, 32.688274242083864, 9.332526381335146, 4.84586447224733, 4.984707597043322, 14.876808997723005, 27.472407019609427]), (17, [27.472407019609427, 13.174443343154378, 4.84586447224733, 32.688274242083864, 9.332526381335146, 4.984707597043322, 6.727795549502427, 16.42138222708066, 14.876808997723005]), (18, [4.84586447224733, 32.688274242083864, 13.174443343154378, 27.472407019609427, 11.99959074893079, 9.332526381335146, 14.876808997723005, 16.42138222708066, 6.727795549502427]), (19, [4.984707597043322, 27.472407019609427, 14.876808997723005, 9.332526381335146, 13.174443343154378, 16.42138222708066, 32.688274242083864, 4.84586447224733, 11.99959074893079]), (20, [9.332526381335146, 4.984707597043322, 13.174443343154378, 6.727795549502427, 16.42138222708066, 32.688274242083864, 11.99959074893079, 14.876808997723005, 27.472407019609427])]}
[2025-03-09 20:03:43,558][flwr][INFO] - app_fit: metrics_distributed {}
[2025-03-09 20:03:43,558][flwr][INFO] - app_fit: losses_centralized [(0, 2.304658889770508), (1, 2.330146551132202), (2, 2.3634748458862305), (3, 2.357165575027466), (4, 2.212580919265747), (5, 2.0058491230010986), (6, 1.8325228691101074), (7, 1.6801420450210571), (8, 1.6165978908538818), (9, 1.5993071794509888), (10, 1.584963321685791), (11, 1.5722284317016602), (12, 1.5449750423431396), (13, 1.523893117904663), (14, 1.5057313442230225), (15, 1.498105525970459), (16, 1.4696831703186035), (17, 1.5089701414108276), (18, 1.4207992553710938), (19, 1.440273642539978), (20, 1.4633190631866455)]
[2025-03-09 20:03:43,559][flwr][INFO] - app_fit: metrics_centralized {'accuracy': [(0, 0.10000000149011612), (1, 0.10360000282526016), (2, 0.10000000149011612), (3, 0.1006999984383583), (4, 0.13920000195503235), (5, 0.22550000250339508), (6, 0.320499986410141), (7, 0.38119998574256897), (8, 0.40869998931884766), (9, 0.4180000126361847), (10, 0.4178999960422516), (11, 0.423799991607666), (12, 0.4327999949455261), (13, 0.4537999927997589), (14, 0.4498000144958496), (15, 0.45399999618530273), (16, 0.45750001072883606), (17, 0.44290000200271606), (18, 0.47839999198913574), (19, 0.4837999939918518), (20, 0.4715999960899353)]}
