[2025-03-09 12:53:53,759][flwr][INFO] - Using FedAvg strategy
[2025-03-09 12:53:53,759][flwr][INFO] - Starting Flower simulation, config: ServerConfig(num_rounds=20, round_timeout=None)
[2025-03-09 12:53:54,911][flwr][INFO] - Flower VCE: Ray initialized with resources: {'node:__internal_head__': 1.0, 'memory': 11923121767.0, 'object_store_memory': 2147483648.0, 'node:127.0.0.1': 1.0, 'CPU': 8.0}
[2025-03-09 12:53:54,911][flwr][INFO] - Flower VCE: Resources for each Virtual Client: {'num_cpus': 0.5, 'num_gpus': 0}
[2025-03-09 12:53:54,917][flwr][INFO] - Flower VCE: Creating VirtualClientEngineActorPool with 16 actors
[2025-03-09 12:53:54,917][flwr][INFO] - Initializing global parameters
[2025-03-09 12:53:54,917][flwr][INFO] - Requesting initial parameters from one random client
[2025-03-09 12:54:00,170][flwr][INFO] - Received initial parameters from one random client
[2025-03-09 12:54:00,170][flwr][INFO] - Evaluating initial parameters
[2025-03-09 12:54:01,314][flwr][INFO] - initial parameters (loss, other metrics): 2.3030576705932617, {'accuracy': 0.10000000149011612}
[2025-03-09 12:54:01,314][flwr][INFO] - FL starting
[2025-03-09 12:54:01,314][flwr][DEBUG] - fit_round 1: strategy sampled 9 clients (out of 10)
[2025-03-09 12:54:30,640][flwr][DEBUG] - fit_round 1 received 9 results and 0 failures
[2025-03-09 12:54:31,699][flwr][INFO] - fit progress: (1, 2.3673031330108643, {'accuracy': 0.10000000149011612}, 30.385670082992874)
[2025-03-09 12:54:31,699][flwr][DEBUG] - evaluate_round 1: strategy sampled 9 clients (out of 10)
[2025-03-09 12:54:33,404][flwr][DEBUG] - evaluate_round 1 received 9 results and 0 failures
[2025-03-09 12:54:33,404][flwr][WARNING] - No evaluate_metrics_aggregation_fn provided
[2025-03-09 12:54:33,405][flwr][DEBUG] - fit_round 2: strategy sampled 9 clients (out of 10)
[2025-03-09 12:55:02,598][flwr][DEBUG] - fit_round 2 received 9 results and 0 failures
[2025-03-09 12:55:03,759][flwr][INFO] - fit progress: (2, 2.3979008197784424, {'accuracy': 0.11490000039339066}, 62.4461524579674)
[2025-03-09 12:55:03,760][flwr][DEBUG] - evaluate_round 2: strategy sampled 9 clients (out of 10)
[2025-03-09 12:55:05,731][flwr][DEBUG] - evaluate_round 2 received 9 results and 0 failures
[2025-03-09 12:55:05,731][flwr][DEBUG] - fit_round 3: strategy sampled 9 clients (out of 10)
[2025-03-09 12:55:31,271][flwr][DEBUG] - fit_round 3 received 9 results and 0 failures
[2025-03-09 12:55:32,333][flwr][INFO] - fit progress: (3, 2.246783494949341, {'accuracy': 0.18410000205039978}, 91.01993849995779)
[2025-03-09 12:55:32,333][flwr][DEBUG] - evaluate_round 3: strategy sampled 9 clients (out of 10)
[2025-03-09 12:55:34,021][flwr][DEBUG] - evaluate_round 3 received 9 results and 0 failures
[2025-03-09 12:55:34,021][flwr][DEBUG] - fit_round 4: strategy sampled 9 clients (out of 10)
[2025-03-09 12:56:00,859][flwr][DEBUG] - fit_round 4 received 9 results and 0 failures
[2025-03-09 12:56:01,911][flwr][INFO] - fit progress: (4, 1.9841492176055908, {'accuracy': 0.2434999942779541}, 120.5982408329728)
[2025-03-09 12:56:01,911][flwr][DEBUG] - evaluate_round 4: strategy sampled 9 clients (out of 10)
[2025-03-09 12:56:03,618][flwr][DEBUG] - evaluate_round 4 received 9 results and 0 failures
[2025-03-09 12:56:03,618][flwr][DEBUG] - fit_round 5: strategy sampled 9 clients (out of 10)
[2025-03-09 12:56:28,811][flwr][DEBUG] - fit_round 5 received 9 results and 0 failures
[2025-03-09 12:56:29,843][flwr][INFO] - fit progress: (5, 1.7731596231460571, {'accuracy': 0.3301999866962433}, 148.5298759159632)
[2025-03-09 12:56:29,843][flwr][DEBUG] - evaluate_round 5: strategy sampled 9 clients (out of 10)
[2025-03-09 12:56:31,577][flwr][DEBUG] - evaluate_round 5 received 9 results and 0 failures
[2025-03-09 12:56:31,577][flwr][DEBUG] - fit_round 6: strategy sampled 9 clients (out of 10)
[2025-03-09 12:56:59,153][flwr][DEBUG] - fit_round 6 received 9 results and 0 failures
[2025-03-09 12:57:00,222][flwr][INFO] - fit progress: (6, 1.695824384689331, {'accuracy': 0.36550000309944153}, 178.90929720795248)
[2025-03-09 12:57:00,222][flwr][DEBUG] - evaluate_round 6: strategy sampled 9 clients (out of 10)
[2025-03-09 12:57:01,797][flwr][DEBUG] - evaluate_round 6 received 9 results and 0 failures
[2025-03-09 12:57:01,798][flwr][DEBUG] - fit_round 7: strategy sampled 9 clients (out of 10)
[2025-03-09 12:57:29,458][flwr][DEBUG] - fit_round 7 received 9 results and 0 failures
[2025-03-09 12:57:30,499][flwr][INFO] - fit progress: (7, 1.62416410446167, {'accuracy': 0.3968999981880188}, 209.18619687500177)
[2025-03-09 12:57:30,499][flwr][DEBUG] - evaluate_round 7: strategy sampled 9 clients (out of 10)
[2025-03-09 12:57:32,127][flwr][DEBUG] - evaluate_round 7 received 9 results and 0 failures
[2025-03-09 12:57:32,127][flwr][DEBUG] - fit_round 8: strategy sampled 9 clients (out of 10)
[2025-03-09 12:58:00,810][flwr][DEBUG] - fit_round 8 received 9 results and 0 failures
[2025-03-09 12:58:01,827][flwr][INFO] - fit progress: (8, 1.628731608390808, {'accuracy': 0.3840000033378601}, 240.51455299998634)
[2025-03-09 12:58:01,827][flwr][DEBUG] - evaluate_round 8: strategy sampled 9 clients (out of 10)
[2025-03-09 12:58:03,509][flwr][DEBUG] - evaluate_round 8 received 9 results and 0 failures
[2025-03-09 12:58:03,509][flwr][DEBUG] - fit_round 9: strategy sampled 9 clients (out of 10)
[2025-03-09 12:58:30,697][flwr][DEBUG] - fit_round 9 received 9 results and 0 failures
[2025-03-09 12:58:31,710][flwr][INFO] - fit progress: (9, 1.569138765335083, {'accuracy': 0.40959998965263367}, 270.3977559999912)
[2025-03-09 12:58:31,710][flwr][DEBUG] - evaluate_round 9: strategy sampled 9 clients (out of 10)
[2025-03-09 12:58:33,323][flwr][DEBUG] - evaluate_round 9 received 9 results and 0 failures
[2025-03-09 12:58:33,323][flwr][DEBUG] - fit_round 10: strategy sampled 9 clients (out of 10)
[2025-03-09 12:58:59,790][flwr][DEBUG] - fit_round 10 received 9 results and 0 failures
[2025-03-09 12:59:00,820][flwr][INFO] - fit progress: (10, 1.6200320720672607, {'accuracy': 0.4002000093460083}, 299.50859095796477)
[2025-03-09 12:59:00,821][flwr][DEBUG] - evaluate_round 10: strategy sampled 9 clients (out of 10)
[2025-03-09 12:59:02,448][flwr][DEBUG] - evaluate_round 10 received 9 results and 0 failures
[2025-03-09 12:59:02,448][flwr][DEBUG] - fit_round 11: strategy sampled 9 clients (out of 10)
[2025-03-09 12:59:30,825][flwr][DEBUG] - fit_round 11 received 9 results and 0 failures
[2025-03-09 12:59:31,874][flwr][INFO] - fit progress: (11, 1.5047838687896729, {'accuracy': 0.44749999046325684}, 330.56238941597985)
[2025-03-09 12:59:31,874][flwr][DEBUG] - evaluate_round 11: strategy sampled 9 clients (out of 10)
[2025-03-09 12:59:33,552][flwr][DEBUG] - evaluate_round 11 received 9 results and 0 failures
[2025-03-09 12:59:33,552][flwr][DEBUG] - fit_round 12: strategy sampled 9 clients (out of 10)
[2025-03-09 13:00:02,093][flwr][DEBUG] - fit_round 12 received 9 results and 0 failures
[2025-03-09 13:00:03,134][flwr][INFO] - fit progress: (12, 1.5948691368103027, {'accuracy': 0.414900004863739}, 361.82278383296216)
[2025-03-09 13:00:03,134][flwr][DEBUG] - evaluate_round 12: strategy sampled 9 clients (out of 10)
[2025-03-09 13:00:04,797][flwr][DEBUG] - evaluate_round 12 received 9 results and 0 failures
[2025-03-09 13:00:04,797][flwr][DEBUG] - fit_round 13: strategy sampled 9 clients (out of 10)
[2025-03-09 13:00:30,144][flwr][DEBUG] - fit_round 13 received 9 results and 0 failures
[2025-03-09 13:00:31,159][flwr][INFO] - fit progress: (13, 1.493774175643921, {'accuracy': 0.4528999924659729}, 389.84761266596615)
[2025-03-09 13:00:31,159][flwr][DEBUG] - evaluate_round 13: strategy sampled 9 clients (out of 10)
[2025-03-09 13:00:32,744][flwr][DEBUG] - evaluate_round 13 received 9 results and 0 failures
[2025-03-09 13:00:32,744][flwr][DEBUG] - fit_round 14: strategy sampled 9 clients (out of 10)
[2025-03-09 13:01:02,410][flwr][DEBUG] - fit_round 14 received 9 results and 0 failures
[2025-03-09 13:01:03,636][flwr][INFO] - fit progress: (14, 1.493801236152649, {'accuracy': 0.44699999690055847}, 422.3246922909748)
[2025-03-09 13:01:03,636][flwr][DEBUG] - evaluate_round 14: strategy sampled 9 clients (out of 10)
[2025-03-09 13:01:05,473][flwr][DEBUG] - evaluate_round 14 received 9 results and 0 failures
[2025-03-09 13:01:05,473][flwr][DEBUG] - fit_round 15: strategy sampled 9 clients (out of 10)
[2025-03-09 13:01:34,265][flwr][DEBUG] - fit_round 15 received 9 results and 0 failures
[2025-03-09 13:01:35,316][flwr][INFO] - fit progress: (15, 1.424387812614441, {'accuracy': 0.4657999873161316}, 454.0052862499724)
[2025-03-09 13:01:35,316][flwr][DEBUG] - evaluate_round 15: strategy sampled 9 clients (out of 10)
[2025-03-09 13:01:37,040][flwr][DEBUG] - evaluate_round 15 received 9 results and 0 failures
[2025-03-09 13:01:37,041][flwr][DEBUG] - fit_round 16: strategy sampled 9 clients (out of 10)
[2025-03-09 13:02:06,075][flwr][DEBUG] - fit_round 16 received 9 results and 0 failures
[2025-03-09 13:02:07,119][flwr][INFO] - fit progress: (16, 1.4233616590499878, {'accuracy': 0.4648999869823456}, 485.8083103749668)
[2025-03-09 13:02:07,119][flwr][DEBUG] - evaluate_round 16: strategy sampled 9 clients (out of 10)
[2025-03-09 13:02:08,851][flwr][DEBUG] - evaluate_round 16 received 9 results and 0 failures
[2025-03-09 13:02:08,851][flwr][DEBUG] - fit_round 17: strategy sampled 9 clients (out of 10)
[2025-03-09 13:02:36,267][flwr][DEBUG] - fit_round 17 received 9 results and 0 failures
[2025-03-09 13:02:37,381][flwr][INFO] - fit progress: (17, 1.4334819316864014, {'accuracy': 0.47519999742507935}, 516.0705013329862)
[2025-03-09 13:02:37,381][flwr][DEBUG] - evaluate_round 17: strategy sampled 9 clients (out of 10)
[2025-03-09 13:02:39,112][flwr][DEBUG] - evaluate_round 17 received 9 results and 0 failures
[2025-03-09 13:02:39,112][flwr][DEBUG] - fit_round 18: strategy sampled 9 clients (out of 10)
[2025-03-09 13:03:04,640][flwr][DEBUG] - fit_round 18 received 9 results and 0 failures
[2025-03-09 13:03:05,705][flwr][INFO] - fit progress: (18, 1.5267258882522583, {'accuracy': 0.4440999925136566}, 544.3946362079587)
[2025-03-09 13:03:05,705][flwr][DEBUG] - evaluate_round 18: strategy sampled 9 clients (out of 10)
[2025-03-09 13:03:07,639][flwr][DEBUG] - evaluate_round 18 received 9 results and 0 failures
[2025-03-09 13:03:07,639][flwr][DEBUG] - fit_round 19: strategy sampled 9 clients (out of 10)
[2025-03-09 13:03:35,479][flwr][DEBUG] - fit_round 19 received 9 results and 0 failures
[2025-03-09 13:03:36,538][flwr][INFO] - fit progress: (19, 1.3949307203292847, {'accuracy': 0.4855000078678131}, 575.2277198749944)
[2025-03-09 13:03:36,538][flwr][DEBUG] - evaluate_round 19: strategy sampled 9 clients (out of 10)
[2025-03-09 13:03:38,286][flwr][DEBUG] - evaluate_round 19 received 9 results and 0 failures
[2025-03-09 13:03:38,286][flwr][DEBUG] - fit_round 20: strategy sampled 9 clients (out of 10)
[2025-03-09 13:04:06,104][flwr][DEBUG] - fit_round 20 received 9 results and 0 failures
[2025-03-09 13:04:07,171][flwr][INFO] - fit progress: (20, 1.3568614721298218, {'accuracy': 0.5044999718666077}, 605.8616182909464)
[2025-03-09 13:04:07,172][flwr][DEBUG] - evaluate_round 20: strategy sampled 9 clients (out of 10)
[2025-03-09 13:04:09,306][flwr][DEBUG] - evaluate_round 20 received 9 results and 0 failures
[2025-03-09 13:04:09,306][flwr][INFO] - FL finished in 607.9961660829722
[2025-03-09 13:04:09,306][flwr][INFO] - app_fit: losses_distributed [(1, 2.36546726753117), (2, 2.39657174055401), (3, 2.240222024088875), (4, 1.9894374968108859), (5, 1.7888903725699732), (6, 1.7144135156554492), (7, 1.644591288034849), (8, 1.647235205147993), (9, 1.5916886756865787), (10, 1.6477535861762564), (11, 1.5247819267503802), (12, 1.6142545853755859), (13, 1.5163566283042857), (14, 1.5107025582269327), (15, 1.439137637236933), (16, 1.439532695222863), (17, 1.4484542319058302), (18, 1.550124885037888), (19, 1.41102163264637), (20, 1.3716408301242784)]
[2025-03-09 13:04:09,307][flwr][INFO] - app_fit: metrics_distributed_fit {'variance_training_loss': [(1, 0.00845673938976441), (2, 0.0023919476906914), (3, 0.0013681549749163075), (4, 0.0008715371841137514), (5, 0.0010669474898635637), (6, 0.001399187506257179), (7, 0.0010489552960894028), (8, 0.001565327836709053), (9, 0.0013586211382646748), (10, 0.001422158210212633), (11, 0.0013930751017810817), (12, 0.0014900201885521055), (13, 0.0012471754487454532), (14, 0.0013987834368710966), (15, 0.0011129342471021017), (16, 0.0007744079583990298), (17, 0.0012373676754234033), (18, 0.0014502522705331306), (19, 0.0009713007518789597), (20, 0.0017134933229196272)], 'average_training_loss': [(1, 2.0951249334547253), (2, 1.9152287509706285), (3, 1.8317318227556016), (4, 1.7736036777496338), (5, 1.7242350445853338), (6, 1.694911864068773), (7, 1.6665688620673285), (8, 1.626387317975362), (9, 1.6004154019885592), (10, 1.5857429769304063), (11, 1.556884315278795), (12, 1.5428934892018635), (13, 1.524747954474555), (14, 1.5123627848095365), (15, 1.4971793095270793), (16, 1.4960168335172865), (17, 1.4681544966167874), (18, 1.456542730331421), (19, 1.4634985791312323), (20, 1.437198003133138)], 'estimated_times': [(1, [15.784125950045386, 34.608043093951814, 47.30044892221207, 12.199385616974865, 3.8784867429109773, 11.509544216381418, 17.175010014921533, 16.98266264397574, 18.420738861512906]), (2, [47.30044892221207, 11.509544216381418, 12.199385616974865, 3.8784867429109773, 16.98266264397574, 18.420738861512906, 34.608043093951814, 17.175010014921533, 15.784125950045386]), (3, [16.98266264397574, 7.985935020697026, 18.420738861512906, 11.509544216381418, 3.8784867429109773, 17.175010014921533, 15.784125950045386, 12.199385616974865, 34.608043093951814]), (4, [17.175010014921533, 15.784125950045386, 47.30044892221207, 12.199385616974865, 7.985935020697026, 3.8784867429109773, 11.509544216381418, 16.98266264397574, 34.608043093951814]), (5, [7.985935020697026, 11.509544216381418, 12.199385616974865, 17.175010014921533, 16.98266264397574, 3.8784867429109773, 34.608043093951814, 15.784125950045386, 18.420738861512906]), (6, [3.8784867429109773, 11.509544216381418, 17.175010014921533, 15.784125950045386, 18.420738861512906, 47.30044892221207, 7.985935020697026, 12.199385616974865, 34.608043093951814]), (7, [7.985935020697026, 12.199385616974865, 17.175010014921533, 3.8784867429109773, 11.509544216381418, 18.420738861512906, 15.784125950045386, 47.30044892221207, 34.608043093951814]), (8, [12.199385616974865, 18.420738861512906, 17.175010014921533, 15.784125950045386, 11.509544216381418, 47.30044892221207, 34.608043093951814, 16.98266264397574, 7.985935020697026]), (9, [34.608043093951814, 12.199385616974865, 3.8784867429109773, 11.509544216381418, 16.98266264397574, 47.30044892221207, 7.985935020697026, 18.420738861512906, 17.175010014921533]), (10, [11.509544216381418, 12.199385616974865, 3.8784867429109773, 7.985935020697026, 15.784125950045386, 17.175010014921533, 47.30044892221207, 34.608043093951814, 16.98266264397574]), (11, [47.30044892221207, 16.98266264397574, 18.420738861512906, 11.509544216381418, 12.199385616974865, 3.8784867429109773, 34.608043093951814, 7.985935020697026, 15.784125950045386]), (12, [15.784125950045386, 7.985935020697026, 12.199385616974865, 11.509544216381418, 47.30044892221207, 18.420738861512906, 34.608043093951814, 16.98266264397574, 17.175010014921533]), (13, [12.199385616974865, 11.509544216381418, 18.420738861512906, 7.985935020697026, 17.175010014921533, 3.8784867429109773, 16.98266264397574, 34.608043093951814, 15.784125950045386]), (14, [11.509544216381418, 17.175010014921533, 7.985935020697026, 16.98266264397574, 34.608043093951814, 47.30044892221207, 15.784125950045386, 3.8784867429109773, 18.420738861512906]), (15, [47.30044892221207, 3.8784867429109773, 16.98266264397574, 15.784125950045386, 11.509544216381418, 18.420738861512906, 17.175010014921533, 34.608043093951814, 7.985935020697026]), (16, [17.175010014921533, 3.8784867429109773, 16.98266264397574, 47.30044892221207, 12.199385616974865, 15.784125950045386, 34.608043093951814, 18.420738861512906, 11.509544216381418]), (17, [7.985935020697026, 12.199385616974865, 3.8784867429109773, 17.175010014921533, 16.98266264397574, 11.509544216381418, 15.784125950045386, 18.420738861512906, 47.30044892221207]), (18, [18.420738861512906, 17.175010014921533, 3.8784867429109773, 11.509544216381418, 34.608043093951814, 16.98266264397574, 15.784125950045386, 12.199385616974865, 7.985935020697026]), (19, [17.175010014921533, 7.985935020697026, 18.420738861512906, 12.199385616974865, 3.8784867429109773, 47.30044892221207, 16.98266264397574, 34.608043093951814, 11.509544216381418]), (20, [34.608043093951814, 18.420738861512906, 12.199385616974865, 17.175010014921533, 3.8784867429109773, 47.30044892221207, 7.985935020697026, 15.784125950045386, 11.509544216381418])]}
[2025-03-09 13:04:09,308][flwr][INFO] - app_fit: metrics_distributed {}
[2025-03-09 13:04:09,308][flwr][INFO] - app_fit: losses_centralized [(0, 2.3030576705932617), (1, 2.3673031330108643), (2, 2.3979008197784424), (3, 2.246783494949341), (4, 1.9841492176055908), (5, 1.7731596231460571), (6, 1.695824384689331), (7, 1.62416410446167), (8, 1.628731608390808), (9, 1.569138765335083), (10, 1.6200320720672607), (11, 1.5047838687896729), (12, 1.5948691368103027), (13, 1.493774175643921), (14, 1.493801236152649), (15, 1.424387812614441), (16, 1.4233616590499878), (17, 1.4334819316864014), (18, 1.5267258882522583), (19, 1.3949307203292847), (20, 1.3568614721298218)]
[2025-03-09 13:04:09,308][flwr][INFO] - app_fit: metrics_centralized {'accuracy': [(0, 0.10000000149011612), (1, 0.10000000149011612), (2, 0.11490000039339066), (3, 0.18410000205039978), (4, 0.2434999942779541), (5, 0.3301999866962433), (6, 0.36550000309944153), (7, 0.3968999981880188), (8, 0.3840000033378601), (9, 0.40959998965263367), (10, 0.4002000093460083), (11, 0.44749999046325684), (12, 0.414900004863739), (13, 0.4528999924659729), (14, 0.44699999690055847), (15, 0.4657999873161316), (16, 0.4648999869823456), (17, 0.47519999742507935), (18, 0.4440999925136566), (19, 0.4855000078678131), (20, 0.5044999718666077)]}
