[2025-03-09 17:06:16,695][flwr][INFO] - Starting Flower simulation, config: ServerConfig(num_rounds=20, round_timeout=None)
[2025-03-09 17:06:17,929][flwr][INFO] - Flower VCE: Ray initialized with resources: {'node:__internal_head__': 1.0, 'memory': 17544188724.0, 'node:127.0.0.1': 1.0, 'CPU': 8.0, 'object_store_memory': 2147483648.0}
[2025-03-09 17:06:17,929][flwr][INFO] - Flower VCE: Resources for each Virtual Client: {'num_cpus': 0.5, 'num_gpus': 0}
[2025-03-09 17:06:17,940][flwr][INFO] - Flower VCE: Creating VirtualClientEngineActorPool with 16 actors
[2025-03-09 17:06:17,940][flwr][INFO] - Initializing global parameters
[2025-03-09 17:06:17,940][flwr][INFO] - Requesting initial parameters from one random client
[2025-03-09 17:06:23,221][flwr][INFO] - Received initial parameters from one random client
[2025-03-09 17:06:23,221][flwr][INFO] - Evaluating initial parameters
[2025-03-09 17:06:24,363][flwr][INFO] - initial parameters (loss, other metrics): 2.302608013153076, {'accuracy': 0.09269999712705612}
[2025-03-09 17:06:24,363][flwr][INFO] - FL starting with RPOW variant
[2025-03-09 17:06:27,138][flwr][INFO] - Server 1: about to sample 9 clients
[2025-03-09 17:06:27,138][flwr][INFO] - Round 1: selected clients
            ['6', '0', '5', '8', '1', '3', '4', '7', '2'] for fit.
[2025-03-09 17:06:27,138][flwr][DEBUG] - fit_round 1: strategy sampled 9 clients (out of 10)
[2025-03-09 17:06:44,147][flwr][DEBUG] - fit_round 1 received 9 results and 0 failures
[2025-03-09 17:06:45,201][flwr][INFO] - fit progress: (1, 2.3112404346466064, {'accuracy': 0.10010000318288803}, 20.837269707990345)
[2025-03-09 17:06:45,201][flwr][DEBUG] - evaluate_round 1: strategy sampled 9 clients (out of 10)
[2025-03-09 17:06:46,784][flwr][DEBUG] - evaluate_round 1 received 9 results and 0 failures
[2025-03-09 17:06:46,784][flwr][WARNING] - No evaluate_metrics_aggregation_fn provided
[2025-03-09 17:06:49,563][flwr][INFO] - Server 2: about to sample 9 clients
[2025-03-09 17:06:49,564][flwr][INFO] - Round 2: selected clients
            ['0', '5', '8', '2', '7', '6', '4', '9', '3'] for fit.
[2025-03-09 17:06:49,564][flwr][DEBUG] - fit_round 2: strategy sampled 9 clients (out of 10)
[2025-03-09 17:07:07,170][flwr][DEBUG] - fit_round 2 received 9 results and 0 failures
[2025-03-09 17:07:08,249][flwr][INFO] - fit progress: (2, 2.350790023803711, {'accuracy': 0.10040000081062317}, 43.88580262497999)
[2025-03-09 17:07:08,249][flwr][DEBUG] - evaluate_round 2: strategy sampled 9 clients (out of 10)
[2025-03-09 17:07:09,859][flwr][DEBUG] - evaluate_round 2 received 9 results and 0 failures
[2025-03-09 17:07:12,641][flwr][INFO] - Server 3: about to sample 9 clients
[2025-03-09 17:07:12,641][flwr][INFO] - Round 3: selected clients
            ['5', '2', '6', '7', '8', '4', '0', '9', '3'] for fit.
[2025-03-09 17:07:12,641][flwr][DEBUG] - fit_round 3: strategy sampled 9 clients (out of 10)
[2025-03-09 17:07:30,183][flwr][DEBUG] - fit_round 3 received 9 results and 0 failures
[2025-03-09 17:07:31,241][flwr][INFO] - fit progress: (3, 2.4318454265594482, {'accuracy': 0.11509999632835388}, 66.87703929102281)
[2025-03-09 17:07:31,241][flwr][DEBUG] - evaluate_round 3: strategy sampled 9 clients (out of 10)
[2025-03-09 17:07:32,907][flwr][DEBUG] - evaluate_round 3 received 9 results and 0 failures
[2025-03-09 17:07:35,620][flwr][INFO] - Server 4: about to sample 9 clients
[2025-03-09 17:07:35,620][flwr][INFO] - Round 4: selected clients
            ['3', '6', '2', '8', '7', '5', '4', '9', '0'] for fit.
[2025-03-09 17:07:35,620][flwr][DEBUG] - fit_round 4: strategy sampled 9 clients (out of 10)
[2025-03-09 17:07:53,146][flwr][DEBUG] - fit_round 4 received 9 results and 0 failures
[2025-03-09 17:07:54,215][flwr][INFO] - fit progress: (4, 2.455339193344116, {'accuracy': 0.11940000206232071}, 89.85085758299101)
[2025-03-09 17:07:54,215][flwr][DEBUG] - evaluate_round 4: strategy sampled 9 clients (out of 10)
[2025-03-09 17:07:56,000][flwr][DEBUG] - evaluate_round 4 received 9 results and 0 failures
[2025-03-09 17:07:58,722][flwr][INFO] - Server 5: about to sample 9 clients
[2025-03-09 17:07:58,723][flwr][INFO] - Round 5: selected clients
            ['7', '9', '2', '5', '4', '6', '0', '8', '3'] for fit.
[2025-03-09 17:07:58,723][flwr][DEBUG] - fit_round 5: strategy sampled 9 clients (out of 10)
[2025-03-09 17:08:16,341][flwr][DEBUG] - fit_round 5 received 9 results and 0 failures
[2025-03-09 17:08:17,378][flwr][INFO] - fit progress: (5, 2.318653106689453, {'accuracy': 0.16439999639987946}, 113.01374091597972)
[2025-03-09 17:08:17,378][flwr][DEBUG] - evaluate_round 5: strategy sampled 9 clients (out of 10)
[2025-03-09 17:08:18,975][flwr][DEBUG] - evaluate_round 5 received 9 results and 0 failures
[2025-03-09 17:08:21,786][flwr][INFO] - Server 6: about to sample 9 clients
[2025-03-09 17:08:21,786][flwr][INFO] - Round 6: selected clients
            ['6', '8', '3', '0', '1', '5', '9', '2', '7'] for fit.
[2025-03-09 17:08:21,786][flwr][DEBUG] - fit_round 6: strategy sampled 9 clients (out of 10)
[2025-03-09 17:08:40,223][flwr][DEBUG] - fit_round 6 received 9 results and 0 failures
[2025-03-09 17:08:41,259][flwr][INFO] - fit progress: (6, 2.0989832878112793, {'accuracy': 0.21559999883174896}, 136.89449749997584)
[2025-03-09 17:08:41,259][flwr][DEBUG] - evaluate_round 6: strategy sampled 9 clients (out of 10)
[2025-03-09 17:08:42,919][flwr][DEBUG] - evaluate_round 6 received 9 results and 0 failures
[2025-03-09 17:08:45,642][flwr][INFO] - Server 7: about to sample 9 clients
[2025-03-09 17:08:45,642][flwr][INFO] - Round 7: selected clients
            ['7', '4', '3', '8', '6', '0', '9', '2', '5'] for fit.
[2025-03-09 17:08:45,642][flwr][DEBUG] - fit_round 7: strategy sampled 9 clients (out of 10)
[2025-03-09 17:09:03,277][flwr][DEBUG] - fit_round 7 received 9 results and 0 failures
[2025-03-09 17:09:04,341][flwr][INFO] - fit progress: (7, 1.9016388654708862, {'accuracy': 0.28369998931884766}, 159.97677637502784)
[2025-03-09 17:09:04,341][flwr][DEBUG] - evaluate_round 7: strategy sampled 9 clients (out of 10)
[2025-03-09 17:09:06,073][flwr][DEBUG] - evaluate_round 7 received 9 results and 0 failures
[2025-03-09 17:09:08,804][flwr][INFO] - Server 8: about to sample 9 clients
[2025-03-09 17:09:08,804][flwr][INFO] - Round 8: selected clients
            ['6', '0', '2', '8', '3', '5', '9', '4', '1'] for fit.
[2025-03-09 17:09:08,804][flwr][DEBUG] - fit_round 8: strategy sampled 9 clients (out of 10)
[2025-03-09 17:09:26,413][flwr][DEBUG] - fit_round 8 received 9 results and 0 failures
[2025-03-09 17:09:27,460][flwr][INFO] - fit progress: (8, 1.8380937576293945, {'accuracy': 0.3043000102043152}, 183.09554962499533)
[2025-03-09 17:09:27,460][flwr][DEBUG] - evaluate_round 8: strategy sampled 9 clients (out of 10)
[2025-03-09 17:09:29,193][flwr][DEBUG] - evaluate_round 8 received 9 results and 0 failures
[2025-03-09 17:09:31,926][flwr][INFO] - Server 9: about to sample 9 clients
[2025-03-09 17:09:31,926][flwr][INFO] - Round 9: selected clients
            ['2', '6', '4', '9', '5', '3', '0', '7', '8'] for fit.
[2025-03-09 17:09:31,926][flwr][DEBUG] - fit_round 9: strategy sampled 9 clients (out of 10)
[2025-03-09 17:09:49,485][flwr][DEBUG] - fit_round 9 received 9 results and 0 failures
[2025-03-09 17:09:50,536][flwr][INFO] - fit progress: (9, 1.7111144065856934, {'accuracy': 0.3723999857902527}, 206.17182879103348)
[2025-03-09 17:09:50,536][flwr][DEBUG] - evaluate_round 9: strategy sampled 9 clients (out of 10)
[2025-03-09 17:09:52,185][flwr][DEBUG] - evaluate_round 9 received 9 results and 0 failures
[2025-03-09 17:09:54,904][flwr][INFO] - Server 10: about to sample 9 clients
[2025-03-09 17:09:54,904][flwr][INFO] - Round 10: selected clients
            ['1', '8', '2', '6', '9', '0', '5', '3', '4'] for fit.
[2025-03-09 17:09:54,904][flwr][DEBUG] - fit_round 10: strategy sampled 9 clients (out of 10)
[2025-03-09 17:10:12,564][flwr][DEBUG] - fit_round 10 received 9 results and 0 failures
[2025-03-09 17:10:13,618][flwr][INFO] - fit progress: (10, 1.713240385055542, {'accuracy': 0.3675000071525574}, 229.2534772080253)
[2025-03-09 17:10:13,618][flwr][DEBUG] - evaluate_round 10: strategy sampled 9 clients (out of 10)
[2025-03-09 17:10:15,291][flwr][DEBUG] - evaluate_round 10 received 9 results and 0 failures
[2025-03-09 17:10:18,069][flwr][INFO] - Server 11: about to sample 9 clients
[2025-03-09 17:10:18,069][flwr][INFO] - Round 11: selected clients
            ['7', '0', '6', '9', '8', '3', '4', '2', '5'] for fit.
[2025-03-09 17:10:18,070][flwr][DEBUG] - fit_round 11: strategy sampled 9 clients (out of 10)
[2025-03-09 17:10:35,597][flwr][DEBUG] - fit_round 11 received 9 results and 0 failures
[2025-03-09 17:10:36,645][flwr][INFO] - fit progress: (11, 1.6679954528808594, {'accuracy': 0.38989999890327454}, 252.2803077910212)
[2025-03-09 17:10:36,645][flwr][DEBUG] - evaluate_round 11: strategy sampled 9 clients (out of 10)
[2025-03-09 17:10:38,370][flwr][DEBUG] - evaluate_round 11 received 9 results and 0 failures
[2025-03-09 17:10:41,089][flwr][INFO] - Server 12: about to sample 9 clients
[2025-03-09 17:10:41,089][flwr][INFO] - Round 12: selected clients
            ['8', '3', '6', '9', '5', '2', '1', '0', '4'] for fit.
[2025-03-09 17:10:41,089][flwr][DEBUG] - fit_round 12: strategy sampled 9 clients (out of 10)
[2025-03-09 17:10:58,817][flwr][DEBUG] - fit_round 12 received 9 results and 0 failures
[2025-03-09 17:10:59,851][flwr][INFO] - fit progress: (12, 1.6300197839736938, {'accuracy': 0.4083000123500824}, 275.48640133300796)
[2025-03-09 17:10:59,851][flwr][DEBUG] - evaluate_round 12: strategy sampled 9 clients (out of 10)
[2025-03-09 17:11:01,527][flwr][DEBUG] - evaluate_round 12 received 9 results and 0 failures
[2025-03-09 17:11:04,274][flwr][INFO] - Server 13: about to sample 9 clients
[2025-03-09 17:11:04,274][flwr][INFO] - Round 13: selected clients
            ['7', '5', '8', '9', '6', '2', '4', '0', '3'] for fit.
[2025-03-09 17:11:04,274][flwr][DEBUG] - fit_round 13: strategy sampled 9 clients (out of 10)
[2025-03-09 17:11:21,923][flwr][DEBUG] - fit_round 13 received 9 results and 0 failures
[2025-03-09 17:11:22,986][flwr][INFO] - fit progress: (13, 1.7256954908370972, {'accuracy': 0.3555999994277954}, 298.62055845803116)
[2025-03-09 17:11:22,986][flwr][DEBUG] - evaluate_round 13: strategy sampled 9 clients (out of 10)
[2025-03-09 17:11:24,552][flwr][DEBUG] - evaluate_round 13 received 9 results and 0 failures
[2025-03-09 17:11:27,357][flwr][INFO] - Server 14: about to sample 9 clients
[2025-03-09 17:11:27,357][flwr][INFO] - Round 14: selected clients
            ['6', '0', '5', '8', '4', '3', '9', '2', '7'] for fit.
[2025-03-09 17:11:27,358][flwr][DEBUG] - fit_round 14: strategy sampled 9 clients (out of 10)
[2025-03-09 17:11:44,999][flwr][DEBUG] - fit_round 14 received 9 results and 0 failures
[2025-03-09 17:11:46,117][flwr][INFO] - fit progress: (14, 1.7864429950714111, {'accuracy': 0.34599998593330383}, 321.7518303330289)
[2025-03-09 17:11:46,117][flwr][DEBUG] - evaluate_round 14: strategy sampled 9 clients (out of 10)
[2025-03-09 17:11:47,892][flwr][DEBUG] - evaluate_round 14 received 9 results and 0 failures
[2025-03-09 17:11:50,710][flwr][INFO] - Server 15: about to sample 9 clients
[2025-03-09 17:11:50,710][flwr][INFO] - Round 15: selected clients
            ['4', '3', '9', '0', '8', '7', '2', '5', '6'] for fit.
[2025-03-09 17:11:50,710][flwr][DEBUG] - fit_round 15: strategy sampled 9 clients (out of 10)
[2025-03-09 17:12:08,268][flwr][DEBUG] - fit_round 15 received 9 results and 0 failures
[2025-03-09 17:12:09,331][flwr][INFO] - fit progress: (15, 1.6585628986358643, {'accuracy': 0.39660000801086426}, 344.9659583750181)
[2025-03-09 17:12:09,331][flwr][DEBUG] - evaluate_round 15: strategy sampled 9 clients (out of 10)
[2025-03-09 17:12:11,048][flwr][DEBUG] - evaluate_round 15 received 9 results and 0 failures
[2025-03-09 17:12:13,844][flwr][INFO] - Server 16: about to sample 9 clients
[2025-03-09 17:12:13,844][flwr][INFO] - Round 16: selected clients
            ['8', '0', '9', '6', '2', '7', '4', '3', '5'] for fit.
[2025-03-09 17:12:13,844][flwr][DEBUG] - fit_round 16: strategy sampled 9 clients (out of 10)
[2025-03-09 17:12:31,395][flwr][DEBUG] - fit_round 16 received 9 results and 0 failures
[2025-03-09 17:12:32,448][flwr][INFO] - fit progress: (16, 1.6751322746276855, {'accuracy': 0.38370001316070557}, 368.08212941599777)
[2025-03-09 17:12:32,448][flwr][DEBUG] - evaluate_round 16: strategy sampled 9 clients (out of 10)
[2025-03-09 17:12:34,497][flwr][DEBUG] - evaluate_round 16 received 9 results and 0 failures
[2025-03-09 17:12:37,227][flwr][INFO] - Server 17: about to sample 9 clients
[2025-03-09 17:12:37,227][flwr][INFO] - Round 17: selected clients
            ['5', '7', '0', '9', '8', '4', '2', '6', '3'] for fit.
[2025-03-09 17:12:37,227][flwr][DEBUG] - fit_round 17: strategy sampled 9 clients (out of 10)
[2025-03-09 17:12:54,836][flwr][DEBUG] - fit_round 17 received 9 results and 0 failures
[2025-03-09 17:12:55,866][flwr][INFO] - fit progress: (17, 1.5895986557006836, {'accuracy': 0.4203000068664551}, 391.5006527910009)
[2025-03-09 17:12:55,866][flwr][DEBUG] - evaluate_round 17: strategy sampled 9 clients (out of 10)
[2025-03-09 17:12:57,632][flwr][DEBUG] - evaluate_round 17 received 9 results and 0 failures
[2025-03-09 17:13:00,361][flwr][INFO] - Server 18: about to sample 9 clients
[2025-03-09 17:13:00,361][flwr][INFO] - Round 18: selected clients
            ['2', '1', '6', '3', '8', '0', '7', '5', '4'] for fit.
[2025-03-09 17:13:00,361][flwr][DEBUG] - fit_round 18: strategy sampled 9 clients (out of 10)
[2025-03-09 17:13:17,522][flwr][DEBUG] - fit_round 18 received 9 results and 0 failures
[2025-03-09 17:13:18,570][flwr][INFO] - fit progress: (18, 1.5654653310775757, {'accuracy': 0.43140000104904175}, 414.20391116599785)
[2025-03-09 17:13:18,570][flwr][DEBUG] - evaluate_round 18: strategy sampled 9 clients (out of 10)
[2025-03-09 17:13:20,240][flwr][DEBUG] - evaluate_round 18 received 9 results and 0 failures
[2025-03-09 17:13:22,973][flwr][INFO] - Server 19: about to sample 9 clients
[2025-03-09 17:13:22,974][flwr][INFO] - Round 19: selected clients
            ['2', '8', '3', '0', '7', '5', '9', '4', '6'] for fit.
[2025-03-09 17:13:22,974][flwr][DEBUG] - fit_round 19: strategy sampled 9 clients (out of 10)
[2025-03-09 17:13:40,599][flwr][DEBUG] - fit_round 19 received 9 results and 0 failures
[2025-03-09 17:13:41,647][flwr][INFO] - fit progress: (19, 1.6093288660049438, {'accuracy': 0.41429999470710754}, 437.28152895800304)
[2025-03-09 17:13:41,647][flwr][DEBUG] - evaluate_round 19: strategy sampled 9 clients (out of 10)
[2025-03-09 17:13:43,414][flwr][DEBUG] - evaluate_round 19 received 9 results and 0 failures
[2025-03-09 17:13:46,152][flwr][INFO] - Server 20: about to sample 9 clients
[2025-03-09 17:13:46,152][flwr][INFO] - Round 20: selected clients
            ['9', '7', '4', '5', '3', '8', '0', '2', '6'] for fit.
[2025-03-09 17:13:46,152][flwr][DEBUG] - fit_round 20: strategy sampled 9 clients (out of 10)
[2025-03-09 17:14:03,774][flwr][DEBUG] - fit_round 20 received 9 results and 0 failures
[2025-03-09 17:14:04,852][flwr][INFO] - fit progress: (20, 1.558891773223877, {'accuracy': 0.4392000138759613}, 460.48575079097645)
[2025-03-09 17:14:04,853][flwr][DEBUG] - evaluate_round 20: strategy sampled 9 clients (out of 10)
[2025-03-09 17:14:06,502][flwr][DEBUG] - evaluate_round 20 received 9 results and 0 failures
[2025-03-09 17:14:06,502][flwr][INFO] - FL finished in 462.13636658299947
[2025-03-09 17:14:06,503][flwr][INFO] - app_fit: losses_distributed [(1, 2.3074095451153216), (2, 2.3580532521406106), (3, 2.4512560556922853), (4, 2.483732196432146), (5, 2.349952171942568), (6, 2.118077198594017), (7, 1.9257532658043854), (8, 1.8567249374393882), (9, 1.7246590703064717), (10, 1.7183938277757174), (11, 1.6756521583449662), (12, 1.6331736196479), (13, 1.740069040336118), (14, 1.7975540543512212), (15, 1.662684567755265), (16, 1.6854867592467178), (17, 1.597433795099673), (18, 1.5693062953701045), (19, 1.611561092372055), (20, 1.5597653773471964)]
[2025-03-09 17:14:06,503][flwr][INFO] - app_fit: metrics_distributed_fit {'variance_training_loss': [(1, 0.013498634435765981), (2, 0.0022998264085704306), (3, 0.000934745998228964), (4, 0.0008175608369591362), (5, 0.0007105168719680264), (6, 0.0008422431701578463), (7, 0.00048612771707634697), (8, 0.0005554093889751736), (9, 0.0004969553117349771), (10, 0.0003798074505425575), (11, 0.00073756418761749), (12, 0.00016796696513665665), (13, 0.0005491535963248096), (14, 0.000209847557599996), (15, 0.0002461577394020272), (16, 0.0004401932820283288), (17, 0.0005223664749123992), (18, 0.00034617433593343833), (19, 0.00045383235739165445), (20, 0.0003905715903109455)], 'average_training_loss': [(1, 2.258093516031901), (2, 2.0750736925337048), (3, 1.9807662301593356), (4, 1.916706575287713), (5, 1.8566534651650324), (6, 1.8156935373942058), (7, 1.7834871742460463), (8, 1.7625794013341267), (9, 1.741682039366828), (10, 1.723650574684143), (11, 1.702728894021776), (12, 1.6924826701482136), (13, 1.6664460235171847), (14, 1.666482475068834), (15, 1.6493007342020671), (16, 1.636533538500468), (17, 1.621165977583991), (18, 1.6161021921369765), (19, 1.6011603143480089), (20, 1.5939285622702704)], 'estimated_times': [(1, [27.10957929810756, 4.769374685512482, 2.959961141111199, 7.679897970918575, 7.983659711877142, 8.270135297470764, 6.292916531736693, 14.794721522280733, 5.901087204363965]), (2, [5.901087204363965, 4.769374685512482, 2.959961141111199, 8.270135297470764, 7.983659711877142, 9.545140046328846, 27.10957929810756, 14.794721522280733, 6.292916531736693]), (3, [14.794721522280733, 2.959961141111199, 7.983659711877142, 6.292916531736693, 5.901087204363965, 8.270135297470764, 27.10957929810756, 9.545140046328846, 4.769374685512482]), (4, [2.959961141111199, 4.769374685512482, 7.983659711877142, 5.901087204363965, 9.545140046328846, 27.10957929810756, 14.794721522280733, 8.270135297470764, 6.292916531736693]), (5, [14.794721522280733, 27.10957929810756, 4.769374685512482, 9.545140046328846, 8.270135297470764, 6.292916531736693, 7.983659711877142, 2.959961141111199, 5.901087204363965]), (6, [9.545140046328846, 6.292916531736693, 7.679897970918575, 5.901087204363965, 7.983659711877142, 2.959961141111199, 27.10957929810756, 14.794721522280733, 8.270135297470764]), (7, [4.769374685512482, 6.292916531736693, 5.901087204363965, 9.545140046328846, 14.794721522280733, 27.10957929810756, 7.983659711877142, 2.959961141111199, 8.270135297470764]), (8, [27.10957929810756, 4.769374685512482, 9.545140046328846, 14.794721522280733, 7.983659711877142, 5.901087204363965, 8.270135297470764, 7.679897970918575, 2.959961141111199]), (9, [7.983659711877142, 2.959961141111199, 4.769374685512482, 5.901087204363965, 14.794721522280733, 6.292916531736693, 27.10957929810756, 9.545140046328846, 8.270135297470764]), (10, [4.769374685512482, 5.901087204363965, 7.679897970918575, 9.545140046328846, 8.270135297470764, 14.794721522280733, 27.10957929810756, 2.959961141111199, 7.983659711877142]), (11, [14.794721522280733, 27.10957929810756, 7.983659711877142, 8.270135297470764, 6.292916531736693, 2.959961141111199, 5.901087204363965, 9.545140046328846, 4.769374685512482]), (12, [4.769374685512482, 14.794721522280733, 7.983659711877142, 5.901087204363965, 8.270135297470764, 2.959961141111199, 9.545140046328846, 27.10957929810756, 7.679897970918575]), (13, [2.959961141111199, 7.983659711877142, 6.292916531736693, 14.794721522280733, 8.270135297470764, 27.10957929810756, 9.545140046328846, 5.901087204363965, 4.769374685512482]), (14, [5.901087204363965, 4.769374685512482, 9.545140046328846, 27.10957929810756, 14.794721522280733, 6.292916531736693, 8.270135297470764, 2.959961141111199, 7.983659711877142]), (15, [6.292916531736693, 14.794721522280733, 4.769374685512482, 5.901087204363965, 8.270135297470764, 9.545140046328846, 2.959961141111199, 27.10957929810756, 7.983659711877142]), (16, [6.292916531736693, 9.545140046328846, 14.794721522280733, 4.769374685512482, 5.901087204363965, 7.983659711877142, 27.10957929810756, 8.270135297470764, 2.959961141111199]), (17, [6.292916531736693, 9.545140046328846, 4.769374685512482, 2.959961141111199, 8.270135297470764, 5.901087204363965, 14.794721522280733, 7.983659711877142, 27.10957929810756]), (18, [27.10957929810756, 14.794721522280733, 7.983659711877142, 8.270135297470764, 7.679897970918575, 4.769374685512482, 5.901087204363965, 6.292916531736693, 2.959961141111199]), (19, [4.769374685512482, 5.901087204363965, 9.545140046328846, 6.292916531736693, 7.983659711877142, 14.794721522280733, 27.10957929810756, 2.959961141111199, 8.270135297470764]), (20, [2.959961141111199, 14.794721522280733, 6.292916531736693, 5.901087204363965, 27.10957929810756, 7.983659711877142, 9.545140046328846, 8.270135297470764, 4.769374685512482])]}
[2025-03-09 17:14:06,505][flwr][INFO] - app_fit: metrics_distributed {}
[2025-03-09 17:14:06,505][flwr][INFO] - app_fit: losses_centralized [(0, 2.302608013153076), (1, 2.3112404346466064), (2, 2.350790023803711), (3, 2.4318454265594482), (4, 2.455339193344116), (5, 2.318653106689453), (6, 2.0989832878112793), (7, 1.9016388654708862), (8, 1.8380937576293945), (9, 1.7111144065856934), (10, 1.713240385055542), (11, 1.6679954528808594), (12, 1.6300197839736938), (13, 1.7256954908370972), (14, 1.7864429950714111), (15, 1.6585628986358643), (16, 1.6751322746276855), (17, 1.5895986557006836), (18, 1.5654653310775757), (19, 1.6093288660049438), (20, 1.558891773223877)]
[2025-03-09 17:14:06,505][flwr][INFO] - app_fit: metrics_centralized {'accuracy': [(0, 0.09269999712705612), (1, 0.10010000318288803), (2, 0.10040000081062317), (3, 0.11509999632835388), (4, 0.11940000206232071), (5, 0.16439999639987946), (6, 0.21559999883174896), (7, 0.28369998931884766), (8, 0.3043000102043152), (9, 0.3723999857902527), (10, 0.3675000071525574), (11, 0.38989999890327454), (12, 0.4083000123500824), (13, 0.3555999994277954), (14, 0.34599998593330383), (15, 0.39660000801086426), (16, 0.38370001316070557), (17, 0.4203000068664551), (18, 0.43140000104904175), (19, 0.41429999470710754), (20, 0.4392000138759613)]}
