[2025-03-09 15:12:19,048][flwr][INFO] - Using FedAvg strategy
[2025-03-09 15:12:19,049][flwr][INFO] - Starting Flower simulation, config: ServerConfig(num_rounds=20, round_timeout=None)
[2025-03-09 15:12:20,181][flwr][INFO] - Flower VCE: Ray initialized with resources: {'object_store_memory': 2147483648.0, 'memory': 12710979175.0, 'node:127.0.0.1': 1.0, 'node:__internal_head__': 1.0, 'CPU': 8.0}
[2025-03-09 15:12:20,181][flwr][INFO] - Flower VCE: Resources for each Virtual Client: {'num_cpus': 0.5, 'num_gpus': 0}
[2025-03-09 15:12:20,188][flwr][INFO] - Flower VCE: Creating VirtualClientEngineActorPool with 16 actors
[2025-03-09 15:12:20,189][flwr][INFO] - Initializing global parameters
[2025-03-09 15:12:20,189][flwr][INFO] - Requesting initial parameters from one random client
[2025-03-09 15:12:25,550][flwr][INFO] - Received initial parameters from one random client
[2025-03-09 15:12:25,550][flwr][INFO] - Evaluating initial parameters
[2025-03-09 15:12:26,647][flwr][INFO] - initial parameters (loss, other metrics): 2.303213596343994, {'accuracy': 0.10000000149011612}
[2025-03-09 15:12:26,647][flwr][INFO] - FL starting
[2025-03-09 15:12:26,647][flwr][DEBUG] - fit_round 1: strategy sampled 9 clients (out of 10)
[2025-03-09 15:13:19,607][flwr][DEBUG] - fit_round 1 received 9 results and 0 failures
[2025-03-09 15:13:20,642][flwr][INFO] - fit progress: (1, 2.0095577239990234, {'accuracy': 0.24050000309944153}, 53.99567554204259)
[2025-03-09 15:13:20,643][flwr][DEBUG] - evaluate_round 1: strategy sampled 9 clients (out of 10)
[2025-03-09 15:13:22,249][flwr][DEBUG] - evaluate_round 1 received 9 results and 0 failures
[2025-03-09 15:13:22,249][flwr][WARNING] - No evaluate_metrics_aggregation_fn provided
[2025-03-09 15:13:22,250][flwr][DEBUG] - fit_round 2: strategy sampled 9 clients (out of 10)
[2025-03-09 15:14:13,703][flwr][DEBUG] - fit_round 2 received 9 results and 0 failures
[2025-03-09 15:14:14,795][flwr][INFO] - fit progress: (2, 1.6439820528030396, {'accuracy': 0.39070001244544983}, 108.23202508303802)
[2025-03-09 15:14:14,795][flwr][DEBUG] - evaluate_round 2: strategy sampled 9 clients (out of 10)
[2025-03-09 15:14:16,435][flwr][DEBUG] - evaluate_round 2 received 9 results and 0 failures
[2025-03-09 15:14:16,435][flwr][DEBUG] - fit_round 3: strategy sampled 9 clients (out of 10)
[2025-03-09 15:15:10,787][flwr][DEBUG] - fit_round 3 received 9 results and 0 failures
[2025-03-09 15:15:11,903][flwr][INFO] - fit progress: (3, 1.5935170650482178, {'accuracy': 0.4072999954223633}, 165.3424820000073)
[2025-03-09 15:15:11,904][flwr][DEBUG] - evaluate_round 3: strategy sampled 9 clients (out of 10)
[2025-03-09 15:15:13,604][flwr][DEBUG] - evaluate_round 3 received 9 results and 0 failures
[2025-03-09 15:15:13,604][flwr][DEBUG] - fit_round 4: strategy sampled 9 clients (out of 10)
[2025-03-09 15:16:05,917][flwr][DEBUG] - fit_round 4 received 9 results and 0 failures
[2025-03-09 15:16:06,939][flwr][INFO] - fit progress: (4, 1.530274748802185, {'accuracy': 0.44179999828338623}, 220.37979154201457)
[2025-03-09 15:16:06,939][flwr][DEBUG] - evaluate_round 4: strategy sampled 9 clients (out of 10)
[2025-03-09 15:16:08,667][flwr][DEBUG] - evaluate_round 4 received 9 results and 0 failures
[2025-03-09 15:16:08,667][flwr][DEBUG] - fit_round 5: strategy sampled 9 clients (out of 10)
[2025-03-09 15:17:00,294][flwr][DEBUG] - fit_round 5 received 9 results and 0 failures
[2025-03-09 15:17:01,328][flwr][INFO] - fit progress: (5, 1.6165817975997925, {'accuracy': 0.4255000054836273}, 274.77016116702)
[2025-03-09 15:17:01,328][flwr][DEBUG] - evaluate_round 5: strategy sampled 9 clients (out of 10)
[2025-03-09 15:17:02,953][flwr][DEBUG] - evaluate_round 5 received 9 results and 0 failures
[2025-03-09 15:17:02,953][flwr][DEBUG] - fit_round 6: strategy sampled 9 clients (out of 10)
[2025-03-09 15:17:55,608][flwr][DEBUG] - fit_round 6 received 9 results and 0 failures
[2025-03-09 15:17:56,711][flwr][INFO] - fit progress: (6, 1.3732167482376099, {'accuracy': 0.515500009059906}, 330.1540717080352)
[2025-03-09 15:17:56,711][flwr][DEBUG] - evaluate_round 6: strategy sampled 9 clients (out of 10)
[2025-03-09 15:17:58,337][flwr][DEBUG] - evaluate_round 6 received 9 results and 0 failures
[2025-03-09 15:17:58,337][flwr][DEBUG] - fit_round 7: strategy sampled 9 clients (out of 10)
[2025-03-09 15:18:50,170][flwr][DEBUG] - fit_round 7 received 9 results and 0 failures
[2025-03-09 15:18:51,296][flwr][INFO] - fit progress: (7, 1.3514437675476074, {'accuracy': 0.5081999897956848}, 384.7409663750441)
[2025-03-09 15:18:51,296][flwr][DEBUG] - evaluate_round 7: strategy sampled 9 clients (out of 10)
[2025-03-09 15:18:53,153][flwr][DEBUG] - evaluate_round 7 received 9 results and 0 failures
[2025-03-09 15:18:53,154][flwr][DEBUG] - fit_round 8: strategy sampled 9 clients (out of 10)
[2025-03-09 15:19:47,600][flwr][DEBUG] - fit_round 8 received 9 results and 0 failures
[2025-03-09 15:19:48,699][flwr][INFO] - fit progress: (8, 1.3299692869186401, {'accuracy': 0.5199000239372253}, 442.14587120804936)
[2025-03-09 15:19:48,699][flwr][DEBUG] - evaluate_round 8: strategy sampled 9 clients (out of 10)
[2025-03-09 15:19:50,370][flwr][DEBUG] - evaluate_round 8 received 9 results and 0 failures
[2025-03-09 15:19:50,370][flwr][DEBUG] - fit_round 9: strategy sampled 9 clients (out of 10)
[2025-03-09 15:20:42,510][flwr][DEBUG] - fit_round 9 received 9 results and 0 failures
[2025-03-09 15:20:43,523][flwr][INFO] - fit progress: (9, 1.523075819015503, {'accuracy': 0.45570001006126404}, 496.9713718750281)
[2025-03-09 15:20:43,523][flwr][DEBUG] - evaluate_round 9: strategy sampled 9 clients (out of 10)
[2025-03-09 15:20:45,205][flwr][DEBUG] - evaluate_round 9 received 9 results and 0 failures
[2025-03-09 15:20:45,206][flwr][DEBUG] - fit_round 10: strategy sampled 9 clients (out of 10)
[2025-03-09 15:22:09,129][flwr][DEBUG] - fit_round 10 received 9 results and 0 failures
[2025-03-09 15:22:10,239][flwr][INFO] - fit progress: (10, 1.3314599990844727, {'accuracy': 0.5112000107765198}, 583.6891121670487)
[2025-03-09 15:22:10,239][flwr][DEBUG] - evaluate_round 10: strategy sampled 9 clients (out of 10)
[2025-03-09 15:22:12,137][flwr][DEBUG] - evaluate_round 10 received 9 results and 0 failures
[2025-03-09 15:22:12,138][flwr][DEBUG] - fit_round 11: strategy sampled 9 clients (out of 10)
[2025-03-09 15:23:04,113][flwr][DEBUG] - fit_round 11 received 9 results and 0 failures
[2025-03-09 15:23:05,175][flwr][INFO] - fit progress: (11, 1.2405309677124023, {'accuracy': 0.5551999807357788}, 638.6270685420022)
[2025-03-09 15:23:05,175][flwr][DEBUG] - evaluate_round 11: strategy sampled 9 clients (out of 10)
[2025-03-09 15:23:07,262][flwr][DEBUG] - evaluate_round 11 received 9 results and 0 failures
[2025-03-09 15:23:07,262][flwr][DEBUG] - fit_round 12: strategy sampled 9 clients (out of 10)
[2025-03-09 15:23:59,656][flwr][DEBUG] - fit_round 12 received 9 results and 0 failures
[2025-03-09 15:24:00,681][flwr][INFO] - fit progress: (12, 1.1832966804504395, {'accuracy': 0.5803999900817871}, 694.1348306250293)
[2025-03-09 15:24:00,681][flwr][DEBUG] - evaluate_round 12: strategy sampled 9 clients (out of 10)
[2025-03-09 15:24:02,416][flwr][DEBUG] - evaluate_round 12 received 9 results and 0 failures
[2025-03-09 15:24:02,416][flwr][DEBUG] - fit_round 13: strategy sampled 9 clients (out of 10)
[2025-03-09 15:25:25,942][flwr][DEBUG] - fit_round 13 received 9 results and 0 failures
[2025-03-09 15:25:27,035][flwr][INFO] - fit progress: (13, 1.3000214099884033, {'accuracy': 0.5072000026702881}, 780.4912190830219)
[2025-03-09 15:25:27,036][flwr][DEBUG] - evaluate_round 13: strategy sampled 9 clients (out of 10)
[2025-03-09 15:25:28,827][flwr][DEBUG] - evaluate_round 13 received 9 results and 0 failures
[2025-03-09 15:25:28,827][flwr][DEBUG] - fit_round 14: strategy sampled 9 clients (out of 10)
[2025-03-09 15:26:22,583][flwr][DEBUG] - fit_round 14 received 9 results and 0 failures
[2025-03-09 15:26:23,626][flwr][INFO] - fit progress: (14, 1.1956433057785034, {'accuracy': 0.5702000260353088}, 837.0837852500263)
[2025-03-09 15:26:23,627][flwr][DEBUG] - evaluate_round 14: strategy sampled 9 clients (out of 10)
[2025-03-09 15:26:25,474][flwr][DEBUG] - evaluate_round 14 received 9 results and 0 failures
[2025-03-09 15:26:25,474][flwr][DEBUG] - fit_round 15: strategy sampled 9 clients (out of 10)
[2025-03-09 15:27:18,609][flwr][DEBUG] - fit_round 15 received 9 results and 0 failures
[2025-03-09 15:27:19,639][flwr][INFO] - fit progress: (15, 1.1245357990264893, {'accuracy': 0.6013000011444092}, 893.0982341250055)
[2025-03-09 15:27:19,639][flwr][DEBUG] - evaluate_round 15: strategy sampled 9 clients (out of 10)
[2025-03-09 15:27:21,363][flwr][DEBUG] - evaluate_round 15 received 9 results and 0 failures
[2025-03-09 15:27:21,363][flwr][DEBUG] - fit_round 16: strategy sampled 9 clients (out of 10)
[2025-03-09 15:28:45,130][flwr][DEBUG] - fit_round 16 received 9 results and 0 failures
[2025-03-09 15:28:46,219][flwr][INFO] - fit progress: (16, 1.1254246234893799, {'accuracy': 0.6007000207901001}, 979.6801759999944)
[2025-03-09 15:28:46,219][flwr][DEBUG] - evaluate_round 16: strategy sampled 9 clients (out of 10)
[2025-03-09 15:28:47,906][flwr][DEBUG] - evaluate_round 16 received 9 results and 0 failures
[2025-03-09 15:28:47,906][flwr][DEBUG] - fit_round 17: strategy sampled 9 clients (out of 10)
[2025-03-09 15:30:11,829][flwr][DEBUG] - fit_round 17 received 9 results and 0 failures
[2025-03-09 15:30:12,936][flwr][INFO] - fit progress: (17, 1.2482346296310425, {'accuracy': 0.5242999792098999}, 1066.3402260000003)
[2025-03-09 15:30:12,936][flwr][DEBUG] - evaluate_round 17: strategy sampled 9 clients (out of 10)
[2025-03-09 15:30:14,816][flwr][DEBUG] - evaluate_round 17 received 9 results and 0 failures
[2025-03-09 15:30:14,816][flwr][DEBUG] - fit_round 18: strategy sampled 9 clients (out of 10)
[2025-03-09 15:31:11,848][flwr][DEBUG] - fit_round 18 received 9 results and 0 failures
[2025-03-09 15:31:13,396][flwr][INFO] - fit progress: (18, 1.1365231275558472, {'accuracy': 0.5934000015258789}, 1126.8014978330466)
[2025-03-09 15:31:13,396][flwr][DEBUG] - evaluate_round 18: strategy sampled 9 clients (out of 10)
[2025-03-09 15:31:15,925][flwr][DEBUG] - evaluate_round 18 received 9 results and 0 failures
[2025-03-09 15:31:15,925][flwr][DEBUG] - fit_round 19: strategy sampled 9 clients (out of 10)
[2025-03-09 15:32:10,801][flwr][DEBUG] - fit_round 19 received 9 results and 0 failures
[2025-03-09 15:32:11,854][flwr][INFO] - fit progress: (19, 1.0534076690673828, {'accuracy': 0.6208999752998352}, 1185.2608747080085)
[2025-03-09 15:32:11,855][flwr][DEBUG] - evaluate_round 19: strategy sampled 9 clients (out of 10)
[2025-03-09 15:32:13,686][flwr][DEBUG] - evaluate_round 19 received 9 results and 0 failures
[2025-03-09 15:32:13,686][flwr][DEBUG] - fit_round 20: strategy sampled 9 clients (out of 10)
[2025-03-09 15:33:06,613][flwr][DEBUG] - fit_round 20 received 9 results and 0 failures
[2025-03-09 15:33:07,637][flwr][INFO] - fit progress: (20, 1.0571753978729248, {'accuracy': 0.6229000091552734}, 1241.0438300830428)
[2025-03-09 15:33:07,637][flwr][DEBUG] - evaluate_round 20: strategy sampled 9 clients (out of 10)
[2025-03-09 15:33:09,405][flwr][DEBUG] - evaluate_round 20 received 9 results and 0 failures
[2025-03-09 15:33:09,405][flwr][INFO] - FL finished in 1242.8121505830204
[2025-03-09 15:33:09,405][flwr][INFO] - app_fit: losses_distributed [(1, 2.042412242798437), (2, 1.6547401341282548), (3, 1.609752126041414), (4, 1.5290588559830083), (5, 1.5938886450441092), (6, 1.3546824055952533), (7, 1.3534118009757055), (8, 1.3149580219981387), (9, 1.5447763289232759), (10, 1.320488028821692), (11, 1.2244669521406453), (12, 1.1841939266025359), (13, 1.2945910852362676), (14, 1.178346744944564), (15, 1.1208556906503249), (16, 1.1071204562734454), (17, 1.2565289442971248), (18, 1.1439421911682703), (19, 1.0432827020879318), (20, 1.0547125029089177)]
[2025-03-09 15:33:09,405][flwr][INFO] - app_fit: metrics_distributed_fit {'variance_training_loss': [(1, 0.000982552713672734), (2, 0.0007147475136141539), (3, 0.0003168757309184558), (4, 0.00020517342783440048), (5, 0.0006366588365049941), (6, 0.0003560212494441915), (7, 0.0002945616501474686), (8, 0.00026551704104805634), (9, 0.00024382372974527143), (10, 0.0001422180125890312), (11, 0.00022793130367510712), (12, 0.00012537224119743182), (13, 0.00013816848720025912), (14, 0.0002527909263648449), (15, 0.0003069154900509198), (16, 0.00014647580585208035), (17, 0.00022083354891902322), (18, 0.00015413082642534853), (19, 0.00025141066549463735), (20, 0.0002986214889658023)], 'average_training_loss': [(1, 1.8684717681672838), (2, 1.7213495307498508), (3, 1.626280426979065), (4, 1.5577407677968342), (5, 1.5071018271976047), (6, 1.4723977777693007), (7, 1.4409008423487346), (8, 1.4065308703316584), (9, 1.3796767393747966), (10, 1.3574714263280232), (11, 1.3322061565187242), (12, 1.3062499231762357), (13, 1.2919156418906317), (14, 1.2728722625308566), (15, 1.256716211636861), (16, 1.2410637935002644), (17, 1.224052521917555), (18, 1.2107791635725234), (19, 1.1932648685243394), (20, 1.1830839978324041)], 'estimated_times': [(1, [56.81151969542819, 51.52237893773187, 106.71698280145047, 89.78266395917358, 70.48500326594488, 46.89569519711815, 43.48283176365626, 61.9012027357335, 80.3542701197499]), (2, [70.48500326594488, 49.56932713997072, 80.3542701197499, 51.52237893773187, 61.9012027357335, 43.48283176365626, 56.81151969542819, 46.89569519711815, 89.78266395917358]), (3, [49.56932713997072, 56.81151969542819, 51.52237893773187, 106.71698280145047, 80.3542701197499, 61.9012027357335, 43.48283176365626, 89.78266395917358, 70.48500326594488]), (4, [106.71698280145047, 51.52237893773187, 56.81151969542819, 49.56932713997072, 89.78266395917358, 46.89569519711815, 43.48283176365626, 61.9012027357335, 80.3542701197499]), (5, [51.52237893773187, 106.71698280145047, 43.48283176365626, 46.89569519711815, 56.81151969542819, 80.3542701197499, 49.56932713997072, 70.48500326594488, 61.9012027357335]), (6, [89.78266395917358, 70.48500326594488, 80.3542701197499, 61.9012027357335, 49.56932713997072, 106.71698280145047, 43.48283176365626, 46.89569519711815, 51.52237893773187]), (7, [106.71698280145047, 56.81151969542819, 49.56932713997072, 70.48500326594488, 89.78266395917358, 46.89569519711815, 80.3542701197499, 61.9012027357335, 51.52237893773187]), (8, [80.3542701197499, 106.71698280145047, 89.78266395917358, 43.48283176365626, 61.9012027357335, 49.56932713997072, 51.52237893773187, 46.89569519711815, 70.48500326594488]), (9, [80.3542701197499, 43.48283176365626, 49.56932713997072, 70.48500326594488, 46.89569519711815, 56.81151969542819, 51.52237893773187, 89.78266395917358, 106.71698280145047]), (10, [89.78266395917358, 106.71698280145047, 80.3542701197499, 61.9012027357335, 51.52237893773187, 70.48500326594488, 46.89569519711815, 49.56932713997072, 43.48283176365626]), (11, [56.81151969542819, 61.9012027357335, 51.52237893773187, 43.48283176365626, 46.89569519711815, 89.78266395917358, 106.71698280145047, 70.48500326594488, 49.56932713997072]), (12, [46.89569519711815, 49.56932713997072, 51.52237893773187, 89.78266395917358, 106.71698280145047, 43.48283176365626, 80.3542701197499, 61.9012027357335, 56.81151969542819]), (13, [61.9012027357335, 56.81151969542819, 89.78266395917358, 70.48500326594488, 46.89569519711815, 80.3542701197499, 106.71698280145047, 43.48283176365626, 49.56932713997072]), (14, [80.3542701197499, 106.71698280145047, 43.48283176365626, 46.89569519711815, 70.48500326594488, 89.78266395917358, 61.9012027357335, 51.52237893773187, 56.81151969542819]), (15, [80.3542701197499, 89.78266395917358, 56.81151969542819, 61.9012027357335, 70.48500326594488, 46.89569519711815, 106.71698280145047, 43.48283176365626, 49.56932713997072]), (16, [70.48500326594488, 46.89569519711815, 49.56932713997072, 43.48283176365626, 106.71698280145047, 89.78266395917358, 56.81151969542819, 80.3542701197499, 51.52237893773187]), (17, [89.78266395917358, 43.48283176365626, 49.56932713997072, 61.9012027357335, 56.81151969542819, 70.48500326594488, 51.52237893773187, 80.3542701197499, 106.71698280145047]), (18, [106.71698280145047, 89.78266395917358, 51.52237893773187, 56.81151969542819, 43.48283176365626, 61.9012027357335, 49.56932713997072, 70.48500326594488, 80.3542701197499]), (19, [46.89569519711815, 106.71698280145047, 43.48283176365626, 56.81151969542819, 70.48500326594488, 51.52237893773187, 80.3542701197499, 61.9012027357335, 49.56932713997072]), (20, [106.71698280145047, 43.48283176365626, 70.48500326594488, 61.9012027357335, 49.56932713997072, 51.52237893773187, 80.3542701197499, 56.81151969542819, 46.89569519711815])]}
[2025-03-09 15:33:09,412][flwr][INFO] - app_fit: metrics_distributed {}
[2025-03-09 15:33:09,412][flwr][INFO] - app_fit: losses_centralized [(0, 2.303213596343994), (1, 2.0095577239990234), (2, 1.6439820528030396), (3, 1.5935170650482178), (4, 1.530274748802185), (5, 1.6165817975997925), (6, 1.3732167482376099), (7, 1.3514437675476074), (8, 1.3299692869186401), (9, 1.523075819015503), (10, 1.3314599990844727), (11, 1.2405309677124023), (12, 1.1832966804504395), (13, 1.3000214099884033), (14, 1.1956433057785034), (15, 1.1245357990264893), (16, 1.1254246234893799), (17, 1.2482346296310425), (18, 1.1365231275558472), (19, 1.0534076690673828), (20, 1.0571753978729248)]
[2025-03-09 15:33:09,413][flwr][INFO] - app_fit: metrics_centralized {'accuracy': [(0, 0.10000000149011612), (1, 0.24050000309944153), (2, 0.39070001244544983), (3, 0.4072999954223633), (4, 0.44179999828338623), (5, 0.4255000054836273), (6, 0.515500009059906), (7, 0.5081999897956848), (8, 0.5199000239372253), (9, 0.45570001006126404), (10, 0.5112000107765198), (11, 0.5551999807357788), (12, 0.5803999900817871), (13, 0.5072000026702881), (14, 0.5702000260353088), (15, 0.6013000011444092), (16, 0.6007000207901001), (17, 0.5242999792098999), (18, 0.5934000015258789), (19, 0.6208999752998352), (20, 0.6229000091552734)]}
