[2025-03-09 23:05:35,271][flwr][INFO] - Using FedAvg strategy
[2025-03-09 23:05:35,271][flwr][INFO] - Starting Flower simulation, config: ServerConfig(num_rounds=20, round_timeout=None)
[2025-03-09 23:05:36,453][flwr][INFO] - Flower VCE: Ray initialized with resources: {'node:__internal_head__': 1.0, 'CPU': 8.0, 'memory': 11095878861.0, 'object_store_memory': 2147483648.0, 'node:127.0.0.1': 1.0}
[2025-03-09 23:05:36,453][flwr][INFO] - Flower VCE: Resources for each Virtual Client: {'num_cpus': 0.5, 'num_gpus': 0}
[2025-03-09 23:05:36,459][flwr][INFO] - Flower VCE: Creating VirtualClientEngineActorPool with 16 actors
[2025-03-09 23:05:36,459][flwr][INFO] - Initializing global parameters
[2025-03-09 23:05:36,459][flwr][INFO] - Requesting initial parameters from one random client
[2025-03-09 23:05:41,719][flwr][INFO] - Received initial parameters from one random client
[2025-03-09 23:05:41,719][flwr][INFO] - Evaluating initial parameters
[2025-03-09 23:05:42,823][flwr][INFO] - initial parameters (loss, other metrics): 2.3047690391540527, {'accuracy': 0.08049999922513962}
[2025-03-09 23:05:42,823][flwr][INFO] - FL starting
[2025-03-09 23:05:42,823][flwr][DEBUG] - fit_round 1: strategy sampled 9 clients (out of 10)
[2025-03-09 23:06:32,826][flwr][DEBUG] - fit_round 1 received 9 results and 0 failures
[2025-03-09 23:06:33,863][flwr][INFO] - fit progress: (1, 2.014521360397339, {'accuracy': 0.23999999463558197}, 51.039904166944325)
[2025-03-09 23:06:33,863][flwr][DEBUG] - evaluate_round 1: strategy sampled 9 clients (out of 10)
[2025-03-09 23:06:35,494][flwr][DEBUG] - evaluate_round 1 received 9 results and 0 failures
[2025-03-09 23:06:35,494][flwr][WARNING] - No evaluate_metrics_aggregation_fn provided
[2025-03-09 23:06:35,494][flwr][DEBUG] - fit_round 2: strategy sampled 9 clients (out of 10)
[2025-03-09 23:07:26,806][flwr][DEBUG] - fit_round 2 received 9 results and 0 failures
[2025-03-09 23:07:27,819][flwr][INFO] - fit progress: (2, 1.668582797050476, {'accuracy': 0.3662000000476837}, 104.97686279204208)
[2025-03-09 23:07:27,820][flwr][DEBUG] - evaluate_round 2: strategy sampled 9 clients (out of 10)
[2025-03-09 23:07:29,492][flwr][DEBUG] - evaluate_round 2 received 9 results and 0 failures
[2025-03-09 23:07:29,493][flwr][DEBUG] - fit_round 3: strategy sampled 9 clients (out of 10)
[2025-03-09 23:08:20,524][flwr][DEBUG] - fit_round 3 received 9 results and 0 failures
[2025-03-09 23:08:21,556][flwr][INFO] - fit progress: (3, 1.5746990442276, {'accuracy': 0.4147000014781952}, 158.712387333042)
[2025-03-09 23:08:21,556][flwr][DEBUG] - evaluate_round 3: strategy sampled 9 clients (out of 10)
[2025-03-09 23:08:23,238][flwr][DEBUG] - evaluate_round 3 received 9 results and 0 failures
[2025-03-09 23:08:23,238][flwr][DEBUG] - fit_round 4: strategy sampled 9 clients (out of 10)
[2025-03-09 23:09:13,650][flwr][DEBUG] - fit_round 4 received 9 results and 0 failures
[2025-03-09 23:09:14,680][flwr][INFO] - fit progress: (4, 1.4944429397583008, {'accuracy': 0.46309998631477356}, 211.8360872080084)
[2025-03-09 23:09:14,680][flwr][DEBUG] - evaluate_round 4: strategy sampled 9 clients (out of 10)
[2025-03-09 23:09:16,341][flwr][DEBUG] - evaluate_round 4 received 9 results and 0 failures
[2025-03-09 23:09:16,341][flwr][DEBUG] - fit_round 5: strategy sampled 9 clients (out of 10)
[2025-03-09 23:10:06,332][flwr][DEBUG] - fit_round 5 received 9 results and 0 failures
[2025-03-09 23:10:07,371][flwr][INFO] - fit progress: (5, 1.4566866159439087, {'accuracy': 0.4745999872684479}, 264.52751099993475)
[2025-03-09 23:10:07,371][flwr][DEBUG] - evaluate_round 5: strategy sampled 9 clients (out of 10)
[2025-03-09 23:10:09,130][flwr][DEBUG] - evaluate_round 5 received 9 results and 0 failures
[2025-03-09 23:10:09,130][flwr][DEBUG] - fit_round 6: strategy sampled 9 clients (out of 10)
[2025-03-09 23:11:00,738][flwr][DEBUG] - fit_round 6 received 9 results and 0 failures
[2025-03-09 23:11:01,794][flwr][INFO] - fit progress: (6, 1.507698893547058, {'accuracy': 0.4602000117301941}, 318.9504525830271)
[2025-03-09 23:11:01,794][flwr][DEBUG] - evaluate_round 6: strategy sampled 9 clients (out of 10)
[2025-03-09 23:11:03,487][flwr][DEBUG] - evaluate_round 6 received 9 results and 0 failures
[2025-03-09 23:11:03,487][flwr][DEBUG] - fit_round 7: strategy sampled 9 clients (out of 10)
[2025-03-09 23:11:54,802][flwr][DEBUG] - fit_round 7 received 9 results and 0 failures
[2025-03-09 23:11:55,861][flwr][INFO] - fit progress: (7, 1.4273791313171387, {'accuracy': 0.4747999906539917}, 373.0166143749375)
[2025-03-09 23:11:55,861][flwr][DEBUG] - evaluate_round 7: strategy sampled 9 clients (out of 10)
[2025-03-09 23:11:57,600][flwr][DEBUG] - evaluate_round 7 received 9 results and 0 failures
[2025-03-09 23:11:57,600][flwr][DEBUG] - fit_round 8: strategy sampled 9 clients (out of 10)
[2025-03-09 23:12:48,178][flwr][DEBUG] - fit_round 8 received 9 results and 0 failures
[2025-03-09 23:12:49,205][flwr][INFO] - fit progress: (8, 1.3003602027893066, {'accuracy': 0.5246999859809875}, 426.36107329197694)
[2025-03-09 23:12:49,205][flwr][DEBUG] - evaluate_round 8: strategy sampled 9 clients (out of 10)
[2025-03-09 23:12:51,225][flwr][DEBUG] - evaluate_round 8 received 9 results and 0 failures
[2025-03-09 23:12:51,225][flwr][DEBUG] - fit_round 9: strategy sampled 9 clients (out of 10)
[2025-03-09 23:13:42,834][flwr][DEBUG] - fit_round 9 received 9 results and 0 failures
[2025-03-09 23:13:43,873][flwr][INFO] - fit progress: (9, 1.2352886199951172, {'accuracy': 0.5521000027656555}, 481.02933566702995)
[2025-03-09 23:13:43,874][flwr][DEBUG] - evaluate_round 9: strategy sampled 9 clients (out of 10)
[2025-03-09 23:13:45,580][flwr][DEBUG] - evaluate_round 9 received 9 results and 0 failures
[2025-03-09 23:13:45,580][flwr][DEBUG] - fit_round 10: strategy sampled 9 clients (out of 10)
[2025-03-09 23:14:38,668][flwr][DEBUG] - fit_round 10 received 9 results and 0 failures
[2025-03-09 23:14:39,803][flwr][INFO] - fit progress: (10, 1.221253752708435, {'accuracy': 0.5557000041007996}, 536.9591049170122)
[2025-03-09 23:14:39,803][flwr][DEBUG] - evaluate_round 10: strategy sampled 9 clients (out of 10)
[2025-03-09 23:14:41,510][flwr][DEBUG] - evaluate_round 10 received 9 results and 0 failures
[2025-03-09 23:14:41,510][flwr][DEBUG] - fit_round 11: strategy sampled 9 clients (out of 10)
[2025-03-09 23:15:33,210][flwr][DEBUG] - fit_round 11 received 9 results and 0 failures
[2025-03-09 23:15:34,297][flwr][INFO] - fit progress: (11, 1.1838345527648926, {'accuracy': 0.5706999897956848}, 591.4529131669551)
[2025-03-09 23:15:34,297][flwr][DEBUG] - evaluate_round 11: strategy sampled 9 clients (out of 10)
[2025-03-09 23:15:36,114][flwr][DEBUG] - evaluate_round 11 received 9 results and 0 failures
[2025-03-09 23:15:36,114][flwr][DEBUG] - fit_round 12: strategy sampled 9 clients (out of 10)
[2025-03-09 23:16:28,351][flwr][DEBUG] - fit_round 12 received 9 results and 0 failures
[2025-03-09 23:16:29,455][flwr][INFO] - fit progress: (12, 1.2521438598632812, {'accuracy': 0.5558000206947327}, 646.610888791969)
[2025-03-09 23:16:29,455][flwr][DEBUG] - evaluate_round 12: strategy sampled 9 clients (out of 10)
[2025-03-09 23:16:31,173][flwr][DEBUG] - evaluate_round 12 received 9 results and 0 failures
[2025-03-09 23:16:31,173][flwr][DEBUG] - fit_round 13: strategy sampled 9 clients (out of 10)
[2025-03-09 23:17:23,865][flwr][DEBUG] - fit_round 13 received 9 results and 0 failures
[2025-03-09 23:17:25,012][flwr][INFO] - fit progress: (13, 1.1543657779693604, {'accuracy': 0.5819000005722046}, 702.1679851249792)
[2025-03-09 23:17:25,012][flwr][DEBUG] - evaluate_round 13: strategy sampled 9 clients (out of 10)
[2025-03-09 23:17:27,024][flwr][DEBUG] - evaluate_round 13 received 9 results and 0 failures
[2025-03-09 23:17:27,024][flwr][DEBUG] - fit_round 14: strategy sampled 9 clients (out of 10)
[2025-03-09 23:18:18,506][flwr][DEBUG] - fit_round 14 received 9 results and 0 failures
[2025-03-09 23:18:19,585][flwr][INFO] - fit progress: (14, 1.2287081480026245, {'accuracy': 0.5511999726295471}, 756.7403922920348)
[2025-03-09 23:18:19,585][flwr][DEBUG] - evaluate_round 14: strategy sampled 9 clients (out of 10)
[2025-03-09 23:18:21,413][flwr][DEBUG] - evaluate_round 14 received 9 results and 0 failures
[2025-03-09 23:18:21,413][flwr][DEBUG] - fit_round 15: strategy sampled 9 clients (out of 10)
[2025-03-09 23:19:12,821][flwr][DEBUG] - fit_round 15 received 9 results and 0 failures
[2025-03-09 23:19:13,950][flwr][INFO] - fit progress: (15, 1.2642070055007935, {'accuracy': 0.5422000288963318}, 811.1057112920098)
[2025-03-09 23:19:13,950][flwr][DEBUG] - evaluate_round 15: strategy sampled 9 clients (out of 10)
[2025-03-09 23:19:15,700][flwr][DEBUG] - evaluate_round 15 received 9 results and 0 failures
[2025-03-09 23:19:15,700][flwr][DEBUG] - fit_round 16: strategy sampled 9 clients (out of 10)
[2025-03-09 23:20:09,914][flwr][DEBUG] - fit_round 16 received 9 results and 0 failures
[2025-03-09 23:20:11,011][flwr][INFO] - fit progress: (16, 1.1196695566177368, {'accuracy': 0.5885999798774719}, 868.1660496250261)
[2025-03-09 23:20:11,011][flwr][DEBUG] - evaluate_round 16: strategy sampled 9 clients (out of 10)
[2025-03-09 23:20:12,834][flwr][DEBUG] - evaluate_round 16 received 9 results and 0 failures
[2025-03-09 23:20:12,835][flwr][DEBUG] - fit_round 17: strategy sampled 9 clients (out of 10)
[2025-03-09 23:21:05,228][flwr][DEBUG] - fit_round 17 received 9 results and 0 failures
[2025-03-09 23:21:06,338][flwr][INFO] - fit progress: (17, 1.091948390007019, {'accuracy': 0.6010000109672546}, 923.493791332934)
[2025-03-09 23:21:06,339][flwr][DEBUG] - evaluate_round 17: strategy sampled 9 clients (out of 10)
[2025-03-09 23:21:08,111][flwr][DEBUG] - evaluate_round 17 received 9 results and 0 failures
[2025-03-09 23:21:08,112][flwr][DEBUG] - fit_round 18: strategy sampled 9 clients (out of 10)
[2025-03-09 23:21:59,617][flwr][DEBUG] - fit_round 18 received 9 results and 0 failures
[2025-03-09 23:22:00,713][flwr][INFO] - fit progress: (18, 1.0841987133026123, {'accuracy': 0.6097000241279602}, 977.8681958329398)
[2025-03-09 23:22:00,713][flwr][DEBUG] - evaluate_round 18: strategy sampled 9 clients (out of 10)
[2025-03-09 23:22:02,443][flwr][DEBUG] - evaluate_round 18 received 9 results and 0 failures
[2025-03-09 23:22:02,443][flwr][DEBUG] - fit_round 19: strategy sampled 9 clients (out of 10)
[2025-03-09 23:22:53,940][flwr][DEBUG] - fit_round 19 received 9 results and 0 failures
[2025-03-09 23:22:55,014][flwr][INFO] - fit progress: (19, 1.0715594291687012, {'accuracy': 0.6133999824523926}, 1032.16971774993)
[2025-03-09 23:22:55,015][flwr][DEBUG] - evaluate_round 19: strategy sampled 9 clients (out of 10)
[2025-03-09 23:22:56,807][flwr][DEBUG] - evaluate_round 19 received 9 results and 0 failures
[2025-03-09 23:22:56,807][flwr][DEBUG] - fit_round 20: strategy sampled 9 clients (out of 10)
[2025-03-09 23:23:48,089][flwr][DEBUG] - fit_round 20 received 9 results and 0 failures
[2025-03-09 23:23:49,180][flwr][INFO] - fit progress: (20, 1.0368847846984863, {'accuracy': 0.6294000148773193}, 1086.33509412501)
[2025-03-09 23:23:49,180][flwr][DEBUG] - evaluate_round 20: strategy sampled 9 clients (out of 10)
[2025-03-09 23:23:50,986][flwr][DEBUG] - evaluate_round 20 received 9 results and 0 failures
[2025-03-09 23:23:50,986][flwr][INFO] - FL finished in 1088.1409073329996
[2025-03-09 23:23:50,986][flwr][INFO] - app_fit: losses_distributed [(1, 2.036707067746679), (2, 1.6670175522912232), (3, 1.5814900708711612), (4, 1.5081954339287889), (5, 1.4627647378718995), (6, 1.5138179579010111), (7, 1.4380814840694314), (8, 1.3100527192532454), (9, 1.259549533863369), (10, 1.2250244773978876), (11, 1.1884732002643383), (12, 1.268980054039197), (13, 1.1679008411121918), (14, 1.2511319340413964), (15, 1.291444693105913), (16, 1.119594714431233), (17, 1.1119777419497143), (18, 1.0966607393844578), (19, 1.0703817853146051), (20, 1.0615973480129888)]
[2025-03-09 23:23:50,986][flwr][INFO] - app_fit: metrics_distributed_fit {'variance_training_loss': [(1, 0.000948052973177412), (2, 0.000498209132336954), (3, 0.00023598211208448246), (4, 0.000424293486800502), (5, 0.0003028674162009546), (6, 0.0003208086752464832), (7, 0.0004025972670876995), (8, 0.00033480204711586225), (9, 0.0004045565005858379), (10, 0.0005049101258305761), (11, 0.0004902927066975988), (12, 0.0005150935275530432), (13, 0.0005509813868071786), (14, 0.00030794506989546605), (15, 0.00037527757517826404), (16, 0.00044155377745861796), (17, 0.0003818034123178727), (18, 0.0004604820077531713), (19, 0.000498214066780458), (20, 0.0005167763082541978)], 'average_training_loss': [(1, 1.870528671476576), (2, 1.717817399236891), (3, 1.6387163400650024), (4, 1.5796962446636624), (5, 1.5192297432157729), (6, 1.476443264219496), (7, 1.4332031144036188), (8, 1.4024348391426935), (9, 1.374976807170444), (10, 1.3419599797990587), (11, 1.3292673826217651), (12, 1.3008237149980333), (13, 1.2927179336547852), (14, 1.261211461491055), (15, 1.2563072840372722), (16, 1.231701652208964), (17, 1.2218956152598064), (18, 1.206383228302002), (19, 1.1944676770104303), (20, 1.1869479682710435)], 'estimated_times': [(1, [104.64708004748425, 78.99378749345675, 84.40537186669734, 104.71018847698092, 50.22705278681359, 37.22463591761341, 98.63301663070824, 67.35567261986928, 47.65623950299066]), (2, [79.81052075533725, 67.35567261986928, 47.65623950299066, 98.63301663070824, 104.71018847698092, 37.22463591761341, 50.22705278681359, 84.40537186669734, 104.64708004748425]), (3, [50.22705278681359, 104.64708004748425, 78.99378749345675, 79.81052075533725, 37.22463591761341, 98.63301663070824, 67.35567261986928, 47.65623950299066, 84.40537186669734]), (4, [78.99378749345675, 47.65623950299066, 84.40537186669734, 98.63301663070824, 37.22463591761341, 104.64708004748425, 79.81052075533725, 104.71018847698092, 67.35567261986928]), (5, [50.22705278681359, 37.22463591761341, 104.71018847698092, 47.65623950299066, 104.64708004748425, 79.81052075533725, 78.99378749345675, 67.35567261986928, 84.40537186669734]), (6, [67.35567261986928, 104.71018847698092, 37.22463591761341, 98.63301663070824, 47.65623950299066, 50.22705278681359, 79.81052075533725, 78.99378749345675, 84.40537186669734]), (7, [84.40537186669734, 98.63301663070824, 47.65623950299066, 104.64708004748425, 37.22463591761341, 50.22705278681359, 67.35567261986928, 104.71018847698092, 79.81052075533725]), (8, [104.71018847698092, 79.81052075533725, 37.22463591761341, 67.35567261986928, 78.99378749345675, 104.64708004748425, 50.22705278681359, 84.40537186669734, 47.65623950299066]), (9, [67.35567261986928, 50.22705278681359, 84.40537186669734, 79.81052075533725, 104.71018847698092, 104.64708004748425, 47.65623950299066, 98.63301663070824, 37.22463591761341]), (10, [67.35567261986928, 50.22705278681359, 84.40537186669734, 104.64708004748425, 98.63301663070824, 104.71018847698092, 79.81052075533725, 47.65623950299066, 78.99378749345675]), (11, [84.40537186669734, 104.64708004748425, 37.22463591761341, 78.99378749345675, 67.35567261986928, 98.63301663070824, 47.65623950299066, 104.71018847698092, 79.81052075533725]), (12, [50.22705278681359, 79.81052075533725, 47.65623950299066, 37.22463591761341, 104.64708004748425, 84.40537186669734, 67.35567261986928, 98.63301663070824, 104.71018847698092]), (13, [104.64708004748425, 47.65623950299066, 84.40537186669734, 67.35567261986928, 37.22463591761341, 79.81052075533725, 98.63301663070824, 78.99378749345675, 50.22705278681359]), (14, [67.35567261986928, 79.81052075533725, 104.71018847698092, 104.64708004748425, 47.65623950299066, 78.99378749345675, 84.40537186669734, 37.22463591761341, 50.22705278681359]), (15, [37.22463591761341, 104.64708004748425, 78.99378749345675, 79.81052075533725, 47.65623950299066, 98.63301663070824, 50.22705278681359, 84.40537186669734, 104.71018847698092]), (16, [78.99378749345675, 67.35567261986928, 79.81052075533725, 104.64708004748425, 84.40537186669734, 98.63301663070824, 47.65623950299066, 104.71018847698092, 50.22705278681359]), (17, [78.99378749345675, 47.65623950299066, 98.63301663070824, 37.22463591761341, 79.81052075533725, 67.35567261986928, 104.71018847698092, 84.40537186669734, 104.64708004748425]), (18, [78.99378749345675, 84.40537186669734, 79.81052075533725, 50.22705278681359, 104.71018847698092, 47.65623950299066, 98.63301663070824, 104.64708004748425, 37.22463591761341]), (19, [79.81052075533725, 37.22463591761341, 98.63301663070824, 67.35567261986928, 104.64708004748425, 50.22705278681359, 104.71018847698092, 47.65623950299066, 78.99378749345675]), (20, [98.63301663070824, 79.81052075533725, 104.71018847698092, 78.99378749345675, 84.40537186669734, 47.65623950299066, 37.22463591761341, 50.22705278681359, 104.64708004748425])]}
[2025-03-09 23:23:50,988][flwr][INFO] - app_fit: metrics_distributed {}
[2025-03-09 23:23:50,988][flwr][INFO] - app_fit: losses_centralized [(0, 2.3047690391540527), (1, 2.014521360397339), (2, 1.668582797050476), (3, 1.5746990442276), (4, 1.4944429397583008), (5, 1.4566866159439087), (6, 1.507698893547058), (7, 1.4273791313171387), (8, 1.3003602027893066), (9, 1.2352886199951172), (10, 1.221253752708435), (11, 1.1838345527648926), (12, 1.2521438598632812), (13, 1.1543657779693604), (14, 1.2287081480026245), (15, 1.2642070055007935), (16, 1.1196695566177368), (17, 1.091948390007019), (18, 1.0841987133026123), (19, 1.0715594291687012), (20, 1.0368847846984863)]
[2025-03-09 23:23:50,988][flwr][INFO] - app_fit: metrics_centralized {'accuracy': [(0, 0.08049999922513962), (1, 0.23999999463558197), (2, 0.3662000000476837), (3, 0.4147000014781952), (4, 0.46309998631477356), (5, 0.4745999872684479), (6, 0.4602000117301941), (7, 0.4747999906539917), (8, 0.5246999859809875), (9, 0.5521000027656555), (10, 0.5557000041007996), (11, 0.5706999897956848), (12, 0.5558000206947327), (13, 0.5819000005722046), (14, 0.5511999726295471), (15, 0.5422000288963318), (16, 0.5885999798774719), (17, 0.6010000109672546), (18, 0.6097000241279602), (19, 0.6133999824523926), (20, 0.6294000148773193)]}
