[2025-03-09 14:07:42,406][flwr][INFO] - Using FedAvg strategy
[2025-03-09 14:07:42,406][flwr][INFO] - Starting Flower simulation, config: ServerConfig(num_rounds=20, round_timeout=None)
[2025-03-09 14:07:43,521][flwr][INFO] - Flower VCE: Ray initialized with resources: {'CPU': 8.0, 'memory': 12386649703.0, 'node:__internal_head__': 1.0, 'object_store_memory': 2147483648.0, 'node:127.0.0.1': 1.0}
[2025-03-09 14:07:43,521][flwr][INFO] - Flower VCE: Resources for each Virtual Client: {'num_cpus': 0.5, 'num_gpus': 0}
[2025-03-09 14:07:43,529][flwr][INFO] - Flower VCE: Creating VirtualClientEngineActorPool with 16 actors
[2025-03-09 14:07:43,529][flwr][INFO] - Initializing global parameters
[2025-03-09 14:07:43,530][flwr][INFO] - Requesting initial parameters from one random client
[2025-03-09 14:07:48,760][flwr][INFO] - Received initial parameters from one random client
[2025-03-09 14:07:48,760][flwr][INFO] - Evaluating initial parameters
[2025-03-09 14:07:49,855][flwr][INFO] - initial parameters (loss, other metrics): 2.3025448322296143, {'accuracy': 0.10000000149011612}
[2025-03-09 14:07:49,856][flwr][INFO] - FL starting
[2025-03-09 14:07:52,363][flwr][DEBUG] - fit_round 1: strategy sampled 9 clients (out of 10)
[2025-03-09 14:08:30,877][flwr][DEBUG] - fit_round 1 received 9 results and 0 failures
[2025-03-09 14:08:32,058][flwr][INFO] - fit progress: (1, 2.53788685798645, {'accuracy': 0.10159999877214432}, 42.202342083037365)
[2025-03-09 14:08:32,058][flwr][DEBUG] - evaluate_round 1: strategy sampled 9 clients (out of 10)
[2025-03-09 14:08:34,065][flwr][DEBUG] - evaluate_round 1 received 9 results and 0 failures
[2025-03-09 14:08:34,065][flwr][WARNING] - No evaluate_metrics_aggregation_fn provided
[2025-03-09 14:08:36,656][flwr][DEBUG] - fit_round 2: strategy sampled 9 clients (out of 10)
[2025-03-09 14:09:16,299][flwr][DEBUG] - fit_round 2 received 9 results and 0 failures
[2025-03-09 14:09:17,347][flwr][INFO] - fit progress: (2, 1.7756102085113525, {'accuracy': 0.3330000042915344}, 87.49071958300192)
[2025-03-09 14:09:17,347][flwr][DEBUG] - evaluate_round 2: strategy sampled 9 clients (out of 10)
[2025-03-09 14:09:18,950][flwr][DEBUG] - evaluate_round 2 received 9 results and 0 failures
[2025-03-09 14:09:21,506][flwr][DEBUG] - fit_round 3: strategy sampled 9 clients (out of 10)
[2025-03-09 14:10:04,515][flwr][DEBUG] - fit_round 3 received 9 results and 0 failures
[2025-03-09 14:10:05,590][flwr][INFO] - fit progress: (3, 1.655699610710144, {'accuracy': 0.38089999556541443}, 135.7336329999962)
[2025-03-09 14:10:05,590][flwr][DEBUG] - evaluate_round 3: strategy sampled 9 clients (out of 10)
[2025-03-09 14:10:07,263][flwr][DEBUG] - evaluate_round 3 received 9 results and 0 failures
[2025-03-09 14:10:09,791][flwr][DEBUG] - fit_round 4: strategy sampled 9 clients (out of 10)
[2025-03-09 14:10:43,288][flwr][DEBUG] - fit_round 4 received 9 results and 0 failures
[2025-03-09 14:10:44,304][flwr][INFO] - fit progress: (4, 1.5885698795318604, {'accuracy': 0.41040000319480896}, 174.4478717080201)
[2025-03-09 14:10:44,305][flwr][DEBUG] - evaluate_round 4: strategy sampled 9 clients (out of 10)
[2025-03-09 14:10:46,031][flwr][DEBUG] - evaluate_round 4 received 9 results and 0 failures
[2025-03-09 14:10:48,489][flwr][DEBUG] - fit_round 5: strategy sampled 9 clients (out of 10)
[2025-03-09 14:11:22,622][flwr][DEBUG] - fit_round 5 received 9 results and 0 failures
[2025-03-09 14:11:23,673][flwr][INFO] - fit progress: (5, 1.5659765005111694, {'accuracy': 0.4221999943256378}, 213.8162833750248)
[2025-03-09 14:11:23,673][flwr][DEBUG] - evaluate_round 5: strategy sampled 9 clients (out of 10)
[2025-03-09 14:11:25,397][flwr][DEBUG] - evaluate_round 5 received 9 results and 0 failures
[2025-03-09 14:11:27,825][flwr][DEBUG] - fit_round 6: strategy sampled 9 clients (out of 10)
[2025-03-09 14:12:01,580][flwr][DEBUG] - fit_round 6 received 9 results and 0 failures
[2025-03-09 14:12:02,608][flwr][INFO] - fit progress: (6, 1.5754315853118896, {'accuracy': 0.4284999966621399}, 252.75126520800404)
[2025-03-09 14:12:02,608][flwr][DEBUG] - evaluate_round 6: strategy sampled 9 clients (out of 10)
[2025-03-09 14:12:04,355][flwr][DEBUG] - evaluate_round 6 received 9 results and 0 failures
[2025-03-09 14:12:06,850][flwr][DEBUG] - fit_round 7: strategy sampled 9 clients (out of 10)
[2025-03-09 14:12:40,517][flwr][DEBUG] - fit_round 7 received 9 results and 0 failures
[2025-03-09 14:12:41,534][flwr][INFO] - fit progress: (7, 1.444635033607483, {'accuracy': 0.47530001401901245}, 291.67641316598747)
[2025-03-09 14:12:41,534][flwr][DEBUG] - evaluate_round 7: strategy sampled 9 clients (out of 10)
[2025-03-09 14:12:43,210][flwr][DEBUG] - evaluate_round 7 received 9 results and 0 failures
[2025-03-09 14:12:45,706][flwr][DEBUG] - fit_round 8: strategy sampled 9 clients (out of 10)
[2025-03-09 14:13:20,843][flwr][DEBUG] - fit_round 8 received 9 results and 0 failures
[2025-03-09 14:13:21,887][flwr][INFO] - fit progress: (8, 1.4471420049667358, {'accuracy': 0.47279998660087585}, 332.02983879100066)
[2025-03-09 14:13:21,887][flwr][DEBUG] - evaluate_round 8: strategy sampled 9 clients (out of 10)
[2025-03-09 14:13:23,533][flwr][DEBUG] - evaluate_round 8 received 9 results and 0 failures
[2025-03-09 14:13:26,035][flwr][DEBUG] - fit_round 9: strategy sampled 9 clients (out of 10)
[2025-03-09 14:14:01,380][flwr][DEBUG] - fit_round 9 received 9 results and 0 failures
[2025-03-09 14:14:02,416][flwr][INFO] - fit progress: (9, 1.4151057004928589, {'accuracy': 0.47189998626708984}, 372.5581983330194)
[2025-03-09 14:14:02,416][flwr][DEBUG] - evaluate_round 9: strategy sampled 9 clients (out of 10)
[2025-03-09 14:14:04,186][flwr][DEBUG] - evaluate_round 9 received 9 results and 0 failures
[2025-03-09 14:14:06,720][flwr][DEBUG] - fit_round 10: strategy sampled 9 clients (out of 10)
[2025-03-09 14:14:42,385][flwr][DEBUG] - fit_round 10 received 9 results and 0 failures
[2025-03-09 14:14:43,462][flwr][INFO] - fit progress: (10, 1.3859888315200806, {'accuracy': 0.5011000037193298}, 413.6042716660304)
[2025-03-09 14:14:43,462][flwr][DEBUG] - evaluate_round 10: strategy sampled 9 clients (out of 10)
[2025-03-09 14:14:45,241][flwr][DEBUG] - evaluate_round 10 received 9 results and 0 failures
[2025-03-09 14:14:47,714][flwr][DEBUG] - fit_round 11: strategy sampled 9 clients (out of 10)
[2025-03-09 14:15:28,057][flwr][DEBUG] - fit_round 11 received 9 results and 0 failures
[2025-03-09 14:15:29,141][flwr][INFO] - fit progress: (11, 1.3990732431411743, {'accuracy': 0.4887999892234802}, 459.2830667499802)
[2025-03-09 14:15:29,141][flwr][DEBUG] - evaluate_round 11: strategy sampled 9 clients (out of 10)
[2025-03-09 14:15:30,996][flwr][DEBUG] - evaluate_round 11 received 9 results and 0 failures
[2025-03-09 14:15:33,529][flwr][DEBUG] - fit_round 12: strategy sampled 9 clients (out of 10)
[2025-03-09 14:16:10,942][flwr][DEBUG] - fit_round 12 received 9 results and 0 failures
[2025-03-09 14:16:12,030][flwr][INFO] - fit progress: (12, 1.3311845064163208, {'accuracy': 0.5198000073432922}, 502.17189908301225)
[2025-03-09 14:16:12,031][flwr][DEBUG] - evaluate_round 12: strategy sampled 9 clients (out of 10)
[2025-03-09 14:16:14,317][flwr][DEBUG] - evaluate_round 12 received 9 results and 0 failures
[2025-03-09 14:16:16,812][flwr][DEBUG] - fit_round 13: strategy sampled 9 clients (out of 10)
[2025-03-09 14:16:55,576][flwr][DEBUG] - fit_round 13 received 9 results and 0 failures
[2025-03-09 14:16:56,578][flwr][INFO] - fit progress: (13, 1.307865023612976, {'accuracy': 0.5286999940872192}, 546.719249124988)
[2025-03-09 14:16:56,578][flwr][DEBUG] - evaluate_round 13: strategy sampled 9 clients (out of 10)
[2025-03-09 14:16:58,374][flwr][DEBUG] - evaluate_round 13 received 9 results and 0 failures
[2025-03-09 14:17:00,859][flwr][DEBUG] - fit_round 14: strategy sampled 9 clients (out of 10)
[2025-03-09 14:17:37,589][flwr][DEBUG] - fit_round 14 received 9 results and 0 failures
[2025-03-09 14:17:38,692][flwr][INFO] - fit progress: (14, 1.4211374521255493, {'accuracy': 0.47609999775886536}, 588.833381250035)
[2025-03-09 14:17:38,693][flwr][DEBUG] - evaluate_round 14: strategy sampled 9 clients (out of 10)
[2025-03-09 14:17:40,513][flwr][DEBUG] - evaluate_round 14 received 9 results and 0 failures
[2025-03-09 14:17:43,024][flwr][DEBUG] - fit_round 15: strategy sampled 9 clients (out of 10)
[2025-03-09 14:18:21,239][flwr][DEBUG] - fit_round 15 received 9 results and 0 failures
[2025-03-09 14:18:22,272][flwr][INFO] - fit progress: (15, 1.2695244550704956, {'accuracy': 0.5351999998092651}, 632.4122978330124)
[2025-03-09 14:18:22,272][flwr][DEBUG] - evaluate_round 15: strategy sampled 9 clients (out of 10)
[2025-03-09 14:18:24,018][flwr][DEBUG] - evaluate_round 15 received 9 results and 0 failures
[2025-03-09 14:18:26,530][flwr][DEBUG] - fit_round 16: strategy sampled 9 clients (out of 10)
[2025-03-09 14:19:04,977][flwr][DEBUG] - fit_round 16 received 9 results and 0 failures
[2025-03-09 14:19:06,070][flwr][INFO] - fit progress: (16, 1.2178595066070557, {'accuracy': 0.553600013256073}, 676.2109921250376)
[2025-03-09 14:19:06,071][flwr][DEBUG] - evaluate_round 16: strategy sampled 9 clients (out of 10)
[2025-03-09 14:19:07,911][flwr][DEBUG] - evaluate_round 16 received 9 results and 0 failures
[2025-03-09 14:19:10,422][flwr][DEBUG] - fit_round 17: strategy sampled 9 clients (out of 10)
[2025-03-09 14:19:45,996][flwr][DEBUG] - fit_round 17 received 9 results and 0 failures
[2025-03-09 14:19:47,029][flwr][INFO] - fit progress: (17, 1.242933988571167, {'accuracy': 0.5394999980926514}, 717.1691616250318)
[2025-03-09 14:19:47,029][flwr][DEBUG] - evaluate_round 17: strategy sampled 9 clients (out of 10)
[2025-03-09 14:19:48,904][flwr][DEBUG] - evaluate_round 17 received 9 results and 0 failures
[2025-03-09 14:19:51,378][flwr][DEBUG] - fit_round 18: strategy sampled 9 clients (out of 10)
[2025-03-09 14:20:26,892][flwr][DEBUG] - fit_round 18 received 9 results and 0 failures
[2025-03-09 14:20:27,968][flwr][INFO] - fit progress: (18, 1.1796870231628418, {'accuracy': 0.5745999813079834}, 758.1075996659929)
[2025-03-09 14:20:27,968][flwr][DEBUG] - evaluate_round 18: strategy sampled 9 clients (out of 10)
[2025-03-09 14:20:29,716][flwr][DEBUG] - evaluate_round 18 received 9 results and 0 failures
[2025-03-09 14:20:32,262][flwr][DEBUG] - fit_round 19: strategy sampled 9 clients (out of 10)
[2025-03-09 14:21:09,220][flwr][DEBUG] - fit_round 19 received 9 results and 0 failures
[2025-03-09 14:21:10,266][flwr][INFO] - fit progress: (19, 1.1708874702453613, {'accuracy': 0.5708000063896179}, 800.4053950409871)
[2025-03-09 14:21:10,266][flwr][DEBUG] - evaluate_round 19: strategy sampled 9 clients (out of 10)
[2025-03-09 14:21:12,041][flwr][DEBUG] - evaluate_round 19 received 9 results and 0 failures
[2025-03-09 14:21:14,503][flwr][DEBUG] - fit_round 20: strategy sampled 9 clients (out of 10)
[2025-03-09 14:21:49,496][flwr][DEBUG] - fit_round 20 received 9 results and 0 failures
[2025-03-09 14:21:50,516][flwr][INFO] - fit progress: (20, 1.2055113315582275, {'accuracy': 0.5649999976158142}, 840.6560607079882)
[2025-03-09 14:21:50,517][flwr][DEBUG] - evaluate_round 20: strategy sampled 9 clients (out of 10)
[2025-03-09 14:21:52,234][flwr][DEBUG] - evaluate_round 20 received 9 results and 0 failures
[2025-03-09 14:21:52,234][flwr][INFO] - FL finished in 842.3733745000209
[2025-03-09 14:21:52,234][flwr][INFO] - app_fit: losses_distributed [(1, 2.543956842729425), (2, 1.794699061867981), (3, 1.6753035011261874), (4, 1.61253489753056), (5, 1.5964711931715712), (6, 1.5942135561832471), (7, 1.4714835709141147), (8, 1.4667902218921303), (9, 1.4361229437076493), (10, 1.4110369395484652), (11, 1.4218735739668709), (12, 1.3495484365269574), (13, 1.3227203061444481), (14, 1.4342408110422482), (15, 1.2670574972447792), (16, 1.2194301997852115), (17, 1.2394571517665356), (18, 1.1847995310331199), (19, 1.1765396356898707), (20, 1.205671557535179)]
[2025-03-09 14:21:52,234][flwr][INFO] - app_fit: metrics_distributed_fit {'variance_training_loss': [(1, 0.0021544020389430646), (2, 0.0005697943528005392), (3, 0.0007307822234790286), (4, 0.0009501347666593747), (5, 0.0008215460463472404), (6, 0.0008322356666812741), (7, 0.0008138406725335143), (8, 0.0007879263416788893), (9, 0.0011149608059174683), (10, 0.00110461304111848), (11, 0.0008791447765562634), (12, 0.001172937711559452), (13, 0.0008550172187701689), (14, 0.0008221984608225183), (15, 0.0010400019053962398), (16, 0.0012376411446977564), (17, 0.0008178048717929363), (18, 0.001191698684834117), (19, 0.0009463977896034747), (20, 0.0010644679121933952)], 'average_training_loss': [(1, 1.9487310647964478), (2, 1.787632359398736), (3, 1.7119737201266818), (4, 1.6625629001193576), (5, 1.6266143984264798), (6, 1.5852288007736206), (7, 1.5539573431015015), (8, 1.525845209757487), (9, 1.4886655542585585), (10, 1.4634639422098796), (11, 1.4403484794828627), (12, 1.4204093482759264), (13, 1.3961198859744601), (14, 1.3795852661132812), (15, 1.3612751166025798), (16, 1.3388373719321356), (17, 1.3253140052159627), (18, 1.3165359761979845), (19, 1.3065531916088529), (20, 1.2842271857791476)], 'estimated_times': [(1, [33.419671413237644, 35.51323805816969, 42.125938506332645, 45.516725519365664, 31.25696532628928, 45.95979567503554, 40.67621486467572, 38.65058120897801, 37.757008802525164]), (2, [42.125938506332645, 35.51323805816969, 31.25696532628928, 45.95979567503554, 37.757008802525164, 38.65058120897801, 40.67621486467572, 45.516725519365664, 33.419671413237644]), (3, [35.51323805816969, 31.25696532628928, 42.125938506332645, 40.67621486467572, 38.65058120897801, 37.757008802525164, 29.0208089866682, 45.95979567503554, 45.516725519365664]), (4, [37.757008802525164, 33.419671413237644, 45.95979567503554, 31.25696532628928, 35.51323805816969, 40.67621486467572, 29.0208089866682, 42.125938506332645, 38.65058120897801]), (5, [38.65058120897801, 37.757008802525164, 31.25696532628928, 45.516725519365664, 35.51323805816969, 40.67621486467572, 33.419671413237644, 29.0208089866682, 45.95979567503554]), (6, [37.757008802525164, 31.25696532628928, 42.125938506332645, 40.67621486467572, 45.95979567503554, 35.51323805816969, 29.0208089866682, 33.419671413237644, 38.65058120897801]), (7, [33.419671413237644, 42.125938506332645, 45.516725519365664, 35.51323805816969, 29.0208089866682, 37.757008802525164, 40.67621486467572, 31.25696532628928, 38.65058120897801]), (8, [33.419671413237644, 38.65058120897801, 37.757008802525164, 42.125938506332645, 45.516725519365664, 29.0208089866682, 31.25696532628928, 45.95979567503554, 40.67621486467572]), (9, [35.51323805816969, 37.757008802525164, 33.419671413237644, 45.95979567503554, 31.25696532628928, 40.67621486467572, 45.516725519365664, 42.125938506332645, 38.65058120897801]), (10, [29.0208089866682, 42.125938506332645, 33.419671413237644, 31.25696532628928, 37.757008802525164, 45.95979567503554, 40.67621486467572, 38.65058120897801, 35.51323805816969]), (11, [37.757008802525164, 45.95979567503554, 38.65058120897801, 60.775173278698475, 42.125938506332645, 35.51323805816969, 43.5312134800023, 50.12950711985646, 31.25696532628928]), (12, [33.419671413237644, 37.757008802525164, 31.25696532628928, 40.67621486467572, 45.95979567503554, 42.125938506332645, 38.65058120897801, 45.516725519365664, 29.0208089866682]), (13, [50.12950711985646, 35.51323805816969, 42.125938506332645, 45.95979567503554, 60.775173278698475, 38.65058120897801, 31.25696532628928, 37.757008802525164, 43.5312134800023]), (14, [31.25696532628928, 29.0208089866682, 37.757008802525164, 42.125938506332645, 40.67621486467572, 33.419671413237644, 35.51323805816969, 45.516725519365664, 45.95979567503554]), (15, [33.419671413237644, 37.757008802525164, 35.51323805816969, 40.67621486467572, 29.0208089866682, 31.25696532628928, 45.95979567503554, 42.125938506332645, 45.516725519365664]), (16, [40.67621486467572, 29.0208089866682, 45.516725519365664, 42.125938506332645, 37.757008802525164, 35.51323805816969, 38.65058120897801, 45.95979567503554, 31.25696532628928]), (17, [33.419671413237644, 45.95979567503554, 40.67621486467572, 37.757008802525164, 29.0208089866682, 38.65058120897801, 42.125938506332645, 35.51323805816969, 31.25696532628928]), (18, [45.516725519365664, 33.419671413237644, 45.95979567503554, 29.0208089866682, 40.67621486467572, 31.25696532628928, 37.757008802525164, 38.65058120897801, 35.51323805816969]), (19, [35.51323805816969, 33.419671413237644, 45.95979567503554, 29.0208089866682, 42.125938506332645, 31.25696532628928, 45.516725519365664, 40.67621486467572, 37.757008802525164]), (20, [38.65058120897801, 42.125938506332645, 37.757008802525164, 33.419671413237644, 29.0208089866682, 45.95979567503554, 40.67621486467572, 35.51323805816969, 31.25696532628928])]}
[2025-03-09 14:21:52,235][flwr][INFO] - app_fit: metrics_distributed {}
[2025-03-09 14:21:52,235][flwr][INFO] - app_fit: losses_centralized [(0, 2.3025448322296143), (1, 2.53788685798645), (2, 1.7756102085113525), (3, 1.655699610710144), (4, 1.5885698795318604), (5, 1.5659765005111694), (6, 1.5754315853118896), (7, 1.444635033607483), (8, 1.4471420049667358), (9, 1.4151057004928589), (10, 1.3859888315200806), (11, 1.3990732431411743), (12, 1.3311845064163208), (13, 1.307865023612976), (14, 1.4211374521255493), (15, 1.2695244550704956), (16, 1.2178595066070557), (17, 1.242933988571167), (18, 1.1796870231628418), (19, 1.1708874702453613), (20, 1.2055113315582275)]
[2025-03-09 14:21:52,235][flwr][INFO] - app_fit: metrics_centralized {'accuracy': [(0, 0.10000000149011612), (1, 0.10159999877214432), (2, 0.3330000042915344), (3, 0.38089999556541443), (4, 0.41040000319480896), (5, 0.4221999943256378), (6, 0.4284999966621399), (7, 0.47530001401901245), (8, 0.47279998660087585), (9, 0.47189998626708984), (10, 0.5011000037193298), (11, 0.4887999892234802), (12, 0.5198000073432922), (13, 0.5286999940872192), (14, 0.47609999775886536), (15, 0.5351999998092651), (16, 0.553600013256073), (17, 0.5394999980926514), (18, 0.5745999813079834), (19, 0.5708000063896179), (20, 0.5649999976158142)]}
