[2025-03-09 17:14:13,416][flwr][INFO] - Using FedAvg strategy
[2025-03-09 17:14:13,416][flwr][INFO] - Starting Flower simulation, config: ServerConfig(num_rounds=20, round_timeout=None)
[2025-03-09 17:14:14,698][flwr][INFO] - Flower VCE: Ray initialized with resources: {'node:127.0.0.1': 1.0, 'node:__internal_head__': 1.0, 'object_store_memory': 2147483648.0, 'memory': 16879014708.0, 'CPU': 8.0}
[2025-03-09 17:14:14,698][flwr][INFO] - Flower VCE: Resources for each Virtual Client: {'num_cpus': 0.5, 'num_gpus': 0}
[2025-03-09 17:14:14,709][flwr][INFO] - Flower VCE: Creating VirtualClientEngineActorPool with 16 actors
[2025-03-09 17:14:14,709][flwr][INFO] - Initializing global parameters
[2025-03-09 17:14:14,709][flwr][INFO] - Requesting initial parameters from one random client
[2025-03-09 17:14:19,988][flwr][INFO] - Received initial parameters from one random client
[2025-03-09 17:14:19,988][flwr][INFO] - Evaluating initial parameters
[2025-03-09 17:14:21,135][flwr][INFO] - initial parameters (loss, other metrics): 2.3041164875030518, {'accuracy': 0.09780000150203705}
[2025-03-09 17:14:21,135][flwr][INFO] - FL starting
[2025-03-09 17:14:23,588][flwr][DEBUG] - fit_round 1: strategy sampled 9 clients (out of 10)
[2025-03-09 17:14:55,516][flwr][DEBUG] - fit_round 1 received 9 results and 0 failures
[2025-03-09 17:14:56,563][flwr][INFO] - fit progress: (1, 2.3315489292144775, {'accuracy': 0.1216999962925911}, 35.427822208963335)
[2025-03-09 17:14:56,563][flwr][DEBUG] - evaluate_round 1: strategy sampled 9 clients (out of 10)
[2025-03-09 17:14:58,096][flwr][DEBUG] - evaluate_round 1 received 9 results and 0 failures
[2025-03-09 17:14:58,096][flwr][WARNING] - No evaluate_metrics_aggregation_fn provided
[2025-03-09 17:15:00,643][flwr][DEBUG] - fit_round 2: strategy sampled 9 clients (out of 10)
[2025-03-09 17:15:32,887][flwr][DEBUG] - fit_round 2 received 9 results and 0 failures
[2025-03-09 17:15:33,942][flwr][INFO] - fit progress: (2, 2.0410659313201904, {'accuracy': 0.2125999927520752}, 72.80586750002112)
[2025-03-09 17:15:33,942][flwr][DEBUG] - evaluate_round 2: strategy sampled 9 clients (out of 10)
[2025-03-09 17:15:35,543][flwr][DEBUG] - evaluate_round 2 received 9 results and 0 failures
[2025-03-09 17:15:38,030][flwr][DEBUG] - fit_round 3: strategy sampled 9 clients (out of 10)
[2025-03-09 17:16:10,348][flwr][DEBUG] - fit_round 3 received 9 results and 0 failures
[2025-03-09 17:16:11,408][flwr][INFO] - fit progress: (3, 1.6873843669891357, {'accuracy': 0.3720000088214874}, 110.27222687500762)
[2025-03-09 17:16:11,408][flwr][DEBUG] - evaluate_round 3: strategy sampled 9 clients (out of 10)
[2025-03-09 17:16:13,036][flwr][DEBUG] - evaluate_round 3 received 9 results and 0 failures
[2025-03-09 17:16:15,484][flwr][DEBUG] - fit_round 4: strategy sampled 9 clients (out of 10)
[2025-03-09 17:16:44,591][flwr][DEBUG] - fit_round 4 received 9 results and 0 failures
[2025-03-09 17:16:45,669][flwr][INFO] - fit progress: (4, 1.7086726427078247, {'accuracy': 0.3716000020503998}, 144.5327944169985)
[2025-03-09 17:16:45,669][flwr][DEBUG] - evaluate_round 4: strategy sampled 9 clients (out of 10)
[2025-03-09 17:16:47,398][flwr][DEBUG] - evaluate_round 4 received 9 results and 0 failures
[2025-03-09 17:16:49,859][flwr][DEBUG] - fit_round 5: strategy sampled 9 clients (out of 10)
[2025-03-09 17:17:21,823][flwr][DEBUG] - fit_round 5 received 9 results and 0 failures
[2025-03-09 17:17:22,854][flwr][INFO] - fit progress: (5, 1.5983535051345825, {'accuracy': 0.4106999933719635}, 181.7171700419858)
[2025-03-09 17:17:22,854][flwr][DEBUG] - evaluate_round 5: strategy sampled 9 clients (out of 10)
[2025-03-09 17:17:24,589][flwr][DEBUG] - evaluate_round 5 received 9 results and 0 failures
[2025-03-09 17:17:27,028][flwr][DEBUG] - fit_round 6: strategy sampled 9 clients (out of 10)
[2025-03-09 17:17:59,028][flwr][DEBUG] - fit_round 6 received 9 results and 0 failures
[2025-03-09 17:18:00,084][flwr][INFO] - fit progress: (6, 1.537144660949707, {'accuracy': 0.444599986076355}, 218.9469587089843)
[2025-03-09 17:18:00,084][flwr][DEBUG] - evaluate_round 6: strategy sampled 9 clients (out of 10)
[2025-03-09 17:18:01,706][flwr][DEBUG] - evaluate_round 6 received 9 results and 0 failures
[2025-03-09 17:18:04,208][flwr][DEBUG] - fit_round 7: strategy sampled 9 clients (out of 10)
[2025-03-09 17:18:33,467][flwr][DEBUG] - fit_round 7 received 9 results and 0 failures
[2025-03-09 17:18:34,518][flwr][INFO] - fit progress: (7, 1.4963765144348145, {'accuracy': 0.45249998569488525}, 253.3807829169673)
[2025-03-09 17:18:34,518][flwr][DEBUG] - evaluate_round 7: strategy sampled 9 clients (out of 10)
[2025-03-09 17:18:36,314][flwr][DEBUG] - evaluate_round 7 received 9 results and 0 failures
[2025-03-09 17:18:38,760][flwr][DEBUG] - fit_round 8: strategy sampled 9 clients (out of 10)
[2025-03-09 17:19:08,116][flwr][DEBUG] - fit_round 8 received 9 results and 0 failures
[2025-03-09 17:19:09,165][flwr][INFO] - fit progress: (8, 1.4924681186676025, {'accuracy': 0.4577000141143799}, 288.02769783401163)
[2025-03-09 17:19:09,165][flwr][DEBUG] - evaluate_round 8: strategy sampled 9 clients (out of 10)
[2025-03-09 17:19:10,935][flwr][DEBUG] - evaluate_round 8 received 9 results and 0 failures
[2025-03-09 17:19:13,386][flwr][DEBUG] - fit_round 9: strategy sampled 9 clients (out of 10)
[2025-03-09 17:19:45,612][flwr][DEBUG] - fit_round 9 received 9 results and 0 failures
[2025-03-09 17:19:46,664][flwr][INFO] - fit progress: (9, 1.443569302558899, {'accuracy': 0.4810999929904938}, 325.526738125016)
[2025-03-09 17:19:46,664][flwr][DEBUG] - evaluate_round 9: strategy sampled 9 clients (out of 10)
[2025-03-09 17:19:48,318][flwr][DEBUG] - evaluate_round 9 received 9 results and 0 failures
[2025-03-09 17:19:50,782][flwr][DEBUG] - fit_round 10: strategy sampled 9 clients (out of 10)
[2025-03-09 17:20:22,684][flwr][DEBUG] - fit_round 10 received 9 results and 0 failures
[2025-03-09 17:20:23,721][flwr][INFO] - fit progress: (10, 1.4225313663482666, {'accuracy': 0.4878000020980835}, 362.58340912498534)
[2025-03-09 17:20:23,721][flwr][DEBUG] - evaluate_round 10: strategy sampled 9 clients (out of 10)
[2025-03-09 17:20:25,537][flwr][DEBUG] - evaluate_round 10 received 9 results and 0 failures
[2025-03-09 17:20:28,002][flwr][DEBUG] - fit_round 11: strategy sampled 9 clients (out of 10)
[2025-03-09 17:21:00,319][flwr][DEBUG] - fit_round 11 received 9 results and 0 failures
[2025-03-09 17:21:01,383][flwr][INFO] - fit progress: (11, 1.4291349649429321, {'accuracy': 0.4828000068664551}, 400.24551408400293)
[2025-03-09 17:21:01,383][flwr][DEBUG] - evaluate_round 11: strategy sampled 9 clients (out of 10)
[2025-03-09 17:21:03,086][flwr][DEBUG] - evaluate_round 11 received 9 results and 0 failures
[2025-03-09 17:21:05,569][flwr][DEBUG] - fit_round 12: strategy sampled 9 clients (out of 10)
[2025-03-09 17:21:38,426][flwr][DEBUG] - fit_round 12 received 9 results and 0 failures
[2025-03-09 17:21:39,457][flwr][INFO] - fit progress: (12, 1.3869291543960571, {'accuracy': 0.4991999864578247}, 438.31945962499594)
[2025-03-09 17:21:39,457][flwr][DEBUG] - evaluate_round 12: strategy sampled 9 clients (out of 10)
[2025-03-09 17:21:41,112][flwr][DEBUG] - evaluate_round 12 received 9 results and 0 failures
[2025-03-09 17:21:43,569][flwr][DEBUG] - fit_round 13: strategy sampled 9 clients (out of 10)
[2025-03-09 17:22:15,750][flwr][DEBUG] - fit_round 13 received 9 results and 0 failures
[2025-03-09 17:22:16,831][flwr][INFO] - fit progress: (13, 1.4244643449783325, {'accuracy': 0.4677000045776367}, 475.6928685840103)
[2025-03-09 17:22:16,831][flwr][DEBUG] - evaluate_round 13: strategy sampled 9 clients (out of 10)
[2025-03-09 17:22:18,500][flwr][DEBUG] - evaluate_round 13 received 9 results and 0 failures
[2025-03-09 17:22:21,003][flwr][DEBUG] - fit_round 14: strategy sampled 9 clients (out of 10)
[2025-03-09 17:22:53,347][flwr][DEBUG] - fit_round 14 received 9 results and 0 failures
[2025-03-09 17:22:54,391][flwr][INFO] - fit progress: (14, 1.3844070434570312, {'accuracy': 0.4893999993801117}, 513.2526729999809)
[2025-03-09 17:22:54,391][flwr][DEBUG] - evaluate_round 14: strategy sampled 9 clients (out of 10)
[2025-03-09 17:22:56,059][flwr][DEBUG] - evaluate_round 14 received 9 results and 0 failures
[2025-03-09 17:22:58,539][flwr][DEBUG] - fit_round 15: strategy sampled 9 clients (out of 10)
[2025-03-09 17:23:30,828][flwr][DEBUG] - fit_round 15 received 9 results and 0 failures
[2025-03-09 17:23:31,876][flwr][INFO] - fit progress: (15, 1.4117906093597412, {'accuracy': 0.4875999987125397}, 550.7377630000119)
[2025-03-09 17:23:31,876][flwr][DEBUG] - evaluate_round 15: strategy sampled 9 clients (out of 10)
[2025-03-09 17:23:33,680][flwr][DEBUG] - evaluate_round 15 received 9 results and 0 failures
[2025-03-09 17:23:36,220][flwr][DEBUG] - fit_round 16: strategy sampled 9 clients (out of 10)
[2025-03-09 17:24:08,885][flwr][DEBUG] - fit_round 16 received 9 results and 0 failures
[2025-03-09 17:24:09,936][flwr][INFO] - fit progress: (16, 1.682379126548767, {'accuracy': 0.41449999809265137}, 588.7975044170162)
[2025-03-09 17:24:09,936][flwr][DEBUG] - evaluate_round 16: strategy sampled 9 clients (out of 10)
[2025-03-09 17:24:11,669][flwr][DEBUG] - evaluate_round 16 received 9 results and 0 failures
[2025-03-09 17:24:14,109][flwr][DEBUG] - fit_round 17: strategy sampled 9 clients (out of 10)
[2025-03-09 17:24:46,327][flwr][DEBUG] - fit_round 17 received 9 results and 0 failures
[2025-03-09 17:24:47,380][flwr][INFO] - fit progress: (17, 1.3556143045425415, {'accuracy': 0.5102999806404114}, 626.2412694999948)
[2025-03-09 17:24:47,380][flwr][DEBUG] - evaluate_round 17: strategy sampled 9 clients (out of 10)
[2025-03-09 17:24:49,117][flwr][DEBUG] - evaluate_round 17 received 9 results and 0 failures
[2025-03-09 17:24:51,594][flwr][DEBUG] - fit_round 18: strategy sampled 9 clients (out of 10)
[2025-03-09 17:25:21,463][flwr][DEBUG] - fit_round 18 received 9 results and 0 failures
[2025-03-09 17:25:22,501][flwr][INFO] - fit progress: (18, 1.2367627620697021, {'accuracy': 0.5533000230789185}, 661.3614763339865)
[2025-03-09 17:25:22,501][flwr][DEBUG] - evaluate_round 18: strategy sampled 9 clients (out of 10)
[2025-03-09 17:25:24,240][flwr][DEBUG] - evaluate_round 18 received 9 results and 0 failures
[2025-03-09 17:25:26,696][flwr][DEBUG] - fit_round 19: strategy sampled 9 clients (out of 10)
[2025-03-09 17:25:56,072][flwr][DEBUG] - fit_round 19 received 9 results and 0 failures
[2025-03-09 17:25:57,155][flwr][INFO] - fit progress: (19, 1.3155606985092163, {'accuracy': 0.5235000252723694}, 696.0899272090173)
[2025-03-09 17:25:57,155][flwr][DEBUG] - evaluate_round 19: strategy sampled 9 clients (out of 10)
[2025-03-09 17:25:58,909][flwr][DEBUG] - evaluate_round 19 received 9 results and 0 failures
[2025-03-09 17:26:01,385][flwr][DEBUG] - fit_round 20: strategy sampled 9 clients (out of 10)
[2025-03-09 17:26:31,154][flwr][DEBUG] - fit_round 20 received 9 results and 0 failures
[2025-03-09 17:26:32,209][flwr][INFO] - fit progress: (20, 1.289170265197754, {'accuracy': 0.5267999768257141}, 731.1445889589959)
[2025-03-09 17:26:32,209][flwr][DEBUG] - evaluate_round 20: strategy sampled 9 clients (out of 10)
[2025-03-09 17:26:33,911][flwr][DEBUG] - evaluate_round 20 received 9 results and 0 failures
[2025-03-09 17:26:33,911][flwr][INFO] - FL finished in 732.8467243749765
[2025-03-09 17:26:33,911][flwr][INFO] - app_fit: losses_distributed [(1, 2.3536038474043917), (2, 2.055075761186025), (3, 1.6861928152019867), (4, 1.7212171053464433), (5, 1.6052603199086364), (6, 1.532306435124186), (7, 1.496334904473833), (8, 1.4869967570926275), (9, 1.433495065654724), (10, 1.419741387548596), (11, 1.4218565976725215), (12, 1.3928295099835792), (13, 1.4263077411063498), (14, 1.3859362639291066), (15, 1.3998548273185554), (16, 1.6507975272404587), (17, 1.339846817305928), (18, 1.2348152238109802), (19, 1.3158176680994367), (20, 1.3039282669297552)]
[2025-03-09 17:26:33,912][flwr][INFO] - app_fit: metrics_distributed_fit {'variance_training_loss': [(1, 0.027875915294427536), (2, 0.0038314555099630545), (3, 0.0010385830845563515), (4, 0.0004733114104043226), (5, 0.00019311172875187185), (6, 0.0005862977288926892), (7, 0.00045268572937521797), (8, 0.0004761243311528221), (9, 0.00037251600053878065), (10, 0.0005465549879765863), (11, 0.0004291374710842572), (12, 0.00020058282132280803), (13, 0.0003727338767052718), (14, 0.00029672356153491534), (15, 0.0002969808537764852), (16, 6.802622935866666e-05), (17, 0.0005657954728217838), (18, 0.0005931318971950835), (19, 0.00022845714812547158), (20, 0.00041753292542190125)], 'average_training_loss': [(1, 2.046815342373318), (2, 1.831055826610989), (3, 1.7400805022981432), (4, 1.6972935597101848), (5, 1.652066297001309), (6, 1.6250918838712904), (7, 1.5924140479829576), (8, 1.56888128651513), (9, 1.5454753239949544), (10, 1.5155690643522475), (11, 1.4840937852859497), (12, 1.4655699597464666), (13, 1.4421048561731975), (14, 1.42665786213345), (15, 1.4106376436021593), (16, 1.3860132296880086), (17, 1.3751404417885675), (18, 1.3691791693369548), (19, 1.3505134582519531), (20, 1.3443880213631525)], 'estimated_times': [(1, [35.089194536937285, 38.96071966301599, 23.13198750857289, 36.2462737111497, 42.10605722502964, 30.357346784932528, 29.231149798463225, 37.299396555350405, 16.974210168983177]), (2, [36.2462737111497, 42.10605722502964, 38.96071966301599, 37.299396555350405, 23.13198750857289, 35.089194536937285, 26.21468314172298, 29.231149798463225, 30.357346784932528]), (3, [35.089194536937285, 26.21468314172298, 30.357346784932528, 38.96071966301599, 37.299396555350405, 29.231149798463225, 23.13198750857289, 42.10605722502964, 36.2462737111497]), (4, [23.13198750857289, 16.974210168983177, 42.10605722502964, 26.21468314172298, 36.2462737111497, 30.357346784932528, 29.231149798463225, 35.089194536937285, 38.96071966301599]), (5, [38.96071966301599, 42.10605722502964, 35.089194536937285, 36.2462737111497, 37.299396555350405, 23.13198750857289, 16.974210168983177, 29.231149798463225, 26.21468314172298]), (6, [42.10605722502964, 36.2462737111497, 37.299396555350405, 29.231149798463225, 26.21468314172298, 38.96071966301599, 30.357346784932528, 16.974210168983177, 35.089194536937285]), (7, [42.10605722502964, 30.357346784932528, 36.2462737111497, 38.96071966301599, 29.231149798463225, 23.13198750857289, 16.974210168983177, 26.21468314172298, 35.089194536937285]), (8, [37.299396555350405, 16.974210168983177, 26.21468314172298, 38.96071966301599, 35.089194536937285, 42.10605722502964, 30.357346784932528, 23.13198750857289, 29.231149798463225]), (9, [29.231149798463225, 26.21468314172298, 36.2462737111497, 35.089194536937285, 30.357346784932528, 16.974210168983177, 42.10605722502964, 38.96071966301599, 37.299396555350405]), (10, [46.26397501714578, 36.2462737111497, 33.948420337966354, 30.357346784932528, 42.10605722502964, 26.21468314172298, 37.299396555350405, 35.089194536937285, 39.04924591397759]), (11, [36.2462737111497, 37.299396555350405, 16.974210168983177, 26.21468314172298, 29.231149798463225, 42.10605722502964, 38.96071966301599, 35.089194536937285, 23.13198750857289]), (12, [35.089194536937285, 36.2462737111497, 37.299396555350405, 23.13198750857289, 29.231149798463225, 42.10605722502964, 26.21468314172298, 30.357346784932528, 38.96071966301599]), (13, [38.96071966301599, 42.10605722502964, 35.089194536937285, 36.2462737111497, 26.21468314172298, 30.357346784932528, 16.974210168983177, 37.299396555350405, 29.231149798463225]), (14, [36.2462737111497, 37.299396555350405, 26.21468314172298, 30.357346784932528, 29.231149798463225, 42.10605722502964, 38.96071966301599, 23.13198750857289, 35.089194536937285]), (15, [16.974210168983177, 42.10605722502964, 23.13198750857289, 30.357346784932528, 36.2462737111497, 37.299396555350405, 38.96071966301599, 29.231149798463225, 35.089194536937285]), (16, [23.13198750857289, 30.357346784932528, 26.21468314172298, 37.299396555350405, 36.2462737111497, 29.231149798463225, 35.089194536937285, 42.10605722502964, 38.96071966301599]), (17, [38.96071966301599, 26.21468314172298, 35.089194536937285, 42.10605722502964, 37.299396555350405, 30.357346784932528, 29.231149798463225, 36.2462737111497, 16.974210168983177]), (18, [30.357346784932528, 35.089194536937285, 16.974210168983177, 36.2462737111497, 42.10605722502964, 23.13198750857289, 38.96071966301599, 29.231149798463225, 26.21468314172298]), (19, [26.21468314172298, 29.231149798463225, 38.96071966301599, 16.974210168983177, 37.299396555350405, 35.089194536937285, 30.357346784932528, 36.2462737111497, 23.13198750857289]), (20, [16.974210168983177, 38.96071966301599, 23.13198750857289, 30.357346784932528, 35.089194536937285, 42.10605722502964, 36.2462737111497, 26.21468314172298, 29.231149798463225])]}
[2025-03-09 17:26:33,913][flwr][INFO] - app_fit: metrics_distributed {}
[2025-03-09 17:26:33,913][flwr][INFO] - app_fit: losses_centralized [(0, 2.3041164875030518), (1, 2.3315489292144775), (2, 2.0410659313201904), (3, 1.6873843669891357), (4, 1.7086726427078247), (5, 1.5983535051345825), (6, 1.537144660949707), (7, 1.4963765144348145), (8, 1.4924681186676025), (9, 1.443569302558899), (10, 1.4225313663482666), (11, 1.4291349649429321), (12, 1.3869291543960571), (13, 1.4244643449783325), (14, 1.3844070434570312), (15, 1.4117906093597412), (16, 1.682379126548767), (17, 1.3556143045425415), (18, 1.2367627620697021), (19, 1.3155606985092163), (20, 1.289170265197754)]
[2025-03-09 17:26:33,914][flwr][INFO] - app_fit: metrics_centralized {'accuracy': [(0, 0.09780000150203705), (1, 0.1216999962925911), (2, 0.2125999927520752), (3, 0.3720000088214874), (4, 0.3716000020503998), (5, 0.4106999933719635), (6, 0.444599986076355), (7, 0.45249998569488525), (8, 0.4577000141143799), (9, 0.4810999929904938), (10, 0.4878000020980835), (11, 0.4828000068664551), (12, 0.4991999864578247), (13, 0.4677000045776367), (14, 0.4893999993801117), (15, 0.4875999987125397), (16, 0.41449999809265137), (17, 0.5102999806404114), (18, 0.5533000230789185), (19, 0.5235000252723694), (20, 0.5267999768257141)]}
