[2025-03-24 12:08:19,293][tensorflow][WARNING] - From /Users/livialestingi/PycharmProjects/NodeSelection/power_of_choice/power_of_choice/dataset.py:38: load (from tensorflow.python.data.experimental.ops.io) is deprecated and will be removed in a future version.
Instructions for updating:
Use `tf.data.Dataset.load(...)` instead.
[2025-03-24 12:08:20,187][flwr][INFO] - Starting Flower simulation, config: ServerConfig(num_rounds=20, round_timeout=None)
[2025-03-24 12:08:21,387][flwr][INFO] - Flower VCE: Ray initialized with resources: {'object_store_memory': 2147483648.0, 'node:127.0.0.1': 1.0, 'memory': 11087827764.0, 'node:__internal_head__': 1.0, 'CPU': 8.0}
[2025-03-24 12:08:21,387][flwr][INFO] - Flower VCE: Resources for each Virtual Client: {'num_cpus': 0.5, 'num_gpus': 0}
[2025-03-24 12:08:21,393][flwr][INFO] - Flower VCE: Creating VirtualClientEngineActorPool with 16 actors
[2025-03-24 12:08:21,394][flwr][INFO] - Initializing global parameters
[2025-03-24 12:08:21,394][flwr][INFO] - Requesting initial parameters from one random client
[2025-03-24 12:08:27,955][flwr][INFO] - Received initial parameters from one random client
[2025-03-24 12:08:27,956][flwr][INFO] - Evaluating initial parameters
[2025-03-24 12:08:29,448][flwr][INFO] - initial parameters (loss, other metrics): 2.302222967147827, {'accuracy': 0.09030000120401382}
[2025-03-24 12:08:29,449][flwr][INFO] - FL starting
[2025-03-24 12:08:32,327][flwr][INFO] - Server 1: selected clients
                ['2', '7', '3', '8', '1', '6', '5', '4', '0', '9'] for first phase evaluation.
[2025-03-24 12:08:32,327][flwr][DEBUG] - evaluate_first_phase 1: strategy sampled 10 clients (out of 10)
[2025-03-24 12:08:39,613][flwr][DEBUG] - evaluate_first_phase of round 1 received 10 results and 0 failures
[2025-03-24 12:08:39,613][flwr][INFO] - Server 1: about to sample 9 clients
[2025-03-24 12:08:39,613][flwr][INFO] - Round 1: selected clients
            ['4', '5', '9', '0', '2', '7', '6', '1', '8'] for fit.
[2025-03-24 12:08:39,614][flwr][DEBUG] - fit_round 1: strategy sampled 9 clients (out of 10)
[2025-03-24 12:08:58,068][flwr][DEBUG] - fit_round 1 received 9 results and 0 failures
[2025-03-24 12:08:59,190][flwr][INFO] - fit progress: (1, 2.315507650375366, {'accuracy': 0.12409999966621399}, 29.741158124998037)
[2025-03-24 12:08:59,190][flwr][DEBUG] - evaluate_round 1: strategy sampled 9 clients (out of 10)
[2025-03-24 12:09:01,187][flwr][DEBUG] - evaluate_round 1 received 9 results and 0 failures
[2025-03-24 12:09:01,187][flwr][WARNING] - No evaluate_metrics_aggregation_fn provided
[2025-03-24 12:09:04,003][flwr][INFO] - Server 2: selected clients
                ['9', '8', '3', '0', '1', '5', '7', '2', '6', '4'] for first phase evaluation.
[2025-03-24 12:09:04,003][flwr][DEBUG] - evaluate_first_phase 2: strategy sampled 10 clients (out of 10)
[2025-03-24 12:09:10,767][flwr][DEBUG] - evaluate_first_phase of round 2 received 10 results and 0 failures
[2025-03-24 12:09:10,767][flwr][INFO] - Server 2: about to sample 9 clients
[2025-03-24 12:09:10,767][flwr][INFO] - Round 2: selected clients
            ['6', '7', '2', '9', '4', '8', '3', '5', '1'] for fit.
[2025-03-24 12:09:10,767][flwr][DEBUG] - fit_round 2: strategy sampled 9 clients (out of 10)
[2025-03-24 12:09:30,599][flwr][DEBUG] - fit_round 2 received 9 results and 0 failures
[2025-03-24 12:09:31,646][flwr][INFO] - fit progress: (2, 2.0343503952026367, {'accuracy': 0.19689999520778656}, 62.198164665998775)
[2025-03-24 12:09:31,647][flwr][DEBUG] - evaluate_round 2: strategy sampled 9 clients (out of 10)
[2025-03-24 12:09:33,804][flwr][DEBUG] - evaluate_round 2 received 9 results and 0 failures
[2025-03-24 12:09:36,544][flwr][INFO] - Server 3: selected clients
                ['7', '9', '3', '8', '5', '2', '6', '1', '0', '4'] for first phase evaluation.
[2025-03-24 12:09:36,545][flwr][DEBUG] - evaluate_first_phase 3: strategy sampled 10 clients (out of 10)
[2025-03-24 12:09:43,176][flwr][DEBUG] - evaluate_first_phase of round 3 received 10 results and 0 failures
[2025-03-24 12:09:43,176][flwr][INFO] - Server 3: about to sample 9 clients
[2025-03-24 12:09:43,176][flwr][INFO] - Round 3: selected clients
            ['7', '1', '5', '9', '8', '6', '2', '3', '4'] for fit.
[2025-03-24 12:09:43,177][flwr][DEBUG] - fit_round 3: strategy sampled 9 clients (out of 10)
[2025-03-24 12:10:01,232][flwr][DEBUG] - fit_round 3 received 9 results and 0 failures
[2025-03-24 12:10:02,261][flwr][INFO] - fit progress: (3, 1.81330406665802, {'accuracy': 0.2962000072002411}, 92.81323574999988)
[2025-03-24 12:10:02,262][flwr][DEBUG] - evaluate_round 3: strategy sampled 9 clients (out of 10)
[2025-03-24 12:10:04,290][flwr][DEBUG] - evaluate_round 3 received 9 results and 0 failures
[2025-03-24 12:10:07,096][flwr][INFO] - Server 4: selected clients
                ['8', '3', '7', '1', '4', '9', '2', '6', '0', '5'] for first phase evaluation.
[2025-03-24 12:10:07,096][flwr][DEBUG] - evaluate_first_phase 4: strategy sampled 10 clients (out of 10)
[2025-03-24 12:10:13,527][flwr][DEBUG] - evaluate_first_phase of round 4 received 10 results and 0 failures
[2025-03-24 12:10:13,527][flwr][INFO] - Server 4: about to sample 9 clients
[2025-03-24 12:10:13,527][flwr][INFO] - Round 4: selected clients
            ['3', '8', '6', '1', '2', '5', '7', '9', '4'] for fit.
[2025-03-24 12:10:13,527][flwr][DEBUG] - fit_round 4: strategy sampled 9 clients (out of 10)
[2025-03-24 12:10:31,575][flwr][DEBUG] - fit_round 4 received 9 results and 0 failures
[2025-03-24 12:10:32,668][flwr][INFO] - fit progress: (4, 1.7332279682159424, {'accuracy': 0.3513999879360199}, 123.22024904099817)
[2025-03-24 12:10:32,668][flwr][DEBUG] - evaluate_round 4: strategy sampled 9 clients (out of 10)
[2025-03-24 12:10:34,918][flwr][DEBUG] - evaluate_round 4 received 9 results and 0 failures
[2025-03-24 12:10:37,662][flwr][INFO] - Server 5: selected clients
                ['4', '1', '3', '8', '7', '5', '6', '9', '0', '2'] for first phase evaluation.
[2025-03-24 12:10:37,662][flwr][DEBUG] - evaluate_first_phase 5: strategy sampled 10 clients (out of 10)
[2025-03-24 12:10:44,267][flwr][DEBUG] - evaluate_first_phase of round 5 received 10 results and 0 failures
[2025-03-24 12:10:44,267][flwr][INFO] - Server 5: about to sample 9 clients
[2025-03-24 12:10:44,267][flwr][INFO] - Round 5: selected clients
            ['8', '9', '5', '0', '3', '1', '7', '4', '2'] for fit.
[2025-03-24 12:10:44,268][flwr][DEBUG] - fit_round 5: strategy sampled 9 clients (out of 10)
[2025-03-24 12:11:02,070][flwr][DEBUG] - fit_round 5 received 9 results and 0 failures
[2025-03-24 12:11:03,146][flwr][INFO] - fit progress: (5, 1.5762237310409546, {'accuracy': 0.41850000619888306}, 153.6981961249985)
[2025-03-24 12:11:03,146][flwr][DEBUG] - evaluate_round 5: strategy sampled 9 clients (out of 10)
[2025-03-24 12:11:05,205][flwr][DEBUG] - evaluate_round 5 received 9 results and 0 failures
[2025-03-24 12:11:08,029][flwr][INFO] - Server 6: selected clients
                ['3', '1', '6', '0', '5', '9', '7', '8', '2', '4'] for first phase evaluation.
[2025-03-24 12:11:08,029][flwr][DEBUG] - evaluate_first_phase 6: strategy sampled 10 clients (out of 10)
[2025-03-24 12:11:14,689][flwr][DEBUG] - evaluate_first_phase of round 6 received 10 results and 0 failures
[2025-03-24 12:11:14,689][flwr][INFO] - Server 6: about to sample 9 clients
[2025-03-24 12:11:14,689][flwr][INFO] - Round 6: selected clients
            ['1', '0', '3', '9', '8', '4', '5', '7', '2'] for fit.
[2025-03-24 12:11:14,689][flwr][DEBUG] - fit_round 6: strategy sampled 9 clients (out of 10)
[2025-03-24 12:11:32,093][flwr][DEBUG] - fit_round 6 received 9 results and 0 failures
[2025-03-24 12:11:33,194][flwr][INFO] - fit progress: (6, 1.6283682584762573, {'accuracy': 0.3797999918460846}, 183.74603300000308)
[2025-03-24 12:11:33,194][flwr][DEBUG] - evaluate_round 6: strategy sampled 9 clients (out of 10)
[2025-03-24 12:11:35,266][flwr][DEBUG] - evaluate_round 6 received 9 results and 0 failures
[2025-03-24 12:11:38,095][flwr][INFO] - Server 7: selected clients
                ['1', '9', '5', '8', '7', '3', '2', '4', '6', '0'] for first phase evaluation.
[2025-03-24 12:11:38,095][flwr][DEBUG] - evaluate_first_phase 7: strategy sampled 10 clients (out of 10)
[2025-03-24 12:11:44,772][flwr][DEBUG] - evaluate_first_phase of round 7 received 10 results and 0 failures
[2025-03-24 12:11:44,772][flwr][INFO] - Server 7: about to sample 9 clients
[2025-03-24 12:11:44,773][flwr][INFO] - Round 7: selected clients
            ['9', '4', '1', '2', '7', '8', '5', '0', '3'] for fit.
[2025-03-24 12:11:44,773][flwr][DEBUG] - fit_round 7: strategy sampled 9 clients (out of 10)
[2025-03-24 12:12:03,273][flwr][DEBUG] - fit_round 7 received 9 results and 0 failures
[2025-03-24 12:12:04,341][flwr][INFO] - fit progress: (7, 1.952317714691162, {'accuracy': 0.35040000081062317}, 214.8934649580042)
[2025-03-24 12:12:04,341][flwr][DEBUG] - evaluate_round 7: strategy sampled 9 clients (out of 10)
[2025-03-24 12:12:06,597][flwr][DEBUG] - evaluate_round 7 received 9 results and 0 failures
[2025-03-24 12:12:09,360][flwr][INFO] - Server 8: selected clients
                ['6', '8', '4', '7', '9', '0', '5', '3', '2', '1'] for first phase evaluation.
[2025-03-24 12:12:09,360][flwr][DEBUG] - evaluate_first_phase 8: strategy sampled 10 clients (out of 10)
[2025-03-24 12:12:16,169][flwr][DEBUG] - evaluate_first_phase of round 8 received 10 results and 0 failures
[2025-03-24 12:12:16,169][flwr][INFO] - Server 8: about to sample 9 clients
[2025-03-24 12:12:16,169][flwr][INFO] - Round 8: selected clients
            ['8', '7', '1', '6', '2', '5', '9', '4', '3'] for fit.
[2025-03-24 12:12:16,169][flwr][DEBUG] - fit_round 8: strategy sampled 9 clients (out of 10)
[2025-03-24 12:12:34,400][flwr][DEBUG] - fit_round 8 received 9 results and 0 failures
[2025-03-24 12:12:35,476][flwr][INFO] - fit progress: (8, 1.4970835447311401, {'accuracy': 0.42750000953674316}, 246.0283090410012)
[2025-03-24 12:12:35,476][flwr][DEBUG] - evaluate_round 8: strategy sampled 9 clients (out of 10)
[2025-03-24 12:12:37,479][flwr][DEBUG] - evaluate_round 8 received 9 results and 0 failures
[2025-03-24 12:12:40,309][flwr][INFO] - Server 9: selected clients
                ['6', '0', '8', '5', '7', '2', '3', '4', '1', '9'] for first phase evaluation.
[2025-03-24 12:12:40,309][flwr][DEBUG] - evaluate_first_phase 9: strategy sampled 10 clients (out of 10)
[2025-03-24 12:12:47,140][flwr][DEBUG] - evaluate_first_phase of round 9 received 10 results and 0 failures
[2025-03-24 12:12:47,140][flwr][INFO] - Server 9: about to sample 9 clients
[2025-03-24 12:12:47,140][flwr][INFO] - Round 9: selected clients
            ['7', '5', '2', '4', '9', '1', '8', '3', '0'] for fit.
[2025-03-24 12:12:47,140][flwr][DEBUG] - fit_round 9: strategy sampled 9 clients (out of 10)
[2025-03-24 12:13:05,347][flwr][DEBUG] - fit_round 9 received 9 results and 0 failures
[2025-03-24 12:13:06,367][flwr][INFO] - fit progress: (9, 1.4535274505615234, {'accuracy': 0.4472000002861023}, 276.9196335000015)
[2025-03-24 12:13:06,367][flwr][DEBUG] - evaluate_round 9: strategy sampled 9 clients (out of 10)
[2025-03-24 12:13:08,498][flwr][DEBUG] - evaluate_round 9 received 9 results and 0 failures
[2025-03-24 12:13:11,280][flwr][INFO] - Server 10: selected clients
                ['6', '7', '1', '9', '2', '0', '5', '4', '3', '8'] for first phase evaluation.
[2025-03-24 12:13:11,280][flwr][DEBUG] - evaluate_first_phase 10: strategy sampled 10 clients (out of 10)
[2025-03-24 12:13:18,116][flwr][DEBUG] - evaluate_first_phase of round 10 received 10 results and 0 failures
[2025-03-24 12:13:18,116][flwr][INFO] - Server 10: about to sample 9 clients
[2025-03-24 12:13:18,116][flwr][INFO] - Round 10: selected clients
            ['1', '5', '7', '3', '8', '0', '9', '4', '2'] for fit.
[2025-03-24 12:13:18,116][flwr][DEBUG] - fit_round 10: strategy sampled 9 clients (out of 10)
[2025-03-24 12:13:36,064][flwr][DEBUG] - fit_round 10 received 9 results and 0 failures
[2025-03-24 12:13:37,213][flwr][INFO] - fit progress: (10, 1.4096087217330933, {'accuracy': 0.4880000054836273}, 307.766135124999)
[2025-03-24 12:13:37,213][flwr][DEBUG] - evaluate_round 10: strategy sampled 9 clients (out of 10)
[2025-03-24 12:13:39,345][flwr][DEBUG] - evaluate_round 10 received 9 results and 0 failures
[2025-03-24 12:13:42,180][flwr][INFO] - Server 11: selected clients
                ['5', '1', '7', '4', '6', '9', '2', '3', '0', '8'] for first phase evaluation.
[2025-03-24 12:13:42,180][flwr][DEBUG] - evaluate_first_phase 11: strategy sampled 10 clients (out of 10)
[2025-03-24 12:13:48,907][flwr][DEBUG] - evaluate_first_phase of round 11 received 10 results and 0 failures
[2025-03-24 12:13:48,907][flwr][INFO] - Server 11: about to sample 9 clients
[2025-03-24 12:13:48,907][flwr][INFO] - Round 11: selected clients
            ['7', '0', '4', '9', '8', '5', '2', '6', '1'] for fit.
[2025-03-24 12:13:48,907][flwr][DEBUG] - fit_round 11: strategy sampled 9 clients (out of 10)
[2025-03-24 12:14:06,630][flwr][DEBUG] - fit_round 11 received 9 results and 0 failures
[2025-03-24 12:14:07,661][flwr][INFO] - fit progress: (11, 1.4887789487838745, {'accuracy': 0.4498000144958496}, 338.21363949999795)
[2025-03-24 12:14:07,661][flwr][DEBUG] - evaluate_round 11: strategy sampled 9 clients (out of 10)
[2025-03-24 12:14:09,746][flwr][DEBUG] - evaluate_round 11 received 9 results and 0 failures
[2025-03-24 12:14:12,596][flwr][INFO] - Server 12: selected clients
                ['9', '2', '6', '0', '5', '1', '4', '7', '8', '3'] for first phase evaluation.
[2025-03-24 12:14:12,596][flwr][DEBUG] - evaluate_first_phase 12: strategy sampled 10 clients (out of 10)
[2025-03-24 12:14:19,823][flwr][DEBUG] - evaluate_first_phase of round 12 received 10 results and 0 failures
[2025-03-24 12:14:19,823][flwr][INFO] - Server 12: about to sample 9 clients
[2025-03-24 12:14:19,823][flwr][INFO] - Round 12: selected clients
            ['3', '0', '8', '4', '1', '9', '2', '7', '5'] for fit.
[2025-03-24 12:14:19,824][flwr][DEBUG] - fit_round 12: strategy sampled 9 clients (out of 10)
[2025-03-24 12:14:37,996][flwr][DEBUG] - fit_round 12 received 9 results and 0 failures
[2025-03-24 12:14:39,046][flwr][INFO] - fit progress: (12, 1.2850745916366577, {'accuracy': 0.5318999886512756}, 369.5987737910036)
[2025-03-24 12:14:39,046][flwr][DEBUG] - evaluate_round 12: strategy sampled 9 clients (out of 10)
[2025-03-24 12:14:41,138][flwr][DEBUG] - evaluate_round 12 received 9 results and 0 failures
[2025-03-24 12:14:43,983][flwr][INFO] - Server 13: selected clients
                ['2', '6', '8', '7', '4', '5', '0', '3', '9', '1'] for first phase evaluation.
[2025-03-24 12:14:43,983][flwr][DEBUG] - evaluate_first_phase 13: strategy sampled 10 clients (out of 10)
[2025-03-24 12:14:50,706][flwr][DEBUG] - evaluate_first_phase of round 13 received 10 results and 0 failures
[2025-03-24 12:14:50,706][flwr][INFO] - Server 13: about to sample 9 clients
[2025-03-24 12:14:50,706][flwr][INFO] - Round 13: selected clients
            ['2', '3', '7', '4', '1', '9', '0', '8', '5'] for fit.
[2025-03-24 12:14:50,707][flwr][DEBUG] - fit_round 13: strategy sampled 9 clients (out of 10)
[2025-03-24 12:15:09,542][flwr][DEBUG] - fit_round 13 received 9 results and 0 failures
[2025-03-24 12:15:10,584][flwr][INFO] - fit progress: (13, 1.4463000297546387, {'accuracy': 0.451200008392334}, 401.1376135000028)
[2025-03-24 12:15:10,584][flwr][DEBUG] - evaluate_round 13: strategy sampled 9 clients (out of 10)
[2025-03-24 12:15:12,684][flwr][DEBUG] - evaluate_round 13 received 9 results and 0 failures
[2025-03-24 12:15:15,486][flwr][INFO] - Server 14: selected clients
                ['6', '3', '2', '1', '0', '5', '8', '4', '7', '9'] for first phase evaluation.
[2025-03-24 12:15:15,486][flwr][DEBUG] - evaluate_first_phase 14: strategy sampled 10 clients (out of 10)
[2025-03-24 12:15:21,955][flwr][DEBUG] - evaluate_first_phase of round 14 received 10 results and 0 failures
[2025-03-24 12:15:21,956][flwr][INFO] - Server 14: about to sample 9 clients
[2025-03-24 12:15:21,956][flwr][INFO] - Round 14: selected clients
            ['0', '5', '2', '8', '9', '3', '7', '1', '4'] for fit.
[2025-03-24 12:15:21,956][flwr][DEBUG] - fit_round 14: strategy sampled 9 clients (out of 10)
[2025-03-24 12:15:40,126][flwr][DEBUG] - fit_round 14 received 9 results and 0 failures
[2025-03-24 12:15:41,207][flwr][INFO] - fit progress: (14, 1.3164150714874268, {'accuracy': 0.508400022983551}, 431.7600329159977)
[2025-03-24 12:15:41,207][flwr][DEBUG] - evaluate_round 14: strategy sampled 9 clients (out of 10)
[2025-03-24 12:15:43,533][flwr][DEBUG] - evaluate_round 14 received 9 results and 0 failures
[2025-03-24 12:15:46,310][flwr][INFO] - Server 15: selected clients
                ['9', '6', '1', '4', '3', '2', '8', '0', '7', '5'] for first phase evaluation.
[2025-03-24 12:15:46,310][flwr][DEBUG] - evaluate_first_phase 15: strategy sampled 10 clients (out of 10)
[2025-03-24 12:15:53,384][flwr][DEBUG] - evaluate_first_phase of round 15 received 10 results and 0 failures
[2025-03-24 12:15:53,385][flwr][INFO] - Server 15: about to sample 9 clients
[2025-03-24 12:15:53,385][flwr][INFO] - Round 15: selected clients
            ['5', '9', '7', '4', '8', '2', '3', '6', '1'] for fit.
[2025-03-24 12:15:53,385][flwr][DEBUG] - fit_round 15: strategy sampled 9 clients (out of 10)
[2025-03-24 12:16:12,044][flwr][DEBUG] - fit_round 15 received 9 results and 0 failures
[2025-03-24 12:16:13,098][flwr][INFO] - fit progress: (15, 1.4507285356521606, {'accuracy': 0.46540001034736633}, 463.65178887500224)
[2025-03-24 12:16:13,098][flwr][DEBUG] - evaluate_round 15: strategy sampled 9 clients (out of 10)
[2025-03-24 12:16:15,235][flwr][DEBUG] - evaluate_round 15 received 9 results and 0 failures
[2025-03-24 12:16:18,073][flwr][INFO] - Server 16: selected clients
                ['1', '6', '3', '7', '9', '5', '0', '4', '8', '2'] for first phase evaluation.
[2025-03-24 12:16:18,073][flwr][DEBUG] - evaluate_first_phase 16: strategy sampled 10 clients (out of 10)
[2025-03-24 12:16:24,692][flwr][DEBUG] - evaluate_first_phase of round 16 received 10 results and 0 failures
[2025-03-24 12:16:24,692][flwr][INFO] - Server 16: about to sample 9 clients
[2025-03-24 12:16:24,692][flwr][INFO] - Round 16: selected clients
            ['7', '5', '8', '6', '2', '3', '9', '1', '4'] for fit.
[2025-03-24 12:16:24,692][flwr][DEBUG] - fit_round 16: strategy sampled 9 clients (out of 10)
[2025-03-24 12:16:42,649][flwr][DEBUG] - fit_round 16 received 9 results and 0 failures
[2025-03-24 12:16:43,713][flwr][INFO] - fit progress: (16, 1.275017499923706, {'accuracy': 0.527400016784668}, 494.26677312500397)
[2025-03-24 12:16:43,713][flwr][DEBUG] - evaluate_round 16: strategy sampled 9 clients (out of 10)
[2025-03-24 12:16:45,793][flwr][DEBUG] - evaluate_round 16 received 9 results and 0 failures
[2025-03-24 12:16:48,633][flwr][INFO] - Server 17: selected clients
                ['3', '5', '0', '4', '6', '9', '7', '1', '2', '8'] for first phase evaluation.
[2025-03-24 12:16:48,634][flwr][DEBUG] - evaluate_first_phase 17: strategy sampled 10 clients (out of 10)
[2025-03-24 12:16:55,197][flwr][DEBUG] - evaluate_first_phase of round 17 received 10 results and 0 failures
[2025-03-24 12:16:55,197][flwr][INFO] - Server 17: about to sample 9 clients
[2025-03-24 12:16:55,197][flwr][INFO] - Round 17: selected clients
            ['1', '9', '2', '4', '3', '7', '6', '5', '8'] for fit.
[2025-03-24 12:16:55,197][flwr][DEBUG] - fit_round 17: strategy sampled 9 clients (out of 10)
[2025-03-24 12:17:13,001][flwr][DEBUG] - fit_round 17 received 9 results and 0 failures
[2025-03-24 12:17:14,060][flwr][INFO] - fit progress: (17, 1.2262786626815796, {'accuracy': 0.5410000085830688}, 524.6139217079981)
[2025-03-24 12:17:14,060][flwr][DEBUG] - evaluate_round 17: strategy sampled 9 clients (out of 10)
[2025-03-24 12:17:16,054][flwr][DEBUG] - evaluate_round 17 received 9 results and 0 failures
[2025-03-24 12:17:18,869][flwr][INFO] - Server 18: selected clients
                ['3', '0', '1', '2', '7', '5', '4', '6', '8', '9'] for first phase evaluation.
[2025-03-24 12:17:18,869][flwr][DEBUG] - evaluate_first_phase 18: strategy sampled 10 clients (out of 10)
[2025-03-24 12:17:25,913][flwr][DEBUG] - evaluate_first_phase of round 18 received 10 results and 0 failures
[2025-03-24 12:17:25,914][flwr][INFO] - Server 18: about to sample 9 clients
[2025-03-24 12:17:25,914][flwr][INFO] - Round 18: selected clients
            ['4', '7', '6', '8', '3', '1', '2', '9', '5'] for fit.
[2025-03-24 12:17:25,914][flwr][DEBUG] - fit_round 18: strategy sampled 9 clients (out of 10)
[2025-03-24 12:17:43,855][flwr][DEBUG] - fit_round 18 received 9 results and 0 failures
[2025-03-24 12:17:44,899][flwr][INFO] - fit progress: (18, 2.1522858142852783, {'accuracy': 0.32839998602867126}, 555.4403125000026)
[2025-03-24 12:17:44,899][flwr][DEBUG] - evaluate_round 18: strategy sampled 9 clients (out of 10)
[2025-03-24 12:17:46,882][flwr][DEBUG] - evaluate_round 18 received 9 results and 0 failures
[2025-03-24 12:17:49,669][flwr][INFO] - Server 19: selected clients
                ['6', '0', '2', '5', '3', '9', '8', '1', '4', '7'] for first phase evaluation.
[2025-03-24 12:17:49,669][flwr][DEBUG] - evaluate_first_phase 19: strategy sampled 10 clients (out of 10)
[2025-03-24 12:17:56,625][flwr][DEBUG] - evaluate_first_phase of round 19 received 10 results and 0 failures
[2025-03-24 12:17:56,626][flwr][INFO] - Server 19: about to sample 9 clients
[2025-03-24 12:17:56,626][flwr][INFO] - Round 19: selected clients
            ['4', '0', '5', '7', '1', '3', '8', '9', '6'] for fit.
[2025-03-24 12:17:56,626][flwr][DEBUG] - fit_round 19: strategy sampled 9 clients (out of 10)
[2025-03-24 12:18:05,917][flwr][DEBUG] - fit_round 19 received 9 results and 0 failures
[2025-03-24 12:18:06,946][flwr][INFO] - fit progress: (19, 1.5898079872131348, {'accuracy': 0.39489999413490295}, 577.4848400000046)
[2025-03-24 12:18:06,946][flwr][DEBUG] - evaluate_round 19: strategy sampled 9 clients (out of 10)
[2025-03-24 12:18:08,297][flwr][DEBUG] - evaluate_round 19 received 9 results and 0 failures
[2025-03-24 12:18:11,148][flwr][INFO] - Server 20: selected clients
                ['7', '6', '0', '1', '4', '9', '5', '2', '3', '8'] for first phase evaluation.
[2025-03-24 12:18:11,148][flwr][DEBUG] - evaluate_first_phase 20: strategy sampled 10 clients (out of 10)
[2025-03-24 12:18:17,922][flwr][DEBUG] - evaluate_first_phase of round 20 received 10 results and 0 failures
[2025-03-24 12:18:17,923][flwr][INFO] - Server 20: about to sample 9 clients
[2025-03-24 12:18:17,923][flwr][INFO] - Round 20: selected clients
            ['1', '4', '8', '0', '3', '5', '7', '9', '2'] for fit.
[2025-03-24 12:18:17,923][flwr][DEBUG] - fit_round 20: strategy sampled 9 clients (out of 10)
[2025-03-24 12:18:36,220][flwr][DEBUG] - fit_round 20 received 9 results and 0 failures
[2025-03-24 12:18:37,260][flwr][INFO] - fit progress: (20, 1.7773051261901855, {'accuracy': 0.385699987411499}, 607.7983506250021)
[2025-03-24 12:18:37,260][flwr][DEBUG] - evaluate_round 20: strategy sampled 9 clients (out of 10)
[2025-03-24 12:18:39,335][flwr][DEBUG] - evaluate_round 20 received 9 results and 0 failures
[2025-03-24 12:18:39,335][flwr][INFO] - FL finished in 609.8739141250044
[2025-03-24 12:18:39,336][flwr][INFO] - app_fit: losses_distributed [(1, 2.329018826787557), (2, 2.0770943342137937), (3, 1.7649548108079156), (4, 1.7295662786235146), (5, 1.7026455368955564), (6, 1.5750060031831288), (7, 2.2768443802332086), (8, 1.718474065766531), (9, 1.5100516266091424), (10, 1.4725744549064193), (11, 1.4857640702289556), (12, 1.4187297037137618), (13, 1.4088008200401394), (14, 1.3269152155292956), (15, 1.3627101976554044), (16, 1.2218017503768146), (17, 1.3029045630626228), (18, 1.870647710497405), (19, 1.2171913926083453), (20, 2.196639305217103)]
[2025-03-24 12:18:39,336][flwr][INFO] - app_fit: metrics_distributed_fit {'variance_training_loss': [(1, 0.19480728855476237), (2, 0.041757637163624954), (3, 0.03882756475538904), (4, 0.029442911402634022), (5, 0.038358353151977914), (6, 0.03838162379089089), (7, 0.029841153450639542), (8, 0.03387319327150825), (9, 0.03751291780964567), (10, 0.031632029394853094), (11, 0.0330008902738999), (12, 0.03481860248442507), (13, 0.030433355614017426), (14, 0.03273484655746491), (15, 0.04304626897284102), (16, 0.03854024725901553), (17, 0.04415495341080142), (18, 0.041502667377282226), (19, 0.035758404634965525), (20, 0.09706771646499643)], 'average_training_loss': [(1, 1.9156824350357056), (2, 1.517085697915819), (3, 1.452200518714057), (4, 1.3989800877041287), (5, 1.3757456011242337), (6, 1.3540350331200495), (7, 1.309400863117642), (8, 1.2963970303535461), (9, 1.2870961957507663), (10, 1.2581173049079046), (11, 1.2341670791308086), (12, 1.2255357835027907), (13, 1.204121192296346), (14, 1.1918965975443523), (15, 1.2095140351189508), (16, 1.1930164628558688), (17, 1.190445966190762), (18, 1.1810850368605719), (19, 1.1777460243966844), (20, 1.2375108533435397)], 'estimated_times': [(1, [0.06740741745333484, 0.25040296724523925, 41.6634705863395, 4.699812643828384, 7.467168583274623, 2.463373097118208, 54.856302051926406, 0.9763474320499087, 4.188769960253487]), (2, [1.947025090503553, 54.856302051926406, 2.463373097118208, 41.6634705863395, 0.9763474320499087, 4.699812643828384, 4.188769960253487, 0.25040296724523925, 7.467168583274623]), (3, [4.699812643828384, 41.6634705863395, 0.9763474320499087, 7.467168583274623, 1.947025090503553, 54.856302051926406, 2.463373097118208, 0.25040296724523925, 4.188769960253487]), (4, [7.467168583274623, 1.947025090503553, 0.9763474320499087, 41.6634705863395, 0.25040296724523925, 54.856302051926406, 4.699812643828384, 4.188769960253487, 2.463373097118208]), (5, [2.463373097118208, 41.6634705863395, 7.467168583274623, 54.856302051926406, 4.188769960253487, 1.947025090503553, 4.699812643828384, 0.9763474320499087, 0.06740741745333484]), (6, [4.188769960253487, 1.947025090503553, 41.6634705863395, 54.856302051926406, 4.699812643828384, 7.467168583274623, 0.06740741745333484, 0.9763474320499087, 2.463373097118208]), (7, [54.856302051926406, 4.188769960253487, 2.463373097118208, 7.467168583274623, 4.699812643828384, 0.06740741745333484, 1.947025090503553, 41.6634705863395, 0.9763474320499087]), (8, [4.699812643828384, 7.467168583274623, 1.947025090503553, 54.856302051926406, 0.25040296724523925, 41.6634705863395, 4.188769960253487, 0.9763474320499087, 2.463373097118208]), (9, [54.856302051926406, 4.188769960253487, 1.947025090503553, 0.06740741745333484, 0.9763474320499087, 41.6634705863395, 2.463373097118208, 7.467168583274623, 4.699812643828384]), (10, [0.9763474320499087, 54.856302051926406, 4.699812643828384, 2.463373097118208, 1.947025090503553, 4.188769960253487, 41.6634705863395, 0.06740741745333484, 7.467168583274623]), (11, [0.9763474320499087, 2.463373097118208, 4.699812643828384, 41.6634705863395, 0.25040296724523925, 54.856302051926406, 0.06740741745333484, 7.467168583274623, 4.188769960253487]), (12, [4.699812643828384, 0.06740741745333484, 41.6634705863395, 1.947025090503553, 4.188769960253487, 54.856302051926406, 0.9763474320499087, 7.467168583274623, 2.463373097118208]), (13, [41.6634705863395, 54.856302051926406, 0.9763474320499087, 4.699812643828384, 7.467168583274623, 4.188769960253487, 1.947025090503553, 2.463373097118208, 0.06740741745333484]), (14, [7.467168583274623, 4.188769960253487, 54.856302051926406, 0.9763474320499087, 2.463373097118208, 41.6634705863395, 4.699812643828384, 0.06740741745333484, 1.947025090503553]), (15, [0.9763474320499087, 2.463373097118208, 41.6634705863395, 4.188769960253487, 4.699812643828384, 7.467168583274623, 1.947025090503553, 0.25040296724523925, 54.856302051926406]), (16, [4.699812643828384, 1.947025090503553, 0.25040296724523925, 0.9763474320499087, 54.856302051926406, 2.463373097118208, 7.467168583274623, 41.6634705863395, 4.188769960253487]), (17, [0.9763474320499087, 54.856302051926406, 4.699812643828384, 7.467168583274623, 0.25040296724523925, 4.188769960253487, 41.6634705863395, 1.947025090503553, 2.463373097118208]), (18, [41.6634705863395, 4.188769960253487, 1.947025090503553, 2.463373097118208, 0.25040296724523925, 0.9763474320499087, 4.699812643828384, 54.856302051926406, 7.467168583274623]), (19, [4.188769960253487, 0.25040296724523925, 0.06740741745333484, 1.947025090503553, 41.6634705863395, 4.699812643828384, 0.9763474320499087, 2.463373097118208, 7.467168583274623]), (20, [7.467168583274623, 54.856302051926406, 0.06740741745333484, 4.699812643828384, 2.463373097118208, 0.9763474320499087, 41.6634705863395, 4.188769960253487, 1.947025090503553])]}
[2025-03-24 12:18:39,337][flwr][INFO] - app_fit: metrics_distributed {}
[2025-03-24 12:18:39,337][flwr][INFO] - app_fit: losses_centralized [(0, 2.302222967147827), (1, 2.315507650375366), (2, 2.0343503952026367), (3, 1.81330406665802), (4, 1.7332279682159424), (5, 1.5762237310409546), (6, 1.6283682584762573), (7, 1.952317714691162), (8, 1.4970835447311401), (9, 1.4535274505615234), (10, 1.4096087217330933), (11, 1.4887789487838745), (12, 1.2850745916366577), (13, 1.4463000297546387), (14, 1.3164150714874268), (15, 1.4507285356521606), (16, 1.275017499923706), (17, 1.2262786626815796), (18, 2.1522858142852783), (19, 1.5898079872131348), (20, 1.7773051261901855)]
[2025-03-24 12:18:39,337][flwr][INFO] - app_fit: metrics_centralized {'accuracy': [(0, 0.09030000120401382), (1, 0.12409999966621399), (2, 0.19689999520778656), (3, 0.2962000072002411), (4, 0.3513999879360199), (5, 0.41850000619888306), (6, 0.3797999918460846), (7, 0.35040000081062317), (8, 0.42750000953674316), (9, 0.4472000002861023), (10, 0.4880000054836273), (11, 0.4498000144958496), (12, 0.5318999886512756), (13, 0.451200008392334), (14, 0.508400022983551), (15, 0.46540001034736633), (16, 0.527400016784668), (17, 0.5410000085830688), (18, 0.32839998602867126), (19, 0.39489999413490295), (20, 0.385699987411499)]}
