[2025-03-25 06:13:48,744][tensorflow][WARNING] - From /Users/livialestingi/PycharmProjects/NodeSelection/power_of_choice/power_of_choice/dataset.py:38: load (from tensorflow.python.data.experimental.ops.io) is deprecated and will be removed in a future version.
Instructions for updating:
Use `tf.data.Dataset.load(...)` instead.
[2025-03-25 06:13:48,942][flwr][INFO] - Starting Flower simulation, config: ServerConfig(num_rounds=20, round_timeout=None)
[2025-03-25 06:13:50,114][flwr][INFO] - Flower VCE: Ray initialized with resources: {'CPU': 8.0, 'node:127.0.0.1': 1.0, 'object_store_memory': 2147483648.0, 'node:__internal_head__': 1.0, 'memory': 16465562829.0}
[2025-03-25 06:13:50,115][flwr][INFO] - Flower VCE: Resources for each Virtual Client: {'num_cpus': 0.5, 'num_gpus': 0}
[2025-03-25 06:13:50,121][flwr][INFO] - Flower VCE: Creating VirtualClientEngineActorPool with 16 actors
[2025-03-25 06:13:50,121][flwr][INFO] - Initializing global parameters
[2025-03-25 06:13:50,121][flwr][INFO] - Requesting initial parameters from one random client
[2025-03-25 06:13:55,264][flwr][INFO] - Received initial parameters from one random client
[2025-03-25 06:13:55,264][flwr][INFO] - Evaluating initial parameters
[2025-03-25 06:13:56,392][flwr][INFO] - initial parameters (loss, other metrics): 2.300846576690674, {'accuracy': 0.10000000149011612}
[2025-03-25 06:13:56,392][flwr][INFO] - FL starting with RPOW variant
[2025-03-25 06:13:59,085][flwr][INFO] - Server 1: about to sample 9 clients
[2025-03-25 06:13:59,086][flwr][INFO] - Round 1: selected clients
            ['4', '3', '6', '5', '8', '0', '1', '7', '2'] for fit.
[2025-03-25 06:13:59,086][flwr][DEBUG] - fit_round 1: strategy sampled 9 clients (out of 10)
[2025-03-25 06:14:14,223][flwr][DEBUG] - fit_round 1 received 9 results and 0 failures
[2025-03-25 06:14:15,246][flwr][INFO] - fit progress: (1, 2.324690341949463, {'accuracy': 0.11810000240802765}, 18.85398175001319)
[2025-03-25 06:14:15,246][flwr][DEBUG] - evaluate_round 1: strategy sampled 9 clients (out of 10)
[2025-03-25 06:14:16,977][flwr][DEBUG] - evaluate_round 1 received 9 results and 0 failures
[2025-03-25 06:14:16,977][flwr][WARNING] - No evaluate_metrics_aggregation_fn provided
[2025-03-25 06:14:19,765][flwr][INFO] - Server 2: about to sample 9 clients
[2025-03-25 06:14:19,766][flwr][INFO] - Round 2: selected clients
            ['6', '4', '2', '9', '7', '5', '3', '0', '8'] for fit.
[2025-03-25 06:14:19,766][flwr][DEBUG] - fit_round 2: strategy sampled 9 clients (out of 10)
[2025-03-25 06:14:34,222][flwr][DEBUG] - fit_round 2 received 9 results and 0 failures
[2025-03-25 06:14:35,236][flwr][INFO] - fit progress: (2, 2.1979563236236572, {'accuracy': 0.18610000610351562}, 38.84366570900602)
[2025-03-25 06:14:35,236][flwr][DEBUG] - evaluate_round 2: strategy sampled 9 clients (out of 10)
[2025-03-25 06:14:36,897][flwr][DEBUG] - evaluate_round 2 received 9 results and 0 failures
[2025-03-25 06:14:39,708][flwr][INFO] - Server 3: about to sample 9 clients
[2025-03-25 06:14:39,708][flwr][INFO] - Round 3: selected clients
            ['6', '2', '5', '9', '0', '8', '3', '1', '7'] for fit.
[2025-03-25 06:14:39,708][flwr][DEBUG] - fit_round 3: strategy sampled 9 clients (out of 10)
[2025-03-25 06:14:54,431][flwr][DEBUG] - fit_round 3 received 9 results and 0 failures
[2025-03-25 06:14:55,455][flwr][INFO] - fit progress: (3, 1.918203353881836, {'accuracy': 0.3028999865055084}, 59.06231091701193)
[2025-03-25 06:14:55,455][flwr][DEBUG] - evaluate_round 3: strategy sampled 9 clients (out of 10)
[2025-03-25 06:14:57,204][flwr][DEBUG] - evaluate_round 3 received 9 results and 0 failures
[2025-03-25 06:14:59,995][flwr][INFO] - Server 4: about to sample 9 clients
[2025-03-25 06:14:59,995][flwr][INFO] - Round 4: selected clients
            ['2', '7', '3', '9', '1', '0', '4', '6', '8'] for fit.
[2025-03-25 06:14:59,995][flwr][DEBUG] - fit_round 4: strategy sampled 9 clients (out of 10)
[2025-03-25 06:15:12,213][flwr][DEBUG] - fit_round 4 received 9 results and 0 failures
[2025-03-25 06:15:13,230][flwr][INFO] - fit progress: (4, 1.8448119163513184, {'accuracy': 0.303600013256073}, 76.8378650000086)
[2025-03-25 06:15:13,231][flwr][DEBUG] - evaluate_round 4: strategy sampled 9 clients (out of 10)
[2025-03-25 06:15:14,817][flwr][DEBUG] - evaluate_round 4 received 9 results and 0 failures
[2025-03-25 06:15:17,596][flwr][INFO] - Server 5: about to sample 9 clients
[2025-03-25 06:15:17,596][flwr][INFO] - Round 5: selected clients
            ['4', '3', '8', '2', '7', '5', '9', '1', '0'] for fit.
[2025-03-25 06:15:17,596][flwr][DEBUG] - fit_round 5: strategy sampled 9 clients (out of 10)
[2025-03-25 06:15:33,150][flwr][DEBUG] - fit_round 5 received 9 results and 0 failures
[2025-03-25 06:15:34,155][flwr][INFO] - fit progress: (5, 1.6958017349243164, {'accuracy': 0.3700000047683716}, 97.76168566700653)
[2025-03-25 06:15:34,155][flwr][DEBUG] - evaluate_round 5: strategy sampled 9 clients (out of 10)
[2025-03-25 06:15:35,944][flwr][DEBUG] - evaluate_round 5 received 9 results and 0 failures
[2025-03-25 06:15:38,732][flwr][INFO] - Server 6: about to sample 9 clients
[2025-03-25 06:15:38,733][flwr][INFO] - Round 6: selected clients
            ['8', '9', '7', '3', '6', '2', '5', '0', '1'] for fit.
[2025-03-25 06:15:38,733][flwr][DEBUG] - fit_round 6: strategy sampled 9 clients (out of 10)
[2025-03-25 06:15:53,540][flwr][DEBUG] - fit_round 6 received 9 results and 0 failures
[2025-03-25 06:15:54,564][flwr][INFO] - fit progress: (6, 1.6847459077835083, {'accuracy': 0.37689998745918274}, 118.17082375001337)
[2025-03-25 06:15:54,564][flwr][DEBUG] - evaluate_round 6: strategy sampled 9 clients (out of 10)
[2025-03-25 06:15:56,306][flwr][DEBUG] - evaluate_round 6 received 9 results and 0 failures
[2025-03-25 06:15:59,076][flwr][INFO] - Server 7: about to sample 9 clients
[2025-03-25 06:15:59,076][flwr][INFO] - Round 7: selected clients
            ['8', '9', '1', '4', '2', '0', '7', '5', '3'] for fit.
[2025-03-25 06:15:59,076][flwr][DEBUG] - fit_round 7: strategy sampled 9 clients (out of 10)
[2025-03-25 06:16:14,747][flwr][DEBUG] - fit_round 7 received 9 results and 0 failures
[2025-03-25 06:16:15,775][flwr][INFO] - fit progress: (7, 1.6904027462005615, {'accuracy': 0.365200012922287}, 139.38146500001312)
[2025-03-25 06:16:15,775][flwr][DEBUG] - evaluate_round 7: strategy sampled 9 clients (out of 10)
[2025-03-25 06:16:17,624][flwr][DEBUG] - evaluate_round 7 received 9 results and 0 failures
[2025-03-25 06:16:20,402][flwr][INFO] - Server 8: about to sample 9 clients
[2025-03-25 06:16:20,402][flwr][INFO] - Round 8: selected clients
            ['2', '1', '7', '9', '4', '8', '0', '3', '5'] for fit.
[2025-03-25 06:16:20,402][flwr][DEBUG] - fit_round 8: strategy sampled 9 clients (out of 10)
[2025-03-25 06:16:36,494][flwr][DEBUG] - fit_round 8 received 9 results and 0 failures
[2025-03-25 06:16:37,553][flwr][INFO] - fit progress: (8, 1.6637780666351318, {'accuracy': 0.3776000142097473}, 161.15948833400034)
[2025-03-25 06:16:37,553][flwr][DEBUG] - evaluate_round 8: strategy sampled 9 clients (out of 10)
[2025-03-25 06:16:39,455][flwr][DEBUG] - evaluate_round 8 received 9 results and 0 failures
[2025-03-25 06:16:42,238][flwr][INFO] - Server 9: about to sample 9 clients
[2025-03-25 06:16:42,238][flwr][INFO] - Round 9: selected clients
            ['5', '8', '1', '9', '2', '0', '4', '3', '7'] for fit.
[2025-03-25 06:16:42,238][flwr][DEBUG] - fit_round 9: strategy sampled 9 clients (out of 10)
[2025-03-25 06:16:58,459][flwr][DEBUG] - fit_round 9 received 9 results and 0 failures
[2025-03-25 06:16:59,507][flwr][INFO] - fit progress: (9, 1.6385173797607422, {'accuracy': 0.390500009059906}, 183.11321020900505)
[2025-03-25 06:16:59,507][flwr][DEBUG] - evaluate_round 9: strategy sampled 9 clients (out of 10)
[2025-03-25 06:17:01,368][flwr][DEBUG] - evaluate_round 9 received 9 results and 0 failures
[2025-03-25 06:17:04,153][flwr][INFO] - Server 10: about to sample 9 clients
[2025-03-25 06:17:04,153][flwr][INFO] - Round 10: selected clients
            ['4', '9', '5', '2', '3', '1', '0', '7', '8'] for fit.
[2025-03-25 06:17:04,153][flwr][DEBUG] - fit_round 10: strategy sampled 9 clients (out of 10)
[2025-03-25 06:17:20,293][flwr][DEBUG] - fit_round 10 received 9 results and 0 failures
[2025-03-25 06:17:21,343][flwr][INFO] - fit progress: (10, 1.613890528678894, {'accuracy': 0.3912000060081482}, 204.94936366700858)
[2025-03-25 06:17:21,344][flwr][DEBUG] - evaluate_round 10: strategy sampled 9 clients (out of 10)
[2025-03-25 06:17:23,193][flwr][DEBUG] - evaluate_round 10 received 9 results and 0 failures
[2025-03-25 06:17:25,980][flwr][INFO] - Server 11: about to sample 9 clients
[2025-03-25 06:17:25,981][flwr][INFO] - Round 11: selected clients
            ['9', '5', '8', '6', '0', '7', '1', '3', '2'] for fit.
[2025-03-25 06:17:25,981][flwr][DEBUG] - fit_round 11: strategy sampled 9 clients (out of 10)
[2025-03-25 06:17:41,362][flwr][DEBUG] - fit_round 11 received 9 results and 0 failures
[2025-03-25 06:17:42,408][flwr][INFO] - fit progress: (11, 1.562221884727478, {'accuracy': 0.4163999855518341}, 226.0132113340078)
[2025-03-25 06:17:42,408][flwr][DEBUG] - evaluate_round 11: strategy sampled 9 clients (out of 10)
[2025-03-25 06:17:44,159][flwr][DEBUG] - evaluate_round 11 received 9 results and 0 failures
[2025-03-25 06:17:46,976][flwr][INFO] - Server 12: about to sample 9 clients
[2025-03-25 06:17:46,976][flwr][INFO] - Round 12: selected clients
            ['0', '1', '9', '3', '4', '6', '8', '7', '2'] for fit.
[2025-03-25 06:17:46,977][flwr][DEBUG] - fit_round 12: strategy sampled 9 clients (out of 10)
[2025-03-25 06:17:59,297][flwr][DEBUG] - fit_round 12 received 9 results and 0 failures
[2025-03-25 06:18:00,334][flwr][INFO] - fit progress: (12, 1.6219537258148193, {'accuracy': 0.38839998841285706}, 243.93991370900767)
[2025-03-25 06:18:00,335][flwr][DEBUG] - evaluate_round 12: strategy sampled 9 clients (out of 10)
[2025-03-25 06:18:01,900][flwr][DEBUG] - evaluate_round 12 received 9 results and 0 failures
[2025-03-25 06:18:04,704][flwr][INFO] - Server 13: about to sample 9 clients
[2025-03-25 06:18:04,704][flwr][INFO] - Round 13: selected clients
            ['9', '7', '0', '2', '6', '4', '8', '3', '1'] for fit.
[2025-03-25 06:18:04,704][flwr][DEBUG] - fit_round 13: strategy sampled 9 clients (out of 10)
[2025-03-25 06:18:17,362][flwr][DEBUG] - fit_round 13 received 9 results and 0 failures
[2025-03-25 06:18:18,419][flwr][INFO] - fit progress: (13, 1.8062444925308228, {'accuracy': 0.3483000099658966}, 262.0245136250014)
[2025-03-25 06:18:18,419][flwr][DEBUG] - evaluate_round 13: strategy sampled 9 clients (out of 10)
[2025-03-25 06:18:19,947][flwr][DEBUG] - evaluate_round 13 received 9 results and 0 failures
[2025-03-25 06:18:22,742][flwr][INFO] - Server 14: about to sample 9 clients
[2025-03-25 06:18:22,742][flwr][INFO] - Round 14: selected clients
            ['1', '9', '2', '0', '6', '3', '7', '4', '8'] for fit.
[2025-03-25 06:18:22,742][flwr][DEBUG] - fit_round 14: strategy sampled 9 clients (out of 10)
[2025-03-25 06:18:35,278][flwr][DEBUG] - fit_round 14 received 9 results and 0 failures
[2025-03-25 06:18:36,338][flwr][INFO] - fit progress: (14, 1.9064387083053589, {'accuracy': 0.30799999833106995}, 279.9435086250014)
[2025-03-25 06:18:36,339][flwr][DEBUG] - evaluate_round 14: strategy sampled 9 clients (out of 10)
[2025-03-25 06:18:37,863][flwr][DEBUG] - evaluate_round 14 received 9 results and 0 failures
[2025-03-25 06:18:40,698][flwr][INFO] - Server 15: about to sample 9 clients
[2025-03-25 06:18:40,698][flwr][INFO] - Round 15: selected clients
            ['7', '5', '2', '8', '9', '4', '0', '3', '1'] for fit.
[2025-03-25 06:18:40,698][flwr][DEBUG] - fit_round 15: strategy sampled 9 clients (out of 10)
[2025-03-25 06:18:56,839][flwr][DEBUG] - fit_round 15 received 9 results and 0 failures
[2025-03-25 06:18:57,911][flwr][INFO] - fit progress: (15, 1.5123348236083984, {'accuracy': 0.4242999851703644}, 301.5156614590087)
[2025-03-25 06:18:57,911][flwr][DEBUG] - evaluate_round 15: strategy sampled 9 clients (out of 10)
[2025-03-25 06:18:59,776][flwr][DEBUG] - evaluate_round 15 received 9 results and 0 failures
[2025-03-25 06:19:02,586][flwr][INFO] - Server 16: about to sample 9 clients
[2025-03-25 06:19:02,587][flwr][INFO] - Round 16: selected clients
            ['1', '3', '2', '6', '5', '9', '8', '7', '0'] for fit.
[2025-03-25 06:19:02,587][flwr][DEBUG] - fit_round 16: strategy sampled 9 clients (out of 10)
[2025-03-25 06:19:18,039][flwr][DEBUG] - fit_round 16 received 9 results and 0 failures
[2025-03-25 06:19:19,200][flwr][INFO] - fit progress: (16, 1.5386688709259033, {'accuracy': 0.426800012588501}, 322.8046159170044)
[2025-03-25 06:19:19,200][flwr][DEBUG] - evaluate_round 16: strategy sampled 9 clients (out of 10)
[2025-03-25 06:19:20,995][flwr][DEBUG] - evaluate_round 16 received 9 results and 0 failures
[2025-03-25 06:19:23,772][flwr][INFO] - Server 17: about to sample 9 clients
[2025-03-25 06:19:23,772][flwr][INFO] - Round 17: selected clients
            ['1', '3', '2', '7', '8', '5', '6', '0', '9'] for fit.
[2025-03-25 06:19:23,772][flwr][DEBUG] - fit_round 17: strategy sampled 9 clients (out of 10)
[2025-03-25 06:19:39,223][flwr][DEBUG] - fit_round 17 received 9 results and 0 failures
[2025-03-25 06:19:40,273][flwr][INFO] - fit progress: (17, 1.9973117113113403, {'accuracy': 0.29510000348091125}, 343.8772885000071)
[2025-03-25 06:19:40,273][flwr][DEBUG] - evaluate_round 17: strategy sampled 9 clients (out of 10)
[2025-03-25 06:19:42,001][flwr][DEBUG] - evaluate_round 17 received 9 results and 0 failures
[2025-03-25 06:19:44,778][flwr][INFO] - Server 18: about to sample 9 clients
[2025-03-25 06:19:44,779][flwr][INFO] - Round 18: selected clients
            ['0', '1', '7', '3', '9', '5', '2', '6', '8'] for fit.
[2025-03-25 06:19:44,779][flwr][DEBUG] - fit_round 18: strategy sampled 9 clients (out of 10)
[2025-03-25 06:20:00,285][flwr][DEBUG] - fit_round 18 received 9 results and 0 failures
[2025-03-25 06:20:01,322][flwr][INFO] - fit progress: (18, 1.5030850172042847, {'accuracy': 0.4374000132083893}, 364.9253965000098)
[2025-03-25 06:20:01,322][flwr][DEBUG] - evaluate_round 18: strategy sampled 9 clients (out of 10)
[2025-03-25 06:20:03,084][flwr][DEBUG] - evaluate_round 18 received 9 results and 0 failures
[2025-03-25 06:20:05,907][flwr][INFO] - Server 19: about to sample 9 clients
[2025-03-25 06:20:05,907][flwr][INFO] - Round 19: selected clients
            ['3', '7', '0', '1', '6', '9', '8', '5', '2'] for fit.
[2025-03-25 06:20:05,907][flwr][DEBUG] - fit_round 19: strategy sampled 9 clients (out of 10)
[2025-03-25 06:20:21,350][flwr][DEBUG] - fit_round 19 received 9 results and 0 failures
[2025-03-25 06:20:22,410][flwr][INFO] - fit progress: (19, 1.6524109840393066, {'accuracy': 0.4189000129699707}, 386.0139921670052)
[2025-03-25 06:20:22,411][flwr][DEBUG] - evaluate_round 19: strategy sampled 9 clients (out of 10)
[2025-03-25 06:20:24,255][flwr][DEBUG] - evaluate_round 19 received 9 results and 0 failures
[2025-03-25 06:20:27,062][flwr][INFO] - Server 20: about to sample 9 clients
[2025-03-25 06:20:27,062][flwr][INFO] - Round 20: selected clients
            ['7', '3', '6', '8', '1', '4', '9', '0', '5'] for fit.
[2025-03-25 06:20:27,062][flwr][DEBUG] - fit_round 20: strategy sampled 9 clients (out of 10)
[2025-03-25 06:20:42,726][flwr][DEBUG] - fit_round 20 received 9 results and 0 failures
[2025-03-25 06:20:43,775][flwr][INFO] - fit progress: (20, 1.5519438982009888, {'accuracy': 0.4268999993801117}, 407.3782856250036)
[2025-03-25 06:20:43,775][flwr][DEBUG] - evaluate_round 20: strategy sampled 9 clients (out of 10)
[2025-03-25 06:20:45,640][flwr][DEBUG] - evaluate_round 20 received 9 results and 0 failures
[2025-03-25 06:20:45,640][flwr][INFO] - FL finished in 409.2430599590007
[2025-03-25 06:20:45,640][flwr][INFO] - app_fit: losses_distributed [(1, 2.3467658191771057), (2, 2.2735441857086114), (3, 1.9604575844965781), (4, 1.8480239541529304), (5, 1.684970627672756), (6, 1.6942208716164797), (7, 1.732370139834599), (8, 1.6685313440073792), (9, 1.6690363405992428), (10, 1.5922536681920956), (11, 1.5514501958050837), (12, 1.645702690587516), (13, 1.6905462454757731), (14, 1.844986380353676), (15, 1.503960046810083), (16, 1.4970161820951908), (17, 1.9437643317829039), (18, 1.5177194345411258), (19, 1.6348771734019643), (20, 1.5114039691164318)]
[2025-03-25 06:20:45,640][flwr][INFO] - app_fit: metrics_distributed_fit {'variance_training_loss': [(1, 0.12995464735092493), (2, 0.3301492288311878), (3, 0.47583450026072804), (4, 0.30473027551334964), (5, 0.15471577464501865), (6, 0.23743344878435682), (7, 0.12152518937198122), (8, 0.12186233668909491), (9, 0.12195055727616438), (10, 0.11646961698437239), (11, 0.3093275006867613), (12, 0.2904916982347228), (13, 0.2117244146829446), (14, 0.20597346653235046), (15, 0.13168330375460754), (16, 0.3520114042431305), (17, 0.26360372936018855), (18, 0.2891980155680895), (19, 0.29876164944946737), (20, 0.396693019730075)], 'average_training_loss': [(1, 1.5302156408627827), (2, 1.3303329514132605), (3, 1.3736001087559595), (4, 1.2700729138321347), (5, 1.1080958114729986), (6, 1.2098400857713487), (7, 1.0707894530561235), (8, 1.0543387134869893), (9, 1.0396606028079987), (10, 1.028810504410002), (11, 1.1759948929150899), (12, 1.1415651904212103), (13, 1.0781127446227603), (14, 1.0631299979156918), (15, 0.9661180840598212), (16, 1.1312056812975142), (17, 1.0873034861352708), (18, 1.085861262347963), (19, 1.087276041507721), (20, 1.0694749752680461)], 'estimated_times': [(1, [11.492017833622779, 11.519227411635612, 56.088739558375316, 26.252290919519456, 0.0, 6.334006506601595, 6.142167585805433, 11.000218295135934, 19.256676255645502]), (2, [11.492017833622779, 6.334006506601595, 11.000218295135934, 6.142167585805433, 0.0, 56.088739558375316, 26.252290919519456, 9.874369991890383, 11.519227411635612]), (3, [11.000218295135934, 11.492017833622779, 26.252290919519456, 0.0, 11.519227411635612, 56.088739558375316, 6.142167585805433, 19.256676255645502, 9.874369991890383]), (4, [26.252290919519456, 6.142167585805433, 19.256676255645502, 6.334006506601595, 11.000218295135934, 11.492017833622779, 11.519227411635612, 0.0, 9.874369991890383]), (5, [6.334006506601595, 11.000218295135934, 6.142167585805433, 11.519227411635612, 26.252290919519456, 11.492017833622779, 19.256676255645502, 9.874369991890383, 56.088739558375316]), (6, [26.252290919519456, 9.874369991890383, 11.492017833622779, 11.519227411635612, 6.142167585805433, 0.0, 19.256676255645502, 11.000218295135934, 56.088739558375316]), (7, [56.088739558375316, 6.142167585805433, 11.000218295135934, 11.519227411635612, 9.874369991890383, 19.256676255645502, 11.492017833622779, 6.334006506601595, 26.252290919519456]), (8, [11.492017833622779, 11.000218295135934, 9.874369991890383, 19.256676255645502, 26.252290919519456, 6.142167585805433, 6.334006506601595, 11.519227411635612, 56.088739558375316]), (9, [19.256676255645502, 6.142167585805433, 26.252290919519456, 56.088739558375316, 9.874369991890383, 11.492017833622779, 11.000218295135934, 6.334006506601595, 11.519227411635612]), (10, [56.088739558375316, 6.142167585805433, 19.256676255645502, 9.874369991890383, 26.252290919519456, 11.519227411635612, 11.492017833622779, 11.000218295135934, 6.334006506601595]), (11, [11.492017833622779, 9.874369991890383, 0.0, 6.142167585805433, 11.000218295135934, 11.519227411635612, 56.088739558375316, 26.252290919519456, 19.256676255645502]), (12, [11.492017833622779, 11.000218295135934, 19.256676255645502, 6.142167585805433, 9.874369991890383, 0.0, 6.334006506601595, 26.252290919519456, 11.519227411635612]), (13, [26.252290919519456, 11.000218295135934, 6.142167585805433, 11.492017833622779, 11.519227411635612, 6.334006506601595, 9.874369991890383, 0.0, 19.256676255645502]), (14, [0.0, 6.334006506601595, 9.874369991890383, 11.492017833622779, 11.519227411635612, 26.252290919519456, 6.142167585805433, 19.256676255645502, 11.000218295135934]), (15, [11.519227411635612, 26.252290919519456, 56.088739558375316, 6.334006506601595, 11.492017833622779, 9.874369991890383, 19.256676255645502, 11.000218295135934, 6.142167585805433]), (16, [19.256676255645502, 11.492017833622779, 0.0, 56.088739558375316, 26.252290919519456, 9.874369991890383, 6.142167585805433, 11.519227411635612, 11.000218295135934]), (17, [26.252290919519456, 11.492017833622779, 9.874369991890383, 19.256676255645502, 11.519227411635612, 6.142167585805433, 11.000218295135934, 0.0, 56.088739558375316]), (18, [9.874369991890383, 26.252290919519456, 11.000218295135934, 56.088739558375316, 19.256676255645502, 6.142167585805433, 0.0, 11.519227411635612, 11.492017833622779]), (19, [11.519227411635612, 11.000218295135934, 56.088739558375316, 26.252290919519456, 19.256676255645502, 9.874369991890383, 0.0, 6.142167585805433, 11.492017833622779]), (20, [11.492017833622779, 56.088739558375316, 0.0, 9.874369991890383, 19.256676255645502, 11.000218295135934, 11.519227411635612, 6.334006506601595, 26.252290919519456])]}
[2025-03-25 06:20:45,642][flwr][INFO] - app_fit: metrics_distributed {}
[2025-03-25 06:20:45,642][flwr][INFO] - app_fit: losses_centralized [(0, 2.300846576690674), (1, 2.324690341949463), (2, 2.1979563236236572), (3, 1.918203353881836), (4, 1.8448119163513184), (5, 1.6958017349243164), (6, 1.6847459077835083), (7, 1.6904027462005615), (8, 1.6637780666351318), (9, 1.6385173797607422), (10, 1.613890528678894), (11, 1.562221884727478), (12, 1.6219537258148193), (13, 1.8062444925308228), (14, 1.9064387083053589), (15, 1.5123348236083984), (16, 1.5386688709259033), (17, 1.9973117113113403), (18, 1.5030850172042847), (19, 1.6524109840393066), (20, 1.5519438982009888)]
[2025-03-25 06:20:45,642][flwr][INFO] - app_fit: metrics_centralized {'accuracy': [(0, 0.10000000149011612), (1, 0.11810000240802765), (2, 0.18610000610351562), (3, 0.3028999865055084), (4, 0.303600013256073), (5, 0.3700000047683716), (6, 0.37689998745918274), (7, 0.365200012922287), (8, 0.3776000142097473), (9, 0.390500009059906), (10, 0.3912000060081482), (11, 0.4163999855518341), (12, 0.38839998841285706), (13, 0.3483000099658966), (14, 0.30799999833106995), (15, 0.4242999851703644), (16, 0.426800012588501), (17, 0.29510000348091125), (18, 0.4374000132083893), (19, 0.4189000129699707), (20, 0.4268999993801117)]}
