[2025-03-09 16:36:26,179][flwr][INFO] - Using FedAvg strategy
[2025-03-09 16:36:26,179][flwr][INFO] - Starting Flower simulation, config: ServerConfig(num_rounds=20, round_timeout=None)
[2025-03-09 16:36:27,314][flwr][INFO] - Flower VCE: Ray initialized with resources: {'CPU': 8.0, 'node:__internal_head__': 1.0, 'object_store_memory': 2147483648.0, 'memory': 15053774848.0, 'node:127.0.0.1': 1.0}
[2025-03-09 16:36:27,314][flwr][INFO] - Flower VCE: Resources for each Virtual Client: {'num_cpus': 0.5, 'num_gpus': 0}
[2025-03-09 16:36:27,321][flwr][INFO] - Flower VCE: Creating VirtualClientEngineActorPool with 16 actors
[2025-03-09 16:36:27,321][flwr][INFO] - Initializing global parameters
[2025-03-09 16:36:27,321][flwr][INFO] - Requesting initial parameters from one random client
[2025-03-09 16:36:32,859][flwr][INFO] - Received initial parameters from one random client
[2025-03-09 16:36:32,859][flwr][INFO] - Evaluating initial parameters
[2025-03-09 16:36:33,956][flwr][INFO] - initial parameters (loss, other metrics): 2.305954933166504, {'accuracy': 0.10000000149011612}
[2025-03-09 16:36:33,956][flwr][INFO] - FL starting
[2025-03-09 16:36:33,956][flwr][DEBUG] - fit_round 1: strategy sampled 9 clients (out of 10)
[2025-03-09 16:36:58,254][flwr][DEBUG] - fit_round 1 received 9 results and 0 failures
[2025-03-09 16:36:59,269][flwr][INFO] - fit progress: (1, 2.299084424972534, {'accuracy': 0.09730000048875809}, 25.31244541698834)
[2025-03-09 16:36:59,269][flwr][DEBUG] - evaluate_round 1: strategy sampled 9 clients (out of 10)
[2025-03-09 16:37:00,864][flwr][DEBUG] - evaluate_round 1 received 9 results and 0 failures
[2025-03-09 16:37:00,864][flwr][WARNING] - No evaluate_metrics_aggregation_fn provided
[2025-03-09 16:37:00,864][flwr][DEBUG] - fit_round 2: strategy sampled 9 clients (out of 10)
[2025-03-09 16:37:27,060][flwr][DEBUG] - fit_round 2 received 9 results and 0 failures
[2025-03-09 16:37:28,109][flwr][INFO] - fit progress: (2, 2.2909116744995117, {'accuracy': 0.12139999866485596}, 54.152774291986134)
[2025-03-09 16:37:28,109][flwr][DEBUG] - evaluate_round 2: strategy sampled 9 clients (out of 10)
[2025-03-09 16:37:29,654][flwr][DEBUG] - evaluate_round 2 received 9 results and 0 failures
[2025-03-09 16:37:29,654][flwr][DEBUG] - fit_round 3: strategy sampled 9 clients (out of 10)
[2025-03-09 16:37:55,491][flwr][DEBUG] - fit_round 3 received 9 results and 0 failures
[2025-03-09 16:37:56,507][flwr][INFO] - fit progress: (3, 2.1929996013641357, {'accuracy': 0.17880000174045563}, 82.55053100001533)
[2025-03-09 16:37:56,507][flwr][DEBUG] - evaluate_round 3: strategy sampled 9 clients (out of 10)
[2025-03-09 16:37:58,163][flwr][DEBUG] - evaluate_round 3 received 9 results and 0 failures
[2025-03-09 16:37:58,163][flwr][DEBUG] - fit_round 4: strategy sampled 9 clients (out of 10)
[2025-03-09 16:38:23,941][flwr][DEBUG] - fit_round 4 received 9 results and 0 failures
[2025-03-09 16:38:24,998][flwr][INFO] - fit progress: (4, 1.9981001615524292, {'accuracy': 0.22030000388622284}, 111.04136416700203)
[2025-03-09 16:38:24,998][flwr][DEBUG] - evaluate_round 4: strategy sampled 9 clients (out of 10)
[2025-03-09 16:38:26,970][flwr][DEBUG] - evaluate_round 4 received 9 results and 0 failures
[2025-03-09 16:38:26,970][flwr][DEBUG] - fit_round 5: strategy sampled 9 clients (out of 10)
[2025-03-09 16:38:51,071][flwr][DEBUG] - fit_round 5 received 9 results and 0 failures
[2025-03-09 16:38:52,105][flwr][INFO] - fit progress: (5, 1.8752732276916504, {'accuracy': 0.26420000195503235}, 138.14850533299614)
[2025-03-09 16:38:52,105][flwr][DEBUG] - evaluate_round 5: strategy sampled 9 clients (out of 10)
[2025-03-09 16:38:53,735][flwr][DEBUG] - evaluate_round 5 received 9 results and 0 failures
[2025-03-09 16:38:53,736][flwr][DEBUG] - fit_round 6: strategy sampled 9 clients (out of 10)
[2025-03-09 16:39:20,591][flwr][DEBUG] - fit_round 6 received 9 results and 0 failures
[2025-03-09 16:39:21,636][flwr][INFO] - fit progress: (6, 1.7383424043655396, {'accuracy': 0.33230000734329224}, 167.67940254200948)
[2025-03-09 16:39:21,636][flwr][DEBUG] - evaluate_round 6: strategy sampled 9 clients (out of 10)
[2025-03-09 16:39:23,180][flwr][DEBUG] - evaluate_round 6 received 9 results and 0 failures
[2025-03-09 16:39:23,180][flwr][DEBUG] - fit_round 7: strategy sampled 9 clients (out of 10)
[2025-03-09 16:39:49,484][flwr][DEBUG] - fit_round 7 received 9 results and 0 failures
[2025-03-09 16:39:50,507][flwr][INFO] - fit progress: (7, 1.6737247705459595, {'accuracy': 0.36550000309944153}, 196.5501972080092)
[2025-03-09 16:39:50,507][flwr][DEBUG] - evaluate_round 7: strategy sampled 9 clients (out of 10)
[2025-03-09 16:39:52,403][flwr][DEBUG] - evaluate_round 7 received 9 results and 0 failures
[2025-03-09 16:39:52,403][flwr][DEBUG] - fit_round 8: strategy sampled 9 clients (out of 10)
[2025-03-09 16:40:19,217][flwr][DEBUG] - fit_round 8 received 9 results and 0 failures
[2025-03-09 16:40:20,332][flwr][INFO] - fit progress: (8, 1.6404937505722046, {'accuracy': 0.38999998569488525}, 226.3749547500047)
[2025-03-09 16:40:20,332][flwr][DEBUG] - evaluate_round 8: strategy sampled 9 clients (out of 10)
[2025-03-09 16:40:22,186][flwr][DEBUG] - evaluate_round 8 received 9 results and 0 failures
[2025-03-09 16:40:22,186][flwr][DEBUG] - fit_round 9: strategy sampled 9 clients (out of 10)
[2025-03-09 16:40:47,862][flwr][DEBUG] - fit_round 9 received 9 results and 0 failures
[2025-03-09 16:40:48,881][flwr][INFO] - fit progress: (9, 1.6253072023391724, {'accuracy': 0.40070000290870667}, 254.924225958006)
[2025-03-09 16:40:48,882][flwr][DEBUG] - evaluate_round 9: strategy sampled 9 clients (out of 10)
[2025-03-09 16:40:50,437][flwr][DEBUG] - evaluate_round 9 received 9 results and 0 failures
[2025-03-09 16:40:50,437][flwr][DEBUG] - fit_round 10: strategy sampled 9 clients (out of 10)
[2025-03-09 16:41:15,980][flwr][DEBUG] - fit_round 10 received 9 results and 0 failures
[2025-03-09 16:41:17,080][flwr][INFO] - fit progress: (10, 1.5692161321640015, {'accuracy': 0.4154999852180481}, 283.1225552500109)
[2025-03-09 16:41:17,080][flwr][DEBUG] - evaluate_round 10: strategy sampled 9 clients (out of 10)
[2025-03-09 16:41:18,697][flwr][DEBUG] - evaluate_round 10 received 9 results and 0 failures
[2025-03-09 16:41:18,698][flwr][DEBUG] - fit_round 11: strategy sampled 9 clients (out of 10)
[2025-03-09 16:41:45,615][flwr][DEBUG] - fit_round 11 received 9 results and 0 failures
[2025-03-09 16:41:46,644][flwr][INFO] - fit progress: (11, 1.681257963180542, {'accuracy': 0.3734999895095825}, 312.68604720797157)
[2025-03-09 16:41:46,644][flwr][DEBUG] - evaluate_round 11: strategy sampled 9 clients (out of 10)
[2025-03-09 16:41:48,493][flwr][DEBUG] - evaluate_round 11 received 9 results and 0 failures
[2025-03-09 16:41:48,493][flwr][DEBUG] - fit_round 12: strategy sampled 9 clients (out of 10)
[2025-03-09 16:42:13,415][flwr][DEBUG] - fit_round 12 received 9 results and 0 failures
[2025-03-09 16:42:14,582][flwr][INFO] - fit progress: (12, 1.5257525444030762, {'accuracy': 0.4390000104904175}, 340.6239944580011)
[2025-03-09 16:42:14,582][flwr][DEBUG] - evaluate_round 12: strategy sampled 9 clients (out of 10)
[2025-03-09 16:42:16,506][flwr][DEBUG] - evaluate_round 12 received 9 results and 0 failures
[2025-03-09 16:42:16,507][flwr][DEBUG] - fit_round 13: strategy sampled 9 clients (out of 10)
[2025-03-09 16:42:42,561][flwr][DEBUG] - fit_round 13 received 9 results and 0 failures
[2025-03-09 16:42:43,597][flwr][INFO] - fit progress: (13, 1.564858078956604, {'accuracy': 0.42250001430511475}, 369.63902800000506)
[2025-03-09 16:42:43,597][flwr][DEBUG] - evaluate_round 13: strategy sampled 9 clients (out of 10)
[2025-03-09 16:42:45,171][flwr][DEBUG] - evaluate_round 13 received 9 results and 0 failures
[2025-03-09 16:42:45,171][flwr][DEBUG] - fit_round 14: strategy sampled 9 clients (out of 10)
[2025-03-09 16:43:10,776][flwr][DEBUG] - fit_round 14 received 9 results and 0 failures
[2025-03-09 16:43:11,855][flwr][INFO] - fit progress: (14, 1.4956365823745728, {'accuracy': 0.4562000036239624}, 397.8971143749659)
[2025-03-09 16:43:11,855][flwr][DEBUG] - evaluate_round 14: strategy sampled 9 clients (out of 10)
[2025-03-09 16:43:13,598][flwr][DEBUG] - evaluate_round 14 received 9 results and 0 failures
[2025-03-09 16:43:13,599][flwr][DEBUG] - fit_round 15: strategy sampled 9 clients (out of 10)
[2025-03-09 16:43:40,225][flwr][DEBUG] - fit_round 15 received 9 results and 0 failures
[2025-03-09 16:43:41,236][flwr][INFO] - fit progress: (15, 1.5002838373184204, {'accuracy': 0.4422000050544739}, 427.27773595799226)
[2025-03-09 16:43:41,236][flwr][DEBUG] - evaluate_round 15: strategy sampled 9 clients (out of 10)
[2025-03-09 16:43:43,253][flwr][DEBUG] - evaluate_round 15 received 9 results and 0 failures
[2025-03-09 16:43:43,253][flwr][DEBUG] - fit_round 16: strategy sampled 9 clients (out of 10)
[2025-03-09 16:44:08,814][flwr][DEBUG] - fit_round 16 received 9 results and 0 failures
[2025-03-09 16:44:09,881][flwr][INFO] - fit progress: (16, 1.4723416566848755, {'accuracy': 0.45750001072883606}, 455.9231831249781)
[2025-03-09 16:44:09,881][flwr][DEBUG] - evaluate_round 16: strategy sampled 9 clients (out of 10)
[2025-03-09 16:44:11,524][flwr][DEBUG] - evaluate_round 16 received 9 results and 0 failures
[2025-03-09 16:44:11,525][flwr][DEBUG] - fit_round 17: strategy sampled 9 clients (out of 10)
[2025-03-09 16:44:37,834][flwr][DEBUG] - fit_round 17 received 9 results and 0 failures
[2025-03-09 16:44:38,870][flwr][INFO] - fit progress: (17, 1.4428967237472534, {'accuracy': 0.47540000081062317}, 484.9118236670038)
[2025-03-09 16:44:38,870][flwr][DEBUG] - evaluate_round 17: strategy sampled 9 clients (out of 10)
[2025-03-09 16:44:40,842][flwr][DEBUG] - evaluate_round 17 received 9 results and 0 failures
[2025-03-09 16:44:40,842][flwr][DEBUG] - fit_round 18: strategy sampled 9 clients (out of 10)
[2025-03-09 16:45:07,031][flwr][DEBUG] - fit_round 18 received 9 results and 0 failures
[2025-03-09 16:45:08,069][flwr][INFO] - fit progress: (18, 1.463161587715149, {'accuracy': 0.4668000042438507}, 514.1108805830008)
[2025-03-09 16:45:08,069][flwr][DEBUG] - evaluate_round 18: strategy sampled 9 clients (out of 10)
[2025-03-09 16:45:09,860][flwr][DEBUG] - evaluate_round 18 received 9 results and 0 failures
[2025-03-09 16:45:09,860][flwr][DEBUG] - fit_round 19: strategy sampled 9 clients (out of 10)
[2025-03-09 16:45:35,772][flwr][DEBUG] - fit_round 19 received 9 results and 0 failures
[2025-03-09 16:45:36,784][flwr][INFO] - fit progress: (19, 1.4853442907333374, {'accuracy': 0.4546999931335449}, 542.8250865419977)
[2025-03-09 16:45:36,784][flwr][DEBUG] - evaluate_round 19: strategy sampled 9 clients (out of 10)
[2025-03-09 16:45:38,723][flwr][DEBUG] - evaluate_round 19 received 9 results and 0 failures
[2025-03-09 16:45:38,723][flwr][DEBUG] - fit_round 20: strategy sampled 9 clients (out of 10)
[2025-03-09 16:46:03,959][flwr][DEBUG] - fit_round 20 received 9 results and 0 failures
[2025-03-09 16:46:05,041][flwr][INFO] - fit progress: (20, 1.429985761642456, {'accuracy': 0.46700000762939453}, 571.0825728749624)
[2025-03-09 16:46:05,041][flwr][DEBUG] - evaluate_round 20: strategy sampled 9 clients (out of 10)
[2025-03-09 16:46:06,944][flwr][DEBUG] - evaluate_round 20 received 9 results and 0 failures
[2025-03-09 16:46:06,944][flwr][INFO] - FL finished in 572.9855832500034
[2025-03-09 16:46:06,945][flwr][INFO] - app_fit: losses_distributed [(1, 2.293505394084944), (2, 2.296933269692919), (3, 2.2161210990411386), (4, 2.038655914875291), (5, 1.9145862770059412), (6, 1.756428144951732), (7, 1.6854722489771894), (8, 1.6480001981678383), (9, 1.6273901300263736), (10, 1.57060798249635), (11, 1.6727757683568576), (12, 1.532788049894283), (13, 1.5855246016606255), (14, 1.499209337066275), (15, 1.513903404714173), (16, 1.4736332794206333), (17, 1.4488510000827415), (18, 1.4643069717097166), (19, 1.4761409369190182), (20, 1.4213506747136073)]
[2025-03-09 16:46:06,945][flwr][INFO] - app_fit: metrics_distributed_fit {'variance_training_loss': [(1, 0.010813390751028563), (2, 0.00230197594656001), (3, 0.0009878119085077526), (4, 0.0006456870594636004), (5, 0.00027237777041512874), (6, 0.0002843344042195227), (7, 0.00030104110818722995), (8, 0.0004128435030706279), (9, 0.0005086375223819222), (10, 0.0003112361684433252), (11, 0.0004801189647152013), (12, 0.00043510162848117126), (13, 0.0003226773924577881), (14, 0.0003120668392267098), (15, 0.0006472179007560354), (16, 0.0004580510674904759), (17, 0.0005726902258863396), (18, 0.0004263703887469698), (19, 0.00082394302584338), (20, 0.000541719629483042)], 'average_training_loss': [(1, 2.194807105594211), (2, 2.000372674730089), (3, 1.9035447968377008), (4, 1.8376694917678833), (5, 1.788231439060635), (6, 1.7397987710105047), (7, 1.7119462622536554), (8, 1.6852718459235296), (9, 1.6603447331322565), (10, 1.6422389215893216), (11, 1.6210919221242268), (12, 1.6096823347939386), (13, 1.5950990915298462), (14, 1.5817768706215753), (15, 1.5575366285112169), (16, 1.541016115082635), (17, 1.5322796901067097), (18, 1.523353894551595), (19, 1.5019950734244452), (20, 1.4880709648132324)], 'estimated_times': [(1, [8.19371948618998, 5.081848244996588, 42.81093180779716, 10.600130324389477, 14.549943411800191, 17.579219370399844, 22.269416745248726, 3.9208875912454784, 4.289114011873449]), (2, [14.549943411800191, 42.81093180779716, 3.9208875912454784, 8.19371948618998, 10.600130324389477, 17.579219370399844, 37.27505480896779, 22.269416745248726, 5.081848244996588]), (3, [5.081848244996588, 4.289114011873449, 42.81093180779716, 8.19371948618998, 22.269416745248726, 14.549943411800191, 10.600130324389477, 37.27505480896779, 17.579219370399844]), (4, [4.289114011873449, 17.579219370399844, 14.549943411800191, 5.081848244996588, 10.600130324389477, 8.19371948618998, 37.27505480896779, 22.269416745248726, 42.81093180779716]), (5, [37.27505480896779, 4.289114011873449, 42.81093180779716, 14.549943411800191, 10.600130324389477, 3.9208875912454784, 5.081848244996588, 22.269416745248726, 17.579219370399844]), (6, [3.9208875912454784, 5.081848244996588, 8.19371948618998, 14.549943411800191, 22.269416745248726, 37.27505480896779, 10.600130324389477, 42.81093180779716, 17.579219370399844]), (7, [4.289114011873449, 10.600130324389477, 17.579219370399844, 22.269416745248726, 37.27505480896779, 8.19371948618998, 42.81093180779716, 5.081848244996588, 14.549943411800191]), (8, [17.579219370399844, 37.27505480896779, 5.081848244996588, 22.269416745248726, 8.19371948618998, 4.289114011873449, 42.81093180779716, 10.600130324389477, 14.549943411800191]), (9, [3.9208875912454784, 17.579219370399844, 14.549943411800191, 37.27505480896779, 5.081848244996588, 22.269416745248726, 10.600130324389477, 8.19371948618998, 4.289114011873449]), (10, [14.549943411800191, 22.269416745248726, 3.9208875912454784, 4.289114011873449, 42.81093180779716, 37.27505480896779, 8.19371948618998, 17.579219370399844, 10.600130324389477]), (11, [17.579219370399844, 5.081848244996588, 14.549943411800191, 37.27505480896779, 3.9208875912454784, 8.19371948618998, 4.289114011873449, 22.269416745248726, 10.600130324389477]), (12, [42.81093180779716, 22.269416745248726, 14.549943411800191, 10.600130324389477, 4.289114011873449, 3.9208875912454784, 17.579219370399844, 5.081848244996588, 8.19371948618998]), (13, [42.81093180779716, 17.579219370399844, 5.081848244996588, 4.289114011873449, 22.269416745248726, 10.600130324389477, 37.27505480896779, 3.9208875912454784, 8.19371948618998]), (14, [3.9208875912454784, 14.549943411800191, 37.27505480896779, 42.81093180779716, 8.19371948618998, 10.600130324389477, 4.289114011873449, 22.269416745248726, 17.579219370399844]), (15, [22.269416745248726, 8.19371948618998, 17.579219370399844, 37.27505480896779, 14.549943411800191, 4.289114011873449, 5.081848244996588, 42.81093180779716, 10.600130324389477]), (16, [22.269416745248726, 37.27505480896779, 5.081848244996588, 4.289114011873449, 14.549943411800191, 8.19371948618998, 10.600130324389477, 3.9208875912454784, 42.81093180779716]), (17, [37.27505480896779, 22.269416745248726, 10.600130324389477, 5.081848244996588, 17.579219370399844, 8.19371948618998, 42.81093180779716, 4.289114011873449, 3.9208875912454784]), (18, [14.549943411800191, 17.579219370399844, 37.27505480896779, 8.19371948618998, 10.600130324389477, 22.269416745248726, 42.81093180779716, 3.9208875912454784, 4.289114011873449]), (19, [22.269416745248726, 37.27505480896779, 3.9208875912454784, 14.549943411800191, 5.081848244996588, 17.579219370399844, 4.289114011873449, 8.19371948618998, 42.81093180779716]), (20, [14.549943411800191, 8.19371948618998, 3.9208875912454784, 5.081848244996588, 17.579219370399844, 4.289114011873449, 22.269416745248726, 42.81093180779716, 10.600130324389477])]}
[2025-03-09 16:46:06,947][flwr][INFO] - app_fit: metrics_distributed {}
[2025-03-09 16:46:06,947][flwr][INFO] - app_fit: losses_centralized [(0, 2.305954933166504), (1, 2.299084424972534), (2, 2.2909116744995117), (3, 2.1929996013641357), (4, 1.9981001615524292), (5, 1.8752732276916504), (6, 1.7383424043655396), (7, 1.6737247705459595), (8, 1.6404937505722046), (9, 1.6253072023391724), (10, 1.5692161321640015), (11, 1.681257963180542), (12, 1.5257525444030762), (13, 1.564858078956604), (14, 1.4956365823745728), (15, 1.5002838373184204), (16, 1.4723416566848755), (17, 1.4428967237472534), (18, 1.463161587715149), (19, 1.4853442907333374), (20, 1.429985761642456)]
[2025-03-09 16:46:06,947][flwr][INFO] - app_fit: metrics_centralized {'accuracy': [(0, 0.10000000149011612), (1, 0.09730000048875809), (2, 0.12139999866485596), (3, 0.17880000174045563), (4, 0.22030000388622284), (5, 0.26420000195503235), (6, 0.33230000734329224), (7, 0.36550000309944153), (8, 0.38999998569488525), (9, 0.40070000290870667), (10, 0.4154999852180481), (11, 0.3734999895095825), (12, 0.4390000104904175), (13, 0.42250001430511475), (14, 0.4562000036239624), (15, 0.4422000050544739), (16, 0.45750001072883606), (17, 0.47540000081062317), (18, 0.4668000042438507), (19, 0.4546999931335449), (20, 0.46700000762939453)]}
