[2025-03-10 04:12:11,011][flwr][INFO] - Using FedAvg strategy
[2025-03-10 04:12:11,011][flwr][INFO] - Starting Flower simulation, config: ServerConfig(num_rounds=20, round_timeout=None)
[2025-03-10 04:12:12,179][flwr][INFO] - Flower VCE: Ray initialized with resources: {'node:__internal_head__': 1.0, 'object_store_memory': 2147483648.0, 'node:127.0.0.1': 1.0, 'CPU': 8.0, 'memory': 17260011520.0}
[2025-03-10 04:12:12,179][flwr][INFO] - Flower VCE: Resources for each Virtual Client: {'num_cpus': 0.5, 'num_gpus': 0}
[2025-03-10 04:12:12,189][flwr][INFO] - Flower VCE: Creating VirtualClientEngineActorPool with 16 actors
[2025-03-10 04:12:12,190][flwr][INFO] - Initializing global parameters
[2025-03-10 04:12:12,190][flwr][INFO] - Requesting initial parameters from one random client
[2025-03-10 04:12:17,409][flwr][INFO] - Received initial parameters from one random client
[2025-03-10 04:12:17,409][flwr][INFO] - Evaluating initial parameters
[2025-03-10 04:12:18,548][flwr][INFO] - initial parameters (loss, other metrics): 2.3003809452056885, {'accuracy': 0.10000000149011612}
[2025-03-10 04:12:18,548][flwr][INFO] - FL starting
[2025-03-10 04:12:21,017][flwr][DEBUG] - fit_round 1: strategy sampled 9 clients (out of 10)
[2025-03-10 04:12:52,522][flwr][DEBUG] - fit_round 1 received 9 results and 0 failures
[2025-03-10 04:12:53,565][flwr][INFO] - fit progress: (1, 2.27103853225708, {'accuracy': 0.15970000624656677}, 35.01636166602839)
[2025-03-10 04:12:53,565][flwr][DEBUG] - evaluate_round 1: strategy sampled 9 clients (out of 10)
[2025-03-10 04:12:55,125][flwr][DEBUG] - evaluate_round 1 received 9 results and 0 failures
[2025-03-10 04:12:55,125][flwr][WARNING] - No evaluate_metrics_aggregation_fn provided
[2025-03-10 04:12:57,587][flwr][DEBUG] - fit_round 2: strategy sampled 9 clients (out of 10)
[2025-03-10 04:13:29,242][flwr][DEBUG] - fit_round 2 received 9 results and 0 failures
[2025-03-10 04:13:30,286][flwr][INFO] - fit progress: (2, 1.7763464450836182, {'accuracy': 0.3237999975681305}, 71.73652200005017)
[2025-03-10 04:13:30,286][flwr][DEBUG] - evaluate_round 2: strategy sampled 9 clients (out of 10)
[2025-03-10 04:13:31,962][flwr][DEBUG] - evaluate_round 2 received 9 results and 0 failures
[2025-03-10 04:13:34,427][flwr][DEBUG] - fit_round 3: strategy sampled 9 clients (out of 10)
[2025-03-10 04:14:04,762][flwr][DEBUG] - fit_round 3 received 9 results and 0 failures
[2025-03-10 04:14:05,815][flwr][INFO] - fit progress: (3, 1.7180720567703247, {'accuracy': 0.3659999966621399}, 107.2653838749975)
[2025-03-10 04:14:05,815][flwr][DEBUG] - evaluate_round 3: strategy sampled 9 clients (out of 10)
[2025-03-10 04:14:07,534][flwr][DEBUG] - evaluate_round 3 received 9 results and 0 failures
[2025-03-10 04:14:10,007][flwr][DEBUG] - fit_round 4: strategy sampled 9 clients (out of 10)
[2025-03-10 04:14:52,779][flwr][DEBUG] - fit_round 4 received 9 results and 0 failures
[2025-03-10 04:14:53,877][flwr][INFO] - fit progress: (4, 1.5744701623916626, {'accuracy': 0.4228000044822693}, 155.32711466599721)
[2025-03-10 04:14:53,877][flwr][DEBUG] - evaluate_round 4: strategy sampled 9 clients (out of 10)
[2025-03-10 04:14:55,649][flwr][DEBUG] - evaluate_round 4 received 9 results and 0 failures
[2025-03-10 04:14:58,087][flwr][DEBUG] - fit_round 5: strategy sampled 9 clients (out of 10)
[2025-03-10 04:15:28,096][flwr][DEBUG] - fit_round 5 received 9 results and 0 failures
[2025-03-10 04:15:29,130][flwr][INFO] - fit progress: (5, 1.55125892162323, {'accuracy': 0.43209999799728394}, 190.57920104102232)
[2025-03-10 04:15:29,130][flwr][DEBUG] - evaluate_round 5: strategy sampled 9 clients (out of 10)
[2025-03-10 04:15:30,893][flwr][DEBUG] - evaluate_round 5 received 9 results and 0 failures
[2025-03-10 04:15:33,351][flwr][DEBUG] - fit_round 6: strategy sampled 9 clients (out of 10)
[2025-03-10 04:16:03,708][flwr][DEBUG] - fit_round 6 received 9 results and 0 failures
[2025-03-10 04:16:04,758][flwr][INFO] - fit progress: (6, 1.5262627601623535, {'accuracy': 0.4438999891281128}, 226.20694429101422)
[2025-03-10 04:16:04,758][flwr][DEBUG] - evaluate_round 6: strategy sampled 9 clients (out of 10)
[2025-03-10 04:16:06,505][flwr][DEBUG] - evaluate_round 6 received 9 results and 0 failures
[2025-03-10 04:16:08,994][flwr][DEBUG] - fit_round 7: strategy sampled 9 clients (out of 10)
[2025-03-10 04:16:38,160][flwr][DEBUG] - fit_round 7 received 9 results and 0 failures
[2025-03-10 04:16:39,232][flwr][INFO] - fit progress: (7, 1.4556431770324707, {'accuracy': 0.4797999858856201}, 260.6811384999892)
[2025-03-10 04:16:39,233][flwr][DEBUG] - evaluate_round 7: strategy sampled 9 clients (out of 10)
[2025-03-10 04:16:40,983][flwr][DEBUG] - evaluate_round 7 received 9 results and 0 failures
[2025-03-10 04:16:43,459][flwr][DEBUG] - fit_round 8: strategy sampled 9 clients (out of 10)
[2025-03-10 04:17:13,443][flwr][DEBUG] - fit_round 8 received 9 results and 0 failures
[2025-03-10 04:17:14,513][flwr][INFO] - fit progress: (8, 1.4439579248428345, {'accuracy': 0.4814000129699707}, 295.96087841596454)
[2025-03-10 04:17:14,513][flwr][DEBUG] - evaluate_round 8: strategy sampled 9 clients (out of 10)
[2025-03-10 04:17:16,312][flwr][DEBUG] - evaluate_round 8 received 9 results and 0 failures
[2025-03-10 04:17:18,796][flwr][DEBUG] - fit_round 9: strategy sampled 9 clients (out of 10)
[2025-03-10 04:17:49,039][flwr][DEBUG] - fit_round 9 received 9 results and 0 failures
[2025-03-10 04:17:50,088][flwr][INFO] - fit progress: (9, 1.3920475244522095, {'accuracy': 0.49880000948905945}, 331.53539629105944)
[2025-03-10 04:17:50,088][flwr][DEBUG] - evaluate_round 9: strategy sampled 9 clients (out of 10)
[2025-03-10 04:17:51,841][flwr][DEBUG] - evaluate_round 9 received 9 results and 0 failures
[2025-03-10 04:17:54,295][flwr][DEBUG] - fit_round 10: strategy sampled 9 clients (out of 10)
[2025-03-10 04:18:24,323][flwr][DEBUG] - fit_round 10 received 9 results and 0 failures
[2025-03-10 04:18:25,379][flwr][INFO] - fit progress: (10, 1.3911157846450806, {'accuracy': 0.49639999866485596}, 366.8269052080577)
[2025-03-10 04:18:25,380][flwr][DEBUG] - evaluate_round 10: strategy sampled 9 clients (out of 10)
[2025-03-10 04:18:27,062][flwr][DEBUG] - evaluate_round 10 received 9 results and 0 failures
[2025-03-10 04:18:29,530][flwr][DEBUG] - fit_round 11: strategy sampled 9 clients (out of 10)
[2025-03-10 04:18:59,468][flwr][DEBUG] - fit_round 11 received 9 results and 0 failures
[2025-03-10 04:19:00,513][flwr][INFO] - fit progress: (11, 1.3935613632202148, {'accuracy': 0.4756999909877777}, 401.95983025000896)
[2025-03-10 04:19:00,513][flwr][DEBUG] - evaluate_round 11: strategy sampled 9 clients (out of 10)
[2025-03-10 04:19:02,261][flwr][DEBUG] - evaluate_round 11 received 9 results and 0 failures
[2025-03-10 04:19:04,760][flwr][DEBUG] - fit_round 12: strategy sampled 9 clients (out of 10)
[2025-03-10 04:19:35,034][flwr][DEBUG] - fit_round 12 received 9 results and 0 failures
[2025-03-10 04:19:36,083][flwr][INFO] - fit progress: (12, 1.339705467224121, {'accuracy': 0.5184999704360962}, 437.52996333304327)
[2025-03-10 04:19:36,083][flwr][DEBUG] - evaluate_round 12: strategy sampled 9 clients (out of 10)
[2025-03-10 04:19:37,777][flwr][DEBUG] - evaluate_round 12 received 9 results and 0 failures
[2025-03-10 04:19:40,320][flwr][DEBUG] - fit_round 13: strategy sampled 9 clients (out of 10)
[2025-03-10 04:20:15,795][flwr][DEBUG] - fit_round 13 received 9 results and 0 failures
[2025-03-10 04:20:16,841][flwr][INFO] - fit progress: (13, 1.312116265296936, {'accuracy': 0.5325000286102295}, 478.2869504579576)
[2025-03-10 04:20:16,841][flwr][DEBUG] - evaluate_round 13: strategy sampled 9 clients (out of 10)
[2025-03-10 04:20:18,504][flwr][DEBUG] - evaluate_round 13 received 9 results and 0 failures
[2025-03-10 04:20:21,018][flwr][DEBUG] - fit_round 14: strategy sampled 9 clients (out of 10)
[2025-03-10 04:20:51,895][flwr][DEBUG] - fit_round 14 received 9 results and 0 failures
[2025-03-10 04:20:52,961][flwr][INFO] - fit progress: (14, 1.3496124744415283, {'accuracy': 0.5162000060081482}, 514.4068697909825)
[2025-03-10 04:20:52,961][flwr][DEBUG] - evaluate_round 14: strategy sampled 9 clients (out of 10)
[2025-03-10 04:20:54,636][flwr][DEBUG] - evaluate_round 14 received 9 results and 0 failures
[2025-03-10 04:20:57,128][flwr][DEBUG] - fit_round 15: strategy sampled 9 clients (out of 10)
[2025-03-10 04:21:27,707][flwr][DEBUG] - fit_round 15 received 9 results and 0 failures
[2025-03-10 04:21:28,765][flwr][INFO] - fit progress: (15, 1.343503713607788, {'accuracy': 0.5199999809265137}, 550.210080916062)
[2025-03-10 04:21:28,765][flwr][DEBUG] - evaluate_round 15: strategy sampled 9 clients (out of 10)
[2025-03-10 04:21:30,590][flwr][DEBUG] - evaluate_round 15 received 9 results and 0 failures
[2025-03-10 04:21:33,089][flwr][DEBUG] - fit_round 16: strategy sampled 9 clients (out of 10)
[2025-03-10 04:22:08,736][flwr][DEBUG] - fit_round 16 received 9 results and 0 failures
[2025-03-10 04:22:09,785][flwr][INFO] - fit progress: (16, 1.2838895320892334, {'accuracy': 0.5401999950408936}, 591.2300306250108)
[2025-03-10 04:22:09,785][flwr][DEBUG] - evaluate_round 16: strategy sampled 9 clients (out of 10)
[2025-03-10 04:22:11,502][flwr][DEBUG] - evaluate_round 16 received 9 results and 0 failures
[2025-03-10 04:22:13,965][flwr][DEBUG] - fit_round 17: strategy sampled 9 clients (out of 10)
[2025-03-10 04:22:44,509][flwr][DEBUG] - fit_round 17 received 9 results and 0 failures
[2025-03-10 04:22:45,557][flwr][INFO] - fit progress: (17, 1.3653274774551392, {'accuracy': 0.5076000094413757}, 627.0017608329654)
[2025-03-10 04:22:45,557][flwr][DEBUG] - evaluate_round 17: strategy sampled 9 clients (out of 10)
[2025-03-10 04:22:47,302][flwr][DEBUG] - evaluate_round 17 received 9 results and 0 failures
[2025-03-10 04:22:49,763][flwr][DEBUG] - fit_round 18: strategy sampled 9 clients (out of 10)
[2025-03-10 04:23:18,489][flwr][DEBUG] - fit_round 18 received 9 results and 0 failures
[2025-03-10 04:23:19,520][flwr][INFO] - fit progress: (18, 1.244354486465454, {'accuracy': 0.5461000204086304}, 660.963882165961)
[2025-03-10 04:23:19,520][flwr][DEBUG] - evaluate_round 18: strategy sampled 9 clients (out of 10)
[2025-03-10 04:23:21,258][flwr][DEBUG] - evaluate_round 18 received 9 results and 0 failures
[2025-03-10 04:23:23,740][flwr][DEBUG] - fit_round 19: strategy sampled 9 clients (out of 10)
[2025-03-10 04:23:54,476][flwr][DEBUG] - fit_round 19 received 9 results and 0 failures
[2025-03-10 04:23:55,545][flwr][INFO] - fit progress: (19, 1.2314521074295044, {'accuracy': 0.5562999844551086}, 696.9892801250098)
[2025-03-10 04:23:55,546][flwr][DEBUG] - evaluate_round 19: strategy sampled 9 clients (out of 10)
[2025-03-10 04:23:57,268][flwr][DEBUG] - evaluate_round 19 received 9 results and 0 failures
[2025-03-10 04:23:59,736][flwr][DEBUG] - fit_round 20: strategy sampled 9 clients (out of 10)
[2025-03-10 04:24:30,506][flwr][DEBUG] - fit_round 20 received 9 results and 0 failures
[2025-03-10 04:24:31,553][flwr][INFO] - fit progress: (20, 1.2634245157241821, {'accuracy': 0.5480999946594238}, 732.9961842079647)
[2025-03-10 04:24:31,553][flwr][DEBUG] - evaluate_round 20: strategy sampled 9 clients (out of 10)
[2025-03-10 04:24:33,298][flwr][DEBUG] - evaluate_round 20 received 9 results and 0 failures
[2025-03-10 04:24:33,298][flwr][INFO] - FL finished in 734.7411324579734
[2025-03-10 04:24:33,298][flwr][INFO] - app_fit: losses_distributed [(1, 2.27970755406728), (2, 1.7919135734779343), (3, 1.7333309193354762), (4, 1.579327276944574), (5, 1.561020218372764), (6, 1.5271548017026881), (7, 1.4498455599574278), (8, 1.4450249602798837), (9, 1.3845652161654851), (10, 1.3803916873119), (11, 1.371702926911034), (12, 1.3310512421866285), (13, 1.3047162034781137), (14, 1.3570083861551947), (15, 1.3267641629772706), (16, 1.2866572703255548), (17, 1.3673374652326296), (18, 1.2349938089226156), (19, 1.2325845817989773), (20, 1.2670166598640473)]
[2025-03-10 04:24:33,298][flwr][INFO] - app_fit: metrics_distributed_fit {'variance_training_loss': [(1, 0.004036405078137604), (2, 0.0008322164647627991), (3, 0.0005907680338010676), (4, 0.0007663566598176254), (5, 0.0003760582957161177), (6, 0.0003789773125181511), (7, 0.00040804837942932915), (8, 0.00034687796645893745), (9, 0.0005946921393602781), (10, 0.000450892452354282), (11, 0.00040754515060194133), (12, 0.00031051799489508386), (13, 8.699949813717467e-05), (14, 0.000593870106014742), (15, 0.00048325165421185073), (16, 0.0002233106705176975), (17, 0.0004174129312812309), (18, 0.000593039562323768), (19, 0.0004851089235793086), (20, 0.0006558914729193481)], 'average_training_loss': [(1, 1.9593470493952434), (2, 1.7999711434046428), (3, 1.7314951022466023), (4, 1.6735339959462483), (5, 1.6356251769595676), (6, 1.5997463199827406), (7, 1.5706691477033827), (8, 1.531883094045851), (9, 1.5083258549372356), (10, 1.4841000503963895), (11, 1.4616477092107136), (12, 1.4424000183741252), (13, 1.4182628393173218), (14, 1.406314902835422), (15, 1.3841158151626587), (16, 1.370131082004971), (17, 1.3508607546488445), (18, 1.3449226882722642), (19, 1.3251779211892023), (20, 1.3198008272382948)], 'estimated_times': [(1, [28.163248547623766, 28.40518019628546, 32.06254189860937, 33.62505640858182, 34.15634454437479, 43.97219046965401, 29.245264469753526, 33.95476553499214, 32.536245479572834]), (2, [33.95476553499214, 29.245264469753526, 32.536245479572834, 34.15634454437479, 43.97219046965401, 32.06254189860937, 28.40518019628546, 33.62505640858182, 28.163248547623766]), (3, [23.90788831202467, 29.245264469753526, 32.536245479572834, 33.62505640858182, 32.06254189860937, 34.15634454437479, 33.95476553499214, 43.97219046965401, 28.163248547623766]), (4, [32.536245479572834, 23.90788831202467, 33.95476553499214, 29.245264469753526, 32.06254189860937, 43.97219046965401, 28.40518019628546, 28.163248547623766, 33.62505640858182]), (5, [32.06254189860937, 32.536245479572834, 23.90788831202467, 33.95476553499214, 28.40518019628546, 29.245264469753526, 43.97219046965401, 34.15634454437479, 28.163248547623766]), (6, [28.163248547623766, 28.40518019628546, 32.06254189860937, 33.95476553499214, 33.62505640858182, 23.90788831202467, 43.97219046965401, 32.536245479572834, 29.245264469753526]), (7, [28.40518019628546, 28.163248547623766, 29.245264469753526, 23.90788831202467, 34.15634454437479, 33.62505640858182, 33.95476553499214, 43.97219046965401, 32.06254189860937]), (8, [28.163248547623766, 28.40518019628546, 33.95476553499214, 32.536245479572834, 23.90788831202467, 32.06254189860937, 34.15634454437479, 33.62505640858182, 43.97219046965401]), (9, [32.536245479572834, 29.245264469753526, 28.40518019628546, 32.06254189860937, 28.163248547623766, 33.62505640858182, 33.95476553499214, 43.97219046965401, 23.90788831202467]), (10, [29.245264469753526, 23.90788831202467, 28.163248547623766, 43.97219046965401, 32.536245479572834, 32.06254189860937, 33.62505640858182, 28.40518019628546, 34.15634454437479]), (11, [29.245264469753526, 32.536245479572834, 28.163248547623766, 23.90788831202467, 32.06254189860937, 34.15634454437479, 28.40518019628546, 33.62505640858182, 43.97219046965401]), (12, [32.536245479572834, 32.06254189860937, 33.62505640858182, 23.90788831202467, 28.163248547623766, 29.245264469753526, 33.95476553499214, 28.40518019628546, 43.97219046965401]), (13, [51.03380927714388, 42.658675635281746, 23.90788831202467, 43.97219046965401, 42.29165562633204, 33.62505640858182, 43.3553368162269, 43.82117902975848, 34.15634454437479]), (14, [29.245264469753526, 34.15634454437479, 32.536245479572834, 28.163248547623766, 33.62505640858182, 23.90788831202467, 32.06254189860937, 33.95476553499214, 43.97219046965401]), (15, [23.90788831202467, 28.40518019628546, 34.15634454437479, 32.06254189860937, 33.95476553499214, 29.245264469753526, 33.62505640858182, 43.97219046965401, 32.536245479572834]), (16, [34.15634454437479, 43.97219046965401, 23.90788831202467, 51.03380927714388, 42.29165562633204, 43.82117902975848, 33.62505640858182, 43.3553368162269, 42.658675635281746]), (17, [29.245264469753526, 33.62505640858182, 33.95476553499214, 32.536245479572834, 23.90788831202467, 43.97219046965401, 32.06254189860937, 28.40518019628546, 34.15634454437479]), (18, [29.245264469753526, 32.536245479572834, 32.06254189860937, 34.15634454437479, 28.40518019628546, 28.163248547623766, 33.95476553499214, 23.90788831202467, 33.62505640858182]), (19, [32.536245479572834, 23.90788831202467, 28.163248547623766, 28.40518019628546, 29.245264469753526, 32.06254189860937, 43.97219046965401, 33.95476553499214, 33.62505640858182]), (20, [32.06254189860937, 28.40518019628546, 23.90788831202467, 28.163248547623766, 33.62505640858182, 43.97219046965401, 33.95476553499214, 29.245264469753526, 32.536245479572834])]}
[2025-03-10 04:24:33,300][flwr][INFO] - app_fit: metrics_distributed {}
[2025-03-10 04:24:33,300][flwr][INFO] - app_fit: losses_centralized [(0, 2.3003809452056885), (1, 2.27103853225708), (2, 1.7763464450836182), (3, 1.7180720567703247), (4, 1.5744701623916626), (5, 1.55125892162323), (6, 1.5262627601623535), (7, 1.4556431770324707), (8, 1.4439579248428345), (9, 1.3920475244522095), (10, 1.3911157846450806), (11, 1.3935613632202148), (12, 1.339705467224121), (13, 1.312116265296936), (14, 1.3496124744415283), (15, 1.343503713607788), (16, 1.2838895320892334), (17, 1.3653274774551392), (18, 1.244354486465454), (19, 1.2314521074295044), (20, 1.2634245157241821)]
[2025-03-10 04:24:33,301][flwr][INFO] - app_fit: metrics_centralized {'accuracy': [(0, 0.10000000149011612), (1, 0.15970000624656677), (2, 0.3237999975681305), (3, 0.3659999966621399), (4, 0.4228000044822693), (5, 0.43209999799728394), (6, 0.4438999891281128), (7, 0.4797999858856201), (8, 0.4814000129699707), (9, 0.49880000948905945), (10, 0.49639999866485596), (11, 0.4756999909877777), (12, 0.5184999704360962), (13, 0.5325000286102295), (14, 0.5162000060081482), (15, 0.5199999809265137), (16, 0.5401999950408936), (17, 0.5076000094413757), (18, 0.5461000204086304), (19, 0.5562999844551086), (20, 0.5480999946594238)]}
