[2025-03-11 16:18:20,810][flwr][INFO] - Using FedAvg strategy
[2025-03-11 16:18:20,810][flwr][INFO] - Starting Flower simulation, config: ServerConfig(num_rounds=20, round_timeout=None)
[2025-03-11 16:18:22,039][flwr][INFO] - Flower VCE: Ray initialized with resources: {'node:__internal_head__': 1.0, 'CPU': 8.0, 'node:127.0.0.1': 1.0, 'memory': 16235605197.0, 'object_store_memory': 2147483648.0}
[2025-03-11 16:18:22,039][flwr][INFO] - Flower VCE: Resources for each Virtual Client: {'num_cpus': 0.5, 'num_gpus': 0}
[2025-03-11 16:18:22,050][flwr][INFO] - Flower VCE: Creating VirtualClientEngineActorPool with 16 actors
[2025-03-11 16:18:22,050][flwr][INFO] - Initializing global parameters
[2025-03-11 16:18:22,050][flwr][INFO] - Requesting initial parameters from one random client
[2025-03-11 16:18:27,168][flwr][INFO] - Received initial parameters from one random client
[2025-03-11 16:18:27,168][flwr][INFO] - Evaluating initial parameters
[2025-03-11 16:18:28,301][flwr][INFO] - initial parameters (loss, other metrics): 2.3038601875305176, {'accuracy': 0.10000000149011612}
[2025-03-11 16:18:28,301][flwr][INFO] - FL starting
[2025-03-11 16:18:31,022][flwr][DEBUG] - fit_round 1: strategy sampled 9 clients (out of 10)
[2025-03-11 16:19:10,853][flwr][DEBUG] - fit_round 1 received 9 results and 0 failures
[2025-03-11 16:19:11,897][flwr][INFO] - fit progress: (1, 2.479203462600708, {'accuracy': 0.12720000743865967}, 43.594821667065844)
[2025-03-11 16:19:11,897][flwr][DEBUG] - evaluate_round 1: strategy sampled 9 clients (out of 10)
[2025-03-11 16:19:13,744][flwr][DEBUG] - evaluate_round 1 received 9 results and 0 failures
[2025-03-11 16:19:13,744][flwr][WARNING] - No evaluate_metrics_aggregation_fn provided
[2025-03-11 16:19:16,447][flwr][DEBUG] - fit_round 2: strategy sampled 9 clients (out of 10)
[2025-03-11 16:19:56,872][flwr][DEBUG] - fit_round 2 received 9 results and 0 failures
[2025-03-11 16:19:57,917][flwr][INFO] - fit progress: (2, 2.043501615524292, {'accuracy': 0.23849999904632568}, 89.61467516701669)
[2025-03-11 16:19:57,917][flwr][DEBUG] - evaluate_round 2: strategy sampled 9 clients (out of 10)
[2025-03-11 16:19:59,736][flwr][DEBUG] - evaluate_round 2 received 9 results and 0 failures
[2025-03-11 16:20:02,181][flwr][DEBUG] - fit_round 3: strategy sampled 9 clients (out of 10)
[2025-03-11 16:20:39,760][flwr][DEBUG] - fit_round 3 received 9 results and 0 failures
[2025-03-11 16:20:40,813][flwr][INFO] - fit progress: (3, 1.8403074741363525, {'accuracy': 0.32670000195503235}, 132.51067891705316)
[2025-03-11 16:20:40,813][flwr][DEBUG] - evaluate_round 3: strategy sampled 9 clients (out of 10)
[2025-03-11 16:20:42,763][flwr][DEBUG] - evaluate_round 3 received 9 results and 0 failures
[2025-03-11 16:20:45,299][flwr][DEBUG] - fit_round 4: strategy sampled 9 clients (out of 10)
[2025-03-11 16:21:22,450][flwr][DEBUG] - fit_round 4 received 9 results and 0 failures
[2025-03-11 16:21:23,506][flwr][INFO] - fit progress: (4, 1.7413341999053955, {'accuracy': 0.3273000121116638}, 175.20338050008286)
[2025-03-11 16:21:23,506][flwr][DEBUG] - evaluate_round 4: strategy sampled 9 clients (out of 10)
[2025-03-11 16:21:25,495][flwr][DEBUG] - evaluate_round 4 received 9 results and 0 failures
[2025-03-11 16:21:27,736][flwr][DEBUG] - fit_round 5: strategy sampled 9 clients (out of 10)
[2025-03-11 16:22:06,392][flwr][DEBUG] - fit_round 5 received 9 results and 0 failures
[2025-03-11 16:22:07,436][flwr][INFO] - fit progress: (5, 1.5701355934143066, {'accuracy': 0.40950000286102295}, 219.13317958300468)
[2025-03-11 16:22:07,436][flwr][DEBUG] - evaluate_round 5: strategy sampled 9 clients (out of 10)
[2025-03-11 16:22:09,268][flwr][DEBUG] - evaluate_round 5 received 9 results and 0 failures
[2025-03-11 16:22:11,718][flwr][DEBUG] - fit_round 6: strategy sampled 9 clients (out of 10)
[2025-03-11 16:22:51,836][flwr][DEBUG] - fit_round 6 received 9 results and 0 failures
[2025-03-11 16:22:52,871][flwr][INFO] - fit progress: (6, 1.6294434070587158, {'accuracy': 0.3763999938964844}, 264.56764050002676)
[2025-03-11 16:22:52,871][flwr][DEBUG] - evaluate_round 6: strategy sampled 9 clients (out of 10)
[2025-03-11 16:22:54,722][flwr][DEBUG] - evaluate_round 6 received 9 results and 0 failures
[2025-03-11 16:22:57,437][flwr][DEBUG] - fit_round 7: strategy sampled 9 clients (out of 10)
[2025-03-11 16:23:36,715][flwr][DEBUG] - fit_round 7 received 9 results and 0 failures
[2025-03-11 16:23:37,755][flwr][INFO] - fit progress: (7, 1.4722832441329956, {'accuracy': 0.4401000142097473}, 309.4509240000043)
[2025-03-11 16:23:37,755][flwr][DEBUG] - evaluate_round 7: strategy sampled 9 clients (out of 10)
[2025-03-11 16:23:39,593][flwr][DEBUG] - evaluate_round 7 received 9 results and 0 failures
[2025-03-11 16:23:41,571][flwr][DEBUG] - fit_round 8: strategy sampled 9 clients (out of 10)
[2025-03-11 16:23:59,350][flwr][DEBUG] - fit_round 8 received 9 results and 0 failures
[2025-03-11 16:24:00,369][flwr][INFO] - fit progress: (8, 1.573309063911438, {'accuracy': 0.45820000767707825}, 332.0653051669942)
[2025-03-11 16:24:00,369][flwr][DEBUG] - evaluate_round 8: strategy sampled 9 clients (out of 10)
[2025-03-11 16:24:02,178][flwr][DEBUG] - evaluate_round 8 received 9 results and 0 failures
[2025-03-11 16:24:04,931][flwr][DEBUG] - fit_round 9: strategy sampled 9 clients (out of 10)
[2025-03-11 16:24:43,812][flwr][DEBUG] - fit_round 9 received 9 results and 0 failures
[2025-03-11 16:24:44,825][flwr][INFO] - fit progress: (9, 1.3785532712936401, {'accuracy': 0.47600001096725464}, 376.5204012080794)
[2025-03-11 16:24:44,825][flwr][DEBUG] - evaluate_round 9: strategy sampled 9 clients (out of 10)
[2025-03-11 16:24:46,543][flwr][DEBUG] - evaluate_round 9 received 9 results and 0 failures
[2025-03-11 16:24:49,023][flwr][DEBUG] - fit_round 10: strategy sampled 9 clients (out of 10)
[2025-03-11 16:25:26,343][flwr][DEBUG] - fit_round 10 received 9 results and 0 failures
[2025-03-11 16:25:27,371][flwr][INFO] - fit progress: (10, 1.422957420349121, {'accuracy': 0.46459999680519104}, 419.06615766708273)
[2025-03-11 16:25:27,371][flwr][DEBUG] - evaluate_round 10: strategy sampled 9 clients (out of 10)
[2025-03-11 16:25:29,093][flwr][DEBUG] - evaluate_round 10 received 9 results and 0 failures
[2025-03-11 16:25:31,550][flwr][DEBUG] - fit_round 11: strategy sampled 9 clients (out of 10)
[2025-03-11 16:26:08,042][flwr][DEBUG] - fit_round 11 received 9 results and 0 failures
[2025-03-11 16:26:09,053][flwr][INFO] - fit progress: (11, 1.3713881969451904, {'accuracy': 0.4903999865055084}, 460.7485438750591)
[2025-03-11 16:26:09,054][flwr][DEBUG] - evaluate_round 11: strategy sampled 9 clients (out of 10)
[2025-03-11 16:26:10,846][flwr][DEBUG] - evaluate_round 11 received 9 results and 0 failures
[2025-03-11 16:26:13,563][flwr][DEBUG] - fit_round 12: strategy sampled 9 clients (out of 10)
[2025-03-11 16:26:53,622][flwr][DEBUG] - fit_round 12 received 9 results and 0 failures
[2025-03-11 16:26:54,656][flwr][INFO] - fit progress: (12, 1.289539098739624, {'accuracy': 0.522599995136261}, 506.38003066706005)
[2025-03-11 16:26:54,656][flwr][DEBUG] - evaluate_round 12: strategy sampled 9 clients (out of 10)
[2025-03-11 16:26:56,586][flwr][DEBUG] - evaluate_round 12 received 9 results and 0 failures
[2025-03-11 16:26:58,510][flwr][DEBUG] - fit_round 13: strategy sampled 9 clients (out of 10)
[2025-03-11 16:27:16,383][flwr][DEBUG] - fit_round 13 received 9 results and 0 failures
[2025-03-11 16:27:17,411][flwr][INFO] - fit progress: (13, 1.4783824682235718, {'accuracy': 0.477400004863739}, 529.1363343750127)
[2025-03-11 16:27:17,411][flwr][DEBUG] - evaluate_round 13: strategy sampled 9 clients (out of 10)
[2025-03-11 16:27:19,481][flwr][DEBUG] - evaluate_round 13 received 9 results and 0 failures
[2025-03-11 16:27:21,950][flwr][DEBUG] - fit_round 14: strategy sampled 9 clients (out of 10)
[2025-03-11 16:27:59,271][flwr][DEBUG] - fit_round 14 received 9 results and 0 failures
[2025-03-11 16:28:00,296][flwr][INFO] - fit progress: (14, 1.312170386314392, {'accuracy': 0.5024999976158142}, 572.0224535419839)
[2025-03-11 16:28:00,297][flwr][DEBUG] - evaluate_round 14: strategy sampled 9 clients (out of 10)
[2025-03-11 16:28:02,093][flwr][DEBUG] - evaluate_round 14 received 9 results and 0 failures
[2025-03-11 16:28:04,368][flwr][DEBUG] - fit_round 15: strategy sampled 9 clients (out of 10)
[2025-03-11 16:28:42,251][flwr][DEBUG] - fit_round 15 received 9 results and 0 failures
[2025-03-11 16:28:43,283][flwr][INFO] - fit progress: (15, 1.187203049659729, {'accuracy': 0.550000011920929}, 615.0094817500794)
[2025-03-11 16:28:43,284][flwr][DEBUG] - evaluate_round 15: strategy sampled 9 clients (out of 10)
[2025-03-11 16:28:45,238][flwr][DEBUG] - evaluate_round 15 received 9 results and 0 failures
[2025-03-11 16:28:47,685][flwr][DEBUG] - fit_round 16: strategy sampled 9 clients (out of 10)
[2025-03-11 16:29:25,789][flwr][DEBUG] - fit_round 16 received 9 results and 0 failures
[2025-03-11 16:29:27,180][flwr][INFO] - fit progress: (16, 1.2317129373550415, {'accuracy': 0.5299000144004822}, 658.9057656669756)
[2025-03-11 16:29:27,180][flwr][DEBUG] - evaluate_round 16: strategy sampled 9 clients (out of 10)
[2025-03-11 16:29:29,245][flwr][DEBUG] - evaluate_round 16 received 9 results and 0 failures
[2025-03-11 16:29:31,930][flwr][DEBUG] - fit_round 17: strategy sampled 9 clients (out of 10)
[2025-03-11 16:30:15,238][flwr][DEBUG] - fit_round 17 received 9 results and 0 failures
[2025-03-11 16:30:16,315][flwr][INFO] - fit progress: (17, 1.2066036462783813, {'accuracy': 0.5454000234603882}, 708.0412853329908)
[2025-03-11 16:30:16,315][flwr][DEBUG] - evaluate_round 17: strategy sampled 9 clients (out of 10)
[2025-03-11 16:30:17,822][flwr][DEBUG] - evaluate_round 17 received 9 results and 0 failures
[2025-03-11 16:30:20,338][flwr][DEBUG] - fit_round 18: strategy sampled 9 clients (out of 10)
[2025-03-11 16:30:58,753][flwr][DEBUG] - fit_round 18 received 9 results and 0 failures
[2025-03-11 16:30:59,806][flwr][INFO] - fit progress: (18, 1.1923948526382446, {'accuracy': 0.5493000149726868}, 751.5319398749853)
[2025-03-11 16:30:59,806][flwr][DEBUG] - evaluate_round 18: strategy sampled 9 clients (out of 10)
[2025-03-11 16:31:01,794][flwr][DEBUG] - evaluate_round 18 received 9 results and 0 failures
[2025-03-11 16:31:04,542][flwr][DEBUG] - fit_round 19: strategy sampled 9 clients (out of 10)
[2025-03-11 16:31:45,237][flwr][DEBUG] - fit_round 19 received 9 results and 0 failures
[2025-03-11 16:31:46,321][flwr][INFO] - fit progress: (19, 1.1573632955551147, {'accuracy': 0.5654000043869019}, 798.0473238329869)
[2025-03-11 16:31:46,321][flwr][DEBUG] - evaluate_round 19: strategy sampled 9 clients (out of 10)
[2025-03-11 16:31:48,466][flwr][DEBUG] - evaluate_round 19 received 9 results and 0 failures
[2025-03-11 16:31:51,185][flwr][DEBUG] - fit_round 20: strategy sampled 9 clients (out of 10)
[2025-03-11 16:32:32,891][flwr][DEBUG] - fit_round 20 received 9 results and 0 failures
[2025-03-11 16:32:33,956][flwr][INFO] - fit progress: (20, 1.206722617149353, {'accuracy': 0.5515000224113464}, 845.6826718330849)
[2025-03-11 16:32:33,957][flwr][DEBUG] - evaluate_round 20: strategy sampled 9 clients (out of 10)
[2025-03-11 16:32:35,971][flwr][DEBUG] - evaluate_round 20 received 9 results and 0 failures
[2025-03-11 16:32:35,971][flwr][INFO] - FL finished in 847.6971318330616
[2025-03-11 16:32:35,971][flwr][INFO] - app_fit: losses_distributed [(1, 2.3333047429005878), (2, 1.8984249086972087), (3, 1.7752052128768512), (4, 1.6873702091553902), (5, 1.437842645362436), (6, 1.5520420603595197), (7, 1.3729421861328661), (8, 1.484146283138325), (9, 1.3638630148635205), (10, 1.3799941411334506), (11, 1.3701977601068096), (12, 1.278108339370299), (13, 1.390850467791777), (14, 1.2483427595140664), (15, 1.1995825202703476), (16, 1.1805539078626301), (17, 1.2689094931996312), (18, 1.1597145351171494), (19, 1.1480737027940129), (20, 1.1743280668020248)]
[2025-03-11 16:32:35,971][flwr][INFO] - app_fit: metrics_distributed_fit {'variance_training_loss': [(1, 0.20656856519872482), (2, 0.0888683963145015), (3, 0.06944564930594249), (4, 0.0650540936910058), (5, 0.046777909557184846), (6, 0.06044655548850185), (7, 0.027999004550880946), (8, 0.04268574836076459), (9, 0.021149561161047867), (10, 0.032185175905064756), (11, 0.04135832938260689), (12, 0.03737826162853884), (13, 0.03337423985130958), (14, 0.03719525134162297), (15, 0.02996126591922825), (16, 0.05494374113603347), (17, 0.04512350864505451), (18, 0.04219014841446539), (19, 0.045900353013966326), (20, 0.03910565691482128)], 'average_training_loss': [(1, 1.4416895177629259), (2, 1.232896990246243), (3, 1.2480441994137235), (4, 1.1914736893441942), (5, 1.1385478377342224), (6, 1.1451426214641995), (7, 1.0207150644726224), (8, 1.0718867513868544), (9, 0.9710827999644809), (10, 1.019268426630232), (11, 1.021450075838301), (12, 0.973637580871582), (13, 0.9986970954471164), (14, 0.9509405559963651), (15, 0.9299533300929599), (16, 1.0057089527448018), (17, 0.9442625310685899), (18, 0.9454162187046475), (19, 0.9285338388548957), (20, 0.9066997170448303)], 'estimated_times': [(1, [7.200158137485757, 0.6858987610506558, 37.86771640116383, 44.90819898018458, 1.111057016467487, 32.83508231022028, 28.704253849974595, 145.74758194937732, 52.74589567316749]), (2, [52.74589567316749, 1.111057016467487, 7.200158137485757, 0.6858987610506558, 145.74758194937732, 37.86771640116383, 32.83508231022028, 28.704253849974595, 44.90819898018458]), (3, [0.9740195451435867, 52.74589567316749, 28.704253849974595, 7.200158137485757, 37.86771640116383, 145.74758194937732, 32.83508231022028, 0.6858987610506558, 1.111057016467487]), (4, [28.704253849974595, 145.74758194937732, 0.9740195451435867, 0.6858987610506558, 52.74589567316749, 7.200158137485757, 37.86771640116383, 44.90819898018458, 1.111057016467487]), (5, [145.74758194937732, 37.86771640116383, 44.90819898018458, 32.83508231022028, 0.9740195451435867, 0.6858987610506558, 28.704253849974595, 7.200158137485757, 1.111057016467487]), (6, [32.83508231022028, 145.74758194937732, 0.9740195451435867, 1.111057016467487, 7.200158137485757, 52.74589567316749, 0.6858987610506558, 37.86771640116383, 44.90819898018458]), (7, [7.200158137485757, 145.74758194937732, 37.86771640116383, 1.111057016467487, 52.74589567316749, 0.6858987610506558, 32.83508231022028, 28.704253849974595, 44.90819898018458]), (8, [0.6858987610506558, 52.74589567316749, 7.200158137485757, 1.111057016467487, 28.704253849974595, 44.90819898018458, 43.75411205708688, 37.86771640116383, 0.9740195451435867]), (9, [44.90819898018458, 28.704253849974595, 7.200158137485757, 37.86771640116383, 145.74758194937732, 1.111057016467487, 32.83508231022028, 52.74589567316749, 0.6858987610506558]), (10, [28.704253849974595, 52.74589567316749, 32.83508231022028, 0.9740195451435867, 1.111057016467487, 7.200158137485757, 37.86771640116383, 0.6858987610506558, 145.74758194937732]), (11, [52.74589567316749, 32.83508231022028, 7.200158137485757, 0.9740195451435867, 28.704253849974595, 145.74758194937732, 0.6858987610506558, 1.111057016467487, 37.86771640116383]), (12, [7.200158137485757, 44.90819898018458, 52.74589567316749, 28.704253849974595, 37.86771640116383, 0.6858987610506558, 32.83508231022028, 0.9740195451435867, 145.74758194937732]), (13, [52.74589567316749, 0.9740195451435867, 28.704253849974595, 0.6858987610506558, 7.200158137485757, 44.90819898018458, 43.75411205708688, 37.86771640116383, 1.111057016467487]), (14, [52.74589567316749, 7.200158137485757, 145.74758194937732, 37.86771640116383, 0.6858987610506558, 1.111057016467487, 0.9740195451435867, 44.90819898018458, 32.83508231022028]), (15, [145.74758194937732, 37.86771640116383, 32.83508231022028, 0.9740195451435867, 44.90819898018458, 7.200158137485757, 0.6858987610506558, 1.111057016467487, 28.704253849974595]), (16, [52.74589567316749, 0.6858987610506558, 0.9740195451435867, 1.111057016467487, 37.86771640116383, 32.83508231022028, 7.200158137485757, 145.74758194937732, 28.704253849974595]), (17, [0.6858987610506558, 145.74758194937732, 32.83508231022028, 1.111057016467487, 37.86771640116383, 44.90819898018458, 0.9740195451435867, 52.74589567316749, 28.704253849974595]), (18, [0.9740195451435867, 145.74758194937732, 1.111057016467487, 7.200158137485757, 28.704253849974595, 37.86771640116383, 0.6858987610506558, 44.90819898018458, 52.74589567316749]), (19, [52.74589567316749, 32.83508231022028, 0.9740195451435867, 44.90819898018458, 0.6858987610506558, 28.704253849974595, 37.86771640116383, 7.200158137485757, 145.74758194937732]), (20, [0.6858987610506558, 7.200158137485757, 44.90819898018458, 37.86771640116383, 145.74758194937732, 52.74589567316749, 0.9740195451435867, 32.83508231022028, 28.704253849974595])]}
[2025-03-11 16:32:35,973][flwr][INFO] - app_fit: metrics_distributed {}
[2025-03-11 16:32:35,973][flwr][INFO] - app_fit: losses_centralized [(0, 2.3038601875305176), (1, 2.479203462600708), (2, 2.043501615524292), (3, 1.8403074741363525), (4, 1.7413341999053955), (5, 1.5701355934143066), (6, 1.6294434070587158), (7, 1.4722832441329956), (8, 1.573309063911438), (9, 1.3785532712936401), (10, 1.422957420349121), (11, 1.3713881969451904), (12, 1.289539098739624), (13, 1.4783824682235718), (14, 1.312170386314392), (15, 1.187203049659729), (16, 1.2317129373550415), (17, 1.2066036462783813), (18, 1.1923948526382446), (19, 1.1573632955551147), (20, 1.206722617149353)]
[2025-03-11 16:32:35,973][flwr][INFO] - app_fit: metrics_centralized {'accuracy': [(0, 0.10000000149011612), (1, 0.12720000743865967), (2, 0.23849999904632568), (3, 0.32670000195503235), (4, 0.3273000121116638), (5, 0.40950000286102295), (6, 0.3763999938964844), (7, 0.4401000142097473), (8, 0.45820000767707825), (9, 0.47600001096725464), (10, 0.46459999680519104), (11, 0.4903999865055084), (12, 0.522599995136261), (13, 0.477400004863739), (14, 0.5024999976158142), (15, 0.550000011920929), (16, 0.5299000144004822), (17, 0.5454000234603882), (18, 0.5493000149726868), (19, 0.5654000043869019), (20, 0.5515000224113464)]}
