[2025-03-24 22:22:27,045][tensorflow][WARNING] - From /Users/livialestingi/PycharmProjects/NodeSelection/power_of_choice/power_of_choice/dataset.py:38: load (from tensorflow.python.data.experimental.ops.io) is deprecated and will be removed in a future version.
Instructions for updating:
Use `tf.data.Dataset.load(...)` instead.
[2025-03-24 22:22:27,819][flwr][INFO] - Using FedAvg strategy
[2025-03-24 22:22:27,819][flwr][INFO] - Starting Flower simulation, config: ServerConfig(num_rounds=20, round_timeout=None)
[2025-03-24 22:22:28,994][flwr][INFO] - Flower VCE: Ray initialized with resources: {'object_store_memory': 2147483648.0, 'CPU': 8.0, 'node:127.0.0.1': 1.0, 'node:__internal_head__': 1.0, 'memory': 12502078260.0}
[2025-03-24 22:22:28,994][flwr][INFO] - Flower VCE: Resources for each Virtual Client: {'num_cpus': 0.5, 'num_gpus': 0}
[2025-03-24 22:22:29,000][flwr][INFO] - Flower VCE: Creating VirtualClientEngineActorPool with 16 actors
[2025-03-24 22:22:29,000][flwr][INFO] - Initializing global parameters
[2025-03-24 22:22:29,000][flwr][INFO] - Requesting initial parameters from one random client
[2025-03-24 22:22:34,744][flwr][INFO] - Received initial parameters from one random client
[2025-03-24 22:22:34,744][flwr][INFO] - Evaluating initial parameters
[2025-03-24 22:22:35,844][flwr][INFO] - initial parameters (loss, other metrics): 2.3020575046539307, {'accuracy': 0.10010000318288803}
[2025-03-24 22:22:35,844][flwr][INFO] - FL starting
[2025-03-24 22:22:35,844][flwr][DEBUG] - fit_round 1: strategy sampled 9 clients (out of 10)
[2025-03-24 22:22:52,563][flwr][DEBUG] - fit_round 1 received 9 results and 0 failures
[2025-03-24 22:22:53,582][flwr][INFO] - fit progress: (1, 2.3684844970703125, {'accuracy': 0.10939999669790268}, 17.737718791991938)
[2025-03-24 22:22:53,582][flwr][DEBUG] - evaluate_round 1: strategy sampled 9 clients (out of 10)
[2025-03-24 22:22:55,622][flwr][DEBUG] - evaluate_round 1 received 9 results and 0 failures
[2025-03-24 22:22:55,622][flwr][WARNING] - No evaluate_metrics_aggregation_fn provided
[2025-03-24 22:22:55,622][flwr][DEBUG] - fit_round 2: strategy sampled 9 clients (out of 10)
[2025-03-24 22:23:08,645][flwr][DEBUG] - fit_round 2 received 9 results and 0 failures
[2025-03-24 22:23:09,739][flwr][INFO] - fit progress: (2, 2.16691517829895, {'accuracy': 0.2498999983072281}, 33.89493016699271)
[2025-03-24 22:23:09,740][flwr][DEBUG] - evaluate_round 2: strategy sampled 9 clients (out of 10)
[2025-03-24 22:23:11,763][flwr][DEBUG] - evaluate_round 2 received 9 results and 0 failures
[2025-03-24 22:23:11,763][flwr][DEBUG] - fit_round 3: strategy sampled 9 clients (out of 10)
[2025-03-24 22:23:29,263][flwr][DEBUG] - fit_round 3 received 9 results and 0 failures
[2025-03-24 22:23:30,283][flwr][INFO] - fit progress: (3, 1.7286423444747925, {'accuracy': 0.350600004196167}, 54.438752999994904)
[2025-03-24 22:23:30,284][flwr][DEBUG] - evaluate_round 3: strategy sampled 9 clients (out of 10)
[2025-03-24 22:23:32,280][flwr][DEBUG] - evaluate_round 3 received 9 results and 0 failures
[2025-03-24 22:23:32,280][flwr][DEBUG] - fit_round 4: strategy sampled 9 clients (out of 10)
[2025-03-24 22:23:41,065][flwr][DEBUG] - fit_round 4 received 9 results and 0 failures
[2025-03-24 22:23:42,093][flwr][INFO] - fit progress: (4, 1.8108638525009155, {'accuracy': 0.3221000134944916}, 66.24785699999484)
[2025-03-24 22:23:42,093][flwr][DEBUG] - evaluate_round 4: strategy sampled 9 clients (out of 10)
[2025-03-24 22:23:43,397][flwr][DEBUG] - evaluate_round 4 received 9 results and 0 failures
[2025-03-24 22:23:43,397][flwr][DEBUG] - fit_round 5: strategy sampled 9 clients (out of 10)
[2025-03-24 22:23:59,213][flwr][DEBUG] - fit_round 5 received 9 results and 0 failures
[2025-03-24 22:24:00,256][flwr][INFO] - fit progress: (5, 1.6030254364013672, {'accuracy': 0.3885999917984009}, 84.41118991699477)
[2025-03-24 22:24:00,256][flwr][DEBUG] - evaluate_round 5: strategy sampled 9 clients (out of 10)
[2025-03-24 22:24:02,201][flwr][DEBUG] - evaluate_round 5 received 9 results and 0 failures
[2025-03-24 22:24:02,201][flwr][DEBUG] - fit_round 6: strategy sampled 9 clients (out of 10)
[2025-03-24 22:24:18,124][flwr][DEBUG] - fit_round 6 received 9 results and 0 failures
[2025-03-24 22:24:19,159][flwr][INFO] - fit progress: (6, 1.561779260635376, {'accuracy': 0.41609999537467957}, 103.31359649999649)
[2025-03-24 22:24:19,159][flwr][DEBUG] - evaluate_round 6: strategy sampled 9 clients (out of 10)
[2025-03-24 22:24:21,104][flwr][DEBUG] - evaluate_round 6 received 9 results and 0 failures
[2025-03-24 22:24:21,104][flwr][DEBUG] - fit_round 7: strategy sampled 9 clients (out of 10)
[2025-03-24 22:24:34,401][flwr][DEBUG] - fit_round 7 received 9 results and 0 failures
[2025-03-24 22:24:35,431][flwr][INFO] - fit progress: (7, 2.387223482131958, {'accuracy': 0.27799999713897705}, 119.58580320799956)
[2025-03-24 22:24:35,431][flwr][DEBUG] - evaluate_round 7: strategy sampled 9 clients (out of 10)
[2025-03-24 22:24:37,515][flwr][DEBUG] - evaluate_round 7 received 9 results and 0 failures
[2025-03-24 22:24:37,515][flwr][DEBUG] - fit_round 8: strategy sampled 9 clients (out of 10)
[2025-03-24 22:24:51,023][flwr][DEBUG] - fit_round 8 received 9 results and 0 failures
[2025-03-24 22:24:52,076][flwr][INFO] - fit progress: (8, 2.3097567558288574, {'accuracy': 0.26440000534057617}, 136.23115937499097)
[2025-03-24 22:24:52,076][flwr][DEBUG] - evaluate_round 8: strategy sampled 9 clients (out of 10)
[2025-03-24 22:24:54,053][flwr][DEBUG] - evaluate_round 8 received 9 results and 0 failures
[2025-03-24 22:24:54,053][flwr][DEBUG] - fit_round 9: strategy sampled 9 clients (out of 10)
[2025-03-24 22:25:10,924][flwr][DEBUG] - fit_round 9 received 9 results and 0 failures
[2025-03-24 22:25:11,951][flwr][INFO] - fit progress: (9, 1.6711773872375488, {'accuracy': 0.40059998631477356}, 156.10520587499195)
[2025-03-24 22:25:11,951][flwr][DEBUG] - evaluate_round 9: strategy sampled 9 clients (out of 10)
[2025-03-24 22:25:13,939][flwr][DEBUG] - evaluate_round 9 received 9 results and 0 failures
[2025-03-24 22:25:13,939][flwr][DEBUG] - fit_round 10: strategy sampled 9 clients (out of 10)
[2025-03-24 22:25:29,915][flwr][DEBUG] - fit_round 10 received 9 results and 0 failures
[2025-03-24 22:25:30,951][flwr][INFO] - fit progress: (10, 1.4853549003601074, {'accuracy': 0.4487999975681305}, 175.10564341698773)
[2025-03-24 22:25:30,951][flwr][DEBUG] - evaluate_round 10: strategy sampled 9 clients (out of 10)
[2025-03-24 22:25:32,945][flwr][DEBUG] - evaluate_round 10 received 9 results and 0 failures
[2025-03-24 22:25:32,945][flwr][DEBUG] - fit_round 11: strategy sampled 9 clients (out of 10)
[2025-03-24 22:25:50,129][flwr][DEBUG] - fit_round 11 received 9 results and 0 failures
[2025-03-24 22:25:51,160][flwr][INFO] - fit progress: (11, 3.6923022270202637, {'accuracy': 0.1770000010728836}, 195.31470274999447)
[2025-03-24 22:25:51,160][flwr][DEBUG] - evaluate_round 11: strategy sampled 9 clients (out of 10)
[2025-03-24 22:25:53,125][flwr][DEBUG] - evaluate_round 11 received 9 results and 0 failures
[2025-03-24 22:25:53,125][flwr][DEBUG] - fit_round 12: strategy sampled 9 clients (out of 10)
[2025-03-24 22:26:06,368][flwr][DEBUG] - fit_round 12 received 9 results and 0 failures
[2025-03-24 22:26:07,396][flwr][INFO] - fit progress: (12, 1.6889654397964478, {'accuracy': 0.37209999561309814}, 211.55023995800002)
[2025-03-24 22:26:07,396][flwr][DEBUG] - evaluate_round 12: strategy sampled 9 clients (out of 10)
[2025-03-24 22:26:09,330][flwr][DEBUG] - evaluate_round 12 received 9 results and 0 failures
[2025-03-24 22:26:09,330][flwr][DEBUG] - fit_round 13: strategy sampled 9 clients (out of 10)
[2025-03-24 22:26:26,607][flwr][DEBUG] - fit_round 13 received 9 results and 0 failures
[2025-03-24 22:26:27,642][flwr][INFO] - fit progress: (13, 1.3263605833053589, {'accuracy': 0.5062000155448914}, 231.79580637499748)
[2025-03-24 22:26:27,642][flwr][DEBUG] - evaluate_round 13: strategy sampled 9 clients (out of 10)
[2025-03-24 22:26:29,629][flwr][DEBUG] - evaluate_round 13 received 9 results and 0 failures
[2025-03-24 22:26:29,629][flwr][DEBUG] - fit_round 14: strategy sampled 9 clients (out of 10)
[2025-03-24 22:26:42,966][flwr][DEBUG] - fit_round 14 received 9 results and 0 failures
[2025-03-24 22:26:44,013][flwr][INFO] - fit progress: (14, 4.733184814453125, {'accuracy': 0.13860000669956207}, 248.16669766699488)
[2025-03-24 22:26:44,013][flwr][DEBUG] - evaluate_round 14: strategy sampled 9 clients (out of 10)
[2025-03-24 22:26:46,043][flwr][DEBUG] - evaluate_round 14 received 9 results and 0 failures
[2025-03-24 22:26:46,043][flwr][DEBUG] - fit_round 15: strategy sampled 9 clients (out of 10)
[2025-03-24 22:27:02,573][flwr][DEBUG] - fit_round 15 received 9 results and 0 failures
[2025-03-24 22:27:03,598][flwr][INFO] - fit progress: (15, 1.4925419092178345, {'accuracy': 0.4519999921321869}, 267.7518539169978)
[2025-03-24 22:27:03,598][flwr][DEBUG] - evaluate_round 15: strategy sampled 9 clients (out of 10)
[2025-03-24 22:27:05,624][flwr][DEBUG] - evaluate_round 15 received 9 results and 0 failures
[2025-03-24 22:27:05,624][flwr][DEBUG] - fit_round 16: strategy sampled 9 clients (out of 10)
[2025-03-24 22:27:19,092][flwr][DEBUG] - fit_round 16 received 9 results and 0 failures
[2025-03-24 22:27:20,165][flwr][INFO] - fit progress: (16, 1.3728688955307007, {'accuracy': 0.4706000089645386}, 284.3184784169862)
[2025-03-24 22:27:20,165][flwr][DEBUG] - evaluate_round 16: strategy sampled 9 clients (out of 10)
[2025-03-24 22:27:22,279][flwr][DEBUG] - evaluate_round 16 received 9 results and 0 failures
[2025-03-24 22:27:22,279][flwr][DEBUG] - fit_round 17: strategy sampled 9 clients (out of 10)
[2025-03-24 22:27:39,545][flwr][DEBUG] - fit_round 17 received 9 results and 0 failures
[2025-03-24 22:27:40,583][flwr][INFO] - fit progress: (17, 1.1988191604614258, {'accuracy': 0.5684000253677368}, 304.73694591698586)
[2025-03-24 22:27:40,583][flwr][DEBUG] - evaluate_round 17: strategy sampled 9 clients (out of 10)
[2025-03-24 22:27:42,400][flwr][DEBUG] - evaluate_round 17 received 9 results and 0 failures
[2025-03-24 22:27:42,401][flwr][DEBUG] - fit_round 18: strategy sampled 9 clients (out of 10)
[2025-03-24 22:27:59,151][flwr][DEBUG] - fit_round 18 received 9 results and 0 failures
[2025-03-24 22:28:00,184][flwr][INFO] - fit progress: (18, 1.281938910484314, {'accuracy': 0.510200023651123}, 324.33736487499846)
[2025-03-24 22:28:00,184][flwr][DEBUG] - evaluate_round 18: strategy sampled 9 clients (out of 10)
[2025-03-24 22:28:02,219][flwr][DEBUG] - evaluate_round 18 received 9 results and 0 failures
[2025-03-24 22:28:02,219][flwr][DEBUG] - fit_round 19: strategy sampled 9 clients (out of 10)
[2025-03-24 22:28:11,327][flwr][DEBUG] - fit_round 19 received 9 results and 0 failures
[2025-03-24 22:28:12,362][flwr][INFO] - fit progress: (19, 1.4923851490020752, {'accuracy': 0.42419999837875366}, 336.515374124996)
[2025-03-24 22:28:12,362][flwr][DEBUG] - evaluate_round 19: strategy sampled 9 clients (out of 10)
[2025-03-24 22:28:14,405][flwr][DEBUG] - evaluate_round 19 received 9 results and 0 failures
[2025-03-24 22:28:14,405][flwr][DEBUG] - fit_round 20: strategy sampled 9 clients (out of 10)
[2025-03-24 22:28:27,904][flwr][DEBUG] - fit_round 20 received 9 results and 0 failures
[2025-03-24 22:28:28,941][flwr][INFO] - fit progress: (20, 1.4633914232254028, {'accuracy': 0.4765999913215637}, 353.09480024999357)
[2025-03-24 22:28:28,941][flwr][DEBUG] - evaluate_round 20: strategy sampled 9 clients (out of 10)
[2025-03-24 22:28:31,051][flwr][DEBUG] - evaluate_round 20 received 9 results and 0 failures
[2025-03-24 22:28:31,051][flwr][INFO] - FL finished in 355.2047641669924
[2025-03-24 22:28:31,052][flwr][INFO] - app_fit: losses_distributed [(1, 2.472801279534709), (2, 2.3299889729698036), (3, 1.786440801042499), (4, 1.4664807688339827), (5, 1.6656996365127004), (6, 1.5399423914401829), (7, 2.722727892921121), (8, 2.458188046951591), (9, 1.8959871811646092), (10, 1.4443379603491888), (11, 3.95586833911144), (12, 1.7023236944735567), (13, 1.2874219553963757), (14, 4.610497217949384), (15, 1.393203637345696), (16, 1.3896234948180461), (17, 1.2329605390023495), (18, 1.3218577398916687), (19, 1.3667452545656793), (20, 1.5205919431539983)]
[2025-03-24 22:28:31,052][flwr][INFO] - app_fit: metrics_distributed_fit {'variance_training_loss': [(1, 0.17956042346643553), (2, 0.04343275805399501), (3, 0.21111209028461986), (4, 0.04159762318856982), (5, 0.10103878597301254), (6, 0.04152121112429858), (7, 0.030597593885048888), (8, 0.20463064005543982), (9, 0.24867811913710902), (10, 0.0582223270953104), (11, 0.04316061899203498), (12, 0.04311767481511409), (13, 0.22284060017583857), (14, 0.03676849026295963), (15, 0.20048864175326583), (16, 0.06188913984256193), (17, 0.2032078898168821), (18, 0.05370226353987017), (19, 0.05784058491779498), (20, 0.0835135803307608)], 'average_training_loss': [(1, 1.798170354631212), (2, 1.5511486795213487), (3, 1.6839161978827581), (4, 1.4117974837621052), (5, 1.4329702059427898), (6, 1.3503162993325128), (7, 1.3496642377641466), (8, 1.543645183245341), (9, 1.539914263619317), (10, 1.3136128452089098), (11, 1.239874369568295), (12, 1.3042117887073092), (13, 1.3872013754314847), (14, 1.2779117160373263), (15, 1.4494568705558777), (16, 1.3224523729748197), (17, 1.3713621298472087), (18, 1.237410995695326), (19, 1.2151231633292303), (20, 1.2798837555779352)], 'estimated_times': [(1, [3.3345291368440475, 15.07942412859377, 2.4215326398773356, 5.181226470440418, 0.15052826720457826, 58.22895504012326, 1.1547871480657148, 74.08225954528841, 0.5466687977805011]), (2, [2.4215326398773356, 3.3345291368440475, 5.181226470440418, 1.1547871480657148, 0.15052826720457826, 58.22895504012326, 2.203348149078501, 0.5466687977805011, 15.07942412859377]), (3, [2.4215326398773356, 5.181226470440418, 0.15052826720457826, 3.3345291368440475, 58.22895504012326, 0.5466687977805011, 74.08225954528841, 15.07942412859377, 2.203348149078501]), (4, [3.3345291368440475, 2.4215326398773356, 74.08225954528841, 1.1547871480657148, 0.5466687977805011, 2.203348149078501, 5.181226470440418, 15.07942412859377, 0.15052826720457826]), (5, [2.4215326398773356, 0.5466687977805011, 58.22895504012326, 2.203348149078501, 1.1547871480657148, 0.15052826720457826, 74.08225954528841, 5.181226470440418, 3.3345291368440475]), (6, [2.203348149078501, 1.1547871480657148, 5.181226470440418, 2.4215326398773356, 58.22895504012326, 0.5466687977805011, 0.15052826720457826, 3.3345291368440475, 74.08225954528841]), (7, [2.4215326398773356, 3.3345291368440475, 0.15052826720457826, 5.181226470440418, 2.203348149078501, 15.07942412859377, 58.22895504012326, 0.5466687977805011, 1.1547871480657148]), (8, [2.203348149078501, 3.3345291368440475, 15.07942412859377, 0.5466687977805011, 1.1547871480657148, 5.181226470440418, 0.15052826720457826, 58.22895504012326, 2.4215326398773356]), (9, [2.4215326398773356, 58.22895504012326, 3.3345291368440475, 5.181226470440418, 0.15052826720457826, 2.203348149078501, 0.5466687977805011, 74.08225954528841, 15.07942412859377]), (10, [2.4215326398773356, 0.5466687977805011, 1.1547871480657148, 2.203348149078501, 3.3345291368440475, 74.08225954528841, 58.22895504012326, 0.15052826720457826, 5.181226470440418]), (11, [5.181226470440418, 3.3345291368440475, 0.15052826720457826, 0.5466687977805011, 74.08225954528841, 2.203348149078501, 58.22895504012326, 15.07942412859377, 2.4215326398773356]), (12, [0.5466687977805011, 58.22895504012326, 1.1547871480657148, 2.203348149078501, 3.3345291368440475, 15.07942412859377, 5.181226470440418, 2.4215326398773356, 0.15052826720457826]), (13, [2.203348149078501, 58.22895504012326, 1.1547871480657148, 15.07942412859377, 0.5466687977805011, 5.181226470440418, 3.3345291368440475, 74.08225954528841, 2.4215326398773356]), (14, [1.1547871480657148, 58.22895504012326, 3.3345291368440475, 5.181226470440418, 2.203348149078501, 0.5466687977805011, 0.15052826720457826, 2.4215326398773356, 15.07942412859377]), (15, [0.15052826720457826, 1.1547871480657148, 74.08225954528841, 58.22895504012326, 15.07942412859377, 2.4215326398773356, 0.5466687977805011, 2.203348149078501, 3.3345291368440475]), (16, [0.15052826720457826, 0.5466687977805011, 15.07942412859377, 1.1547871480657148, 2.203348149078501, 3.3345291368440475, 5.181226470440418, 2.4215326398773356, 58.22895504012326]), (17, [3.3345291368440475, 15.07942412859377, 58.22895504012326, 2.203348149078501, 74.08225954528841, 0.15052826720457826, 1.1547871480657148, 0.5466687977805011, 5.181226470440418]), (18, [2.203348149078501, 3.3345291368440475, 2.4215326398773356, 0.5466687977805011, 74.08225954528841, 1.1547871480657148, 15.07942412859377, 0.15052826720457826, 58.22895504012326]), (19, [2.4215326398773356, 3.3345291368440475, 2.203348149078501, 0.15052826720457826, 0.5466687977805011, 74.08225954528841, 15.07942412859377, 1.1547871480657148, 5.181226470440418]), (20, [1.1547871480657148, 2.203348149078501, 0.5466687977805011, 58.22895504012326, 0.15052826720457826, 5.181226470440418, 3.3345291368440475, 2.4215326398773356, 15.07942412859377])]}
[2025-03-24 22:28:31,053][flwr][INFO] - app_fit: metrics_distributed {}
[2025-03-24 22:28:31,053][flwr][INFO] - app_fit: losses_centralized [(0, 2.3020575046539307), (1, 2.3684844970703125), (2, 2.16691517829895), (3, 1.7286423444747925), (4, 1.8108638525009155), (5, 1.6030254364013672), (6, 1.561779260635376), (7, 2.387223482131958), (8, 2.3097567558288574), (9, 1.6711773872375488), (10, 1.4853549003601074), (11, 3.6923022270202637), (12, 1.6889654397964478), (13, 1.3263605833053589), (14, 4.733184814453125), (15, 1.4925419092178345), (16, 1.3728688955307007), (17, 1.1988191604614258), (18, 1.281938910484314), (19, 1.4923851490020752), (20, 1.4633914232254028)]
[2025-03-24 22:28:31,054][flwr][INFO] - app_fit: metrics_centralized {'accuracy': [(0, 0.10010000318288803), (1, 0.10939999669790268), (2, 0.2498999983072281), (3, 0.350600004196167), (4, 0.3221000134944916), (5, 0.3885999917984009), (6, 0.41609999537467957), (7, 0.27799999713897705), (8, 0.26440000534057617), (9, 0.40059998631477356), (10, 0.4487999975681305), (11, 0.1770000010728836), (12, 0.37209999561309814), (13, 0.5062000155448914), (14, 0.13860000669956207), (15, 0.4519999921321869), (16, 0.4706000089645386), (17, 0.5684000253677368), (18, 0.510200023651123), (19, 0.42419999837875366), (20, 0.4765999913215637)]}
