[2025-03-24 12:36:07,395][tensorflow][WARNING] - From /Users/livialestingi/PycharmProjects/NodeSelection/power_of_choice/power_of_choice/dataset.py:38: load (from tensorflow.python.data.experimental.ops.io) is deprecated and will be removed in a future version.
Instructions for updating:
Use `tf.data.Dataset.load(...)` instead.
[2025-03-24 12:36:07,532][flwr][INFO] - Using FedAvg strategy
[2025-03-24 12:36:07,532][flwr][INFO] - Starting Flower simulation, config: ServerConfig(num_rounds=20, round_timeout=None)
[2025-03-24 12:36:08,712][flwr][INFO] - Flower VCE: Ray initialized with resources: {'CPU': 8.0, 'node:127.0.0.1': 1.0, 'object_store_memory': 2147483648.0, 'node:__internal_head__': 1.0, 'memory': 15503294464.0}
[2025-03-24 12:36:08,712][flwr][INFO] - Flower VCE: Resources for each Virtual Client: {'num_cpus': 0.5, 'num_gpus': 0}
[2025-03-24 12:36:08,719][flwr][INFO] - Flower VCE: Creating VirtualClientEngineActorPool with 16 actors
[2025-03-24 12:36:08,719][flwr][INFO] - Initializing global parameters
[2025-03-24 12:36:08,719][flwr][INFO] - Requesting initial parameters from one random client
[2025-03-24 12:36:13,856][flwr][INFO] - Received initial parameters from one random client
[2025-03-24 12:36:13,856][flwr][INFO] - Evaluating initial parameters
[2025-03-24 12:36:14,979][flwr][INFO] - initial parameters (loss, other metrics): 2.3029234409332275, {'accuracy': 0.08799999952316284}
[2025-03-24 12:36:14,979][flwr][INFO] - FL starting
[2025-03-24 12:36:14,979][flwr][DEBUG] - fit_round 1: strategy sampled 9 clients (out of 10)
[2025-03-24 12:36:31,768][flwr][DEBUG] - fit_round 1 received 9 results and 0 failures
[2025-03-24 12:36:32,789][flwr][INFO] - fit progress: (1, 2.3550844192504883, {'accuracy': 0.10000000149011612}, 17.809189291998337)
[2025-03-24 12:36:32,789][flwr][DEBUG] - evaluate_round 1: strategy sampled 9 clients (out of 10)
[2025-03-24 12:36:34,616][flwr][DEBUG] - evaluate_round 1 received 9 results and 0 failures
[2025-03-24 12:36:34,616][flwr][WARNING] - No evaluate_metrics_aggregation_fn provided
[2025-03-24 12:36:34,616][flwr][DEBUG] - fit_round 2: strategy sampled 9 clients (out of 10)
[2025-03-24 12:36:52,623][flwr][DEBUG] - fit_round 2 received 9 results and 0 failures
[2025-03-24 12:36:53,655][flwr][INFO] - fit progress: (2, 2.2949914932250977, {'accuracy': 0.1177000030875206}, 38.675225999999384)
[2025-03-24 12:36:53,655][flwr][DEBUG] - evaluate_round 2: strategy sampled 9 clients (out of 10)
[2025-03-24 12:36:55,475][flwr][DEBUG] - evaluate_round 2 received 9 results and 0 failures
[2025-03-24 12:36:55,475][flwr][DEBUG] - fit_round 3: strategy sampled 9 clients (out of 10)
[2025-03-24 12:37:11,423][flwr][DEBUG] - fit_round 3 received 9 results and 0 failures
[2025-03-24 12:37:12,460][flwr][INFO] - fit progress: (3, 1.9494765996932983, {'accuracy': 0.26989999413490295}, 57.480969958996866)
[2025-03-24 12:37:12,460][flwr][DEBUG] - evaluate_round 3: strategy sampled 9 clients (out of 10)
[2025-03-24 12:37:14,319][flwr][DEBUG] - evaluate_round 3 received 9 results and 0 failures
[2025-03-24 12:37:14,319][flwr][DEBUG] - fit_round 4: strategy sampled 9 clients (out of 10)
[2025-03-24 12:37:30,393][flwr][DEBUG] - fit_round 4 received 9 results and 0 failures
[2025-03-24 12:37:31,406][flwr][INFO] - fit progress: (4, 1.7985869646072388, {'accuracy': 0.33899998664855957}, 76.42662374999782)
[2025-03-24 12:37:31,406][flwr][DEBUG] - evaluate_round 4: strategy sampled 9 clients (out of 10)
[2025-03-24 12:37:33,250][flwr][DEBUG] - evaluate_round 4 received 9 results and 0 failures
[2025-03-24 12:37:33,250][flwr][DEBUG] - fit_round 5: strategy sampled 9 clients (out of 10)
[2025-03-24 12:37:51,097][flwr][DEBUG] - fit_round 5 received 9 results and 0 failures
[2025-03-24 12:37:52,102][flwr][INFO] - fit progress: (5, 1.6925771236419678, {'accuracy': 0.38260000944137573}, 97.12302562499826)
[2025-03-24 12:37:52,102][flwr][DEBUG] - evaluate_round 5: strategy sampled 9 clients (out of 10)
[2025-03-24 12:37:53,937][flwr][DEBUG] - evaluate_round 5 received 9 results and 0 failures
[2025-03-24 12:37:53,938][flwr][DEBUG] - fit_round 6: strategy sampled 9 clients (out of 10)
[2025-03-24 12:38:11,581][flwr][DEBUG] - fit_round 6 received 9 results and 0 failures
[2025-03-24 12:38:12,604][flwr][INFO] - fit progress: (6, 1.7955913543701172, {'accuracy': 0.32269999384880066}, 117.62477704200137)
[2025-03-24 12:38:12,604][flwr][DEBUG] - evaluate_round 6: strategy sampled 9 clients (out of 10)
[2025-03-24 12:38:14,378][flwr][DEBUG] - evaluate_round 6 received 9 results and 0 failures
[2025-03-24 12:38:14,379][flwr][DEBUG] - fit_round 7: strategy sampled 9 clients (out of 10)
[2025-03-24 12:38:32,095][flwr][DEBUG] - fit_round 7 received 9 results and 0 failures
[2025-03-24 12:38:33,132][flwr][INFO] - fit progress: (7, 1.6546508073806763, {'accuracy': 0.3869999945163727}, 138.15267574999598)
[2025-03-24 12:38:33,132][flwr][DEBUG] - evaluate_round 7: strategy sampled 9 clients (out of 10)
[2025-03-24 12:38:34,952][flwr][DEBUG] - evaluate_round 7 received 9 results and 0 failures
[2025-03-24 12:38:34,953][flwr][DEBUG] - fit_round 8: strategy sampled 9 clients (out of 10)
[2025-03-24 12:38:50,845][flwr][DEBUG] - fit_round 8 received 9 results and 0 failures
[2025-03-24 12:38:51,861][flwr][INFO] - fit progress: (8, 1.6191456317901611, {'accuracy': 0.4065999984741211}, 156.88129045900132)
[2025-03-24 12:38:51,861][flwr][DEBUG] - evaluate_round 8: strategy sampled 9 clients (out of 10)
[2025-03-24 12:38:53,486][flwr][DEBUG] - evaluate_round 8 received 9 results and 0 failures
[2025-03-24 12:38:53,486][flwr][DEBUG] - fit_round 9: strategy sampled 9 clients (out of 10)
[2025-03-24 12:39:11,108][flwr][DEBUG] - fit_round 9 received 9 results and 0 failures
[2025-03-24 12:39:12,123][flwr][INFO] - fit progress: (9, 1.619805932044983, {'accuracy': 0.39579999446868896}, 177.14390520899906)
[2025-03-24 12:39:12,123][flwr][DEBUG] - evaluate_round 9: strategy sampled 9 clients (out of 10)
[2025-03-24 12:39:14,005][flwr][DEBUG] - evaluate_round 9 received 9 results and 0 failures
[2025-03-24 12:39:14,005][flwr][DEBUG] - fit_round 10: strategy sampled 9 clients (out of 10)
[2025-03-24 12:39:29,284][flwr][DEBUG] - fit_round 10 received 9 results and 0 failures
[2025-03-24 12:39:30,723][flwr][INFO] - fit progress: (10, 1.5691957473754883, {'accuracy': 0.42579999566078186}, 195.74367241699656)
[2025-03-24 12:39:30,723][flwr][DEBUG] - evaluate_round 10: strategy sampled 9 clients (out of 10)
[2025-03-24 12:39:32,742][flwr][DEBUG] - evaluate_round 10 received 9 results and 0 failures
[2025-03-24 12:39:32,743][flwr][DEBUG] - fit_round 11: strategy sampled 9 clients (out of 10)
[2025-03-24 12:39:50,639][flwr][DEBUG] - fit_round 11 received 9 results and 0 failures
[2025-03-24 12:39:51,947][flwr][INFO] - fit progress: (11, 1.5421843528747559, {'accuracy': 0.4291999936103821}, 216.96741866700177)
[2025-03-24 12:39:51,947][flwr][DEBUG] - evaluate_round 11: strategy sampled 9 clients (out of 10)
[2025-03-24 12:39:53,852][flwr][DEBUG] - evaluate_round 11 received 9 results and 0 failures
[2025-03-24 12:39:53,853][flwr][DEBUG] - fit_round 12: strategy sampled 9 clients (out of 10)
[2025-03-24 12:40:11,951][flwr][DEBUG] - fit_round 12 received 9 results and 0 failures
[2025-03-24 12:40:13,126][flwr][INFO] - fit progress: (12, 1.5578904151916504, {'accuracy': 0.43939998745918274}, 238.14666737499647)
[2025-03-24 12:40:13,126][flwr][DEBUG] - evaluate_round 12: strategy sampled 9 clients (out of 10)
[2025-03-24 12:40:15,160][flwr][DEBUG] - evaluate_round 12 received 9 results and 0 failures
[2025-03-24 12:40:15,160][flwr][DEBUG] - fit_round 13: strategy sampled 9 clients (out of 10)
[2025-03-24 12:40:31,818][flwr][DEBUG] - fit_round 13 received 9 results and 0 failures
[2025-03-24 12:40:32,914][flwr][INFO] - fit progress: (13, 1.5046809911727905, {'accuracy': 0.4447000026702881}, 257.9349795839953)
[2025-03-24 12:40:32,914][flwr][DEBUG] - evaluate_round 13: strategy sampled 9 clients (out of 10)
[2025-03-24 12:40:34,879][flwr][DEBUG] - evaluate_round 13 received 9 results and 0 failures
[2025-03-24 12:40:34,880][flwr][DEBUG] - fit_round 14: strategy sampled 9 clients (out of 10)
[2025-03-24 12:40:51,201][flwr][DEBUG] - fit_round 14 received 9 results and 0 failures
[2025-03-24 12:40:52,296][flwr][INFO] - fit progress: (14, 1.537539005279541, {'accuracy': 0.42250001430511475}, 277.3163343339984)
[2025-03-24 12:40:52,296][flwr][DEBUG] - evaluate_round 14: strategy sampled 9 clients (out of 10)
[2025-03-24 12:40:54,325][flwr][DEBUG] - evaluate_round 14 received 9 results and 0 failures
[2025-03-24 12:40:54,325][flwr][DEBUG] - fit_round 15: strategy sampled 9 clients (out of 10)
[2025-03-24 12:41:12,425][flwr][DEBUG] - fit_round 15 received 9 results and 0 failures
[2025-03-24 12:41:13,471][flwr][INFO] - fit progress: (15, 1.5867547988891602, {'accuracy': 0.4101000130176544}, 298.4913188749997)
[2025-03-24 12:41:13,471][flwr][DEBUG] - evaluate_round 15: strategy sampled 9 clients (out of 10)
[2025-03-24 12:41:15,339][flwr][DEBUG] - evaluate_round 15 received 9 results and 0 failures
[2025-03-24 12:41:15,339][flwr][DEBUG] - fit_round 16: strategy sampled 9 clients (out of 10)
[2025-03-24 12:41:34,576][flwr][DEBUG] - fit_round 16 received 9 results and 0 failures
[2025-03-24 12:41:35,631][flwr][INFO] - fit progress: (16, 1.4978363513946533, {'accuracy': 0.43689998984336853}, 320.6520212920004)
[2025-03-24 12:41:35,631][flwr][DEBUG] - evaluate_round 16: strategy sampled 9 clients (out of 10)
[2025-03-24 12:41:37,408][flwr][DEBUG] - evaluate_round 16 received 9 results and 0 failures
[2025-03-24 12:41:37,408][flwr][DEBUG] - fit_round 17: strategy sampled 9 clients (out of 10)
[2025-03-24 12:41:55,559][flwr][DEBUG] - fit_round 17 received 9 results and 0 failures
[2025-03-24 12:41:56,640][flwr][INFO] - fit progress: (17, 1.4522534608840942, {'accuracy': 0.4650000035762787}, 341.6603789590008)
[2025-03-24 12:41:56,640][flwr][DEBUG] - evaluate_round 17: strategy sampled 9 clients (out of 10)
[2025-03-24 12:41:58,422][flwr][DEBUG] - evaluate_round 17 received 9 results and 0 failures
[2025-03-24 12:41:58,423][flwr][DEBUG] - fit_round 18: strategy sampled 9 clients (out of 10)
[2025-03-24 12:42:15,398][flwr][DEBUG] - fit_round 18 received 9 results and 0 failures
[2025-03-24 12:42:16,525][flwr][INFO] - fit progress: (18, 1.4001226425170898, {'accuracy': 0.5148000121116638}, 361.54547583399835)
[2025-03-24 12:42:16,525][flwr][DEBUG] - evaluate_round 18: strategy sampled 9 clients (out of 10)
[2025-03-24 12:42:18,305][flwr][DEBUG] - evaluate_round 18 received 9 results and 0 failures
[2025-03-24 12:42:18,305][flwr][DEBUG] - fit_round 19: strategy sampled 9 clients (out of 10)
[2025-03-24 12:42:35,400][flwr][DEBUG] - fit_round 19 received 9 results and 0 failures
[2025-03-24 12:42:36,582][flwr][INFO] - fit progress: (19, 1.4569764137268066, {'accuracy': 0.4722999930381775}, 381.60246424999787)
[2025-03-24 12:42:36,582][flwr][DEBUG] - evaluate_round 19: strategy sampled 9 clients (out of 10)
[2025-03-24 12:42:38,409][flwr][DEBUG] - evaluate_round 19 received 9 results and 0 failures
[2025-03-24 12:42:38,410][flwr][DEBUG] - fit_round 20: strategy sampled 9 clients (out of 10)
[2025-03-24 12:42:54,780][flwr][DEBUG] - fit_round 20 received 9 results and 0 failures
[2025-03-24 12:42:55,950][flwr][INFO] - fit progress: (20, 1.3739242553710938, {'accuracy': 0.5012000203132629}, 400.97079145899625)
[2025-03-24 12:42:55,950][flwr][DEBUG] - evaluate_round 20: strategy sampled 9 clients (out of 10)
[2025-03-24 12:42:57,713][flwr][DEBUG] - evaluate_round 20 received 9 results and 0 failures
[2025-03-24 12:42:57,713][flwr][INFO] - FL finished in 402.73383425000065
[2025-03-24 12:42:57,713][flwr][INFO] - app_fit: losses_distributed [(1, 2.365755770090547), (2, 2.2769325161870153), (3, 1.953816205778003), (4, 1.8129183558616513), (5, 1.7087642017624312), (6, 1.8418046364804361), (7, 1.6756050862368614), (8, 1.6534434141484853), (9, 1.666789447080971), (10, 1.6346905760835893), (11, 1.5706718941556048), (12, 1.568897840822495), (13, 1.5397151341927195), (14, 1.5245143666644665), (15, 1.6298244547240341), (16, 1.50342222592859), (17, 1.4498387602042977), (18, 1.4056217912481634), (19, 1.4251196372789432), (20, 1.3932199038523996)]
[2025-03-24 12:42:57,714][flwr][INFO] - app_fit: metrics_distributed_fit {'variance_training_loss': [(1, 0.36223204193313296), (2, 0.2777082131249864), (3, 0.2608855744599411), (4, 0.2991253418858774), (5, 0.23566225879952818), (6, 0.21903762129108373), (7, 0.232088177305562), (8, 0.2048723755162898), (9, 0.23420453062339355), (10, 0.19890979557594962), (11, 0.189936829714556), (12, 0.1606941399854044), (13, 0.1843894133273582), (14, 0.16694390007549173), (15, 0.21645082091707246), (16, 0.13251486214692962), (17, 0.16195690639206697), (18, 0.15648633412167626), (19, 0.1611612039917415), (20, 0.16638992622746926)], 'average_training_loss': [(1, 1.4538774680760171), (2, 1.2667628278334935), (3, 1.1788595844474103), (4, 1.180888472745816), (5, 1.1352267025245562), (6, 1.1119813753498926), (7, 1.1023988665805922), (8, 1.0544292678435643), (9, 1.0392265742023785), (10, 1.0613085697922442), (11, 1.0263985635505781), (12, 0.9675697295202149), (13, 1.005769158817), (14, 0.9710426852107048), (15, 1.0147058322197862), (16, 0.914915196183655), (17, 0.9358349591493607), (18, 0.925796639174223), (19, 0.926794504125913), (20, 0.9400465716090467)], 'estimated_times': [(1, [15.869399184760866, 41.54302223098409, 1.6445723966621395, 7.675305667845458, 21.853565616014592, 4.3289929805022105, 25.139999385083044, 27.187192847044145, 21.77251975270186]), (2, [27.187192847044145, 1.6445723966621395, 21.77251975270186, 17.815470075785857, 15.869399184760866, 41.54302223098409, 25.139999385083044, 4.3289929805022105, 21.853565616014592]), (3, [27.187192847044145, 21.77251975270186, 25.139999385083044, 15.869399184760866, 7.675305667845458, 17.815470075785857, 1.6445723966621395, 4.3289929805022105, 21.853565616014592]), (4, [15.869399184760866, 21.853565616014592, 27.187192847044145, 17.815470075785857, 21.77251975270186, 4.3289929805022105, 41.54302223098409, 7.675305667845458, 1.6445723966621395]), (5, [1.6445723966621395, 15.869399184760866, 25.139999385083044, 21.77251975270186, 41.54302223098409, 27.187192847044145, 7.675305667845458, 17.815470075785857, 4.3289929805022105]), (6, [4.3289929805022105, 1.6445723966621395, 7.675305667845458, 15.869399184760866, 41.54302223098409, 27.187192847044145, 21.77251975270186, 25.139999385083044, 17.815470075785857]), (7, [7.675305667845458, 1.6445723966621395, 17.815470075785857, 15.869399184760866, 41.54302223098409, 27.187192847044145, 4.3289929805022105, 25.139999385083044, 21.77251975270186]), (8, [17.815470075785857, 27.187192847044145, 7.675305667845458, 15.869399184760866, 1.6445723966621395, 25.139999385083044, 21.853565616014592, 4.3289929805022105, 21.77251975270186]), (9, [15.869399184760866, 7.675305667845458, 4.3289929805022105, 25.139999385083044, 21.853565616014592, 27.187192847044145, 41.54302223098409, 17.815470075785857, 1.6445723966621395]), (10, [25.139999385083044, 1.6445723966621395, 7.675305667845458, 15.869399184760866, 21.853565616014592, 17.815470075785857, 41.54302223098409, 4.3289929805022105, 21.77251975270186]), (11, [27.187192847044145, 4.3289929805022105, 15.869399184760866, 1.6445723966621395, 21.77251975270186, 21.853565616014592, 17.815470075785857, 41.54302223098409, 7.675305667845458]), (12, [21.853565616014592, 41.54302223098409, 21.77251975270186, 7.675305667845458, 4.3289929805022105, 25.139999385083044, 17.815470075785857, 27.187192847044145, 1.6445723966621395]), (13, [21.853565616014592, 7.675305667845458, 41.54302223098409, 4.3289929805022105, 1.6445723966621395, 15.869399184760866, 21.77251975270186, 27.187192847044145, 17.815470075785857]), (14, [21.77251975270186, 1.6445723966621395, 27.187192847044145, 7.675305667845458, 25.139999385083044, 15.869399184760866, 4.3289929805022105, 17.815470075785857, 21.853565616014592]), (15, [15.869399184760866, 17.815470075785857, 41.54302223098409, 27.187192847044145, 21.77251975270186, 7.675305667845458, 25.139999385083044, 1.6445723966621395, 4.3289929805022105]), (16, [21.77251975270186, 25.139999385083044, 15.869399184760866, 4.3289929805022105, 41.54302223098409, 21.853565616014592, 7.675305667845458, 17.815470075785857, 27.187192847044145]), (17, [21.853565616014592, 17.815470075785857, 1.6445723966621395, 41.54302223098409, 27.187192847044145, 7.675305667845458, 4.3289929805022105, 25.139999385083044, 15.869399184760866]), (18, [1.6445723966621395, 17.815470075785857, 7.675305667845458, 21.853565616014592, 41.54302223098409, 27.187192847044145, 4.3289929805022105, 21.77251975270186, 25.139999385083044]), (19, [7.675305667845458, 21.77251975270186, 21.853565616014592, 1.6445723966621395, 41.54302223098409, 25.139999385083044, 27.187192847044145, 17.815470075785857, 4.3289929805022105]), (20, [21.853565616014592, 1.6445723966621395, 21.77251975270186, 15.869399184760866, 25.139999385083044, 17.815470075785857, 7.675305667845458, 27.187192847044145, 4.3289929805022105])]}
[2025-03-24 12:42:57,715][flwr][INFO] - app_fit: metrics_distributed {}
[2025-03-24 12:42:57,716][flwr][INFO] - app_fit: losses_centralized [(0, 2.3029234409332275), (1, 2.3550844192504883), (2, 2.2949914932250977), (3, 1.9494765996932983), (4, 1.7985869646072388), (5, 1.6925771236419678), (6, 1.7955913543701172), (7, 1.6546508073806763), (8, 1.6191456317901611), (9, 1.619805932044983), (10, 1.5691957473754883), (11, 1.5421843528747559), (12, 1.5578904151916504), (13, 1.5046809911727905), (14, 1.537539005279541), (15, 1.5867547988891602), (16, 1.4978363513946533), (17, 1.4522534608840942), (18, 1.4001226425170898), (19, 1.4569764137268066), (20, 1.3739242553710938)]
[2025-03-24 12:42:57,716][flwr][INFO] - app_fit: metrics_centralized {'accuracy': [(0, 0.08799999952316284), (1, 0.10000000149011612), (2, 0.1177000030875206), (3, 0.26989999413490295), (4, 0.33899998664855957), (5, 0.38260000944137573), (6, 0.32269999384880066), (7, 0.3869999945163727), (8, 0.4065999984741211), (9, 0.39579999446868896), (10, 0.42579999566078186), (11, 0.4291999936103821), (12, 0.43939998745918274), (13, 0.4447000026702881), (14, 0.42250001430511475), (15, 0.4101000130176544), (16, 0.43689998984336853), (17, 0.4650000035762787), (18, 0.5148000121116638), (19, 0.4722999930381775), (20, 0.5012000203132629)]}
