[2025-03-09 20:18:01,195][flwr][INFO] - Starting Flower simulation, config: ServerConfig(num_rounds=20, round_timeout=None)
[2025-03-09 20:18:02,317][flwr][INFO] - Flower VCE: Ray initialized with resources: {'object_store_memory': 2147483648.0, 'CPU': 8.0, 'node:__internal_head__': 1.0, 'memory': 16991730074.0, 'node:127.0.0.1': 1.0}
[2025-03-09 20:18:02,317][flwr][INFO] - Flower VCE: Resources for each Virtual Client: {'num_cpus': 0.5, 'num_gpus': 0}
[2025-03-09 20:18:02,324][flwr][INFO] - Flower VCE: Creating VirtualClientEngineActorPool with 16 actors
[2025-03-09 20:18:02,324][flwr][INFO] - Initializing global parameters
[2025-03-09 20:18:02,325][flwr][INFO] - Requesting initial parameters from one random client
[2025-03-09 20:18:07,625][flwr][INFO] - Received initial parameters from one random client
[2025-03-09 20:18:07,625][flwr][INFO] - Evaluating initial parameters
[2025-03-09 20:18:08,761][flwr][INFO] - initial parameters (loss, other metrics): 2.3036584854125977, {'accuracy': 0.10000000149011612}
[2025-03-09 20:18:08,761][flwr][INFO] - FL starting
[2025-03-09 20:18:11,536][flwr][INFO] - Server 1: selected clients
                ['7', '9', '4', '8', '5', '1', '2', '3', '6', '0'] for first phase evaluation.
[2025-03-09 20:18:11,537][flwr][DEBUG] - evaluate_first_phase 1: strategy sampled 10 clients (out of 10)
[2025-03-09 20:18:13,387][flwr][DEBUG] - evaluate_first_phase of round 1 received 10 results and 0 failures
[2025-03-09 20:18:13,387][flwr][INFO] - Server 1: about to sample 9 clients
[2025-03-09 20:18:13,387][flwr][INFO] - Round 1: selected clients
            ['1', '2', '5', '7', '4', '3', '0', '8', '6'] for fit.
[2025-03-09 20:18:13,388][flwr][DEBUG] - fit_round 1: strategy sampled 9 clients (out of 10)
[2025-03-09 20:18:35,520][flwr][DEBUG] - fit_round 1 received 9 results and 0 failures
[2025-03-09 20:18:36,563][flwr][INFO] - fit progress: (1, 2.313383102416992, {'accuracy': 0.10000000149011612}, 27.802103249996435)
[2025-03-09 20:18:36,563][flwr][DEBUG] - evaluate_round 1: strategy sampled 9 clients (out of 10)
[2025-03-09 20:18:38,294][flwr][DEBUG] - evaluate_round 1 received 9 results and 0 failures
[2025-03-09 20:18:38,294][flwr][WARNING] - No evaluate_metrics_aggregation_fn provided
[2025-03-09 20:18:41,079][flwr][INFO] - Server 2: selected clients
                ['7', '1', '8', '2', '3', '0', '9', '4', '6', '5'] for first phase evaluation.
[2025-03-09 20:18:41,079][flwr][DEBUG] - evaluate_first_phase 2: strategy sampled 10 clients (out of 10)
[2025-03-09 20:18:42,688][flwr][DEBUG] - evaluate_first_phase of round 2 received 10 results and 0 failures
[2025-03-09 20:18:42,688][flwr][INFO] - Server 2: about to sample 9 clients
[2025-03-09 20:18:42,688][flwr][INFO] - Round 2: selected clients
            ['5', '1', '3', '2', '6', '4', '8', '9', '7'] for fit.
[2025-03-09 20:18:42,688][flwr][DEBUG] - fit_round 2: strategy sampled 9 clients (out of 10)
[2025-03-09 20:19:03,625][flwr][DEBUG] - fit_round 2 received 9 results and 0 failures
[2025-03-09 20:19:04,665][flwr][INFO] - fit progress: (2, 2.344550609588623, {'accuracy': 0.09989999979734421}, 55.904287291981746)
[2025-03-09 20:19:04,666][flwr][DEBUG] - evaluate_round 2: strategy sampled 9 clients (out of 10)
[2025-03-09 20:19:06,404][flwr][DEBUG] - evaluate_round 2 received 9 results and 0 failures
[2025-03-09 20:19:09,174][flwr][INFO] - Server 3: selected clients
                ['1', '3', '4', '0', '8', '5', '9', '7', '2', '6'] for first phase evaluation.
[2025-03-09 20:19:09,174][flwr][DEBUG] - evaluate_first_phase 3: strategy sampled 10 clients (out of 10)
[2025-03-09 20:19:10,823][flwr][DEBUG] - evaluate_first_phase of round 3 received 10 results and 0 failures
[2025-03-09 20:19:10,823][flwr][INFO] - Server 3: about to sample 9 clients
[2025-03-09 20:19:10,823][flwr][INFO] - Round 3: selected clients
            ['7', '2', '4', '0', '1', '3', '6', '8', '5'] for fit.
[2025-03-09 20:19:10,823][flwr][DEBUG] - fit_round 3: strategy sampled 9 clients (out of 10)
[2025-03-09 20:19:33,091][flwr][DEBUG] - fit_round 3 received 9 results and 0 failures
[2025-03-09 20:19:34,172][flwr][INFO] - fit progress: (3, 2.3655312061309814, {'accuracy': 0.12349999696016312}, 85.4109008749947)
[2025-03-09 20:19:34,172][flwr][DEBUG] - evaluate_round 3: strategy sampled 9 clients (out of 10)
[2025-03-09 20:19:35,862][flwr][DEBUG] - evaluate_round 3 received 9 results and 0 failures
[2025-03-09 20:19:38,584][flwr][INFO] - Server 4: selected clients
                ['6', '8', '4', '9', '5', '3', '7', '0', '2', '1'] for first phase evaluation.
[2025-03-09 20:19:38,585][flwr][DEBUG] - evaluate_first_phase 4: strategy sampled 10 clients (out of 10)
[2025-03-09 20:19:40,352][flwr][DEBUG] - evaluate_first_phase of round 4 received 10 results and 0 failures
[2025-03-09 20:19:40,352][flwr][INFO] - Server 4: about to sample 9 clients
[2025-03-09 20:19:40,352][flwr][INFO] - Round 4: selected clients
            ['0', '3', '4', '8', '7', '2', '6', '5', '1'] for fit.
[2025-03-09 20:19:40,352][flwr][DEBUG] - fit_round 4: strategy sampled 9 clients (out of 10)
[2025-03-09 20:20:02,993][flwr][DEBUG] - fit_round 4 received 9 results and 0 failures
[2025-03-09 20:20:04,027][flwr][INFO] - fit progress: (4, 2.261491298675537, {'accuracy': 0.17739999294281006}, 115.26535408297786)
[2025-03-09 20:20:04,027][flwr][DEBUG] - evaluate_round 4: strategy sampled 9 clients (out of 10)
[2025-03-09 20:20:05,671][flwr][DEBUG] - evaluate_round 4 received 9 results and 0 failures
[2025-03-09 20:20:08,439][flwr][INFO] - Server 5: selected clients
                ['9', '5', '0', '4', '8', '2', '6', '3', '7', '1'] for first phase evaluation.
[2025-03-09 20:20:08,439][flwr][DEBUG] - evaluate_first_phase 5: strategy sampled 10 clients (out of 10)
[2025-03-09 20:20:10,149][flwr][DEBUG] - evaluate_first_phase of round 5 received 10 results and 0 failures
[2025-03-09 20:20:10,149][flwr][INFO] - Server 5: about to sample 9 clients
[2025-03-09 20:20:10,149][flwr][INFO] - Round 5: selected clients
            ['7', '2', '1', '0', '4', '3', '5', '8', '6'] for fit.
[2025-03-09 20:20:10,149][flwr][DEBUG] - fit_round 5: strategy sampled 9 clients (out of 10)
[2025-03-09 20:20:32,597][flwr][DEBUG] - fit_round 5 received 9 results and 0 failures
[2025-03-09 20:20:33,622][flwr][INFO] - fit progress: (5, 2.0992045402526855, {'accuracy': 0.20029999315738678}, 144.86091983300867)
[2025-03-09 20:20:33,622][flwr][DEBUG] - evaluate_round 5: strategy sampled 9 clients (out of 10)
[2025-03-09 20:20:35,397][flwr][DEBUG] - evaluate_round 5 received 9 results and 0 failures
[2025-03-09 20:20:38,109][flwr][INFO] - Server 6: selected clients
                ['2', '3', '4', '8', '6', '9', '1', '0', '5', '7'] for first phase evaluation.
[2025-03-09 20:20:38,110][flwr][DEBUG] - evaluate_first_phase 6: strategy sampled 10 clients (out of 10)
[2025-03-09 20:20:39,812][flwr][DEBUG] - evaluate_first_phase of round 6 received 10 results and 0 failures
[2025-03-09 20:20:39,812][flwr][INFO] - Server 6: about to sample 9 clients
[2025-03-09 20:20:39,812][flwr][INFO] - Round 6: selected clients
            ['7', '8', '0', '6', '1', '3', '5', '2', '4'] for fit.
[2025-03-09 20:20:39,813][flwr][DEBUG] - fit_round 6: strategy sampled 9 clients (out of 10)
[2025-03-09 20:21:02,173][flwr][DEBUG] - fit_round 6 received 9 results and 0 failures
[2025-03-09 20:21:03,223][flwr][INFO] - fit progress: (6, 1.9073076248168945, {'accuracy': 0.2624000012874603}, 174.46109699999215)
[2025-03-09 20:21:03,223][flwr][DEBUG] - evaluate_round 6: strategy sampled 9 clients (out of 10)
[2025-03-09 20:21:05,075][flwr][DEBUG] - evaluate_round 6 received 9 results and 0 failures
[2025-03-09 20:21:07,902][flwr][INFO] - Server 7: selected clients
                ['1', '7', '5', '6', '4', '8', '2', '0', '3', '9'] for first phase evaluation.
[2025-03-09 20:21:07,903][flwr][DEBUG] - evaluate_first_phase 7: strategy sampled 10 clients (out of 10)
[2025-03-09 20:21:09,682][flwr][DEBUG] - evaluate_first_phase of round 7 received 10 results and 0 failures
[2025-03-09 20:21:09,682][flwr][INFO] - Server 7: about to sample 9 clients
[2025-03-09 20:21:09,682][flwr][INFO] - Round 7: selected clients
            ['0', '1', '8', '2', '5', '3', '6', '9', '7'] for fit.
[2025-03-09 20:21:09,683][flwr][DEBUG] - fit_round 7: strategy sampled 9 clients (out of 10)
[2025-03-09 20:21:32,883][flwr][DEBUG] - fit_round 7 received 9 results and 0 failures
[2025-03-09 20:21:33,924][flwr][INFO] - fit progress: (7, 1.8005303144454956, {'accuracy': 0.319599986076355}, 205.16209120798158)
[2025-03-09 20:21:33,924][flwr][DEBUG] - evaluate_round 7: strategy sampled 9 clients (out of 10)
[2025-03-09 20:21:35,630][flwr][DEBUG] - evaluate_round 7 received 9 results and 0 failures
[2025-03-09 20:21:38,345][flwr][INFO] - Server 8: selected clients
                ['3', '5', '0', '6', '1', '2', '4', '7', '9', '8'] for first phase evaluation.
[2025-03-09 20:21:38,346][flwr][DEBUG] - evaluate_first_phase 8: strategy sampled 10 clients (out of 10)
[2025-03-09 20:21:40,083][flwr][DEBUG] - evaluate_first_phase of round 8 received 10 results and 0 failures
[2025-03-09 20:21:40,083][flwr][INFO] - Server 8: about to sample 9 clients
[2025-03-09 20:21:40,083][flwr][INFO] - Round 8: selected clients
            ['2', '9', '7', '6', '3', '0', '8', '5', '4'] for fit.
[2025-03-09 20:21:40,083][flwr][DEBUG] - fit_round 8: strategy sampled 9 clients (out of 10)
[2025-03-09 20:22:02,668][flwr][DEBUG] - fit_round 8 received 9 results and 0 failures
[2025-03-09 20:22:03,722][flwr][INFO] - fit progress: (8, 1.7276158332824707, {'accuracy': 0.35030001401901245}, 234.96060266700806)
[2025-03-09 20:22:03,722][flwr][DEBUG] - evaluate_round 8: strategy sampled 9 clients (out of 10)
[2025-03-09 20:22:05,392][flwr][DEBUG] - evaluate_round 8 received 9 results and 0 failures
[2025-03-09 20:22:08,104][flwr][INFO] - Server 9: selected clients
                ['6', '8', '3', '7', '1', '4', '2', '5', '0', '9'] for first phase evaluation.
[2025-03-09 20:22:08,104][flwr][DEBUG] - evaluate_first_phase 9: strategy sampled 10 clients (out of 10)
[2025-03-09 20:22:09,840][flwr][DEBUG] - evaluate_first_phase of round 9 received 10 results and 0 failures
[2025-03-09 20:22:09,840][flwr][INFO] - Server 9: about to sample 9 clients
[2025-03-09 20:22:09,840][flwr][INFO] - Round 9: selected clients
            ['1', '8', '5', '4', '9', '2', '7', '6', '0'] for fit.
[2025-03-09 20:22:09,841][flwr][DEBUG] - fit_round 9: strategy sampled 9 clients (out of 10)
[2025-03-09 20:22:32,020][flwr][DEBUG] - fit_round 9 received 9 results and 0 failures
[2025-03-09 20:22:33,051][flwr][INFO] - fit progress: (9, 1.6543962955474854, {'accuracy': 0.3953000009059906}, 264.2892987920204)
[2025-03-09 20:22:33,051][flwr][DEBUG] - evaluate_round 9: strategy sampled 9 clients (out of 10)
[2025-03-09 20:22:34,767][flwr][DEBUG] - evaluate_round 9 received 9 results and 0 failures
[2025-03-09 20:22:37,482][flwr][INFO] - Server 10: selected clients
                ['2', '8', '6', '0', '3', '4', '7', '5', '9', '1'] for first phase evaluation.
[2025-03-09 20:22:37,483][flwr][DEBUG] - evaluate_first_phase 10: strategy sampled 10 clients (out of 10)
[2025-03-09 20:22:39,204][flwr][DEBUG] - evaluate_first_phase of round 10 received 10 results and 0 failures
[2025-03-09 20:22:39,204][flwr][INFO] - Server 10: about to sample 9 clients
[2025-03-09 20:22:39,204][flwr][INFO] - Round 10: selected clients
            ['0', '3', '1', '6', '9', '4', '5', '7', '8'] for fit.
[2025-03-09 20:22:39,204][flwr][DEBUG] - fit_round 10: strategy sampled 9 clients (out of 10)
[2025-03-09 20:23:00,550][flwr][DEBUG] - fit_round 10 received 9 results and 0 failures
[2025-03-09 20:23:01,580][flwr][INFO] - fit progress: (10, 1.6254167556762695, {'accuracy': 0.39820000529289246}, 292.8176811669837)
[2025-03-09 20:23:01,580][flwr][DEBUG] - evaluate_round 10: strategy sampled 9 clients (out of 10)
[2025-03-09 20:23:03,706][flwr][DEBUG] - evaluate_round 10 received 9 results and 0 failures
[2025-03-09 20:23:06,421][flwr][INFO] - Server 11: selected clients
                ['6', '3', '4', '0', '2', '9', '5', '7', '1', '8'] for first phase evaluation.
[2025-03-09 20:23:06,421][flwr][DEBUG] - evaluate_first_phase 11: strategy sampled 10 clients (out of 10)
[2025-03-09 20:23:08,149][flwr][DEBUG] - evaluate_first_phase of round 11 received 10 results and 0 failures
[2025-03-09 20:23:08,149][flwr][INFO] - Server 11: about to sample 9 clients
[2025-03-09 20:23:08,149][flwr][INFO] - Round 11: selected clients
            ['6', '3', '4', '0', '5', '9', '8', '1', '2'] for fit.
[2025-03-09 20:23:08,149][flwr][DEBUG] - fit_round 11: strategy sampled 9 clients (out of 10)
[2025-03-09 20:23:29,874][flwr][DEBUG] - fit_round 11 received 9 results and 0 failures
[2025-03-09 20:23:30,939][flwr][INFO] - fit progress: (11, 1.628920316696167, {'accuracy': 0.39890000224113464}, 322.1772486669943)
[2025-03-09 20:23:30,939][flwr][DEBUG] - evaluate_round 11: strategy sampled 9 clients (out of 10)
[2025-03-09 20:23:32,681][flwr][DEBUG] - evaluate_round 11 received 9 results and 0 failures
[2025-03-09 20:23:35,419][flwr][INFO] - Server 12: selected clients
                ['0', '7', '8', '9', '6', '5', '2', '1', '3', '4'] for first phase evaluation.
[2025-03-09 20:23:35,420][flwr][DEBUG] - evaluate_first_phase 12: strategy sampled 10 clients (out of 10)
[2025-03-09 20:23:37,152][flwr][DEBUG] - evaluate_first_phase of round 12 received 10 results and 0 failures
[2025-03-09 20:23:37,152][flwr][INFO] - Server 12: about to sample 9 clients
[2025-03-09 20:23:37,152][flwr][INFO] - Round 12: selected clients
            ['6', '4', '8', '2', '1', '7', '9', '5', '0'] for fit.
[2025-03-09 20:23:37,152][flwr][DEBUG] - fit_round 12: strategy sampled 9 clients (out of 10)
[2025-03-09 20:23:59,227][flwr][DEBUG] - fit_round 12 received 9 results and 0 failures
[2025-03-09 20:24:00,281][flwr][INFO] - fit progress: (12, 1.687968373298645, {'accuracy': 0.35899999737739563}, 351.51879491697764)
[2025-03-09 20:24:00,281][flwr][DEBUG] - evaluate_round 12: strategy sampled 9 clients (out of 10)
[2025-03-09 20:24:01,968][flwr][DEBUG] - evaluate_round 12 received 9 results and 0 failures
[2025-03-09 20:24:04,766][flwr][INFO] - Server 13: selected clients
                ['8', '2', '0', '9', '4', '7', '3', '6', '5', '1'] for first phase evaluation.
[2025-03-09 20:24:04,766][flwr][DEBUG] - evaluate_first_phase 13: strategy sampled 10 clients (out of 10)
[2025-03-09 20:24:06,494][flwr][DEBUG] - evaluate_first_phase of round 13 received 10 results and 0 failures
[2025-03-09 20:24:06,494][flwr][INFO] - Server 13: about to sample 9 clients
[2025-03-09 20:24:06,494][flwr][INFO] - Round 13: selected clients
            ['8', '0', '7', '3', '6', '5', '4', '1', '2'] for fit.
[2025-03-09 20:24:06,494][flwr][DEBUG] - fit_round 13: strategy sampled 9 clients (out of 10)
[2025-03-09 20:24:28,954][flwr][DEBUG] - fit_round 13 received 9 results and 0 failures
[2025-03-09 20:24:29,999][flwr][INFO] - fit progress: (13, 1.572664737701416, {'accuracy': 0.4153999984264374}, 381.23712008300936)
[2025-03-09 20:24:29,999][flwr][DEBUG] - evaluate_round 13: strategy sampled 9 clients (out of 10)
[2025-03-09 20:24:31,671][flwr][DEBUG] - evaluate_round 13 received 9 results and 0 failures
[2025-03-09 20:24:34,394][flwr][INFO] - Server 14: selected clients
                ['9', '7', '2', '5', '8', '0', '1', '4', '6', '3'] for first phase evaluation.
[2025-03-09 20:24:34,395][flwr][DEBUG] - evaluate_first_phase 14: strategy sampled 10 clients (out of 10)
[2025-03-09 20:24:36,191][flwr][DEBUG] - evaluate_first_phase of round 14 received 10 results and 0 failures
[2025-03-09 20:24:36,191][flwr][INFO] - Server 14: about to sample 9 clients
[2025-03-09 20:24:36,192][flwr][INFO] - Round 14: selected clients
            ['6', '7', '1', '5', '0', '8', '4', '9', '3'] for fit.
[2025-03-09 20:24:36,192][flwr][DEBUG] - fit_round 14: strategy sampled 9 clients (out of 10)
[2025-03-09 20:24:57,765][flwr][DEBUG] - fit_round 14 received 9 results and 0 failures
[2025-03-09 20:24:58,812][flwr][INFO] - fit progress: (14, 1.6423609256744385, {'accuracy': 0.3828999996185303}, 410.0497555420152)
[2025-03-09 20:24:58,812][flwr][DEBUG] - evaluate_round 14: strategy sampled 9 clients (out of 10)
[2025-03-09 20:25:00,510][flwr][DEBUG] - evaluate_round 14 received 9 results and 0 failures
[2025-03-09 20:25:03,253][flwr][INFO] - Server 15: selected clients
                ['4', '7', '8', '9', '6', '3', '0', '2', '5', '1'] for first phase evaluation.
[2025-03-09 20:25:03,253][flwr][DEBUG] - evaluate_first_phase 15: strategy sampled 10 clients (out of 10)
[2025-03-09 20:25:05,136][flwr][DEBUG] - evaluate_first_phase of round 15 received 10 results and 0 failures
[2025-03-09 20:25:05,136][flwr][INFO] - Server 15: about to sample 9 clients
[2025-03-09 20:25:05,136][flwr][INFO] - Round 15: selected clients
            ['2', '1', '6', '5', '0', '7', '4', '8', '9'] for fit.
[2025-03-09 20:25:05,136][flwr][DEBUG] - fit_round 15: strategy sampled 9 clients (out of 10)
[2025-03-09 20:25:27,111][flwr][DEBUG] - fit_round 15 received 9 results and 0 failures
[2025-03-09 20:25:28,142][flwr][INFO] - fit progress: (15, 1.6480507850646973, {'accuracy': 0.3840999901294708}, 439.37940262502525)
[2025-03-09 20:25:28,142][flwr][DEBUG] - evaluate_round 15: strategy sampled 9 clients (out of 10)
[2025-03-09 20:25:29,830][flwr][DEBUG] - evaluate_round 15 received 9 results and 0 failures
[2025-03-09 20:25:32,571][flwr][INFO] - Server 16: selected clients
                ['7', '8', '9', '3', '2', '5', '0', '4', '1', '6'] for first phase evaluation.
[2025-03-09 20:25:32,571][flwr][DEBUG] - evaluate_first_phase 16: strategy sampled 10 clients (out of 10)
[2025-03-09 20:25:34,305][flwr][DEBUG] - evaluate_first_phase of round 16 received 10 results and 0 failures
[2025-03-09 20:25:34,306][flwr][INFO] - Server 16: about to sample 9 clients
[2025-03-09 20:25:34,306][flwr][INFO] - Round 16: selected clients
            ['8', '3', '1', '9', '5', '4', '6', '2', '0'] for fit.
[2025-03-09 20:25:34,306][flwr][DEBUG] - fit_round 16: strategy sampled 9 clients (out of 10)
[2025-03-09 20:25:55,838][flwr][DEBUG] - fit_round 16 received 9 results and 0 failures
[2025-03-09 20:25:56,867][flwr][INFO] - fit progress: (16, 1.5569623708724976, {'accuracy': 0.4226999878883362}, 468.1041760420194)
[2025-03-09 20:25:56,867][flwr][DEBUG] - evaluate_round 16: strategy sampled 9 clients (out of 10)
[2025-03-09 20:25:58,541][flwr][DEBUG] - evaluate_round 16 received 9 results and 0 failures
[2025-03-09 20:26:01,267][flwr][INFO] - Server 17: selected clients
                ['6', '7', '1', '0', '9', '5', '4', '8', '2', '3'] for first phase evaluation.
[2025-03-09 20:26:01,269][flwr][DEBUG] - evaluate_first_phase 17: strategy sampled 10 clients (out of 10)
[2025-03-09 20:26:03,001][flwr][DEBUG] - evaluate_first_phase of round 17 received 10 results and 0 failures
[2025-03-09 20:26:03,001][flwr][INFO] - Server 17: about to sample 9 clients
[2025-03-09 20:26:03,001][flwr][INFO] - Round 17: selected clients
            ['8', '9', '2', '6', '1', '7', '0', '3', '4'] for fit.
[2025-03-09 20:26:03,002][flwr][DEBUG] - fit_round 17: strategy sampled 9 clients (out of 10)
[2025-03-09 20:26:22,643][flwr][DEBUG] - fit_round 17 received 9 results and 0 failures
[2025-03-09 20:26:23,685][flwr][INFO] - fit progress: (17, 1.5831938982009888, {'accuracy': 0.4077000021934509}, 494.9226469169953)
[2025-03-09 20:26:23,685][flwr][DEBUG] - evaluate_round 17: strategy sampled 9 clients (out of 10)
[2025-03-09 20:26:25,347][flwr][DEBUG] - evaluate_round 17 received 9 results and 0 failures
[2025-03-09 20:26:28,160][flwr][INFO] - Server 18: selected clients
                ['4', '3', '8', '0', '7', '1', '5', '6', '2', '9'] for first phase evaluation.
[2025-03-09 20:26:28,160][flwr][DEBUG] - evaluate_first_phase 18: strategy sampled 10 clients (out of 10)
[2025-03-09 20:26:29,975][flwr][DEBUG] - evaluate_first_phase of round 18 received 10 results and 0 failures
[2025-03-09 20:26:29,975][flwr][INFO] - Server 18: about to sample 9 clients
[2025-03-09 20:26:29,975][flwr][INFO] - Round 18: selected clients
            ['5', '8', '1', '0', '4', '9', '3', '6', '7'] for fit.
[2025-03-09 20:26:29,975][flwr][DEBUG] - fit_round 18: strategy sampled 9 clients (out of 10)
[2025-03-09 20:26:51,462][flwr][DEBUG] - fit_round 18 received 9 results and 0 failures
[2025-03-09 20:26:52,505][flwr][INFO] - fit progress: (18, 1.5373262166976929, {'accuracy': 0.4300000071525574}, 523.7419335829909)
[2025-03-09 20:26:52,505][flwr][DEBUG] - evaluate_round 18: strategy sampled 9 clients (out of 10)
[2025-03-09 20:26:54,176][flwr][DEBUG] - evaluate_round 18 received 9 results and 0 failures
[2025-03-09 20:26:56,915][flwr][INFO] - Server 19: selected clients
                ['3', '7', '0', '2', '8', '6', '1', '4', '5', '9'] for first phase evaluation.
[2025-03-09 20:26:56,915][flwr][DEBUG] - evaluate_first_phase 19: strategy sampled 10 clients (out of 10)
[2025-03-09 20:26:59,103][flwr][DEBUG] - evaluate_first_phase of round 19 received 10 results and 0 failures
[2025-03-09 20:26:59,103][flwr][INFO] - Server 19: about to sample 9 clients
[2025-03-09 20:26:59,103][flwr][INFO] - Round 19: selected clients
            ['0', '1', '4', '2', '5', '7', '8', '6', '3'] for fit.
[2025-03-09 20:26:59,103][flwr][DEBUG] - fit_round 19: strategy sampled 9 clients (out of 10)
[2025-03-09 20:27:21,682][flwr][DEBUG] - fit_round 19 received 9 results and 0 failures
[2025-03-09 20:27:22,715][flwr][INFO] - fit progress: (19, 1.6914350986480713, {'accuracy': 0.36719998717308044}, 553.9520314999972)
[2025-03-09 20:27:22,715][flwr][DEBUG] - evaluate_round 19: strategy sampled 9 clients (out of 10)
[2025-03-09 20:27:24,442][flwr][DEBUG] - evaluate_round 19 received 9 results and 0 failures
[2025-03-09 20:27:27,197][flwr][INFO] - Server 20: selected clients
                ['8', '4', '3', '7', '6', '5', '1', '2', '0', '9'] for first phase evaluation.
[2025-03-09 20:27:27,197][flwr][DEBUG] - evaluate_first_phase 20: strategy sampled 10 clients (out of 10)
[2025-03-09 20:27:28,947][flwr][DEBUG] - evaluate_first_phase of round 20 received 10 results and 0 failures
[2025-03-09 20:27:28,947][flwr][INFO] - Server 20: about to sample 9 clients
[2025-03-09 20:27:28,947][flwr][INFO] - Round 20: selected clients
            ['9', '8', '6', '3', '5', '4', '7', '1', '0'] for fit.
[2025-03-09 20:27:28,947][flwr][DEBUG] - fit_round 20: strategy sampled 9 clients (out of 10)
[2025-03-09 20:27:50,496][flwr][DEBUG] - fit_round 20 received 9 results and 0 failures
[2025-03-09 20:27:51,549][flwr][INFO] - fit progress: (20, 1.5116910934448242, {'accuracy': 0.446399986743927}, 582.7864706250257)
[2025-03-09 20:27:51,549][flwr][DEBUG] - evaluate_round 20: strategy sampled 9 clients (out of 10)
[2025-03-09 20:27:53,315][flwr][DEBUG] - evaluate_round 20 received 9 results and 0 failures
[2025-03-09 20:27:53,315][flwr][INFO] - FL finished in 584.5518792920047
[2025-03-09 20:27:53,315][flwr][INFO] - app_fit: losses_distributed [(1, 2.3189483149533623), (2, 2.3387991793648113), (3, 2.378360466475137), (4, 2.276471989312624), (5, 2.1118877125980604), (6, 1.9254733543169946), (7, 1.7997385926664622), (8, 1.743299589670719), (9, 1.666570992519458), (10, 1.6322314309344874), (11, 1.644923672053191), (12, 1.7082698984692495), (13, 1.5857710499776283), (14, 1.6449253246616975), (15, 1.6692090092433824), (16, 1.577636600614668), (17, 1.5934624864019227), (18, 1.5510831107016947), (19, 1.697920185402169), (20, 1.5156069636988125)]
[2025-03-09 20:27:53,316][flwr][INFO] - app_fit: metrics_distributed_fit {'variance_training_loss': [(1, 0.014806570760012537), (2, 0.0028312437753210823), (3, 0.0013114740455715311), (4, 0.0006291727091971457), (5, 0.00039986982844232973), (6, 0.0002629117267522333), (7, 0.0012334863309755196), (8, 0.0008174866482541791), (9, 0.0011412265734839892), (10, 0.001439482665423356), (11, 0.0014716092998931789), (12, 0.0012306527764817726), (13, 0.0005923420978407603), (14, 0.0011378159821021322), (15, 0.001137881334342887), (16, 0.001070136766932109), (17, 0.0008243611547817338), (18, 0.0007781820131422868), (19, 0.0002998510429154207), (20, 0.0009054033458922298)], 'average_training_loss': [(1, 2.2046127849155), (2, 2.033684637811449), (3, 1.9467399650149875), (4, 1.8795432779524062), (5, 1.8259144491619534), (6, 1.7812669939464993), (7, 1.7549434635374281), (8, 1.7157323492897882), (9, 1.7047074503368802), (10, 1.6820940441555448), (11, 1.6623108519448175), (12, 1.6584693988164265), (13, 1.6546700927946303), (14, 1.6200395160251193), (15, 1.6121843390994601), (16, 1.5997808509402804), (17, 1.5898473527696397), (18, 1.5760961241192288), (19, 1.5794314278496637), (20, 1.5581596427493625)], 'estimated_times': [(1, [11.394069180437954, 28.309166317710034, 10.484788614442568, 8.096735305682934, 7.700866560294664, 24.041483748191634, 2.561259428799561, 7.672940765380076, 13.589409532090329]), (2, [24.041483748191634, 7.700866560294664, 8.096735305682934, 28.309166317710034, 11.394069180437954, 2.561259428799561, 7.672940765380076, 10.484788614442568, 8.628028227368715]), (3, [10.484788614442568, 7.700866560294664, 2.561259428799561, 28.309166317710034, 11.394069180437954, 7.672940765380076, 8.096735305682934, 13.589409532090329, 24.041483748191634]), (4, [10.484788614442568, 11.394069180437954, 7.700866560294664, 2.561259428799561, 13.589409532090329, 28.309166317710034, 8.096735305682934, 24.041483748191634, 7.672940765380076]), (5, [13.589409532090329, 7.700866560294664, 24.041483748191634, 11.394069180437954, 2.561259428799561, 8.096735305682934, 7.672940765380076, 28.309166317710034, 10.484788614442568]), (6, [24.041483748191634, 7.672940765380076, 10.484788614442568, 2.561259428799561, 8.096735305682934, 28.309166317710034, 7.700866560294664, 11.394069180437954, 13.589409532090329]), (7, [11.394069180437954, 24.041483748191634, 8.096735305682934, 10.484788614442568, 7.672940765380076, 13.589409532090329, 8.628028227368715, 28.309166317710034, 7.700866560294664]), (8, [7.672940765380076, 8.628028227368715, 10.484788614442568, 24.041483748191634, 7.700866560294664, 13.589409532090329, 2.561259428799561, 8.096735305682934, 28.309166317710034]), (9, [11.394069180437954, 2.561259428799561, 28.309166317710034, 7.700866560294664, 13.589409532090329, 10.484788614442568, 24.041483748191634, 8.096735305682934, 8.628028227368715]), (10, [8.628028227368715, 24.041483748191634, 7.672940765380076, 11.394069180437954, 10.484788614442568, 13.589409532090329, 28.309166317710034, 2.561259428799561, 7.700866560294664]), (11, [13.589409532090329, 8.096735305682934, 24.041483748191634, 2.561259428799561, 8.628028227368715, 7.672940765380076, 28.309166317710034, 10.484788614442568, 11.394069180437954]), (12, [8.628028227368715, 28.309166317710034, 10.484788614442568, 8.096735305682934, 7.700866560294664, 24.041483748191634, 11.394069180437954, 13.589409532090329, 2.561259428799561]), (13, [13.589409532090329, 7.672940765380076, 8.096735305682934, 28.309166317710034, 2.561259428799561, 7.700866560294664, 11.394069180437954, 10.484788614442568, 24.041483748191634]), (14, [10.484788614442568, 7.700866560294664, 13.589409532090329, 8.628028227368715, 11.394069180437954, 28.309166317710034, 24.041483748191634, 2.561259428799561, 7.672940765380076]), (15, [11.394069180437954, 24.041483748191634, 8.628028227368715, 28.309166317710034, 10.484788614442568, 8.096735305682934, 13.589409532090329, 2.561259428799561, 7.700866560294664]), (16, [11.394069180437954, 8.628028227368715, 10.484788614442568, 13.589409532090329, 8.096735305682934, 7.672940765380076, 28.309166317710034, 2.561259428799561, 24.041483748191634]), (17, [7.700866560294664, 2.561259428799561, 28.309166317710034, 13.589409532090329, 8.628028227368715, 7.672940765380076, 24.041483748191634, 11.394069180437954, 8.096735305682934]), (18, [10.484788614442568, 24.041483748191634, 28.309166317710034, 7.672940765380076, 7.700866560294664, 13.589409532090329, 11.394069180437954, 8.628028227368715, 2.561259428799561]), (19, [11.394069180437954, 7.672940765380076, 2.561259428799561, 10.484788614442568, 7.700866560294664, 28.309166317710034, 8.096735305682934, 13.589409532090329, 24.041483748191634]), (20, [24.041483748191634, 7.700866560294664, 13.589409532090329, 10.484788614442568, 28.309166317710034, 2.561259428799561, 7.672940765380076, 11.394069180437954, 8.628028227368715])]}
[2025-03-09 20:27:53,319][flwr][INFO] - app_fit: metrics_distributed {}
[2025-03-09 20:27:53,319][flwr][INFO] - app_fit: losses_centralized [(0, 2.3036584854125977), (1, 2.313383102416992), (2, 2.344550609588623), (3, 2.3655312061309814), (4, 2.261491298675537), (5, 2.0992045402526855), (6, 1.9073076248168945), (7, 1.8005303144454956), (8, 1.7276158332824707), (9, 1.6543962955474854), (10, 1.6254167556762695), (11, 1.628920316696167), (12, 1.687968373298645), (13, 1.572664737701416), (14, 1.6423609256744385), (15, 1.6480507850646973), (16, 1.5569623708724976), (17, 1.5831938982009888), (18, 1.5373262166976929), (19, 1.6914350986480713), (20, 1.5116910934448242)]
[2025-03-09 20:27:53,319][flwr][INFO] - app_fit: metrics_centralized {'accuracy': [(0, 0.10000000149011612), (1, 0.10000000149011612), (2, 0.09989999979734421), (3, 0.12349999696016312), (4, 0.17739999294281006), (5, 0.20029999315738678), (6, 0.2624000012874603), (7, 0.319599986076355), (8, 0.35030001401901245), (9, 0.3953000009059906), (10, 0.39820000529289246), (11, 0.39890000224113464), (12, 0.35899999737739563), (13, 0.4153999984264374), (14, 0.3828999996185303), (15, 0.3840999901294708), (16, 0.4226999878883362), (17, 0.4077000021934509), (18, 0.4300000071525574), (19, 0.36719998717308044), (20, 0.446399986743927)]}
