[2025-03-10 03:27:34,114][flwr][INFO] - Using FedAvg strategy
[2025-03-10 03:27:34,114][flwr][INFO] - Starting Flower simulation, config: ServerConfig(num_rounds=20, round_timeout=None)
[2025-03-10 03:27:35,233][flwr][INFO] - Flower VCE: Ray initialized with resources: {'CPU': 8.0, 'node:127.0.0.1': 1.0, 'node:__internal_head__': 1.0, 'object_store_memory': 2147483648.0, 'memory': 17295769600.0}
[2025-03-10 03:27:35,233][flwr][INFO] - Flower VCE: Resources for each Virtual Client: {'num_cpus': 0.5, 'num_gpus': 0}
[2025-03-10 03:27:35,239][flwr][INFO] - Flower VCE: Creating VirtualClientEngineActorPool with 16 actors
[2025-03-10 03:27:35,239][flwr][INFO] - Initializing global parameters
[2025-03-10 03:27:35,239][flwr][INFO] - Requesting initial parameters from one random client
[2025-03-10 03:27:40,340][flwr][INFO] - Received initial parameters from one random client
[2025-03-10 03:27:40,340][flwr][INFO] - Evaluating initial parameters
[2025-03-10 03:27:41,449][flwr][INFO] - initial parameters (loss, other metrics): 2.305145740509033, {'accuracy': 0.0997999981045723}
[2025-03-10 03:27:41,449][flwr][INFO] - FL starting
[2025-03-10 03:27:41,450][flwr][DEBUG] - fit_round 1: strategy sampled 9 clients (out of 10)
[2025-03-10 03:28:10,481][flwr][DEBUG] - fit_round 1 received 9 results and 0 failures
[2025-03-10 03:28:11,499][flwr][INFO] - fit progress: (1, 2.311290740966797, {'accuracy': 0.13230000436306}, 30.049903583945706)
[2025-03-10 03:28:11,499][flwr][DEBUG] - evaluate_round 1: strategy sampled 9 clients (out of 10)
[2025-03-10 03:28:13,077][flwr][DEBUG] - evaluate_round 1 received 9 results and 0 failures
[2025-03-10 03:28:13,077][flwr][WARNING] - No evaluate_metrics_aggregation_fn provided
[2025-03-10 03:28:13,077][flwr][DEBUG] - fit_round 2: strategy sampled 9 clients (out of 10)
[2025-03-10 03:28:42,816][flwr][DEBUG] - fit_round 2 received 9 results and 0 failures
[2025-03-10 03:28:43,844][flwr][INFO] - fit progress: (2, 2.425508499145508, {'accuracy': 0.11599999666213989}, 62.39560120890383)
[2025-03-10 03:28:43,844][flwr][DEBUG] - evaluate_round 2: strategy sampled 9 clients (out of 10)
[2025-03-10 03:28:45,351][flwr][DEBUG] - evaluate_round 2 received 9 results and 0 failures
[2025-03-10 03:28:45,351][flwr][DEBUG] - fit_round 3: strategy sampled 9 clients (out of 10)
[2025-03-10 03:29:15,101][flwr][DEBUG] - fit_round 3 received 9 results and 0 failures
[2025-03-10 03:29:16,132][flwr][INFO] - fit progress: (3, 2.3753297328948975, {'accuracy': 0.1281999945640564}, 94.68413141695783)
[2025-03-10 03:29:16,132][flwr][DEBUG] - evaluate_round 3: strategy sampled 9 clients (out of 10)
[2025-03-10 03:29:17,693][flwr][DEBUG] - evaluate_round 3 received 9 results and 0 failures
[2025-03-10 03:29:17,693][flwr][DEBUG] - fit_round 4: strategy sampled 9 clients (out of 10)
[2025-03-10 03:29:49,016][flwr][DEBUG] - fit_round 4 received 9 results and 0 failures
[2025-03-10 03:29:50,049][flwr][INFO] - fit progress: (4, 1.9888854026794434, {'accuracy': 0.25270000100135803}, 128.60145758395083)
[2025-03-10 03:29:50,049][flwr][DEBUG] - evaluate_round 4: strategy sampled 9 clients (out of 10)
[2025-03-10 03:29:51,819][flwr][DEBUG] - evaluate_round 4 received 9 results and 0 failures
[2025-03-10 03:29:51,819][flwr][DEBUG] - fit_round 5: strategy sampled 9 clients (out of 10)
[2025-03-10 03:30:21,461][flwr][DEBUG] - fit_round 5 received 9 results and 0 failures
[2025-03-10 03:30:22,512][flwr][INFO] - fit progress: (5, 1.7910462617874146, {'accuracy': 0.33090001344680786}, 161.06514204200357)
[2025-03-10 03:30:22,512][flwr][DEBUG] - evaluate_round 5: strategy sampled 9 clients (out of 10)
[2025-03-10 03:30:24,124][flwr][DEBUG] - evaluate_round 5 received 9 results and 0 failures
[2025-03-10 03:30:24,125][flwr][DEBUG] - fit_round 6: strategy sampled 9 clients (out of 10)
[2025-03-10 03:30:51,605][flwr][DEBUG] - fit_round 6 received 9 results and 0 failures
[2025-03-10 03:30:52,621][flwr][INFO] - fit progress: (6, 1.6739413738250732, {'accuracy': 0.3935999870300293}, 191.1746866669273)
[2025-03-10 03:30:52,621][flwr][DEBUG] - evaluate_round 6: strategy sampled 9 clients (out of 10)
[2025-03-10 03:30:54,165][flwr][DEBUG] - evaluate_round 6 received 9 results and 0 failures
[2025-03-10 03:30:54,166][flwr][DEBUG] - fit_round 7: strategy sampled 9 clients (out of 10)
[2025-03-10 03:31:25,695][flwr][DEBUG] - fit_round 7 received 9 results and 0 failures
[2025-03-10 03:31:26,732][flwr][INFO] - fit progress: (7, 1.636155128479004, {'accuracy': 0.3984000086784363}, 225.28599429200403)
[2025-03-10 03:31:26,732][flwr][DEBUG] - evaluate_round 7: strategy sampled 9 clients (out of 10)
[2025-03-10 03:31:28,338][flwr][DEBUG] - evaluate_round 7 received 9 results and 0 failures
[2025-03-10 03:31:28,338][flwr][DEBUG] - fit_round 8: strategy sampled 9 clients (out of 10)
[2025-03-10 03:31:55,701][flwr][DEBUG] - fit_round 8 received 9 results and 0 failures
[2025-03-10 03:31:56,716][flwr][INFO] - fit progress: (8, 1.6319098472595215, {'accuracy': 0.4036000072956085}, 255.27030529198237)
[2025-03-10 03:31:56,716][flwr][DEBUG] - evaluate_round 8: strategy sampled 9 clients (out of 10)
[2025-03-10 03:31:58,389][flwr][DEBUG] - evaluate_round 8 received 9 results and 0 failures
[2025-03-10 03:31:58,389][flwr][DEBUG] - fit_round 9: strategy sampled 9 clients (out of 10)
[2025-03-10 03:32:27,652][flwr][DEBUG] - fit_round 9 received 9 results and 0 failures
[2025-03-10 03:32:28,667][flwr][INFO] - fit progress: (9, 1.6011221408843994, {'accuracy': 0.4171999990940094}, 287.2214397499338)
[2025-03-10 03:32:28,667][flwr][DEBUG] - evaluate_round 9: strategy sampled 9 clients (out of 10)
[2025-03-10 03:32:30,243][flwr][DEBUG] - evaluate_round 9 received 9 results and 0 failures
[2025-03-10 03:32:30,243][flwr][DEBUG] - fit_round 10: strategy sampled 9 clients (out of 10)
[2025-03-10 03:33:00,285][flwr][DEBUG] - fit_round 10 received 9 results and 0 failures
[2025-03-10 03:33:01,309][flwr][INFO] - fit progress: (10, 1.5519319772720337, {'accuracy': 0.44130000472068787}, 319.77522895892616)
[2025-03-10 03:33:01,309][flwr][DEBUG] - evaluate_round 10: strategy sampled 9 clients (out of 10)
[2025-03-10 03:33:02,941][flwr][DEBUG] - evaluate_round 10 received 9 results and 0 failures
[2025-03-10 03:33:02,942][flwr][DEBUG] - fit_round 11: strategy sampled 9 clients (out of 10)
[2025-03-10 03:33:30,208][flwr][DEBUG] - fit_round 11 received 9 results and 0 failures
[2025-03-10 03:33:31,261][flwr][INFO] - fit progress: (11, 1.623616337776184, {'accuracy': 0.4090000092983246}, 349.72732658393215)
[2025-03-10 03:33:31,261][flwr][DEBUG] - evaluate_round 11: strategy sampled 9 clients (out of 10)
[2025-03-10 03:33:33,087][flwr][DEBUG] - evaluate_round 11 received 9 results and 0 failures
[2025-03-10 03:33:33,088][flwr][DEBUG] - fit_round 12: strategy sampled 9 clients (out of 10)
[2025-03-10 03:34:04,310][flwr][DEBUG] - fit_round 12 received 9 results and 0 failures
[2025-03-10 03:34:05,385][flwr][INFO] - fit progress: (12, 1.547731876373291, {'accuracy': 0.43700000643730164}, 383.85090099996887)
[2025-03-10 03:34:05,385][flwr][DEBUG] - evaluate_round 12: strategy sampled 9 clients (out of 10)
[2025-03-10 03:34:07,045][flwr][DEBUG] - evaluate_round 12 received 9 results and 0 failures
[2025-03-10 03:34:07,046][flwr][DEBUG] - fit_round 13: strategy sampled 9 clients (out of 10)
[2025-03-10 03:34:36,576][flwr][DEBUG] - fit_round 13 received 9 results and 0 failures
[2025-03-10 03:34:37,620][flwr][INFO] - fit progress: (13, 1.5281318426132202, {'accuracy': 0.44830000400543213}, 416.08564858394675)
[2025-03-10 03:34:37,620][flwr][DEBUG] - evaluate_round 13: strategy sampled 9 clients (out of 10)
[2025-03-10 03:34:39,276][flwr][DEBUG] - evaluate_round 13 received 9 results and 0 failures
[2025-03-10 03:34:39,276][flwr][DEBUG] - fit_round 14: strategy sampled 9 clients (out of 10)
[2025-03-10 03:35:09,725][flwr][DEBUG] - fit_round 14 received 9 results and 0 failures
[2025-03-10 03:35:10,765][flwr][INFO] - fit progress: (14, 1.4879120588302612, {'accuracy': 0.453000009059906}, 449.2304960419424)
[2025-03-10 03:35:10,765][flwr][DEBUG] - evaluate_round 14: strategy sampled 9 clients (out of 10)
[2025-03-10 03:35:12,449][flwr][DEBUG] - evaluate_round 14 received 9 results and 0 failures
[2025-03-10 03:35:12,449][flwr][DEBUG] - fit_round 15: strategy sampled 9 clients (out of 10)
[2025-03-10 03:35:44,337][flwr][DEBUG] - fit_round 15 received 9 results and 0 failures
[2025-03-10 03:35:45,373][flwr][INFO] - fit progress: (15, 1.4971479177474976, {'accuracy': 0.46219998598098755}, 483.83878666698)
[2025-03-10 03:35:45,373][flwr][DEBUG] - evaluate_round 15: strategy sampled 9 clients (out of 10)
[2025-03-10 03:35:47,077][flwr][DEBUG] - evaluate_round 15 received 9 results and 0 failures
[2025-03-10 03:35:47,078][flwr][DEBUG] - fit_round 16: strategy sampled 9 clients (out of 10)
[2025-03-10 03:36:16,589][flwr][DEBUG] - fit_round 16 received 9 results and 0 failures
[2025-03-10 03:36:17,643][flwr][INFO] - fit progress: (16, 1.5056992769241333, {'accuracy': 0.4602000117301941}, 516.108497499954)
[2025-03-10 03:36:17,643][flwr][DEBUG] - evaluate_round 16: strategy sampled 9 clients (out of 10)
[2025-03-10 03:36:19,320][flwr][DEBUG] - evaluate_round 16 received 9 results and 0 failures
[2025-03-10 03:36:19,320][flwr][DEBUG] - fit_round 17: strategy sampled 9 clients (out of 10)
[2025-03-10 03:36:51,352][flwr][DEBUG] - fit_round 17 received 9 results and 0 failures
[2025-03-10 03:36:52,403][flwr][INFO] - fit progress: (17, 1.4334555864334106, {'accuracy': 0.4830999970436096}, 550.8683915839065)
[2025-03-10 03:36:52,403][flwr][DEBUG] - evaluate_round 17: strategy sampled 9 clients (out of 10)
[2025-03-10 03:36:54,120][flwr][DEBUG] - evaluate_round 17 received 9 results and 0 failures
[2025-03-10 03:36:54,120][flwr][DEBUG] - fit_round 18: strategy sampled 9 clients (out of 10)
[2025-03-10 03:37:26,219][flwr][DEBUG] - fit_round 18 received 9 results and 0 failures
[2025-03-10 03:37:27,259][flwr][INFO] - fit progress: (18, 1.485328197479248, {'accuracy': 0.47049999237060547}, 585.7249117089668)
[2025-03-10 03:37:27,260][flwr][DEBUG] - evaluate_round 18: strategy sampled 9 clients (out of 10)
[2025-03-10 03:37:28,934][flwr][DEBUG] - evaluate_round 18 received 9 results and 0 failures
[2025-03-10 03:37:28,934][flwr][DEBUG] - fit_round 19: strategy sampled 9 clients (out of 10)
[2025-03-10 03:37:58,581][flwr][DEBUG] - fit_round 19 received 9 results and 0 failures
[2025-03-10 03:37:59,625][flwr][INFO] - fit progress: (19, 1.3979825973510742, {'accuracy': 0.4984999895095825}, 618.0906478749821)
[2025-03-10 03:37:59,625][flwr][DEBUG] - evaluate_round 19: strategy sampled 9 clients (out of 10)
[2025-03-10 03:38:01,346][flwr][DEBUG] - evaluate_round 19 received 9 results and 0 failures
[2025-03-10 03:38:01,346][flwr][DEBUG] - fit_round 20: strategy sampled 9 clients (out of 10)
[2025-03-10 03:38:32,279][flwr][DEBUG] - fit_round 20 received 9 results and 0 failures
[2025-03-10 03:38:33,350][flwr][INFO] - fit progress: (20, 1.4055277109146118, {'accuracy': 0.49630001187324524}, 651.8148038339568)
[2025-03-10 03:38:33,350][flwr][DEBUG] - evaluate_round 20: strategy sampled 9 clients (out of 10)
[2025-03-10 03:38:35,176][flwr][DEBUG] - evaluate_round 20 received 9 results and 0 failures
[2025-03-10 03:38:35,176][flwr][INFO] - FL finished in 653.6417080420069
[2025-03-10 03:38:35,177][flwr][INFO] - app_fit: losses_distributed [(1, 2.3105378425755903), (2, 2.4344059957666437), (3, 2.389635876107035), (4, 1.9930064013258573), (5, 1.7931865236543594), (6, 1.6777965976923757), (7, 1.6424670207374754), (8, 1.623584544510706), (9, 1.5973855933585044), (10, 1.5360973230274273), (11, 1.6284744539680014), (12, 1.538700584779706), (13, 1.5253821880022684), (14, 1.4705226585559301), (15, 1.4844810934671273), (16, 1.5055971436226157), (17, 1.4222229479800628), (18, 1.4884845523297892), (19, 1.372526783628244), (20, 1.3852015685663113)]
[2025-03-10 03:38:35,177][flwr][INFO] - app_fit: metrics_distributed_fit {'variance_training_loss': [(1, 0.010388800808175487), (2, 0.0032401873202491196), (3, 0.0012327069311422216), (4, 0.0008918975994005349), (5, 0.0005956392205436214), (6, 0.00019456870415803765), (7, 0.0005538015732769156), (8, 0.00048693180006531274), (9, 0.0004749673560127121), (10, 0.00021682827362054825), (11, 0.0004900399794292406), (12, 0.0004075823597800559), (13, 0.00039797360982566873), (14, 0.0003175560846664015), (15, 0.0003995805088848494), (16, 0.00046456815683529974), (17, 0.0003466987553028003), (18, 0.00022232601677275442), (19, 0.0003297687733142965), (20, 0.0004516392304305644)], 'average_training_loss': [(1, 2.1410488022698297), (2, 1.976570235358344), (3, 1.8725014395183988), (4, 1.8022444645563762), (5, 1.752166959974501), (6, 1.7202769385443792), (7, 1.687395453453064), (8, 1.6697693930731878), (9, 1.6449098189671834), (10, 1.63025959332784), (11, 1.6073712375428941), (12, 1.5875812239117093), (13, 1.568432543012831), (14, 1.5512236091825697), (15, 1.535857571495904), (16, 1.5247278345955744), (17, 1.5111144516203139), (18, 1.4915170537100897), (19, 1.4774896568722196), (20, 1.4703574313057794)], 'estimated_times': [(1, [12.136336123664995, 22.15369436552405, 5.625874832979075, 13.001071539316635, 15.514442450883045, 11.129698067498348, 15.646429543469372, 6.05577455556578, 15.042394091928543]), (2, [11.129698067498348, 22.15369436552405, 6.05577455556578, 15.042394091928543, 12.136336123664995, 15.514442450883045, 56.143129112826074, 5.625874832979075, 13.001071539316635]), (3, [22.15369436552405, 11.129698067498348, 13.001071539316635, 15.514442450883045, 56.143129112826074, 5.625874832979075, 15.646429543469372, 6.05577455556578, 12.136336123664995]), (4, [15.646429543469372, 22.15369436552405, 15.042394091928543, 13.001071539316635, 11.129698067498348, 56.143129112826074, 15.514442450883045, 12.136336123664995, 5.625874832979075]), (5, [6.05577455556578, 15.514442450883045, 13.001071539316635, 15.042394091928543, 11.129698067498348, 56.143129112826074, 5.625874832979075, 22.15369436552405, 12.136336123664995]), (6, [15.514442450883045, 56.143129112826074, 5.625874832979075, 12.136336123664995, 6.05577455556578, 13.001071539316635, 15.646429543469372, 11.129698067498348, 15.042394091928543]), (7, [56.143129112826074, 11.129698067498348, 13.001071539316635, 15.646429543469372, 22.15369436552405, 15.514442450883045, 15.042394091928543, 12.136336123664995, 5.625874832979075]), (8, [6.05577455556578, 11.129698067498348, 56.143129112826074, 5.625874832979075, 15.042394091928543, 13.001071539316635, 12.136336123664995, 15.514442450883045, 15.646429543469372]), (9, [22.15369436552405, 12.136336123664995, 15.646429543469372, 11.129698067498348, 6.05577455556578, 15.042394091928543, 13.001071539316635, 5.625874832979075, 15.514442450883045]), (10, [15.514442450883045, 5.625874832979075, 6.05577455556578, 13.001071539316635, 15.042394091928543, 11.129698067498348, 22.15369436552405, 56.143129112826074, 12.136336123664995]), (11, [15.042394091928543, 15.646429543469372, 56.143129112826074, 13.001071539316635, 15.514442450883045, 5.625874832979075, 11.129698067498348, 12.136336123664995, 6.05577455556578]), (12, [13.001071539316635, 5.625874832979075, 15.646429543469372, 56.143129112826074, 6.05577455556578, 15.042394091928543, 22.15369436552405, 11.129698067498348, 15.514442450883045]), (13, [5.625874832979075, 13.001071539316635, 22.15369436552405, 15.042394091928543, 11.129698067498348, 15.514442450883045, 6.05577455556578, 12.136336123664995, 15.646429543469372]), (14, [6.05577455556578, 15.646429543469372, 56.143129112826074, 15.514442450883045, 11.129698067498348, 13.001071539316635, 12.136336123664995, 22.15369436552405, 5.625874832979075]), (15, [12.136336123664995, 22.15369436552405, 5.625874832979075, 15.042394091928543, 15.646429543469372, 13.001071539316635, 56.143129112826074, 11.129698067498348, 6.05577455556578]), (16, [12.136336123664995, 22.15369436552405, 11.129698067498348, 6.05577455556578, 15.646429543469372, 5.625874832979075, 13.001071539316635, 15.514442450883045, 15.042394091928543]), (17, [15.646429543469372, 15.514442450883045, 5.625874832979075, 13.001071539316635, 12.136336123664995, 15.042394091928543, 56.143129112826074, 22.15369436552405, 11.129698067498348]), (18, [6.05577455556578, 22.15369436552405, 15.514442450883045, 13.001071539316635, 15.042394091928543, 11.129698067498348, 12.136336123664995, 56.143129112826074, 15.646429543469372]), (19, [15.042394091928543, 11.129698067498348, 5.625874832979075, 22.15369436552405, 12.136336123664995, 13.001071539316635, 15.646429543469372, 6.05577455556578, 15.514442450883045]), (20, [15.646429543469372, 6.05577455556578, 15.042394091928543, 22.15369436552405, 11.129698067498348, 5.625874832979075, 12.136336123664995, 56.143129112826074, 15.514442450883045])]}
[2025-03-10 03:38:35,178][flwr][INFO] - app_fit: metrics_distributed {}
[2025-03-10 03:38:35,178][flwr][INFO] - app_fit: losses_centralized [(0, 2.305145740509033), (1, 2.311290740966797), (2, 2.425508499145508), (3, 2.3753297328948975), (4, 1.9888854026794434), (5, 1.7910462617874146), (6, 1.6739413738250732), (7, 1.636155128479004), (8, 1.6319098472595215), (9, 1.6011221408843994), (10, 1.5519319772720337), (11, 1.623616337776184), (12, 1.547731876373291), (13, 1.5281318426132202), (14, 1.4879120588302612), (15, 1.4971479177474976), (16, 1.5056992769241333), (17, 1.4334555864334106), (18, 1.485328197479248), (19, 1.3979825973510742), (20, 1.4055277109146118)]
[2025-03-10 03:38:35,179][flwr][INFO] - app_fit: metrics_centralized {'accuracy': [(0, 0.0997999981045723), (1, 0.13230000436306), (2, 0.11599999666213989), (3, 0.1281999945640564), (4, 0.25270000100135803), (5, 0.33090001344680786), (6, 0.3935999870300293), (7, 0.3984000086784363), (8, 0.4036000072956085), (9, 0.4171999990940094), (10, 0.44130000472068787), (11, 0.4090000092983246), (12, 0.43700000643730164), (13, 0.44830000400543213), (14, 0.453000009059906), (15, 0.46219998598098755), (16, 0.4602000117301941), (17, 0.4830999970436096), (18, 0.47049999237060547), (19, 0.4984999895095825), (20, 0.49630001187324524)]}
