[2025-03-09 11:34:08,978][flwr][INFO] - Starting Flower simulation, config: ServerConfig(num_rounds=20, round_timeout=None)
[2025-03-09 11:34:10,235][flwr][INFO] - Flower VCE: Ray initialized with resources: {'node:__internal_head__': 1.0, 'node:127.0.0.1': 1.0, 'object_store_memory': 2147483648.0, 'memory': 17013686272.0, 'CPU': 8.0}
[2025-03-09 11:34:10,235][flwr][INFO] - Flower VCE: Resources for each Virtual Client: {'num_cpus': 0.5, 'num_gpus': 0}
[2025-03-09 11:34:10,242][flwr][INFO] - Flower VCE: Creating VirtualClientEngineActorPool with 16 actors
[2025-03-09 11:34:10,242][flwr][INFO] - Initializing global parameters
[2025-03-09 11:34:10,242][flwr][INFO] - Requesting initial parameters from one random client
[2025-03-09 11:34:15,485][flwr][INFO] - Received initial parameters from one random client
[2025-03-09 11:34:15,485][flwr][INFO] - Evaluating initial parameters
[2025-03-09 11:34:16,585][flwr][INFO] - initial parameters (loss, other metrics): 2.303752899169922, {'accuracy': 0.10000000149011612}
[2025-03-09 11:34:16,585][flwr][INFO] - FL starting
[2025-03-09 11:34:19,351][flwr][INFO] - Server 1: selected clients
                ['3', '8', '0', '2', '4', '7', '5', '6', '9', '1'] for first phase evaluation.
[2025-03-09 11:34:19,351][flwr][DEBUG] - evaluate_first_phase 1: strategy sampled 10 clients (out of 10)
[2025-03-09 11:34:25,059][flwr][DEBUG] - evaluate_first_phase of round 1 received 10 results and 0 failures
[2025-03-09 11:34:25,059][flwr][INFO] - Server 1: about to sample 9 clients
[2025-03-09 11:34:25,059][flwr][INFO] - Round 1: selected clients
            ['2', '1', '3', '4', '5', '9', '0', '7', '6'] for fit.
[2025-03-09 11:34:25,059][flwr][DEBUG] - fit_round 1: strategy sampled 9 clients (out of 10)
[2025-03-09 11:35:14,910][flwr][DEBUG] - fit_round 1 received 9 results and 0 failures
[2025-03-09 11:35:15,940][flwr][INFO] - fit progress: (1, 1.9402751922607422, {'accuracy': 0.27079999446868896}, 59.35514699999476)
[2025-03-09 11:35:15,941][flwr][DEBUG] - evaluate_round 1: strategy sampled 9 clients (out of 10)
[2025-03-09 11:35:17,727][flwr][DEBUG] - evaluate_round 1 received 9 results and 0 failures
[2025-03-09 11:35:17,728][flwr][WARNING] - No evaluate_metrics_aggregation_fn provided
[2025-03-09 11:35:20,434][flwr][INFO] - Server 2: selected clients
                ['6', '7', '4', '1', '9', '0', '5', '2', '8', '3'] for first phase evaluation.
[2025-03-09 11:35:20,434][flwr][DEBUG] - evaluate_first_phase 2: strategy sampled 10 clients (out of 10)
[2025-03-09 11:35:25,991][flwr][DEBUG] - evaluate_first_phase of round 2 received 10 results and 0 failures
[2025-03-09 11:35:25,991][flwr][INFO] - Server 2: about to sample 9 clients
[2025-03-09 11:35:25,991][flwr][INFO] - Round 2: selected clients
            ['8', '3', '9', '1', '4', '7', '5', '2', '0'] for fit.
[2025-03-09 11:35:25,991][flwr][DEBUG] - fit_round 2: strategy sampled 9 clients (out of 10)
[2025-03-09 11:36:16,581][flwr][DEBUG] - fit_round 2 received 9 results and 0 failures
[2025-03-09 11:36:17,593][flwr][INFO] - fit progress: (2, 1.664514422416687, {'accuracy': 0.39590001106262207}, 121.00731199997244)
[2025-03-09 11:36:17,593][flwr][DEBUG] - evaluate_round 2: strategy sampled 9 clients (out of 10)
[2025-03-09 11:36:19,203][flwr][DEBUG] - evaluate_round 2 received 9 results and 0 failures
[2025-03-09 11:36:21,984][flwr][INFO] - Server 3: selected clients
                ['3', '6', '9', '2', '7', '8', '5', '0', '4', '1'] for first phase evaluation.
[2025-03-09 11:36:21,985][flwr][DEBUG] - evaluate_first_phase 3: strategy sampled 10 clients (out of 10)
[2025-03-09 11:36:27,525][flwr][DEBUG] - evaluate_first_phase of round 3 received 10 results and 0 failures
[2025-03-09 11:36:27,525][flwr][INFO] - Server 3: about to sample 9 clients
[2025-03-09 11:36:27,525][flwr][INFO] - Round 3: selected clients
            ['2', '5', '7', '9', '6', '3', '8', '0', '1'] for fit.
[2025-03-09 11:36:27,525][flwr][DEBUG] - fit_round 3: strategy sampled 9 clients (out of 10)
[2025-03-09 11:37:17,843][flwr][DEBUG] - fit_round 3 received 9 results and 0 failures
[2025-03-09 11:37:18,854][flwr][INFO] - fit progress: (3, 1.5803542137145996, {'accuracy': 0.42750000953674316}, 182.2684526660014)
[2025-03-09 11:37:18,854][flwr][DEBUG] - evaluate_round 3: strategy sampled 9 clients (out of 10)
[2025-03-09 11:37:20,466][flwr][DEBUG] - evaluate_round 3 received 9 results and 0 failures
[2025-03-09 11:37:23,251][flwr][INFO] - Server 4: selected clients
                ['8', '5', '0', '7', '2', '9', '1', '4', '3', '6'] for first phase evaluation.
[2025-03-09 11:37:23,251][flwr][DEBUG] - evaluate_first_phase 4: strategy sampled 10 clients (out of 10)
[2025-03-09 11:37:28,757][flwr][DEBUG] - evaluate_first_phase of round 4 received 10 results and 0 failures
[2025-03-09 11:37:28,757][flwr][INFO] - Server 4: about to sample 9 clients
[2025-03-09 11:37:28,757][flwr][INFO] - Round 4: selected clients
            ['0', '7', '3', '8', '9', '5', '6', '2', '1'] for fit.
[2025-03-09 11:37:28,757][flwr][DEBUG] - fit_round 4: strategy sampled 9 clients (out of 10)
[2025-03-09 11:38:19,126][flwr][DEBUG] - fit_round 4 received 9 results and 0 failures
[2025-03-09 11:38:20,142][flwr][INFO] - fit progress: (4, 1.5342602729797363, {'accuracy': 0.44359999895095825}, 243.55636879097437)
[2025-03-09 11:38:20,142][flwr][DEBUG] - evaluate_round 4: strategy sampled 9 clients (out of 10)
[2025-03-09 11:38:21,755][flwr][DEBUG] - evaluate_round 4 received 9 results and 0 failures
[2025-03-09 11:38:24,484][flwr][INFO] - Server 5: selected clients
                ['4', '8', '7', '6', '2', '5', '1', '9', '3', '0'] for first phase evaluation.
[2025-03-09 11:38:24,485][flwr][DEBUG] - evaluate_first_phase 5: strategy sampled 10 clients (out of 10)
[2025-03-09 11:38:30,048][flwr][DEBUG] - evaluate_first_phase of round 5 received 10 results and 0 failures
[2025-03-09 11:38:30,049][flwr][INFO] - Server 5: about to sample 9 clients
[2025-03-09 11:38:30,049][flwr][INFO] - Round 5: selected clients
            ['9', '3', '8', '7', '5', '1', '6', '2', '0'] for fit.
[2025-03-09 11:38:30,049][flwr][DEBUG] - fit_round 5: strategy sampled 9 clients (out of 10)
[2025-03-09 11:39:20,269][flwr][DEBUG] - fit_round 5 received 9 results and 0 failures
[2025-03-09 11:39:21,284][flwr][INFO] - fit progress: (5, 1.4023181200027466, {'accuracy': 0.49889999628067017}, 304.69850033300463)
[2025-03-09 11:39:21,284][flwr][DEBUG] - evaluate_round 5: strategy sampled 9 clients (out of 10)
[2025-03-09 11:39:22,912][flwr][DEBUG] - evaluate_round 5 received 9 results and 0 failures
[2025-03-09 11:39:25,708][flwr][INFO] - Server 6: selected clients
                ['3', '5', '9', '1', '4', '0', '6', '2', '7', '8'] for first phase evaluation.
[2025-03-09 11:39:25,708][flwr][DEBUG] - evaluate_first_phase 6: strategy sampled 10 clients (out of 10)
[2025-03-09 11:39:31,576][flwr][DEBUG] - evaluate_first_phase of round 6 received 10 results and 0 failures
[2025-03-09 11:39:31,576][flwr][INFO] - Server 6: about to sample 9 clients
[2025-03-09 11:39:31,576][flwr][INFO] - Round 6: selected clients
            ['1', '5', '0', '8', '7', '6', '9', '2', '3'] for fit.
[2025-03-09 11:39:31,576][flwr][DEBUG] - fit_round 6: strategy sampled 9 clients (out of 10)
[2025-03-09 11:40:21,937][flwr][DEBUG] - fit_round 6 received 9 results and 0 failures
[2025-03-09 11:40:22,954][flwr][INFO] - fit progress: (6, 1.467743992805481, {'accuracy': 0.47769999504089355}, 366.36877000000095)
[2025-03-09 11:40:22,954][flwr][DEBUG] - evaluate_round 6: strategy sampled 9 clients (out of 10)
[2025-03-09 11:40:24,530][flwr][DEBUG] - evaluate_round 6 received 9 results and 0 failures
[2025-03-09 11:40:27,297][flwr][INFO] - Server 7: selected clients
                ['4', '0', '7', '8', '5', '3', '1', '6', '2', '9'] for first phase evaluation.
[2025-03-09 11:40:27,297][flwr][DEBUG] - evaluate_first_phase 7: strategy sampled 10 clients (out of 10)
[2025-03-09 11:40:32,962][flwr][DEBUG] - evaluate_first_phase of round 7 received 10 results and 0 failures
[2025-03-09 11:40:32,962][flwr][INFO] - Server 7: about to sample 9 clients
[2025-03-09 11:40:32,962][flwr][INFO] - Round 7: selected clients
            ['2', '9', '8', '0', '5', '3', '6', '7', '1'] for fit.
[2025-03-09 11:40:32,962][flwr][DEBUG] - fit_round 7: strategy sampled 9 clients (out of 10)
[2025-03-09 11:41:23,679][flwr][DEBUG] - fit_round 7 received 9 results and 0 failures
[2025-03-09 11:41:24,718][flwr][INFO] - fit progress: (7, 1.3968125581741333, {'accuracy': 0.5037999749183655}, 428.1325820829952)
[2025-03-09 11:41:24,718][flwr][DEBUG] - evaluate_round 7: strategy sampled 9 clients (out of 10)
[2025-03-09 11:41:26,380][flwr][DEBUG] - evaluate_round 7 received 9 results and 0 failures
[2025-03-09 11:41:29,100][flwr][INFO] - Server 8: selected clients
                ['2', '0', '5', '9', '8', '6', '1', '3', '7', '4'] for first phase evaluation.
[2025-03-09 11:41:29,100][flwr][DEBUG] - evaluate_first_phase 8: strategy sampled 10 clients (out of 10)
[2025-03-09 11:41:34,897][flwr][DEBUG] - evaluate_first_phase of round 8 received 10 results and 0 failures
[2025-03-09 11:41:34,898][flwr][INFO] - Server 8: about to sample 9 clients
[2025-03-09 11:41:34,898][flwr][INFO] - Round 8: selected clients
            ['6', '7', '9', '5', '2', '1', '0', '3', '8'] for fit.
[2025-03-09 11:41:34,898][flwr][DEBUG] - fit_round 8: strategy sampled 9 clients (out of 10)
[2025-03-09 11:42:25,712][flwr][DEBUG] - fit_round 8 received 9 results and 0 failures
[2025-03-09 11:42:26,751][flwr][INFO] - fit progress: (8, 1.3803457021713257, {'accuracy': 0.4952000081539154}, 490.16530037496705)
[2025-03-09 11:42:26,751][flwr][DEBUG] - evaluate_round 8: strategy sampled 9 clients (out of 10)
[2025-03-09 11:42:28,408][flwr][DEBUG] - evaluate_round 8 received 9 results and 0 failures
[2025-03-09 11:42:31,168][flwr][INFO] - Server 9: selected clients
                ['5', '2', '1', '8', '4', '7', '9', '6', '3', '0'] for first phase evaluation.
[2025-03-09 11:42:31,168][flwr][DEBUG] - evaluate_first_phase 9: strategy sampled 10 clients (out of 10)
[2025-03-09 11:42:37,896][flwr][DEBUG] - evaluate_first_phase of round 9 received 10 results and 0 failures
[2025-03-09 11:42:37,897][flwr][INFO] - Server 9: about to sample 9 clients
[2025-03-09 11:42:37,897][flwr][INFO] - Round 9: selected clients
            ['8', '2', '3', '6', '1', '5', '7', '9', '0'] for fit.
[2025-03-09 11:42:37,898][flwr][DEBUG] - fit_round 9: strategy sampled 9 clients (out of 10)
[2025-03-09 11:43:28,837][flwr][DEBUG] - fit_round 9 received 9 results and 0 failures
[2025-03-09 11:43:29,861][flwr][INFO] - fit progress: (9, 1.2824585437774658, {'accuracy': 0.5353000164031982}, 553.3430140829878)
[2025-03-09 11:43:29,861][flwr][DEBUG] - evaluate_round 9: strategy sampled 9 clients (out of 10)
[2025-03-09 11:43:31,621][flwr][DEBUG] - evaluate_round 9 received 9 results and 0 failures
[2025-03-09 11:43:34,440][flwr][INFO] - Server 10: selected clients
                ['1', '3', '0', '9', '2', '7', '8', '6', '5', '4'] for first phase evaluation.
[2025-03-09 11:43:34,440][flwr][DEBUG] - evaluate_first_phase 10: strategy sampled 10 clients (out of 10)
[2025-03-09 11:43:40,172][flwr][DEBUG] - evaluate_first_phase of round 10 received 10 results and 0 failures
[2025-03-09 11:43:40,172][flwr][INFO] - Server 10: about to sample 9 clients
[2025-03-09 11:43:40,172][flwr][INFO] - Round 10: selected clients
            ['4', '5', '6', '8', '2', '7', '1', '3', '0'] for fit.
[2025-03-09 11:43:40,172][flwr][DEBUG] - fit_round 10: strategy sampled 9 clients (out of 10)
[2025-03-09 11:44:31,838][flwr][DEBUG] - fit_round 10 received 9 results and 0 failures
[2025-03-09 11:44:32,873][flwr][INFO] - fit progress: (10, 1.3166067600250244, {'accuracy': 0.5336999893188477}, 616.3563111659605)
[2025-03-09 11:44:32,873][flwr][DEBUG] - evaluate_round 10: strategy sampled 9 clients (out of 10)
[2025-03-09 11:44:34,607][flwr][DEBUG] - evaluate_round 10 received 9 results and 0 failures
[2025-03-09 11:44:37,312][flwr][INFO] - Server 11: selected clients
                ['2', '1', '4', '8', '0', '3', '6', '9', '5', '7'] for first phase evaluation.
[2025-03-09 11:44:37,312][flwr][DEBUG] - evaluate_first_phase 11: strategy sampled 10 clients (out of 10)
[2025-03-09 11:44:43,159][flwr][DEBUG] - evaluate_first_phase of round 11 received 10 results and 0 failures
[2025-03-09 11:44:43,159][flwr][INFO] - Server 11: about to sample 9 clients
[2025-03-09 11:44:43,159][flwr][INFO] - Round 11: selected clients
            ['0', '8', '9', '5', '2', '6', '7', '1', '3'] for fit.
[2025-03-09 11:44:43,159][flwr][DEBUG] - fit_round 11: strategy sampled 9 clients (out of 10)
[2025-03-09 11:45:34,325][flwr][DEBUG] - fit_round 11 received 9 results and 0 failures
[2025-03-09 11:45:35,373][flwr][INFO] - fit progress: (11, 1.266845703125, {'accuracy': 0.5356000065803528}, 678.8571232499671)
[2025-03-09 11:45:35,373][flwr][DEBUG] - evaluate_round 11: strategy sampled 9 clients (out of 10)
[2025-03-09 11:45:37,123][flwr][DEBUG] - evaluate_round 11 received 9 results and 0 failures
[2025-03-09 11:45:39,843][flwr][INFO] - Server 12: selected clients
                ['1', '7', '8', '6', '3', '4', '0', '9', '2', '5'] for first phase evaluation.
[2025-03-09 11:45:39,843][flwr][DEBUG] - evaluate_first_phase 12: strategy sampled 10 clients (out of 10)
[2025-03-09 11:45:46,576][flwr][DEBUG] - evaluate_first_phase of round 12 received 10 results and 0 failures
[2025-03-09 11:45:46,576][flwr][INFO] - Server 12: about to sample 9 clients
[2025-03-09 11:45:46,577][flwr][INFO] - Round 12: selected clients
            ['3', '0', '1', '2', '7', '6', '5', '8', '4'] for fit.
[2025-03-09 11:45:46,577][flwr][DEBUG] - fit_round 12: strategy sampled 9 clients (out of 10)
[2025-03-09 11:47:10,206][flwr][DEBUG] - fit_round 12 received 9 results and 0 failures
[2025-03-09 11:47:11,290][flwr][INFO] - fit progress: (12, 1.206428050994873, {'accuracy': 0.5669000148773193}, 774.7762822500081)
[2025-03-09 11:47:11,290][flwr][DEBUG] - evaluate_round 12: strategy sampled 9 clients (out of 10)
[2025-03-09 11:47:12,988][flwr][DEBUG] - evaluate_round 12 received 9 results and 0 failures
[2025-03-09 11:47:15,760][flwr][INFO] - Server 13: selected clients
                ['3', '5', '9', '6', '4', '1', '7', '0', '2', '8'] for first phase evaluation.
[2025-03-09 11:47:15,760][flwr][DEBUG] - evaluate_first_phase 13: strategy sampled 10 clients (out of 10)
[2025-03-09 11:47:21,648][flwr][DEBUG] - evaluate_first_phase of round 13 received 10 results and 0 failures
[2025-03-09 11:47:21,649][flwr][INFO] - Server 13: about to sample 9 clients
[2025-03-09 11:47:21,649][flwr][INFO] - Round 13: selected clients
            ['5', '9', '0', '6', '1', '3', '7', '8', '2'] for fit.
[2025-03-09 11:47:21,649][flwr][DEBUG] - fit_round 13: strategy sampled 9 clients (out of 10)
[2025-03-09 11:48:13,115][flwr][DEBUG] - fit_round 13 received 9 results and 0 failures
[2025-03-09 11:48:14,154][flwr][INFO] - fit progress: (13, 1.2001311779022217, {'accuracy': 0.5630999803543091}, 837.6406774159987)
[2025-03-09 11:48:14,154][flwr][DEBUG] - evaluate_round 13: strategy sampled 9 clients (out of 10)
[2025-03-09 11:48:15,812][flwr][DEBUG] - evaluate_round 13 received 9 results and 0 failures
[2025-03-09 11:48:18,581][flwr][INFO] - Server 14: selected clients
                ['8', '7', '0', '2', '6', '5', '9', '4', '3', '1'] for first phase evaluation.
[2025-03-09 11:48:18,581][flwr][DEBUG] - evaluate_first_phase 14: strategy sampled 10 clients (out of 10)
[2025-03-09 11:48:24,343][flwr][DEBUG] - evaluate_first_phase of round 14 received 10 results and 0 failures
[2025-03-09 11:48:24,343][flwr][INFO] - Server 14: about to sample 9 clients
[2025-03-09 11:48:24,343][flwr][INFO] - Round 14: selected clients
            ['1', '4', '7', '2', '0', '3', '5', '6', '8'] for fit.
[2025-03-09 11:48:24,344][flwr][DEBUG] - fit_round 14: strategy sampled 9 clients (out of 10)
[2025-03-09 11:49:16,128][flwr][DEBUG] - fit_round 14 received 9 results and 0 failures
[2025-03-09 11:49:17,182][flwr][INFO] - fit progress: (14, 1.1770628690719604, {'accuracy': 0.5720000267028809}, 900.6706655829912)
[2025-03-09 11:49:17,183][flwr][DEBUG] - evaluate_round 14: strategy sampled 9 clients (out of 10)
[2025-03-09 11:49:18,891][flwr][DEBUG] - evaluate_round 14 received 9 results and 0 failures
[2025-03-09 11:49:21,640][flwr][INFO] - Server 15: selected clients
                ['8', '9', '7', '5', '3', '4', '6', '2', '1', '0'] for first phase evaluation.
[2025-03-09 11:49:21,640][flwr][DEBUG] - evaluate_first_phase 15: strategy sampled 10 clients (out of 10)
[2025-03-09 11:49:27,472][flwr][DEBUG] - evaluate_first_phase of round 15 received 10 results and 0 failures
[2025-03-09 11:49:27,472][flwr][INFO] - Server 15: about to sample 9 clients
[2025-03-09 11:49:27,472][flwr][INFO] - Round 15: selected clients
            ['6', '3', '8', '0', '2', '9', '1', '7', '5'] for fit.
[2025-03-09 11:49:27,472][flwr][DEBUG] - fit_round 15: strategy sampled 9 clients (out of 10)
[2025-03-09 11:50:18,458][flwr][DEBUG] - fit_round 15 received 9 results and 0 failures
[2025-03-09 11:50:19,498][flwr][INFO] - fit progress: (15, 1.190040946006775, {'accuracy': 0.5631999969482422}, 962.9870682909968)
[2025-03-09 11:50:19,498][flwr][DEBUG] - evaluate_round 15: strategy sampled 9 clients (out of 10)
[2025-03-09 11:50:21,173][flwr][DEBUG] - evaluate_round 15 received 9 results and 0 failures
[2025-03-09 11:50:23,923][flwr][INFO] - Server 16: selected clients
                ['4', '5', '9', '7', '8', '1', '2', '3', '0', '6'] for first phase evaluation.
[2025-03-09 11:50:23,924][flwr][DEBUG] - evaluate_first_phase 16: strategy sampled 10 clients (out of 10)
[2025-03-09 11:50:30,474][flwr][DEBUG] - evaluate_first_phase of round 16 received 10 results and 0 failures
[2025-03-09 11:50:30,475][flwr][INFO] - Server 16: about to sample 9 clients
[2025-03-09 11:50:30,476][flwr][INFO] - Round 16: selected clients
            ['9', '2', '8', '3', '6', '5', '0', '7', '1'] for fit.
[2025-03-09 11:50:30,477][flwr][DEBUG] - fit_round 16: strategy sampled 9 clients (out of 10)
[2025-03-09 11:51:22,017][flwr][DEBUG] - fit_round 16 received 9 results and 0 failures
[2025-03-09 11:51:23,085][flwr][INFO] - fit progress: (16, 1.1998066902160645, {'accuracy': 0.5561000108718872}, 1026.5752158749965)
[2025-03-09 11:51:23,085][flwr][DEBUG] - evaluate_round 16: strategy sampled 9 clients (out of 10)
[2025-03-09 11:51:24,740][flwr][DEBUG] - evaluate_round 16 received 9 results and 0 failures
[2025-03-09 11:51:27,506][flwr][INFO] - Server 17: selected clients
                ['8', '9', '5', '3', '4', '0', '7', '6', '2', '1'] for first phase evaluation.
[2025-03-09 11:51:27,506][flwr][DEBUG] - evaluate_first_phase 17: strategy sampled 10 clients (out of 10)
[2025-03-09 11:51:34,193][flwr][DEBUG] - evaluate_first_phase of round 17 received 10 results and 0 failures
[2025-03-09 11:51:34,194][flwr][INFO] - Server 17: about to sample 9 clients
[2025-03-09 11:51:34,195][flwr][INFO] - Round 17: selected clients
            ['2', '6', '0', '7', '3', '8', '5', '1', '9'] for fit.
[2025-03-09 11:51:34,195][flwr][DEBUG] - fit_round 17: strategy sampled 9 clients (out of 10)
[2025-03-09 11:52:26,079][flwr][DEBUG] - fit_round 17 received 9 results and 0 failures
[2025-03-09 11:52:27,138][flwr][INFO] - fit progress: (17, 1.0772615671157837, {'accuracy': 0.6100999712944031}, 1090.6296514159767)
[2025-03-09 11:52:27,138][flwr][DEBUG] - evaluate_round 17: strategy sampled 9 clients (out of 10)
[2025-03-09 11:52:28,860][flwr][DEBUG] - evaluate_round 17 received 9 results and 0 failures
[2025-03-09 11:52:31,638][flwr][INFO] - Server 18: selected clients
                ['9', '4', '0', '5', '7', '3', '8', '1', '2', '6'] for first phase evaluation.
[2025-03-09 11:52:31,639][flwr][DEBUG] - evaluate_first_phase 18: strategy sampled 10 clients (out of 10)
[2025-03-09 11:52:37,601][flwr][DEBUG] - evaluate_first_phase of round 18 received 10 results and 0 failures
[2025-03-09 11:52:37,602][flwr][INFO] - Server 18: about to sample 9 clients
[2025-03-09 11:52:37,602][flwr][INFO] - Round 18: selected clients
            ['3', '0', '2', '5', '8', '9', '6', '1', '7'] for fit.
[2025-03-09 11:52:37,602][flwr][DEBUG] - fit_round 18: strategy sampled 9 clients (out of 10)
[2025-03-09 11:54:01,216][flwr][DEBUG] - fit_round 18 received 9 results and 0 failures
[2025-03-09 11:54:02,352][flwr][INFO] - fit progress: (18, 1.1187851428985596, {'accuracy': 0.5898000001907349}, 1185.8452307499829)
[2025-03-09 11:54:02,352][flwr][DEBUG] - evaluate_round 18: strategy sampled 9 clients (out of 10)
[2025-03-09 11:54:04,083][flwr][DEBUG] - evaluate_round 18 received 9 results and 0 failures
[2025-03-09 11:54:06,847][flwr][INFO] - Server 19: selected clients
                ['3', '1', '9', '7', '4', '2', '5', '8', '0', '6'] for first phase evaluation.
[2025-03-09 11:54:06,847][flwr][DEBUG] - evaluate_first_phase 19: strategy sampled 10 clients (out of 10)
[2025-03-09 11:54:13,008][flwr][DEBUG] - evaluate_first_phase of round 19 received 10 results and 0 failures
[2025-03-09 11:54:13,009][flwr][INFO] - Server 19: about to sample 9 clients
[2025-03-09 11:54:13,009][flwr][INFO] - Round 19: selected clients
            ['2', '7', '0', '6', '3', '5', '8', '1', '9'] for fit.
[2025-03-09 11:54:13,009][flwr][DEBUG] - fit_round 19: strategy sampled 9 clients (out of 10)
[2025-03-09 11:55:04,532][flwr][DEBUG] - fit_round 19 received 9 results and 0 failures
[2025-03-09 11:55:05,549][flwr][INFO] - fit progress: (19, 1.101090908050537, {'accuracy': 0.5947999954223633}, 1249.04279412498)
[2025-03-09 11:55:05,549][flwr][DEBUG] - evaluate_round 19: strategy sampled 9 clients (out of 10)
[2025-03-09 11:55:07,285][flwr][DEBUG] - evaluate_round 19 received 9 results and 0 failures
[2025-03-09 11:55:10,020][flwr][INFO] - Server 20: selected clients
                ['5', '1', '9', '0', '3', '4', '7', '6', '2', '8'] for first phase evaluation.
[2025-03-09 11:55:10,020][flwr][DEBUG] - evaluate_first_phase 20: strategy sampled 10 clients (out of 10)
[2025-03-09 11:55:15,820][flwr][DEBUG] - evaluate_first_phase of round 20 received 10 results and 0 failures
[2025-03-09 11:55:15,820][flwr][INFO] - Server 20: about to sample 9 clients
[2025-03-09 11:55:15,820][flwr][INFO] - Round 20: selected clients
            ['8', '2', '9', '6', '3', '7', '1', '0', '5'] for fit.
[2025-03-09 11:55:15,821][flwr][DEBUG] - fit_round 20: strategy sampled 9 clients (out of 10)
[2025-03-09 11:56:07,358][flwr][DEBUG] - fit_round 20 received 9 results and 0 failures
[2025-03-09 11:56:08,386][flwr][INFO] - fit progress: (20, 1.1843140125274658, {'accuracy': 0.5792999863624573}, 1311.880997249973)
[2025-03-09 11:56:08,386][flwr][DEBUG] - evaluate_round 20: strategy sampled 9 clients (out of 10)
[2025-03-09 11:56:10,066][flwr][DEBUG] - evaluate_round 20 received 9 results and 0 failures
[2025-03-09 11:56:10,066][flwr][INFO] - FL finished in 1313.5614398749894
[2025-03-09 11:56:10,067][flwr][INFO] - app_fit: losses_distributed [(1, 1.959910771460118), (2, 1.6900968459774774), (3, 1.611100224206516), (4, 1.5583876559802765), (5, 1.421595930158434), (6, 1.4876483801448055), (7, 1.4101140698060295), (8, 1.3926954261514524), (9, 1.2990543951261913), (10, 1.3148078580680056), (11, 1.2706339707700884), (12, 1.2048490697025942), (13, 1.19263608050399), (14, 1.1702760458512211), (15, 1.1815402797252663), (16, 1.1936606931370615), (17, 1.0708560734658314), (18, 1.1099000744472276), (19, 1.0862005114818514), (20, 1.172885684040735)]
[2025-03-09 11:56:10,067][flwr][INFO] - app_fit: metrics_distributed_fit {'variance_training_loss': [(1, 0.0007372313076628439), (2, 0.0011155027550845589), (3, 0.0010592407016701353), (4, 0.0008640680955357922), (5, 0.00085499767568381), (6, 0.001020506465725944), (7, 0.0010860638121212357), (8, 0.0008930966707197637), (9, 0.000981899466768395), (10, 0.0003278376580069955), (11, 0.0008907690333457038), (12, 0.0003264546480616805), (13, 0.0007176755994194474), (14, 0.0002606943383764499), (15, 0.0008027807170477013), (16, 0.0007397007924415295), (17, 0.000661475718160711), (18, 0.0011899731345172285), (19, 0.0006176993717370627), (20, 0.0006031903058346926)], 'average_training_loss': [(1, 1.844639605946011), (2, 1.7087491088443332), (3, 1.6341670486662123), (4, 1.5748209026124742), (5, 1.5153043932384915), (6, 1.4685153828726873), (7, 1.4345733722050984), (8, 1.4010266727871366), (9, 1.376763688193427), (10, 1.3587705029381647), (11, 1.327295223871867), (12, 1.3049742248323228), (13, 1.2842746840582953), (14, 1.2669421037038167), (15, 1.248861379093594), (16, 1.2340278228123982), (17, 1.2145640717612372), (18, 1.2080013089709811), (19, 1.1857883400387235), (20, 1.177691724565294)], 'estimated_times': [(1, [74.0615808786203, 102.70603542704204, 54.97094733106125, 92.33155707939284, 40.79830565795012, 52.912602377067174, 85.0437642633623, 33.37824957065221, 108.19667976357246]), (2, [74.0615808786203, 53.79939939845002, 92.33155707939284, 52.912602377067174, 102.70603542704204, 33.37824957065221, 54.97094733106125, 108.19667976357246, 85.0437642633623]), (3, [52.912602377067174, 85.0437642633623, 74.0615808786203, 40.79830565795012, 54.97094733106125, 33.37824957065221, 92.33155707939284, 53.79939939845002, 108.19667976357246]), (4, [74.0615808786203, 92.33155707939284, 85.0437642633623, 52.912602377067174, 33.37824957065221, 54.97094733106125, 108.19667976357246, 40.79830565795012, 53.79939939845002]), (5, [108.19667976357246, 40.79830565795012, 33.37824957065221, 74.0615808786203, 54.97094733106125, 52.912602377067174, 53.79939939845002, 92.33155707939284, 85.0437642633623]), (6, [74.0615808786203, 40.79830565795012, 85.0437642633623, 108.19667976357246, 52.912602377067174, 53.79939939845002, 54.97094733106125, 33.37824957065221, 92.33155707939284]), (7, [54.97094733106125, 53.79939939845002, 92.33155707939284, 33.37824957065221, 108.19667976357246, 74.0615808786203, 40.79830565795012, 85.0437642633623, 52.912602377067174]), (8, [52.912602377067174, 108.19667976357246, 33.37824957065221, 53.79939939845002, 92.33155707939284, 54.97094733106125, 40.79830565795012, 74.0615808786203, 85.0437642633623]), (9, [92.33155707939284, 52.912602377067174, 33.37824957065221, 40.79830565795012, 85.0437642633623, 74.0615808786203, 108.19667976357246, 53.79939939845002, 54.97094733106125]), (10, [54.97094733106125, 53.79939939845002, 108.19667976357246, 92.33155707939284, 74.0615808786203, 85.0437642633623, 40.79830565795012, 52.912602377067174, 102.70603542704204]), (11, [54.97094733106125, 74.0615808786203, 92.33155707939284, 40.79830565795012, 85.0437642633623, 33.37824957065221, 53.79939939845002, 52.912602377067174, 108.19667976357246]), (12, [52.912602377067174, 92.33155707939284, 102.70603542704204, 85.0437642633623, 108.19667976357246, 74.0615808786203, 54.97094733106125, 40.79830565795012, 53.79939939845002]), (13, [85.0437642633623, 74.0615808786203, 54.97094733106125, 40.79830565795012, 33.37824957065221, 108.19667976357246, 53.79939939845002, 52.912602377067174, 92.33155707939284]), (14, [54.97094733106125, 102.70603542704204, 52.912602377067174, 92.33155707939284, 53.79939939845002, 74.0615808786203, 108.19667976357246, 40.79830565795012, 85.0437642633623]), (15, [33.37824957065221, 53.79939939845002, 92.33155707939284, 85.0437642633623, 40.79830565795012, 108.19667976357246, 54.97094733106125, 74.0615808786203, 52.912602377067174]), (16, [108.19667976357246, 40.79830565795012, 85.0437642633623, 54.97094733106125, 33.37824957065221, 92.33155707939284, 53.79939939845002, 52.912602377067174, 74.0615808786203]), (17, [108.19667976357246, 40.79830565795012, 33.37824957065221, 53.79939939845002, 92.33155707939284, 52.912602377067174, 85.0437642633623, 74.0615808786203, 54.97094733106125]), (18, [40.79830565795012, 33.37824957065221, 54.97094733106125, 92.33155707939284, 52.912602377067174, 53.79939939845002, 74.0615808786203, 108.19667976357246, 85.0437642633623]), (19, [54.97094733106125, 92.33155707939284, 52.912602377067174, 85.0437642633623, 40.79830565795012, 108.19667976357246, 53.79939939845002, 74.0615808786203, 33.37824957065221]), (20, [40.79830565795012, 74.0615808786203, 33.37824957065221, 54.97094733106125, 92.33155707939284, 53.79939939845002, 52.912602377067174, 108.19667976357246, 85.0437642633623])]}
[2025-03-09 11:56:10,068][flwr][INFO] - app_fit: metrics_distributed {}
[2025-03-09 11:56:10,068][flwr][INFO] - app_fit: losses_centralized [(0, 2.303752899169922), (1, 1.9402751922607422), (2, 1.664514422416687), (3, 1.5803542137145996), (4, 1.5342602729797363), (5, 1.4023181200027466), (6, 1.467743992805481), (7, 1.3968125581741333), (8, 1.3803457021713257), (9, 1.2824585437774658), (10, 1.3166067600250244), (11, 1.266845703125), (12, 1.206428050994873), (13, 1.2001311779022217), (14, 1.1770628690719604), (15, 1.190040946006775), (16, 1.1998066902160645), (17, 1.0772615671157837), (18, 1.1187851428985596), (19, 1.101090908050537), (20, 1.1843140125274658)]
[2025-03-09 11:56:10,068][flwr][INFO] - app_fit: metrics_centralized {'accuracy': [(0, 0.10000000149011612), (1, 0.27079999446868896), (2, 0.39590001106262207), (3, 0.42750000953674316), (4, 0.44359999895095825), (5, 0.49889999628067017), (6, 0.47769999504089355), (7, 0.5037999749183655), (8, 0.4952000081539154), (9, 0.5353000164031982), (10, 0.5336999893188477), (11, 0.5356000065803528), (12, 0.5669000148773193), (13, 0.5630999803543091), (14, 0.5720000267028809), (15, 0.5631999969482422), (16, 0.5561000108718872), (17, 0.6100999712944031), (18, 0.5898000001907349), (19, 0.5947999954223633), (20, 0.5792999863624573)]}
