[2025-03-25 01:02:25,086][tensorflow][WARNING] - From /Users/livialestingi/PycharmProjects/NodeSelection/power_of_choice/power_of_choice/dataset.py:38: load (from tensorflow.python.data.experimental.ops.io) is deprecated and will be removed in a future version.
Instructions for updating:
Use `tf.data.Dataset.load(...)` instead.
[2025-03-25 01:02:25,185][flwr][INFO] - Using FedAvg strategy
[2025-03-25 01:02:25,185][flwr][INFO] - Starting Flower simulation, config: ServerConfig(num_rounds=20, round_timeout=None)
[2025-03-25 01:02:26,323][flwr][INFO] - Flower VCE: Ray initialized with resources: {'node:__internal_head__': 1.0, 'memory': 15452481127.0, 'node:127.0.0.1': 1.0, 'CPU': 8.0, 'object_store_memory': 2147483648.0}
[2025-03-25 01:02:26,323][flwr][INFO] - Flower VCE: Resources for each Virtual Client: {'num_cpus': 0.5, 'num_gpus': 0}
[2025-03-25 01:02:26,329][flwr][INFO] - Flower VCE: Creating VirtualClientEngineActorPool with 16 actors
[2025-03-25 01:02:26,329][flwr][INFO] - Initializing global parameters
[2025-03-25 01:02:26,329][flwr][INFO] - Requesting initial parameters from one random client
[2025-03-25 01:02:31,793][flwr][INFO] - Received initial parameters from one random client
[2025-03-25 01:02:31,793][flwr][INFO] - Evaluating initial parameters
[2025-03-25 01:02:32,926][flwr][INFO] - initial parameters (loss, other metrics): 2.3035624027252197, {'accuracy': 0.0989999994635582}
[2025-03-25 01:02:32,926][flwr][INFO] - FL starting
[2025-03-25 01:02:32,926][flwr][DEBUG] - fit_round 1: strategy sampled 9 clients (out of 10)
[2025-03-25 01:05:48,354][flwr][DEBUG] - fit_round 1 received 9 results and 0 failures
[2025-03-25 01:05:49,394][flwr][INFO] - fit progress: (1, 2.313520669937134, {'accuracy': 0.20239999890327454}, 196.4690529579966)
[2025-03-25 01:05:49,394][flwr][DEBUG] - evaluate_round 1: strategy sampled 9 clients (out of 10)
[2025-03-25 01:05:51,259][flwr][DEBUG] - evaluate_round 1 received 9 results and 0 failures
[2025-03-25 01:05:51,259][flwr][WARNING] - No evaluate_metrics_aggregation_fn provided
[2025-03-25 01:05:51,260][flwr][DEBUG] - fit_round 2: strategy sampled 9 clients (out of 10)
[2025-03-25 01:09:21,517][flwr][DEBUG] - fit_round 2 received 9 results and 0 failures
[2025-03-25 01:09:22,556][flwr][INFO] - fit progress: (2, 1.650222659111023, {'accuracy': 0.35370001196861267}, 409.6335860830004)
[2025-03-25 01:09:22,556][flwr][DEBUG] - evaluate_round 2: strategy sampled 9 clients (out of 10)
[2025-03-25 01:09:24,669][flwr][DEBUG] - evaluate_round 2 received 9 results and 0 failures
[2025-03-25 01:09:24,669][flwr][DEBUG] - fit_round 3: strategy sampled 9 clients (out of 10)
[2025-03-25 01:12:46,434][flwr][DEBUG] - fit_round 3 received 9 results and 0 failures
[2025-03-25 01:12:47,487][flwr][INFO] - fit progress: (3, 1.4204026460647583, {'accuracy': 0.4618000090122223}, 614.5659945829975)
[2025-03-25 01:12:47,487][flwr][DEBUG] - evaluate_round 3: strategy sampled 9 clients (out of 10)
[2025-03-25 01:12:49,378][flwr][DEBUG] - evaluate_round 3 received 9 results and 0 failures
[2025-03-25 01:12:49,378][flwr][DEBUG] - fit_round 4: strategy sampled 9 clients (out of 10)
[2025-03-25 01:16:17,019][flwr][DEBUG] - fit_round 4 received 9 results and 0 failures
[2025-03-25 01:16:18,057][flwr][INFO] - fit progress: (4, 1.324892520904541, {'accuracy': 0.4925999939441681}, 825.1376672500046)
[2025-03-25 01:16:18,057][flwr][DEBUG] - evaluate_round 4: strategy sampled 9 clients (out of 10)
[2025-03-25 01:16:20,021][flwr][DEBUG] - evaluate_round 4 received 9 results and 0 failures
[2025-03-25 01:16:20,021][flwr][DEBUG] - fit_round 5: strategy sampled 9 clients (out of 10)
[2025-03-25 01:19:40,777][flwr][DEBUG] - fit_round 5 received 9 results and 0 failures
[2025-03-25 01:19:41,842][flwr][INFO] - fit progress: (5, 1.3464446067810059, {'accuracy': 0.4959999918937683}, 1028.9246655000024)
[2025-03-25 01:19:41,842][flwr][DEBUG] - evaluate_round 5: strategy sampled 9 clients (out of 10)
[2025-03-25 01:19:43,723][flwr][DEBUG] - evaluate_round 5 received 9 results and 0 failures
[2025-03-25 01:19:43,723][flwr][DEBUG] - fit_round 6: strategy sampled 9 clients (out of 10)
[2025-03-25 01:23:01,278][flwr][DEBUG] - fit_round 6 received 9 results and 0 failures
[2025-03-25 01:23:02,328][flwr][INFO] - fit progress: (6, 1.2327351570129395, {'accuracy': 0.5418000221252441}, 1229.279051999998)
[2025-03-25 01:23:02,328][flwr][DEBUG] - evaluate_round 6: strategy sampled 9 clients (out of 10)
[2025-03-25 01:23:04,293][flwr][DEBUG] - evaluate_round 6 received 9 results and 0 failures
[2025-03-25 01:23:04,293][flwr][DEBUG] - fit_round 7: strategy sampled 9 clients (out of 10)
[2025-03-25 01:26:35,694][flwr][DEBUG] - fit_round 7 received 9 results and 0 failures
[2025-03-25 01:26:36,729][flwr][INFO] - fit progress: (7, 1.137532114982605, {'accuracy': 0.5716999769210815}, 1443.677596333)
[2025-03-25 01:26:36,730][flwr][DEBUG] - evaluate_round 7: strategy sampled 9 clients (out of 10)
[2025-03-25 01:26:38,801][flwr][DEBUG] - evaluate_round 7 received 9 results and 0 failures
[2025-03-25 01:26:38,801][flwr][DEBUG] - fit_round 8: strategy sampled 9 clients (out of 10)
[2025-03-25 01:30:12,121][flwr][DEBUG] - fit_round 8 received 9 results and 0 failures
[2025-03-25 01:30:13,194][flwr][INFO] - fit progress: (8, 1.0811541080474854, {'accuracy': 0.5914000272750854}, 1660.1389263750025)
[2025-03-25 01:30:13,194][flwr][DEBUG] - evaluate_round 8: strategy sampled 9 clients (out of 10)
[2025-03-25 01:30:14,929][flwr][DEBUG] - evaluate_round 8 received 9 results and 0 failures
[2025-03-25 01:30:14,929][flwr][DEBUG] - fit_round 9: strategy sampled 9 clients (out of 10)
[2025-03-25 01:33:47,668][flwr][DEBUG] - fit_round 9 received 9 results and 0 failures
[2025-03-25 01:33:48,758][flwr][INFO] - fit progress: (9, 1.0847792625427246, {'accuracy': 0.5939000248908997}, 1875.7007064579957)
[2025-03-25 01:33:48,759][flwr][DEBUG] - evaluate_round 9: strategy sampled 9 clients (out of 10)
[2025-03-25 01:33:50,635][flwr][DEBUG] - evaluate_round 9 received 9 results and 0 failures
[2025-03-25 01:33:50,636][flwr][DEBUG] - fit_round 10: strategy sampled 9 clients (out of 10)
[2025-03-25 01:37:21,077][flwr][DEBUG] - fit_round 10 received 9 results and 0 failures
[2025-03-25 01:37:22,133][flwr][INFO] - fit progress: (10, 1.037704348564148, {'accuracy': 0.6172000169754028}, 2089.0721234169905)
[2025-03-25 01:37:22,133][flwr][DEBUG] - evaluate_round 10: strategy sampled 9 clients (out of 10)
[2025-03-25 01:37:24,017][flwr][DEBUG] - evaluate_round 10 received 9 results and 0 failures
[2025-03-25 01:37:24,018][flwr][DEBUG] - fit_round 11: strategy sampled 9 clients (out of 10)
[2025-03-25 01:39:17,701][flwr][DEBUG] - fit_round 11 received 9 results and 0 failures
[2025-03-25 01:39:18,765][flwr][INFO] - fit progress: (11, 1.3875664472579956, {'accuracy': 0.5712000131607056}, 2205.703139457997)
[2025-03-25 01:39:18,766][flwr][DEBUG] - evaluate_round 11: strategy sampled 9 clients (out of 10)
[2025-03-25 01:39:20,644][flwr][DEBUG] - evaluate_round 11 received 9 results and 0 failures
[2025-03-25 01:39:20,645][flwr][DEBUG] - fit_round 12: strategy sampled 9 clients (out of 10)
[2025-03-25 01:42:47,253][flwr][DEBUG] - fit_round 12 received 9 results and 0 failures
[2025-03-25 01:42:48,347][flwr][INFO] - fit progress: (12, 1.035520076751709, {'accuracy': 0.6133000254631042}, 2415.3531867499987)
[2025-03-25 01:42:48,347][flwr][DEBUG] - evaluate_round 12: strategy sampled 9 clients (out of 10)
[2025-03-25 01:42:50,306][flwr][DEBUG] - evaluate_round 12 received 9 results and 0 failures
[2025-03-25 01:42:50,306][flwr][DEBUG] - fit_round 13: strategy sampled 9 clients (out of 10)
[2025-03-25 01:46:12,038][flwr][DEBUG] - fit_round 13 received 9 results and 0 failures
[2025-03-25 01:46:13,080][flwr][INFO] - fit progress: (13, 0.99916672706604, {'accuracy': 0.6402000188827515}, 2620.0862349579984)
[2025-03-25 01:46:13,080][flwr][DEBUG] - evaluate_round 13: strategy sampled 9 clients (out of 10)
[2025-03-25 01:46:15,164][flwr][DEBUG] - evaluate_round 13 received 9 results and 0 failures
[2025-03-25 01:46:15,165][flwr][DEBUG] - fit_round 14: strategy sampled 9 clients (out of 10)
[2025-03-25 01:49:47,605][flwr][DEBUG] - fit_round 14 received 9 results and 0 failures
[2025-03-25 01:49:48,658][flwr][INFO] - fit progress: (14, 0.9975230693817139, {'accuracy': 0.6334999799728394}, 2835.6650224579935)
[2025-03-25 01:49:48,659][flwr][DEBUG] - evaluate_round 14: strategy sampled 9 clients (out of 10)
[2025-03-25 01:49:50,155][flwr][DEBUG] - evaluate_round 14 received 9 results and 0 failures
[2025-03-25 01:49:50,155][flwr][DEBUG] - fit_round 15: strategy sampled 9 clients (out of 10)
[2025-03-25 01:53:08,522][flwr][DEBUG] - fit_round 15 received 9 results and 0 failures
[2025-03-25 01:53:09,620][flwr][INFO] - fit progress: (15, 0.9363170862197876, {'accuracy': 0.6570000052452087}, 3036.6267715830036)
[2025-03-25 01:53:09,620][flwr][DEBUG] - evaluate_round 15: strategy sampled 9 clients (out of 10)
[2025-03-25 01:53:11,656][flwr][DEBUG] - evaluate_round 15 received 9 results and 0 failures
[2025-03-25 01:53:11,657][flwr][DEBUG] - fit_round 16: strategy sampled 9 clients (out of 10)
[2025-03-25 01:56:46,594][flwr][DEBUG] - fit_round 16 received 9 results and 0 failures
[2025-03-25 01:56:47,592][flwr][INFO] - fit progress: (16, 1.0312608480453491, {'accuracy': 0.6295999884605408}, 3254.575547542001)
[2025-03-25 01:56:47,592][flwr][DEBUG] - evaluate_round 16: strategy sampled 9 clients (out of 10)
[2025-03-25 01:56:49,430][flwr][DEBUG] - evaluate_round 16 received 9 results and 0 failures
[2025-03-25 01:56:49,431][flwr][DEBUG] - fit_round 17: strategy sampled 9 clients (out of 10)
[2025-03-25 02:00:07,664][flwr][DEBUG] - fit_round 17 received 9 results and 0 failures
[2025-03-25 02:00:08,706][flwr][INFO] - fit progress: (17, 1.0648294687271118, {'accuracy': 0.6180999875068665}, 3455.6882062499935)
[2025-03-25 02:00:08,706][flwr][DEBUG] - evaluate_round 17: strategy sampled 9 clients (out of 10)
[2025-03-25 02:00:10,614][flwr][DEBUG] - evaluate_round 17 received 9 results and 0 failures
[2025-03-25 02:00:10,615][flwr][DEBUG] - fit_round 18: strategy sampled 9 clients (out of 10)
[2025-03-25 02:03:33,909][flwr][DEBUG] - fit_round 18 received 9 results and 0 failures
[2025-03-25 02:03:34,965][flwr][INFO] - fit progress: (18, 0.897803783416748, {'accuracy': 0.6700999736785889}, 3661.9458027079963)
[2025-03-25 02:03:34,965][flwr][DEBUG] - evaluate_round 18: strategy sampled 9 clients (out of 10)
[2025-03-25 02:03:37,029][flwr][DEBUG] - evaluate_round 18 received 9 results and 0 failures
[2025-03-25 02:03:37,029][flwr][DEBUG] - fit_round 19: strategy sampled 9 clients (out of 10)
[2025-03-25 02:07:18,142][flwr][DEBUG] - fit_round 19 received 9 results and 0 failures
[2025-03-25 02:07:19,200][flwr][INFO] - fit progress: (19, 0.9100114107131958, {'accuracy': 0.6692000031471252}, 3886.1799565419933)
[2025-03-25 02:07:19,200][flwr][DEBUG] - evaluate_round 19: strategy sampled 9 clients (out of 10)
[2025-03-25 02:07:21,267][flwr][DEBUG] - evaluate_round 19 received 9 results and 0 failures
[2025-03-25 02:07:21,267][flwr][DEBUG] - fit_round 20: strategy sampled 9 clients (out of 10)
[2025-03-25 02:10:59,007][flwr][DEBUG] - fit_round 20 received 9 results and 0 failures
[2025-03-25 02:11:00,075][flwr][INFO] - fit progress: (20, 0.8844826221466064, {'accuracy': 0.6837000250816345}, 4107.0535282079945)
[2025-03-25 02:11:00,075][flwr][DEBUG] - evaluate_round 20: strategy sampled 9 clients (out of 10)
[2025-03-25 02:11:02,144][flwr][DEBUG] - evaluate_round 20 received 9 results and 0 failures
[2025-03-25 02:11:02,144][flwr][INFO] - FL finished in 4109.12281008299
[2025-03-25 02:11:02,144][flwr][INFO] - app_fit: losses_distributed [(1, 2.1696509260824675), (2, 1.579472492397142), (3, 1.3205652915189112), (4, 1.2324097884864342), (5, 1.288088671447669), (6, 1.215191613875143), (7, 1.052375898523048), (8, 1.0075432806736828), (9, 1.0508492716828044), (10, 0.983683019213164), (11, 1.30810009072072), (12, 0.9377307550691075), (13, 0.9267464485897692), (14, 0.873318919337311), (15, 0.8787452846765518), (16, 0.8830731177485881), (17, 0.9692583639931096), (18, 0.8292666642484302), (19, 0.8464671392225006), (20, 0.8106426507533194)]
[2025-03-25 02:11:02,144][flwr][INFO] - app_fit: metrics_distributed_fit {'variance_training_loss': [(1, 0.18798758256827475), (2, 0.07590689251163864), (3, 0.06340098071965826), (4, 0.05353022949721385), (5, 0.048019425358967555), (6, 0.041428936221056374), (7, 0.040201630769440444), (8, 0.009932074451932659), (9, 0.03727803096508013), (10, 0.03503923490743499), (11, 0.03405088593944664), (12, 0.033046925167707845), (13, 0.027747012220043808), (14, 0.007554995764095994), (15, 0.02743034907036024), (16, 0.02527657322815698), (17, 0.025144442515224505), (18, 0.027467025263197983), (19, 0.02535759744268626), (20, 0.006209329497978947)], 'average_training_loss': [(1, 0.9895984491126405), (2, 0.7606445112162166), (3, 0.6848882279462285), (4, 0.6291988314025931), (5, 0.5882559861573908), (6, 0.5573915586703353), (7, 0.5550894534422292), (8, 0.5820701089170244), (9, 0.5191752469787995), (10, 0.5103959855106142), (11, 0.4867306463420391), (12, 0.4631433304813173), (13, 0.44632552729712593), (14, 0.5107606020238664), (15, 0.46932737570669913), (16, 0.4417647607624531), (17, 0.43049383494589066), (18, 0.4154229536652565), (19, 0.42834948748350143), (20, 0.46486777398321366)], 'estimated_times': [(1, [212.59873689984448, 8.752728126003056, 57.52685560182685, 6.996608892701402, 226.2249897451357, 423.4979498841641, 710.5217340721599, 206.34573129258794, 4.540232937201062]), (2, [237.62224566923402, 423.4979498841641, 4.540232937201062, 57.52685560182685, 206.34573129258794, 226.2249897451357, 212.59873689984448, 710.5217340721599, 8.752728126003056]), (3, [226.2249897451357, 212.59873689984448, 206.34573129258794, 710.5217340721599, 8.752728126003056, 57.52685560182685, 4.540232937201062, 423.4979498841641, 6.996608892701402]), (4, [237.62224566923402, 6.996608892701402, 710.5217340721599, 57.52685560182685, 423.4979498841641, 4.540232937201062, 206.34573129258794, 8.752728126003056, 212.59873689984448]), (5, [4.540232937201062, 57.52685560182685, 237.62224566923402, 8.752728126003056, 226.2249897451357, 212.59873689984448, 710.5217340721599, 423.4979498841641, 6.996608892701402]), (6, [8.752728126003056, 237.62224566923402, 4.540232937201062, 206.34573129258794, 57.52685560182685, 710.5217340721599, 6.996608892701402, 212.59873689984448, 226.2249897451357]), (7, [8.752728126003056, 212.59873689984448, 226.2249897451357, 423.4979498841641, 6.996608892701402, 710.5217340721599, 4.540232937201062, 206.34573129258794, 237.62224566923402]), (8, [6.996608892701402, 237.62224566923402, 57.52685560182685, 206.34573129258794, 226.2249897451357, 212.59873689984448, 423.4979498841641, 710.5217340721599, 8.752728126003056]), (9, [237.62224566923402, 226.2249897451357, 423.4979498841641, 206.34573129258794, 4.540232937201062, 57.52685560182685, 6.996608892701402, 212.59873689984448, 710.5217340721599]), (10, [57.52685560182685, 423.4979498841641, 237.62224566923402, 212.59873689984448, 206.34573129258794, 4.540232937201062, 710.5217340721599, 226.2249897451357, 6.996608892701402]), (11, [237.62224566923402, 212.59873689984448, 8.752728126003056, 57.52685560182685, 4.540232937201062, 6.996608892701402, 226.2249897451357, 206.34573129258794, 423.4979498841641]), (12, [237.62224566923402, 8.752728126003056, 423.4979498841641, 4.540232937201062, 6.996608892701402, 212.59873689984448, 710.5217340721599, 206.34573129258794, 226.2249897451357]), (13, [226.2249897451357, 8.752728126003056, 6.996608892701402, 4.540232937201062, 212.59873689984448, 710.5217340721599, 206.34573129258794, 237.62224566923402, 57.52685560182685]), (14, [8.752728126003056, 6.996608892701402, 206.34573129258794, 57.52685560182685, 710.5217340721599, 423.4979498841641, 226.2249897451357, 212.59873689984448, 237.62224566923402]), (15, [8.752728126003056, 226.2249897451357, 237.62224566923402, 4.540232937201062, 6.996608892701402, 57.52685560182685, 423.4979498841641, 206.34573129258794, 710.5217340721599]), (16, [423.4979498841641, 710.5217340721599, 8.752728126003056, 226.2249897451357, 212.59873689984448, 57.52685560182685, 206.34573129258794, 4.540232937201062, 6.996608892701402]), (17, [710.5217340721599, 8.752728126003056, 237.62224566923402, 4.540232937201062, 6.996608892701402, 423.4979498841641, 206.34573129258794, 212.59873689984448, 57.52685560182685]), (18, [212.59873689984448, 57.52685560182685, 423.4979498841641, 6.996608892701402, 206.34573129258794, 4.540232937201062, 710.5217340721599, 8.752728126003056, 226.2249897451357]), (19, [4.540232937201062, 8.752728126003056, 57.52685560182685, 212.59873689984448, 206.34573129258794, 710.5217340721599, 237.62224566923402, 226.2249897451357, 423.4979498841641]), (20, [206.34573129258794, 8.752728126003056, 212.59873689984448, 237.62224566923402, 423.4979498841641, 710.5217340721599, 6.996608892701402, 57.52685560182685, 226.2249897451357])]}
[2025-03-25 02:11:02,146][flwr][INFO] - app_fit: metrics_distributed {}
[2025-03-25 02:11:02,146][flwr][INFO] - app_fit: losses_centralized [(0, 2.3035624027252197), (1, 2.313520669937134), (2, 1.650222659111023), (3, 1.4204026460647583), (4, 1.324892520904541), (5, 1.3464446067810059), (6, 1.2327351570129395), (7, 1.137532114982605), (8, 1.0811541080474854), (9, 1.0847792625427246), (10, 1.037704348564148), (11, 1.3875664472579956), (12, 1.035520076751709), (13, 0.99916672706604), (14, 0.9975230693817139), (15, 0.9363170862197876), (16, 1.0312608480453491), (17, 1.0648294687271118), (18, 0.897803783416748), (19, 0.9100114107131958), (20, 0.8844826221466064)]
[2025-03-25 02:11:02,146][flwr][INFO] - app_fit: metrics_centralized {'accuracy': [(0, 0.0989999994635582), (1, 0.20239999890327454), (2, 0.35370001196861267), (3, 0.4618000090122223), (4, 0.4925999939441681), (5, 0.4959999918937683), (6, 0.5418000221252441), (7, 0.5716999769210815), (8, 0.5914000272750854), (9, 0.5939000248908997), (10, 0.6172000169754028), (11, 0.5712000131607056), (12, 0.6133000254631042), (13, 0.6402000188827515), (14, 0.6334999799728394), (15, 0.6570000052452087), (16, 0.6295999884605408), (17, 0.6180999875068665), (18, 0.6700999736785889), (19, 0.6692000031471252), (20, 0.6837000250816345)]}
